-- Install configuration: ""
-- Execute custom install script
-- Up-to-date symlink: /home/ronnakon/FRA333-KINEMATICS/fra333_lab2_23_1/install/romeona_kinematics/share/romeona_kinematics/environment/pythonpath.sh
-- Up-to-date symlink: /home/ronnakon/FRA333-KINEMATICS/fra333_lab2_23_1/install/romeona_kinematics/share/romeona_kinematics/environment/pythonpath.dsv
-- Up-to-date symlink: /home/ronnakon/FRA333-KINEMATICS/fra333_lab2_23_1/install/romeona_kinematics/lib/python3.8/site-packages/romeona_kinematics/__init__.py
-- Up-to-date symlink: /home/ronnakon/FRA333-KINEMATICS/fra333_lab2_23_1/install/romeona_kinematics/lib/python3.8/site-packages/romeona_kinematics/forward_kinematics.py
-- Up-to-date symlink: /home/ronnakon/FRA333-KINEMATICS/fra333_lab2_23_1/install/romeona_kinematics/lib/python3.8/site-packages/romeona_kinematics/inverse_kinematics.py
-- Up-to-date symlink: /home/ronnakon/FRA333-KINEMATICS/fra333_lab2_23_1/install/romeona_kinematics/lib/romeona_kinematics/kinematics_server.py
-- Up-to-date symlink: /home/ronnakon/FRA333-KINEMATICS/fra333_lab2_23_1/install/romeona_kinematics/share/romeona_kinematics/launch/display_with_kinematics_server.launch.py
-- Up-to-date symlink: /home/ronnakon/FRA333-KINEMATICS/fra333_lab2_23_1/install/romeona_kinematics/share/romeona_kinematics/scripts/kinematics_server.py
-- Up-to-date symlink: /home/ronnakon/FRA333-KINEMATICS/fra333_lab2_23_1/install/romeona_kinematics/share/romeona_kinematics/romeona_kinematics/__init__.py
-- Up-to-date symlink: /home/ronnakon/FRA333-KINEMATICS/fra333_lab2_23_1/install/romeona_kinematics/share/romeona_kinematics/romeona_kinematics/forward_kinematics.py
-- Up-to-date symlink: /home/ronnakon/FRA333-KINEMATICS/fra333_lab2_23_1/install/romeona_kinematics/share/romeona_kinematics/romeona_kinematics/inverse_kinematics.py
-- Up-to-date symlink: /home/ronnakon/FRA333-KINEMATICS/fra333_lab2_23_1/install/romeona_kinematics/share/ament_index/resource_index/package_run_dependencies/romeona_kinematics
-- Up-to-date symlink: /home/ronnakon/FRA333-KINEMATICS/fra333_lab2_23_1/install/romeona_kinematics/share/ament_index/resource_index/parent_prefix_path/romeona_kinematics
-- Up-to-date symlink: /home/ronnakon/FRA333-KINEMATICS/fra333_lab2_23_1/install/romeona_kinematics/share/romeona_kinematics/environment/ament_prefix_path.sh
-- Up-to-date symlink: /home/ronnakon/FRA333-KINEMATICS/fra333_lab2_23_1/install/romeona_kinematics/share/romeona_kinematics/environment/ament_prefix_path.dsv
-- Up-to-date symlink: /home/ronnakon/FRA333-KINEMATICS/fra333_lab2_23_1/install/romeona_kinematics/share/romeona_kinematics/environment/path.sh
-- Up-to-date symlink: /home/ronnakon/FRA333-KINEMATICS/fra333_lab2_23_1/install/romeona_kinematics/share/romeona_kinematics/environment/path.dsv
-- Up-to-date symlink: /home/ronnakon/FRA333-KINEMATICS/fra333_lab2_23_1/install/romeona_kinematics/share/romeona_kinematics/local_setup.bash
-- Up-to-date symlink: /home/ronnakon/FRA333-KINEMATICS/fra333_lab2_23_1/install/romeona_kinematics/share/romeona_kinematics/local_setup.sh
-- Up-to-date symlink: /home/ronnakon/FRA333-KINEMATICS/fra333_lab2_23_1/install/romeona_kinematics/share/romeona_kinematics/local_setup.zsh
-- Up-to-date symlink: /home/ronnakon/FRA333-KINEMATICS/fra333_lab2_23_1/install/romeona_kinematics/share/romeona_kinematics/local_setup.dsv
-- Symlinking: /home/ronnakon/FRA333-KINEMATICS/fra333_lab2_23_1/install/romeona_kinematics/share/romeona_kinematics/package.dsv
-- Up-to-date symlink: /home/ronnakon/FRA333-KINEMATICS/fra333_lab2_23_1/install/romeona_kinematics/share/ament_index/resource_index/packages/romeona_kinematics
-- Up-to-date symlink: /home/ronnakon/FRA333-KINEMATICS/fra333_lab2_23_1/install/romeona_kinematics/share/romeona_kinematics/cmake/romeona_kinematicsConfig.cmake
-- Up-to-date symlink: /home/ronnakon/FRA333-KINEMATICS/fra333_lab2_23_1/install/romeona_kinematics/share/romeona_kinematics/cmake/romeona_kinematicsConfig-version.cmake
-- Up-to-date symlink: /home/ronnakon/FRA333-KINEMATICS/fra333_lab2_23_1/install/romeona_kinematics/share/romeona_kinematics/package.xml
Listing '/home/ronnakon/FRA333-KINEMATICS/fra333_lab2_23_1/install/romeona_kinematics/lib/python3.8/site-packages/romeona_kinematics'...
