[0.033s] Invoking command in '/home/ronnakon/FRA333-KINEMATICS/fra333_lab1_23/fra333_ws/build/fra333_lab1_23': CMAKE_PREFIX_PATH=${CMAKE_PREFIX_PATH}:/opt/ros/foxy /usr/bin/cmake --build /home/ronnakon/FRA333-KINEMATICS/fra333_lab1_23/fra333_ws/build/fra333_lab1_23 -- -j4 -l4
[0.121s] [100%] Built target cpp_node_test
[0.144s] Invoked command in '/home/ronnakon/FRA333-KINEMATICS/fra333_lab1_23/fra333_ws/build/fra333_lab1_23' returned '0': CMAKE_PREFIX_PATH=${CMAKE_PREFIX_PATH}:/opt/ros/foxy /usr/bin/cmake --build /home/ronnakon/FRA333-KINEMATICS/fra333_lab1_23/fra333_ws/build/fra333_lab1_23 -- -j4 -l4
[0.207s] Invoking command in '/home/ronnakon/FRA333-KINEMATICS/fra333_lab1_23/fra333_ws/build/fra333_lab1_23': CMAKE_PREFIX_PATH=${CMAKE_PREFIX_PATH}:/opt/ros/foxy /usr/bin/cmake --install /home/ronnakon/FRA333-KINEMATICS/fra333_lab1_23/fra333_ws/build/fra333_lab1_23
[0.220s] -- Install configuration: ""
[0.221s] -- Execute custom install script
[0.221s] -- Up-to-date symlink: /home/ronnakon/FRA333-KINEMATICS/fra333_lab1_23/fra333_ws/install/fra333_lab1_23/share/fra333_lab1_23/environment/pythonpath.sh
[0.222s] -- Up-to-date symlink: /home/ronnakon/FRA333-KINEMATICS/fra333_lab1_23/fra333_ws/install/fra333_lab1_23/share/fra333_lab1_23/environment/pythonpath.dsv
[0.225s] -- Up-to-date symlink: /home/ronnakon/FRA333-KINEMATICS/fra333_lab1_23/fra333_ws/install/fra333_lab1_23/lib/python3.8/site-packages/fra333_lab1_23/__init__.py
[0.225s] -- Up-to-date symlink: /home/ronnakon/FRA333-KINEMATICS/fra333_lab1_23/fra333_ws/install/fra333_lab1_23/lib/python3.8/site-packages/fra333_lab1_23/dummy_module.py
[0.225s] -- Up-to-date symlink: /home/ronnakon/FRA333-KINEMATICS/fra333_lab1_23/fra333_ws/install/fra333_lab1_23/lib/fra333_lab1_23/dummy_script.py
[0.225s] -- Up-to-date symlink: /home/ronnakon/FRA333-KINEMATICS/fra333_lab1_23/fra333_ws/install/fra333_lab1_23/lib/fra333_lab1_23/noise_generator.py
[0.225s] -- Up-to-date symlink: /home/ronnakon/FRA333-KINEMATICS/fra333_lab1_23/fra333_ws/install/fra333_lab1_23/lib/fra333_lab1_23/velocity_mux.py
[0.226s] -- Up-to-date symlink: /home/ronnakon/FRA333-KINEMATICS/fra333_lab1_23/fra333_ws/install/fra333_lab1_23/lib/fra333_lab1_23/cpp_node_test
[0.226s] -- Up-to-date symlink: /home/ronnakon/FRA333-KINEMATICS/fra333_lab1_23/fra333_ws/install/fra333_lab1_23/share/fra333_lab1_23/launch/random_walk.launch.py
[0.226s] -- Up-to-date symlink: /home/ronnakon/FRA333-KINEMATICS/fra333_lab1_23/fra333_ws/install/fra333_lab1_23/share/ament_index/resource_index/package_run_dependencies/fra333_lab1_23
[0.228s] -- Up-to-date symlink: /home/ronnakon/FRA333-KINEMATICS/fra333_lab1_23/fra333_ws/install/fra333_lab1_23/share/ament_index/resource_index/parent_prefix_path/fra333_lab1_23
[0.228s] -- Up-to-date symlink: /home/ronnakon/FRA333-KINEMATICS/fra333_lab1_23/fra333_ws/install/fra333_lab1_23/share/fra333_lab1_23/environment/ament_prefix_path.sh
[0.229s] -- Up-to-date symlink: /home/ronnakon/FRA333-KINEMATICS/fra333_lab1_23/fra333_ws/install/fra333_lab1_23/share/fra333_lab1_23/environment/ament_prefix_path.dsv
[0.229s] -- Up-to-date symlink: /home/ronnakon/FRA333-KINEMATICS/fra333_lab1_23/fra333_ws/install/fra333_lab1_23/share/fra333_lab1_23/environment/path.sh
[0.229s] -- Up-to-date symlink: /home/ronnakon/FRA333-KINEMATICS/fra333_lab1_23/fra333_ws/install/fra333_lab1_23/share/fra333_lab1_23/environment/path.dsv
[0.229s] -- Up-to-date symlink: /home/ronnakon/FRA333-KINEMATICS/fra333_lab1_23/fra333_ws/install/fra333_lab1_23/share/fra333_lab1_23/local_setup.bash
[0.229s] -- Up-to-date symlink: /home/ronnakon/FRA333-KINEMATICS/fra333_lab1_23/fra333_ws/install/fra333_lab1_23/share/fra333_lab1_23/local_setup.sh
[0.230s] -- Up-to-date symlink: /home/ronnakon/FRA333-KINEMATICS/fra333_lab1_23/fra333_ws/install/fra333_lab1_23/share/fra333_lab1_23/local_setup.zsh
[0.230s] -- Up-to-date symlink: /home/ronnakon/FRA333-KINEMATICS/fra333_lab1_23/fra333_ws/install/fra333_lab1_23/share/fra333_lab1_23/local_setup.dsv
[0.231s] -- Symlinking: /home/ronnakon/FRA333-KINEMATICS/fra333_lab1_23/fra333_ws/install/fra333_lab1_23/share/fra333_lab1_23/package.dsv
[0.252s] -- Up-to-date symlink: /home/ronnakon/FRA333-KINEMATICS/fra333_lab1_23/fra333_ws/install/fra333_lab1_23/share/ament_index/resource_index/packages/fra333_lab1_23
[0.253s] -- Up-to-date symlink: /home/ronnakon/FRA333-KINEMATICS/fra333_lab1_23/fra333_ws/install/fra333_lab1_23/share/fra333_lab1_23/cmake/fra333_lab1_23Config.cmake
[0.254s] -- Up-to-date symlink: /home/ronnakon/FRA333-KINEMATICS/fra333_lab1_23/fra333_ws/install/fra333_lab1_23/share/fra333_lab1_23/cmake/fra333_lab1_23Config-version.cmake
[0.255s] -- Up-to-date symlink: /home/ronnakon/FRA333-KINEMATICS/fra333_lab1_23/fra333_ws/install/fra333_lab1_23/share/fra333_lab1_23/package.xml
[0.307s] Listing '/home/ronnakon/FRA333-KINEMATICS/fra333_lab1_23/fra333_ws/install/fra333_lab1_23/lib/python3.8/site-packages/fra333_lab1_23'...
[0.333s] Invoked command in '/home/ronnakon/FRA333-KINEMATICS/fra333_lab1_23/fra333_ws/build/fra333_lab1_23' returned '0': CMAKE_PREFIX_PATH=${CMAKE_PREFIX_PATH}:/opt/ros/foxy /usr/bin/cmake --install /home/ronnakon/FRA333-KINEMATICS/fra333_lab1_23/fra333_ws/build/fra333_lab1_23
