[0.018s] Invoking command in '/home/ronnakon/FRA333-KINEMATICS/ROS_Directory/fra333_ws/build/my_first_package': CMAKE_PREFIX_PATH=/opt/ros/foxy /usr/bin/cmake /home/ronnakon/FRA333-KINEMATICS/ROS_Directory/fra333_ws/src/my_first_package -DAMENT_CMAKE_SYMLINK_INSTALL=1 -DCMAKE_INSTALL_PREFIX=/home/ronnakon/FRA333-KINEMATICS/ROS_Directory/fra333_ws/install/my_first_package
[0.237s] -- The C compiler identification is GNU 9.4.0
[0.385s] -- The CXX compiler identification is GNU 9.4.0
[0.392s] -- Check for working C compiler: /usr/bin/cc
[0.485s] -- Check for working C compiler: /usr/bin/cc -- works
[0.487s] -- Detecting C compiler ABI info
[0.570s] -- Detecting C compiler ABI info - done
[0.594s] -- Detecting C compile features
[0.594s] -- Detecting C compile features - done
[0.597s] -- Check for working CXX compiler: /usr/bin/c++
[0.697s] -- Check for working CXX compiler: /usr/bin/c++ -- works
[0.698s] -- Detecting CXX compiler ABI info
[0.803s] -- Detecting CXX compiler ABI info - done
[0.822s] -- Detecting CXX compile features
[0.822s] -- Detecting CXX compile features - done
[0.826s] -- Found rosidl_default_generators: 1.0.1 (/opt/ros/foxy/share/rosidl_default_generators/cmake)
[0.828s] -- Found ament_cmake_core: 0.9.9 (/opt/ros/foxy/share/ament_cmake_core/cmake)
[0.857s] -- Found PythonInterp: /usr/bin/python3 (found suitable version "3.8.10", minimum required is "3") 
[0.857s] -- Using PYTHON_EXECUTABLE: /usr/bin/python3
[1.081s] -- Override CMake install command with custom implementation using symlinks instead of copying resources
[1.091s] -- Using all available rosidl_typesupport_c: rosidl_typesupport_fastrtps_c;rosidl_typesupport_introspection_c
[1.105s] -- Found rosidl_adapter: 1.2.1 (/opt/ros/foxy/share/rosidl_adapter/cmake)
[1.322s] -- Found OpenSSL: /usr/lib/x86_64-linux-gnu/libcrypto.so (found version "1.1.1f")  
[1.354s] -- Found FastRTPS: /opt/ros/foxy/include  
[1.458s] -- Using all available rosidl_typesupport_cpp: rosidl_typesupport_fastrtps_cpp;rosidl_typesupport_introspection_cpp
[1.493s] -- Found geometry_msgs: 2.0.5 (/opt/ros/foxy/share/geometry_msgs/cmake)
[1.590s] -- Found rclcpp: 2.4.1 (/opt/ros/foxy/share/rclcpp/cmake)
[1.664s] -- Found rmw_implementation_cmake: 1.0.3 (/opt/ros/foxy/share/rmw_implementation_cmake/cmake)
[1.666s] -- Using RMW implementation 'rmw_fastrtps_cpp' as default
[1.668s] -- Looking for pthread.h
[1.786s] -- Looking for pthread.h - found
[1.786s] -- Performing Test CMAKE_HAVE_LIBC_PTHREAD
[1.883s] -- Performing Test CMAKE_HAVE_LIBC_PTHREAD - Failed
[1.883s] -- Looking for pthread_create in pthreads
[1.961s] -- Looking for pthread_create in pthreads - not found
[1.962s] -- Looking for pthread_create in pthread
[2.054s] -- Looking for pthread_create in pthread - found
[2.055s] -- Found Threads: TRUE  
[2.241s] -- Found rclpy: 1.0.8 (/opt/ros/foxy/share/rclpy/cmake)
[2.316s] -- Found PythonInterp: /usr/bin/python3 (found version "3.8.10") 
[2.552s] -- Found ament_cmake_ros: 0.9.2 (/opt/ros/foxy/share/ament_cmake_ros/cmake)
[2.841s] -- Using all available rosidl_typesupport_c: rosidl_typesupport_fastrtps_c;rosidl_typesupport_introspection_c
[2.973s] -- Using all available rosidl_typesupport_cpp: rosidl_typesupport_fastrtps_cpp;rosidl_typesupport_introspection_cpp
[3.007s] -- Found PythonInterp: /usr/bin/python3 (found suitable version "3.8.10", minimum required is "3.5") 
[3.011s] -- Found python_cmake_module: 0.8.1 (/opt/ros/foxy/share/python_cmake_module/cmake)
[3.054s] -- Found PythonLibs: /usr/lib/x86_64-linux-gnu/libpython3.8.so (found suitable version "3.8.10", minimum required is "3.5") 
[3.054s] -- Using PYTHON_EXECUTABLE: /usr/bin/python3
[3.055s] -- Using PYTHON_INCLUDE_DIRS: /usr/include/python3.8
[3.055s] -- Using PYTHON_LIBRARIES: /usr/lib/x86_64-linux-gnu/libpython3.8.so
[3.082s] -- Found PythonExtra: .so  
[3.174s] -- Configuring done
[3.259s] -- Generating done
[3.263s] -- Build files have been written to: /home/ronnakon/FRA333-KINEMATICS/ROS_Directory/fra333_ws/build/my_first_package
[3.276s] Invoked command in '/home/ronnakon/FRA333-KINEMATICS/ROS_Directory/fra333_ws/build/my_first_package' returned '0': CMAKE_PREFIX_PATH=/opt/ros/foxy /usr/bin/cmake /home/ronnakon/FRA333-KINEMATICS/ROS_Directory/fra333_ws/src/my_first_package -DAMENT_CMAKE_SYMLINK_INSTALL=1 -DCMAKE_INSTALL_PREFIX=/home/ronnakon/FRA333-KINEMATICS/ROS_Directory/fra333_ws/install/my_first_package
[3.282s] Invoking command in '/home/ronnakon/FRA333-KINEMATICS/ROS_Directory/fra333_ws/build/my_first_package': CMAKE_PREFIX_PATH=/opt/ros/foxy /usr/bin/cmake --build /home/ronnakon/FRA333-KINEMATICS/ROS_Directory/fra333_ws/build/my_first_package -- -j4 -l4
[3.339s] [  2%] [34m[1mGenerating C code for ROS interfaces[0m
[3.339s] [35m[1mScanning dependencies of target cpp_node_test[0m
[3.343s] [35m[1mScanning dependencies of target my_first_package__cpp[0m
[3.354s] [  4%] [32mBuilding CXX object CMakeFiles/cpp_node_test.dir/src/cpp_node.cpp.o[0m
[3.360s] [  7%] [34m[1mGenerating C++ code for ROS interfaces[0m
[3.788s] [  9%] [32m[1mLinking CXX executable cpp_node_test[0m
[3.887s] [35m[1mScanning dependencies of target my_first_package__rosidl_generator_c[0m
[3.916s] [ 12%] [32mBuilding C object CMakeFiles/my_first_package__rosidl_generator_c.dir/rosidl_generator_c/my_first_package/srv/detail/rand_goal__functions.c.o[0m
[3.928s] [ 14%] [32mBuilding C object CMakeFiles/my_first_package__rosidl_generator_c.dir/rosidl_generator_c/my_first_package/srv/detail/set_goal__functions.c.o[0m
[3.940s] [ 14%] Built target my_first_package__cpp
[3.962s] [ 17%] [34m[1mGenerating C++ introspection for ROS interfaces[0m
[4.023s] [ 21%] [34m[1mGenerating C++ type support for eProsima Fast-RTPS[0m
[4.023s] [ 21%] [32m[1mLinking C shared library libmy_first_package__rosidl_generator_c.so[0m
[4.083s] [ 21%] Built target cpp_node_test
[4.108s] [ 24%] [34m[1mGenerating C++ type support dispatch for ROS interfaces[0m
[4.115s] [ 24%] Built target my_first_package__rosidl_generator_c
[4.140s] [ 26%] [34m[1mGenerating C type support dispatch for ROS interfaces[0m
[4.609s] [35m[1mScanning dependencies of target my_first_package__rosidl_typesupport_introspection_cpp[0m
[4.650s] [ 29%] [32mBuilding CXX object CMakeFiles/my_first_package__rosidl_typesupport_introspection_cpp.dir/rosidl_typesupport_introspection_cpp/my_first_package/srv/detail/rand_goal__type_support.cpp.o[0m
[4.663s] [35m[1mScanning dependencies of target my_first_package__rosidl_typesupport_c[0m
[4.663s] [35m[1mScanning dependencies of target my_first_package__rosidl_typesupport_cpp[0m
[4.683s] [ 31%] [32mBuilding CXX object CMakeFiles/my_first_package__rosidl_typesupport_c.dir/rosidl_typesupport_c/my_first_package/srv/rand_goal__type_support.cpp.o[0m
[4.684s] [ 34%] [32mBuilding CXX object CMakeFiles/my_first_package__rosidl_typesupport_cpp.dir/rosidl_typesupport_cpp/my_first_package/srv/rand_goal__type_support.cpp.o[0m
[4.700s] [35m[1mScanning dependencies of target my_first_package__rosidl_typesupport_fastrtps_cpp[0m
[4.730s] [ 36%] [32mBuilding CXX object CMakeFiles/my_first_package__rosidl_typesupport_c.dir/rosidl_typesupport_c/my_first_package/srv/set_goal__type_support.cpp.o[0m
[4.740s] [ 39%] [32mBuilding CXX object CMakeFiles/my_first_package__rosidl_typesupport_fastrtps_cpp.dir/rosidl_typesupport_fastrtps_cpp/my_first_package/srv/detail/dds_fastrtps/rand_goal__type_support.cpp.o[0m
[4.787s] [ 41%] [32m[1mLinking CXX shared library libmy_first_package__rosidl_typesupport_c.so[0m
[4.855s] [ 41%] Built target my_first_package__rosidl_typesupport_c
[4.878s] [ 43%] [32mBuilding CXX object CMakeFiles/my_first_package__rosidl_typesupport_fastrtps_cpp.dir/rosidl_typesupport_fastrtps_cpp/my_first_package/srv/detail/dds_fastrtps/set_goal__type_support.cpp.o[0m
[5.181s] [ 46%] [32mBuilding CXX object CMakeFiles/my_first_package__rosidl_typesupport_introspection_cpp.dir/rosidl_typesupport_introspection_cpp/my_first_package/srv/detail/set_goal__type_support.cpp.o[0m
[5.211s] [ 48%] [32mBuilding CXX object CMakeFiles/my_first_package__rosidl_typesupport_cpp.dir/rosidl_typesupport_cpp/my_first_package/srv/set_goal__type_support.cpp.o[0m
[5.564s] [ 51%] [34m[1mGenerating C introspection for ROS interfaces[0m
[5.686s] [ 53%] [32m[1mLinking CXX shared library libmy_first_package__rosidl_typesupport_fastrtps_cpp.so[0m
[5.722s] [ 56%] [32m[1mLinking CXX shared library libmy_first_package__rosidl_typesupport_introspection_cpp.so[0m
[5.744s] [ 58%] [32m[1mLinking CXX shared library libmy_first_package__rosidl_typesupport_cpp.so[0m
[5.829s] [ 58%] Built target my_first_package__rosidl_typesupport_cpp
[5.872s] [ 58%] Built target my_first_package__rosidl_typesupport_introspection_cpp
[5.893s] [ 58%] Built target my_first_package__rosidl_typesupport_fastrtps_cpp
[5.906s] [ 60%] [34m[1mGenerating C type support for eProsima Fast-RTPS[0m
[6.034s] [35m[1mScanning dependencies of target my_first_package__rosidl_typesupport_introspection_c[0m
[6.056s] [ 65%] [32mBuilding C object CMakeFiles/my_first_package__rosidl_typesupport_introspection_c.dir/rosidl_typesupport_introspection_c/my_first_package/srv/detail/rand_goal__type_support.c.o[0m
[6.056s] [ 65%] [32mBuilding C object CMakeFiles/my_first_package__rosidl_typesupport_introspection_c.dir/rosidl_typesupport_introspection_c/my_first_package/srv/detail/set_goal__type_support.c.o[0m
[6.111s] [ 68%] [32m[1mLinking C shared library libmy_first_package__rosidl_typesupport_introspection_c.so[0m
[6.152s] [ 68%] Built target my_first_package__rosidl_typesupport_introspection_c
[6.285s] [35m[1mScanning dependencies of target my_first_package__rosidl_typesupport_fastrtps_c[0m
[6.324s] [ 70%] [32mBuilding CXX object CMakeFiles/my_first_package__rosidl_typesupport_fastrtps_c.dir/rosidl_typesupport_fastrtps_c/my_first_package/srv/detail/rand_goal__type_support_c.cpp.o[0m
[6.330s] [ 73%] [32mBuilding CXX object CMakeFiles/my_first_package__rosidl_typesupport_fastrtps_c.dir/rosidl_typesupport_fastrtps_c/my_first_package/srv/detail/set_goal__type_support_c.cpp.o[0m
[6.846s] [ 75%] [32m[1mLinking CXX shared library libmy_first_package__rosidl_typesupport_fastrtps_c.so[0m
[6.981s] [ 75%] Built target my_first_package__rosidl_typesupport_fastrtps_c
[6.998s] [35m[1mScanning dependencies of target my_first_package[0m
[7.015s] [ 75%] Built target my_first_package
[7.032s] [35m[1mScanning dependencies of target my_first_package__py[0m
[7.044s] [ 78%] [34m[1mGenerating Python code for ROS interfaces[0m
[7.836s] [ 78%] Built target my_first_package__py
[7.853s] [35m[1mScanning dependencies of target my_first_package__python[0m
[7.900s] [ 80%] [32mBuilding C object CMakeFiles/my_first_package__python.dir/rosidl_generator_py/my_first_package/srv/_rand_goal_s.c.o[0m
[7.904s] [ 82%] [32mBuilding C object CMakeFiles/my_first_package__python.dir/rosidl_generator_py/my_first_package/srv/_set_goal_s.c.o[0m
[8.045s] [ 85%] [32m[1mLinking C shared library rosidl_generator_py/my_first_package/libmy_first_package__python.so[0m
[8.112s] [ 85%] Built target my_first_package__python
[8.126s] [35m[1mScanning dependencies of target my_first_package__rosidl_typesupport_c__pyext[0m
[8.129s] [35m[1mScanning dependencies of target my_first_package__rosidl_typesupport_introspection_c__pyext[0m
[8.131s] [35m[1mScanning dependencies of target my_first_package__rosidl_typesupport_fastrtps_c__pyext[0m
[8.155s] [ 87%] [32mBuilding C object CMakeFiles/my_first_package__rosidl_typesupport_c__pyext.dir/rosidl_generator_py/my_first_package/_my_first_package_s.ep.rosidl_typesupport_c.c.o[0m
[8.162s] [ 92%] [32mBuilding C object CMakeFiles/my_first_package__rosidl_typesupport_introspection_c__pyext.dir/rosidl_generator_py/my_first_package/_my_first_package_s.ep.rosidl_typesupport_introspection_c.c.o[0m
[8.162s] [ 92%] [32mBuilding C object CMakeFiles/my_first_package__rosidl_typesupport_fastrtps_c__pyext.dir/rosidl_generator_py/my_first_package/_my_first_package_s.ep.rosidl_typesupport_fastrtps_c.c.o[0m
[8.275s] [ 95%] [32m[1mLinking C shared library rosidl_generator_py/my_first_package/my_first_package_s__rosidl_typesupport_c.cpython-38-x86_64-linux-gnu.so[0m
[8.332s] [100%] [32m[1mLinking C shared library rosidl_generator_py/my_first_package/my_first_package_s__rosidl_typesupport_introspection_c.cpython-38-x86_64-linux-gnu.so[0m
[8.333s] [100%] [32m[1mLinking CXX shared library rosidl_generator_py/my_first_package/my_first_package_s__rosidl_typesupport_fastrtps_c.cpython-38-x86_64-linux-gnu.so[0m
[8.333s] [100%] Built target my_first_package__rosidl_typesupport_c__pyext
[8.394s] [100%] Built target my_first_package__rosidl_typesupport_introspection_c__pyext
[8.417s] [100%] Built target my_first_package__rosidl_typesupport_fastrtps_c__pyext
[8.436s] Invoked command in '/home/ronnakon/FRA333-KINEMATICS/ROS_Directory/fra333_ws/build/my_first_package' returned '0': CMAKE_PREFIX_PATH=/opt/ros/foxy /usr/bin/cmake --build /home/ronnakon/FRA333-KINEMATICS/ROS_Directory/fra333_ws/build/my_first_package -- -j4 -l4
[8.539s] Invoking command in '/home/ronnakon/FRA333-KINEMATICS/ROS_Directory/fra333_ws/build/my_first_package': CMAKE_PREFIX_PATH=/opt/ros/foxy /usr/bin/cmake --install /home/ronnakon/FRA333-KINEMATICS/ROS_Directory/fra333_ws/build/my_first_package
[8.552s] -- Install configuration: ""
[8.552s] -- Execute custom install script
[8.565s] -- Symlinking: /home/ronnakon/FRA333-KINEMATICS/ROS_Directory/fra333_ws/install/my_first_package/share/my_first_package/environment/pythonpath.sh
[8.581s] -- Symlinking: /home/ronnakon/FRA333-KINEMATICS/ROS_Directory/fra333_ws/install/my_first_package/share/my_first_package/environment/pythonpath.dsv
[8.593s] -- Symlinking: /home/ronnakon/FRA333-KINEMATICS/ROS_Directory/fra333_ws/install/my_first_package/lib/python3.8/site-packages/my_first_package/__init__.py
[8.609s] -- Symlinking: /home/ronnakon/FRA333-KINEMATICS/ROS_Directory/fra333_ws/install/my_first_package/lib/my_first_package/01_pub.py
[8.619s] -- Symlinking: /home/ronnakon/FRA333-KINEMATICS/ROS_Directory/fra333_ws/install/my_first_package/lib/my_first_package/01_sub.py
[8.628s] -- Symlinking: /home/ronnakon/FRA333-KINEMATICS/ROS_Directory/fra333_ws/install/my_first_package/lib/my_first_package/02_controller.py
[8.643s] -- Symlinking: /home/ronnakon/FRA333-KINEMATICS/ROS_Directory/fra333_ws/install/my_first_package/lib/my_first_package/02_scheduler.py
[8.653s] -- Symlinking: /home/ronnakon/FRA333-KINEMATICS/ROS_Directory/fra333_ws/install/my_first_package/lib/my_first_package/03_turtle_tf2_broadcaster.py
[8.666s] -- Symlinking: /home/ronnakon/FRA333-KINEMATICS/ROS_Directory/fra333_ws/install/my_first_package/lib/my_first_package/04_state_pub.py
[8.681s] -- Symlinking: /home/ronnakon/FRA333-KINEMATICS/ROS_Directory/fra333_ws/install/my_first_package/lib/my_first_package/cpp_node_test
[8.696s] -- Symlinking: /home/ronnakon/FRA333-KINEMATICS/ROS_Directory/fra333_ws/install/my_first_package/share/ament_index/resource_index/rosidl_interfaces/my_first_package
[8.707s] -- Symlinking: /home/ronnakon/FRA333-KINEMATICS/ROS_Directory/fra333_ws/install/my_first_package/include/my_first_package/msg/rosidl_generator_c__visibility_control.h
[8.717s] -- Symlinking: /home/ronnakon/FRA333-KINEMATICS/ROS_Directory/fra333_ws/install/my_first_package/include/my_first_package/srv/detail/rand_goal__functions.h
[8.727s] -- Symlinking: /home/ronnakon/FRA333-KINEMATICS/ROS_Directory/fra333_ws/install/my_first_package/include/my_first_package/srv/detail/rand_goal__struct.h
[8.736s] -- Symlinking: /home/ronnakon/FRA333-KINEMATICS/ROS_Directory/fra333_ws/install/my_first_package/include/my_first_package/srv/detail/rand_goal__type_support.h
[8.746s] -- Symlinking: /home/ronnakon/FRA333-KINEMATICS/ROS_Directory/fra333_ws/install/my_first_package/include/my_first_package/srv/detail/set_goal__functions.h
[8.770s] -- Symlinking: /home/ronnakon/FRA333-KINEMATICS/ROS_Directory/fra333_ws/install/my_first_package/include/my_first_package/srv/detail/set_goal__struct.h
[8.786s] -- Symlinking: /home/ronnakon/FRA333-KINEMATICS/ROS_Directory/fra333_ws/install/my_first_package/include/my_first_package/srv/detail/set_goal__type_support.h
[8.800s] -- Symlinking: /home/ronnakon/FRA333-KINEMATICS/ROS_Directory/fra333_ws/install/my_first_package/include/my_first_package/srv/rand_goal.h
[8.810s] -- Symlinking: /home/ronnakon/FRA333-KINEMATICS/ROS_Directory/fra333_ws/install/my_first_package/include/my_first_package/srv/set_goal.h
[8.820s] -- Symlinking: /home/ronnakon/FRA333-KINEMATICS/ROS_Directory/fra333_ws/install/my_first_package/share/my_first_package/environment/library_path.sh
[8.829s] -- Symlinking: /home/ronnakon/FRA333-KINEMATICS/ROS_Directory/fra333_ws/install/my_first_package/share/my_first_package/environment/library_path.dsv
[8.840s] -- Symlinking: /home/ronnakon/FRA333-KINEMATICS/ROS_Directory/fra333_ws/install/my_first_package/include/my_first_package/msg/rosidl_typesupport_fastrtps_c__visibility_control.h
[8.850s] -- Symlinking: /home/ronnakon/FRA333-KINEMATICS/ROS_Directory/fra333_ws/install/my_first_package/include/my_first_package/srv/detail/rand_goal__rosidl_typesupport_fastrtps_c.h
[8.861s] -- Symlinking: /home/ronnakon/FRA333-KINEMATICS/ROS_Directory/fra333_ws/install/my_first_package/include/my_first_package/srv/detail/set_goal__rosidl_typesupport_fastrtps_c.h
[8.872s] -- Symlinking: /home/ronnakon/FRA333-KINEMATICS/ROS_Directory/fra333_ws/install/my_first_package/lib/libmy_first_package__rosidl_typesupport_fastrtps_c.so
[8.883s] -- Symlinking: /home/ronnakon/FRA333-KINEMATICS/ROS_Directory/fra333_ws/install/my_first_package/include/my_first_package/msg/rosidl_typesupport_fastrtps_cpp__visibility_control.h
[8.893s] -- Symlinking: /home/ronnakon/FRA333-KINEMATICS/ROS_Directory/fra333_ws/install/my_first_package/include/my_first_package/srv/detail/rand_goal__rosidl_typesupport_fastrtps_cpp.hpp
[8.906s] -- Symlinking: /home/ronnakon/FRA333-KINEMATICS/ROS_Directory/fra333_ws/install/my_first_package/include/my_first_package/srv/detail/set_goal__rosidl_typesupport_fastrtps_cpp.hpp
[8.917s] -- Symlinking: /home/ronnakon/FRA333-KINEMATICS/ROS_Directory/fra333_ws/install/my_first_package/lib/libmy_first_package__rosidl_typesupport_fastrtps_cpp.so
[8.929s] -- Symlinking: /home/ronnakon/FRA333-KINEMATICS/ROS_Directory/fra333_ws/install/my_first_package/include/my_first_package/msg/rosidl_typesupport_introspection_c__visibility_control.h
[8.941s] -- Symlinking: /home/ronnakon/FRA333-KINEMATICS/ROS_Directory/fra333_ws/install/my_first_package/include/my_first_package/srv/detail/rand_goal__rosidl_typesupport_introspection_c.h
[8.953s] -- Symlinking: /home/ronnakon/FRA333-KINEMATICS/ROS_Directory/fra333_ws/install/my_first_package/include/my_first_package/srv/detail/set_goal__rosidl_typesupport_introspection_c.h
[8.965s] -- Symlinking: /home/ronnakon/FRA333-KINEMATICS/ROS_Directory/fra333_ws/install/my_first_package/include/my_first_package/srv/detail/rand_goal__builder.hpp
[8.976s] -- Symlinking: /home/ronnakon/FRA333-KINEMATICS/ROS_Directory/fra333_ws/install/my_first_package/include/my_first_package/srv/detail/rand_goal__struct.hpp
[8.986s] -- Symlinking: /home/ronnakon/FRA333-KINEMATICS/ROS_Directory/fra333_ws/install/my_first_package/include/my_first_package/srv/detail/rand_goal__traits.hpp
[8.997s] -- Symlinking: /home/ronnakon/FRA333-KINEMATICS/ROS_Directory/fra333_ws/install/my_first_package/include/my_first_package/srv/detail/set_goal__builder.hpp
[9.008s] -- Symlinking: /home/ronnakon/FRA333-KINEMATICS/ROS_Directory/fra333_ws/install/my_first_package/include/my_first_package/srv/detail/set_goal__struct.hpp
[9.019s] -- Symlinking: /home/ronnakon/FRA333-KINEMATICS/ROS_Directory/fra333_ws/install/my_first_package/include/my_first_package/srv/detail/set_goal__traits.hpp
[9.030s] -- Symlinking: /home/ronnakon/FRA333-KINEMATICS/ROS_Directory/fra333_ws/install/my_first_package/include/my_first_package/srv/rand_goal.hpp
[9.040s] -- Symlinking: /home/ronnakon/FRA333-KINEMATICS/ROS_Directory/fra333_ws/install/my_first_package/include/my_first_package/srv/set_goal.hpp
[9.052s] -- Symlinking: /home/ronnakon/FRA333-KINEMATICS/ROS_Directory/fra333_ws/install/my_first_package/include/my_first_package/srv/detail/rand_goal__rosidl_typesupport_introspection_cpp.hpp
[9.063s] -- Symlinking: /home/ronnakon/FRA333-KINEMATICS/ROS_Directory/fra333_ws/install/my_first_package/include/my_first_package/srv/detail/set_goal__rosidl_typesupport_introspection_cpp.hpp
[9.074s] -- Symlinking: /home/ronnakon/FRA333-KINEMATICS/ROS_Directory/fra333_ws/install/my_first_package/lib/python3.8/site-packages/my_first_package/__init__.py
[9.090s] -- Symlinking: /home/ronnakon/FRA333-KINEMATICS/ROS_Directory/fra333_ws/install/my_first_package/lib/python3.8/site-packages/my_first_package/srv/__init__.py
[9.101s] -- Symlinking: /home/ronnakon/FRA333-KINEMATICS/ROS_Directory/fra333_ws/install/my_first_package/lib/python3.8/site-packages/my_first_package/srv/_rand_goal.py
[9.112s] -- Symlinking: /home/ronnakon/FRA333-KINEMATICS/ROS_Directory/fra333_ws/install/my_first_package/lib/python3.8/site-packages/my_first_package/srv/_set_goal.py
[9.123s] -- Symlinking: /home/ronnakon/FRA333-KINEMATICS/ROS_Directory/fra333_ws/install/my_first_package/lib/python3.8/site-packages/my_first_package/my_first_package_s__rosidl_typesupport_fastrtps_c.cpython-38-x86_64-linux-gnu.so
[9.147s] -- Symlinking: /home/ronnakon/FRA333-KINEMATICS/ROS_Directory/fra333_ws/install/my_first_package/lib/python3.8/site-packages/my_first_package/my_first_package_s__rosidl_typesupport_introspection_c.cpython-38-x86_64-linux-gnu.so
[9.164s] -- Symlinking: /home/ronnakon/FRA333-KINEMATICS/ROS_Directory/fra333_ws/install/my_first_package/lib/python3.8/site-packages/my_first_package/my_first_package_s__rosidl_typesupport_c.cpython-38-x86_64-linux-gnu.so
[9.178s] -- Symlinking: /home/ronnakon/FRA333-KINEMATICS/ROS_Directory/fra333_ws/install/my_first_package/lib/libmy_first_package__python.so
[9.190s] -- Symlinking: /home/ronnakon/FRA333-KINEMATICS/ROS_Directory/fra333_ws/install/my_first_package/share/my_first_package/srv/RandGoal.idl
[9.202s] -- Symlinking: /home/ronnakon/FRA333-KINEMATICS/ROS_Directory/fra333_ws/install/my_first_package/share/my_first_package/srv/SetGoal.idl
[9.213s] -- Symlinking: /home/ronnakon/FRA333-KINEMATICS/ROS_Directory/fra333_ws/install/my_first_package/share/my_first_package/srv/RandGoal.srv
[9.225s] -- Symlinking: /home/ronnakon/FRA333-KINEMATICS/ROS_Directory/fra333_ws/install/my_first_package/share/my_first_package/srv/RandGoal_Request.msg
[9.236s] -- Symlinking: /home/ronnakon/FRA333-KINEMATICS/ROS_Directory/fra333_ws/install/my_first_package/share/my_first_package/srv/RandGoal_Response.msg
[9.247s] -- Symlinking: /home/ronnakon/FRA333-KINEMATICS/ROS_Directory/fra333_ws/install/my_first_package/share/my_first_package/srv/SetGoal.srv
[9.258s] -- Symlinking: /home/ronnakon/FRA333-KINEMATICS/ROS_Directory/fra333_ws/install/my_first_package/share/my_first_package/srv/SetGoal_Request.msg
[9.269s] -- Symlinking: /home/ronnakon/FRA333-KINEMATICS/ROS_Directory/fra333_ws/install/my_first_package/share/my_first_package/srv/SetGoal_Response.msg
[9.280s] -- Symlinking: /home/ronnakon/FRA333-KINEMATICS/ROS_Directory/fra333_ws/install/my_first_package/share/my_first_package/launch/02_via_point_follower.launch.py
[9.291s] -- Symlinking: /home/ronnakon/FRA333-KINEMATICS/ROS_Directory/fra333_ws/install/my_first_package/share/my_first_package/launch/04_robot_state_publisher.launch.py
[9.302s] -- Symlinking: /home/ronnakon/FRA333-KINEMATICS/ROS_Directory/fra333_ws/install/my_first_package/share/my_first_package/urdf/myrobot.xml
[9.313s] -- Symlinking: /home/ronnakon/FRA333-KINEMATICS/ROS_Directory/fra333_ws/install/my_first_package/share/my_first_package/urdf/r2d2.urdf.xml
[9.324s] -- Symlinking: /home/ronnakon/FRA333-KINEMATICS/ROS_Directory/fra333_ws/install/my_first_package/share/my_first_package/rviz/r2d2.rviz
[9.335s] -- Symlinking: /home/ronnakon/FRA333-KINEMATICS/ROS_Directory/fra333_ws/install/my_first_package/share/ament_index/resource_index/package_run_dependencies/my_first_package
[9.347s] -- Symlinking: /home/ronnakon/FRA333-KINEMATICS/ROS_Directory/fra333_ws/install/my_first_package/share/ament_index/resource_index/parent_prefix_path/my_first_package
[9.362s] -- Symlinking: /home/ronnakon/FRA333-KINEMATICS/ROS_Directory/fra333_ws/install/my_first_package/share/my_first_package/environment/ament_prefix_path.sh
[9.373s] -- Symlinking: /home/ronnakon/FRA333-KINEMATICS/ROS_Directory/fra333_ws/install/my_first_package/share/my_first_package/environment/ament_prefix_path.dsv
[9.384s] -- Symlinking: /home/ronnakon/FRA333-KINEMATICS/ROS_Directory/fra333_ws/install/my_first_package/share/my_first_package/environment/path.sh
[9.394s] -- Symlinking: /home/ronnakon/FRA333-KINEMATICS/ROS_Directory/fra333_ws/install/my_first_package/share/my_first_package/environment/path.dsv
[9.405s] -- Symlinking: /home/ronnakon/FRA333-KINEMATICS/ROS_Directory/fra333_ws/install/my_first_package/share/my_first_package/local_setup.bash
[9.416s] -- Symlinking: /home/ronnakon/FRA333-KINEMATICS/ROS_Directory/fra333_ws/install/my_first_package/share/my_first_package/local_setup.sh
[9.428s] -- Symlinking: /home/ronnakon/FRA333-KINEMATICS/ROS_Directory/fra333_ws/install/my_first_package/share/my_first_package/local_setup.zsh
[9.440s] -- Symlinking: /home/ronnakon/FRA333-KINEMATICS/ROS_Directory/fra333_ws/install/my_first_package/share/my_first_package/local_setup.dsv
[9.453s] -- Symlinking: /home/ronnakon/FRA333-KINEMATICS/ROS_Directory/fra333_ws/install/my_first_package/share/my_first_package/package.dsv
[9.465s] -- Symlinking: /home/ronnakon/FRA333-KINEMATICS/ROS_Directory/fra333_ws/install/my_first_package/share/ament_index/resource_index/packages/my_first_package
[9.476s] -- Symlinking: /home/ronnakon/FRA333-KINEMATICS/ROS_Directory/fra333_ws/install/my_first_package/share/my_first_package/cmake/rosidl_cmake-extras.cmake
[9.487s] -- Symlinking: /home/ronnakon/FRA333-KINEMATICS/ROS_Directory/fra333_ws/install/my_first_package/share/my_first_package/cmake/ament_cmake_export_dependencies-extras.cmake
[9.498s] -- Symlinking: /home/ronnakon/FRA333-KINEMATICS/ROS_Directory/fra333_ws/install/my_first_package/share/my_first_package/cmake/ament_cmake_export_libraries-extras.cmake
[9.509s] -- Symlinking: /home/ronnakon/FRA333-KINEMATICS/ROS_Directory/fra333_ws/install/my_first_package/share/my_first_package/cmake/ament_cmake_export_targets-extras.cmake
[9.519s] -- Symlinking: /home/ronnakon/FRA333-KINEMATICS/ROS_Directory/fra333_ws/install/my_first_package/share/my_first_package/cmake/ament_cmake_export_include_directories-extras.cmake
[9.531s] -- Symlinking: /home/ronnakon/FRA333-KINEMATICS/ROS_Directory/fra333_ws/install/my_first_package/share/my_first_package/cmake/rosidl_cmake_export_typesupport_libraries-extras.cmake
[9.543s] -- Symlinking: /home/ronnakon/FRA333-KINEMATICS/ROS_Directory/fra333_ws/install/my_first_package/share/my_first_package/cmake/rosidl_cmake_export_typesupport_targets-extras.cmake
[9.555s] -- Symlinking: /home/ronnakon/FRA333-KINEMATICS/ROS_Directory/fra333_ws/install/my_first_package/share/my_first_package/cmake/my_first_packageConfig.cmake
[9.565s] -- Symlinking: /home/ronnakon/FRA333-KINEMATICS/ROS_Directory/fra333_ws/install/my_first_package/share/my_first_package/cmake/my_first_packageConfig-version.cmake
[9.576s] -- Symlinking: /home/ronnakon/FRA333-KINEMATICS/ROS_Directory/fra333_ws/install/my_first_package/share/my_first_package/package.xml
[9.648s] Listing '/home/ronnakon/FRA333-KINEMATICS/ROS_Directory/fra333_ws/install/my_first_package/lib/python3.8/site-packages/my_first_package'...
[9.648s] Compiling '/home/ronnakon/FRA333-KINEMATICS/ROS_Directory/fra333_ws/install/my_first_package/lib/python3.8/site-packages/my_first_package/__init__.py'...
[9.648s] Listing '/home/ronnakon/FRA333-KINEMATICS/ROS_Directory/fra333_ws/install/my_first_package/lib/python3.8/site-packages/my_first_package/srv'...
[9.648s] Compiling '/home/ronnakon/FRA333-KINEMATICS/ROS_Directory/fra333_ws/install/my_first_package/lib/python3.8/site-packages/my_first_package/srv/__init__.py'...
[9.648s] Compiling '/home/ronnakon/FRA333-KINEMATICS/ROS_Directory/fra333_ws/install/my_first_package/lib/python3.8/site-packages/my_first_package/srv/_rand_goal.py'...
[9.648s] Compiling '/home/ronnakon/FRA333-KINEMATICS/ROS_Directory/fra333_ws/install/my_first_package/lib/python3.8/site-packages/my_first_package/srv/_set_goal.py'...
[9.654s] -- Installing: /home/ronnakon/FRA333-KINEMATICS/ROS_Directory/fra333_ws/install/my_first_package/lib/libmy_first_package__rosidl_generator_c.so
[9.654s] -- Set runtime path of "/home/ronnakon/FRA333-KINEMATICS/ROS_Directory/fra333_ws/install/my_first_package/lib/libmy_first_package__rosidl_generator_c.so" to ""
[9.655s] -- Installing: /home/ronnakon/FRA333-KINEMATICS/ROS_Directory/fra333_ws/install/my_first_package/lib/libmy_first_package__rosidl_typesupport_introspection_c.so
[9.655s] -- Set runtime path of "/home/ronnakon/FRA333-KINEMATICS/ROS_Directory/fra333_ws/install/my_first_package/lib/libmy_first_package__rosidl_typesupport_introspection_c.so" to ""
[9.655s] -- Installing: /home/ronnakon/FRA333-KINEMATICS/ROS_Directory/fra333_ws/install/my_first_package/lib/libmy_first_package__rosidl_typesupport_c.so
[9.655s] -- Set runtime path of "/home/ronnakon/FRA333-KINEMATICS/ROS_Directory/fra333_ws/install/my_first_package/lib/libmy_first_package__rosidl_typesupport_c.so" to ""
[9.656s] -- Installing: /home/ronnakon/FRA333-KINEMATICS/ROS_Directory/fra333_ws/install/my_first_package/lib/libmy_first_package__rosidl_typesupport_introspection_cpp.so
[9.656s] -- Set runtime path of "/home/ronnakon/FRA333-KINEMATICS/ROS_Directory/fra333_ws/install/my_first_package/lib/libmy_first_package__rosidl_typesupport_introspection_cpp.so" to ""
[9.656s] -- Installing: /home/ronnakon/FRA333-KINEMATICS/ROS_Directory/fra333_ws/install/my_first_package/lib/libmy_first_package__rosidl_typesupport_cpp.so
[9.656s] -- Set runtime path of "/home/ronnakon/FRA333-KINEMATICS/ROS_Directory/fra333_ws/install/my_first_package/lib/libmy_first_package__rosidl_typesupport_cpp.so" to ""
[9.701s] -- Installing: /home/ronnakon/FRA333-KINEMATICS/ROS_Directory/fra333_ws/install/my_first_package/share/my_first_package/cmake/my_first_package__rosidl_generator_cExport.cmake
[9.701s] -- Installing: /home/ronnakon/FRA333-KINEMATICS/ROS_Directory/fra333_ws/install/my_first_package/share/my_first_package/cmake/my_first_package__rosidl_generator_cExport-noconfig.cmake
[9.701s] -- Installing: /home/ronnakon/FRA333-KINEMATICS/ROS_Directory/fra333_ws/install/my_first_package/share/my_first_package/cmake/my_first_package__rosidl_typesupport_introspection_cExport.cmake
[9.702s] -- Installing: /home/ronnakon/FRA333-KINEMATICS/ROS_Directory/fra333_ws/install/my_first_package/share/my_first_package/cmake/my_first_package__rosidl_typesupport_introspection_cExport-noconfig.cmake
[9.702s] -- Installing: /home/ronnakon/FRA333-KINEMATICS/ROS_Directory/fra333_ws/install/my_first_package/share/my_first_package/cmake/my_first_package__rosidl_typesupport_cExport.cmake
[9.703s] -- Installing: /home/ronnakon/FRA333-KINEMATICS/ROS_Directory/fra333_ws/install/my_first_package/share/my_first_package/cmake/my_first_package__rosidl_typesupport_cExport-noconfig.cmake
[9.703s] -- Installing: /home/ronnakon/FRA333-KINEMATICS/ROS_Directory/fra333_ws/install/my_first_package/share/my_first_package/cmake/my_first_package__rosidl_generator_cppExport.cmake
[9.704s] -- Installing: /home/ronnakon/FRA333-KINEMATICS/ROS_Directory/fra333_ws/install/my_first_package/share/my_first_package/cmake/my_first_package__rosidl_typesupport_introspection_cppExport.cmake
[9.704s] -- Installing: /home/ronnakon/FRA333-KINEMATICS/ROS_Directory/fra333_ws/install/my_first_package/share/my_first_package/cmake/my_first_package__rosidl_typesupport_introspection_cppExport-noconfig.cmake
[9.705s] -- Installing: /home/ronnakon/FRA333-KINEMATICS/ROS_Directory/fra333_ws/install/my_first_package/share/my_first_package/cmake/my_first_package__rosidl_typesupport_cppExport.cmake
[9.705s] -- Installing: /home/ronnakon/FRA333-KINEMATICS/ROS_Directory/fra333_ws/install/my_first_package/share/my_first_package/cmake/my_first_package__rosidl_typesupport_cppExport-noconfig.cmake
[9.711s] Invoked command in '/home/ronnakon/FRA333-KINEMATICS/ROS_Directory/fra333_ws/build/my_first_package' returned '0': CMAKE_PREFIX_PATH=/opt/ros/foxy /usr/bin/cmake --install /home/ronnakon/FRA333-KINEMATICS/ROS_Directory/fra333_ws/build/my_first_package
