[0.022s] Invoking command in '/home/ronnakon/FRA333-KINEMATICS/FRA333-Assignment-lab2-template/lab2_ws/build/robot_23_kinematics_interfaces': CMAKE_PREFIX_PATH=${CMAKE_PREFIX_PATH}:/opt/ros/foxy /usr/bin/cmake --build /home/ronnakon/FRA333-KINEMATICS/FRA333-Assignment-lab2-template/lab2_ws/build/robot_23_kinematics_interfaces -- -j12 -l12
[0.042s] -- Found ament_cmake: 0.9.9 (/opt/ros/foxy/share/ament_cmake/cmake)
[0.060s] -- Found PythonInterp: /usr/bin/python3 (found suitable version "3.8.10", minimum required is "3") 
[0.060s] -- Using PYTHON_EXECUTABLE: /usr/bin/python3
[0.193s] -- Override CMake install command with custom implementation using symlinks instead of copying resources
[0.201s] -- Found ament_lint_auto: 0.9.6 (/opt/ros/foxy/share/ament_lint_auto/cmake)
[0.251s] -- Found rosidl_default_generators: 1.0.1 (/opt/ros/foxy/share/rosidl_default_generators/cmake)
[0.254s] -- Using all available rosidl_typesupport_c: rosidl_typesupport_fastrtps_c;rosidl_typesupport_introspection_c
[0.257s] -- Found rosidl_adapter: 1.2.1 (/opt/ros/foxy/share/rosidl_adapter/cmake)
[0.381s] -- Using all available rosidl_typesupport_cpp: rosidl_typesupport_fastrtps_cpp;rosidl_typesupport_introspection_cpp
[0.399s] -- Found geometry_msgs: 2.0.5 (/opt/ros/foxy/share/geometry_msgs/cmake)
[0.457s] -- Found sensor_msgs: 2.0.5 (/opt/ros/foxy/share/sensor_msgs/cmake)
[0.538s] -- Found PythonInterp: /usr/bin/python3 (found version "3.8.10") 
[0.682s] -- Found ament_cmake_ros: 0.9.2 (/opt/ros/foxy/share/ament_cmake_ros/cmake)
[0.976s] -- Using all available rosidl_typesupport_c: rosidl_typesupport_fastrtps_c;rosidl_typesupport_introspection_c
[1.121s] -- Using all available rosidl_typesupport_cpp: rosidl_typesupport_fastrtps_cpp;rosidl_typesupport_introspection_cpp
[1.150s] -- Found PythonInterp: /usr/bin/python3 (found suitable version "3.8.10", minimum required is "3.5") 
[1.150s] -- Found python_cmake_module: 0.8.1 (/opt/ros/foxy/share/python_cmake_module/cmake)
[1.169s] -- Using PYTHON_EXECUTABLE: /usr/bin/python3
[1.169s] -- Using PYTHON_INCLUDE_DIRS: /usr/include/python3.8
[1.169s] -- Using PYTHON_LIBRARIES: /usr/lib/x86_64-linux-gnu/libpython3.8.so
[1.257s] -- Added test 'copyright' to check source files copyright and LICENSE
[1.258s] -- Added test 'lint_cmake' to check CMake code style
[1.258s] -- Added test 'xmllint' to check XML markup files
[1.264s] -- Configuring done
[1.321s] -- Generating done
[1.325s] -- Build files have been written to: /home/ronnakon/FRA333-KINEMATICS/FRA333-Assignment-lab2-template/lab2_ws/build/robot_23_kinematics_interfaces
[1.351s] [  2%] [34m[1mGenerating C code for ROS interfaces[0m
[1.362s] [  5%] [34m[1mGenerating C++ code for ROS interfaces[0m
[1.626s] [35m[1mScanning dependencies of target robot_23_kinematics_interfaces__rosidl_generator_c[0m
[1.643s] [  7%] [32mBuilding C object CMakeFiles/robot_23_kinematics_interfaces__rosidl_generator_c.dir/rosidl_generator_c/robot_23_kinematics_interfaces/srv/detail/solve_ik__functions.c.o[0m
[1.644s] [ 10%] [32mBuilding C object CMakeFiles/robot_23_kinematics_interfaces__rosidl_generator_c.dir/rosidl_generator_c/robot_23_kinematics_interfaces/srv/detail/get_position__functions.c.o[0m
[1.660s] [ 10%] Built target robot_23_kinematics_interfaces__cpp
[1.671s] [ 12%] [34m[1mGenerating C++ type support dispatch for ROS interfaces[0m
[1.672s] [ 15%] [34m[1mGenerating C++ type support for eProsima Fast-RTPS[0m
[1.672s] [ 17%] [34m[1mGenerating C++ introspection for ROS interfaces[0m
[1.694s] [ 20%] [32m[1mLinking C shared library librobot_23_kinematics_interfaces__rosidl_generator_c.so[0m
[1.733s] [ 20%] Built target robot_23_kinematics_interfaces__rosidl_generator_c
[1.742s] [ 23%] [34m[1mGenerating C type support dispatch for ROS interfaces[0m
[1.747s] [ 25%] [34m[1mGenerating C introspection for ROS interfaces[0m
[1.947s] [35m[1mScanning dependencies of target robot_23_kinematics_interfaces__rosidl_typesupport_cpp[0m
[1.959s] [ 28%] [32mBuilding CXX object CMakeFiles/robot_23_kinematics_interfaces__rosidl_typesupport_cpp.dir/rosidl_typesupport_cpp/robot_23_kinematics_interfaces/srv/solve_ik__type_support.cpp.o[0m
[1.961s] [ 30%] [32mBuilding CXX object CMakeFiles/robot_23_kinematics_interfaces__rosidl_typesupport_cpp.dir/rosidl_typesupport_cpp/robot_23_kinematics_interfaces/srv/get_position__type_support.cpp.o[0m
[1.984s] [35m[1mScanning dependencies of target robot_23_kinematics_interfaces__rosidl_typesupport_introspection_cpp[0m
[1.996s] [35m[1mScanning dependencies of target robot_23_kinematics_interfaces__rosidl_typesupport_c[0m
[1.996s] [ 33%] [32mBuilding CXX object CMakeFiles/robot_23_kinematics_interfaces__rosidl_typesupport_introspection_cpp.dir/rosidl_typesupport_introspection_cpp/robot_23_kinematics_interfaces/srv/detail/solve_ik__type_support.cpp.o[0m
[1.998s] [ 35%] [32mBuilding CXX object CMakeFiles/robot_23_kinematics_interfaces__rosidl_typesupport_introspection_cpp.dir/rosidl_typesupport_introspection_cpp/robot_23_kinematics_interfaces/srv/detail/get_position__type_support.cpp.o[0m
[1.999s] [35m[1mScanning dependencies of target robot_23_kinematics_interfaces__rosidl_typesupport_fastrtps_cpp[0m
[2.007s] [ 38%] [32mBuilding CXX object CMakeFiles/robot_23_kinematics_interfaces__rosidl_typesupport_c.dir/rosidl_typesupport_c/robot_23_kinematics_interfaces/srv/solve_ik__type_support.cpp.o[0m
[2.009s] [ 41%] [32mBuilding CXX object CMakeFiles/robot_23_kinematics_interfaces__rosidl_typesupport_c.dir/rosidl_typesupport_c/robot_23_kinematics_interfaces/srv/get_position__type_support.cpp.o[0m
[2.019s] [ 43%] [32mBuilding CXX object CMakeFiles/robot_23_kinematics_interfaces__rosidl_typesupport_fastrtps_cpp.dir/rosidl_typesupport_fastrtps_cpp/robot_23_kinematics_interfaces/srv/detail/dds_fastrtps/solve_ik__type_support.cpp.o[0m
[2.024s] [ 46%] [32mBuilding CXX object CMakeFiles/robot_23_kinematics_interfaces__rosidl_typesupport_fastrtps_cpp.dir/rosidl_typesupport_fastrtps_cpp/robot_23_kinematics_interfaces/srv/detail/dds_fastrtps/get_position__type_support.cpp.o[0m
[2.040s] [ 48%] [32m[1mLinking CXX shared library librobot_23_kinematics_interfaces__rosidl_typesupport_c.so[0m
[2.076s] [35m[1mScanning dependencies of target robot_23_kinematics_interfaces__rosidl_typesupport_introspection_c[0m
[2.088s] [ 48%] Built target robot_23_kinematics_interfaces__rosidl_typesupport_c
[2.092s] [ 51%] [32mBuilding C object CMakeFiles/robot_23_kinematics_interfaces__rosidl_typesupport_introspection_c.dir/rosidl_typesupport_introspection_c/robot_23_kinematics_interfaces/srv/detail/get_position__type_support.c.o[0m
[2.098s] [ 53%] [32mBuilding C object CMakeFiles/robot_23_kinematics_interfaces__rosidl_typesupport_introspection_c.dir/rosidl_typesupport_introspection_c/robot_23_kinematics_interfaces/srv/detail/solve_ik__type_support.c.o[0m
[2.139s] [ 56%] [32m[1mLinking C shared library librobot_23_kinematics_interfaces__rosidl_typesupport_introspection_c.so[0m
[2.167s] [ 56%] Built target robot_23_kinematics_interfaces__rosidl_typesupport_introspection_c
[2.278s] [ 58%] [32m[1mLinking CXX shared library librobot_23_kinematics_interfaces__rosidl_typesupport_cpp.so[0m
[2.322s] [ 58%] Built target robot_23_kinematics_interfaces__rosidl_typesupport_cpp
[2.370s] [ 61%] [32m[1mLinking CXX shared library librobot_23_kinematics_interfaces__rosidl_typesupport_introspection_cpp.so[0m
[2.446s] [ 61%] Built target robot_23_kinematics_interfaces__rosidl_typesupport_introspection_cpp
[2.497s] [ 64%] [32m[1mLinking CXX shared library librobot_23_kinematics_interfaces__rosidl_typesupport_fastrtps_cpp.so[0m
[2.566s] [ 64%] Built target robot_23_kinematics_interfaces__rosidl_typesupport_fastrtps_cpp
[2.578s] [ 66%] [34m[1mGenerating C type support for eProsima Fast-RTPS[0m
[2.828s] [35m[1mScanning dependencies of target robot_23_kinematics_interfaces__rosidl_typesupport_fastrtps_c[0m
[2.846s] [ 69%] [32mBuilding CXX object CMakeFiles/robot_23_kinematics_interfaces__rosidl_typesupport_fastrtps_c.dir/rosidl_typesupport_fastrtps_c/robot_23_kinematics_interfaces/srv/detail/get_position__type_support_c.cpp.o[0m
[2.846s] [ 71%] [32mBuilding CXX object CMakeFiles/robot_23_kinematics_interfaces__rosidl_typesupport_fastrtps_c.dir/rosidl_typesupport_fastrtps_c/robot_23_kinematics_interfaces/srv/detail/solve_ik__type_support_c.cpp.o[0m
[3.113s] [ 74%] [32m[1mLinking CXX shared library librobot_23_kinematics_interfaces__rosidl_typesupport_fastrtps_c.so[0m
[3.182s] [ 74%] Built target robot_23_kinematics_interfaces__rosidl_typesupport_fastrtps_c
[3.202s] [ 74%] Built target robot_23_kinematics_interfaces
[3.221s] [ 76%] [34m[1mGenerating Python code for ROS interfaces[0m
[3.701s] [ 76%] Built target robot_23_kinematics_interfaces__py
[3.712s] [35m[1mScanning dependencies of target robot_23_kinematics_interfaces__python[0m
[3.728s] [ 79%] [32mBuilding C object CMakeFiles/robot_23_kinematics_interfaces__python.dir/rosidl_generator_py/robot_23_kinematics_interfaces/srv/_solve_ik_s.c.o[0m
[3.729s] [ 82%] [32mBuilding C object CMakeFiles/robot_23_kinematics_interfaces__python.dir/rosidl_generator_py/robot_23_kinematics_interfaces/srv/_get_position_s.c.o[0m
[3.808s] [ 84%] [32m[1mLinking C shared library rosidl_generator_py/robot_23_kinematics_interfaces/librobot_23_kinematics_interfaces__python.so[0m
[3.850s] [ 84%] Built target robot_23_kinematics_interfaces__python
[3.859s] [35m[1mScanning dependencies of target robot_23_kinematics_interfaces__rosidl_typesupport_fastrtps_c__pyext[0m
[3.861s] [35m[1mScanning dependencies of target robot_23_kinematics_interfaces__rosidl_typesupport_c__pyext[0m
[3.862s] [35m[1mScanning dependencies of target robot_23_kinematics_interfaces__rosidl_typesupport_introspection_c__pyext[0m
[3.874s] [ 87%] [32mBuilding C object CMakeFiles/robot_23_kinematics_interfaces__rosidl_typesupport_fastrtps_c__pyext.dir/rosidl_generator_py/robot_23_kinematics_interfaces/_robot_23_kinematics_interfaces_s.ep.rosidl_typesupport_fastrtps_c.c.o[0m
[3.877s] [ 89%] [32mBuilding C object CMakeFiles/robot_23_kinematics_interfaces__rosidl_typesupport_introspection_c__pyext.dir/rosidl_generator_py/robot_23_kinematics_interfaces/_robot_23_kinematics_interfaces_s.ep.rosidl_typesupport_introspection_c.c.o[0m
[3.877s] [ 92%] [32mBuilding C object CMakeFiles/robot_23_kinematics_interfaces__rosidl_typesupport_c__pyext.dir/rosidl_generator_py/robot_23_kinematics_interfaces/_robot_23_kinematics_interfaces_s.ep.rosidl_typesupport_c.c.o[0m
[3.949s] [ 94%] [32m[1mLinking C shared library rosidl_generator_py/robot_23_kinematics_interfaces/robot_23_kinematics_interfaces_s__rosidl_typesupport_c.cpython-38-x86_64-linux-gnu.so[0m
[3.950s] [ 97%] [32m[1mLinking C shared library rosidl_generator_py/robot_23_kinematics_interfaces/robot_23_kinematics_interfaces_s__rosidl_typesupport_introspection_c.cpython-38-x86_64-linux-gnu.so[0m
[3.952s] [100%] [32m[1mLinking CXX shared library rosidl_generator_py/robot_23_kinematics_interfaces/robot_23_kinematics_interfaces_s__rosidl_typesupport_fastrtps_c.cpython-38-x86_64-linux-gnu.so[0m
[3.981s] [100%] Built target robot_23_kinematics_interfaces__rosidl_typesupport_introspection_c__pyext
[3.989s] [100%] Built target robot_23_kinematics_interfaces__rosidl_typesupport_c__pyext
[4.009s] [100%] Built target robot_23_kinematics_interfaces__rosidl_typesupport_fastrtps_c__pyext
[4.022s] Invoked command in '/home/ronnakon/FRA333-KINEMATICS/FRA333-Assignment-lab2-template/lab2_ws/build/robot_23_kinematics_interfaces' returned '0': CMAKE_PREFIX_PATH=${CMAKE_PREFIX_PATH}:/opt/ros/foxy /usr/bin/cmake --build /home/ronnakon/FRA333-KINEMATICS/FRA333-Assignment-lab2-template/lab2_ws/build/robot_23_kinematics_interfaces -- -j12 -l12
[4.075s] Invoking command in '/home/ronnakon/FRA333-KINEMATICS/FRA333-Assignment-lab2-template/lab2_ws/build/robot_23_kinematics_interfaces': CMAKE_PREFIX_PATH=${CMAKE_PREFIX_PATH}:/opt/ros/foxy /usr/bin/cmake --install /home/ronnakon/FRA333-KINEMATICS/FRA333-Assignment-lab2-template/lab2_ws/build/robot_23_kinematics_interfaces
[4.084s] -- Install configuration: ""
[4.085s] -- Execute custom install script
[4.085s] -- Up-to-date symlink: /home/ronnakon/FRA333-KINEMATICS/FRA333-Assignment-lab2-template/lab2_ws/install/robot_23_kinematics_interfaces/share/ament_index/resource_index/rosidl_interfaces/robot_23_kinematics_interfaces
[4.086s] -- Up-to-date symlink: /home/ronnakon/FRA333-KINEMATICS/FRA333-Assignment-lab2-template/lab2_ws/install/robot_23_kinematics_interfaces/include/robot_23_kinematics_interfaces/msg/rosidl_generator_c__visibility_control.h
[4.086s] -- Up-to-date symlink: /home/ronnakon/FRA333-KINEMATICS/FRA333-Assignment-lab2-template/lab2_ws/install/robot_23_kinematics_interfaces/include/robot_23_kinematics_interfaces/srv/detail/get_position__functions.h
[4.086s] -- Up-to-date symlink: /home/ronnakon/FRA333-KINEMATICS/FRA333-Assignment-lab2-template/lab2_ws/install/robot_23_kinematics_interfaces/include/robot_23_kinematics_interfaces/srv/detail/get_position__struct.h
[4.086s] -- Up-to-date symlink: /home/ronnakon/FRA333-KINEMATICS/FRA333-Assignment-lab2-template/lab2_ws/install/robot_23_kinematics_interfaces/include/robot_23_kinematics_interfaces/srv/detail/get_position__type_support.h
[4.086s] -- Up-to-date symlink: /home/ronnakon/FRA333-KINEMATICS/FRA333-Assignment-lab2-template/lab2_ws/install/robot_23_kinematics_interfaces/include/robot_23_kinematics_interfaces/srv/detail/solve_ik__functions.h
[4.086s] -- Up-to-date symlink: /home/ronnakon/FRA333-KINEMATICS/FRA333-Assignment-lab2-template/lab2_ws/install/robot_23_kinematics_interfaces/include/robot_23_kinematics_interfaces/srv/detail/solve_ik__struct.h
[4.087s] -- Up-to-date symlink: /home/ronnakon/FRA333-KINEMATICS/FRA333-Assignment-lab2-template/lab2_ws/install/robot_23_kinematics_interfaces/include/robot_23_kinematics_interfaces/srv/detail/solve_ik__type_support.h
[4.087s] -- Up-to-date symlink: /home/ronnakon/FRA333-KINEMATICS/FRA333-Assignment-lab2-template/lab2_ws/install/robot_23_kinematics_interfaces/include/robot_23_kinematics_interfaces/srv/get_position.h
[4.087s] -- Up-to-date symlink: /home/ronnakon/FRA333-KINEMATICS/FRA333-Assignment-lab2-template/lab2_ws/install/robot_23_kinematics_interfaces/include/robot_23_kinematics_interfaces/srv/solve_ik.h
[4.087s] -- Up-to-date symlink: /home/ronnakon/FRA333-KINEMATICS/FRA333-Assignment-lab2-template/lab2_ws/install/robot_23_kinematics_interfaces/share/robot_23_kinematics_interfaces/environment/library_path.sh
[4.087s] -- Up-to-date symlink: /home/ronnakon/FRA333-KINEMATICS/FRA333-Assignment-lab2-template/lab2_ws/install/robot_23_kinematics_interfaces/share/robot_23_kinematics_interfaces/environment/library_path.dsv
[4.088s] -- Up-to-date symlink: /home/ronnakon/FRA333-KINEMATICS/FRA333-Assignment-lab2-template/lab2_ws/install/robot_23_kinematics_interfaces/include/robot_23_kinematics_interfaces/msg/rosidl_typesupport_fastrtps_c__visibility_control.h
[4.088s] -- Up-to-date symlink: /home/ronnakon/FRA333-KINEMATICS/FRA333-Assignment-lab2-template/lab2_ws/install/robot_23_kinematics_interfaces/include/robot_23_kinematics_interfaces/srv/detail/get_position__rosidl_typesupport_fastrtps_c.h
[4.088s] -- Up-to-date symlink: /home/ronnakon/FRA333-KINEMATICS/FRA333-Assignment-lab2-template/lab2_ws/install/robot_23_kinematics_interfaces/include/robot_23_kinematics_interfaces/srv/detail/solve_ik__rosidl_typesupport_fastrtps_c.h
[4.088s] -- Up-to-date symlink: /home/ronnakon/FRA333-KINEMATICS/FRA333-Assignment-lab2-template/lab2_ws/install/robot_23_kinematics_interfaces/lib/librobot_23_kinematics_interfaces__rosidl_typesupport_fastrtps_c.so
[4.089s] -- Up-to-date symlink: /home/ronnakon/FRA333-KINEMATICS/FRA333-Assignment-lab2-template/lab2_ws/install/robot_23_kinematics_interfaces/include/robot_23_kinematics_interfaces/msg/rosidl_typesupport_fastrtps_cpp__visibility_control.h
[4.089s] -- Up-to-date symlink: /home/ronnakon/FRA333-KINEMATICS/FRA333-Assignment-lab2-template/lab2_ws/install/robot_23_kinematics_interfaces/include/robot_23_kinematics_interfaces/srv/detail/get_position__rosidl_typesupport_fastrtps_cpp.hpp
[4.089s] -- Up-to-date symlink: /home/ronnakon/FRA333-KINEMATICS/FRA333-Assignment-lab2-template/lab2_ws/install/robot_23_kinematics_interfaces/include/robot_23_kinematics_interfaces/srv/detail/solve_ik__rosidl_typesupport_fastrtps_cpp.hpp
[4.090s] -- Up-to-date symlink: /home/ronnakon/FRA333-KINEMATICS/FRA333-Assignment-lab2-template/lab2_ws/install/robot_23_kinematics_interfaces/lib/librobot_23_kinematics_interfaces__rosidl_typesupport_fastrtps_cpp.so
[4.090s] -- Up-to-date symlink: /home/ronnakon/FRA333-KINEMATICS/FRA333-Assignment-lab2-template/lab2_ws/install/robot_23_kinematics_interfaces/include/robot_23_kinematics_interfaces/msg/rosidl_typesupport_introspection_c__visibility_control.h
[4.090s] -- Up-to-date symlink: /home/ronnakon/FRA333-KINEMATICS/FRA333-Assignment-lab2-template/lab2_ws/install/robot_23_kinematics_interfaces/include/robot_23_kinematics_interfaces/srv/detail/get_position__rosidl_typesupport_introspection_c.h
[4.090s] -- Up-to-date symlink: /home/ronnakon/FRA333-KINEMATICS/FRA333-Assignment-lab2-template/lab2_ws/install/robot_23_kinematics_interfaces/include/robot_23_kinematics_interfaces/srv/detail/solve_ik__rosidl_typesupport_introspection_c.h
[4.091s] -- Up-to-date symlink: /home/ronnakon/FRA333-KINEMATICS/FRA333-Assignment-lab2-template/lab2_ws/install/robot_23_kinematics_interfaces/include/robot_23_kinematics_interfaces/srv/detail/get_position__builder.hpp
[4.091s] -- Up-to-date symlink: /home/ronnakon/FRA333-KINEMATICS/FRA333-Assignment-lab2-template/lab2_ws/install/robot_23_kinematics_interfaces/include/robot_23_kinematics_interfaces/srv/detail/get_position__struct.hpp
[4.091s] -- Up-to-date symlink: /home/ronnakon/FRA333-KINEMATICS/FRA333-Assignment-lab2-template/lab2_ws/install/robot_23_kinematics_interfaces/include/robot_23_kinematics_interfaces/srv/detail/get_position__traits.hpp
[4.091s] -- Up-to-date symlink: /home/ronnakon/FRA333-KINEMATICS/FRA333-Assignment-lab2-template/lab2_ws/install/robot_23_kinematics_interfaces/include/robot_23_kinematics_interfaces/srv/detail/solve_ik__builder.hpp
[4.091s] -- Up-to-date symlink: /home/ronnakon/FRA333-KINEMATICS/FRA333-Assignment-lab2-template/lab2_ws/install/robot_23_kinematics_interfaces/include/robot_23_kinematics_interfaces/srv/detail/solve_ik__struct.hpp
[4.092s] -- Up-to-date symlink: /home/ronnakon/FRA333-KINEMATICS/FRA333-Assignment-lab2-template/lab2_ws/install/robot_23_kinematics_interfaces/include/robot_23_kinematics_interfaces/srv/detail/solve_ik__traits.hpp
[4.092s] -- Up-to-date symlink: /home/ronnakon/FRA333-KINEMATICS/FRA333-Assignment-lab2-template/lab2_ws/install/robot_23_kinematics_interfaces/include/robot_23_kinematics_interfaces/srv/get_position.hpp
[4.092s] -- Up-to-date symlink: /home/ronnakon/FRA333-KINEMATICS/FRA333-Assignment-lab2-template/lab2_ws/install/robot_23_kinematics_interfaces/include/robot_23_kinematics_interfaces/srv/solve_ik.hpp
[4.092s] -- Up-to-date symlink: /home/ronnakon/FRA333-KINEMATICS/FRA333-Assignment-lab2-template/lab2_ws/install/robot_23_kinematics_interfaces/include/robot_23_kinematics_interfaces/srv/detail/get_position__rosidl_typesupport_introspection_cpp.hpp
[4.092s] -- Up-to-date symlink: /home/ronnakon/FRA333-KINEMATICS/FRA333-Assignment-lab2-template/lab2_ws/install/robot_23_kinematics_interfaces/include/robot_23_kinematics_interfaces/srv/detail/solve_ik__rosidl_typesupport_introspection_cpp.hpp
[4.092s] -- Up-to-date symlink: /home/ronnakon/FRA333-KINEMATICS/FRA333-Assignment-lab2-template/lab2_ws/install/robot_23_kinematics_interfaces/share/robot_23_kinematics_interfaces/environment/pythonpath.sh
[4.093s] -- Up-to-date symlink: /home/ronnakon/FRA333-KINEMATICS/FRA333-Assignment-lab2-template/lab2_ws/install/robot_23_kinematics_interfaces/share/robot_23_kinematics_interfaces/environment/pythonpath.dsv
[4.093s] -- Up-to-date symlink: /home/ronnakon/FRA333-KINEMATICS/FRA333-Assignment-lab2-template/lab2_ws/install/robot_23_kinematics_interfaces/lib/python3.8/site-packages/robot_23_kinematics_interfaces/__init__.py
[4.093s] -- Up-to-date symlink: /home/ronnakon/FRA333-KINEMATICS/FRA333-Assignment-lab2-template/lab2_ws/install/robot_23_kinematics_interfaces/lib/python3.8/site-packages/robot_23_kinematics_interfaces/srv/__init__.py
[4.093s] -- Up-to-date symlink: /home/ronnakon/FRA333-KINEMATICS/FRA333-Assignment-lab2-template/lab2_ws/install/robot_23_kinematics_interfaces/lib/python3.8/site-packages/robot_23_kinematics_interfaces/srv/_get_position.py
[4.094s] -- Up-to-date symlink: /home/ronnakon/FRA333-KINEMATICS/FRA333-Assignment-lab2-template/lab2_ws/install/robot_23_kinematics_interfaces/lib/python3.8/site-packages/robot_23_kinematics_interfaces/srv/_solve_ik.py
[4.094s] -- Up-to-date symlink: /home/ronnakon/FRA333-KINEMATICS/FRA333-Assignment-lab2-template/lab2_ws/install/robot_23_kinematics_interfaces/lib/python3.8/site-packages/robot_23_kinematics_interfaces/robot_23_kinematics_interfaces_s__rosidl_typesupport_fastrtps_c.cpython-38-x86_64-linux-gnu.so
[4.094s] -- Up-to-date symlink: /home/ronnakon/FRA333-KINEMATICS/FRA333-Assignment-lab2-template/lab2_ws/install/robot_23_kinematics_interfaces/lib/python3.8/site-packages/robot_23_kinematics_interfaces/robot_23_kinematics_interfaces_s__rosidl_typesupport_introspection_c.cpython-38-x86_64-linux-gnu.so
[4.095s] -- Up-to-date symlink: /home/ronnakon/FRA333-KINEMATICS/FRA333-Assignment-lab2-template/lab2_ws/install/robot_23_kinematics_interfaces/lib/python3.8/site-packages/robot_23_kinematics_interfaces/robot_23_kinematics_interfaces_s__rosidl_typesupport_c.cpython-38-x86_64-linux-gnu.so
[4.095s] -- Up-to-date symlink: /home/ronnakon/FRA333-KINEMATICS/FRA333-Assignment-lab2-template/lab2_ws/install/robot_23_kinematics_interfaces/lib/librobot_23_kinematics_interfaces__python.so
[4.095s] -- Up-to-date symlink: /home/ronnakon/FRA333-KINEMATICS/FRA333-Assignment-lab2-template/lab2_ws/install/robot_23_kinematics_interfaces/share/robot_23_kinematics_interfaces/srv/GetPosition.idl
[4.095s] -- Up-to-date symlink: /home/ronnakon/FRA333-KINEMATICS/FRA333-Assignment-lab2-template/lab2_ws/install/robot_23_kinematics_interfaces/share/robot_23_kinematics_interfaces/srv/SolveIK.idl
[4.096s] -- Up-to-date symlink: /home/ronnakon/FRA333-KINEMATICS/FRA333-Assignment-lab2-template/lab2_ws/install/robot_23_kinematics_interfaces/share/robot_23_kinematics_interfaces/srv/GetPosition.srv
[4.096s] -- Up-to-date symlink: /home/ronnakon/FRA333-KINEMATICS/FRA333-Assignment-lab2-template/lab2_ws/install/robot_23_kinematics_interfaces/share/robot_23_kinematics_interfaces/srv/GetPosition_Request.msg
[4.096s] -- Up-to-date symlink: /home/ronnakon/FRA333-KINEMATICS/FRA333-Assignment-lab2-template/lab2_ws/install/robot_23_kinematics_interfaces/share/robot_23_kinematics_interfaces/srv/GetPosition_Response.msg
[4.096s] -- Up-to-date symlink: /home/ronnakon/FRA333-KINEMATICS/FRA333-Assignment-lab2-template/lab2_ws/install/robot_23_kinematics_interfaces/share/robot_23_kinematics_interfaces/srv/SolveIK.srv
[4.097s] -- Up-to-date symlink: /home/ronnakon/FRA333-KINEMATICS/FRA333-Assignment-lab2-template/lab2_ws/install/robot_23_kinematics_interfaces/share/robot_23_kinematics_interfaces/srv/SolveIK_Request.msg
[4.097s] -- Up-to-date symlink: /home/ronnakon/FRA333-KINEMATICS/FRA333-Assignment-lab2-template/lab2_ws/install/robot_23_kinematics_interfaces/share/robot_23_kinematics_interfaces/srv/SolveIK_Response.msg
[4.097s] -- Up-to-date symlink: /home/ronnakon/FRA333-KINEMATICS/FRA333-Assignment-lab2-template/lab2_ws/install/robot_23_kinematics_interfaces/share/ament_index/resource_index/package_run_dependencies/robot_23_kinematics_interfaces
[4.097s] -- Up-to-date symlink: /home/ronnakon/FRA333-KINEMATICS/FRA333-Assignment-lab2-template/lab2_ws/install/robot_23_kinematics_interfaces/share/ament_index/resource_index/parent_prefix_path/robot_23_kinematics_interfaces
[4.097s] -- Up-to-date symlink: /home/ronnakon/FRA333-KINEMATICS/FRA333-Assignment-lab2-template/lab2_ws/install/robot_23_kinematics_interfaces/share/robot_23_kinematics_interfaces/environment/ament_prefix_path.sh
[4.098s] -- Up-to-date symlink: /home/ronnakon/FRA333-KINEMATICS/FRA333-Assignment-lab2-template/lab2_ws/install/robot_23_kinematics_interfaces/share/robot_23_kinematics_interfaces/environment/ament_prefix_path.dsv
[4.098s] -- Up-to-date symlink: /home/ronnakon/FRA333-KINEMATICS/FRA333-Assignment-lab2-template/lab2_ws/install/robot_23_kinematics_interfaces/share/robot_23_kinematics_interfaces/environment/path.sh
[4.098s] -- Up-to-date symlink: /home/ronnakon/FRA333-KINEMATICS/FRA333-Assignment-lab2-template/lab2_ws/install/robot_23_kinematics_interfaces/share/robot_23_kinematics_interfaces/environment/path.dsv
[4.098s] -- Up-to-date symlink: /home/ronnakon/FRA333-KINEMATICS/FRA333-Assignment-lab2-template/lab2_ws/install/robot_23_kinematics_interfaces/share/robot_23_kinematics_interfaces/local_setup.bash
[4.099s] -- Up-to-date symlink: /home/ronnakon/FRA333-KINEMATICS/FRA333-Assignment-lab2-template/lab2_ws/install/robot_23_kinematics_interfaces/share/robot_23_kinematics_interfaces/local_setup.sh
[4.099s] -- Up-to-date symlink: /home/ronnakon/FRA333-KINEMATICS/FRA333-Assignment-lab2-template/lab2_ws/install/robot_23_kinematics_interfaces/share/robot_23_kinematics_interfaces/local_setup.zsh
[4.099s] -- Up-to-date symlink: /home/ronnakon/FRA333-KINEMATICS/FRA333-Assignment-lab2-template/lab2_ws/install/robot_23_kinematics_interfaces/share/robot_23_kinematics_interfaces/local_setup.dsv
[4.099s] -- Symlinking: /home/ronnakon/FRA333-KINEMATICS/FRA333-Assignment-lab2-template/lab2_ws/install/robot_23_kinematics_interfaces/share/robot_23_kinematics_interfaces/package.dsv
[4.108s] -- Up-to-date symlink: /home/ronnakon/FRA333-KINEMATICS/FRA333-Assignment-lab2-template/lab2_ws/install/robot_23_kinematics_interfaces/share/ament_index/resource_index/packages/robot_23_kinematics_interfaces
[4.108s] -- Up-to-date symlink: /home/ronnakon/FRA333-KINEMATICS/FRA333-Assignment-lab2-template/lab2_ws/install/robot_23_kinematics_interfaces/share/robot_23_kinematics_interfaces/cmake/rosidl_cmake-extras.cmake
[4.109s] -- Up-to-date symlink: /home/ronnakon/FRA333-KINEMATICS/FRA333-Assignment-lab2-template/lab2_ws/install/robot_23_kinematics_interfaces/share/robot_23_kinematics_interfaces/cmake/ament_cmake_export_dependencies-extras.cmake
[4.109s] -- Up-to-date symlink: /home/ronnakon/FRA333-KINEMATICS/FRA333-Assignment-lab2-template/lab2_ws/install/robot_23_kinematics_interfaces/share/robot_23_kinematics_interfaces/cmake/ament_cmake_export_libraries-extras.cmake
[4.109s] -- Up-to-date symlink: /home/ronnakon/FRA333-KINEMATICS/FRA333-Assignment-lab2-template/lab2_ws/install/robot_23_kinematics_interfaces/share/robot_23_kinematics_interfaces/cmake/ament_cmake_export_targets-extras.cmake
[4.110s] -- Up-to-date symlink: /home/ronnakon/FRA333-KINEMATICS/FRA333-Assignment-lab2-template/lab2_ws/install/robot_23_kinematics_interfaces/share/robot_23_kinematics_interfaces/cmake/ament_cmake_export_include_directories-extras.cmake
[4.110s] -- Up-to-date symlink: /home/ronnakon/FRA333-KINEMATICS/FRA333-Assignment-lab2-template/lab2_ws/install/robot_23_kinematics_interfaces/share/robot_23_kinematics_interfaces/cmake/rosidl_cmake_export_typesupport_libraries-extras.cmake
[4.110s] -- Up-to-date symlink: /home/ronnakon/FRA333-KINEMATICS/FRA333-Assignment-lab2-template/lab2_ws/install/robot_23_kinematics_interfaces/share/robot_23_kinematics_interfaces/cmake/rosidl_cmake_export_typesupport_targets-extras.cmake
[4.110s] -- Up-to-date symlink: /home/ronnakon/FRA333-KINEMATICS/FRA333-Assignment-lab2-template/lab2_ws/install/robot_23_kinematics_interfaces/share/robot_23_kinematics_interfaces/cmake/robot_23_kinematics_interfacesConfig.cmake
[4.111s] -- Up-to-date symlink: /home/ronnakon/FRA333-KINEMATICS/FRA333-Assignment-lab2-template/lab2_ws/install/robot_23_kinematics_interfaces/share/robot_23_kinematics_interfaces/cmake/robot_23_kinematics_interfacesConfig-version.cmake
[4.111s] -- Up-to-date symlink: /home/ronnakon/FRA333-KINEMATICS/FRA333-Assignment-lab2-template/lab2_ws/install/robot_23_kinematics_interfaces/share/robot_23_kinematics_interfaces/package.xml
[4.111s] -- Installing: /home/ronnakon/FRA333-KINEMATICS/FRA333-Assignment-lab2-template/lab2_ws/install/robot_23_kinematics_interfaces/lib/librobot_23_kinematics_interfaces__rosidl_generator_c.so
[4.112s] -- Set runtime path of "/home/ronnakon/FRA333-KINEMATICS/FRA333-Assignment-lab2-template/lab2_ws/install/robot_23_kinematics_interfaces/lib/librobot_23_kinematics_interfaces__rosidl_generator_c.so" to ""
[4.112s] -- Installing: /home/ronnakon/FRA333-KINEMATICS/FRA333-Assignment-lab2-template/lab2_ws/install/robot_23_kinematics_interfaces/lib/librobot_23_kinematics_interfaces__rosidl_typesupport_introspection_c.so
[4.112s] -- Set runtime path of "/home/ronnakon/FRA333-KINEMATICS/FRA333-Assignment-lab2-template/lab2_ws/install/robot_23_kinematics_interfaces/lib/librobot_23_kinematics_interfaces__rosidl_typesupport_introspection_c.so" to ""
[4.113s] -- Installing: /home/ronnakon/FRA333-KINEMATICS/FRA333-Assignment-lab2-template/lab2_ws/install/robot_23_kinematics_interfaces/lib/librobot_23_kinematics_interfaces__rosidl_typesupport_c.so
[4.113s] -- Set runtime path of "/home/ronnakon/FRA333-KINEMATICS/FRA333-Assignment-lab2-template/lab2_ws/install/robot_23_kinematics_interfaces/lib/librobot_23_kinematics_interfaces__rosidl_typesupport_c.so" to ""
[4.113s] -- Installing: /home/ronnakon/FRA333-KINEMATICS/FRA333-Assignment-lab2-template/lab2_ws/install/robot_23_kinematics_interfaces/lib/librobot_23_kinematics_interfaces__rosidl_typesupport_introspection_cpp.so
[4.114s] -- Set runtime path of "/home/ronnakon/FRA333-KINEMATICS/FRA333-Assignment-lab2-template/lab2_ws/install/robot_23_kinematics_interfaces/lib/librobot_23_kinematics_interfaces__rosidl_typesupport_introspection_cpp.so" to ""
[4.114s] -- Installing: /home/ronnakon/FRA333-KINEMATICS/FRA333-Assignment-lab2-template/lab2_ws/install/robot_23_kinematics_interfaces/lib/librobot_23_kinematics_interfaces__rosidl_typesupport_cpp.so
[4.114s] -- Set runtime path of "/home/ronnakon/FRA333-KINEMATICS/FRA333-Assignment-lab2-template/lab2_ws/install/robot_23_kinematics_interfaces/lib/librobot_23_kinematics_interfaces__rosidl_typesupport_cpp.so" to ""
[4.140s] Compiling '/home/ronnakon/FRA333-KINEMATICS/FRA333-Assignment-lab2-template/lab2_ws/install/robot_23_kinematics_interfaces/lib/python3.8/site-packages/robot_23_kinematics_interfaces/__init__.py'...
[4.143s] -- Up-to-date: /home/ronnakon/FRA333-KINEMATICS/FRA333-Assignment-lab2-template/lab2_ws/install/robot_23_kinematics_interfaces/share/robot_23_kinematics_interfaces/cmake/robot_23_kinematics_interfaces__rosidl_generator_cExport.cmake
[4.143s] -- Installing: /home/ronnakon/FRA333-KINEMATICS/FRA333-Assignment-lab2-template/lab2_ws/install/robot_23_kinematics_interfaces/share/robot_23_kinematics_interfaces/cmake/robot_23_kinematics_interfaces__rosidl_generator_cExport-noconfig.cmake
[4.143s] -- Up-to-date: /home/ronnakon/FRA333-KINEMATICS/FRA333-Assignment-lab2-template/lab2_ws/install/robot_23_kinematics_interfaces/share/robot_23_kinematics_interfaces/cmake/robot_23_kinematics_interfaces__rosidl_typesupport_introspection_cExport.cmake
[4.144s] -- Installing: /home/ronnakon/FRA333-KINEMATICS/FRA333-Assignment-lab2-template/lab2_ws/install/robot_23_kinematics_interfaces/share/robot_23_kinematics_interfaces/cmake/robot_23_kinematics_interfaces__rosidl_typesupport_introspection_cExport-noconfig.cmake
[4.144s] -- Up-to-date: /home/ronnakon/FRA333-KINEMATICS/FRA333-Assignment-lab2-template/lab2_ws/install/robot_23_kinematics_interfaces/share/robot_23_kinematics_interfaces/cmake/robot_23_kinematics_interfaces__rosidl_typesupport_cExport.cmake
[4.144s] -- Installing: /home/ronnakon/FRA333-KINEMATICS/FRA333-Assignment-lab2-template/lab2_ws/install/robot_23_kinematics_interfaces/share/robot_23_kinematics_interfaces/cmake/robot_23_kinematics_interfaces__rosidl_typesupport_cExport-noconfig.cmake
[4.145s] -- Up-to-date: /home/ronnakon/FRA333-KINEMATICS/FRA333-Assignment-lab2-template/lab2_ws/install/robot_23_kinematics_interfaces/share/robot_23_kinematics_interfaces/cmake/robot_23_kinematics_interfaces__rosidl_generator_cppExport.cmake
[4.145s] -- Up-to-date: /home/ronnakon/FRA333-KINEMATICS/FRA333-Assignment-lab2-template/lab2_ws/install/robot_23_kinematics_interfaces/share/robot_23_kinematics_interfaces/cmake/robot_23_kinematics_interfaces__rosidl_typesupport_introspection_cppExport.cmake
[4.145s] -- Installing: /home/ronnakon/FRA333-KINEMATICS/FRA333-Assignment-lab2-template/lab2_ws/install/robot_23_kinematics_interfaces/share/robot_23_kinematics_interfaces/cmake/robot_23_kinematics_interfaces__rosidl_typesupport_introspection_cppExport-noconfig.cmake
[4.146s] -- Up-to-date: /home/ronnakon/FRA333-KINEMATICS/FRA333-Assignment-lab2-template/lab2_ws/install/robot_23_kinematics_interfaces/share/robot_23_kinematics_interfaces/cmake/robot_23_kinematics_interfaces__rosidl_typesupport_cppExport.cmake
[4.146s] -- Installing: /home/ronnakon/FRA333-KINEMATICS/FRA333-Assignment-lab2-template/lab2_ws/install/robot_23_kinematics_interfaces/share/robot_23_kinematics_interfaces/cmake/robot_23_kinematics_interfaces__rosidl_typesupport_cppExport-noconfig.cmake
[4.152s] Invoked command in '/home/ronnakon/FRA333-KINEMATICS/FRA333-Assignment-lab2-template/lab2_ws/build/robot_23_kinematics_interfaces' returned '0': CMAKE_PREFIX_PATH=${CMAKE_PREFIX_PATH}:/opt/ros/foxy /usr/bin/cmake --install /home/ronnakon/FRA333-KINEMATICS/FRA333-Assignment-lab2-template/lab2_ws/build/robot_23_kinematics_interfaces
