[  3%] Built target my_first_package__cpp
[ 12%] Built target my_first_package__rosidl_generator_c
[ 18%] Built target cpp_node_test
[ 27%] Built target my_first_package__rosidl_typesupport_introspection_cpp
[ 36%] Built target my_first_package__rosidl_typesupport_c
[ 54%] Built target my_first_package__rosidl_typesupport_introspection_c
[ 54%] Built target my_first_package__rosidl_typesupport_fastrtps_cpp
[ 63%] Built target my_first_package__rosidl_typesupport_cpp
[ 72%] Built target my_first_package__rosidl_typesupport_fastrtps_c
[ 72%] Built target my_first_package
[ 75%] Built target my_first_package__py
[ 81%] Built target my_first_package__python
[100%] Built target my_first_package__rosidl_typesupport_fastrtps_c__pyext
[100%] Built target my_first_package__rosidl_typesupport_introspection_c__pyext
[100%] Built target my_first_package__rosidl_typesupport_c__pyext
-- Install configuration: ""
-- Execute custom install script
-- Up-to-date symlink: /home/student26/fra333_ws/install/my_first_package/share/my_first_package/environment/pythonpath.sh
-- Up-to-date symlink: /home/student26/fra333_ws/install/my_first_package/share/my_first_package/environment/pythonpath.dsv
-- Symlinking: /home/student26/fra333_ws/install/my_first_package/lib/python3.8/site-packages/my_first_package/__init__.py
-- Up-to-date symlink: /home/student26/fra333_ws/install/my_first_package/lib/my_first_package/01_pub.py
-- Up-to-date symlink: /home/student26/fra333_ws/install/my_first_package/lib/my_first_package/01_sub.py
-- Up-to-date symlink: /home/student26/fra333_ws/install/my_first_package/lib/my_first_package/cpp_node_test
-- Up-to-date symlink: /home/student26/fra333_ws/install/my_first_package/share/ament_index/resource_index/rosidl_interfaces/my_first_package
-- Up-to-date symlink: /home/student26/fra333_ws/install/my_first_package/include/my_first_package/msg/rosidl_generator_c__visibility_control.h
-- Up-to-date symlink: /home/student26/fra333_ws/install/my_first_package/include/my_first_package/srv/detail/set_goal__functions.h
-- Up-to-date symlink: /home/student26/fra333_ws/install/my_first_package/include/my_first_package/srv/detail/set_goal__struct.h
-- Up-to-date symlink: /home/student26/fra333_ws/install/my_first_package/include/my_first_package/srv/detail/set_goal__type_support.h
-- Up-to-date symlink: /home/student26/fra333_ws/install/my_first_package/include/my_first_package/srv/set_goal.h
-- Up-to-date symlink: /home/student26/fra333_ws/install/my_first_package/share/my_first_package/environment/library_path.sh
-- Up-to-date symlink: /home/student26/fra333_ws/install/my_first_package/share/my_first_package/environment/library_path.dsv
-- Up-to-date symlink: /home/student26/fra333_ws/install/my_first_package/include/my_first_package/msg/rosidl_typesupport_fastrtps_c__visibility_control.h
-- Up-to-date symlink: /home/student26/fra333_ws/install/my_first_package/include/my_first_package/srv/detail/set_goal__rosidl_typesupport_fastrtps_c.h
-- Up-to-date symlink: /home/student26/fra333_ws/install/my_first_package/lib/libmy_first_package__rosidl_typesupport_fastrtps_c.so
-- Up-to-date symlink: /home/student26/fra333_ws/install/my_first_package/include/my_first_package/msg/rosidl_typesupport_fastrtps_cpp__visibility_control.h
-- Up-to-date symlink: /home/student26/fra333_ws/install/my_first_package/include/my_first_package/srv/detail/set_goal__rosidl_typesupport_fastrtps_cpp.hpp
-- Up-to-date symlink: /home/student26/fra333_ws/install/my_first_package/lib/libmy_first_package__rosidl_typesupport_fastrtps_cpp.so
-- Up-to-date symlink: /home/student26/fra333_ws/install/my_first_package/include/my_first_package/msg/rosidl_typesupport_introspection_c__visibility_control.h
-- Up-to-date symlink: /home/student26/fra333_ws/install/my_first_package/include/my_first_package/srv/detail/set_goal__rosidl_typesupport_introspection_c.h
-- Up-to-date symlink: /home/student26/fra333_ws/install/my_first_package/include/my_first_package/srv/detail/set_goal__builder.hpp
-- Up-to-date symlink: /home/student26/fra333_ws/install/my_first_package/include/my_first_package/srv/detail/set_goal__struct.hpp
-- Up-to-date symlink: /home/student26/fra333_ws/install/my_first_package/include/my_first_package/srv/detail/set_goal__traits.hpp
-- Up-to-date symlink: /home/student26/fra333_ws/install/my_first_package/include/my_first_package/srv/set_goal.hpp
-- Up-to-date symlink: /home/student26/fra333_ws/install/my_first_package/include/my_first_package/srv/detail/set_goal__rosidl_typesupport_introspection_cpp.hpp
-- Symlinking: /home/student26/fra333_ws/install/my_first_package/lib/python3.8/site-packages/my_first_package/__init__.py
-- Up-to-date symlink: /home/student26/fra333_ws/install/my_first_package/lib/python3.8/site-packages/my_first_package/srv/__init__.py
-- Up-to-date symlink: /home/student26/fra333_ws/install/my_first_package/lib/python3.8/site-packages/my_first_package/srv/_set_goal.py
-- Up-to-date symlink: /home/student26/fra333_ws/install/my_first_package/lib/python3.8/site-packages/my_first_package/my_first_package_s__rosidl_typesupport_fastrtps_c.cpython-38-x86_64-linux-gnu.so
-- Up-to-date symlink: /home/student26/fra333_ws/install/my_first_package/lib/python3.8/site-packages/my_first_package/my_first_package_s__rosidl_typesupport_introspection_c.cpython-38-x86_64-linux-gnu.so
-- Up-to-date symlink: /home/student26/fra333_ws/install/my_first_package/lib/python3.8/site-packages/my_first_package/my_first_package_s__rosidl_typesupport_c.cpython-38-x86_64-linux-gnu.so
-- Up-to-date symlink: /home/student26/fra333_ws/install/my_first_package/lib/libmy_first_package__python.so
-- Up-to-date symlink: /home/student26/fra333_ws/install/my_first_package/share/my_first_package/srv/SetGoal.idl
-- Up-to-date symlink: /home/student26/fra333_ws/install/my_first_package/share/my_first_package/srv/SetGoal.srv
-- Up-to-date symlink: /home/student26/fra333_ws/install/my_first_package/share/my_first_package/srv/SetGoal_Request.msg
-- Up-to-date symlink: /home/student26/fra333_ws/install/my_first_package/share/my_first_package/srv/SetGoal_Response.msg
-- Up-to-date symlink: /home/student26/fra333_ws/install/my_first_package/share/ament_index/resource_index/package_run_dependencies/my_first_package
-- Up-to-date symlink: /home/student26/fra333_ws/install/my_first_package/share/ament_index/resource_index/parent_prefix_path/my_first_package
-- Up-to-date symlink: /home/student26/fra333_ws/install/my_first_package/share/my_first_package/environment/ament_prefix_path.sh
-- Up-to-date symlink: /home/student26/fra333_ws/install/my_first_package/share/my_first_package/environment/ament_prefix_path.dsv
-- Up-to-date symlink: /home/student26/fra333_ws/install/my_first_package/share/my_first_package/environment/path.sh
-- Up-to-date symlink: /home/student26/fra333_ws/install/my_first_package/share/my_first_package/environment/path.dsv
-- Up-to-date symlink: /home/student26/fra333_ws/install/my_first_package/share/my_first_package/local_setup.bash
-- Up-to-date symlink: /home/student26/fra333_ws/install/my_first_package/share/my_first_package/local_setup.sh
-- Up-to-date symlink: /home/student26/fra333_ws/install/my_first_package/share/my_first_package/local_setup.zsh
-- Up-to-date symlink: /home/student26/fra333_ws/install/my_first_package/share/my_first_package/local_setup.dsv
-- Symlinking: /home/student26/fra333_ws/install/my_first_package/share/my_first_package/package.dsv
-- Up-to-date symlink: /home/student26/fra333_ws/install/my_first_package/share/ament_index/resource_index/packages/my_first_package
-- Up-to-date symlink: /home/student26/fra333_ws/install/my_first_package/share/my_first_package/cmake/rosidl_cmake-extras.cmake
-- Up-to-date symlink: /home/student26/fra333_ws/install/my_first_package/share/my_first_package/cmake/ament_cmake_export_dependencies-extras.cmake
-- Up-to-date symlink: /home/student26/fra333_ws/install/my_first_package/share/my_first_package/cmake/ament_cmake_export_libraries-extras.cmake
-- Up-to-date symlink: /home/student26/fra333_ws/install/my_first_package/share/my_first_package/cmake/ament_cmake_export_targets-extras.cmake
-- Up-to-date symlink: /home/student26/fra333_ws/install/my_first_package/share/my_first_package/cmake/ament_cmake_export_include_directories-extras.cmake
-- Up-to-date symlink: /home/student26/fra333_ws/install/my_first_package/share/my_first_package/cmake/rosidl_cmake_export_typesupport_libraries-extras.cmake
-- Up-to-date symlink: /home/student26/fra333_ws/install/my_first_package/share/my_first_package/cmake/rosidl_cmake_export_typesupport_targets-extras.cmake
-- Up-to-date symlink: /home/student26/fra333_ws/install/my_first_package/share/my_first_package/cmake/my_first_packageConfig.cmake
-- Up-to-date symlink: /home/student26/fra333_ws/install/my_first_package/share/my_first_package/cmake/my_first_packageConfig-version.cmake
-- Up-to-date symlink: /home/student26/fra333_ws/install/my_first_package/share/my_first_package/package.xml
Listing '/home/student26/fra333_ws/install/my_first_package/lib/python3.8/site-packages/my_first_package'...
Listing '/home/student26/fra333_ws/install/my_first_package/lib/python3.8/site-packages/my_first_package/srv'...
-- Up-to-date: /home/student26/fra333_ws/install/my_first_package/lib/libmy_first_package__rosidl_generator_c.so
-- Up-to-date: /home/student26/fra333_ws/install/my_first_package/lib/libmy_first_package__rosidl_typesupport_introspection_c.so
-- Up-to-date: /home/student26/fra333_ws/install/my_first_package/lib/libmy_first_package__rosidl_typesupport_c.so
-- Up-to-date: /home/student26/fra333_ws/install/my_first_package/lib/libmy_first_package__rosidl_typesupport_introspection_cpp.so
-- Up-to-date: /home/student26/fra333_ws/install/my_first_package/lib/libmy_first_package__rosidl_typesupport_cpp.so
-- Up-to-date: /home/student26/fra333_ws/install/my_first_package/share/my_first_package/cmake/my_first_package__rosidl_generator_cExport.cmake
-- Up-to-date: /home/student26/fra333_ws/install/my_first_package/share/my_first_package/cmake/my_first_package__rosidl_generator_cExport-noconfig.cmake
-- Up-to-date: /home/student26/fra333_ws/install/my_first_package/share/my_first_package/cmake/my_first_package__rosidl_typesupport_introspection_cExport.cmake
-- Up-to-date: /home/student26/fra333_ws/install/my_first_package/share/my_first_package/cmake/my_first_package__rosidl_typesupport_introspection_cExport-noconfig.cmake
-- Up-to-date: /home/student26/fra333_ws/install/my_first_package/share/my_first_package/cmake/my_first_package__rosidl_typesupport_cExport.cmake
-- Up-to-date: /home/student26/fra333_ws/install/my_first_package/share/my_first_package/cmake/my_first_package__rosidl_typesupport_cExport-noconfig.cmake
-- Up-to-date: /home/student26/fra333_ws/install/my_first_package/share/my_first_package/cmake/my_first_package__rosidl_generator_cppExport.cmake
-- Up-to-date: /home/student26/fra333_ws/install/my_first_package/share/my_first_package/cmake/my_first_package__rosidl_typesupport_introspection_cppExport.cmake
-- Up-to-date: /home/student26/fra333_ws/install/my_first_package/share/my_first_package/cmake/my_first_package__rosidl_typesupport_introspection_cppExport-noconfig.cmake
-- Up-to-date: /home/student26/fra333_ws/install/my_first_package/share/my_first_package/cmake/my_first_package__rosidl_typesupport_cppExport.cmake
-- Up-to-date: /home/student26/fra333_ws/install/my_first_package/share/my_first_package/cmake/my_first_package__rosidl_typesupport_cppExport-noconfig.cmake
