[0.016s] Invoking command in '/home/student26/fra333_ws/build/my_first_package': CMAKE_PREFIX_PATH=${CMAKE_PREFIX_PATH}:/opt/ros/foxy /usr/bin/cmake --build /home/student26/fra333_ws/build/my_first_package -- -j8 -l8
[0.073s] [  3%] Built target my_first_package__cpp
[0.073s] [ 12%] Built target my_first_package__rosidl_generator_c
[0.076s] [ 18%] Built target cpp_node_test
[0.096s] [ 27%] Built target my_first_package__rosidl_typesupport_introspection_cpp
[0.096s] [ 36%] Built target my_first_package__rosidl_typesupport_c
[0.101s] [ 54%] Built target my_first_package__rosidl_typesupport_introspection_c
[0.101s] [ 54%] Built target my_first_package__rosidl_typesupport_fastrtps_cpp
[0.103s] [ 63%] Built target my_first_package__rosidl_typesupport_cpp
[0.132s] [ 72%] Built target my_first_package__rosidl_typesupport_fastrtps_c
[0.156s] [ 72%] Built target my_first_package
[0.179s] [ 75%] Built target my_first_package__py
[0.207s] [ 81%] Built target my_first_package__python
[0.233s] [100%] Built target my_first_package__rosidl_typesupport_fastrtps_c__pyext
[0.233s] [100%] Built target my_first_package__rosidl_typesupport_introspection_c__pyext
[0.233s] [100%] Built target my_first_package__rosidl_typesupport_c__pyext
[0.244s] Invoked command in '/home/student26/fra333_ws/build/my_first_package' returned '0': CMAKE_PREFIX_PATH=${CMAKE_PREFIX_PATH}:/opt/ros/foxy /usr/bin/cmake --build /home/student26/fra333_ws/build/my_first_package -- -j8 -l8
[0.303s] Invoking command in '/home/student26/fra333_ws/build/my_first_package': CMAKE_PREFIX_PATH=${CMAKE_PREFIX_PATH}:/opt/ros/foxy /usr/bin/cmake --install /home/student26/fra333_ws/build/my_first_package
[0.314s] -- Install configuration: ""
[0.314s] -- Execute custom install script
[0.315s] -- Up-to-date symlink: /home/student26/fra333_ws/install/my_first_package/share/my_first_package/environment/pythonpath.sh
[0.315s] -- Up-to-date symlink: /home/student26/fra333_ws/install/my_first_package/share/my_first_package/environment/pythonpath.dsv
[0.316s] -- Symlinking: /home/student26/fra333_ws/install/my_first_package/lib/python3.8/site-packages/my_first_package/__init__.py
[0.325s] -- Up-to-date symlink: /home/student26/fra333_ws/install/my_first_package/lib/my_first_package/01_pub.py
[0.325s] -- Up-to-date symlink: /home/student26/fra333_ws/install/my_first_package/lib/my_first_package/01_sub.py
[0.325s] -- Up-to-date symlink: /home/student26/fra333_ws/install/my_first_package/lib/my_first_package/cpp_node_test
[0.326s] -- Up-to-date symlink: /home/student26/fra333_ws/install/my_first_package/share/ament_index/resource_index/rosidl_interfaces/my_first_package
[0.326s] -- Up-to-date symlink: /home/student26/fra333_ws/install/my_first_package/include/my_first_package/msg/rosidl_generator_c__visibility_control.h
[0.327s] -- Up-to-date symlink: /home/student26/fra333_ws/install/my_first_package/include/my_first_package/srv/detail/set_goal__functions.h
[0.327s] -- Up-to-date symlink: /home/student26/fra333_ws/install/my_first_package/include/my_first_package/srv/detail/set_goal__struct.h
[0.327s] -- Up-to-date symlink: /home/student26/fra333_ws/install/my_first_package/include/my_first_package/srv/detail/set_goal__type_support.h
[0.327s] -- Up-to-date symlink: /home/student26/fra333_ws/install/my_first_package/include/my_first_package/srv/set_goal.h
[0.327s] -- Up-to-date symlink: /home/student26/fra333_ws/install/my_first_package/share/my_first_package/environment/library_path.sh
[0.328s] -- Up-to-date symlink: /home/student26/fra333_ws/install/my_first_package/share/my_first_package/environment/library_path.dsv
[0.328s] -- Up-to-date symlink: /home/student26/fra333_ws/install/my_first_package/include/my_first_package/msg/rosidl_typesupport_fastrtps_c__visibility_control.h
[0.328s] -- Up-to-date symlink: /home/student26/fra333_ws/install/my_first_package/include/my_first_package/srv/detail/set_goal__rosidl_typesupport_fastrtps_c.h
[0.329s] -- Up-to-date symlink: /home/student26/fra333_ws/install/my_first_package/lib/libmy_first_package__rosidl_typesupport_fastrtps_c.so
[0.329s] -- Up-to-date symlink: /home/student26/fra333_ws/install/my_first_package/include/my_first_package/msg/rosidl_typesupport_fastrtps_cpp__visibility_control.h
[0.330s] -- Up-to-date symlink: /home/student26/fra333_ws/install/my_first_package/include/my_first_package/srv/detail/set_goal__rosidl_typesupport_fastrtps_cpp.hpp
[0.330s] -- Up-to-date symlink: /home/student26/fra333_ws/install/my_first_package/lib/libmy_first_package__rosidl_typesupport_fastrtps_cpp.so
[0.330s] -- Up-to-date symlink: /home/student26/fra333_ws/install/my_first_package/include/my_first_package/msg/rosidl_typesupport_introspection_c__visibility_control.h
[0.331s] -- Up-to-date symlink: /home/student26/fra333_ws/install/my_first_package/include/my_first_package/srv/detail/set_goal__rosidl_typesupport_introspection_c.h
[0.331s] -- Up-to-date symlink: /home/student26/fra333_ws/install/my_first_package/include/my_first_package/srv/detail/set_goal__builder.hpp
[0.331s] -- Up-to-date symlink: /home/student26/fra333_ws/install/my_first_package/include/my_first_package/srv/detail/set_goal__struct.hpp
[0.332s] -- Up-to-date symlink: /home/student26/fra333_ws/install/my_first_package/include/my_first_package/srv/detail/set_goal__traits.hpp
[0.332s] -- Up-to-date symlink: /home/student26/fra333_ws/install/my_first_package/include/my_first_package/srv/set_goal.hpp
[0.332s] -- Up-to-date symlink: /home/student26/fra333_ws/install/my_first_package/include/my_first_package/srv/detail/set_goal__rosidl_typesupport_introspection_cpp.hpp
[0.333s] -- Symlinking: /home/student26/fra333_ws/install/my_first_package/lib/python3.8/site-packages/my_first_package/__init__.py
[0.342s] -- Up-to-date symlink: /home/student26/fra333_ws/install/my_first_package/lib/python3.8/site-packages/my_first_package/srv/__init__.py
[0.342s] -- Up-to-date symlink: /home/student26/fra333_ws/install/my_first_package/lib/python3.8/site-packages/my_first_package/srv/_set_goal.py
[0.342s] -- Up-to-date symlink: /home/student26/fra333_ws/install/my_first_package/lib/python3.8/site-packages/my_first_package/my_first_package_s__rosidl_typesupport_fastrtps_c.cpython-38-x86_64-linux-gnu.so
[0.343s] -- Up-to-date symlink: /home/student26/fra333_ws/install/my_first_package/lib/python3.8/site-packages/my_first_package/my_first_package_s__rosidl_typesupport_introspection_c.cpython-38-x86_64-linux-gnu.so
[0.343s] -- Up-to-date symlink: /home/student26/fra333_ws/install/my_first_package/lib/python3.8/site-packages/my_first_package/my_first_package_s__rosidl_typesupport_c.cpython-38-x86_64-linux-gnu.so
[0.343s] -- Up-to-date symlink: /home/student26/fra333_ws/install/my_first_package/lib/libmy_first_package__python.so
[0.344s] -- Up-to-date symlink: /home/student26/fra333_ws/install/my_first_package/share/my_first_package/srv/SetGoal.idl
[0.344s] -- Up-to-date symlink: /home/student26/fra333_ws/install/my_first_package/share/my_first_package/srv/SetGoal.srv
[0.344s] -- Up-to-date symlink: /home/student26/fra333_ws/install/my_first_package/share/my_first_package/srv/SetGoal_Request.msg
[0.345s] -- Up-to-date symlink: /home/student26/fra333_ws/install/my_first_package/share/my_first_package/srv/SetGoal_Response.msg
[0.345s] -- Up-to-date symlink: /home/student26/fra333_ws/install/my_first_package/share/ament_index/resource_index/package_run_dependencies/my_first_package
[0.345s] -- Up-to-date symlink: /home/student26/fra333_ws/install/my_first_package/share/ament_index/resource_index/parent_prefix_path/my_first_package
[0.346s] -- Up-to-date symlink: /home/student26/fra333_ws/install/my_first_package/share/my_first_package/environment/ament_prefix_path.sh
[0.346s] -- Up-to-date symlink: /home/student26/fra333_ws/install/my_first_package/share/my_first_package/environment/ament_prefix_path.dsv
[0.346s] -- Up-to-date symlink: /home/student26/fra333_ws/install/my_first_package/share/my_first_package/environment/path.sh
[0.347s] -- Up-to-date symlink: /home/student26/fra333_ws/install/my_first_package/share/my_first_package/environment/path.dsv
[0.347s] -- Up-to-date symlink: /home/student26/fra333_ws/install/my_first_package/share/my_first_package/local_setup.bash
[0.347s] -- Up-to-date symlink: /home/student26/fra333_ws/install/my_first_package/share/my_first_package/local_setup.sh
[0.348s] -- Up-to-date symlink: /home/student26/fra333_ws/install/my_first_package/share/my_first_package/local_setup.zsh
[0.348s] -- Up-to-date symlink: /home/student26/fra333_ws/install/my_first_package/share/my_first_package/local_setup.dsv
[0.348s] -- Symlinking: /home/student26/fra333_ws/install/my_first_package/share/my_first_package/package.dsv
[0.357s] -- Up-to-date symlink: /home/student26/fra333_ws/install/my_first_package/share/ament_index/resource_index/packages/my_first_package
[0.357s] -- Up-to-date symlink: /home/student26/fra333_ws/install/my_first_package/share/my_first_package/cmake/rosidl_cmake-extras.cmake
[0.357s] -- Up-to-date symlink: /home/student26/fra333_ws/install/my_first_package/share/my_first_package/cmake/ament_cmake_export_dependencies-extras.cmake
[0.358s] -- Up-to-date symlink: /home/student26/fra333_ws/install/my_first_package/share/my_first_package/cmake/ament_cmake_export_libraries-extras.cmake
[0.358s] -- Up-to-date symlink: /home/student26/fra333_ws/install/my_first_package/share/my_first_package/cmake/ament_cmake_export_targets-extras.cmake
[0.358s] -- Up-to-date symlink: /home/student26/fra333_ws/install/my_first_package/share/my_first_package/cmake/ament_cmake_export_include_directories-extras.cmake
[0.358s] -- Up-to-date symlink: /home/student26/fra333_ws/install/my_first_package/share/my_first_package/cmake/rosidl_cmake_export_typesupport_libraries-extras.cmake
[0.359s] -- Up-to-date symlink: /home/student26/fra333_ws/install/my_first_package/share/my_first_package/cmake/rosidl_cmake_export_typesupport_targets-extras.cmake
[0.359s] -- Up-to-date symlink: /home/student26/fra333_ws/install/my_first_package/share/my_first_package/cmake/my_first_packageConfig.cmake
[0.359s] -- Up-to-date symlink: /home/student26/fra333_ws/install/my_first_package/share/my_first_package/cmake/my_first_packageConfig-version.cmake
[0.359s] -- Up-to-date symlink: /home/student26/fra333_ws/install/my_first_package/share/my_first_package/package.xml
[0.387s] Listing '/home/student26/fra333_ws/install/my_first_package/lib/python3.8/site-packages/my_first_package'...
[0.387s] Listing '/home/student26/fra333_ws/install/my_first_package/lib/python3.8/site-packages/my_first_package/srv'...
[0.391s] -- Up-to-date: /home/student26/fra333_ws/install/my_first_package/lib/libmy_first_package__rosidl_generator_c.so
[0.391s] -- Up-to-date: /home/student26/fra333_ws/install/my_first_package/lib/libmy_first_package__rosidl_typesupport_introspection_c.so
[0.392s] -- Up-to-date: /home/student26/fra333_ws/install/my_first_package/lib/libmy_first_package__rosidl_typesupport_c.so
[0.392s] -- Up-to-date: /home/student26/fra333_ws/install/my_first_package/lib/libmy_first_package__rosidl_typesupport_introspection_cpp.so
[0.392s] -- Up-to-date: /home/student26/fra333_ws/install/my_first_package/lib/libmy_first_package__rosidl_typesupport_cpp.so
[0.424s] -- Up-to-date: /home/student26/fra333_ws/install/my_first_package/share/my_first_package/cmake/my_first_package__rosidl_generator_cExport.cmake
[0.425s] -- Up-to-date: /home/student26/fra333_ws/install/my_first_package/share/my_first_package/cmake/my_first_package__rosidl_generator_cExport-noconfig.cmake
[0.425s] -- Up-to-date: /home/student26/fra333_ws/install/my_first_package/share/my_first_package/cmake/my_first_package__rosidl_typesupport_introspection_cExport.cmake
[0.425s] -- Up-to-date: /home/student26/fra333_ws/install/my_first_package/share/my_first_package/cmake/my_first_package__rosidl_typesupport_introspection_cExport-noconfig.cmake
[0.425s] -- Up-to-date: /home/student26/fra333_ws/install/my_first_package/share/my_first_package/cmake/my_first_package__rosidl_typesupport_cExport.cmake
[0.425s] -- Up-to-date: /home/student26/fra333_ws/install/my_first_package/share/my_first_package/cmake/my_first_package__rosidl_typesupport_cExport-noconfig.cmake
[0.426s] -- Up-to-date: /home/student26/fra333_ws/install/my_first_package/share/my_first_package/cmake/my_first_package__rosidl_generator_cppExport.cmake
[0.426s] -- Up-to-date: /home/student26/fra333_ws/install/my_first_package/share/my_first_package/cmake/my_first_package__rosidl_typesupport_introspection_cppExport.cmake
[0.426s] -- Up-to-date: /home/student26/fra333_ws/install/my_first_package/share/my_first_package/cmake/my_first_package__rosidl_typesupport_introspection_cppExport-noconfig.cmake
[0.426s] -- Up-to-date: /home/student26/fra333_ws/install/my_first_package/share/my_first_package/cmake/my_first_package__rosidl_typesupport_cppExport.cmake
[0.426s] -- Up-to-date: /home/student26/fra333_ws/install/my_first_package/share/my_first_package/cmake/my_first_package__rosidl_typesupport_cppExport-noconfig.cmake
[0.430s] Invoked command in '/home/student26/fra333_ws/build/my_first_package' returned '0': CMAKE_PREFIX_PATH=${CMAKE_PREFIX_PATH}:/opt/ros/foxy /usr/bin/cmake --install /home/student26/fra333_ws/build/my_first_package
