[0.017s] Invoking command in '/home/ronnakon/FRA333-KINEMATICS/fra333_lab1/lab1_ws/build/fra333_lab1_23': CMAKE_PREFIX_PATH=${CMAKE_PREFIX_PATH}:/opt/ros/foxy /usr/bin/cmake /home/ronnakon/FRA333-KINEMATICS/fra333_lab1/lab1_ws/src/fra333_lab1_23 -DAMENT_CMAKE_SYMLINK_INSTALL=1 -DCMAKE_INSTALL_PREFIX=/home/ronnakon/FRA333-KINEMATICS/fra333_lab1/lab1_ws/install/fra333_lab1_23
[0.027s] -- Found ament_cmake: 0.9.9 (/opt/ros/foxy/share/ament_cmake/cmake)
[0.046s] -- Using PYTHON_EXECUTABLE: /usr/bin/python3
[0.165s] -- Override CMake install command with custom implementation using symlinks instead of copying resources
[0.174s] -- Found rclcpp: 2.4.1 (/opt/ros/foxy/share/rclcpp/cmake)
[0.200s] -- Using all available rosidl_typesupport_c: rosidl_typesupport_fastrtps_c;rosidl_typesupport_introspection_c
[0.202s] -- Found rosidl_adapter: 1.2.1 (/opt/ros/foxy/share/rosidl_adapter/cmake)
[0.293s] -- Using all available rosidl_typesupport_cpp: rosidl_typesupport_fastrtps_cpp;rosidl_typesupport_introspection_cpp
[0.332s] -- Found rmw_implementation_cmake: 1.0.3 (/opt/ros/foxy/share/rmw_implementation_cmake/cmake)
[0.333s] -- Using RMW implementation 'rmw_fastrtps_cpp' as default
[0.449s] -- Found rclpy: 1.0.8 (/opt/ros/foxy/share/rclpy/cmake)
[0.496s] -- Configuring done
[0.504s] -- Generating done
[0.505s] -- Build files have been written to: /home/ronnakon/FRA333-KINEMATICS/fra333_lab1/lab1_ws/build/fra333_lab1_23
[0.510s] Invoked command in '/home/ronnakon/FRA333-KINEMATICS/fra333_lab1/lab1_ws/build/fra333_lab1_23' returned '0': CMAKE_PREFIX_PATH=${CMAKE_PREFIX_PATH}:/opt/ros/foxy /usr/bin/cmake /home/ronnakon/FRA333-KINEMATICS/fra333_lab1/lab1_ws/src/fra333_lab1_23 -DAMENT_CMAKE_SYMLINK_INSTALL=1 -DCMAKE_INSTALL_PREFIX=/home/ronnakon/FRA333-KINEMATICS/fra333_lab1/lab1_ws/install/fra333_lab1_23
[0.512s] Invoking command in '/home/ronnakon/FRA333-KINEMATICS/fra333_lab1/lab1_ws/build/fra333_lab1_23': CMAKE_PREFIX_PATH=${CMAKE_PREFIX_PATH}:/opt/ros/foxy /usr/bin/cmake --build /home/ronnakon/FRA333-KINEMATICS/fra333_lab1/lab1_ws/build/fra333_lab1_23 -- -j12 -l12
[0.556s] [100%] Built target cpp_node_test
[0.563s] Invoked command in '/home/ronnakon/FRA333-KINEMATICS/fra333_lab1/lab1_ws/build/fra333_lab1_23' returned '0': CMAKE_PREFIX_PATH=${CMAKE_PREFIX_PATH}:/opt/ros/foxy /usr/bin/cmake --build /home/ronnakon/FRA333-KINEMATICS/fra333_lab1/lab1_ws/build/fra333_lab1_23 -- -j12 -l12
[0.595s] Invoking command in '/home/ronnakon/FRA333-KINEMATICS/fra333_lab1/lab1_ws/build/fra333_lab1_23': CMAKE_PREFIX_PATH=${CMAKE_PREFIX_PATH}:/opt/ros/foxy /usr/bin/cmake --install /home/ronnakon/FRA333-KINEMATICS/fra333_lab1/lab1_ws/build/fra333_lab1_23
[0.604s] -- Install configuration: ""
[0.605s] -- Execute custom install script
[0.605s] -- Up-to-date symlink: /home/ronnakon/FRA333-KINEMATICS/fra333_lab1/lab1_ws/install/fra333_lab1_23/share/fra333_lab1_23/environment/pythonpath.sh
[0.606s] -- Up-to-date symlink: /home/ronnakon/FRA333-KINEMATICS/fra333_lab1/lab1_ws/install/fra333_lab1_23/share/fra333_lab1_23/environment/pythonpath.dsv
[0.606s] -- Up-to-date symlink: /home/ronnakon/FRA333-KINEMATICS/fra333_lab1/lab1_ws/install/fra333_lab1_23/lib/python3.8/site-packages/fra333_lab1_23/__init__.py
[0.606s] -- Up-to-date symlink: /home/ronnakon/FRA333-KINEMATICS/fra333_lab1/lab1_ws/install/fra333_lab1_23/lib/python3.8/site-packages/fra333_lab1_23/dummy_module.py
[0.606s] -- Up-to-date symlink: /home/ronnakon/FRA333-KINEMATICS/fra333_lab1/lab1_ws/install/fra333_lab1_23/lib/fra333_lab1_23/dummy_script.py
[0.607s] -- Up-to-date symlink: /home/ronnakon/FRA333-KINEMATICS/fra333_lab1/lab1_ws/install/fra333_lab1_23/lib/fra333_lab1_23/cpp_node_test
[0.607s] -- Up-to-date symlink: /home/ronnakon/FRA333-KINEMATICS/fra333_lab1/lab1_ws/install/fra333_lab1_23/share/ament_index/resource_index/package_run_dependencies/fra333_lab1_23
[0.607s] -- Up-to-date symlink: /home/ronnakon/FRA333-KINEMATICS/fra333_lab1/lab1_ws/install/fra333_lab1_23/share/ament_index/resource_index/parent_prefix_path/fra333_lab1_23
[0.607s] -- Up-to-date symlink: /home/ronnakon/FRA333-KINEMATICS/fra333_lab1/lab1_ws/install/fra333_lab1_23/share/fra333_lab1_23/environment/ament_prefix_path.sh
[0.608s] -- Up-to-date symlink: /home/ronnakon/FRA333-KINEMATICS/fra333_lab1/lab1_ws/install/fra333_lab1_23/share/fra333_lab1_23/environment/ament_prefix_path.dsv
[0.608s] -- Up-to-date symlink: /home/ronnakon/FRA333-KINEMATICS/fra333_lab1/lab1_ws/install/fra333_lab1_23/share/fra333_lab1_23/environment/path.sh
[0.608s] -- Up-to-date symlink: /home/ronnakon/FRA333-KINEMATICS/fra333_lab1/lab1_ws/install/fra333_lab1_23/share/fra333_lab1_23/environment/path.dsv
[0.608s] -- Up-to-date symlink: /home/ronnakon/FRA333-KINEMATICS/fra333_lab1/lab1_ws/install/fra333_lab1_23/share/fra333_lab1_23/local_setup.bash
[0.608s] -- Up-to-date symlink: /home/ronnakon/FRA333-KINEMATICS/fra333_lab1/lab1_ws/install/fra333_lab1_23/share/fra333_lab1_23/local_setup.sh
[0.609s] -- Up-to-date symlink: /home/ronnakon/FRA333-KINEMATICS/fra333_lab1/lab1_ws/install/fra333_lab1_23/share/fra333_lab1_23/local_setup.zsh
[0.609s] -- Up-to-date symlink: /home/ronnakon/FRA333-KINEMATICS/fra333_lab1/lab1_ws/install/fra333_lab1_23/share/fra333_lab1_23/local_setup.dsv
[0.609s] -- Symlinking: /home/ronnakon/FRA333-KINEMATICS/fra333_lab1/lab1_ws/install/fra333_lab1_23/share/fra333_lab1_23/package.dsv
[0.618s] -- Up-to-date symlink: /home/ronnakon/FRA333-KINEMATICS/fra333_lab1/lab1_ws/install/fra333_lab1_23/share/ament_index/resource_index/packages/fra333_lab1_23
[0.618s] -- Up-to-date symlink: /home/ronnakon/FRA333-KINEMATICS/fra333_lab1/lab1_ws/install/fra333_lab1_23/share/fra333_lab1_23/cmake/fra333_lab1_23Config.cmake
[0.618s] -- Up-to-date symlink: /home/ronnakon/FRA333-KINEMATICS/fra333_lab1/lab1_ws/install/fra333_lab1_23/share/fra333_lab1_23/cmake/fra333_lab1_23Config-version.cmake
[0.619s] -- Up-to-date symlink: /home/ronnakon/FRA333-KINEMATICS/fra333_lab1/lab1_ws/install/fra333_lab1_23/share/fra333_lab1_23/package.xml
[0.639s] Listing '/home/ronnakon/FRA333-KINEMATICS/fra333_lab1/lab1_ws/install/fra333_lab1_23/lib/python3.8/site-packages/fra333_lab1_23'...
[0.644s] Invoked command in '/home/ronnakon/FRA333-KINEMATICS/fra333_lab1/lab1_ws/build/fra333_lab1_23' returned '0': CMAKE_PREFIX_PATH=${CMAKE_PREFIX_PATH}:/opt/ros/foxy /usr/bin/cmake --install /home/ronnakon/FRA333-KINEMATICS/fra333_lab1/lab1_ws/build/fra333_lab1_23
