[0.055s] Invoking command in '/home/ronnakon/FRA333-KINEMATICS/fra333_lab3-main/build/robot_interfaces': CMAKE_PREFIX_PATH=${CMAKE_PREFIX_PATH}:/opt/ros/foxy /usr/bin/cmake --build /home/ronnakon/FRA333-KINEMATICS/fra333_lab3-main/build/robot_interfaces -- -j4 -l4
[0.234s] [  2%] Built target robot_interfaces__cpp
[0.318s] [ 12%] Built target robot_interfaces__rosidl_generator_c
[0.392s] [ 23%] Built target robot_interfaces__rosidl_typesupport_cpp
[0.436s] [ 33%] Built target robot_interfaces__rosidl_typesupport_c
[0.536s] [ 43%] Built target robot_interfaces__rosidl_typesupport_introspection_c
[0.624s] [ 53%] Built target robot_interfaces__rosidl_typesupport_fastrtps_cpp
[0.738s] [ 64%] Built target robot_interfaces__rosidl_typesupport_introspection_cpp
[0.879s] [ 74%] Built target robot_interfaces__rosidl_typesupport_fastrtps_c
[0.968s] [ 74%] Built target robot_interfaces
[1.041s] [ 76%] Built target robot_interfaces__py
[1.115s] [ 84%] Built target robot_interfaces__python
[1.198s] [ 89%] Built target robot_interfaces__rosidl_typesupport_c__pyext
[1.288s] [ 94%] Built target robot_interfaces__rosidl_typesupport_introspection_c__pyext
[1.375s] [100%] Built target robot_interfaces__rosidl_typesupport_fastrtps_c__pyext
[1.416s] Invoked command in '/home/ronnakon/FRA333-KINEMATICS/fra333_lab3-main/build/robot_interfaces' returned '0': CMAKE_PREFIX_PATH=${CMAKE_PREFIX_PATH}:/opt/ros/foxy /usr/bin/cmake --build /home/ronnakon/FRA333-KINEMATICS/fra333_lab3-main/build/robot_interfaces -- -j4 -l4
[1.680s] Invoking command in '/home/ronnakon/FRA333-KINEMATICS/fra333_lab3-main/build/robot_interfaces': CMAKE_PREFIX_PATH=${CMAKE_PREFIX_PATH}:/opt/ros/foxy /usr/bin/cmake --install /home/ronnakon/FRA333-KINEMATICS/fra333_lab3-main/build/robot_interfaces
[1.709s] -- Install configuration: ""
[1.721s] -- Execute custom install script
[1.722s] -- Up-to-date symlink: /home/ronnakon/FRA333-KINEMATICS/fra333_lab3-main/install/robot_interfaces/share/ament_index/resource_index/rosidl_interfaces/robot_interfaces
[1.723s] -- Up-to-date symlink: /home/ronnakon/FRA333-KINEMATICS/fra333_lab3-main/install/robot_interfaces/include/robot_interfaces/msg/rosidl_generator_c__visibility_control.h
[1.723s] -- Up-to-date symlink: /home/ronnakon/FRA333-KINEMATICS/fra333_lab3-main/install/robot_interfaces/include/robot_interfaces/srv/detail/set_goal__functions.h
[1.724s] -- Up-to-date symlink: /home/ronnakon/FRA333-KINEMATICS/fra333_lab3-main/install/robot_interfaces/include/robot_interfaces/srv/detail/set_goal__struct.h
[1.724s] -- Up-to-date symlink: /home/ronnakon/FRA333-KINEMATICS/fra333_lab3-main/install/robot_interfaces/include/robot_interfaces/srv/detail/set_goal__type_support.h
[1.724s] -- Up-to-date symlink: /home/ronnakon/FRA333-KINEMATICS/fra333_lab3-main/install/robot_interfaces/include/robot_interfaces/srv/detail/solve_ik__functions.h
[1.725s] -- Up-to-date symlink: /home/ronnakon/FRA333-KINEMATICS/fra333_lab3-main/install/robot_interfaces/include/robot_interfaces/srv/detail/solve_ik__struct.h
[1.725s] -- Up-to-date symlink: /home/ronnakon/FRA333-KINEMATICS/fra333_lab3-main/install/robot_interfaces/include/robot_interfaces/srv/detail/solve_ik__type_support.h
[1.726s] -- Up-to-date symlink: /home/ronnakon/FRA333-KINEMATICS/fra333_lab3-main/install/robot_interfaces/include/robot_interfaces/srv/set_goal.h
[1.726s] -- Up-to-date symlink: /home/ronnakon/FRA333-KINEMATICS/fra333_lab3-main/install/robot_interfaces/include/robot_interfaces/srv/solve_ik.h
[1.726s] -- Up-to-date symlink: /home/ronnakon/FRA333-KINEMATICS/fra333_lab3-main/install/robot_interfaces/share/robot_interfaces/environment/library_path.sh
[1.727s] -- Up-to-date symlink: /home/ronnakon/FRA333-KINEMATICS/fra333_lab3-main/install/robot_interfaces/share/robot_interfaces/environment/library_path.dsv
[1.730s] -- Up-to-date symlink: /home/ronnakon/FRA333-KINEMATICS/fra333_lab3-main/install/robot_interfaces/include/robot_interfaces/msg/rosidl_typesupport_fastrtps_c__visibility_control.h
[1.730s] -- Up-to-date symlink: /home/ronnakon/FRA333-KINEMATICS/fra333_lab3-main/install/robot_interfaces/include/robot_interfaces/srv/detail/set_goal__rosidl_typesupport_fastrtps_c.h
[1.730s] -- Up-to-date symlink: /home/ronnakon/FRA333-KINEMATICS/fra333_lab3-main/install/robot_interfaces/include/robot_interfaces/srv/detail/solve_ik__rosidl_typesupport_fastrtps_c.h
[1.731s] -- Up-to-date symlink: /home/ronnakon/FRA333-KINEMATICS/fra333_lab3-main/install/robot_interfaces/lib/librobot_interfaces__rosidl_typesupport_fastrtps_c.so
[1.731s] -- Up-to-date symlink: /home/ronnakon/FRA333-KINEMATICS/fra333_lab3-main/install/robot_interfaces/include/robot_interfaces/msg/rosidl_typesupport_fastrtps_cpp__visibility_control.h
[1.731s] -- Up-to-date symlink: /home/ronnakon/FRA333-KINEMATICS/fra333_lab3-main/install/robot_interfaces/include/robot_interfaces/srv/detail/set_goal__rosidl_typesupport_fastrtps_cpp.hpp
[1.732s] -- Up-to-date symlink: /home/ronnakon/FRA333-KINEMATICS/fra333_lab3-main/install/robot_interfaces/include/robot_interfaces/srv/detail/solve_ik__rosidl_typesupport_fastrtps_cpp.hpp
[1.739s] -- Up-to-date symlink: /home/ronnakon/FRA333-KINEMATICS/fra333_lab3-main/install/robot_interfaces/lib/librobot_interfaces__rosidl_typesupport_fastrtps_cpp.so
[1.742s] -- Up-to-date symlink: /home/ronnakon/FRA333-KINEMATICS/fra333_lab3-main/install/robot_interfaces/include/robot_interfaces/msg/rosidl_typesupport_introspection_c__visibility_control.h
[1.742s] -- Up-to-date symlink: /home/ronnakon/FRA333-KINEMATICS/fra333_lab3-main/install/robot_interfaces/include/robot_interfaces/srv/detail/set_goal__rosidl_typesupport_introspection_c.h
[1.742s] -- Up-to-date symlink: /home/ronnakon/FRA333-KINEMATICS/fra333_lab3-main/install/robot_interfaces/include/robot_interfaces/srv/detail/solve_ik__rosidl_typesupport_introspection_c.h
[1.743s] -- Up-to-date symlink: /home/ronnakon/FRA333-KINEMATICS/fra333_lab3-main/install/robot_interfaces/include/robot_interfaces/srv/detail/set_goal__builder.hpp
[1.743s] -- Up-to-date symlink: /home/ronnakon/FRA333-KINEMATICS/fra333_lab3-main/install/robot_interfaces/include/robot_interfaces/srv/detail/set_goal__struct.hpp
[1.743s] -- Up-to-date symlink: /home/ronnakon/FRA333-KINEMATICS/fra333_lab3-main/install/robot_interfaces/include/robot_interfaces/srv/detail/set_goal__traits.hpp
[1.743s] -- Up-to-date symlink: /home/ronnakon/FRA333-KINEMATICS/fra333_lab3-main/install/robot_interfaces/include/robot_interfaces/srv/detail/solve_ik__builder.hpp
[1.744s] -- Up-to-date symlink: /home/ronnakon/FRA333-KINEMATICS/fra333_lab3-main/install/robot_interfaces/include/robot_interfaces/srv/detail/solve_ik__struct.hpp
[1.746s] -- Up-to-date symlink: /home/ronnakon/FRA333-KINEMATICS/fra333_lab3-main/install/robot_interfaces/include/robot_interfaces/srv/detail/solve_ik__traits.hpp
[1.748s] -- Up-to-date symlink: /home/ronnakon/FRA333-KINEMATICS/fra333_lab3-main/install/robot_interfaces/include/robot_interfaces/srv/set_goal.hpp
[1.749s] -- Up-to-date symlink: /home/ronnakon/FRA333-KINEMATICS/fra333_lab3-main/install/robot_interfaces/include/robot_interfaces/srv/solve_ik.hpp
[1.750s] -- Up-to-date symlink: /home/ronnakon/FRA333-KINEMATICS/fra333_lab3-main/install/robot_interfaces/include/robot_interfaces/srv/detail/set_goal__rosidl_typesupport_introspection_cpp.hpp
[1.750s] -- Up-to-date symlink: /home/ronnakon/FRA333-KINEMATICS/fra333_lab3-main/install/robot_interfaces/include/robot_interfaces/srv/detail/solve_ik__rosidl_typesupport_introspection_cpp.hpp
[1.751s] -- Up-to-date symlink: /home/ronnakon/FRA333-KINEMATICS/fra333_lab3-main/install/robot_interfaces/share/robot_interfaces/environment/pythonpath.sh
[1.751s] -- Up-to-date symlink: /home/ronnakon/FRA333-KINEMATICS/fra333_lab3-main/install/robot_interfaces/share/robot_interfaces/environment/pythonpath.dsv
[1.752s] -- Up-to-date symlink: /home/ronnakon/FRA333-KINEMATICS/fra333_lab3-main/install/robot_interfaces/lib/python3.8/site-packages/robot_interfaces/__init__.py
[1.753s] -- Up-to-date symlink: /home/ronnakon/FRA333-KINEMATICS/fra333_lab3-main/install/robot_interfaces/lib/python3.8/site-packages/robot_interfaces/srv/__init__.py
[1.754s] -- Up-to-date symlink: /home/ronnakon/FRA333-KINEMATICS/fra333_lab3-main/install/robot_interfaces/lib/python3.8/site-packages/robot_interfaces/srv/_set_goal.py
[1.754s] -- Up-to-date symlink: /home/ronnakon/FRA333-KINEMATICS/fra333_lab3-main/install/robot_interfaces/lib/python3.8/site-packages/robot_interfaces/srv/_solve_ik.py
[1.755s] -- Up-to-date symlink: /home/ronnakon/FRA333-KINEMATICS/fra333_lab3-main/install/robot_interfaces/lib/python3.8/site-packages/robot_interfaces/robot_interfaces_s__rosidl_typesupport_fastrtps_c.cpython-38-x86_64-linux-gnu.so
[1.755s] -- Up-to-date symlink: /home/ronnakon/FRA333-KINEMATICS/fra333_lab3-main/install/robot_interfaces/lib/python3.8/site-packages/robot_interfaces/robot_interfaces_s__rosidl_typesupport_introspection_c.cpython-38-x86_64-linux-gnu.so
[1.756s] -- Up-to-date symlink: /home/ronnakon/FRA333-KINEMATICS/fra333_lab3-main/install/robot_interfaces/lib/python3.8/site-packages/robot_interfaces/robot_interfaces_s__rosidl_typesupport_c.cpython-38-x86_64-linux-gnu.so
[1.757s] -- Up-to-date symlink: /home/ronnakon/FRA333-KINEMATICS/fra333_lab3-main/install/robot_interfaces/lib/librobot_interfaces__python.so
[1.758s] -- Up-to-date symlink: /home/ronnakon/FRA333-KINEMATICS/fra333_lab3-main/install/robot_interfaces/share/robot_interfaces/srv/SetGoal.idl
[1.758s] -- Up-to-date symlink: /home/ronnakon/FRA333-KINEMATICS/fra333_lab3-main/install/robot_interfaces/share/robot_interfaces/srv/SolveIK.idl
[1.759s] -- Up-to-date symlink: /home/ronnakon/FRA333-KINEMATICS/fra333_lab3-main/install/robot_interfaces/share/robot_interfaces/srv/SetGoal.srv
[1.759s] -- Up-to-date symlink: /home/ronnakon/FRA333-KINEMATICS/fra333_lab3-main/install/robot_interfaces/share/robot_interfaces/srv/SetGoal_Request.msg
[1.760s] -- Up-to-date symlink: /home/ronnakon/FRA333-KINEMATICS/fra333_lab3-main/install/robot_interfaces/share/robot_interfaces/srv/SetGoal_Response.msg
[1.761s] -- Up-to-date symlink: /home/ronnakon/FRA333-KINEMATICS/fra333_lab3-main/install/robot_interfaces/share/robot_interfaces/srv/SolveIK.srv
[1.761s] -- Up-to-date symlink: /home/ronnakon/FRA333-KINEMATICS/fra333_lab3-main/install/robot_interfaces/share/robot_interfaces/srv/SolveIK_Request.msg
[1.762s] -- Up-to-date symlink: /home/ronnakon/FRA333-KINEMATICS/fra333_lab3-main/install/robot_interfaces/share/robot_interfaces/srv/SolveIK_Response.msg
[1.762s] -- Up-to-date symlink: /home/ronnakon/FRA333-KINEMATICS/fra333_lab3-main/install/robot_interfaces/share/ament_index/resource_index/package_run_dependencies/robot_interfaces
[1.763s] -- Up-to-date symlink: /home/ronnakon/FRA333-KINEMATICS/fra333_lab3-main/install/robot_interfaces/share/ament_index/resource_index/parent_prefix_path/robot_interfaces
[1.763s] -- Up-to-date symlink: /home/ronnakon/FRA333-KINEMATICS/fra333_lab3-main/install/robot_interfaces/share/robot_interfaces/environment/ament_prefix_path.sh
[1.764s] -- Up-to-date symlink: /home/ronnakon/FRA333-KINEMATICS/fra333_lab3-main/install/robot_interfaces/share/robot_interfaces/environment/ament_prefix_path.dsv
[1.765s] -- Up-to-date symlink: /home/ronnakon/FRA333-KINEMATICS/fra333_lab3-main/install/robot_interfaces/share/robot_interfaces/environment/path.sh
[1.765s] -- Up-to-date symlink: /home/ronnakon/FRA333-KINEMATICS/fra333_lab3-main/install/robot_interfaces/share/robot_interfaces/environment/path.dsv
[1.766s] -- Up-to-date symlink: /home/ronnakon/FRA333-KINEMATICS/fra333_lab3-main/install/robot_interfaces/share/robot_interfaces/local_setup.bash
[1.773s] -- Up-to-date symlink: /home/ronnakon/FRA333-KINEMATICS/fra333_lab3-main/install/robot_interfaces/share/robot_interfaces/local_setup.sh
[1.773s] -- Up-to-date symlink: /home/ronnakon/FRA333-KINEMATICS/fra333_lab3-main/install/robot_interfaces/share/robot_interfaces/local_setup.zsh
[1.774s] -- Up-to-date symlink: /home/ronnakon/FRA333-KINEMATICS/fra333_lab3-main/install/robot_interfaces/share/robot_interfaces/local_setup.dsv
[1.774s] -- Symlinking: /home/ronnakon/FRA333-KINEMATICS/fra333_lab3-main/install/robot_interfaces/share/robot_interfaces/package.dsv
[1.796s] -- Up-to-date symlink: /home/ronnakon/FRA333-KINEMATICS/fra333_lab3-main/install/robot_interfaces/share/ament_index/resource_index/packages/robot_interfaces
[1.796s] -- Up-to-date symlink: /home/ronnakon/FRA333-KINEMATICS/fra333_lab3-main/install/robot_interfaces/share/robot_interfaces/cmake/rosidl_cmake-extras.cmake
[1.797s] -- Up-to-date symlink: /home/ronnakon/FRA333-KINEMATICS/fra333_lab3-main/install/robot_interfaces/share/robot_interfaces/cmake/ament_cmake_export_dependencies-extras.cmake
[1.797s] -- Up-to-date symlink: /home/ronnakon/FRA333-KINEMATICS/fra333_lab3-main/install/robot_interfaces/share/robot_interfaces/cmake/ament_cmake_export_libraries-extras.cmake
[1.798s] -- Up-to-date symlink: /home/ronnakon/FRA333-KINEMATICS/fra333_lab3-main/install/robot_interfaces/share/robot_interfaces/cmake/ament_cmake_export_targets-extras.cmake
[1.798s] -- Up-to-date symlink: /home/ronnakon/FRA333-KINEMATICS/fra333_lab3-main/install/robot_interfaces/share/robot_interfaces/cmake/ament_cmake_export_include_directories-extras.cmake
[1.798s] -- Up-to-date symlink: /home/ronnakon/FRA333-KINEMATICS/fra333_lab3-main/install/robot_interfaces/share/robot_interfaces/cmake/rosidl_cmake_export_typesupport_libraries-extras.cmake
[1.798s] -- Up-to-date symlink: /home/ronnakon/FRA333-KINEMATICS/fra333_lab3-main/install/robot_interfaces/share/robot_interfaces/cmake/rosidl_cmake_export_typesupport_targets-extras.cmake
[1.799s] -- Up-to-date symlink: /home/ronnakon/FRA333-KINEMATICS/fra333_lab3-main/install/robot_interfaces/share/robot_interfaces/cmake/robot_interfacesConfig.cmake
[1.799s] -- Up-to-date symlink: /home/ronnakon/FRA333-KINEMATICS/fra333_lab3-main/install/robot_interfaces/share/robot_interfaces/cmake/robot_interfacesConfig-version.cmake
[1.800s] -- Up-to-date symlink: /home/ronnakon/FRA333-KINEMATICS/fra333_lab3-main/install/robot_interfaces/share/robot_interfaces/package.xml
[1.800s] -- Up-to-date: /home/ronnakon/FRA333-KINEMATICS/fra333_lab3-main/install/robot_interfaces/lib/librobot_interfaces__rosidl_generator_c.so
[1.803s] -- Up-to-date: /home/ronnakon/FRA333-KINEMATICS/fra333_lab3-main/install/robot_interfaces/lib/librobot_interfaces__rosidl_typesupport_introspection_c.so
[1.804s] -- Up-to-date: /home/ronnakon/FRA333-KINEMATICS/fra333_lab3-main/install/robot_interfaces/lib/librobot_interfaces__rosidl_typesupport_c.so
[1.804s] -- Up-to-date: /home/ronnakon/FRA333-KINEMATICS/fra333_lab3-main/install/robot_interfaces/lib/librobot_interfaces__rosidl_typesupport_introspection_cpp.so
[1.805s] -- Up-to-date: /home/ronnakon/FRA333-KINEMATICS/fra333_lab3-main/install/robot_interfaces/lib/librobot_interfaces__rosidl_typesupport_cpp.so
[1.912s] -- Up-to-date: /home/ronnakon/FRA333-KINEMATICS/fra333_lab3-main/install/robot_interfaces/share/robot_interfaces/cmake/robot_interfaces__rosidl_generator_cExport.cmake
[1.913s] -- Up-to-date: /home/ronnakon/FRA333-KINEMATICS/fra333_lab3-main/install/robot_interfaces/share/robot_interfaces/cmake/robot_interfaces__rosidl_generator_cExport-noconfig.cmake
[1.913s] -- Up-to-date: /home/ronnakon/FRA333-KINEMATICS/fra333_lab3-main/install/robot_interfaces/share/robot_interfaces/cmake/robot_interfaces__rosidl_typesupport_introspection_cExport.cmake
[1.913s] -- Up-to-date: /home/ronnakon/FRA333-KINEMATICS/fra333_lab3-main/install/robot_interfaces/share/robot_interfaces/cmake/robot_interfaces__rosidl_typesupport_introspection_cExport-noconfig.cmake
[1.913s] -- Up-to-date: /home/ronnakon/FRA333-KINEMATICS/fra333_lab3-main/install/robot_interfaces/share/robot_interfaces/cmake/robot_interfaces__rosidl_typesupport_cExport.cmake
[1.913s] -- Up-to-date: /home/ronnakon/FRA333-KINEMATICS/fra333_lab3-main/install/robot_interfaces/share/robot_interfaces/cmake/robot_interfaces__rosidl_typesupport_cExport-noconfig.cmake
[1.913s] -- Up-to-date: /home/ronnakon/FRA333-KINEMATICS/fra333_lab3-main/install/robot_interfaces/share/robot_interfaces/cmake/robot_interfaces__rosidl_generator_cppExport.cmake
[1.914s] -- Up-to-date: /home/ronnakon/FRA333-KINEMATICS/fra333_lab3-main/install/robot_interfaces/share/robot_interfaces/cmake/robot_interfaces__rosidl_typesupport_introspection_cppExport.cmake
[1.914s] -- Up-to-date: /home/ronnakon/FRA333-KINEMATICS/fra333_lab3-main/install/robot_interfaces/share/robot_interfaces/cmake/robot_interfaces__rosidl_typesupport_introspection_cppExport-noconfig.cmake
[1.914s] -- Up-to-date: /home/ronnakon/FRA333-KINEMATICS/fra333_lab3-main/install/robot_interfaces/share/robot_interfaces/cmake/robot_interfaces__rosidl_typesupport_cppExport.cmake
[1.914s] -- Up-to-date: /home/ronnakon/FRA333-KINEMATICS/fra333_lab3-main/install/robot_interfaces/share/robot_interfaces/cmake/robot_interfaces__rosidl_typesupport_cppExport-noconfig.cmake
[1.925s] Invoked command in '/home/ronnakon/FRA333-KINEMATICS/fra333_lab3-main/build/robot_interfaces' returned '0': CMAKE_PREFIX_PATH=${CMAKE_PREFIX_PATH}:/opt/ros/foxy /usr/bin/cmake --install /home/ronnakon/FRA333-KINEMATICS/fra333_lab3-main/build/robot_interfaces
