[0.039s] Invoking command in '/home/ronnakon/FRA333-KINEMATICS/LAB3_ws/build/xicro_pkg': CMAKE_PREFIX_PATH=${CMAKE_PREFIX_PATH}:/opt/ros/foxy /usr/bin/cmake /home/ronnakon/FRA333-KINEMATICS/LAB3_ws/src/Xicro/xicro_pkg -DCMAKE_INSTALL_PREFIX=/home/ronnakon/FRA333-KINEMATICS/LAB3_ws/install/xicro_pkg
[0.071s] -- Found ament_cmake: 0.9.9 (/opt/ros/foxy/share/ament_cmake/cmake)
[0.117s] -- Using PYTHON_EXECUTABLE: /usr/bin/python3
[0.448s] -- Override CMake install command with custom implementation using symlinks instead of copying resources
[0.464s] -- Found rclcpp: 2.4.1 (/opt/ros/foxy/share/rclcpp/cmake)
[0.522s] -- Using all available rosidl_typesupport_c: rosidl_typesupport_fastrtps_c;rosidl_typesupport_introspection_c
[0.529s] -- Found rosidl_adapter: 1.2.1 (/opt/ros/foxy/share/rosidl_adapter/cmake)
[0.741s] -- Using all available rosidl_typesupport_cpp: rosidl_typesupport_fastrtps_cpp;rosidl_typesupport_introspection_cpp
[0.834s] -- Found rmw_implementation_cmake: 1.0.3 (/opt/ros/foxy/share/rmw_implementation_cmake/cmake)
[0.839s] -- Using RMW implementation 'rmw_fastrtps_cpp' as default
[1.129s] -- Found rclpy: 1.0.8 (/opt/ros/foxy/share/rclpy/cmake)
[1.273s] -- Configuring done
[1.279s] -- Generating done
[1.282s] -- Build files have been written to: /home/ronnakon/FRA333-KINEMATICS/LAB3_ws/build/xicro_pkg
[1.296s] Invoked command in '/home/ronnakon/FRA333-KINEMATICS/LAB3_ws/build/xicro_pkg' returned '0': CMAKE_PREFIX_PATH=${CMAKE_PREFIX_PATH}:/opt/ros/foxy /usr/bin/cmake /home/ronnakon/FRA333-KINEMATICS/LAB3_ws/src/Xicro/xicro_pkg -DCMAKE_INSTALL_PREFIX=/home/ronnakon/FRA333-KINEMATICS/LAB3_ws/install/xicro_pkg
[1.303s] Invoking command in '/home/ronnakon/FRA333-KINEMATICS/LAB3_ws/build/xicro_pkg': CMAKE_PREFIX_PATH=${CMAKE_PREFIX_PATH}:/opt/ros/foxy /usr/bin/cmake --build /home/ronnakon/FRA333-KINEMATICS/LAB3_ws/build/xicro_pkg -- -j4 -l4
[1.390s] Invoked command in '/home/ronnakon/FRA333-KINEMATICS/LAB3_ws/build/xicro_pkg' returned '0': CMAKE_PREFIX_PATH=${CMAKE_PREFIX_PATH}:/opt/ros/foxy /usr/bin/cmake --build /home/ronnakon/FRA333-KINEMATICS/LAB3_ws/build/xicro_pkg -- -j4 -l4
[1.457s] Invoking command in '/home/ronnakon/FRA333-KINEMATICS/LAB3_ws/build/xicro_pkg': CMAKE_PREFIX_PATH=${CMAKE_PREFIX_PATH}:/opt/ros/foxy /usr/bin/cmake --install /home/ronnakon/FRA333-KINEMATICS/LAB3_ws/build/xicro_pkg
[1.477s] -- Install configuration: ""
[1.478s] -- Execute custom install script
[1.478s] -- Up-to-date symlink: /home/ronnakon/FRA333-KINEMATICS/LAB3_ws/install/xicro_pkg/share/xicro_pkg/environment/pythonpath.sh
[1.479s] -- Up-to-date symlink: /home/ronnakon/FRA333-KINEMATICS/LAB3_ws/install/xicro_pkg/share/xicro_pkg/environment/pythonpath.dsv
[1.480s] -- Up-to-date symlink: /home/ronnakon/FRA333-KINEMATICS/LAB3_ws/install/xicro_pkg/lib/python3.8/site-packages/xicro_pkg/__init__.py
[1.480s] -- Up-to-date symlink: /home/ronnakon/FRA333-KINEMATICS/LAB3_ws/install/xicro_pkg/lib/xicro_pkg/gui_xicro.py
[1.481s] -- Up-to-date symlink: /home/ronnakon/FRA333-KINEMATICS/LAB3_ws/install/xicro_pkg/lib/xicro_pkg/generate_library.py
[1.481s] -- Up-to-date symlink: /home/ronnakon/FRA333-KINEMATICS/LAB3_ws/install/xicro_pkg/lib/xicro_pkg/generate_xicro_node.py
[1.482s] -- Up-to-date symlink: /home/ronnakon/FRA333-KINEMATICS/LAB3_ws/install/xicro_pkg/lib/xicro_pkg/fake_Imu_node.py
[1.482s] -- Symlinking: /home/ronnakon/FRA333-KINEMATICS/LAB3_ws/install/xicro_pkg/lib/xicro_pkg/xicro_node_read_imu_ID_3_arduino.py
[1.504s] -- Up-to-date symlink: /home/ronnakon/FRA333-KINEMATICS/LAB3_ws/install/xicro_pkg/share/xicro_pkg/config/.Xicro_node_preSetup.txt
[1.505s] -- Up-to-date symlink: /home/ronnakon/FRA333-KINEMATICS/LAB3_ws/install/xicro_pkg/share/xicro_pkg/config/.arduino_cpp_preSetup.txt
[1.507s] -- Up-to-date symlink: /home/ronnakon/FRA333-KINEMATICS/LAB3_ws/install/xicro_pkg/share/xicro_pkg/config/.arduino_h_preSetup.txt
[1.507s] -- Up-to-date symlink: /home/ronnakon/FRA333-KINEMATICS/LAB3_ws/install/xicro_pkg/share/xicro_pkg/config/.stm32_cpp_preSetup.txt
[1.507s] -- Up-to-date symlink: /home/ronnakon/FRA333-KINEMATICS/LAB3_ws/install/xicro_pkg/share/xicro_pkg/config/.stm32_h_preSetup.txt
[1.508s] -- Up-to-date symlink: /home/ronnakon/FRA333-KINEMATICS/LAB3_ws/install/xicro_pkg/share/xicro_pkg/config/setup_xicro.yaml
[1.509s] -- Up-to-date symlink: /home/ronnakon/FRA333-KINEMATICS/LAB3_ws/install/xicro_pkg/share/ament_index/resource_index/package_run_dependencies/xicro_pkg
[1.509s] -- Up-to-date symlink: /home/ronnakon/FRA333-KINEMATICS/LAB3_ws/install/xicro_pkg/share/ament_index/resource_index/parent_prefix_path/xicro_pkg
[1.510s] -- Up-to-date symlink: /home/ronnakon/FRA333-KINEMATICS/LAB3_ws/install/xicro_pkg/share/xicro_pkg/environment/ament_prefix_path.sh
[1.511s] -- Up-to-date symlink: /home/ronnakon/FRA333-KINEMATICS/LAB3_ws/install/xicro_pkg/share/xicro_pkg/environment/ament_prefix_path.dsv
[1.512s] -- Up-to-date symlink: /home/ronnakon/FRA333-KINEMATICS/LAB3_ws/install/xicro_pkg/share/xicro_pkg/environment/path.sh
[1.512s] -- Up-to-date symlink: /home/ronnakon/FRA333-KINEMATICS/LAB3_ws/install/xicro_pkg/share/xicro_pkg/environment/path.dsv
[1.513s] -- Up-to-date symlink: /home/ronnakon/FRA333-KINEMATICS/LAB3_ws/install/xicro_pkg/share/xicro_pkg/local_setup.bash
[1.514s] -- Up-to-date symlink: /home/ronnakon/FRA333-KINEMATICS/LAB3_ws/install/xicro_pkg/share/xicro_pkg/local_setup.sh
[1.514s] -- Up-to-date symlink: /home/ronnakon/FRA333-KINEMATICS/LAB3_ws/install/xicro_pkg/share/xicro_pkg/local_setup.zsh
[1.515s] -- Up-to-date symlink: /home/ronnakon/FRA333-KINEMATICS/LAB3_ws/install/xicro_pkg/share/xicro_pkg/local_setup.dsv
[1.515s] -- Symlinking: /home/ronnakon/FRA333-KINEMATICS/LAB3_ws/install/xicro_pkg/share/xicro_pkg/package.dsv
[1.534s] -- Up-to-date symlink: /home/ronnakon/FRA333-KINEMATICS/LAB3_ws/install/xicro_pkg/share/ament_index/resource_index/packages/xicro_pkg
[1.534s] -- Up-to-date symlink: /home/ronnakon/FRA333-KINEMATICS/LAB3_ws/install/xicro_pkg/share/xicro_pkg/cmake/xicro_pkgConfig.cmake
[1.534s] -- Up-to-date symlink: /home/ronnakon/FRA333-KINEMATICS/LAB3_ws/install/xicro_pkg/share/xicro_pkg/cmake/xicro_pkgConfig-version.cmake
[1.535s] -- Up-to-date symlink: /home/ronnakon/FRA333-KINEMATICS/LAB3_ws/install/xicro_pkg/share/xicro_pkg/package.xml
[1.591s] Listing '/home/ronnakon/FRA333-KINEMATICS/LAB3_ws/install/xicro_pkg/lib/python3.8/site-packages/xicro_pkg'...
[1.607s] Invoked command in '/home/ronnakon/FRA333-KINEMATICS/LAB3_ws/build/xicro_pkg' returned '0': CMAKE_PREFIX_PATH=${CMAKE_PREFIX_PATH}:/opt/ros/foxy /usr/bin/cmake --install /home/ronnakon/FRA333-KINEMATICS/LAB3_ws/build/xicro_pkg
