[0.017s] Invoking command in '/home/student26/fra333_ws/build/my_first_package': CMAKE_PREFIX_PATH=${CMAKE_PREFIX_PATH}:/opt/ros/foxy /usr/bin/cmake --build /home/student26/fra333_ws/build/my_first_package -- -j8 -l8
[0.046s] -- Found rosidl_default_generators: 1.0.1 (/opt/ros/foxy/share/rosidl_default_generators/cmake)
[0.046s] -- Found ament_cmake_core: 0.9.9 (/opt/ros/foxy/share/ament_cmake_core/cmake)
[0.068s] -- Found PythonInterp: /usr/bin/python3 (found suitable version "3.8.10", minimum required is "3") 
[0.068s] -- Using PYTHON_EXECUTABLE: /usr/bin/python3
[0.242s] -- Override CMake install command with custom implementation using symlinks instead of copying resources
[0.246s] -- Using all available rosidl_typesupport_c: rosidl_typesupport_fastrtps_c;rosidl_typesupport_introspection_c
[0.250s] -- Found rosidl_adapter: 1.2.1 (/opt/ros/foxy/share/rosidl_adapter/cmake)
[0.389s] -- Using all available rosidl_typesupport_cpp: rosidl_typesupport_fastrtps_cpp;rosidl_typesupport_introspection_cpp
[0.410s] -- Found geometry_msgs: 2.0.5 (/opt/ros/foxy/share/geometry_msgs/cmake)
[0.472s] -- Found rclcpp: 2.4.1 (/opt/ros/foxy/share/rclcpp/cmake)
[0.506s] -- Found rmw_implementation_cmake: 1.0.3 (/opt/ros/foxy/share/rmw_implementation_cmake/cmake)
[0.508s] -- Using RMW implementation 'rmw_fastrtps_cpp' as default
[0.628s] -- Found rclpy: 1.0.8 (/opt/ros/foxy/share/rclpy/cmake)
[0.654s] -- Found PythonInterp: /usr/bin/python3 (found version "3.8.10") 
[0.821s] -- Found ament_cmake_ros: 0.9.2 (/opt/ros/foxy/share/ament_cmake_ros/cmake)
[1.053s] -- Using all available rosidl_typesupport_c: rosidl_typesupport_fastrtps_c;rosidl_typesupport_introspection_c
[1.158s] -- Using all available rosidl_typesupport_cpp: rosidl_typesupport_fastrtps_cpp;rosidl_typesupport_introspection_cpp
[1.185s] -- Found PythonInterp: /usr/bin/python3 (found suitable version "3.8.10", minimum required is "3.5") 
[1.185s] -- Found python_cmake_module: 0.8.1 (/opt/ros/foxy/share/python_cmake_module/cmake)
[1.207s] -- Using PYTHON_EXECUTABLE: /usr/bin/python3
[1.207s] -- Using PYTHON_INCLUDE_DIRS: /usr/include/python3.8
[1.207s] -- Using PYTHON_LIBRARIES: /usr/lib/x86_64-linux-gnu/libpython3.8.so
[1.278s] -- Configuring done
[1.335s] -- Generating done
[1.339s] -- Build files have been written to: /home/student26/fra333_ws/build/my_first_package
[1.375s] [  3%] Built target my_first_package__cpp
[1.375s] [ 12%] Built target my_first_package__rosidl_generator_c
[1.378s] [ 18%] Built target cpp_node_test
[1.401s] [ 27%] Built target my_first_package__rosidl_typesupport_cpp
[1.402s] [ 36%] Built target my_first_package__rosidl_typesupport_c
[1.404s] [ 45%] Built target my_first_package__rosidl_typesupport_fastrtps_cpp
[1.405s] [ 54%] Built target my_first_package__rosidl_typesupport_introspection_cpp
[1.405s] [ 63%] Built target my_first_package__rosidl_typesupport_introspection_c
[1.435s] [ 72%] Built target my_first_package__rosidl_typesupport_fastrtps_c
[1.456s] [ 72%] Built target my_first_package
[1.477s] [ 75%] Built target my_first_package__py
[1.504s] [ 81%] Built target my_first_package__python
[1.535s] [ 87%] Built target my_first_package__rosidl_typesupport_introspection_c__pyext
[1.537s] [ 93%] Built target my_first_package__rosidl_typesupport_fastrtps_c__pyext
[1.538s] [100%] Built target my_first_package__rosidl_typesupport_c__pyext
[1.552s] Invoked command in '/home/student26/fra333_ws/build/my_first_package' returned '0': CMAKE_PREFIX_PATH=${CMAKE_PREFIX_PATH}:/opt/ros/foxy /usr/bin/cmake --build /home/student26/fra333_ws/build/my_first_package -- -j8 -l8
[1.616s] Invoking command in '/home/student26/fra333_ws/build/my_first_package': CMAKE_PREFIX_PATH=${CMAKE_PREFIX_PATH}:/opt/ros/foxy /usr/bin/cmake --install /home/student26/fra333_ws/build/my_first_package
[1.626s] -- Install configuration: ""
[1.626s] -- Execute custom install script
[1.627s] -- Up-to-date symlink: /home/student26/fra333_ws/install/my_first_package/share/my_first_package/environment/pythonpath.sh
[1.627s] -- Up-to-date symlink: /home/student26/fra333_ws/install/my_first_package/share/my_first_package/environment/pythonpath.dsv
[1.628s] -- Symlinking: /home/student26/fra333_ws/install/my_first_package/lib/python3.8/site-packages/my_first_package/__init__.py
[1.641s] -- Up-to-date symlink: /home/student26/fra333_ws/install/my_first_package/lib/my_first_package/01_pub.py
[1.642s] -- Up-to-date symlink: /home/student26/fra333_ws/install/my_first_package/lib/my_first_package/01_sub.py
[1.642s] -- Up-to-date symlink: /home/student26/fra333_ws/install/my_first_package/lib/my_first_package/02_controller.py
[1.643s] -- Up-to-date symlink: /home/student26/fra333_ws/install/my_first_package/lib/my_first_package/cpp_node_test
[1.643s] -- Up-to-date symlink: /home/student26/fra333_ws/install/my_first_package/share/ament_index/resource_index/rosidl_interfaces/my_first_package
[1.644s] -- Up-to-date symlink: /home/student26/fra333_ws/install/my_first_package/include/my_first_package/msg/rosidl_generator_c__visibility_control.h
[1.644s] -- Up-to-date symlink: /home/student26/fra333_ws/install/my_first_package/include/my_first_package/srv/detail/set_goal__functions.h
[1.645s] -- Up-to-date symlink: /home/student26/fra333_ws/install/my_first_package/include/my_first_package/srv/detail/set_goal__struct.h
[1.645s] -- Up-to-date symlink: /home/student26/fra333_ws/install/my_first_package/include/my_first_package/srv/detail/set_goal__type_support.h
[1.645s] -- Up-to-date symlink: /home/student26/fra333_ws/install/my_first_package/include/my_first_package/srv/set_goal.h
[1.646s] -- Up-to-date symlink: /home/student26/fra333_ws/install/my_first_package/share/my_first_package/environment/library_path.sh
[1.646s] -- Up-to-date symlink: /home/student26/fra333_ws/install/my_first_package/share/my_first_package/environment/library_path.dsv
[1.647s] -- Up-to-date symlink: /home/student26/fra333_ws/install/my_first_package/include/my_first_package/msg/rosidl_typesupport_fastrtps_c__visibility_control.h
[1.647s] -- Up-to-date symlink: /home/student26/fra333_ws/install/my_first_package/include/my_first_package/srv/detail/set_goal__rosidl_typesupport_fastrtps_c.h
[1.648s] -- Up-to-date symlink: /home/student26/fra333_ws/install/my_first_package/lib/libmy_first_package__rosidl_typesupport_fastrtps_c.so
[1.648s] -- Up-to-date symlink: /home/student26/fra333_ws/install/my_first_package/include/my_first_package/msg/rosidl_typesupport_fastrtps_cpp__visibility_control.h
[1.649s] -- Up-to-date symlink: /home/student26/fra333_ws/install/my_first_package/include/my_first_package/srv/detail/set_goal__rosidl_typesupport_fastrtps_cpp.hpp
[1.649s] -- Up-to-date symlink: /home/student26/fra333_ws/install/my_first_package/lib/libmy_first_package__rosidl_typesupport_fastrtps_cpp.so
[1.650s] -- Up-to-date symlink: /home/student26/fra333_ws/install/my_first_package/include/my_first_package/msg/rosidl_typesupport_introspection_c__visibility_control.h
[1.650s] -- Up-to-date symlink: /home/student26/fra333_ws/install/my_first_package/include/my_first_package/srv/detail/set_goal__rosidl_typesupport_introspection_c.h
[1.651s] -- Up-to-date symlink: /home/student26/fra333_ws/install/my_first_package/include/my_first_package/srv/detail/set_goal__builder.hpp
[1.651s] -- Up-to-date symlink: /home/student26/fra333_ws/install/my_first_package/include/my_first_package/srv/detail/set_goal__struct.hpp
[1.652s] -- Up-to-date symlink: /home/student26/fra333_ws/install/my_first_package/include/my_first_package/srv/detail/set_goal__traits.hpp
[1.652s] -- Up-to-date symlink: /home/student26/fra333_ws/install/my_first_package/include/my_first_package/srv/set_goal.hpp
[1.653s] -- Up-to-date symlink: /home/student26/fra333_ws/install/my_first_package/include/my_first_package/srv/detail/set_goal__rosidl_typesupport_introspection_cpp.hpp
[1.653s] -- Symlinking: /home/student26/fra333_ws/install/my_first_package/lib/python3.8/site-packages/my_first_package/__init__.py
[1.664s] -- Up-to-date symlink: /home/student26/fra333_ws/install/my_first_package/lib/python3.8/site-packages/my_first_package/srv/__init__.py
[1.664s] -- Up-to-date symlink: /home/student26/fra333_ws/install/my_first_package/lib/python3.8/site-packages/my_first_package/srv/_set_goal.py
[1.664s] -- Up-to-date symlink: /home/student26/fra333_ws/install/my_first_package/lib/python3.8/site-packages/my_first_package/my_first_package_s__rosidl_typesupport_fastrtps_c.cpython-38-x86_64-linux-gnu.so
[1.665s] -- Up-to-date symlink: /home/student26/fra333_ws/install/my_first_package/lib/python3.8/site-packages/my_first_package/my_first_package_s__rosidl_typesupport_introspection_c.cpython-38-x86_64-linux-gnu.so
[1.665s] -- Up-to-date symlink: /home/student26/fra333_ws/install/my_first_package/lib/python3.8/site-packages/my_first_package/my_first_package_s__rosidl_typesupport_c.cpython-38-x86_64-linux-gnu.so
[1.666s] -- Up-to-date symlink: /home/student26/fra333_ws/install/my_first_package/lib/libmy_first_package__python.so
[1.666s] -- Up-to-date symlink: /home/student26/fra333_ws/install/my_first_package/share/my_first_package/srv/SetGoal.idl
[1.667s] -- Up-to-date symlink: /home/student26/fra333_ws/install/my_first_package/share/my_first_package/srv/SetGoal.srv
[1.667s] -- Up-to-date symlink: /home/student26/fra333_ws/install/my_first_package/share/my_first_package/srv/SetGoal_Request.msg
[1.668s] -- Up-to-date symlink: /home/student26/fra333_ws/install/my_first_package/share/my_first_package/srv/SetGoal_Response.msg
[1.668s] -- Symlinking: /home/student26/fra333_ws/install/my_first_package/share/my_first_package/launch/02_via_point_follower.launch.py
[1.678s] -- Up-to-date symlink: /home/student26/fra333_ws/install/my_first_package/share/ament_index/resource_index/package_run_dependencies/my_first_package
[1.678s] -- Up-to-date symlink: /home/student26/fra333_ws/install/my_first_package/share/ament_index/resource_index/parent_prefix_path/my_first_package
[1.678s] -- Up-to-date symlink: /home/student26/fra333_ws/install/my_first_package/share/my_first_package/environment/ament_prefix_path.sh
[1.679s] -- Up-to-date symlink: /home/student26/fra333_ws/install/my_first_package/share/my_first_package/environment/ament_prefix_path.dsv
[1.679s] -- Up-to-date symlink: /home/student26/fra333_ws/install/my_first_package/share/my_first_package/environment/path.sh
[1.680s] -- Up-to-date symlink: /home/student26/fra333_ws/install/my_first_package/share/my_first_package/environment/path.dsv
[1.680s] -- Up-to-date symlink: /home/student26/fra333_ws/install/my_first_package/share/my_first_package/local_setup.bash
[1.681s] -- Up-to-date symlink: /home/student26/fra333_ws/install/my_first_package/share/my_first_package/local_setup.sh
[1.681s] -- Up-to-date symlink: /home/student26/fra333_ws/install/my_first_package/share/my_first_package/local_setup.zsh
[1.681s] -- Up-to-date symlink: /home/student26/fra333_ws/install/my_first_package/share/my_first_package/local_setup.dsv
[1.682s] -- Symlinking: /home/student26/fra333_ws/install/my_first_package/share/my_first_package/package.dsv
[1.692s] -- Up-to-date symlink: /home/student26/fra333_ws/install/my_first_package/share/ament_index/resource_index/packages/my_first_package
[1.692s] -- Up-to-date symlink: /home/student26/fra333_ws/install/my_first_package/share/my_first_package/cmake/rosidl_cmake-extras.cmake
[1.692s] -- Up-to-date symlink: /home/student26/fra333_ws/install/my_first_package/share/my_first_package/cmake/ament_cmake_export_dependencies-extras.cmake
[1.693s] -- Up-to-date symlink: /home/student26/fra333_ws/install/my_first_package/share/my_first_package/cmake/ament_cmake_export_libraries-extras.cmake
[1.693s] -- Up-to-date symlink: /home/student26/fra333_ws/install/my_first_package/share/my_first_package/cmake/ament_cmake_export_targets-extras.cmake
[1.694s] -- Up-to-date symlink: /home/student26/fra333_ws/install/my_first_package/share/my_first_package/cmake/ament_cmake_export_include_directories-extras.cmake
[1.694s] -- Up-to-date symlink: /home/student26/fra333_ws/install/my_first_package/share/my_first_package/cmake/rosidl_cmake_export_typesupport_libraries-extras.cmake
[1.694s] -- Up-to-date symlink: /home/student26/fra333_ws/install/my_first_package/share/my_first_package/cmake/rosidl_cmake_export_typesupport_targets-extras.cmake
[1.695s] -- Up-to-date symlink: /home/student26/fra333_ws/install/my_first_package/share/my_first_package/cmake/my_first_packageConfig.cmake
[1.695s] -- Up-to-date symlink: /home/student26/fra333_ws/install/my_first_package/share/my_first_package/cmake/my_first_packageConfig-version.cmake
[1.695s] -- Up-to-date symlink: /home/student26/fra333_ws/install/my_first_package/share/my_first_package/package.xml
[1.727s] Listing '/home/student26/fra333_ws/install/my_first_package/lib/python3.8/site-packages/my_first_package'...
[1.727s] Compiling '/home/student26/fra333_ws/install/my_first_package/lib/python3.8/site-packages/my_first_package/__init__.py'...
[1.727s] Listing '/home/student26/fra333_ws/install/my_first_package/lib/python3.8/site-packages/my_first_package/srv'...
[1.733s] -- Up-to-date: /home/student26/fra333_ws/install/my_first_package/lib/libmy_first_package__rosidl_generator_c.so
[1.733s] -- Up-to-date: /home/student26/fra333_ws/install/my_first_package/lib/libmy_first_package__rosidl_typesupport_introspection_c.so
[1.734s] -- Up-to-date: /home/student26/fra333_ws/install/my_first_package/lib/libmy_first_package__rosidl_typesupport_c.so
[1.734s] -- Up-to-date: /home/student26/fra333_ws/install/my_first_package/lib/libmy_first_package__rosidl_typesupport_introspection_cpp.so
[1.734s] -- Up-to-date: /home/student26/fra333_ws/install/my_first_package/lib/libmy_first_package__rosidl_typesupport_cpp.so
[1.766s] -- Up-to-date: /home/student26/fra333_ws/install/my_first_package/share/my_first_package/cmake/my_first_package__rosidl_generator_cExport.cmake
[1.766s] -- Installing: /home/student26/fra333_ws/install/my_first_package/share/my_first_package/cmake/my_first_package__rosidl_generator_cExport-noconfig.cmake
[1.767s] -- Up-to-date: /home/student26/fra333_ws/install/my_first_package/share/my_first_package/cmake/my_first_package__rosidl_typesupport_introspection_cExport.cmake
[1.767s] -- Installing: /home/student26/fra333_ws/install/my_first_package/share/my_first_package/cmake/my_first_package__rosidl_typesupport_introspection_cExport-noconfig.cmake
[1.767s] -- Up-to-date: /home/student26/fra333_ws/install/my_first_package/share/my_first_package/cmake/my_first_package__rosidl_typesupport_cExport.cmake
[1.767s] -- Installing: /home/student26/fra333_ws/install/my_first_package/share/my_first_package/cmake/my_first_package__rosidl_typesupport_cExport-noconfig.cmake
[1.767s] -- Up-to-date: /home/student26/fra333_ws/install/my_first_package/share/my_first_package/cmake/my_first_package__rosidl_generator_cppExport.cmake
[1.767s] -- Up-to-date: /home/student26/fra333_ws/install/my_first_package/share/my_first_package/cmake/my_first_package__rosidl_typesupport_introspection_cppExport.cmake
[1.768s] -- Installing: /home/student26/fra333_ws/install/my_first_package/share/my_first_package/cmake/my_first_package__rosidl_typesupport_introspection_cppExport-noconfig.cmake
[1.768s] -- Up-to-date: /home/student26/fra333_ws/install/my_first_package/share/my_first_package/cmake/my_first_package__rosidl_typesupport_cppExport.cmake
[1.768s] -- Installing: /home/student26/fra333_ws/install/my_first_package/share/my_first_package/cmake/my_first_package__rosidl_typesupport_cppExport-noconfig.cmake
[1.770s] Invoked command in '/home/student26/fra333_ws/build/my_first_package' returned '0': CMAKE_PREFIX_PATH=${CMAKE_PREFIX_PATH}:/opt/ros/foxy /usr/bin/cmake --install /home/student26/fra333_ws/build/my_first_package
