[0.030s] Invoking command in '/home/ronnakon/FRA333-KINEMATICS/FRA333-Assignment-lab2-template/lab2_ws/build/robot_23_kinematics': CMAKE_PREFIX_PATH=${CMAKE_PREFIX_PATH}:/opt/ros/foxy /usr/bin/cmake --build /home/ronnakon/FRA333-KINEMATICS/FRA333-Assignment-lab2-template/lab2_ws/build/robot_23_kinematics -- -j12 -l12
[0.070s] -- Found ament_cmake: 0.9.9 (/opt/ros/foxy/share/ament_cmake/cmake)
[0.091s] -- Using PYTHON_EXECUTABLE: /usr/bin/python3
[0.220s] -- Override CMake install command with custom implementation using symlinks instead of copying resources
[0.233s] -- Found rclcpp: 2.4.1 (/opt/ros/foxy/share/rclcpp/cmake)
[0.266s] -- Using all available rosidl_typesupport_c: rosidl_typesupport_fastrtps_c;rosidl_typesupport_introspection_c
[0.270s] -- Found rosidl_adapter: 1.2.1 (/opt/ros/foxy/share/rosidl_adapter/cmake)
[0.373s] -- Using all available rosidl_typesupport_cpp: rosidl_typesupport_fastrtps_cpp;rosidl_typesupport_introspection_cpp
[0.418s] -- Found rmw_implementation_cmake: 1.0.3 (/opt/ros/foxy/share/rmw_implementation_cmake/cmake)
[0.420s] -- Using RMW implementation 'rmw_fastrtps_cpp' as default
[0.544s] -- Found rclpy: 1.0.8 (/opt/ros/foxy/share/rclpy/cmake)
[0.601s] -- Configuring done
[0.604s] -- Generating done
[0.605s] -- Build files have been written to: /home/ronnakon/FRA333-KINEMATICS/FRA333-Assignment-lab2-template/lab2_ws/build/robot_23_kinematics
[0.629s] Invoked command in '/home/ronnakon/FRA333-KINEMATICS/FRA333-Assignment-lab2-template/lab2_ws/build/robot_23_kinematics' returned '0': CMAKE_PREFIX_PATH=${CMAKE_PREFIX_PATH}:/opt/ros/foxy /usr/bin/cmake --build /home/ronnakon/FRA333-KINEMATICS/FRA333-Assignment-lab2-template/lab2_ws/build/robot_23_kinematics -- -j12 -l12
[0.649s] Invoking command in '/home/ronnakon/FRA333-KINEMATICS/FRA333-Assignment-lab2-template/lab2_ws/build/robot_23_kinematics': CMAKE_PREFIX_PATH=${CMAKE_PREFIX_PATH}:/opt/ros/foxy /usr/bin/cmake --install /home/ronnakon/FRA333-KINEMATICS/FRA333-Assignment-lab2-template/lab2_ws/build/robot_23_kinematics
[0.656s] -- Install configuration: ""
[0.657s] -- Execute custom install script
[0.657s] -- Up-to-date symlink: /home/ronnakon/FRA333-KINEMATICS/FRA333-Assignment-lab2-template/lab2_ws/install/robot_23_kinematics/share/robot_23_kinematics/environment/pythonpath.sh
[0.657s] -- Up-to-date symlink: /home/ronnakon/FRA333-KINEMATICS/FRA333-Assignment-lab2-template/lab2_ws/install/robot_23_kinematics/share/robot_23_kinematics/environment/pythonpath.dsv
[0.658s] -- Up-to-date symlink: /home/ronnakon/FRA333-KINEMATICS/FRA333-Assignment-lab2-template/lab2_ws/install/robot_23_kinematics/lib/python3.8/site-packages/robot_23_kinematics/__init__.py
[0.658s] -- Up-to-date symlink: /home/ronnakon/FRA333-KINEMATICS/FRA333-Assignment-lab2-template/lab2_ws/install/robot_23_kinematics/lib/python3.8/site-packages/robot_23_kinematics/forward_kinematics.py
[0.658s] -- Symlinking: /home/ronnakon/FRA333-KINEMATICS/FRA333-Assignment-lab2-template/lab2_ws/install/robot_23_kinematics/lib/python3.8/site-packages/robot_23_kinematics/inverse_kinematics.py
[0.667s] -- Up-to-date symlink: /home/ronnakon/FRA333-KINEMATICS/FRA333-Assignment-lab2-template/lab2_ws/install/robot_23_kinematics/lib/python3.8/site-packages/robot_23_kinematics/test code.ipynb
[0.667s] -- Up-to-date symlink: /home/ronnakon/FRA333-KINEMATICS/FRA333-Assignment-lab2-template/lab2_ws/install/robot_23_kinematics/lib/robot_23_kinematics/kinematics_server.py
[0.668s] -- Up-to-date symlink: /home/ronnakon/FRA333-KINEMATICS/FRA333-Assignment-lab2-template/lab2_ws/install/robot_23_kinematics/share/robot_23_kinematics/launch/display_with_kinematics_srv.launch.py
[0.668s] -- Up-to-date symlink: /home/ronnakon/FRA333-KINEMATICS/FRA333-Assignment-lab2-template/lab2_ws/install/robot_23_kinematics/share/robot_23_kinematics/scripts/kinematics_server.py
[0.668s] -- Up-to-date symlink: /home/ronnakon/FRA333-KINEMATICS/FRA333-Assignment-lab2-template/lab2_ws/install/robot_23_kinematics/share/robot_23_kinematics/robot_23_kinematics/__init__.py
[0.669s] -- Up-to-date symlink: /home/ronnakon/FRA333-KINEMATICS/FRA333-Assignment-lab2-template/lab2_ws/install/robot_23_kinematics/share/robot_23_kinematics/robot_23_kinematics/forward_kinematics.py
[0.669s] -- Symlinking: /home/ronnakon/FRA333-KINEMATICS/FRA333-Assignment-lab2-template/lab2_ws/install/robot_23_kinematics/share/robot_23_kinematics/robot_23_kinematics/inverse_kinematics.py
[0.677s] -- Up-to-date symlink: /home/ronnakon/FRA333-KINEMATICS/FRA333-Assignment-lab2-template/lab2_ws/install/robot_23_kinematics/share/robot_23_kinematics/robot_23_kinematics/test code.ipynb
[0.677s] -- Up-to-date symlink: /home/ronnakon/FRA333-KINEMATICS/FRA333-Assignment-lab2-template/lab2_ws/install/robot_23_kinematics/share/ament_index/resource_index/package_run_dependencies/robot_23_kinematics
[0.678s] -- Up-to-date symlink: /home/ronnakon/FRA333-KINEMATICS/FRA333-Assignment-lab2-template/lab2_ws/install/robot_23_kinematics/share/ament_index/resource_index/parent_prefix_path/robot_23_kinematics
[0.678s] -- Up-to-date symlink: /home/ronnakon/FRA333-KINEMATICS/FRA333-Assignment-lab2-template/lab2_ws/install/robot_23_kinematics/share/robot_23_kinematics/environment/ament_prefix_path.sh
[0.678s] -- Up-to-date symlink: /home/ronnakon/FRA333-KINEMATICS/FRA333-Assignment-lab2-template/lab2_ws/install/robot_23_kinematics/share/robot_23_kinematics/environment/ament_prefix_path.dsv
[0.679s] -- Up-to-date symlink: /home/ronnakon/FRA333-KINEMATICS/FRA333-Assignment-lab2-template/lab2_ws/install/robot_23_kinematics/share/robot_23_kinematics/environment/path.sh
[0.679s] -- Up-to-date symlink: /home/ronnakon/FRA333-KINEMATICS/FRA333-Assignment-lab2-template/lab2_ws/install/robot_23_kinematics/share/robot_23_kinematics/environment/path.dsv
[0.679s] -- Up-to-date symlink: /home/ronnakon/FRA333-KINEMATICS/FRA333-Assignment-lab2-template/lab2_ws/install/robot_23_kinematics/share/robot_23_kinematics/local_setup.bash
[0.680s] -- Up-to-date symlink: /home/ronnakon/FRA333-KINEMATICS/FRA333-Assignment-lab2-template/lab2_ws/install/robot_23_kinematics/share/robot_23_kinematics/local_setup.sh
[0.680s] -- Up-to-date symlink: /home/ronnakon/FRA333-KINEMATICS/FRA333-Assignment-lab2-template/lab2_ws/install/robot_23_kinematics/share/robot_23_kinematics/local_setup.zsh
[0.680s] -- Up-to-date symlink: /home/ronnakon/FRA333-KINEMATICS/FRA333-Assignment-lab2-template/lab2_ws/install/robot_23_kinematics/share/robot_23_kinematics/local_setup.dsv
[0.680s] -- Symlinking: /home/ronnakon/FRA333-KINEMATICS/FRA333-Assignment-lab2-template/lab2_ws/install/robot_23_kinematics/share/robot_23_kinematics/package.dsv
[0.689s] -- Up-to-date symlink: /home/ronnakon/FRA333-KINEMATICS/FRA333-Assignment-lab2-template/lab2_ws/install/robot_23_kinematics/share/ament_index/resource_index/packages/robot_23_kinematics
[0.689s] -- Up-to-date symlink: /home/ronnakon/FRA333-KINEMATICS/FRA333-Assignment-lab2-template/lab2_ws/install/robot_23_kinematics/share/robot_23_kinematics/cmake/robot_23_kinematicsConfig.cmake
[0.689s] -- Up-to-date symlink: /home/ronnakon/FRA333-KINEMATICS/FRA333-Assignment-lab2-template/lab2_ws/install/robot_23_kinematics/share/robot_23_kinematics/cmake/robot_23_kinematicsConfig-version.cmake
[0.690s] -- Up-to-date symlink: /home/ronnakon/FRA333-KINEMATICS/FRA333-Assignment-lab2-template/lab2_ws/install/robot_23_kinematics/share/robot_23_kinematics/package.xml
[0.712s] Listing '/home/ronnakon/FRA333-KINEMATICS/FRA333-Assignment-lab2-template/lab2_ws/install/robot_23_kinematics/lib/python3.8/site-packages/robot_23_kinematics'...
[0.713s] Compiling '/home/ronnakon/FRA333-KINEMATICS/FRA333-Assignment-lab2-template/lab2_ws/install/robot_23_kinematics/lib/python3.8/site-packages/robot_23_kinematics/inverse_kinematics.py'...
[0.722s] Invoked command in '/home/ronnakon/FRA333-KINEMATICS/FRA333-Assignment-lab2-template/lab2_ws/build/robot_23_kinematics' returned '0': CMAKE_PREFIX_PATH=${CMAKE_PREFIX_PATH}:/opt/ros/foxy /usr/bin/cmake --install /home/ronnakon/FRA333-KINEMATICS/FRA333-Assignment-lab2-template/lab2_ws/build/robot_23_kinematics
