[0.022s] Invoking command in '/home/ronnakon/FRA333-KINEMATICS/fra333_lab2_23_1/build/romeona_kinematics_interfaces': CMAKE_PREFIX_PATH=${CMAKE_PREFIX_PATH}:/opt/ros/foxy /usr/bin/cmake --build /home/ronnakon/FRA333-KINEMATICS/fra333_lab2_23_1/build/romeona_kinematics_interfaces -- -j12 -l12
[0.065s] [ 10%] Built target romeona_kinematics_interfaces__rosidl_generator_c
[0.065s] [ 12%] Built target romeona_kinematics_interfaces__cpp
[0.084s] [ 23%] Built target romeona_kinematics_interfaces__rosidl_typesupport_introspection_c
[0.085s] [ 33%] Built target romeona_kinematics_interfaces__rosidl_typesupport_cpp
[0.085s] [ 43%] Built target romeona_kinematics_interfaces__rosidl_typesupport_introspection_cpp
[0.087s] [ 53%] Built target romeona_kinematics_interfaces__rosidl_typesupport_fastrtps_cpp
[0.088s] [ 64%] Built target romeona_kinematics_interfaces__rosidl_typesupport_c
[0.118s] [ 74%] Built target romeona_kinematics_interfaces__rosidl_typesupport_fastrtps_c
[0.142s] [ 74%] Built target romeona_kinematics_interfaces
[0.161s] [ 76%] Built target romeona_kinematics_interfaces__py
[0.192s] [ 84%] Built target romeona_kinematics_interfaces__python
[0.214s] [ 89%] Built target romeona_kinematics_interfaces__rosidl_typesupport_c__pyext
[0.217s] [ 94%] Built target romeona_kinematics_interfaces__rosidl_typesupport_introspection_c__pyext
[0.221s] [100%] Built target romeona_kinematics_interfaces__rosidl_typesupport_fastrtps_c__pyext
[0.229s] Invoked command in '/home/ronnakon/FRA333-KINEMATICS/fra333_lab2_23_1/build/romeona_kinematics_interfaces' returned '0': CMAKE_PREFIX_PATH=${CMAKE_PREFIX_PATH}:/opt/ros/foxy /usr/bin/cmake --build /home/ronnakon/FRA333-KINEMATICS/fra333_lab2_23_1/build/romeona_kinematics_interfaces -- -j12 -l12
[0.288s] Invoking command in '/home/ronnakon/FRA333-KINEMATICS/fra333_lab2_23_1/build/romeona_kinematics_interfaces': CMAKE_PREFIX_PATH=${CMAKE_PREFIX_PATH}:/opt/ros/foxy /usr/bin/cmake --install /home/ronnakon/FRA333-KINEMATICS/fra333_lab2_23_1/build/romeona_kinematics_interfaces
[0.297s] -- Install configuration: ""
[0.297s] -- Execute custom install script
[0.298s] -- Up-to-date symlink: /home/ronnakon/FRA333-KINEMATICS/fra333_lab2_23_1/install/romeona_kinematics_interfaces/share/ament_index/resource_index/rosidl_interfaces/romeona_kinematics_interfaces
[0.299s] -- Up-to-date symlink: /home/ronnakon/FRA333-KINEMATICS/fra333_lab2_23_1/install/romeona_kinematics_interfaces/include/romeona_kinematics_interfaces/msg/rosidl_generator_c__visibility_control.h
[0.299s] -- Up-to-date symlink: /home/ronnakon/FRA333-KINEMATICS/fra333_lab2_23_1/install/romeona_kinematics_interfaces/include/romeona_kinematics_interfaces/srv/detail/get_position__functions.h
[0.299s] -- Up-to-date symlink: /home/ronnakon/FRA333-KINEMATICS/fra333_lab2_23_1/install/romeona_kinematics_interfaces/include/romeona_kinematics_interfaces/srv/detail/get_position__struct.h
[0.299s] -- Up-to-date symlink: /home/ronnakon/FRA333-KINEMATICS/fra333_lab2_23_1/install/romeona_kinematics_interfaces/include/romeona_kinematics_interfaces/srv/detail/get_position__type_support.h
[0.299s] -- Up-to-date symlink: /home/ronnakon/FRA333-KINEMATICS/fra333_lab2_23_1/install/romeona_kinematics_interfaces/include/romeona_kinematics_interfaces/srv/detail/solve_ik__functions.h
[0.299s] -- Up-to-date symlink: /home/ronnakon/FRA333-KINEMATICS/fra333_lab2_23_1/install/romeona_kinematics_interfaces/include/romeona_kinematics_interfaces/srv/detail/solve_ik__struct.h
[0.300s] -- Up-to-date symlink: /home/ronnakon/FRA333-KINEMATICS/fra333_lab2_23_1/install/romeona_kinematics_interfaces/include/romeona_kinematics_interfaces/srv/detail/solve_ik__type_support.h
[0.300s] -- Up-to-date symlink: /home/ronnakon/FRA333-KINEMATICS/fra333_lab2_23_1/install/romeona_kinematics_interfaces/include/romeona_kinematics_interfaces/srv/get_position.h
[0.300s] -- Up-to-date symlink: /home/ronnakon/FRA333-KINEMATICS/fra333_lab2_23_1/install/romeona_kinematics_interfaces/include/romeona_kinematics_interfaces/srv/solve_ik.h
[0.300s] -- Up-to-date symlink: /home/ronnakon/FRA333-KINEMATICS/fra333_lab2_23_1/install/romeona_kinematics_interfaces/share/romeona_kinematics_interfaces/environment/library_path.sh
[0.300s] -- Up-to-date symlink: /home/ronnakon/FRA333-KINEMATICS/fra333_lab2_23_1/install/romeona_kinematics_interfaces/share/romeona_kinematics_interfaces/environment/library_path.dsv
[0.301s] -- Up-to-date symlink: /home/ronnakon/FRA333-KINEMATICS/fra333_lab2_23_1/install/romeona_kinematics_interfaces/include/romeona_kinematics_interfaces/msg/rosidl_typesupport_fastrtps_c__visibility_control.h
[0.301s] -- Up-to-date symlink: /home/ronnakon/FRA333-KINEMATICS/fra333_lab2_23_1/install/romeona_kinematics_interfaces/include/romeona_kinematics_interfaces/srv/detail/get_position__rosidl_typesupport_fastrtps_c.h
[0.301s] -- Up-to-date symlink: /home/ronnakon/FRA333-KINEMATICS/fra333_lab2_23_1/install/romeona_kinematics_interfaces/include/romeona_kinematics_interfaces/srv/detail/solve_ik__rosidl_typesupport_fastrtps_c.h
[0.302s] -- Up-to-date symlink: /home/ronnakon/FRA333-KINEMATICS/fra333_lab2_23_1/install/romeona_kinematics_interfaces/lib/libromeona_kinematics_interfaces__rosidl_typesupport_fastrtps_c.so
[0.302s] -- Up-to-date symlink: /home/ronnakon/FRA333-KINEMATICS/fra333_lab2_23_1/install/romeona_kinematics_interfaces/include/romeona_kinematics_interfaces/msg/rosidl_typesupport_fastrtps_cpp__visibility_control.h
[0.302s] -- Up-to-date symlink: /home/ronnakon/FRA333-KINEMATICS/fra333_lab2_23_1/install/romeona_kinematics_interfaces/include/romeona_kinematics_interfaces/srv/detail/get_position__rosidl_typesupport_fastrtps_cpp.hpp
[0.302s] -- Up-to-date symlink: /home/ronnakon/FRA333-KINEMATICS/fra333_lab2_23_1/install/romeona_kinematics_interfaces/include/romeona_kinematics_interfaces/srv/detail/solve_ik__rosidl_typesupport_fastrtps_cpp.hpp
[0.303s] -- Up-to-date symlink: /home/ronnakon/FRA333-KINEMATICS/fra333_lab2_23_1/install/romeona_kinematics_interfaces/lib/libromeona_kinematics_interfaces__rosidl_typesupport_fastrtps_cpp.so
[0.303s] -- Up-to-date symlink: /home/ronnakon/FRA333-KINEMATICS/fra333_lab2_23_1/install/romeona_kinematics_interfaces/include/romeona_kinematics_interfaces/msg/rosidl_typesupport_introspection_c__visibility_control.h
[0.303s] -- Up-to-date symlink: /home/ronnakon/FRA333-KINEMATICS/fra333_lab2_23_1/install/romeona_kinematics_interfaces/include/romeona_kinematics_interfaces/srv/detail/get_position__rosidl_typesupport_introspection_c.h
[0.304s] -- Up-to-date symlink: /home/ronnakon/FRA333-KINEMATICS/fra333_lab2_23_1/install/romeona_kinematics_interfaces/include/romeona_kinematics_interfaces/srv/detail/solve_ik__rosidl_typesupport_introspection_c.h
[0.304s] -- Up-to-date symlink: /home/ronnakon/FRA333-KINEMATICS/fra333_lab2_23_1/install/romeona_kinematics_interfaces/include/romeona_kinematics_interfaces/srv/detail/get_position__builder.hpp
[0.304s] -- Up-to-date symlink: /home/ronnakon/FRA333-KINEMATICS/fra333_lab2_23_1/install/romeona_kinematics_interfaces/include/romeona_kinematics_interfaces/srv/detail/get_position__struct.hpp
[0.304s] -- Up-to-date symlink: /home/ronnakon/FRA333-KINEMATICS/fra333_lab2_23_1/install/romeona_kinematics_interfaces/include/romeona_kinematics_interfaces/srv/detail/get_position__traits.hpp
[0.305s] -- Up-to-date symlink: /home/ronnakon/FRA333-KINEMATICS/fra333_lab2_23_1/install/romeona_kinematics_interfaces/include/romeona_kinematics_interfaces/srv/detail/solve_ik__builder.hpp
[0.305s] -- Up-to-date symlink: /home/ronnakon/FRA333-KINEMATICS/fra333_lab2_23_1/install/romeona_kinematics_interfaces/include/romeona_kinematics_interfaces/srv/detail/solve_ik__struct.hpp
[0.305s] -- Up-to-date symlink: /home/ronnakon/FRA333-KINEMATICS/fra333_lab2_23_1/install/romeona_kinematics_interfaces/include/romeona_kinematics_interfaces/srv/detail/solve_ik__traits.hpp
[0.305s] -- Up-to-date symlink: /home/ronnakon/FRA333-KINEMATICS/fra333_lab2_23_1/install/romeona_kinematics_interfaces/include/romeona_kinematics_interfaces/srv/get_position.hpp
[0.305s] -- Up-to-date symlink: /home/ronnakon/FRA333-KINEMATICS/fra333_lab2_23_1/install/romeona_kinematics_interfaces/include/romeona_kinematics_interfaces/srv/solve_ik.hpp
[0.306s] -- Up-to-date symlink: /home/ronnakon/FRA333-KINEMATICS/fra333_lab2_23_1/install/romeona_kinematics_interfaces/include/romeona_kinematics_interfaces/srv/detail/get_position__rosidl_typesupport_introspection_cpp.hpp
[0.306s] -- Up-to-date symlink: /home/ronnakon/FRA333-KINEMATICS/fra333_lab2_23_1/install/romeona_kinematics_interfaces/include/romeona_kinematics_interfaces/srv/detail/solve_ik__rosidl_typesupport_introspection_cpp.hpp
[0.306s] -- Up-to-date symlink: /home/ronnakon/FRA333-KINEMATICS/fra333_lab2_23_1/install/romeona_kinematics_interfaces/share/romeona_kinematics_interfaces/environment/pythonpath.sh
[0.306s] -- Up-to-date symlink: /home/ronnakon/FRA333-KINEMATICS/fra333_lab2_23_1/install/romeona_kinematics_interfaces/share/romeona_kinematics_interfaces/environment/pythonpath.dsv
[0.307s] -- Up-to-date symlink: /home/ronnakon/FRA333-KINEMATICS/fra333_lab2_23_1/install/romeona_kinematics_interfaces/lib/python3.8/site-packages/romeona_kinematics_interfaces/__init__.py
[0.307s] -- Up-to-date symlink: /home/ronnakon/FRA333-KINEMATICS/fra333_lab2_23_1/install/romeona_kinematics_interfaces/lib/python3.8/site-packages/romeona_kinematics_interfaces/srv/__init__.py
[0.307s] -- Up-to-date symlink: /home/ronnakon/FRA333-KINEMATICS/fra333_lab2_23_1/install/romeona_kinematics_interfaces/lib/python3.8/site-packages/romeona_kinematics_interfaces/srv/_get_position.py
[0.307s] -- Up-to-date symlink: /home/ronnakon/FRA333-KINEMATICS/fra333_lab2_23_1/install/romeona_kinematics_interfaces/lib/python3.8/site-packages/romeona_kinematics_interfaces/srv/_solve_ik.py
[0.308s] -- Up-to-date symlink: /home/ronnakon/FRA333-KINEMATICS/fra333_lab2_23_1/install/romeona_kinematics_interfaces/lib/python3.8/site-packages/romeona_kinematics_interfaces/romeona_kinematics_interfaces_s__rosidl_typesupport_fastrtps_c.cpython-38-x86_64-linux-gnu.so
[0.308s] -- Up-to-date symlink: /home/ronnakon/FRA333-KINEMATICS/fra333_lab2_23_1/install/romeona_kinematics_interfaces/lib/python3.8/site-packages/romeona_kinematics_interfaces/romeona_kinematics_interfaces_s__rosidl_typesupport_introspection_c.cpython-38-x86_64-linux-gnu.so
[0.308s] -- Up-to-date symlink: /home/ronnakon/FRA333-KINEMATICS/fra333_lab2_23_1/install/romeona_kinematics_interfaces/lib/python3.8/site-packages/romeona_kinematics_interfaces/romeona_kinematics_interfaces_s__rosidl_typesupport_c.cpython-38-x86_64-linux-gnu.so
[0.309s] -- Up-to-date symlink: /home/ronnakon/FRA333-KINEMATICS/fra333_lab2_23_1/install/romeona_kinematics_interfaces/lib/libromeona_kinematics_interfaces__python.so
[0.309s] -- Up-to-date symlink: /home/ronnakon/FRA333-KINEMATICS/fra333_lab2_23_1/install/romeona_kinematics_interfaces/share/romeona_kinematics_interfaces/srv/GetPosition.idl
[0.309s] -- Up-to-date symlink: /home/ronnakon/FRA333-KINEMATICS/fra333_lab2_23_1/install/romeona_kinematics_interfaces/share/romeona_kinematics_interfaces/srv/SolveIK.idl
[0.310s] -- Up-to-date symlink: /home/ronnakon/FRA333-KINEMATICS/fra333_lab2_23_1/install/romeona_kinematics_interfaces/share/romeona_kinematics_interfaces/srv/GetPosition.srv
[0.310s] -- Up-to-date symlink: /home/ronnakon/FRA333-KINEMATICS/fra333_lab2_23_1/install/romeona_kinematics_interfaces/share/romeona_kinematics_interfaces/srv/GetPosition_Request.msg
[0.310s] -- Up-to-date symlink: /home/ronnakon/FRA333-KINEMATICS/fra333_lab2_23_1/install/romeona_kinematics_interfaces/share/romeona_kinematics_interfaces/srv/GetPosition_Response.msg
[0.310s] -- Up-to-date symlink: /home/ronnakon/FRA333-KINEMATICS/fra333_lab2_23_1/install/romeona_kinematics_interfaces/share/romeona_kinematics_interfaces/srv/SolveIK.srv
[0.310s] -- Up-to-date symlink: /home/ronnakon/FRA333-KINEMATICS/fra333_lab2_23_1/install/romeona_kinematics_interfaces/share/romeona_kinematics_interfaces/srv/SolveIK_Request.msg
[0.311s] -- Up-to-date symlink: /home/ronnakon/FRA333-KINEMATICS/fra333_lab2_23_1/install/romeona_kinematics_interfaces/share/romeona_kinematics_interfaces/srv/SolveIK_Response.msg
[0.311s] -- Up-to-date symlink: /home/ronnakon/FRA333-KINEMATICS/fra333_lab2_23_1/install/romeona_kinematics_interfaces/share/ament_index/resource_index/package_run_dependencies/romeona_kinematics_interfaces
[0.311s] -- Up-to-date symlink: /home/ronnakon/FRA333-KINEMATICS/fra333_lab2_23_1/install/romeona_kinematics_interfaces/share/ament_index/resource_index/parent_prefix_path/romeona_kinematics_interfaces
[0.311s] -- Up-to-date symlink: /home/ronnakon/FRA333-KINEMATICS/fra333_lab2_23_1/install/romeona_kinematics_interfaces/share/romeona_kinematics_interfaces/environment/ament_prefix_path.sh
[0.312s] -- Up-to-date symlink: /home/ronnakon/FRA333-KINEMATICS/fra333_lab2_23_1/install/romeona_kinematics_interfaces/share/romeona_kinematics_interfaces/environment/ament_prefix_path.dsv
[0.312s] -- Up-to-date symlink: /home/ronnakon/FRA333-KINEMATICS/fra333_lab2_23_1/install/romeona_kinematics_interfaces/share/romeona_kinematics_interfaces/environment/path.sh
[0.312s] -- Up-to-date symlink: /home/ronnakon/FRA333-KINEMATICS/fra333_lab2_23_1/install/romeona_kinematics_interfaces/share/romeona_kinematics_interfaces/environment/path.dsv
[0.312s] -- Up-to-date symlink: /home/ronnakon/FRA333-KINEMATICS/fra333_lab2_23_1/install/romeona_kinematics_interfaces/share/romeona_kinematics_interfaces/local_setup.bash
[0.313s] -- Up-to-date symlink: /home/ronnakon/FRA333-KINEMATICS/fra333_lab2_23_1/install/romeona_kinematics_interfaces/share/romeona_kinematics_interfaces/local_setup.sh
[0.313s] -- Up-to-date symlink: /home/ronnakon/FRA333-KINEMATICS/fra333_lab2_23_1/install/romeona_kinematics_interfaces/share/romeona_kinematics_interfaces/local_setup.zsh
[0.313s] -- Up-to-date symlink: /home/ronnakon/FRA333-KINEMATICS/fra333_lab2_23_1/install/romeona_kinematics_interfaces/share/romeona_kinematics_interfaces/local_setup.dsv
[0.314s] -- Symlinking: /home/ronnakon/FRA333-KINEMATICS/fra333_lab2_23_1/install/romeona_kinematics_interfaces/share/romeona_kinematics_interfaces/package.dsv
[0.324s] -- Up-to-date symlink: /home/ronnakon/FRA333-KINEMATICS/fra333_lab2_23_1/install/romeona_kinematics_interfaces/share/ament_index/resource_index/packages/romeona_kinematics_interfaces
[0.324s] -- Up-to-date symlink: /home/ronnakon/FRA333-KINEMATICS/fra333_lab2_23_1/install/romeona_kinematics_interfaces/share/romeona_kinematics_interfaces/cmake/rosidl_cmake-extras.cmake
[0.324s] -- Up-to-date symlink: /home/ronnakon/FRA333-KINEMATICS/fra333_lab2_23_1/install/romeona_kinematics_interfaces/share/romeona_kinematics_interfaces/cmake/ament_cmake_export_dependencies-extras.cmake
[0.324s] -- Up-to-date symlink: /home/ronnakon/FRA333-KINEMATICS/fra333_lab2_23_1/install/romeona_kinematics_interfaces/share/romeona_kinematics_interfaces/cmake/ament_cmake_export_libraries-extras.cmake
[0.325s] -- Up-to-date symlink: /home/ronnakon/FRA333-KINEMATICS/fra333_lab2_23_1/install/romeona_kinematics_interfaces/share/romeona_kinematics_interfaces/cmake/ament_cmake_export_targets-extras.cmake
[0.325s] -- Up-to-date symlink: /home/ronnakon/FRA333-KINEMATICS/fra333_lab2_23_1/install/romeona_kinematics_interfaces/share/romeona_kinematics_interfaces/cmake/ament_cmake_export_include_directories-extras.cmake
[0.325s] -- Up-to-date symlink: /home/ronnakon/FRA333-KINEMATICS/fra333_lab2_23_1/install/romeona_kinematics_interfaces/share/romeona_kinematics_interfaces/cmake/rosidl_cmake_export_typesupport_libraries-extras.cmake
[0.325s] -- Up-to-date symlink: /home/ronnakon/FRA333-KINEMATICS/fra333_lab2_23_1/install/romeona_kinematics_interfaces/share/romeona_kinematics_interfaces/cmake/rosidl_cmake_export_typesupport_targets-extras.cmake
[0.326s] -- Up-to-date symlink: /home/ronnakon/FRA333-KINEMATICS/fra333_lab2_23_1/install/romeona_kinematics_interfaces/share/romeona_kinematics_interfaces/cmake/romeona_kinematics_interfacesConfig.cmake
[0.326s] -- Up-to-date symlink: /home/ronnakon/FRA333-KINEMATICS/fra333_lab2_23_1/install/romeona_kinematics_interfaces/share/romeona_kinematics_interfaces/cmake/romeona_kinematics_interfacesConfig-version.cmake
[0.326s] -- Up-to-date symlink: /home/ronnakon/FRA333-KINEMATICS/fra333_lab2_23_1/install/romeona_kinematics_interfaces/share/romeona_kinematics_interfaces/package.xml
[0.326s] -- Up-to-date: /home/ronnakon/FRA333-KINEMATICS/fra333_lab2_23_1/install/romeona_kinematics_interfaces/lib/libromeona_kinematics_interfaces__rosidl_generator_c.so
[0.327s] -- Up-to-date: /home/ronnakon/FRA333-KINEMATICS/fra333_lab2_23_1/install/romeona_kinematics_interfaces/lib/libromeona_kinematics_interfaces__rosidl_typesupport_introspection_c.so
[0.327s] -- Up-to-date: /home/ronnakon/FRA333-KINEMATICS/fra333_lab2_23_1/install/romeona_kinematics_interfaces/lib/libromeona_kinematics_interfaces__rosidl_typesupport_c.so
[0.327s] -- Up-to-date: /home/ronnakon/FRA333-KINEMATICS/fra333_lab2_23_1/install/romeona_kinematics_interfaces/lib/libromeona_kinematics_interfaces__rosidl_typesupport_introspection_cpp.so
[0.328s] -- Up-to-date: /home/ronnakon/FRA333-KINEMATICS/fra333_lab2_23_1/install/romeona_kinematics_interfaces/lib/libromeona_kinematics_interfaces__rosidl_typesupport_cpp.so
[0.355s] -- Up-to-date: /home/ronnakon/FRA333-KINEMATICS/fra333_lab2_23_1/install/romeona_kinematics_interfaces/share/romeona_kinematics_interfaces/cmake/romeona_kinematics_interfaces__rosidl_generator_cExport.cmake
[0.355s] -- Up-to-date: /home/ronnakon/FRA333-KINEMATICS/fra333_lab2_23_1/install/romeona_kinematics_interfaces/share/romeona_kinematics_interfaces/cmake/romeona_kinematics_interfaces__rosidl_generator_cExport-noconfig.cmake
[0.356s] -- Up-to-date: /home/ronnakon/FRA333-KINEMATICS/fra333_lab2_23_1/install/romeona_kinematics_interfaces/share/romeona_kinematics_interfaces/cmake/romeona_kinematics_interfaces__rosidl_typesupport_introspection_cExport.cmake
[0.356s] -- Up-to-date: /home/ronnakon/FRA333-KINEMATICS/fra333_lab2_23_1/install/romeona_kinematics_interfaces/share/romeona_kinematics_interfaces/cmake/romeona_kinematics_interfaces__rosidl_typesupport_introspection_cExport-noconfig.cmake
[0.356s] -- Up-to-date: /home/ronnakon/FRA333-KINEMATICS/fra333_lab2_23_1/install/romeona_kinematics_interfaces/share/romeona_kinematics_interfaces/cmake/romeona_kinematics_interfaces__rosidl_typesupport_cExport.cmake
[0.356s] -- Up-to-date: /home/ronnakon/FRA333-KINEMATICS/fra333_lab2_23_1/install/romeona_kinematics_interfaces/share/romeona_kinematics_interfaces/cmake/romeona_kinematics_interfaces__rosidl_typesupport_cExport-noconfig.cmake
[0.357s] -- Up-to-date: /home/ronnakon/FRA333-KINEMATICS/fra333_lab2_23_1/install/romeona_kinematics_interfaces/share/romeona_kinematics_interfaces/cmake/romeona_kinematics_interfaces__rosidl_generator_cppExport.cmake
[0.357s] -- Up-to-date: /home/ronnakon/FRA333-KINEMATICS/fra333_lab2_23_1/install/romeona_kinematics_interfaces/share/romeona_kinematics_interfaces/cmake/romeona_kinematics_interfaces__rosidl_typesupport_introspection_cppExport.cmake
[0.357s] -- Up-to-date: /home/ronnakon/FRA333-KINEMATICS/fra333_lab2_23_1/install/romeona_kinematics_interfaces/share/romeona_kinematics_interfaces/cmake/romeona_kinematics_interfaces__rosidl_typesupport_introspection_cppExport-noconfig.cmake
[0.358s] -- Up-to-date: /home/ronnakon/FRA333-KINEMATICS/fra333_lab2_23_1/install/romeona_kinematics_interfaces/share/romeona_kinematics_interfaces/cmake/romeona_kinematics_interfaces__rosidl_typesupport_cppExport.cmake
[0.358s] -- Up-to-date: /home/ronnakon/FRA333-KINEMATICS/fra333_lab2_23_1/install/romeona_kinematics_interfaces/share/romeona_kinematics_interfaces/cmake/romeona_kinematics_interfaces__rosidl_typesupport_cppExport-noconfig.cmake
[0.364s] Invoked command in '/home/ronnakon/FRA333-KINEMATICS/fra333_lab2_23_1/build/romeona_kinematics_interfaces' returned '0': CMAKE_PREFIX_PATH=${CMAKE_PREFIX_PATH}:/opt/ros/foxy /usr/bin/cmake --install /home/ronnakon/FRA333-KINEMATICS/fra333_lab2_23_1/build/romeona_kinematics_interfaces
