[0.009s] Invoking command in '/home/ronnakon/FRA333-KINEMATICS/ROS_Com/fra333_ws/build/my_first_package': CMAKE_PREFIX_PATH=/opt/ros/foxy /usr/bin/cmake /home/ronnakon/FRA333-KINEMATICS/ROS_Com/fra333_ws/src/my_first_package -DAMENT_CMAKE_SYMLINK_INSTALL=1 -DCMAKE_INSTALL_PREFIX=/home/ronnakon/FRA333-KINEMATICS/ROS_Com/fra333_ws/install/my_first_package
[0.137s] -- The C compiler identification is GNU 9.4.0
[0.228s] -- The CXX compiler identification is GNU 9.4.0
[0.236s] -- Check for working C compiler: /usr/bin/cc
[0.299s] -- Check for working C compiler: /usr/bin/cc -- works
[0.300s] -- Detecting C compiler ABI info
[0.368s] -- Detecting C compiler ABI info - done
[0.382s] -- Detecting C compile features
[0.382s] -- Detecting C compile features - done
[0.385s] -- Check for working CXX compiler: /usr/bin/c++
[0.453s] -- Check for working CXX compiler: /usr/bin/c++ -- works
[0.455s] -- Detecting CXX compiler ABI info
[0.523s] -- Detecting CXX compiler ABI info - done
[0.536s] -- Detecting CXX compile features
[0.536s] -- Detecting CXX compile features - done
[0.538s] -- Found rosidl_default_generators: 1.0.1 (/opt/ros/foxy/share/rosidl_default_generators/cmake)
[0.539s] -- Found ament_cmake_core: 0.9.9 (/opt/ros/foxy/share/ament_cmake_core/cmake)
[0.558s] -- Found PythonInterp: /usr/bin/python3 (found suitable version "3.8.10", minimum required is "3") 
[0.558s] -- Using PYTHON_EXECUTABLE: /usr/bin/python3
[0.682s] -- Override CMake install command with custom implementation using symlinks instead of copying resources
[0.689s] -- Using all available rosidl_typesupport_c: rosidl_typesupport_fastrtps_c;rosidl_typesupport_introspection_c
[0.698s] -- Found rosidl_adapter: 1.2.1 (/opt/ros/foxy/share/rosidl_adapter/cmake)
[0.829s] -- Found OpenSSL: /usr/lib/x86_64-linux-gnu/libcrypto.so (found version "1.1.1f")  
[0.859s] -- Found FastRTPS: /opt/ros/foxy/include  
[0.944s] -- Using all available rosidl_typesupport_cpp: rosidl_typesupport_fastrtps_cpp;rosidl_typesupport_introspection_cpp
[0.967s] -- Found geometry_msgs: 2.0.5 (/opt/ros/foxy/share/geometry_msgs/cmake)
[1.034s] -- Found rclcpp: 2.4.1 (/opt/ros/foxy/share/rclcpp/cmake)
[1.074s] -- Found rmw_implementation_cmake: 1.0.3 (/opt/ros/foxy/share/rmw_implementation_cmake/cmake)
[1.075s] -- Using RMW implementation 'rmw_fastrtps_cpp' as default
[1.076s] -- Looking for pthread.h
[1.154s] -- Looking for pthread.h - found
[1.154s] -- Performing Test CMAKE_HAVE_LIBC_PTHREAD
[1.226s] -- Performing Test CMAKE_HAVE_LIBC_PTHREAD - Failed
[1.226s] -- Looking for pthread_create in pthreads
[1.275s] -- Looking for pthread_create in pthreads - not found
[1.275s] -- Looking for pthread_create in pthread
[1.335s] -- Looking for pthread_create in pthread - found
[1.337s] -- Found Threads: TRUE  
[1.459s] -- Found rclpy: 1.0.8 (/opt/ros/foxy/share/rclpy/cmake)
[1.508s] -- Found PythonInterp: /usr/bin/python3 (found version "3.8.10") 
[1.657s] -- Found ament_cmake_ros: 0.9.2 (/opt/ros/foxy/share/ament_cmake_ros/cmake)
[1.893s] -- Using all available rosidl_typesupport_c: rosidl_typesupport_fastrtps_c;rosidl_typesupport_introspection_c
[1.989s] -- Using all available rosidl_typesupport_cpp: rosidl_typesupport_fastrtps_cpp;rosidl_typesupport_introspection_cpp
[2.013s] -- Found PythonInterp: /usr/bin/python3 (found suitable version "3.8.10", minimum required is "3.5") 
[2.015s] -- Found python_cmake_module: 0.8.1 (/opt/ros/foxy/share/python_cmake_module/cmake)
[2.043s] -- Found PythonLibs: /usr/lib/x86_64-linux-gnu/libpython3.8.so (found suitable version "3.8.10", minimum required is "3.5") 
[2.043s] -- Using PYTHON_EXECUTABLE: /usr/bin/python3
[2.043s] -- Using PYTHON_INCLUDE_DIRS: /usr/include/python3.8
[2.044s] -- Using PYTHON_LIBRARIES: /usr/lib/x86_64-linux-gnu/libpython3.8.so
[2.062s] -- Found PythonExtra: .so  
[2.124s] -- Configuring done
[2.177s] -- Generating done
[2.179s] -- Build files have been written to: /home/ronnakon/FRA333-KINEMATICS/ROS_Com/fra333_ws/build/my_first_package
[2.185s] Invoked command in '/home/ronnakon/FRA333-KINEMATICS/ROS_Com/fra333_ws/build/my_first_package' returned '0': CMAKE_PREFIX_PATH=/opt/ros/foxy /usr/bin/cmake /home/ronnakon/FRA333-KINEMATICS/ROS_Com/fra333_ws/src/my_first_package -DAMENT_CMAKE_SYMLINK_INSTALL=1 -DCMAKE_INSTALL_PREFIX=/home/ronnakon/FRA333-KINEMATICS/ROS_Com/fra333_ws/install/my_first_package
[2.188s] Invoking command in '/home/ronnakon/FRA333-KINEMATICS/ROS_Com/fra333_ws/build/my_first_package': CMAKE_PREFIX_PATH=/opt/ros/foxy /usr/bin/cmake --build /home/ronnakon/FRA333-KINEMATICS/ROS_Com/fra333_ws/build/my_first_package -- -j12 -l12
[2.225s] [35m[1mScanning dependencies of target my_first_package__cpp[0m
[2.228s] [35m[1mScanning dependencies of target cpp_node_test[0m
[2.228s] [  2%] [34m[1mGenerating C code for ROS interfaces[0m
[2.235s] [  4%] [34m[1mGenerating C++ code for ROS interfaces[0m
[2.236s] [  7%] [32mBuilding CXX object CMakeFiles/cpp_node_test.dir/src/cpp_node.cpp.o[0m
[2.440s] [  9%] [32m[1mLinking CXX executable cpp_node_test[0m
[2.463s] [  9%] Built target my_first_package__cpp
[2.472s] [ 12%] [34m[1mGenerating C++ type support for eProsima Fast-RTPS[0m
[2.473s] [ 14%] [34m[1mGenerating C++ type support dispatch for ROS interfaces[0m
[2.474s] [ 17%] [34m[1mGenerating C++ introspection for ROS interfaces[0m
[2.478s] [35m[1mScanning dependencies of target my_first_package__rosidl_generator_c[0m
[2.492s] [ 21%] [32mBuilding C object CMakeFiles/my_first_package__rosidl_generator_c.dir/rosidl_generator_c/my_first_package/srv/detail/set_goal__functions.c.o[0m
[2.492s] [ 21%] [32mBuilding C object CMakeFiles/my_first_package__rosidl_generator_c.dir/rosidl_generator_c/my_first_package/srv/detail/rand_goal__functions.c.o[0m
[2.523s] [ 21%] Built target cpp_node_test
[2.528s] [ 24%] [32m[1mLinking C shared library libmy_first_package__rosidl_generator_c.so[0m
[2.566s] [ 24%] Built target my_first_package__rosidl_generator_c
[2.574s] [ 26%] [34m[1mGenerating C type support dispatch for ROS interfaces[0m
[2.578s] [ 29%] [34m[1mGenerating C introspection for ROS interfaces[0m
[2.657s] [35m[1mScanning dependencies of target my_first_package__rosidl_typesupport_cpp[0m
[2.669s] [ 31%] [32mBuilding CXX object CMakeFiles/my_first_package__rosidl_typesupport_cpp.dir/rosidl_typesupport_cpp/my_first_package/srv/set_goal__type_support.cpp.o[0m
[2.672s] [ 34%] [32mBuilding CXX object CMakeFiles/my_first_package__rosidl_typesupport_cpp.dir/rosidl_typesupport_cpp/my_first_package/srv/rand_goal__type_support.cpp.o[0m
[2.682s] [35m[1mScanning dependencies of target my_first_package__rosidl_typesupport_introspection_cpp[0m
[2.695s] [ 36%] [32mBuilding CXX object CMakeFiles/my_first_package__rosidl_typesupport_introspection_cpp.dir/rosidl_typesupport_introspection_cpp/my_first_package/srv/detail/rand_goal__type_support.cpp.o[0m
[2.697s] [ 39%] [32mBuilding CXX object CMakeFiles/my_first_package__rosidl_typesupport_introspection_cpp.dir/rosidl_typesupport_introspection_cpp/my_first_package/srv/detail/set_goal__type_support.cpp.o[0m
[2.705s] [35m[1mScanning dependencies of target my_first_package__rosidl_typesupport_fastrtps_cpp[0m
[2.728s] [ 41%] [32mBuilding CXX object CMakeFiles/my_first_package__rosidl_typesupport_fastrtps_cpp.dir/rosidl_typesupport_fastrtps_cpp/my_first_package/srv/detail/dds_fastrtps/rand_goal__type_support.cpp.o[0m
[2.728s] [ 43%] [32mBuilding CXX object CMakeFiles/my_first_package__rosidl_typesupport_fastrtps_cpp.dir/rosidl_typesupport_fastrtps_cpp/my_first_package/srv/detail/dds_fastrtps/set_goal__type_support.cpp.o[0m
[2.794s] [35m[1mScanning dependencies of target my_first_package__rosidl_typesupport_c[0m
[2.801s] [35m[1mScanning dependencies of target my_first_package__rosidl_typesupport_introspection_c[0m
[2.808s] [ 46%] [32mBuilding CXX object CMakeFiles/my_first_package__rosidl_typesupport_c.dir/rosidl_typesupport_c/my_first_package/srv/rand_goal__type_support.cpp.o[0m
[2.808s] [ 48%] [32mBuilding CXX object CMakeFiles/my_first_package__rosidl_typesupport_c.dir/rosidl_typesupport_c/my_first_package/srv/set_goal__type_support.cpp.o[0m
[2.814s] [ 51%] [32mBuilding C object CMakeFiles/my_first_package__rosidl_typesupport_introspection_c.dir/rosidl_typesupport_introspection_c/my_first_package/srv/detail/set_goal__type_support.c.o[0m
[2.816s] [ 53%] [32mBuilding C object CMakeFiles/my_first_package__rosidl_typesupport_introspection_c.dir/rosidl_typesupport_introspection_c/my_first_package/srv/detail/rand_goal__type_support.c.o[0m
[2.841s] [ 56%] [32m[1mLinking CXX shared library libmy_first_package__rosidl_typesupport_c.so[0m
[2.855s] [ 58%] [32m[1mLinking C shared library libmy_first_package__rosidl_typesupport_introspection_c.so[0m
[2.876s] [ 58%] Built target my_first_package__rosidl_typesupport_c
[2.885s] [ 58%] Built target my_first_package__rosidl_typesupport_introspection_c
[2.960s] [ 60%] [32m[1mLinking CXX shared library libmy_first_package__rosidl_typesupport_introspection_cpp.so[0m
[2.969s] [ 63%] [32m[1mLinking CXX shared library libmy_first_package__rosidl_typesupport_cpp.so[0m
[3.003s] [ 63%] Built target my_first_package__rosidl_typesupport_cpp
[3.005s] [ 63%] Built target my_first_package__rosidl_typesupport_introspection_cpp
[3.124s] [ 65%] [32m[1mLinking CXX shared library libmy_first_package__rosidl_typesupport_fastrtps_cpp.so[0m
[3.193s] [ 65%] Built target my_first_package__rosidl_typesupport_fastrtps_cpp
[3.206s] [ 68%] [34m[1mGenerating C type support for eProsima Fast-RTPS[0m
[3.434s] [35m[1mScanning dependencies of target my_first_package__rosidl_typesupport_fastrtps_c[0m
[3.454s] [ 70%] [32mBuilding CXX object CMakeFiles/my_first_package__rosidl_typesupport_fastrtps_c.dir/rosidl_typesupport_fastrtps_c/my_first_package/srv/detail/set_goal__type_support_c.cpp.o[0m
[3.454s] [ 73%] [32mBuilding CXX object CMakeFiles/my_first_package__rosidl_typesupport_fastrtps_c.dir/rosidl_typesupport_fastrtps_c/my_first_package/srv/detail/rand_goal__type_support_c.cpp.o[0m
[3.725s] [ 75%] [32m[1mLinking CXX shared library libmy_first_package__rosidl_typesupport_fastrtps_c.so[0m
[3.792s] [ 75%] Built target my_first_package__rosidl_typesupport_fastrtps_c
[3.804s] [35m[1mScanning dependencies of target my_first_package[0m
[3.814s] [ 75%] Built target my_first_package
[3.823s] [35m[1mScanning dependencies of target my_first_package__py[0m
[3.830s] [ 78%] [34m[1mGenerating Python code for ROS interfaces[0m
[4.284s] [ 78%] Built target my_first_package__py
[4.294s] [35m[1mScanning dependencies of target my_first_package__python[0m
[4.329s] [ 82%] [32mBuilding C object CMakeFiles/my_first_package__python.dir/rosidl_generator_py/my_first_package/srv/_rand_goal_s.c.o[0m
[4.329s] [ 82%] [32mBuilding C object CMakeFiles/my_first_package__python.dir/rosidl_generator_py/my_first_package/srv/_set_goal_s.c.o[0m
[4.412s] [ 85%] [32m[1mLinking C shared library rosidl_generator_py/my_first_package/libmy_first_package__python.so[0m
[4.456s] [ 85%] Built target my_first_package__python
[4.464s] [35m[1mScanning dependencies of target my_first_package__rosidl_typesupport_introspection_c__pyext[0m
[4.465s] [35m[1mScanning dependencies of target my_first_package__rosidl_typesupport_fastrtps_c__pyext[0m
[4.466s] [35m[1mScanning dependencies of target my_first_package__rosidl_typesupport_c__pyext[0m
[4.478s] [ 87%] [32mBuilding C object CMakeFiles/my_first_package__rosidl_typesupport_fastrtps_c__pyext.dir/rosidl_generator_py/my_first_package/_my_first_package_s.ep.rosidl_typesupport_fastrtps_c.c.o[0m
[4.479s] [ 90%] [32mBuilding C object CMakeFiles/my_first_package__rosidl_typesupport_c__pyext.dir/rosidl_generator_py/my_first_package/_my_first_package_s.ep.rosidl_typesupport_c.c.o[0m
[4.479s] [ 92%] [32mBuilding C object CMakeFiles/my_first_package__rosidl_typesupport_introspection_c__pyext.dir/rosidl_generator_py/my_first_package/_my_first_package_s.ep.rosidl_typesupport_introspection_c.c.o[0m
[4.549s] [ 95%] [32m[1mLinking C shared library rosidl_generator_py/my_first_package/my_first_package_s__rosidl_typesupport_introspection_c.cpython-38-x86_64-linux-gnu.so[0m
[4.550s] [ 97%] [32m[1mLinking CXX shared library rosidl_generator_py/my_first_package/my_first_package_s__rosidl_typesupport_fastrtps_c.cpython-38-x86_64-linux-gnu.so[0m
[4.551s] [100%] [32m[1mLinking C shared library rosidl_generator_py/my_first_package/my_first_package_s__rosidl_typesupport_c.cpython-38-x86_64-linux-gnu.so[0m
[4.584s] [100%] Built target my_first_package__rosidl_typesupport_c__pyext
[4.585s] [100%] Built target my_first_package__rosidl_typesupport_introspection_c__pyext
[4.607s] [100%] Built target my_first_package__rosidl_typesupport_fastrtps_c__pyext
[4.618s] Invoked command in '/home/ronnakon/FRA333-KINEMATICS/ROS_Com/fra333_ws/build/my_first_package' returned '0': CMAKE_PREFIX_PATH=/opt/ros/foxy /usr/bin/cmake --build /home/ronnakon/FRA333-KINEMATICS/ROS_Com/fra333_ws/build/my_first_package -- -j12 -l12
[4.682s] Invoking command in '/home/ronnakon/FRA333-KINEMATICS/ROS_Com/fra333_ws/build/my_first_package': CMAKE_PREFIX_PATH=/opt/ros/foxy /usr/bin/cmake --install /home/ronnakon/FRA333-KINEMATICS/ROS_Com/fra333_ws/build/my_first_package
[4.690s] -- Install configuration: ""
[4.691s] -- Execute custom install script
[4.692s] -- Symlinking: /home/ronnakon/FRA333-KINEMATICS/ROS_Com/fra333_ws/install/my_first_package/share/my_first_package/environment/pythonpath.sh
[4.700s] -- Symlinking: /home/ronnakon/FRA333-KINEMATICS/ROS_Com/fra333_ws/install/my_first_package/share/my_first_package/environment/pythonpath.dsv
[4.710s] -- Symlinking: /home/ronnakon/FRA333-KINEMATICS/ROS_Com/fra333_ws/install/my_first_package/lib/python3.8/site-packages/my_first_package/__init__.py
[4.720s] -- Symlinking: /home/ronnakon/FRA333-KINEMATICS/ROS_Com/fra333_ws/install/my_first_package/lib/my_first_package/01_pub.py
[4.730s] -- Symlinking: /home/ronnakon/FRA333-KINEMATICS/ROS_Com/fra333_ws/install/my_first_package/lib/my_first_package/01_sub.py
[4.739s] -- Symlinking: /home/ronnakon/FRA333-KINEMATICS/ROS_Com/fra333_ws/install/my_first_package/lib/my_first_package/02_controller.py
[4.750s] -- Symlinking: /home/ronnakon/FRA333-KINEMATICS/ROS_Com/fra333_ws/install/my_first_package/lib/my_first_package/02_scheduler.py
[4.755s] -- Symlinking: /home/ronnakon/FRA333-KINEMATICS/ROS_Com/fra333_ws/install/my_first_package/lib/my_first_package/03_turtle_tf2_broadcaster.py
[4.761s] -- Symlinking: /home/ronnakon/FRA333-KINEMATICS/ROS_Com/fra333_ws/install/my_first_package/lib/my_first_package/04_state_pub.py
[4.767s] -- Symlinking: /home/ronnakon/FRA333-KINEMATICS/ROS_Com/fra333_ws/install/my_first_package/lib/my_first_package/cpp_node_test
[4.772s] -- Symlinking: /home/ronnakon/FRA333-KINEMATICS/ROS_Com/fra333_ws/install/my_first_package/share/ament_index/resource_index/rosidl_interfaces/my_first_package
[4.779s] -- Symlinking: /home/ronnakon/FRA333-KINEMATICS/ROS_Com/fra333_ws/install/my_first_package/include/my_first_package/msg/rosidl_generator_c__visibility_control.h
[4.784s] -- Symlinking: /home/ronnakon/FRA333-KINEMATICS/ROS_Com/fra333_ws/install/my_first_package/include/my_first_package/srv/detail/rand_goal__functions.h
[4.790s] -- Symlinking: /home/ronnakon/FRA333-KINEMATICS/ROS_Com/fra333_ws/install/my_first_package/include/my_first_package/srv/detail/rand_goal__struct.h
[4.795s] -- Symlinking: /home/ronnakon/FRA333-KINEMATICS/ROS_Com/fra333_ws/install/my_first_package/include/my_first_package/srv/detail/rand_goal__type_support.h
[4.801s] -- Symlinking: /home/ronnakon/FRA333-KINEMATICS/ROS_Com/fra333_ws/install/my_first_package/include/my_first_package/srv/detail/set_goal__functions.h
[4.806s] -- Symlinking: /home/ronnakon/FRA333-KINEMATICS/ROS_Com/fra333_ws/install/my_first_package/include/my_first_package/srv/detail/set_goal__struct.h
[4.812s] -- Symlinking: /home/ronnakon/FRA333-KINEMATICS/ROS_Com/fra333_ws/install/my_first_package/include/my_first_package/srv/detail/set_goal__type_support.h
[4.821s] -- Symlinking: /home/ronnakon/FRA333-KINEMATICS/ROS_Com/fra333_ws/install/my_first_package/include/my_first_package/srv/rand_goal.h
[4.831s] -- Symlinking: /home/ronnakon/FRA333-KINEMATICS/ROS_Com/fra333_ws/install/my_first_package/include/my_first_package/srv/set_goal.h
[4.837s] -- Symlinking: /home/ronnakon/FRA333-KINEMATICS/ROS_Com/fra333_ws/install/my_first_package/share/my_first_package/environment/library_path.sh
[4.843s] -- Symlinking: /home/ronnakon/FRA333-KINEMATICS/ROS_Com/fra333_ws/install/my_first_package/share/my_first_package/environment/library_path.dsv
[4.854s] -- Symlinking: /home/ronnakon/FRA333-KINEMATICS/ROS_Com/fra333_ws/install/my_first_package/include/my_first_package/msg/rosidl_typesupport_fastrtps_c__visibility_control.h
[4.859s] -- Symlinking: /home/ronnakon/FRA333-KINEMATICS/ROS_Com/fra333_ws/install/my_first_package/include/my_first_package/srv/detail/rand_goal__rosidl_typesupport_fastrtps_c.h
[4.869s] -- Symlinking: /home/ronnakon/FRA333-KINEMATICS/ROS_Com/fra333_ws/install/my_first_package/include/my_first_package/srv/detail/set_goal__rosidl_typesupport_fastrtps_c.h
[4.875s] -- Symlinking: /home/ronnakon/FRA333-KINEMATICS/ROS_Com/fra333_ws/install/my_first_package/lib/libmy_first_package__rosidl_typesupport_fastrtps_c.so
[4.883s] -- Symlinking: /home/ronnakon/FRA333-KINEMATICS/ROS_Com/fra333_ws/install/my_first_package/include/my_first_package/msg/rosidl_typesupport_fastrtps_cpp__visibility_control.h
[4.891s] -- Symlinking: /home/ronnakon/FRA333-KINEMATICS/ROS_Com/fra333_ws/install/my_first_package/include/my_first_package/srv/detail/rand_goal__rosidl_typesupport_fastrtps_cpp.hpp
[4.896s] -- Symlinking: /home/ronnakon/FRA333-KINEMATICS/ROS_Com/fra333_ws/install/my_first_package/include/my_first_package/srv/detail/set_goal__rosidl_typesupport_fastrtps_cpp.hpp
[4.902s] -- Symlinking: /home/ronnakon/FRA333-KINEMATICS/ROS_Com/fra333_ws/install/my_first_package/lib/libmy_first_package__rosidl_typesupport_fastrtps_cpp.so
[4.910s] -- Symlinking: /home/ronnakon/FRA333-KINEMATICS/ROS_Com/fra333_ws/install/my_first_package/include/my_first_package/msg/rosidl_typesupport_introspection_c__visibility_control.h
[4.916s] -- Symlinking: /home/ronnakon/FRA333-KINEMATICS/ROS_Com/fra333_ws/install/my_first_package/include/my_first_package/srv/detail/rand_goal__rosidl_typesupport_introspection_c.h
[4.926s] -- Symlinking: /home/ronnakon/FRA333-KINEMATICS/ROS_Com/fra333_ws/install/my_first_package/include/my_first_package/srv/detail/set_goal__rosidl_typesupport_introspection_c.h
[4.932s] -- Symlinking: /home/ronnakon/FRA333-KINEMATICS/ROS_Com/fra333_ws/install/my_first_package/include/my_first_package/srv/detail/rand_goal__builder.hpp
[4.938s] -- Symlinking: /home/ronnakon/FRA333-KINEMATICS/ROS_Com/fra333_ws/install/my_first_package/include/my_first_package/srv/detail/rand_goal__struct.hpp
[4.944s] -- Symlinking: /home/ronnakon/FRA333-KINEMATICS/ROS_Com/fra333_ws/install/my_first_package/include/my_first_package/srv/detail/rand_goal__traits.hpp
[4.949s] -- Symlinking: /home/ronnakon/FRA333-KINEMATICS/ROS_Com/fra333_ws/install/my_first_package/include/my_first_package/srv/detail/set_goal__builder.hpp
[4.955s] -- Symlinking: /home/ronnakon/FRA333-KINEMATICS/ROS_Com/fra333_ws/install/my_first_package/include/my_first_package/srv/detail/set_goal__struct.hpp
[4.960s] -- Symlinking: /home/ronnakon/FRA333-KINEMATICS/ROS_Com/fra333_ws/install/my_first_package/include/my_first_package/srv/detail/set_goal__traits.hpp
[4.970s] -- Symlinking: /home/ronnakon/FRA333-KINEMATICS/ROS_Com/fra333_ws/install/my_first_package/include/my_first_package/srv/rand_goal.hpp
[4.976s] -- Symlinking: /home/ronnakon/FRA333-KINEMATICS/ROS_Com/fra333_ws/install/my_first_package/include/my_first_package/srv/set_goal.hpp
[4.983s] -- Symlinking: /home/ronnakon/FRA333-KINEMATICS/ROS_Com/fra333_ws/install/my_first_package/include/my_first_package/srv/detail/rand_goal__rosidl_typesupport_introspection_cpp.hpp
[4.988s] -- Symlinking: /home/ronnakon/FRA333-KINEMATICS/ROS_Com/fra333_ws/install/my_first_package/include/my_first_package/srv/detail/set_goal__rosidl_typesupport_introspection_cpp.hpp
[4.994s] -- Symlinking: /home/ronnakon/FRA333-KINEMATICS/ROS_Com/fra333_ws/install/my_first_package/lib/python3.8/site-packages/my_first_package/__init__.py
[5.000s] -- Symlinking: /home/ronnakon/FRA333-KINEMATICS/ROS_Com/fra333_ws/install/my_first_package/lib/python3.8/site-packages/my_first_package/srv/__init__.py
[5.006s] -- Symlinking: /home/ronnakon/FRA333-KINEMATICS/ROS_Com/fra333_ws/install/my_first_package/lib/python3.8/site-packages/my_first_package/srv/_rand_goal.py
[5.011s] -- Symlinking: /home/ronnakon/FRA333-KINEMATICS/ROS_Com/fra333_ws/install/my_first_package/lib/python3.8/site-packages/my_first_package/srv/_set_goal.py
[5.020s] -- Symlinking: /home/ronnakon/FRA333-KINEMATICS/ROS_Com/fra333_ws/install/my_first_package/lib/python3.8/site-packages/my_first_package/my_first_package_s__rosidl_typesupport_fastrtps_c.cpython-38-x86_64-linux-gnu.so
[5.026s] -- Symlinking: /home/ronnakon/FRA333-KINEMATICS/ROS_Com/fra333_ws/install/my_first_package/lib/python3.8/site-packages/my_first_package/my_first_package_s__rosidl_typesupport_introspection_c.cpython-38-x86_64-linux-gnu.so
[5.032s] -- Symlinking: /home/ronnakon/FRA333-KINEMATICS/ROS_Com/fra333_ws/install/my_first_package/lib/python3.8/site-packages/my_first_package/my_first_package_s__rosidl_typesupport_c.cpython-38-x86_64-linux-gnu.so
[5.038s] -- Symlinking: /home/ronnakon/FRA333-KINEMATICS/ROS_Com/fra333_ws/install/my_first_package/lib/libmy_first_package__python.so
[5.044s] -- Symlinking: /home/ronnakon/FRA333-KINEMATICS/ROS_Com/fra333_ws/install/my_first_package/share/my_first_package/srv/RandGoal.idl
[5.050s] -- Symlinking: /home/ronnakon/FRA333-KINEMATICS/ROS_Com/fra333_ws/install/my_first_package/share/my_first_package/srv/SetGoal.idl
[5.055s] -- Symlinking: /home/ronnakon/FRA333-KINEMATICS/ROS_Com/fra333_ws/install/my_first_package/share/my_first_package/srv/RandGoal.srv
[5.061s] -- Symlinking: /home/ronnakon/FRA333-KINEMATICS/ROS_Com/fra333_ws/install/my_first_package/share/my_first_package/srv/RandGoal_Request.msg
[5.067s] -- Symlinking: /home/ronnakon/FRA333-KINEMATICS/ROS_Com/fra333_ws/install/my_first_package/share/my_first_package/srv/RandGoal_Response.msg
[5.073s] -- Symlinking: /home/ronnakon/FRA333-KINEMATICS/ROS_Com/fra333_ws/install/my_first_package/share/my_first_package/srv/SetGoal.srv
[5.078s] -- Symlinking: /home/ronnakon/FRA333-KINEMATICS/ROS_Com/fra333_ws/install/my_first_package/share/my_first_package/srv/SetGoal_Request.msg
[5.084s] -- Symlinking: /home/ronnakon/FRA333-KINEMATICS/ROS_Com/fra333_ws/install/my_first_package/share/my_first_package/srv/SetGoal_Response.msg
[5.090s] -- Symlinking: /home/ronnakon/FRA333-KINEMATICS/ROS_Com/fra333_ws/install/my_first_package/share/my_first_package/launch/02_via_point_follower.launch.py
[5.096s] -- Symlinking: /home/ronnakon/FRA333-KINEMATICS/ROS_Com/fra333_ws/install/my_first_package/share/my_first_package/launch/04_robot_state_publisher.launch.py
[5.101s] -- Symlinking: /home/ronnakon/FRA333-KINEMATICS/ROS_Com/fra333_ws/install/my_first_package/share/my_first_package/urdf/myrobot.xml
[5.108s] -- Symlinking: /home/ronnakon/FRA333-KINEMATICS/ROS_Com/fra333_ws/install/my_first_package/share/my_first_package/urdf/r2d2.urdf.xml
[5.113s] -- Symlinking: /home/ronnakon/FRA333-KINEMATICS/ROS_Com/fra333_ws/install/my_first_package/share/my_first_package/rviz/r2d2.rviz
[5.119s] -- Symlinking: /home/ronnakon/FRA333-KINEMATICS/ROS_Com/fra333_ws/install/my_first_package/share/ament_index/resource_index/package_run_dependencies/my_first_package
[5.129s] -- Symlinking: /home/ronnakon/FRA333-KINEMATICS/ROS_Com/fra333_ws/install/my_first_package/share/ament_index/resource_index/parent_prefix_path/my_first_package
[5.136s] -- Symlinking: /home/ronnakon/FRA333-KINEMATICS/ROS_Com/fra333_ws/install/my_first_package/share/my_first_package/environment/ament_prefix_path.sh
[5.142s] -- Symlinking: /home/ronnakon/FRA333-KINEMATICS/ROS_Com/fra333_ws/install/my_first_package/share/my_first_package/environment/ament_prefix_path.dsv
[5.151s] -- Symlinking: /home/ronnakon/FRA333-KINEMATICS/ROS_Com/fra333_ws/install/my_first_package/share/my_first_package/environment/path.sh
[5.161s] -- Symlinking: /home/ronnakon/FRA333-KINEMATICS/ROS_Com/fra333_ws/install/my_first_package/share/my_first_package/environment/path.dsv
[5.167s] -- Symlinking: /home/ronnakon/FRA333-KINEMATICS/ROS_Com/fra333_ws/install/my_first_package/share/my_first_package/local_setup.bash
[5.173s] -- Symlinking: /home/ronnakon/FRA333-KINEMATICS/ROS_Com/fra333_ws/install/my_first_package/share/my_first_package/local_setup.sh
[5.179s] -- Symlinking: /home/ronnakon/FRA333-KINEMATICS/ROS_Com/fra333_ws/install/my_first_package/share/my_first_package/local_setup.zsh
[5.184s] -- Symlinking: /home/ronnakon/FRA333-KINEMATICS/ROS_Com/fra333_ws/install/my_first_package/share/my_first_package/local_setup.dsv
[5.190s] -- Symlinking: /home/ronnakon/FRA333-KINEMATICS/ROS_Com/fra333_ws/install/my_first_package/share/my_first_package/package.dsv
[5.200s] -- Symlinking: /home/ronnakon/FRA333-KINEMATICS/ROS_Com/fra333_ws/install/my_first_package/share/ament_index/resource_index/packages/my_first_package
[5.210s] -- Symlinking: /home/ronnakon/FRA333-KINEMATICS/ROS_Com/fra333_ws/install/my_first_package/share/my_first_package/cmake/rosidl_cmake-extras.cmake
[5.219s] -- Symlinking: /home/ronnakon/FRA333-KINEMATICS/ROS_Com/fra333_ws/install/my_first_package/share/my_first_package/cmake/ament_cmake_export_dependencies-extras.cmake
[5.229s] -- Symlinking: /home/ronnakon/FRA333-KINEMATICS/ROS_Com/fra333_ws/install/my_first_package/share/my_first_package/cmake/ament_cmake_export_libraries-extras.cmake
[5.239s] -- Symlinking: /home/ronnakon/FRA333-KINEMATICS/ROS_Com/fra333_ws/install/my_first_package/share/my_first_package/cmake/ament_cmake_export_targets-extras.cmake
[5.250s] -- Symlinking: /home/ronnakon/FRA333-KINEMATICS/ROS_Com/fra333_ws/install/my_first_package/share/my_first_package/cmake/ament_cmake_export_include_directories-extras.cmake
[5.255s] -- Symlinking: /home/ronnakon/FRA333-KINEMATICS/ROS_Com/fra333_ws/install/my_first_package/share/my_first_package/cmake/rosidl_cmake_export_typesupport_libraries-extras.cmake
[5.261s] -- Symlinking: /home/ronnakon/FRA333-KINEMATICS/ROS_Com/fra333_ws/install/my_first_package/share/my_first_package/cmake/rosidl_cmake_export_typesupport_targets-extras.cmake
[5.267s] -- Symlinking: /home/ronnakon/FRA333-KINEMATICS/ROS_Com/fra333_ws/install/my_first_package/share/my_first_package/cmake/my_first_packageConfig.cmake
[5.272s] -- Symlinking: /home/ronnakon/FRA333-KINEMATICS/ROS_Com/fra333_ws/install/my_first_package/share/my_first_package/cmake/my_first_packageConfig-version.cmake
[5.278s] -- Symlinking: /home/ronnakon/FRA333-KINEMATICS/ROS_Com/fra333_ws/install/my_first_package/share/my_first_package/package.xml
[5.306s] Listing '/home/ronnakon/FRA333-KINEMATICS/ROS_Com/fra333_ws/install/my_first_package/lib/python3.8/site-packages/my_first_package'...
[5.306s] Compiling '/home/ronnakon/FRA333-KINEMATICS/ROS_Com/fra333_ws/install/my_first_package/lib/python3.8/site-packages/my_first_package/__init__.py'...
[5.306s] Listing '/home/ronnakon/FRA333-KINEMATICS/ROS_Com/fra333_ws/install/my_first_package/lib/python3.8/site-packages/my_first_package/srv'...
[5.306s] Compiling '/home/ronnakon/FRA333-KINEMATICS/ROS_Com/fra333_ws/install/my_first_package/lib/python3.8/site-packages/my_first_package/srv/__init__.py'...
[5.307s] Compiling '/home/ronnakon/FRA333-KINEMATICS/ROS_Com/fra333_ws/install/my_first_package/lib/python3.8/site-packages/my_first_package/srv/_rand_goal.py'...
[5.307s] Compiling '/home/ronnakon/FRA333-KINEMATICS/ROS_Com/fra333_ws/install/my_first_package/lib/python3.8/site-packages/my_first_package/srv/_set_goal.py'...
[5.309s] -- Installing: /home/ronnakon/FRA333-KINEMATICS/ROS_Com/fra333_ws/install/my_first_package/lib/libmy_first_package__rosidl_generator_c.so
[5.309s] -- Set runtime path of "/home/ronnakon/FRA333-KINEMATICS/ROS_Com/fra333_ws/install/my_first_package/lib/libmy_first_package__rosidl_generator_c.so" to ""
[5.310s] -- Installing: /home/ronnakon/FRA333-KINEMATICS/ROS_Com/fra333_ws/install/my_first_package/lib/libmy_first_package__rosidl_typesupport_introspection_c.so
[5.310s] -- Set runtime path of "/home/ronnakon/FRA333-KINEMATICS/ROS_Com/fra333_ws/install/my_first_package/lib/libmy_first_package__rosidl_typesupport_introspection_c.so" to ""
[5.310s] -- Installing: /home/ronnakon/FRA333-KINEMATICS/ROS_Com/fra333_ws/install/my_first_package/lib/libmy_first_package__rosidl_typesupport_c.so
[5.311s] -- Set runtime path of "/home/ronnakon/FRA333-KINEMATICS/ROS_Com/fra333_ws/install/my_first_package/lib/libmy_first_package__rosidl_typesupport_c.so" to ""
[5.311s] -- Installing: /home/ronnakon/FRA333-KINEMATICS/ROS_Com/fra333_ws/install/my_first_package/lib/libmy_first_package__rosidl_typesupport_introspection_cpp.so
[5.311s] -- Set runtime path of "/home/ronnakon/FRA333-KINEMATICS/ROS_Com/fra333_ws/install/my_first_package/lib/libmy_first_package__rosidl_typesupport_introspection_cpp.so" to ""
[5.312s] -- Installing: /home/ronnakon/FRA333-KINEMATICS/ROS_Com/fra333_ws/install/my_first_package/lib/libmy_first_package__rosidl_typesupport_cpp.so
[5.312s] -- Set runtime path of "/home/ronnakon/FRA333-KINEMATICS/ROS_Com/fra333_ws/install/my_first_package/lib/libmy_first_package__rosidl_typesupport_cpp.so" to ""
[5.337s] -- Installing: /home/ronnakon/FRA333-KINEMATICS/ROS_Com/fra333_ws/install/my_first_package/share/my_first_package/cmake/my_first_package__rosidl_generator_cExport.cmake
[5.338s] -- Installing: /home/ronnakon/FRA333-KINEMATICS/ROS_Com/fra333_ws/install/my_first_package/share/my_first_package/cmake/my_first_package__rosidl_generator_cExport-noconfig.cmake
[5.338s] -- Installing: /home/ronnakon/FRA333-KINEMATICS/ROS_Com/fra333_ws/install/my_first_package/share/my_first_package/cmake/my_first_package__rosidl_typesupport_introspection_cExport.cmake
[5.338s] -- Installing: /home/ronnakon/FRA333-KINEMATICS/ROS_Com/fra333_ws/install/my_first_package/share/my_first_package/cmake/my_first_package__rosidl_typesupport_introspection_cExport-noconfig.cmake
[5.338s] -- Installing: /home/ronnakon/FRA333-KINEMATICS/ROS_Com/fra333_ws/install/my_first_package/share/my_first_package/cmake/my_first_package__rosidl_typesupport_cExport.cmake
[5.338s] -- Installing: /home/ronnakon/FRA333-KINEMATICS/ROS_Com/fra333_ws/install/my_first_package/share/my_first_package/cmake/my_first_package__rosidl_typesupport_cExport-noconfig.cmake
[5.339s] -- Installing: /home/ronnakon/FRA333-KINEMATICS/ROS_Com/fra333_ws/install/my_first_package/share/my_first_package/cmake/my_first_package__rosidl_generator_cppExport.cmake
[5.339s] -- Installing: /home/ronnakon/FRA333-KINEMATICS/ROS_Com/fra333_ws/install/my_first_package/share/my_first_package/cmake/my_first_package__rosidl_typesupport_introspection_cppExport.cmake
[5.339s] -- Installing: /home/ronnakon/FRA333-KINEMATICS/ROS_Com/fra333_ws/install/my_first_package/share/my_first_package/cmake/my_first_package__rosidl_typesupport_introspection_cppExport-noconfig.cmake
[5.339s] -- Installing: /home/ronnakon/FRA333-KINEMATICS/ROS_Com/fra333_ws/install/my_first_package/share/my_first_package/cmake/my_first_package__rosidl_typesupport_cppExport.cmake
[5.340s] -- Installing: /home/ronnakon/FRA333-KINEMATICS/ROS_Com/fra333_ws/install/my_first_package/share/my_first_package/cmake/my_first_package__rosidl_typesupport_cppExport-noconfig.cmake
[5.342s] Invoked command in '/home/ronnakon/FRA333-KINEMATICS/ROS_Com/fra333_ws/build/my_first_package' returned '0': CMAKE_PREFIX_PATH=/opt/ros/foxy /usr/bin/cmake --install /home/ronnakon/FRA333-KINEMATICS/ROS_Com/fra333_ws/build/my_first_package
