-- The C compiler identification is GNU 9.4.0
-- The CXX compiler identification is GNU 9.4.0
-- Check for working C compiler: /usr/bin/cc
-- Check for working C compiler: /usr/bin/cc -- works
-- Detecting C compiler ABI info
-- Detecting C compiler ABI info - done
-- Detecting C compile features
-- Detecting C compile features - done
-- Check for working CXX compiler: /usr/bin/c++
-- Check for working CXX compiler: /usr/bin/c++ -- works
-- Detecting CXX compiler ABI info
-- Detecting CXX compiler ABI info - done
-- Detecting CXX compile features
-- Detecting CXX compile features - done
-- Found rosidl_default_generators: 1.0.1 (/opt/ros/foxy/share/rosidl_default_generators/cmake)
-- Found ament_cmake_core: 0.9.9 (/opt/ros/foxy/share/ament_cmake_core/cmake)
-- Found PythonInterp: /usr/bin/python3 (found suitable version "3.8.10", minimum required is "3") 
-- Using PYTHON_EXECUTABLE: /usr/bin/python3
-- Override CMake install command with custom implementation using symlinks instead of copying resources
-- Using all available rosidl_typesupport_c: rosidl_typesupport_fastrtps_c;rosidl_typesupport_introspection_c
-- Found rosidl_adapter: 1.2.1 (/opt/ros/foxy/share/rosidl_adapter/cmake)
-- Found OpenSSL: /usr/lib/x86_64-linux-gnu/libcrypto.so (found version "1.1.1f")  
-- Found FastRTPS: /opt/ros/foxy/include  
-- Using all available rosidl_typesupport_cpp: rosidl_typesupport_fastrtps_cpp;rosidl_typesupport_introspection_cpp
-- Found geometry_msgs: 2.0.5 (/opt/ros/foxy/share/geometry_msgs/cmake)
-- Found rclcpp: 2.4.1 (/opt/ros/foxy/share/rclcpp/cmake)
-- Found rmw_implementation_cmake: 1.0.3 (/opt/ros/foxy/share/rmw_implementation_cmake/cmake)
-- Using RMW implementation 'rmw_fastrtps_cpp' as default
-- Looking for pthread.h
-- Looking for pthread.h - found
-- Performing Test CMAKE_HAVE_LIBC_PTHREAD
-- Performing Test CMAKE_HAVE_LIBC_PTHREAD - Failed
-- Looking for pthread_create in pthreads
-- Looking for pthread_create in pthreads - not found
-- Looking for pthread_create in pthread
-- Looking for pthread_create in pthread - found
-- Found Threads: TRUE  
-- Found rclpy: 1.0.8 (/opt/ros/foxy/share/rclpy/cmake)
-- Configuring done
-- Generating done
-- Build files have been written to: /home/student26/fra333_ws/build/my_first_package
[35m[1mScanning dependencies of target cpp_node_test[0m
[ 50%] [32mBuilding CXX object CMakeFiles/cpp_node_test.dir/src/cpp_node.cpp.o[0m
[100%] [32m[1mLinking CXX executable cpp_node_test[0m
[100%] Built target cpp_node_test
-- Install configuration: ""
-- Execute custom install script
-- Symlinking: /home/student26/fra333_ws/install/my_first_package/share/my_first_package/environment/pythonpath.sh
-- Symlinking: /home/student26/fra333_ws/install/my_first_package/share/my_first_package/environment/pythonpath.dsv
-- Symlinking: /home/student26/fra333_ws/install/my_first_package/lib/python3.8/site-packages/my_first_package/__init__.py
-- Symlinking: /home/student26/fra333_ws/install/my_first_package/lib/my_first_package/01_pub.py
-- Symlinking: /home/student26/fra333_ws/install/my_first_package/lib/my_first_package/cpp_node_test
-- Symlinking: /home/student26/fra333_ws/install/my_first_package/share/ament_index/resource_index/package_run_dependencies/my_first_package
-- Symlinking: /home/student26/fra333_ws/install/my_first_package/share/ament_index/resource_index/parent_prefix_path/my_first_package
-- Symlinking: /home/student26/fra333_ws/install/my_first_package/share/my_first_package/environment/ament_prefix_path.sh
-- Symlinking: /home/student26/fra333_ws/install/my_first_package/share/my_first_package/environment/ament_prefix_path.dsv
-- Symlinking: /home/student26/fra333_ws/install/my_first_package/share/my_first_package/environment/path.sh
-- Symlinking: /home/student26/fra333_ws/install/my_first_package/share/my_first_package/environment/path.dsv
-- Symlinking: /home/student26/fra333_ws/install/my_first_package/share/my_first_package/local_setup.bash
-- Symlinking: /home/student26/fra333_ws/install/my_first_package/share/my_first_package/local_setup.sh
-- Symlinking: /home/student26/fra333_ws/install/my_first_package/share/my_first_package/local_setup.zsh
-- Symlinking: /home/student26/fra333_ws/install/my_first_package/share/my_first_package/local_setup.dsv
-- Symlinking: /home/student26/fra333_ws/install/my_first_package/share/my_first_package/package.dsv
-- Symlinking: /home/student26/fra333_ws/install/my_first_package/share/ament_index/resource_index/packages/my_first_package
-- Symlinking: /home/student26/fra333_ws/install/my_first_package/share/my_first_package/cmake/my_first_packageConfig.cmake
-- Symlinking: /home/student26/fra333_ws/install/my_first_package/share/my_first_package/cmake/my_first_packageConfig-version.cmake
-- Symlinking: /home/student26/fra333_ws/install/my_first_package/share/my_first_package/package.xml
Listing '/home/student26/fra333_ws/install/my_first_package/lib/python3.8/site-packages/my_first_package'...
Compiling '/home/student26/fra333_ws/install/my_first_package/lib/python3.8/site-packages/my_first_package/__init__.py'...
