[0.037s] Invoking command in '/home/ronnakon/FRA333-KINEMATICS/fra333_lab3-main/build/robot_interfaces': CMAKE_PREFIX_PATH=${CMAKE_PREFIX_PATH}:/opt/ros/foxy /usr/bin/cmake /home/ronnakon/FRA333-KINEMATICS/fra333_lab3-main/Src_lab3/robot_interfaces -DAMENT_CMAKE_SYMLINK_INSTALL=1 -DCMAKE_INSTALL_PREFIX=/home/ronnakon/FRA333-KINEMATICS/fra333_lab3-main/install/robot_interfaces
[0.279s] -- The C compiler identification is GNU 9.4.0
[0.451s] -- The CXX compiler identification is GNU 9.4.0
[0.463s] -- Check for working C compiler: /usr/bin/cc
[0.589s] -- Check for working C compiler: /usr/bin/cc -- works
[0.604s] -- Detecting C compiler ABI info
[0.765s] -- Detecting C compiler ABI info - done
[0.784s] -- Detecting C compile features
[0.785s] -- Detecting C compile features - done
[0.789s] -- Check for working CXX compiler: /usr/bin/c++
[0.927s] -- Check for working CXX compiler: /usr/bin/c++ -- works
[0.929s] -- Detecting CXX compiler ABI info
[1.043s] -- Detecting CXX compiler ABI info - done
[1.059s] -- Detecting CXX compile features
[1.060s] -- Detecting CXX compile features - done
[1.070s] -- Found ament_cmake: 0.9.11 (/opt/ros/foxy/share/ament_cmake/cmake)
[1.122s] -- Found PythonInterp: /usr/bin/python3 (found suitable version "3.8.10", minimum required is "3") 
[1.123s] -- Using PYTHON_EXECUTABLE: /usr/bin/python3
[1.397s] -- Override CMake install command with custom implementation using symlinks instead of copying resources
[1.459s] -- Found ament_lint_auto: 0.9.7 (/opt/ros/foxy/share/ament_lint_auto/cmake)
[1.903s] -- Found rosidl_default_generators: 1.0.1 (/opt/ros/foxy/share/rosidl_default_generators/cmake)
[1.910s] -- Using all available rosidl_typesupport_c: rosidl_typesupport_fastrtps_c;rosidl_typesupport_introspection_c
[1.920s] -- Found rosidl_adapter: 1.3.0 (/opt/ros/foxy/share/rosidl_adapter/cmake)
[2.072s] -- Found OpenSSL: /usr/lib/x86_64-linux-gnu/libcrypto.so (found version "1.1.1f")  
[2.113s] -- Found FastRTPS: /opt/ros/foxy/include  
[2.225s] -- Using all available rosidl_typesupport_cpp: rosidl_typesupport_fastrtps_cpp;rosidl_typesupport_introspection_cpp
[2.265s] -- Found geometry_msgs: 2.0.5 (/opt/ros/foxy/share/geometry_msgs/cmake)
[2.376s] -- Found sensor_msgs: 2.0.5 (/opt/ros/foxy/share/sensor_msgs/cmake)
[2.564s] -- Found PythonInterp: /usr/bin/python3 (found version "3.8.10") 
[3.189s] -- Found ament_cmake_ros: 0.9.2 (/opt/ros/foxy/share/ament_cmake_ros/cmake)
[3.718s] -- Using all available rosidl_typesupport_c: rosidl_typesupport_fastrtps_c;rosidl_typesupport_introspection_c
[3.970s] -- Using all available rosidl_typesupport_cpp: rosidl_typesupport_fastrtps_cpp;rosidl_typesupport_introspection_cpp
[4.009s] -- Found PythonInterp: /usr/bin/python3 (found suitable version "3.8.10", minimum required is "3.5") 
[4.012s] -- Found python_cmake_module: 0.8.1 (/opt/ros/foxy/share/python_cmake_module/cmake)
[4.055s] -- Found PythonLibs: /usr/lib/x86_64-linux-gnu/libpython3.8.so (found suitable version "3.8.10", minimum required is "3.5") 
[4.055s] -- Using PYTHON_EXECUTABLE: /usr/bin/python3
[4.055s] -- Using PYTHON_INCLUDE_DIRS: /usr/include/python3.8
[4.055s] -- Using PYTHON_LIBRARIES: /usr/lib/x86_64-linux-gnu/libpython3.8.so
[4.088s] -- Found PythonExtra: .so  
[4.262s] -- Added test 'copyright' to check source files copyright and LICENSE
[4.265s] -- Added test 'lint_cmake' to check CMake code style
[4.267s] -- Added test 'xmllint' to check XML markup files
[4.285s] -- Configuring done
[4.406s] -- Generating done
[4.412s] -- Build files have been written to: /home/ronnakon/FRA333-KINEMATICS/fra333_lab3-main/build/robot_interfaces
[4.434s] Invoked command in '/home/ronnakon/FRA333-KINEMATICS/fra333_lab3-main/build/robot_interfaces' returned '0': CMAKE_PREFIX_PATH=${CMAKE_PREFIX_PATH}:/opt/ros/foxy /usr/bin/cmake /home/ronnakon/FRA333-KINEMATICS/fra333_lab3-main/Src_lab3/robot_interfaces -DAMENT_CMAKE_SYMLINK_INSTALL=1 -DCMAKE_INSTALL_PREFIX=/home/ronnakon/FRA333-KINEMATICS/fra333_lab3-main/install/robot_interfaces
[4.439s] Invoking command in '/home/ronnakon/FRA333-KINEMATICS/fra333_lab3-main/build/robot_interfaces': CMAKE_PREFIX_PATH=${CMAKE_PREFIX_PATH}:/opt/ros/foxy /usr/bin/cmake --build /home/ronnakon/FRA333-KINEMATICS/fra333_lab3-main/build/robot_interfaces -- -j4 -l4
[4.510s] [35m[1mScanning dependencies of target robot_interfaces__cpp[0m
[4.514s] [  2%] [34m[1mGenerating C code for ROS interfaces[0m
[4.532s] [  5%] [34m[1mGenerating C++ code for ROS interfaces[0m
[5.211s] [  5%] Built target robot_interfaces__cpp
[5.239s] [  7%] [34m[1mGenerating C++ introspection for ROS interfaces[0m
[5.241s] [ 10%] [34m[1mGenerating C++ type support for eProsima Fast-RTPS[0m
[5.251s] [ 12%] [34m[1mGenerating C++ type support dispatch for ROS interfaces[0m
[5.263s] [35m[1mScanning dependencies of target robot_interfaces__rosidl_generator_c[0m
[5.369s] [ 15%] [32mBuilding C object CMakeFiles/robot_interfaces__rosidl_generator_c.dir/rosidl_generator_c/robot_interfaces/srv/detail/set_goal__functions.c.o[0m
[5.669s] [ 17%] [32mBuilding C object CMakeFiles/robot_interfaces__rosidl_generator_c.dir/rosidl_generator_c/robot_interfaces/srv/detail/solve_ik__functions.c.o[0m
[5.816s] [ 20%] [32m[1mLinking C shared library librobot_interfaces__rosidl_generator_c.so[0m
[5.998s] [35m[1mScanning dependencies of target robot_interfaces__rosidl_typesupport_cpp[0m
[6.016s] [ 20%] Built target robot_interfaces__rosidl_generator_c
[6.061s] [ 23%] [32mBuilding CXX object CMakeFiles/robot_interfaces__rosidl_typesupport_cpp.dir/rosidl_typesupport_cpp/robot_interfaces/srv/set_goal__type_support.cpp.o[0m
[6.077s] [ 25%] [34m[1mGenerating C type support dispatch for ROS interfaces[0m
[6.077s] [35m[1mScanning dependencies of target robot_interfaces__rosidl_typesupport_introspection_cpp[0m
[6.129s] [ 28%] [32mBuilding CXX object CMakeFiles/robot_interfaces__rosidl_typesupport_introspection_cpp.dir/rosidl_typesupport_introspection_cpp/robot_interfaces/srv/detail/set_goal__type_support.cpp.o[0m
[6.238s] [35m[1mScanning dependencies of target robot_interfaces__rosidl_typesupport_fastrtps_cpp[0m
[6.387s] [ 30%] [32mBuilding CXX object CMakeFiles/robot_interfaces__rosidl_typesupport_fastrtps_cpp.dir/rosidl_typesupport_fastrtps_cpp/robot_interfaces/srv/detail/dds_fastrtps/set_goal__type_support.cpp.o[0m
[6.862s] [35m[1mScanning dependencies of target robot_interfaces__rosidl_typesupport_c[0m
[6.969s] [ 33%] [32mBuilding CXX object CMakeFiles/robot_interfaces__rosidl_typesupport_c.dir/rosidl_typesupport_c/robot_interfaces/srv/set_goal__type_support.cpp.o[0m
[6.986s] [ 35%] [32mBuilding CXX object CMakeFiles/robot_interfaces__rosidl_typesupport_introspection_cpp.dir/rosidl_typesupport_introspection_cpp/robot_interfaces/srv/detail/solve_ik__type_support.cpp.o[0m
[7.016s] [ 38%] [32mBuilding CXX object CMakeFiles/robot_interfaces__rosidl_typesupport_cpp.dir/rosidl_typesupport_cpp/robot_interfaces/srv/solve_ik__type_support.cpp.o[0m
[7.068s] [ 41%] [32mBuilding CXX object CMakeFiles/robot_interfaces__rosidl_typesupport_c.dir/rosidl_typesupport_c/robot_interfaces/srv/solve_ik__type_support.cpp.o[0m
[7.135s] [ 43%] [32m[1mLinking CXX shared library librobot_interfaces__rosidl_typesupport_c.so[0m
[7.368s] [ 43%] Built target robot_interfaces__rosidl_typesupport_c
[7.437s] [ 46%] [34m[1mGenerating C introspection for ROS interfaces[0m
[7.717s] [ 48%] [32m[1mLinking CXX shared library librobot_interfaces__rosidl_typesupport_cpp.so[0m
[7.879s] [ 51%] [32mBuilding CXX object CMakeFiles/robot_interfaces__rosidl_typesupport_fastrtps_cpp.dir/rosidl_typesupport_fastrtps_cpp/robot_interfaces/srv/detail/dds_fastrtps/solve_ik__type_support.cpp.o[0m
[7.909s] [ 51%] Built target robot_interfaces__rosidl_typesupport_cpp
[7.919s] [ 53%] [32m[1mLinking CXX shared library librobot_interfaces__rosidl_typesupport_introspection_cpp.so[0m
[8.153s] [ 53%] Built target robot_interfaces__rosidl_typesupport_introspection_cpp
[8.290s] [35m[1mScanning dependencies of target robot_interfaces__rosidl_typesupport_introspection_c[0m
[8.329s] [ 56%] [32mBuilding C object CMakeFiles/robot_interfaces__rosidl_typesupport_introspection_c.dir/rosidl_typesupport_introspection_c/robot_interfaces/srv/detail/set_goal__type_support.c.o[0m
[8.336s] [ 58%] [32mBuilding C object CMakeFiles/robot_interfaces__rosidl_typesupport_introspection_c.dir/rosidl_typesupport_introspection_c/robot_interfaces/srv/detail/solve_ik__type_support.c.o[0m
[8.419s] [ 61%] [32m[1mLinking C shared library librobot_interfaces__rosidl_typesupport_introspection_c.so[0m
[8.491s] [ 61%] Built target robot_interfaces__rosidl_typesupport_introspection_c
[8.731s] [ 64%] [32m[1mLinking CXX shared library librobot_interfaces__rosidl_typesupport_fastrtps_cpp.so[0m
[8.949s] [ 64%] Built target robot_interfaces__rosidl_typesupport_fastrtps_cpp
[8.969s] [ 66%] [34m[1mGenerating C type support for eProsima Fast-RTPS[0m
[9.498s] [35m[1mScanning dependencies of target robot_interfaces__rosidl_typesupport_fastrtps_c[0m
[9.555s] [ 69%] [32mBuilding CXX object CMakeFiles/robot_interfaces__rosidl_typesupport_fastrtps_c.dir/rosidl_typesupport_fastrtps_c/robot_interfaces/srv/detail/set_goal__type_support_c.cpp.o[0m
[9.558s] [ 71%] [32mBuilding CXX object CMakeFiles/robot_interfaces__rosidl_typesupport_fastrtps_c.dir/rosidl_typesupport_fastrtps_c/robot_interfaces/srv/detail/solve_ik__type_support_c.cpp.o[0m
[10.247s] [ 74%] [32m[1mLinking CXX shared library librobot_interfaces__rosidl_typesupport_fastrtps_c.so[0m
[10.456s] [ 74%] Built target robot_interfaces__rosidl_typesupport_fastrtps_c
[10.475s] [35m[1mScanning dependencies of target robot_interfaces[0m
[10.493s] [ 74%] Built target robot_interfaces
[10.508s] [35m[1mScanning dependencies of target robot_interfaces__py[0m
[10.525s] [ 76%] [34m[1mGenerating Python code for ROS interfaces[0m
[11.622s] [ 76%] Built target robot_interfaces__py
[11.639s] [35m[1mScanning dependencies of target robot_interfaces__python[0m
[11.711s] [ 82%] [32mBuilding C object CMakeFiles/robot_interfaces__python.dir/rosidl_generator_py/robot_interfaces/srv/_set_goal_s.c.o[0m
[11.712s] [ 82%] [32mBuilding C object CMakeFiles/robot_interfaces__python.dir/rosidl_generator_py/robot_interfaces/srv/_solve_ik_s.c.o[0m
[11.941s] [ 84%] [32m[1mLinking C shared library rosidl_generator_py/robot_interfaces/librobot_interfaces__python.so[0m
[12.029s] [ 84%] Built target robot_interfaces__python
[12.050s] [35m[1mScanning dependencies of target robot_interfaces__rosidl_typesupport_c__pyext[0m
[12.051s] [35m[1mScanning dependencies of target robot_interfaces__rosidl_typesupport_introspection_c__pyext[0m
[12.051s] [35m[1mScanning dependencies of target robot_interfaces__rosidl_typesupport_fastrtps_c__pyext[0m
[12.096s] [ 87%] [32mBuilding C object CMakeFiles/robot_interfaces__rosidl_typesupport_fastrtps_c__pyext.dir/rosidl_generator_py/robot_interfaces/_robot_interfaces_s.ep.rosidl_typesupport_fastrtps_c.c.o[0m
[12.117s] [ 89%] [32mBuilding C object CMakeFiles/robot_interfaces__rosidl_typesupport_c__pyext.dir/rosidl_generator_py/robot_interfaces/_robot_interfaces_s.ep.rosidl_typesupport_c.c.o[0m
[12.126s] [ 92%] [32mBuilding C object CMakeFiles/robot_interfaces__rosidl_typesupport_introspection_c__pyext.dir/rosidl_generator_py/robot_interfaces/_robot_interfaces_s.ep.rosidl_typesupport_introspection_c.c.o[0m
[12.332s] [ 94%] [32m[1mLinking CXX shared library rosidl_generator_py/robot_interfaces/robot_interfaces_s__rosidl_typesupport_fastrtps_c.cpython-38-x86_64-linux-gnu.so[0m
[12.343s] [ 97%] [32m[1mLinking C shared library rosidl_generator_py/robot_interfaces/robot_interfaces_s__rosidl_typesupport_introspection_c.cpython-38-x86_64-linux-gnu.so[0m
[12.350s] [100%] [32m[1mLinking C shared library rosidl_generator_py/robot_interfaces/robot_interfaces_s__rosidl_typesupport_c.cpython-38-x86_64-linux-gnu.so[0m
[12.450s] [100%] Built target robot_interfaces__rosidl_typesupport_c__pyext
[12.450s] [100%] Built target robot_interfaces__rosidl_typesupport_introspection_c__pyext
[12.502s] [100%] Built target robot_interfaces__rosidl_typesupport_fastrtps_c__pyext
[12.538s] Invoked command in '/home/ronnakon/FRA333-KINEMATICS/fra333_lab3-main/build/robot_interfaces' returned '0': CMAKE_PREFIX_PATH=${CMAKE_PREFIX_PATH}:/opt/ros/foxy /usr/bin/cmake --build /home/ronnakon/FRA333-KINEMATICS/fra333_lab3-main/build/robot_interfaces -- -j4 -l4
[12.653s] Invoking command in '/home/ronnakon/FRA333-KINEMATICS/fra333_lab3-main/build/robot_interfaces': CMAKE_PREFIX_PATH=${CMAKE_PREFIX_PATH}:/opt/ros/foxy /usr/bin/cmake --install /home/ronnakon/FRA333-KINEMATICS/fra333_lab3-main/build/robot_interfaces
[12.674s] -- Install configuration: ""
[12.676s] -- Execute custom install script
[12.688s] -- Symlinking: /home/ronnakon/FRA333-KINEMATICS/fra333_lab3-main/install/robot_interfaces/share/ament_index/resource_index/rosidl_interfaces/robot_interfaces
[12.708s] -- Symlinking: /home/ronnakon/FRA333-KINEMATICS/fra333_lab3-main/install/robot_interfaces/include/robot_interfaces/msg/rosidl_generator_c__visibility_control.h
[12.724s] -- Symlinking: /home/ronnakon/FRA333-KINEMATICS/fra333_lab3-main/install/robot_interfaces/include/robot_interfaces/srv/detail/set_goal__functions.h
[12.741s] -- Symlinking: /home/ronnakon/FRA333-KINEMATICS/fra333_lab3-main/install/robot_interfaces/include/robot_interfaces/srv/detail/set_goal__struct.h
[12.762s] -- Symlinking: /home/ronnakon/FRA333-KINEMATICS/fra333_lab3-main/install/robot_interfaces/include/robot_interfaces/srv/detail/set_goal__type_support.h
[12.778s] -- Symlinking: /home/ronnakon/FRA333-KINEMATICS/fra333_lab3-main/install/robot_interfaces/include/robot_interfaces/srv/detail/solve_ik__functions.h
[12.795s] -- Symlinking: /home/ronnakon/FRA333-KINEMATICS/fra333_lab3-main/install/robot_interfaces/include/robot_interfaces/srv/detail/solve_ik__struct.h
[12.812s] -- Symlinking: /home/ronnakon/FRA333-KINEMATICS/fra333_lab3-main/install/robot_interfaces/include/robot_interfaces/srv/detail/solve_ik__type_support.h
[12.830s] -- Symlinking: /home/ronnakon/FRA333-KINEMATICS/fra333_lab3-main/install/robot_interfaces/include/robot_interfaces/srv/set_goal.h
[12.845s] -- Symlinking: /home/ronnakon/FRA333-KINEMATICS/fra333_lab3-main/install/robot_interfaces/include/robot_interfaces/srv/solve_ik.h
[12.863s] -- Symlinking: /home/ronnakon/FRA333-KINEMATICS/fra333_lab3-main/install/robot_interfaces/share/robot_interfaces/environment/library_path.sh
[12.882s] -- Symlinking: /home/ronnakon/FRA333-KINEMATICS/fra333_lab3-main/install/robot_interfaces/share/robot_interfaces/environment/library_path.dsv
[12.900s] -- Symlinking: /home/ronnakon/FRA333-KINEMATICS/fra333_lab3-main/install/robot_interfaces/include/robot_interfaces/msg/rosidl_typesupport_fastrtps_c__visibility_control.h
[12.916s] -- Symlinking: /home/ronnakon/FRA333-KINEMATICS/fra333_lab3-main/install/robot_interfaces/include/robot_interfaces/srv/detail/set_goal__rosidl_typesupport_fastrtps_c.h
[12.931s] -- Symlinking: /home/ronnakon/FRA333-KINEMATICS/fra333_lab3-main/install/robot_interfaces/include/robot_interfaces/srv/detail/solve_ik__rosidl_typesupport_fastrtps_c.h
[12.948s] -- Symlinking: /home/ronnakon/FRA333-KINEMATICS/fra333_lab3-main/install/robot_interfaces/lib/librobot_interfaces__rosidl_typesupport_fastrtps_c.so
[12.965s] -- Symlinking: /home/ronnakon/FRA333-KINEMATICS/fra333_lab3-main/install/robot_interfaces/include/robot_interfaces/msg/rosidl_typesupport_fastrtps_cpp__visibility_control.h
[12.981s] -- Symlinking: /home/ronnakon/FRA333-KINEMATICS/fra333_lab3-main/install/robot_interfaces/include/robot_interfaces/srv/detail/set_goal__rosidl_typesupport_fastrtps_cpp.hpp
[12.998s] -- Symlinking: /home/ronnakon/FRA333-KINEMATICS/fra333_lab3-main/install/robot_interfaces/include/robot_interfaces/srv/detail/solve_ik__rosidl_typesupport_fastrtps_cpp.hpp
[13.018s] -- Symlinking: /home/ronnakon/FRA333-KINEMATICS/fra333_lab3-main/install/robot_interfaces/lib/librobot_interfaces__rosidl_typesupport_fastrtps_cpp.so
[13.035s] -- Symlinking: /home/ronnakon/FRA333-KINEMATICS/fra333_lab3-main/install/robot_interfaces/include/robot_interfaces/msg/rosidl_typesupport_introspection_c__visibility_control.h
[13.050s] -- Symlinking: /home/ronnakon/FRA333-KINEMATICS/fra333_lab3-main/install/robot_interfaces/include/robot_interfaces/srv/detail/set_goal__rosidl_typesupport_introspection_c.h
[13.065s] -- Symlinking: /home/ronnakon/FRA333-KINEMATICS/fra333_lab3-main/install/robot_interfaces/include/robot_interfaces/srv/detail/solve_ik__rosidl_typesupport_introspection_c.h
[13.083s] -- Symlinking: /home/ronnakon/FRA333-KINEMATICS/fra333_lab3-main/install/robot_interfaces/include/robot_interfaces/srv/detail/set_goal__builder.hpp
[13.103s] -- Symlinking: /home/ronnakon/FRA333-KINEMATICS/fra333_lab3-main/install/robot_interfaces/include/robot_interfaces/srv/detail/set_goal__struct.hpp
[13.118s] -- Symlinking: /home/ronnakon/FRA333-KINEMATICS/fra333_lab3-main/install/robot_interfaces/include/robot_interfaces/srv/detail/set_goal__traits.hpp
[13.133s] -- Symlinking: /home/ronnakon/FRA333-KINEMATICS/fra333_lab3-main/install/robot_interfaces/include/robot_interfaces/srv/detail/solve_ik__builder.hpp
[13.148s] -- Symlinking: /home/ronnakon/FRA333-KINEMATICS/fra333_lab3-main/install/robot_interfaces/include/robot_interfaces/srv/detail/solve_ik__struct.hpp
[13.164s] -- Symlinking: /home/ronnakon/FRA333-KINEMATICS/fra333_lab3-main/install/robot_interfaces/include/robot_interfaces/srv/detail/solve_ik__traits.hpp
[13.180s] -- Symlinking: /home/ronnakon/FRA333-KINEMATICS/fra333_lab3-main/install/robot_interfaces/include/robot_interfaces/srv/set_goal.hpp
[13.196s] -- Symlinking: /home/ronnakon/FRA333-KINEMATICS/fra333_lab3-main/install/robot_interfaces/include/robot_interfaces/srv/solve_ik.hpp
[13.213s] -- Symlinking: /home/ronnakon/FRA333-KINEMATICS/fra333_lab3-main/install/robot_interfaces/include/robot_interfaces/srv/detail/set_goal__rosidl_typesupport_introspection_cpp.hpp
[13.227s] -- Symlinking: /home/ronnakon/FRA333-KINEMATICS/fra333_lab3-main/install/robot_interfaces/include/robot_interfaces/srv/detail/solve_ik__rosidl_typesupport_introspection_cpp.hpp
[13.242s] -- Symlinking: /home/ronnakon/FRA333-KINEMATICS/fra333_lab3-main/install/robot_interfaces/share/robot_interfaces/environment/pythonpath.sh
[13.263s] -- Symlinking: /home/ronnakon/FRA333-KINEMATICS/fra333_lab3-main/install/robot_interfaces/share/robot_interfaces/environment/pythonpath.dsv
[13.278s] -- Symlinking: /home/ronnakon/FRA333-KINEMATICS/fra333_lab3-main/install/robot_interfaces/lib/python3.8/site-packages/robot_interfaces/__init__.py
[13.298s] -- Symlinking: /home/ronnakon/FRA333-KINEMATICS/fra333_lab3-main/install/robot_interfaces/lib/python3.8/site-packages/robot_interfaces/srv/__init__.py
[13.317s] -- Symlinking: /home/ronnakon/FRA333-KINEMATICS/fra333_lab3-main/install/robot_interfaces/lib/python3.8/site-packages/robot_interfaces/srv/_set_goal.py
[13.333s] -- Symlinking: /home/ronnakon/FRA333-KINEMATICS/fra333_lab3-main/install/robot_interfaces/lib/python3.8/site-packages/robot_interfaces/srv/_solve_ik.py
[13.349s] -- Symlinking: /home/ronnakon/FRA333-KINEMATICS/fra333_lab3-main/install/robot_interfaces/lib/python3.8/site-packages/robot_interfaces/robot_interfaces_s__rosidl_typesupport_fastrtps_c.cpython-38-x86_64-linux-gnu.so
[13.364s] -- Symlinking: /home/ronnakon/FRA333-KINEMATICS/fra333_lab3-main/install/robot_interfaces/lib/python3.8/site-packages/robot_interfaces/robot_interfaces_s__rosidl_typesupport_introspection_c.cpython-38-x86_64-linux-gnu.so
[13.382s] -- Symlinking: /home/ronnakon/FRA333-KINEMATICS/fra333_lab3-main/install/robot_interfaces/lib/python3.8/site-packages/robot_interfaces/robot_interfaces_s__rosidl_typesupport_c.cpython-38-x86_64-linux-gnu.so
[13.400s] -- Symlinking: /home/ronnakon/FRA333-KINEMATICS/fra333_lab3-main/install/robot_interfaces/lib/librobot_interfaces__python.so
[13.418s] -- Symlinking: /home/ronnakon/FRA333-KINEMATICS/fra333_lab3-main/install/robot_interfaces/share/robot_interfaces/srv/SetGoal.idl
[13.435s] -- Symlinking: /home/ronnakon/FRA333-KINEMATICS/fra333_lab3-main/install/robot_interfaces/share/robot_interfaces/srv/SolveIK.idl
[13.452s] -- Symlinking: /home/ronnakon/FRA333-KINEMATICS/fra333_lab3-main/install/robot_interfaces/share/robot_interfaces/srv/SetGoal.srv
[13.468s] -- Symlinking: /home/ronnakon/FRA333-KINEMATICS/fra333_lab3-main/install/robot_interfaces/share/robot_interfaces/srv/SetGoal_Request.msg
[13.488s] -- Symlinking: /home/ronnakon/FRA333-KINEMATICS/fra333_lab3-main/install/robot_interfaces/share/robot_interfaces/srv/SetGoal_Response.msg
[13.507s] -- Symlinking: /home/ronnakon/FRA333-KINEMATICS/fra333_lab3-main/install/robot_interfaces/share/robot_interfaces/srv/SolveIK.srv
[13.529s] -- Symlinking: /home/ronnakon/FRA333-KINEMATICS/fra333_lab3-main/install/robot_interfaces/share/robot_interfaces/srv/SolveIK_Request.msg
[13.545s] -- Symlinking: /home/ronnakon/FRA333-KINEMATICS/fra333_lab3-main/install/robot_interfaces/share/robot_interfaces/srv/SolveIK_Response.msg
[13.562s] -- Symlinking: /home/ronnakon/FRA333-KINEMATICS/fra333_lab3-main/install/robot_interfaces/share/ament_index/resource_index/package_run_dependencies/robot_interfaces
[13.577s] -- Symlinking: /home/ronnakon/FRA333-KINEMATICS/fra333_lab3-main/install/robot_interfaces/share/ament_index/resource_index/parent_prefix_path/robot_interfaces
[13.594s] -- Symlinking: /home/ronnakon/FRA333-KINEMATICS/fra333_lab3-main/install/robot_interfaces/share/robot_interfaces/environment/ament_prefix_path.sh
[13.611s] -- Symlinking: /home/ronnakon/FRA333-KINEMATICS/fra333_lab3-main/install/robot_interfaces/share/robot_interfaces/environment/ament_prefix_path.dsv
[13.627s] -- Symlinking: /home/ronnakon/FRA333-KINEMATICS/fra333_lab3-main/install/robot_interfaces/share/robot_interfaces/environment/path.sh
[13.644s] -- Symlinking: /home/ronnakon/FRA333-KINEMATICS/fra333_lab3-main/install/robot_interfaces/share/robot_interfaces/environment/path.dsv
[13.660s] -- Symlinking: /home/ronnakon/FRA333-KINEMATICS/fra333_lab3-main/install/robot_interfaces/share/robot_interfaces/local_setup.bash
[13.679s] -- Symlinking: /home/ronnakon/FRA333-KINEMATICS/fra333_lab3-main/install/robot_interfaces/share/robot_interfaces/local_setup.sh
[13.696s] -- Symlinking: /home/ronnakon/FRA333-KINEMATICS/fra333_lab3-main/install/robot_interfaces/share/robot_interfaces/local_setup.zsh
[13.713s] -- Symlinking: /home/ronnakon/FRA333-KINEMATICS/fra333_lab3-main/install/robot_interfaces/share/robot_interfaces/local_setup.dsv
[13.729s] -- Symlinking: /home/ronnakon/FRA333-KINEMATICS/fra333_lab3-main/install/robot_interfaces/share/robot_interfaces/package.dsv
[13.746s] -- Symlinking: /home/ronnakon/FRA333-KINEMATICS/fra333_lab3-main/install/robot_interfaces/share/ament_index/resource_index/packages/robot_interfaces
[13.764s] -- Symlinking: /home/ronnakon/FRA333-KINEMATICS/fra333_lab3-main/install/robot_interfaces/share/robot_interfaces/cmake/rosidl_cmake-extras.cmake
[13.782s] -- Symlinking: /home/ronnakon/FRA333-KINEMATICS/fra333_lab3-main/install/robot_interfaces/share/robot_interfaces/cmake/ament_cmake_export_dependencies-extras.cmake
[13.799s] -- Symlinking: /home/ronnakon/FRA333-KINEMATICS/fra333_lab3-main/install/robot_interfaces/share/robot_interfaces/cmake/ament_cmake_export_libraries-extras.cmake
[13.817s] -- Symlinking: /home/ronnakon/FRA333-KINEMATICS/fra333_lab3-main/install/robot_interfaces/share/robot_interfaces/cmake/ament_cmake_export_targets-extras.cmake
[13.835s] -- Symlinking: /home/ronnakon/FRA333-KINEMATICS/fra333_lab3-main/install/robot_interfaces/share/robot_interfaces/cmake/ament_cmake_export_include_directories-extras.cmake
[13.851s] -- Symlinking: /home/ronnakon/FRA333-KINEMATICS/fra333_lab3-main/install/robot_interfaces/share/robot_interfaces/cmake/rosidl_cmake_export_typesupport_libraries-extras.cmake
[13.867s] -- Symlinking: /home/ronnakon/FRA333-KINEMATICS/fra333_lab3-main/install/robot_interfaces/share/robot_interfaces/cmake/rosidl_cmake_export_typesupport_targets-extras.cmake
[13.884s] -- Symlinking: /home/ronnakon/FRA333-KINEMATICS/fra333_lab3-main/install/robot_interfaces/share/robot_interfaces/cmake/robot_interfacesConfig.cmake
[13.903s] -- Symlinking: /home/ronnakon/FRA333-KINEMATICS/fra333_lab3-main/install/robot_interfaces/share/robot_interfaces/cmake/robot_interfacesConfig-version.cmake
[13.923s] -- Symlinking: /home/ronnakon/FRA333-KINEMATICS/fra333_lab3-main/install/robot_interfaces/share/robot_interfaces/package.xml
[13.939s] -- Installing: /home/ronnakon/FRA333-KINEMATICS/fra333_lab3-main/install/robot_interfaces/lib/librobot_interfaces__rosidl_generator_c.so
[13.939s] -- Set runtime path of "/home/ronnakon/FRA333-KINEMATICS/fra333_lab3-main/install/robot_interfaces/lib/librobot_interfaces__rosidl_generator_c.so" to ""
[13.940s] -- Installing: /home/ronnakon/FRA333-KINEMATICS/fra333_lab3-main/install/robot_interfaces/lib/librobot_interfaces__rosidl_typesupport_introspection_c.so
[13.940s] -- Set runtime path of "/home/ronnakon/FRA333-KINEMATICS/fra333_lab3-main/install/robot_interfaces/lib/librobot_interfaces__rosidl_typesupport_introspection_c.so" to ""
[13.941s] -- Installing: /home/ronnakon/FRA333-KINEMATICS/fra333_lab3-main/install/robot_interfaces/lib/librobot_interfaces__rosidl_typesupport_c.so
[13.941s] -- Set runtime path of "/home/ronnakon/FRA333-KINEMATICS/fra333_lab3-main/install/robot_interfaces/lib/librobot_interfaces__rosidl_typesupport_c.so" to ""
[13.941s] -- Installing: /home/ronnakon/FRA333-KINEMATICS/fra333_lab3-main/install/robot_interfaces/lib/librobot_interfaces__rosidl_typesupport_introspection_cpp.so
[13.943s] -- Set runtime path of "/home/ronnakon/FRA333-KINEMATICS/fra333_lab3-main/install/robot_interfaces/lib/librobot_interfaces__rosidl_typesupport_introspection_cpp.so" to ""
[13.943s] -- Installing: /home/ronnakon/FRA333-KINEMATICS/fra333_lab3-main/install/robot_interfaces/lib/librobot_interfaces__rosidl_typesupport_cpp.so
[13.943s] -- Set runtime path of "/home/ronnakon/FRA333-KINEMATICS/fra333_lab3-main/install/robot_interfaces/lib/librobot_interfaces__rosidl_typesupport_cpp.so" to ""
[13.997s] Compiling '/home/ronnakon/FRA333-KINEMATICS/fra333_lab3-main/install/robot_interfaces/lib/python3.8/site-packages/robot_interfaces/__init__.py'...
[14.009s] -- Installing: /home/ronnakon/FRA333-KINEMATICS/fra333_lab3-main/install/robot_interfaces/share/robot_interfaces/cmake/robot_interfaces__rosidl_generator_cExport.cmake
[14.010s] -- Installing: /home/ronnakon/FRA333-KINEMATICS/fra333_lab3-main/install/robot_interfaces/share/robot_interfaces/cmake/robot_interfaces__rosidl_generator_cExport-noconfig.cmake
[14.010s] -- Installing: /home/ronnakon/FRA333-KINEMATICS/fra333_lab3-main/install/robot_interfaces/share/robot_interfaces/cmake/robot_interfaces__rosidl_typesupport_introspection_cExport.cmake
[14.010s] -- Installing: /home/ronnakon/FRA333-KINEMATICS/fra333_lab3-main/install/robot_interfaces/share/robot_interfaces/cmake/robot_interfaces__rosidl_typesupport_introspection_cExport-noconfig.cmake
[14.011s] -- Installing: /home/ronnakon/FRA333-KINEMATICS/fra333_lab3-main/install/robot_interfaces/share/robot_interfaces/cmake/robot_interfaces__rosidl_typesupport_cExport.cmake
[14.011s] -- Installing: /home/ronnakon/FRA333-KINEMATICS/fra333_lab3-main/install/robot_interfaces/share/robot_interfaces/cmake/robot_interfaces__rosidl_typesupport_cExport-noconfig.cmake
[14.011s] -- Installing: /home/ronnakon/FRA333-KINEMATICS/fra333_lab3-main/install/robot_interfaces/share/robot_interfaces/cmake/robot_interfaces__rosidl_generator_cppExport.cmake
[14.012s] -- Installing: /home/ronnakon/FRA333-KINEMATICS/fra333_lab3-main/install/robot_interfaces/share/robot_interfaces/cmake/robot_interfaces__rosidl_typesupport_introspection_cppExport.cmake
[14.012s] -- Installing: /home/ronnakon/FRA333-KINEMATICS/fra333_lab3-main/install/robot_interfaces/share/robot_interfaces/cmake/robot_interfaces__rosidl_typesupport_introspection_cppExport-noconfig.cmake
[14.013s] -- Installing: /home/ronnakon/FRA333-KINEMATICS/fra333_lab3-main/install/robot_interfaces/share/robot_interfaces/cmake/robot_interfaces__rosidl_typesupport_cppExport.cmake
[14.013s] -- Installing: /home/ronnakon/FRA333-KINEMATICS/fra333_lab3-main/install/robot_interfaces/share/robot_interfaces/cmake/robot_interfaces__rosidl_typesupport_cppExport-noconfig.cmake
[14.024s] Invoked command in '/home/ronnakon/FRA333-KINEMATICS/fra333_lab3-main/build/robot_interfaces' returned '0': CMAKE_PREFIX_PATH=${CMAKE_PREFIX_PATH}:/opt/ros/foxy /usr/bin/cmake --install /home/ronnakon/FRA333-KINEMATICS/fra333_lab3-main/build/robot_interfaces
