[0.011s] Invoking command in '/home/student26/ROS2_Directory/kla_ws/build/kla_01_package': CMAKE_PREFIX_PATH=${CMAKE_PREFIX_PATH}:/opt/ros/foxy /usr/bin/cmake /home/student26/ROS2_Directory/kla_ws/src/kla_01_package -DCMAKE_INSTALL_PREFIX=/home/student26/ROS2_Directory/kla_ws/install/kla_01_package
[0.137s] -- The C compiler identification is GNU 9.4.0
[0.219s] -- The CXX compiler identification is GNU 9.4.0
[0.229s] -- Check for working C compiler: /usr/bin/cc
[0.299s] -- Check for working C compiler: /usr/bin/cc -- works
[0.300s] -- Detecting C compiler ABI info
[0.369s] -- Detecting C compiler ABI info - done
[0.379s] -- Detecting C compile features
[0.380s] -- Detecting C compile features - done
[0.383s] -- Check for working CXX compiler: /usr/bin/c++
[0.465s] -- Check for working CXX compiler: /usr/bin/c++ -- works
[0.466s] -- Detecting CXX compiler ABI info
[0.545s] -- Detecting CXX compiler ABI info - done
[0.557s] -- Detecting CXX compile features
[0.557s] -- Detecting CXX compile features - done
[0.564s] -- Found ament_cmake: 0.9.9 (/opt/ros/foxy/share/ament_cmake/cmake)
[0.593s] -- Found PythonInterp: /usr/bin/python3 (found suitable version "3.8.10", minimum required is "3") 
[0.593s] -- Using PYTHON_EXECUTABLE: /usr/bin/python3
[0.792s] -- Found rclcpp: 2.4.1 (/opt/ros/foxy/share/rclcpp/cmake)
[0.858s] -- Using all available rosidl_typesupport_c: rosidl_typesupport_fastrtps_c;rosidl_typesupport_introspection_c
[0.869s] -- Found rosidl_adapter: 1.2.1 (/opt/ros/foxy/share/rosidl_adapter/cmake)
[0.957s] -- Found OpenSSL: /usr/lib/x86_64-linux-gnu/libcrypto.so (found version "1.1.1f")  
[0.984s] -- Found FastRTPS: /opt/ros/foxy/include  
[1.071s] -- Using all available rosidl_typesupport_cpp: rosidl_typesupport_fastrtps_cpp;rosidl_typesupport_introspection_cpp
[1.144s] -- Found rmw_implementation_cmake: 1.0.3 (/opt/ros/foxy/share/rmw_implementation_cmake/cmake)
[1.147s] -- Using RMW implementation 'rmw_fastrtps_cpp' as default
[1.148s] -- Looking for pthread.h
[1.237s] -- Looking for pthread.h - found
[1.237s] -- Performing Test CMAKE_HAVE_LIBC_PTHREAD
[1.311s] -- Performing Test CMAKE_HAVE_LIBC_PTHREAD - Failed
[1.312s] -- Looking for pthread_create in pthreads
[1.373s] -- Looking for pthread_create in pthreads - not found
[1.373s] -- Looking for pthread_create in pthread
[1.444s] -- Looking for pthread_create in pthread - found
[1.445s] -- Found Threads: TRUE  
[1.605s] -- Found rclpy: 1.0.8 (/opt/ros/foxy/share/rclpy/cmake)
[1.631s] CMake Error at /opt/ros/foxy/share/ament_cmake_python/cmake/ament_python_install_package.cmake:46 (message):
[1.631s]   ament_python_install_package() the Python package folder
[1.631s]   '/home/student26/ROS2_Directory/kla_ws/src/kla_01_package/package_name'
[1.631s]   doesn't contain an '__init__.py' file
[1.631s] Call Stack (most recent call first):
[1.631s]   /opt/ros/foxy/share/ament_cmake_python/cmake/ament_python_install_package.cmake:28 (_ament_cmake_python_install_package)
[1.631s]   CMakeLists.txt:26 (ament_python_install_package)
[1.631s] 
[1.631s] 
[1.633s] -- Configuring incomplete, errors occurred!
[1.633s] See also "/home/student26/ROS2_Directory/kla_ws/build/kla_01_package/CMakeFiles/CMakeOutput.log".
[1.633s] See also "/home/student26/ROS2_Directory/kla_ws/build/kla_01_package/CMakeFiles/CMakeError.log".
[1.642s] Invoked command in '/home/student26/ROS2_Directory/kla_ws/build/kla_01_package' returned '1': CMAKE_PREFIX_PATH=${CMAKE_PREFIX_PATH}:/opt/ros/foxy /usr/bin/cmake /home/student26/ROS2_Directory/kla_ws/src/kla_01_package -DCMAKE_INSTALL_PREFIX=/home/student26/ROS2_Directory/kla_ws/install/kla_01_package
