[0.030s] Invoking command in '/home/ronnakon/FRA333-KINEMATICS/FRA333-Assignment-lab2-template/lab2_ws/build/robot_23_kinematics_interfaces': CMAKE_PREFIX_PATH=${CMAKE_PREFIX_PATH}:/opt/ros/foxy /usr/bin/cmake --build /home/ronnakon/FRA333-KINEMATICS/FRA333-Assignment-lab2-template/lab2_ws/build/robot_23_kinematics_interfaces -- -j12 -l12
[0.058s] -- Found ament_cmake: 0.9.9 (/opt/ros/foxy/share/ament_cmake/cmake)
[0.076s] -- Found PythonInterp: /usr/bin/python3 (found suitable version "3.8.10", minimum required is "3") 
[0.076s] -- Using PYTHON_EXECUTABLE: /usr/bin/python3
[0.207s] -- Override CMake install command with custom implementation using symlinks instead of copying resources
[0.215s] -- Found ament_lint_auto: 0.9.6 (/opt/ros/foxy/share/ament_lint_auto/cmake)
[0.265s] -- Found rosidl_default_generators: 1.0.1 (/opt/ros/foxy/share/rosidl_default_generators/cmake)
[0.269s] -- Using all available rosidl_typesupport_c: rosidl_typesupport_fastrtps_c;rosidl_typesupport_introspection_c
[0.272s] -- Found rosidl_adapter: 1.2.1 (/opt/ros/foxy/share/rosidl_adapter/cmake)
[0.387s] -- Using all available rosidl_typesupport_cpp: rosidl_typesupport_fastrtps_cpp;rosidl_typesupport_introspection_cpp
[0.405s] -- Found geometry_msgs: 2.0.5 (/opt/ros/foxy/share/geometry_msgs/cmake)
[0.461s] -- Found sensor_msgs: 2.0.5 (/opt/ros/foxy/share/sensor_msgs/cmake)
[0.540s] -- Found PythonInterp: /usr/bin/python3 (found version "3.8.10") 
[0.684s] -- Found ament_cmake_ros: 0.9.2 (/opt/ros/foxy/share/ament_cmake_ros/cmake)
[0.961s] -- Using all available rosidl_typesupport_c: rosidl_typesupport_fastrtps_c;rosidl_typesupport_introspection_c
[1.098s] -- Using all available rosidl_typesupport_cpp: rosidl_typesupport_fastrtps_cpp;rosidl_typesupport_introspection_cpp
[1.125s] -- Found PythonInterp: /usr/bin/python3 (found suitable version "3.8.10", minimum required is "3.5") 
[1.126s] -- Found python_cmake_module: 0.8.1 (/opt/ros/foxy/share/python_cmake_module/cmake)
[1.146s] -- Using PYTHON_EXECUTABLE: /usr/bin/python3
[1.146s] -- Using PYTHON_INCLUDE_DIRS: /usr/include/python3.8
[1.146s] -- Using PYTHON_LIBRARIES: /usr/lib/x86_64-linux-gnu/libpython3.8.so
[1.217s] -- Added test 'copyright' to check source files copyright and LICENSE
[1.218s] -- Added test 'lint_cmake' to check CMake code style
[1.218s] -- Added test 'xmllint' to check XML markup files
[1.224s] -- Configuring done
[1.277s] -- Generating done
[1.280s] -- Build files have been written to: /home/ronnakon/FRA333-KINEMATICS/FRA333-Assignment-lab2-template/lab2_ws/build/robot_23_kinematics_interfaces
[1.303s] [  2%] [34m[1mGenerating C code for ROS interfaces[0m
[1.309s] [  5%] [34m[1mGenerating C++ code for ROS interfaces[0m
[1.566s] [  5%] Built target robot_23_kinematics_interfaces__cpp
[1.574s] [ 10%] [34m[1mGenerating C++ type support for eProsima Fast-RTPS[0m
[1.574s] [ 10%] [34m[1mGenerating C++ type support dispatch for ROS interfaces[0m
[1.580s] [ 12%] [34m[1mGenerating C++ introspection for ROS interfaces[0m
[1.624s] [35m[1mScanning dependencies of target robot_23_kinematics_interfaces__rosidl_generator_c[0m
[1.637s] [ 17%] [32mBuilding C object CMakeFiles/robot_23_kinematics_interfaces__rosidl_generator_c.dir/rosidl_generator_c/robot_23_kinematics_interfaces/srv/detail/get_position__functions.c.o[0m
[1.638s] [ 17%] [32mBuilding C object CMakeFiles/robot_23_kinematics_interfaces__rosidl_generator_c.dir/rosidl_generator_c/robot_23_kinematics_interfaces/srv/detail/solve_ik__functions.c.o[0m
[1.649s] In file included from [01m[K/home/ronnakon/FRA333-KINEMATICS/FRA333-Assignment-lab2-template/lab2_ws/build/robot_23_kinematics_interfaces/rosidl_generator_c/robot_23_kinematics_interfaces/srv/detail/solve_ik__functions.h:19[m[K,
[1.649s]                  from [01m[K/home/ronnakon/FRA333-KINEMATICS/FRA333-Assignment-lab2-template/lab2_ws/build/robot_23_kinematics_interfaces/rosidl_generator_c/robot_23_kinematics_interfaces/srv/detail/solve_ik__functions.c:4[m[K:
[1.649s] [01m[K/home/ronnakon/FRA333-KINEMATICS/FRA333-Assignment-lab2-template/lab2_ws/build/robot_23_kinematics_interfaces/rosidl_generator_c/robot_23_kinematics_interfaces/srv/detail/solve_ik__struct.h:48:10:[m[K [01;31m[Kfatal error: [m[Kstg_msgs/msg/detail/bool__struct.h: No such file or directory
[1.649s]    48 | #include [01;31m[K"stg_msgs/msg/detail/bool__struct.h"[m[K
[1.649s]       |          [01;31m[K^~~~~~~~~~~~~~~~~~~~~~~~~~~~~~~~~~~~[m[K
[1.649s] compilation terminated.
[1.650s] make[2]: *** [CMakeFiles/robot_23_kinematics_interfaces__rosidl_generator_c.dir/build.make:210: CMakeFiles/robot_23_kinematics_interfaces__rosidl_generator_c.dir/rosidl_generator_c/robot_23_kinematics_interfaces/srv/detail/solve_ik__functions.c.o] Error 1
[1.650s] make[2]: *** Waiting for unfinished jobs....
[1.666s] make[1]: *** [CMakeFiles/Makefile2:327: CMakeFiles/robot_23_kinematics_interfaces__rosidl_generator_c.dir/all] Error 2
[1.666s] make[1]: *** Waiting for unfinished jobs....
[1.829s] [35m[1mScanning dependencies of target robot_23_kinematics_interfaces__rosidl_typesupport_cpp[0m
[1.837s] [35m[1mScanning dependencies of target robot_23_kinematics_interfaces__rosidl_typesupport_fastrtps_cpp[0m
[1.840s] [ 20%] [32mBuilding CXX object CMakeFiles/robot_23_kinematics_interfaces__rosidl_typesupport_cpp.dir/rosidl_typesupport_cpp/robot_23_kinematics_interfaces/srv/solve_ik__type_support.cpp.o[0m
[1.841s] [ 23%] [32mBuilding CXX object CMakeFiles/robot_23_kinematics_interfaces__rosidl_typesupport_cpp.dir/rosidl_typesupport_cpp/robot_23_kinematics_interfaces/srv/get_position__type_support.cpp.o[0m
[1.850s] [35m[1mScanning dependencies of target robot_23_kinematics_interfaces__rosidl_typesupport_introspection_cpp[0m
[1.853s] [ 25%] [32mBuilding CXX object CMakeFiles/robot_23_kinematics_interfaces__rosidl_typesupport_fastrtps_cpp.dir/rosidl_typesupport_fastrtps_cpp/robot_23_kinematics_interfaces/srv/detail/dds_fastrtps/get_position__type_support.cpp.o[0m
[1.854s] [ 28%] [32mBuilding CXX object CMakeFiles/robot_23_kinematics_interfaces__rosidl_typesupport_fastrtps_cpp.dir/rosidl_typesupport_fastrtps_cpp/robot_23_kinematics_interfaces/srv/detail/dds_fastrtps/solve_ik__type_support.cpp.o[0m
[1.864s] [ 33%] [32mBuilding CXX object CMakeFiles/robot_23_kinematics_interfaces__rosidl_typesupport_introspection_cpp.dir/rosidl_typesupport_introspection_cpp/robot_23_kinematics_interfaces/srv/detail/get_position__type_support.cpp.o[0m
[1.864s] [ 33%] [32mBuilding CXX object CMakeFiles/robot_23_kinematics_interfaces__rosidl_typesupport_introspection_cpp.dir/rosidl_typesupport_introspection_cpp/robot_23_kinematics_interfaces/srv/detail/solve_ik__type_support.cpp.o[0m
[1.876s] In file included from [01m[K/home/ronnakon/FRA333-KINEMATICS/FRA333-Assignment-lab2-template/lab2_ws/build/robot_23_kinematics_interfaces/rosidl_typesupport_cpp/robot_23_kinematics_interfaces/srv/solve_ik__type_support.cpp:7[m[K:
[1.876s] [01m[K/home/ronnakon/FRA333-KINEMATICS/FRA333-Assignment-lab2-template/lab2_ws/build/robot_23_kinematics_interfaces/rosidl_generator_cpp/robot_23_kinematics_interfaces/srv/detail/solve_ik__struct.hpp:153:10:[m[K [01;31m[Kfatal error: [m[Kstg_msgs/msg/detail/bool__struct.hpp: No such file or directory
[1.876s]   153 | #include [01;31m[K"stg_msgs/msg/detail/bool__struct.hpp"[m[K
[1.876s]       |          [01;31m[K^~~~~~~~~~~~~~~~~~~~~~~~~~~~~~~~~~~~~~[m[K
[1.876s] compilation terminated.
[1.877s] make[2]: *** [CMakeFiles/robot_23_kinematics_interfaces__rosidl_typesupport_cpp.dir/build.make:179: CMakeFiles/robot_23_kinematics_interfaces__rosidl_typesupport_cpp.dir/rosidl_typesupport_cpp/robot_23_kinematics_interfaces/srv/solve_ik__type_support.cpp.o] Error 1
[1.877s] make[2]: *** Waiting for unfinished jobs....
[1.889s] In file included from [01m[K/home/ronnakon/FRA333-KINEMATICS/FRA333-Assignment-lab2-template/lab2_ws/build/robot_23_kinematics_interfaces/rosidl_typesupport_fastrtps_cpp/robot_23_kinematics_interfaces/srv/detail/solve_ik__rosidl_typesupport_fastrtps_cpp.hpp:11[m[K,
[1.889s]                  from [01m[K/home/ronnakon/FRA333-KINEMATICS/FRA333-Assignment-lab2-template/lab2_ws/build/robot_23_kinematics_interfaces/rosidl_typesupport_fastrtps_cpp/robot_23_kinematics_interfaces/srv/detail/dds_fastrtps/solve_ik__type_support.cpp:4[m[K:
[1.890s] [01m[K/home/ronnakon/FRA333-KINEMATICS/FRA333-Assignment-lab2-template/lab2_ws/build/robot_23_kinematics_interfaces/rosidl_generator_cpp/robot_23_kinematics_interfaces/srv/detail/solve_ik__struct.hpp:153:10:[m[K [01;31m[Kfatal error: [m[Kstg_msgs/msg/detail/bool__struct.hpp: No such file or directory
[1.890s]   153 | #include [01;31m[K"stg_msgs/msg/detail/bool__struct.hpp"[m[K
[1.890s]       |          [01;31m[K^~~~~~~~~~~~~~~~~~~~~~~~~~~~~~~~~~~~~~[m[K
[1.890s] compilation terminated.
[1.890s] make[2]: *** [CMakeFiles/robot_23_kinematics_interfaces__rosidl_typesupport_fastrtps_cpp.dir/build.make:187: CMakeFiles/robot_23_kinematics_interfaces__rosidl_typesupport_fastrtps_cpp.dir/rosidl_typesupport_fastrtps_cpp/robot_23_kinematics_interfaces/srv/detail/dds_fastrtps/solve_ik__type_support.cpp.o] Error 1
[1.891s] make[2]: *** Waiting for unfinished jobs....
[1.916s] In file included from [01m[K/home/ronnakon/FRA333-KINEMATICS/FRA333-Assignment-lab2-template/lab2_ws/build/robot_23_kinematics_interfaces/rosidl_typesupport_introspection_cpp/robot_23_kinematics_interfaces/srv/detail/solve_ik__type_support.cpp:12[m[K:
[1.916s] [01m[K/home/ronnakon/FRA333-KINEMATICS/FRA333-Assignment-lab2-template/lab2_ws/build/robot_23_kinematics_interfaces/rosidl_generator_cpp/robot_23_kinematics_interfaces/srv/detail/solve_ik__struct.hpp:153:10:[m[K [01;31m[Kfatal error: [m[Kstg_msgs/msg/detail/bool__struct.hpp: No such file or directory
[1.916s]   153 | #include [01;31m[K"stg_msgs/msg/detail/bool__struct.hpp"[m[K
[1.916s]       |          [01;31m[K^~~~~~~~~~~~~~~~~~~~~~~~~~~~~~~~~~~~~~[m[K
[1.916s] compilation terminated.
[1.917s] make[2]: *** [CMakeFiles/robot_23_kinematics_interfaces__rosidl_typesupport_introspection_cpp.dir/build.make:187: CMakeFiles/robot_23_kinematics_interfaces__rosidl_typesupport_introspection_cpp.dir/rosidl_typesupport_introspection_cpp/robot_23_kinematics_interfaces/srv/detail/solve_ik__type_support.cpp.o] Error 1
[1.918s] make[2]: *** Waiting for unfinished jobs....
[2.058s] make[1]: *** [CMakeFiles/Makefile2:208: CMakeFiles/robot_23_kinematics_interfaces__rosidl_typesupport_cpp.dir/all] Error 2
[2.117s] make[1]: *** [CMakeFiles/Makefile2:354: CMakeFiles/robot_23_kinematics_interfaces__rosidl_typesupport_introspection_cpp.dir/all] Error 2
[2.181s] make[1]: *** [CMakeFiles/Makefile2:499: CMakeFiles/robot_23_kinematics_interfaces__rosidl_typesupport_fastrtps_cpp.dir/all] Error 2
[2.181s] make: *** [Makefile:141: all] Error 2
[2.183s] Invoked command in '/home/ronnakon/FRA333-KINEMATICS/FRA333-Assignment-lab2-template/lab2_ws/build/robot_23_kinematics_interfaces' returned '2': CMAKE_PREFIX_PATH=${CMAKE_PREFIX_PATH}:/opt/ros/foxy /usr/bin/cmake --build /home/ronnakon/FRA333-KINEMATICS/FRA333-Assignment-lab2-template/lab2_ws/build/robot_23_kinematics_interfaces -- -j12 -l12
