[0.183s] DEBUG:colcon:Command line arguments: ['/usr/bin/colcon', 'build', '--symlink-install']
[0.183s] DEBUG:colcon:Parsed command line arguments: Namespace(allow_overriding=[], ament_cmake_args=None, base_paths=['.'], build_base='build', catkin_cmake_args=None, catkin_skip_building_tests=False, cmake_args=None, cmake_clean_cache=False, cmake_clean_first=False, cmake_force_configure=False, cmake_target=None, cmake_target_skip_unavailable=False, continue_on_error=False, event_handlers=None, executor='parallel', ignore_user_meta=False, install_base='install', log_base=None, log_level=None, main=<bound method BuildVerb.main of <colcon_core.verb.build.BuildVerb object at 0x7f09d459ba90>>, merge_install=False, metas=['./colcon.meta'], packages_above=None, packages_above_and_dependencies=None, packages_above_depth=None, packages_end=None, packages_ignore=None, packages_ignore_regex=None, packages_select=None, packages_select_build_failed=False, packages_select_by_dep=None, packages_select_regex=None, packages_select_test_failures=False, packages_skip=None, packages_skip_build_finished=False, packages_skip_by_dep=None, packages_skip_regex=None, packages_skip_test_passed=False, packages_skip_up_to=None, packages_start=None, packages_up_to=None, packages_up_to_regex=None, parallel_workers=4, paths=None, symlink_install=True, test_result_base=None, verb_extension=<colcon_core.verb.build.BuildVerb object at 0x7f09d459ba90>, verb_name='build', verb_parser=<colcon_defaults.argument_parser.defaults.DefaultArgumentsDecorator object at 0x7f09d4529040>)
[0.215s] Level 1:colcon.colcon_core.package_discovery:discover_packages(colcon_meta) check parameters
[0.215s] Level 1:colcon.colcon_core.package_discovery:discover_packages(recursive) check parameters
[0.215s] Level 1:colcon.colcon_core.package_discovery:discover_packages(ignore) check parameters
[0.215s] Level 1:colcon.colcon_core.package_discovery:discover_packages(path) check parameters
[0.215s] Level 1:colcon.colcon_core.package_discovery:discover_packages(colcon_meta) discover
[0.215s] Level 1:colcon.colcon_core.package_discovery:discover_packages(recursive) discover
[0.215s] INFO:colcon.colcon_core.package_discovery:Crawling recursively for packages in '/home/ronnakon/FRA333-KINEMATICS/fra333_lab1_23/fra333_ws'
[0.215s] Level 1:colcon.colcon_core.package_identification:_identify(.) by extensions ['ignore', 'ignore_ament_install']
[0.215s] Level 1:colcon.colcon_core.package_identification:_identify(.) by extension 'ignore'
[0.216s] Level 1:colcon.colcon_core.package_identification:_identify(.) by extension 'ignore_ament_install'
[0.216s] Level 1:colcon.colcon_core.package_identification:_identify(.) by extensions ['colcon_pkg']
[0.216s] Level 1:colcon.colcon_core.package_identification:_identify(.) by extension 'colcon_pkg'
[0.216s] Level 1:colcon.colcon_core.package_identification:_identify(.) by extensions ['colcon_meta']
[0.216s] Level 1:colcon.colcon_core.package_identification:_identify(.) by extension 'colcon_meta'
[0.216s] Level 1:colcon.colcon_core.package_identification:_identify(.) by extensions ['ros']
[0.216s] Level 1:colcon.colcon_core.package_identification:_identify(.) by extension 'ros'
[0.228s] Level 1:colcon.colcon_core.package_identification:_identify(.) by extensions ['cmake', 'python']
[0.229s] Level 1:colcon.colcon_core.package_identification:_identify(.) by extension 'cmake'
[0.229s] Level 1:colcon.colcon_core.package_identification:_identify(.) by extension 'python'
[0.229s] Level 1:colcon.colcon_core.package_identification:_identify(.) by extensions ['python_setup_py']
[0.229s] Level 1:colcon.colcon_core.package_identification:_identify(.) by extension 'python_setup_py'
[0.229s] Level 1:colcon.colcon_core.package_identification:_identify(build) by extensions ['ignore', 'ignore_ament_install']
[0.229s] Level 1:colcon.colcon_core.package_identification:_identify(build) by extension 'ignore'
[0.229s] Level 1:colcon.colcon_core.package_identification:_identify(build) ignored
[0.229s] Level 1:colcon.colcon_core.package_identification:_identify(install) by extensions ['ignore', 'ignore_ament_install']
[0.229s] Level 1:colcon.colcon_core.package_identification:_identify(install) by extension 'ignore'
[0.229s] Level 1:colcon.colcon_core.package_identification:_identify(install) ignored
[0.230s] Level 1:colcon.colcon_core.package_identification:_identify(log) by extensions ['ignore', 'ignore_ament_install']
[0.230s] Level 1:colcon.colcon_core.package_identification:_identify(log) by extension 'ignore'
[0.230s] Level 1:colcon.colcon_core.package_identification:_identify(log) ignored
[0.230s] Level 1:colcon.colcon_core.package_identification:_identify(src) by extensions ['ignore', 'ignore_ament_install']
[0.230s] Level 1:colcon.colcon_core.package_identification:_identify(src) by extension 'ignore'
[0.230s] Level 1:colcon.colcon_core.package_identification:_identify(src) by extension 'ignore_ament_install'
[0.230s] Level 1:colcon.colcon_core.package_identification:_identify(src) by extensions ['colcon_pkg']
[0.230s] Level 1:colcon.colcon_core.package_identification:_identify(src) by extension 'colcon_pkg'
[0.230s] Level 1:colcon.colcon_core.package_identification:_identify(src) by extensions ['colcon_meta']
[0.230s] Level 1:colcon.colcon_core.package_identification:_identify(src) by extension 'colcon_meta'
[0.230s] Level 1:colcon.colcon_core.package_identification:_identify(src) by extensions ['ros']
[0.230s] Level 1:colcon.colcon_core.package_identification:_identify(src) by extension 'ros'
[0.230s] Level 1:colcon.colcon_core.package_identification:_identify(src) by extensions ['cmake', 'python']
[0.230s] Level 1:colcon.colcon_core.package_identification:_identify(src) by extension 'cmake'
[0.230s] Level 1:colcon.colcon_core.package_identification:_identify(src) by extension 'python'
[0.231s] Level 1:colcon.colcon_core.package_identification:_identify(src) by extensions ['python_setup_py']
[0.231s] Level 1:colcon.colcon_core.package_identification:_identify(src) by extension 'python_setup_py'
[0.231s] Level 1:colcon.colcon_core.package_identification:_identify(src/doc) by extensions ['ignore', 'ignore_ament_install']
[0.231s] Level 1:colcon.colcon_core.package_identification:_identify(src/doc) by extension 'ignore'
[0.231s] Level 1:colcon.colcon_core.package_identification:_identify(src/doc) by extension 'ignore_ament_install'
[0.231s] Level 1:colcon.colcon_core.package_identification:_identify(src/doc) by extensions ['colcon_pkg']
[0.231s] Level 1:colcon.colcon_core.package_identification:_identify(src/doc) by extension 'colcon_pkg'
[0.231s] Level 1:colcon.colcon_core.package_identification:_identify(src/doc) by extensions ['colcon_meta']
[0.231s] Level 1:colcon.colcon_core.package_identification:_identify(src/doc) by extension 'colcon_meta'
[0.231s] Level 1:colcon.colcon_core.package_identification:_identify(src/doc) by extensions ['ros']
[0.231s] Level 1:colcon.colcon_core.package_identification:_identify(src/doc) by extension 'ros'
[0.231s] Level 1:colcon.colcon_core.package_identification:_identify(src/doc) by extensions ['cmake', 'python']
[0.231s] Level 1:colcon.colcon_core.package_identification:_identify(src/doc) by extension 'cmake'
[0.231s] Level 1:colcon.colcon_core.package_identification:_identify(src/doc) by extension 'python'
[0.231s] Level 1:colcon.colcon_core.package_identification:_identify(src/doc) by extensions ['python_setup_py']
[0.231s] Level 1:colcon.colcon_core.package_identification:_identify(src/doc) by extension 'python_setup_py'
[0.232s] Level 1:colcon.colcon_core.package_identification:_identify(src/doc/pic) by extensions ['ignore', 'ignore_ament_install']
[0.232s] Level 1:colcon.colcon_core.package_identification:_identify(src/doc/pic) by extension 'ignore'
[0.232s] Level 1:colcon.colcon_core.package_identification:_identify(src/doc/pic) by extension 'ignore_ament_install'
[0.232s] Level 1:colcon.colcon_core.package_identification:_identify(src/doc/pic) by extensions ['colcon_pkg']
[0.232s] Level 1:colcon.colcon_core.package_identification:_identify(src/doc/pic) by extension 'colcon_pkg'
[0.232s] Level 1:colcon.colcon_core.package_identification:_identify(src/doc/pic) by extensions ['colcon_meta']
[0.232s] Level 1:colcon.colcon_core.package_identification:_identify(src/doc/pic) by extension 'colcon_meta'
[0.232s] Level 1:colcon.colcon_core.package_identification:_identify(src/doc/pic) by extensions ['ros']
[0.232s] Level 1:colcon.colcon_core.package_identification:_identify(src/doc/pic) by extension 'ros'
[0.232s] Level 1:colcon.colcon_core.package_identification:_identify(src/doc/pic) by extensions ['cmake', 'python']
[0.232s] Level 1:colcon.colcon_core.package_identification:_identify(src/doc/pic) by extension 'cmake'
[0.232s] Level 1:colcon.colcon_core.package_identification:_identify(src/doc/pic) by extension 'python'
[0.232s] Level 1:colcon.colcon_core.package_identification:_identify(src/doc/pic) by extensions ['python_setup_py']
[0.232s] Level 1:colcon.colcon_core.package_identification:_identify(src/doc/pic) by extension 'python_setup_py'
[0.232s] Level 1:colcon.colcon_core.package_identification:_identify(src/fra333_lab1_23) by extensions ['ignore', 'ignore_ament_install']
[0.233s] Level 1:colcon.colcon_core.package_identification:_identify(src/fra333_lab1_23) by extension 'ignore'
[0.233s] Level 1:colcon.colcon_core.package_identification:_identify(src/fra333_lab1_23) by extension 'ignore_ament_install'
[0.233s] Level 1:colcon.colcon_core.package_identification:_identify(src/fra333_lab1_23) by extensions ['colcon_pkg']
[0.233s] Level 1:colcon.colcon_core.package_identification:_identify(src/fra333_lab1_23) by extension 'colcon_pkg'
[0.233s] Level 1:colcon.colcon_core.package_identification:_identify(src/fra333_lab1_23) by extensions ['colcon_meta']
[0.233s] Level 1:colcon.colcon_core.package_identification:_identify(src/fra333_lab1_23) by extension 'colcon_meta'
[0.233s] Level 1:colcon.colcon_core.package_identification:_identify(src/fra333_lab1_23) by extensions ['ros']
[0.233s] Level 1:colcon.colcon_core.package_identification:_identify(src/fra333_lab1_23) by extension 'ros'
[0.236s] DEBUG:colcon.colcon_core.package_identification:Package 'src/fra333_lab1_23' with type 'ros.ament_cmake' and name 'fra333_lab1_23'
[0.236s] Level 1:colcon.colcon_core.package_identification:_identify(src/lab1_interfaces) by extensions ['ignore', 'ignore_ament_install']
[0.236s] Level 1:colcon.colcon_core.package_identification:_identify(src/lab1_interfaces) by extension 'ignore'
[0.236s] Level 1:colcon.colcon_core.package_identification:_identify(src/lab1_interfaces) by extension 'ignore_ament_install'
[0.236s] Level 1:colcon.colcon_core.package_identification:_identify(src/lab1_interfaces) by extensions ['colcon_pkg']
[0.237s] Level 1:colcon.colcon_core.package_identification:_identify(src/lab1_interfaces) by extension 'colcon_pkg'
[0.237s] Level 1:colcon.colcon_core.package_identification:_identify(src/lab1_interfaces) by extensions ['colcon_meta']
[0.237s] Level 1:colcon.colcon_core.package_identification:_identify(src/lab1_interfaces) by extension 'colcon_meta'
[0.237s] Level 1:colcon.colcon_core.package_identification:_identify(src/lab1_interfaces) by extensions ['ros']
[0.237s] Level 1:colcon.colcon_core.package_identification:_identify(src/lab1_interfaces) by extension 'ros'
[0.237s] DEBUG:colcon.colcon_core.package_identification:Package 'src/lab1_interfaces' with type 'ros.ament_cmake' and name 'lab1_interfaces'
[0.237s] Level 1:colcon.colcon_core.package_discovery:discover_packages(recursive) using defaults
[0.237s] Level 1:colcon.colcon_core.package_discovery:discover_packages(ignore) discover
[0.238s] Level 1:colcon.colcon_core.package_discovery:discover_packages(ignore) using defaults
[0.238s] Level 1:colcon.colcon_core.package_discovery:discover_packages(path) discover
[0.238s] Level 1:colcon.colcon_core.package_discovery:discover_packages(path) using defaults
[0.276s] Level 1:colcon.colcon_core.package_discovery:discover_packages(prefix_path) check parameters
[0.276s] Level 1:colcon.colcon_core.package_discovery:discover_packages(prefix_path) discover
[0.279s] DEBUG:colcon.colcon_installed_package_information.package_discovery:Found 2 installed packages in /home/ronnakon/FRA333-KINEMATICS/fra333_lab1_23/fra333_ws/install
[0.280s] DEBUG:colcon.colcon_installed_package_information.package_discovery:Found 1 installed packages in /home/ronnakon/FRA333-KINEMATICS/ROS_Directory/fra333_ws/install
[0.282s] DEBUG:colcon.colcon_installed_package_information.package_discovery:Found 257 installed packages in /opt/ros/foxy
[0.283s] Level 1:colcon.colcon_core.package_discovery:discover_packages(prefix_path) using defaults
[0.355s] Level 5:colcon.colcon_core.verb:set package 'fra333_lab1_23' build argument 'cmake_args' from command line to 'None'
[0.356s] Level 5:colcon.colcon_core.verb:set package 'fra333_lab1_23' build argument 'cmake_target' from command line to 'None'
[0.356s] Level 5:colcon.colcon_core.verb:set package 'fra333_lab1_23' build argument 'cmake_target_skip_unavailable' from command line to 'False'
[0.356s] Level 5:colcon.colcon_core.verb:set package 'fra333_lab1_23' build argument 'cmake_clean_cache' from command line to 'False'
[0.356s] Level 5:colcon.colcon_core.verb:set package 'fra333_lab1_23' build argument 'cmake_clean_first' from command line to 'False'
[0.356s] Level 5:colcon.colcon_core.verb:set package 'fra333_lab1_23' build argument 'cmake_force_configure' from command line to 'False'
[0.356s] Level 5:colcon.colcon_core.verb:set package 'fra333_lab1_23' build argument 'ament_cmake_args' from command line to 'None'
[0.356s] Level 5:colcon.colcon_core.verb:set package 'fra333_lab1_23' build argument 'catkin_cmake_args' from command line to 'None'
[0.356s] Level 5:colcon.colcon_core.verb:set package 'fra333_lab1_23' build argument 'catkin_skip_building_tests' from command line to 'False'
[0.356s] DEBUG:colcon.colcon_core.verb:Building package 'fra333_lab1_23' with the following arguments: {'ament_cmake_args': None, 'build_base': '/home/ronnakon/FRA333-KINEMATICS/fra333_lab1_23/fra333_ws/build/fra333_lab1_23', 'catkin_cmake_args': None, 'catkin_skip_building_tests': False, 'cmake_args': None, 'cmake_clean_cache': False, 'cmake_clean_first': False, 'cmake_force_configure': False, 'cmake_target': None, 'cmake_target_skip_unavailable': False, 'install_base': '/home/ronnakon/FRA333-KINEMATICS/fra333_lab1_23/fra333_ws/install/fra333_lab1_23', 'merge_install': False, 'path': '/home/ronnakon/FRA333-KINEMATICS/fra333_lab1_23/fra333_ws/src/fra333_lab1_23', 'symlink_install': True, 'test_result_base': None}
[0.357s] Level 5:colcon.colcon_core.verb:set package 'lab1_interfaces' build argument 'cmake_args' from command line to 'None'
[0.357s] Level 5:colcon.colcon_core.verb:set package 'lab1_interfaces' build argument 'cmake_target' from command line to 'None'
[0.357s] Level 5:colcon.colcon_core.verb:set package 'lab1_interfaces' build argument 'cmake_target_skip_unavailable' from command line to 'False'
[0.357s] Level 5:colcon.colcon_core.verb:set package 'lab1_interfaces' build argument 'cmake_clean_cache' from command line to 'False'
[0.357s] Level 5:colcon.colcon_core.verb:set package 'lab1_interfaces' build argument 'cmake_clean_first' from command line to 'False'
[0.357s] Level 5:colcon.colcon_core.verb:set package 'lab1_interfaces' build argument 'cmake_force_configure' from command line to 'False'
[0.357s] Level 5:colcon.colcon_core.verb:set package 'lab1_interfaces' build argument 'ament_cmake_args' from command line to 'None'
[0.357s] Level 5:colcon.colcon_core.verb:set package 'lab1_interfaces' build argument 'catkin_cmake_args' from command line to 'None'
[0.357s] Level 5:colcon.colcon_core.verb:set package 'lab1_interfaces' build argument 'catkin_skip_building_tests' from command line to 'False'
[0.357s] DEBUG:colcon.colcon_core.verb:Building package 'lab1_interfaces' with the following arguments: {'ament_cmake_args': None, 'build_base': '/home/ronnakon/FRA333-KINEMATICS/fra333_lab1_23/fra333_ws/build/lab1_interfaces', 'catkin_cmake_args': None, 'catkin_skip_building_tests': False, 'cmake_args': None, 'cmake_clean_cache': False, 'cmake_clean_first': False, 'cmake_force_configure': False, 'cmake_target': None, 'cmake_target_skip_unavailable': False, 'install_base': '/home/ronnakon/FRA333-KINEMATICS/fra333_lab1_23/fra333_ws/install/lab1_interfaces', 'merge_install': False, 'path': '/home/ronnakon/FRA333-KINEMATICS/fra333_lab1_23/fra333_ws/src/lab1_interfaces', 'symlink_install': True, 'test_result_base': None}
[0.358s] INFO:colcon.colcon_core.executor:Executing jobs using 'parallel' executor
[0.364s] DEBUG:colcon.colcon_parallel_executor.executor.parallel:run_until_complete
[0.364s] INFO:colcon.colcon_ros.task.ament_cmake.build:Building ROS package in '/home/ronnakon/FRA333-KINEMATICS/fra333_lab1_23/fra333_ws/src/fra333_lab1_23' with build type 'ament_cmake'
[0.364s] INFO:colcon.colcon_cmake.task.cmake.build:Building CMake package in '/home/ronnakon/FRA333-KINEMATICS/fra333_lab1_23/fra333_ws/src/fra333_lab1_23'
[0.369s] INFO:colcon.colcon_core.plugin_system:Skipping extension 'colcon_core.shell.bat': Not used on non-Windows systems
[0.369s] INFO:colcon.colcon_core.shell:Skip shell extension 'powershell' for command environment: Not usable outside of PowerShell
[0.369s] DEBUG:colcon.colcon_core.shell:Skip shell extension 'dsv' for command environment
[0.387s] INFO:colcon.colcon_ros.task.ament_cmake.build:Building ROS package in '/home/ronnakon/FRA333-KINEMATICS/fra333_lab1_23/fra333_ws/src/lab1_interfaces' with build type 'ament_cmake'
[0.387s] INFO:colcon.colcon_cmake.task.cmake.build:Building CMake package in '/home/ronnakon/FRA333-KINEMATICS/fra333_lab1_23/fra333_ws/src/lab1_interfaces'
[0.391s] INFO:colcon.colcon_core.shell:Skip shell extension 'powershell' for command environment: Not usable outside of PowerShell
[0.392s] DEBUG:colcon.colcon_core.shell:Skip shell extension 'dsv' for command environment
[0.412s] DEBUG:colcon.colcon_core.event_handler.log_command:Invoking command in '/home/ronnakon/FRA333-KINEMATICS/fra333_lab1_23/fra333_ws/build/fra333_lab1_23': CMAKE_PREFIX_PATH=${CMAKE_PREFIX_PATH}:/opt/ros/foxy /usr/bin/cmake --build /home/ronnakon/FRA333-KINEMATICS/fra333_lab1_23/fra333_ws/build/fra333_lab1_23 -- -j4 -l4
[0.424s] DEBUG:colcon.colcon_core.event_handler.log_command:Invoking command in '/home/ronnakon/FRA333-KINEMATICS/fra333_lab1_23/fra333_ws/build/lab1_interfaces': CMAKE_PREFIX_PATH=${CMAKE_PREFIX_PATH}:/opt/ros/foxy /usr/bin/cmake --build /home/ronnakon/FRA333-KINEMATICS/fra333_lab1_23/fra333_ws/build/lab1_interfaces -- -j4 -l4
[0.504s] DEBUG:colcon.colcon_core.event_handler.log_command:Invoked command in '/home/ronnakon/FRA333-KINEMATICS/fra333_lab1_23/fra333_ws/build/fra333_lab1_23' returned '0': CMAKE_PREFIX_PATH=${CMAKE_PREFIX_PATH}:/opt/ros/foxy /usr/bin/cmake --build /home/ronnakon/FRA333-KINEMATICS/fra333_lab1_23/fra333_ws/build/fra333_lab1_23 -- -j4 -l4
[0.567s] DEBUG:colcon.colcon_core.event_handler.log_command:Invoking command in '/home/ronnakon/FRA333-KINEMATICS/fra333_lab1_23/fra333_ws/build/fra333_lab1_23': CMAKE_PREFIX_PATH=${CMAKE_PREFIX_PATH}:/opt/ros/foxy /usr/bin/cmake --install /home/ronnakon/FRA333-KINEMATICS/fra333_lab1_23/fra333_ws/build/fra333_lab1_23
[0.661s] Level 1:colcon.colcon_core.environment:create_environment_scripts_only(fra333_lab1_23)
[0.662s] DEBUG:colcon.colcon_core.event_handler.log_command:Invoked command in '/home/ronnakon/FRA333-KINEMATICS/fra333_lab1_23/fra333_ws/build/fra333_lab1_23' returned '0': CMAKE_PREFIX_PATH=${CMAKE_PREFIX_PATH}:/opt/ros/foxy /usr/bin/cmake --install /home/ronnakon/FRA333-KINEMATICS/fra333_lab1_23/fra333_ws/build/fra333_lab1_23
[0.668s] Level 1:colcon.colcon_core.environment:checking '/home/ronnakon/FRA333-KINEMATICS/fra333_lab1_23/fra333_ws/install/fra333_lab1_23' for CMake module files
[0.670s] Level 1:colcon.colcon_core.environment:checking '/home/ronnakon/FRA333-KINEMATICS/fra333_lab1_23/fra333_ws/install/fra333_lab1_23' for CMake config files
[0.671s] Level 1:colcon.colcon_core.shell:create_environment_hook('fra333_lab1_23', 'cmake_prefix_path')
[0.674s] INFO:colcon.colcon_core.shell:Creating environment hook '/home/ronnakon/FRA333-KINEMATICS/fra333_lab1_23/fra333_ws/install/fra333_lab1_23/share/fra333_lab1_23/hook/cmake_prefix_path.ps1'
[0.676s] INFO:colcon.colcon_core.shell:Creating environment descriptor '/home/ronnakon/FRA333-KINEMATICS/fra333_lab1_23/fra333_ws/install/fra333_lab1_23/share/fra333_lab1_23/hook/cmake_prefix_path.dsv'
[0.677s] INFO:colcon.colcon_core.shell:Creating environment hook '/home/ronnakon/FRA333-KINEMATICS/fra333_lab1_23/fra333_ws/install/fra333_lab1_23/share/fra333_lab1_23/hook/cmake_prefix_path.sh'
[0.679s] Level 1:colcon.colcon_core.environment:checking '/home/ronnakon/FRA333-KINEMATICS/fra333_lab1_23/fra333_ws/install/fra333_lab1_23/lib'
[0.680s] Level 1:colcon.colcon_core.environment:checking '/home/ronnakon/FRA333-KINEMATICS/fra333_lab1_23/fra333_ws/install/fra333_lab1_23/bin'
[0.680s] Level 1:colcon.colcon_core.environment:checking '/home/ronnakon/FRA333-KINEMATICS/fra333_lab1_23/fra333_ws/install/fra333_lab1_23/lib/pkgconfig/fra333_lab1_23.pc'
[0.680s] Level 1:colcon.colcon_core.environment:checking '/home/ronnakon/FRA333-KINEMATICS/fra333_lab1_23/fra333_ws/install/fra333_lab1_23/lib/python3.8/site-packages'
[0.680s] Level 1:colcon.colcon_core.shell:create_environment_hook('fra333_lab1_23', 'pythonpath')
[0.683s] INFO:colcon.colcon_core.shell:Creating environment hook '/home/ronnakon/FRA333-KINEMATICS/fra333_lab1_23/fra333_ws/install/fra333_lab1_23/share/fra333_lab1_23/hook/pythonpath.ps1'
[0.684s] INFO:colcon.colcon_core.shell:Creating environment descriptor '/home/ronnakon/FRA333-KINEMATICS/fra333_lab1_23/fra333_ws/install/fra333_lab1_23/share/fra333_lab1_23/hook/pythonpath.dsv'
[0.684s] INFO:colcon.colcon_core.shell:Creating environment hook '/home/ronnakon/FRA333-KINEMATICS/fra333_lab1_23/fra333_ws/install/fra333_lab1_23/share/fra333_lab1_23/hook/pythonpath.sh'
[0.685s] Level 1:colcon.colcon_core.environment:checking '/home/ronnakon/FRA333-KINEMATICS/fra333_lab1_23/fra333_ws/install/fra333_lab1_23/bin'
[0.688s] INFO:colcon.colcon_core.shell:Creating package script '/home/ronnakon/FRA333-KINEMATICS/fra333_lab1_23/fra333_ws/install/fra333_lab1_23/share/fra333_lab1_23/package.ps1'
[0.690s] INFO:colcon.colcon_core.shell:Creating package descriptor '/home/ronnakon/FRA333-KINEMATICS/fra333_lab1_23/fra333_ws/install/fra333_lab1_23/share/fra333_lab1_23/package.dsv'
[0.691s] INFO:colcon.colcon_core.shell:Creating package script '/home/ronnakon/FRA333-KINEMATICS/fra333_lab1_23/fra333_ws/install/fra333_lab1_23/share/fra333_lab1_23/package.sh'
[0.693s] INFO:colcon.colcon_core.shell:Creating package script '/home/ronnakon/FRA333-KINEMATICS/fra333_lab1_23/fra333_ws/install/fra333_lab1_23/share/fra333_lab1_23/package.bash'
[0.695s] INFO:colcon.colcon_core.shell:Creating package script '/home/ronnakon/FRA333-KINEMATICS/fra333_lab1_23/fra333_ws/install/fra333_lab1_23/share/fra333_lab1_23/package.zsh'
[0.698s] Level 1:colcon.colcon_core.environment:create_file_with_runtime_dependencies(/home/ronnakon/FRA333-KINEMATICS/fra333_lab1_23/fra333_ws/install/fra333_lab1_23/share/colcon-core/packages/fra333_lab1_23)
[0.768s] Level 1:colcon.colcon_core.environment:create_environment_scripts_only(fra333_lab1_23)
[0.772s] Level 1:colcon.colcon_core.environment:checking '/home/ronnakon/FRA333-KINEMATICS/fra333_lab1_23/fra333_ws/install/fra333_lab1_23' for CMake module files
[0.774s] Level 1:colcon.colcon_core.environment:checking '/home/ronnakon/FRA333-KINEMATICS/fra333_lab1_23/fra333_ws/install/fra333_lab1_23' for CMake config files
[0.775s] Level 1:colcon.colcon_core.shell:create_environment_hook('fra333_lab1_23', 'cmake_prefix_path')
[0.777s] INFO:colcon.colcon_core.shell:Creating environment hook '/home/ronnakon/FRA333-KINEMATICS/fra333_lab1_23/fra333_ws/install/fra333_lab1_23/share/fra333_lab1_23/hook/cmake_prefix_path.ps1'
[0.778s] INFO:colcon.colcon_core.shell:Creating environment descriptor '/home/ronnakon/FRA333-KINEMATICS/fra333_lab1_23/fra333_ws/install/fra333_lab1_23/share/fra333_lab1_23/hook/cmake_prefix_path.dsv'
[0.779s] INFO:colcon.colcon_core.shell:Creating environment hook '/home/ronnakon/FRA333-KINEMATICS/fra333_lab1_23/fra333_ws/install/fra333_lab1_23/share/fra333_lab1_23/hook/cmake_prefix_path.sh'
[0.780s] Level 1:colcon.colcon_core.environment:checking '/home/ronnakon/FRA333-KINEMATICS/fra333_lab1_23/fra333_ws/install/fra333_lab1_23/lib'
[0.780s] Level 1:colcon.colcon_core.environment:checking '/home/ronnakon/FRA333-KINEMATICS/fra333_lab1_23/fra333_ws/install/fra333_lab1_23/bin'
[0.780s] Level 1:colcon.colcon_core.environment:checking '/home/ronnakon/FRA333-KINEMATICS/fra333_lab1_23/fra333_ws/install/fra333_lab1_23/lib/pkgconfig/fra333_lab1_23.pc'
[0.780s] Level 1:colcon.colcon_core.environment:checking '/home/ronnakon/FRA333-KINEMATICS/fra333_lab1_23/fra333_ws/install/fra333_lab1_23/lib/python3.8/site-packages'
[0.780s] Level 1:colcon.colcon_core.shell:create_environment_hook('fra333_lab1_23', 'pythonpath')
[0.783s] INFO:colcon.colcon_core.shell:Creating environment hook '/home/ronnakon/FRA333-KINEMATICS/fra333_lab1_23/fra333_ws/install/fra333_lab1_23/share/fra333_lab1_23/hook/pythonpath.ps1'
[0.784s] INFO:colcon.colcon_core.shell:Creating environment descriptor '/home/ronnakon/FRA333-KINEMATICS/fra333_lab1_23/fra333_ws/install/fra333_lab1_23/share/fra333_lab1_23/hook/pythonpath.dsv'
[0.785s] INFO:colcon.colcon_core.shell:Creating environment hook '/home/ronnakon/FRA333-KINEMATICS/fra333_lab1_23/fra333_ws/install/fra333_lab1_23/share/fra333_lab1_23/hook/pythonpath.sh'
[0.786s] Level 1:colcon.colcon_core.environment:checking '/home/ronnakon/FRA333-KINEMATICS/fra333_lab1_23/fra333_ws/install/fra333_lab1_23/bin'
[0.788s] INFO:colcon.colcon_core.shell:Creating package script '/home/ronnakon/FRA333-KINEMATICS/fra333_lab1_23/fra333_ws/install/fra333_lab1_23/share/fra333_lab1_23/package.ps1'
[0.789s] INFO:colcon.colcon_core.shell:Creating package descriptor '/home/ronnakon/FRA333-KINEMATICS/fra333_lab1_23/fra333_ws/install/fra333_lab1_23/share/fra333_lab1_23/package.dsv'
[0.790s] INFO:colcon.colcon_core.shell:Creating package script '/home/ronnakon/FRA333-KINEMATICS/fra333_lab1_23/fra333_ws/install/fra333_lab1_23/share/fra333_lab1_23/package.sh'
[0.791s] INFO:colcon.colcon_core.shell:Creating package script '/home/ronnakon/FRA333-KINEMATICS/fra333_lab1_23/fra333_ws/install/fra333_lab1_23/share/fra333_lab1_23/package.bash'
[0.792s] INFO:colcon.colcon_core.shell:Creating package script '/home/ronnakon/FRA333-KINEMATICS/fra333_lab1_23/fra333_ws/install/fra333_lab1_23/share/fra333_lab1_23/package.zsh'
[0.793s] Level 1:colcon.colcon_core.environment:create_file_with_runtime_dependencies(/home/ronnakon/FRA333-KINEMATICS/fra333_lab1_23/fra333_ws/install/fra333_lab1_23/share/colcon-core/packages/fra333_lab1_23)
[0.797s] DEBUG:colcon.colcon_core.event_handler.log_command:Invoked command in '/home/ronnakon/FRA333-KINEMATICS/fra333_lab1_23/fra333_ws/build/lab1_interfaces' returned '0': CMAKE_PREFIX_PATH=${CMAKE_PREFIX_PATH}:/opt/ros/foxy /usr/bin/cmake --build /home/ronnakon/FRA333-KINEMATICS/fra333_lab1_23/fra333_ws/build/lab1_interfaces -- -j4 -l4
[0.866s] DEBUG:colcon.colcon_core.event_handler.log_command:Invoking command in '/home/ronnakon/FRA333-KINEMATICS/fra333_lab1_23/fra333_ws/build/lab1_interfaces': CMAKE_PREFIX_PATH=${CMAKE_PREFIX_PATH}:/opt/ros/foxy /usr/bin/cmake --install /home/ronnakon/FRA333-KINEMATICS/fra333_lab1_23/fra333_ws/build/lab1_interfaces
[0.983s] Level 1:colcon.colcon_core.environment:create_environment_scripts_only(lab1_interfaces)
[0.987s] Level 1:colcon.colcon_core.environment:checking '/home/ronnakon/FRA333-KINEMATICS/fra333_lab1_23/fra333_ws/install/lab1_interfaces' for CMake module files
[0.989s] Level 1:colcon.colcon_core.environment:checking '/home/ronnakon/FRA333-KINEMATICS/fra333_lab1_23/fra333_ws/install/lab1_interfaces' for CMake config files
[0.990s] Level 1:colcon.colcon_core.shell:create_environment_hook('lab1_interfaces', 'cmake_prefix_path')
[0.992s] INFO:colcon.colcon_core.shell:Creating environment hook '/home/ronnakon/FRA333-KINEMATICS/fra333_lab1_23/fra333_ws/install/lab1_interfaces/share/lab1_interfaces/hook/cmake_prefix_path.ps1'
[0.993s] INFO:colcon.colcon_core.shell:Creating environment descriptor '/home/ronnakon/FRA333-KINEMATICS/fra333_lab1_23/fra333_ws/install/lab1_interfaces/share/lab1_interfaces/hook/cmake_prefix_path.dsv'
[0.994s] INFO:colcon.colcon_core.shell:Creating environment hook '/home/ronnakon/FRA333-KINEMATICS/fra333_lab1_23/fra333_ws/install/lab1_interfaces/share/lab1_interfaces/hook/cmake_prefix_path.sh'
[0.995s] Level 1:colcon.colcon_core.environment:checking '/home/ronnakon/FRA333-KINEMATICS/fra333_lab1_23/fra333_ws/install/lab1_interfaces/lib'
[0.995s] Level 1:colcon.colcon_core.shell:create_environment_hook('lab1_interfaces', 'ld_library_path_lib')
[0.997s] INFO:colcon.colcon_core.shell:Creating environment hook '/home/ronnakon/FRA333-KINEMATICS/fra333_lab1_23/fra333_ws/install/lab1_interfaces/share/lab1_interfaces/hook/ld_library_path_lib.ps1'
[0.998s] DEBUG:colcon.colcon_core.event_handler.log_command:Invoked command in '/home/ronnakon/FRA333-KINEMATICS/fra333_lab1_23/fra333_ws/build/lab1_interfaces' returned '0': CMAKE_PREFIX_PATH=${CMAKE_PREFIX_PATH}:/opt/ros/foxy /usr/bin/cmake --install /home/ronnakon/FRA333-KINEMATICS/fra333_lab1_23/fra333_ws/build/lab1_interfaces
[0.999s] INFO:colcon.colcon_core.shell:Creating environment descriptor '/home/ronnakon/FRA333-KINEMATICS/fra333_lab1_23/fra333_ws/install/lab1_interfaces/share/lab1_interfaces/hook/ld_library_path_lib.dsv'
[0.999s] INFO:colcon.colcon_core.shell:Creating environment hook '/home/ronnakon/FRA333-KINEMATICS/fra333_lab1_23/fra333_ws/install/lab1_interfaces/share/lab1_interfaces/hook/ld_library_path_lib.sh'
[1.000s] Level 1:colcon.colcon_core.environment:checking '/home/ronnakon/FRA333-KINEMATICS/fra333_lab1_23/fra333_ws/install/lab1_interfaces/bin'
[1.000s] Level 1:colcon.colcon_core.environment:checking '/home/ronnakon/FRA333-KINEMATICS/fra333_lab1_23/fra333_ws/install/lab1_interfaces/lib/pkgconfig/lab1_interfaces.pc'
[1.001s] Level 1:colcon.colcon_core.environment:checking '/home/ronnakon/FRA333-KINEMATICS/fra333_lab1_23/fra333_ws/install/lab1_interfaces/lib/python3.8/site-packages'
[1.001s] Level 1:colcon.colcon_core.shell:create_environment_hook('lab1_interfaces', 'pythonpath')
[1.003s] INFO:colcon.colcon_core.shell:Creating environment hook '/home/ronnakon/FRA333-KINEMATICS/fra333_lab1_23/fra333_ws/install/lab1_interfaces/share/lab1_interfaces/hook/pythonpath.ps1'
[1.004s] INFO:colcon.colcon_core.shell:Creating environment descriptor '/home/ronnakon/FRA333-KINEMATICS/fra333_lab1_23/fra333_ws/install/lab1_interfaces/share/lab1_interfaces/hook/pythonpath.dsv'
[1.005s] INFO:colcon.colcon_core.shell:Creating environment hook '/home/ronnakon/FRA333-KINEMATICS/fra333_lab1_23/fra333_ws/install/lab1_interfaces/share/lab1_interfaces/hook/pythonpath.sh'
[1.005s] Level 1:colcon.colcon_core.environment:checking '/home/ronnakon/FRA333-KINEMATICS/fra333_lab1_23/fra333_ws/install/lab1_interfaces/bin'
[1.008s] INFO:colcon.colcon_core.shell:Creating package script '/home/ronnakon/FRA333-KINEMATICS/fra333_lab1_23/fra333_ws/install/lab1_interfaces/share/lab1_interfaces/package.ps1'
[1.009s] INFO:colcon.colcon_core.shell:Creating package descriptor '/home/ronnakon/FRA333-KINEMATICS/fra333_lab1_23/fra333_ws/install/lab1_interfaces/share/lab1_interfaces/package.dsv'
[1.010s] INFO:colcon.colcon_core.shell:Creating package script '/home/ronnakon/FRA333-KINEMATICS/fra333_lab1_23/fra333_ws/install/lab1_interfaces/share/lab1_interfaces/package.sh'
[1.011s] INFO:colcon.colcon_core.shell:Creating package script '/home/ronnakon/FRA333-KINEMATICS/fra333_lab1_23/fra333_ws/install/lab1_interfaces/share/lab1_interfaces/package.bash'
[1.012s] INFO:colcon.colcon_core.shell:Creating package script '/home/ronnakon/FRA333-KINEMATICS/fra333_lab1_23/fra333_ws/install/lab1_interfaces/share/lab1_interfaces/package.zsh'
[1.012s] Level 1:colcon.colcon_core.environment:create_file_with_runtime_dependencies(/home/ronnakon/FRA333-KINEMATICS/fra333_lab1_23/fra333_ws/install/lab1_interfaces/share/colcon-core/packages/lab1_interfaces)
[1.114s] Level 1:colcon.colcon_core.environment:create_environment_scripts_only(lab1_interfaces)
[1.122s] Level 1:colcon.colcon_core.environment:checking '/home/ronnakon/FRA333-KINEMATICS/fra333_lab1_23/fra333_ws/install/lab1_interfaces' for CMake module files
[1.123s] Level 1:colcon.colcon_core.environment:checking '/home/ronnakon/FRA333-KINEMATICS/fra333_lab1_23/fra333_ws/install/lab1_interfaces' for CMake config files
[1.124s] Level 1:colcon.colcon_core.shell:create_environment_hook('lab1_interfaces', 'cmake_prefix_path')
[1.127s] INFO:colcon.colcon_core.shell:Creating environment hook '/home/ronnakon/FRA333-KINEMATICS/fra333_lab1_23/fra333_ws/install/lab1_interfaces/share/lab1_interfaces/hook/cmake_prefix_path.ps1'
[1.128s] INFO:colcon.colcon_core.shell:Creating environment descriptor '/home/ronnakon/FRA333-KINEMATICS/fra333_lab1_23/fra333_ws/install/lab1_interfaces/share/lab1_interfaces/hook/cmake_prefix_path.dsv'
[1.129s] INFO:colcon.colcon_core.shell:Creating environment hook '/home/ronnakon/FRA333-KINEMATICS/fra333_lab1_23/fra333_ws/install/lab1_interfaces/share/lab1_interfaces/hook/cmake_prefix_path.sh'
[1.130s] Level 1:colcon.colcon_core.environment:checking '/home/ronnakon/FRA333-KINEMATICS/fra333_lab1_23/fra333_ws/install/lab1_interfaces/lib'
[1.130s] Level 1:colcon.colcon_core.shell:create_environment_hook('lab1_interfaces', 'ld_library_path_lib')
[1.133s] INFO:colcon.colcon_core.shell:Creating environment hook '/home/ronnakon/FRA333-KINEMATICS/fra333_lab1_23/fra333_ws/install/lab1_interfaces/share/lab1_interfaces/hook/ld_library_path_lib.ps1'
[1.134s] INFO:colcon.colcon_core.shell:Creating environment descriptor '/home/ronnakon/FRA333-KINEMATICS/fra333_lab1_23/fra333_ws/install/lab1_interfaces/share/lab1_interfaces/hook/ld_library_path_lib.dsv'
[1.134s] INFO:colcon.colcon_core.shell:Creating environment hook '/home/ronnakon/FRA333-KINEMATICS/fra333_lab1_23/fra333_ws/install/lab1_interfaces/share/lab1_interfaces/hook/ld_library_path_lib.sh'
[1.135s] Level 1:colcon.colcon_core.environment:checking '/home/ronnakon/FRA333-KINEMATICS/fra333_lab1_23/fra333_ws/install/lab1_interfaces/bin'
[1.135s] Level 1:colcon.colcon_core.environment:checking '/home/ronnakon/FRA333-KINEMATICS/fra333_lab1_23/fra333_ws/install/lab1_interfaces/lib/pkgconfig/lab1_interfaces.pc'
[1.135s] Level 1:colcon.colcon_core.environment:checking '/home/ronnakon/FRA333-KINEMATICS/fra333_lab1_23/fra333_ws/install/lab1_interfaces/lib/python3.8/site-packages'
[1.136s] Level 1:colcon.colcon_core.shell:create_environment_hook('lab1_interfaces', 'pythonpath')
[1.139s] INFO:colcon.colcon_core.shell:Creating environment hook '/home/ronnakon/FRA333-KINEMATICS/fra333_lab1_23/fra333_ws/install/lab1_interfaces/share/lab1_interfaces/hook/pythonpath.ps1'
[1.140s] INFO:colcon.colcon_core.shell:Creating environment descriptor '/home/ronnakon/FRA333-KINEMATICS/fra333_lab1_23/fra333_ws/install/lab1_interfaces/share/lab1_interfaces/hook/pythonpath.dsv'
[1.140s] INFO:colcon.colcon_core.shell:Creating environment hook '/home/ronnakon/FRA333-KINEMATICS/fra333_lab1_23/fra333_ws/install/lab1_interfaces/share/lab1_interfaces/hook/pythonpath.sh'
[1.141s] Level 1:colcon.colcon_core.environment:checking '/home/ronnakon/FRA333-KINEMATICS/fra333_lab1_23/fra333_ws/install/lab1_interfaces/bin'
[1.145s] INFO:colcon.colcon_core.shell:Creating package script '/home/ronnakon/FRA333-KINEMATICS/fra333_lab1_23/fra333_ws/install/lab1_interfaces/share/lab1_interfaces/package.ps1'
[1.146s] INFO:colcon.colcon_core.shell:Creating package descriptor '/home/ronnakon/FRA333-KINEMATICS/fra333_lab1_23/fra333_ws/install/lab1_interfaces/share/lab1_interfaces/package.dsv'
[1.147s] INFO:colcon.colcon_core.shell:Creating package script '/home/ronnakon/FRA333-KINEMATICS/fra333_lab1_23/fra333_ws/install/lab1_interfaces/share/lab1_interfaces/package.sh'
[1.148s] INFO:colcon.colcon_core.shell:Creating package script '/home/ronnakon/FRA333-KINEMATICS/fra333_lab1_23/fra333_ws/install/lab1_interfaces/share/lab1_interfaces/package.bash'
[1.149s] INFO:colcon.colcon_core.shell:Creating package script '/home/ronnakon/FRA333-KINEMATICS/fra333_lab1_23/fra333_ws/install/lab1_interfaces/share/lab1_interfaces/package.zsh'
[1.150s] Level 1:colcon.colcon_core.environment:create_file_with_runtime_dependencies(/home/ronnakon/FRA333-KINEMATICS/fra333_lab1_23/fra333_ws/install/lab1_interfaces/share/colcon-core/packages/lab1_interfaces)
[1.150s] DEBUG:colcon.colcon_parallel_executor.executor.parallel:closing loop
[1.150s] DEBUG:colcon.colcon_parallel_executor.executor.parallel:loop closed
[1.151s] DEBUG:colcon.colcon_parallel_executor.executor.parallel:run_until_complete finished with '0'
[1.151s] DEBUG:colcon.colcon_core.event_reactor:joining thread
[1.160s] INFO:colcon.colcon_core.plugin_system:Skipping extension 'colcon_notification.desktop_notification.terminal_notifier': Not used on non-Darwin systems
[1.161s] INFO:colcon.colcon_core.plugin_system:Skipping extension 'colcon_notification.desktop_notification.win32': Not used on non-Windows systems
[1.161s] INFO:colcon.colcon_notification.desktop_notification:Sending desktop notification using 'notify2'
[1.194s] DEBUG:colcon.colcon_core.event_reactor:joined thread
[1.197s] INFO:colcon.colcon_core.shell:Creating prefix script '/home/ronnakon/FRA333-KINEMATICS/fra333_lab1_23/fra333_ws/install/local_setup.ps1'
[1.198s] INFO:colcon.colcon_core.shell:Creating prefix util module '/home/ronnakon/FRA333-KINEMATICS/fra333_lab1_23/fra333_ws/install/_local_setup_util_ps1.py'
[1.201s] INFO:colcon.colcon_core.shell:Creating prefix chain script '/home/ronnakon/FRA333-KINEMATICS/fra333_lab1_23/fra333_ws/install/setup.ps1'
[1.204s] INFO:colcon.colcon_core.shell:Creating prefix script '/home/ronnakon/FRA333-KINEMATICS/fra333_lab1_23/fra333_ws/install/local_setup.sh'
[1.204s] INFO:colcon.colcon_core.shell:Creating prefix util module '/home/ronnakon/FRA333-KINEMATICS/fra333_lab1_23/fra333_ws/install/_local_setup_util_sh.py'
[1.205s] INFO:colcon.colcon_core.shell:Creating prefix chain script '/home/ronnakon/FRA333-KINEMATICS/fra333_lab1_23/fra333_ws/install/setup.sh'
[1.209s] INFO:colcon.colcon_core.shell:Creating prefix script '/home/ronnakon/FRA333-KINEMATICS/fra333_lab1_23/fra333_ws/install/local_setup.bash'
[1.210s] INFO:colcon.colcon_core.shell:Creating prefix chain script '/home/ronnakon/FRA333-KINEMATICS/fra333_lab1_23/fra333_ws/install/setup.bash'
[1.214s] INFO:colcon.colcon_core.shell:Creating prefix script '/home/ronnakon/FRA333-KINEMATICS/fra333_lab1_23/fra333_ws/install/local_setup.zsh'
[1.215s] INFO:colcon.colcon_core.shell:Creating prefix chain script '/home/ronnakon/FRA333-KINEMATICS/fra333_lab1_23/fra333_ws/install/setup.zsh'
