[0.013s] Invoking command in '/home/ronnakon/FRA333-KINEMATICS/ROS_Directory/fra333_ws/build/my_first_package': CMAKE_PREFIX_PATH=${CMAKE_PREFIX_PATH}:/opt/ros/foxy /usr/bin/cmake /home/ronnakon/FRA333-KINEMATICS/ROS_Directory/fra333_ws/src/my_first_package -DAMENT_CMAKE_SYMLINK_INSTALL=1 -DCMAKE_INSTALL_PREFIX=/home/ronnakon/FRA333-KINEMATICS/ROS_Directory/fra333_ws/install/my_first_package
[0.023s] -- Found rosidl_default_generators: 1.0.1 (/opt/ros/foxy/share/rosidl_default_generators/cmake)
[0.024s] -- Found ament_cmake_core: 0.9.9 (/opt/ros/foxy/share/ament_cmake_core/cmake)
[0.044s] -- Found PythonInterp: /usr/bin/python3 (found suitable version "3.8.10", minimum required is "3") 
[0.044s] -- Using PYTHON_EXECUTABLE: /usr/bin/python3
[0.163s] -- Override CMake install command with custom implementation using symlinks instead of copying resources
[0.168s] -- Using all available rosidl_typesupport_c: rosidl_typesupport_fastrtps_c;rosidl_typesupport_introspection_c
[0.173s] -- Found rosidl_adapter: 1.2.1 (/opt/ros/foxy/share/rosidl_adapter/cmake)
[0.304s] -- Using all available rosidl_typesupport_cpp: rosidl_typesupport_fastrtps_cpp;rosidl_typesupport_introspection_cpp
[0.321s] -- Found geometry_msgs: 2.0.5 (/opt/ros/foxy/share/geometry_msgs/cmake)
[0.377s] -- Found rclcpp: 2.4.1 (/opt/ros/foxy/share/rclcpp/cmake)
[0.405s] -- Found rmw_implementation_cmake: 1.0.3 (/opt/ros/foxy/share/rmw_implementation_cmake/cmake)
[0.406s] -- Using RMW implementation 'rmw_fastrtps_cpp' as default
[0.512s] -- Found rclpy: 1.0.8 (/opt/ros/foxy/share/rclpy/cmake)
[0.532s] -- Found PythonInterp: /usr/bin/python3 (found version "3.8.10") 
[0.681s] -- Found ament_cmake_ros: 0.9.2 (/opt/ros/foxy/share/ament_cmake_ros/cmake)
[0.909s] -- Using all available rosidl_typesupport_c: rosidl_typesupport_fastrtps_c;rosidl_typesupport_introspection_c
[1.003s] -- Using all available rosidl_typesupport_cpp: rosidl_typesupport_fastrtps_cpp;rosidl_typesupport_introspection_cpp
[1.023s] -- Found PythonInterp: /usr/bin/python3 (found suitable version "3.8.10", minimum required is "3.5") 
[1.024s] -- Found python_cmake_module: 0.8.1 (/opt/ros/foxy/share/python_cmake_module/cmake)
[1.048s] -- Using PYTHON_EXECUTABLE: /usr/bin/python3
[1.048s] -- Using PYTHON_INCLUDE_DIRS: /usr/include/python3.8
[1.048s] -- Using PYTHON_LIBRARIES: /usr/lib/x86_64-linux-gnu/libpython3.8.so
[1.109s] -- Configuring done
[1.168s] -- Generating done
[1.171s] -- Build files have been written to: /home/ronnakon/FRA333-KINEMATICS/ROS_Directory/fra333_ws/build/my_first_package
[1.177s] Invoked command in '/home/ronnakon/FRA333-KINEMATICS/ROS_Directory/fra333_ws/build/my_first_package' returned '0': CMAKE_PREFIX_PATH=${CMAKE_PREFIX_PATH}:/opt/ros/foxy /usr/bin/cmake /home/ronnakon/FRA333-KINEMATICS/ROS_Directory/fra333_ws/src/my_first_package -DAMENT_CMAKE_SYMLINK_INSTALL=1 -DCMAKE_INSTALL_PREFIX=/home/ronnakon/FRA333-KINEMATICS/ROS_Directory/fra333_ws/install/my_first_package
[1.180s] Invoking command in '/home/ronnakon/FRA333-KINEMATICS/ROS_Directory/fra333_ws/build/my_first_package': CMAKE_PREFIX_PATH=${CMAKE_PREFIX_PATH}:/opt/ros/foxy /usr/bin/cmake --build /home/ronnakon/FRA333-KINEMATICS/ROS_Directory/fra333_ws/build/my_first_package -- -j12 -l12
[1.213s] [35m[1mScanning dependencies of target cpp_node_test[0m
[1.215s] [35m[1mScanning dependencies of target my_first_package__rosidl_generator_c[0m
[1.222s] [  2%] Built target my_first_package__cpp
[1.223s] [  7%] [32mBuilding C object CMakeFiles/my_first_package__rosidl_generator_c.dir/rosidl_generator_c/my_first_package/srv/detail/set_goal__functions.c.o[0m
[1.224s] [  7%] [32mBuilding C object CMakeFiles/my_first_package__rosidl_generator_c.dir/rosidl_generator_c/my_first_package/srv/detail/rand_goal__functions.c.o[0m
[1.225s] [  9%] [32mBuilding CXX object CMakeFiles/cpp_node_test.dir/src/cpp_node.cpp.o[0m
[1.231s] [35m[1mScanning dependencies of target my_first_package__rosidl_typesupport_introspection_cpp[0m
[1.232s] [35m[1mScanning dependencies of target my_first_package__rosidl_typesupport_fastrtps_cpp[0m
[1.233s] [35m[1mScanning dependencies of target my_first_package__rosidl_typesupport_cpp[0m
[1.243s] [ 12%] [32mBuilding CXX object CMakeFiles/my_first_package__rosidl_typesupport_introspection_cpp.dir/rosidl_typesupport_introspection_cpp/my_first_package/srv/detail/set_goal__type_support.cpp.o[0m
[1.244s] [ 14%] [32mBuilding CXX object CMakeFiles/my_first_package__rosidl_typesupport_introspection_cpp.dir/rosidl_typesupport_introspection_cpp/my_first_package/srv/detail/rand_goal__type_support.cpp.o[0m
[1.245s] [ 17%] [32mBuilding CXX object CMakeFiles/my_first_package__rosidl_typesupport_cpp.dir/rosidl_typesupport_cpp/my_first_package/srv/set_goal__type_support.cpp.o[0m
[1.245s] [ 19%] [32mBuilding CXX object CMakeFiles/my_first_package__rosidl_typesupport_cpp.dir/rosidl_typesupport_cpp/my_first_package/srv/rand_goal__type_support.cpp.o[0m
[1.246s] [ 21%] [32mBuilding CXX object CMakeFiles/my_first_package__rosidl_typesupport_fastrtps_cpp.dir/rosidl_typesupport_fastrtps_cpp/my_first_package/srv/detail/dds_fastrtps/set_goal__type_support.cpp.o[0m
[1.247s] [ 24%] [32mBuilding CXX object CMakeFiles/my_first_package__rosidl_typesupport_fastrtps_cpp.dir/rosidl_typesupport_fastrtps_cpp/my_first_package/srv/detail/dds_fastrtps/rand_goal__type_support.cpp.o[0m
[1.263s] [ 26%] [32m[1mLinking C shared library libmy_first_package__rosidl_generator_c.so[0m
[1.301s] [ 29%] Built target my_first_package__rosidl_generator_c
[1.314s] [35m[1mScanning dependencies of target my_first_package__rosidl_typesupport_c[0m
[1.314s] [35m[1mScanning dependencies of target my_first_package__rosidl_typesupport_introspection_c[0m
[1.328s] [ 31%] [32mBuilding CXX object CMakeFiles/my_first_package__rosidl_typesupport_c.dir/rosidl_typesupport_c/my_first_package/srv/set_goal__type_support.cpp.o[0m
[1.328s] [ 34%] [32mBuilding CXX object CMakeFiles/my_first_package__rosidl_typesupport_c.dir/rosidl_typesupport_c/my_first_package/srv/rand_goal__type_support.cpp.o[0m
[1.329s] [ 36%] [32mBuilding C object CMakeFiles/my_first_package__rosidl_typesupport_introspection_c.dir/rosidl_typesupport_introspection_c/my_first_package/srv/detail/rand_goal__type_support.c.o[0m
[1.334s] [ 39%] [32mBuilding C object CMakeFiles/my_first_package__rosidl_typesupport_introspection_c.dir/rosidl_typesupport_introspection_c/my_first_package/srv/detail/set_goal__type_support.c.o[0m
[1.364s] [ 41%] [32m[1mLinking CXX shared library libmy_first_package__rosidl_typesupport_c.so[0m
[1.372s] [ 43%] [32m[1mLinking C shared library libmy_first_package__rosidl_typesupport_introspection_c.so[0m
[1.407s] [ 46%] Built target my_first_package__rosidl_typesupport_introspection_c
[1.408s] [ 48%] Built target my_first_package__rosidl_typesupport_c
[1.419s] [ 51%] [32m[1mLinking CXX executable cpp_node_test[0m
[1.484s] [ 51%] Built target cpp_node_test
[1.572s] [ 53%] [32m[1mLinking CXX shared library libmy_first_package__rosidl_typesupport_cpp.so[0m
[1.579s] [ 56%] [32m[1mLinking CXX shared library libmy_first_package__rosidl_typesupport_introspection_cpp.so[0m
[1.603s] [ 58%] [32m[1mLinking CXX shared library libmy_first_package__rosidl_typesupport_fastrtps_cpp.so[0m
[1.607s] [ 60%] Built target my_first_package__rosidl_typesupport_cpp
[1.626s] [ 63%] Built target my_first_package__rosidl_typesupport_introspection_cpp
[1.666s] [ 65%] Built target my_first_package__rosidl_typesupport_fastrtps_cpp
[1.678s] [35m[1mScanning dependencies of target my_first_package__rosidl_typesupport_fastrtps_c[0m
[1.694s] [ 68%] [32mBuilding CXX object CMakeFiles/my_first_package__rosidl_typesupport_fastrtps_c.dir/rosidl_typesupport_fastrtps_c/my_first_package/srv/detail/rand_goal__type_support_c.cpp.o[0m
[1.695s] [ 70%] [32mBuilding CXX object CMakeFiles/my_first_package__rosidl_typesupport_fastrtps_c.dir/rosidl_typesupport_fastrtps_c/my_first_package/srv/detail/set_goal__type_support_c.cpp.o[0m
[1.963s] [ 73%] [32m[1mLinking CXX shared library libmy_first_package__rosidl_typesupport_fastrtps_c.so[0m
[2.034s] [ 75%] Built target my_first_package__rosidl_typesupport_fastrtps_c
[2.056s] [ 75%] Built target my_first_package
[2.078s] [ 78%] Built target my_first_package__py
[2.088s] [35m[1mScanning dependencies of target my_first_package__python[0m
[2.104s] [ 80%] [32mBuilding C object CMakeFiles/my_first_package__python.dir/rosidl_generator_py/my_first_package/srv/_set_goal_s.c.o[0m
[2.105s] [ 82%] [32mBuilding C object CMakeFiles/my_first_package__python.dir/rosidl_generator_py/my_first_package/srv/_rand_goal_s.c.o[0m
[2.180s] [ 85%] [32m[1mLinking C shared library rosidl_generator_py/my_first_package/libmy_first_package__python.so[0m
[2.219s] [ 85%] Built target my_first_package__python
[2.229s] [35m[1mScanning dependencies of target my_first_package__rosidl_typesupport_introspection_c__pyext[0m
[2.229s] [35m[1mScanning dependencies of target my_first_package__rosidl_typesupport_c__pyext[0m
[2.230s] [35m[1mScanning dependencies of target my_first_package__rosidl_typesupport_fastrtps_c__pyext[0m
[2.242s] [ 87%] [32mBuilding C object CMakeFiles/my_first_package__rosidl_typesupport_c__pyext.dir/rosidl_generator_py/my_first_package/_my_first_package_s.ep.rosidl_typesupport_c.c.o[0m
[2.243s] [ 90%] [32mBuilding C object CMakeFiles/my_first_package__rosidl_typesupport_introspection_c__pyext.dir/rosidl_generator_py/my_first_package/_my_first_package_s.ep.rosidl_typesupport_introspection_c.c.o[0m
[2.246s] [ 92%] [32mBuilding C object CMakeFiles/my_first_package__rosidl_typesupport_fastrtps_c__pyext.dir/rosidl_generator_py/my_first_package/_my_first_package_s.ep.rosidl_typesupport_fastrtps_c.c.o[0m
[2.311s] [ 95%] [32m[1mLinking C shared library rosidl_generator_py/my_first_package/my_first_package_s__rosidl_typesupport_c.cpython-38-x86_64-linux-gnu.so[0m
[2.312s] [ 97%] [32m[1mLinking C shared library rosidl_generator_py/my_first_package/my_first_package_s__rosidl_typesupport_introspection_c.cpython-38-x86_64-linux-gnu.so[0m
[2.321s] [100%] [32m[1mLinking CXX shared library rosidl_generator_py/my_first_package/my_first_package_s__rosidl_typesupport_fastrtps_c.cpython-38-x86_64-linux-gnu.so[0m
[2.341s] [100%] Built target my_first_package__rosidl_typesupport_c__pyext
[2.343s] [100%] Built target my_first_package__rosidl_typesupport_introspection_c__pyext
[2.377s] [100%] Built target my_first_package__rosidl_typesupport_fastrtps_c__pyext
[2.390s] Invoked command in '/home/ronnakon/FRA333-KINEMATICS/ROS_Directory/fra333_ws/build/my_first_package' returned '0': CMAKE_PREFIX_PATH=${CMAKE_PREFIX_PATH}:/opt/ros/foxy /usr/bin/cmake --build /home/ronnakon/FRA333-KINEMATICS/ROS_Directory/fra333_ws/build/my_first_package -- -j12 -l12
[2.450s] Invoking command in '/home/ronnakon/FRA333-KINEMATICS/ROS_Directory/fra333_ws/build/my_first_package': CMAKE_PREFIX_PATH=${CMAKE_PREFIX_PATH}:/opt/ros/foxy /usr/bin/cmake --install /home/ronnakon/FRA333-KINEMATICS/ROS_Directory/fra333_ws/build/my_first_package
[2.459s] -- Install configuration: ""
[2.460s] -- Execute custom install script
[2.460s] -- Up-to-date symlink: /home/ronnakon/FRA333-KINEMATICS/ROS_Directory/fra333_ws/install/my_first_package/share/my_first_package/environment/pythonpath.sh
[2.460s] -- Up-to-date symlink: /home/ronnakon/FRA333-KINEMATICS/ROS_Directory/fra333_ws/install/my_first_package/share/my_first_package/environment/pythonpath.dsv
[2.461s] -- Symlinking: /home/ronnakon/FRA333-KINEMATICS/ROS_Directory/fra333_ws/install/my_first_package/lib/python3.8/site-packages/my_first_package/__init__.py
[2.470s] -- Up-to-date symlink: /home/ronnakon/FRA333-KINEMATICS/ROS_Directory/fra333_ws/install/my_first_package/lib/my_first_package/01_pub.py
[2.470s] -- Up-to-date symlink: /home/ronnakon/FRA333-KINEMATICS/ROS_Directory/fra333_ws/install/my_first_package/lib/my_first_package/01_sub.py
[2.471s] -- Up-to-date symlink: /home/ronnakon/FRA333-KINEMATICS/ROS_Directory/fra333_ws/install/my_first_package/lib/my_first_package/02_controller.py
[2.471s] -- Up-to-date symlink: /home/ronnakon/FRA333-KINEMATICS/ROS_Directory/fra333_ws/install/my_first_package/lib/my_first_package/02_scheduler.py
[2.471s] -- Up-to-date symlink: /home/ronnakon/FRA333-KINEMATICS/ROS_Directory/fra333_ws/install/my_first_package/lib/my_first_package/03_turtle_tf2_broadcaster.py
[2.471s] -- Up-to-date symlink: /home/ronnakon/FRA333-KINEMATICS/ROS_Directory/fra333_ws/install/my_first_package/lib/my_first_package/04_state_pub.py
[2.472s] -- Up-to-date symlink: /home/ronnakon/FRA333-KINEMATICS/ROS_Directory/fra333_ws/install/my_first_package/lib/my_first_package/cpp_node_test
[2.472s] -- Up-to-date symlink: /home/ronnakon/FRA333-KINEMATICS/ROS_Directory/fra333_ws/install/my_first_package/share/ament_index/resource_index/rosidl_interfaces/my_first_package
[2.473s] -- Up-to-date symlink: /home/ronnakon/FRA333-KINEMATICS/ROS_Directory/fra333_ws/install/my_first_package/include/my_first_package/msg/rosidl_generator_c__visibility_control.h
[2.473s] -- Up-to-date symlink: /home/ronnakon/FRA333-KINEMATICS/ROS_Directory/fra333_ws/install/my_first_package/include/my_first_package/srv/detail/rand_goal__functions.h
[2.473s] -- Up-to-date symlink: /home/ronnakon/FRA333-KINEMATICS/ROS_Directory/fra333_ws/install/my_first_package/include/my_first_package/srv/detail/rand_goal__struct.h
[2.473s] -- Up-to-date symlink: /home/ronnakon/FRA333-KINEMATICS/ROS_Directory/fra333_ws/install/my_first_package/include/my_first_package/srv/detail/rand_goal__type_support.h
[2.474s] -- Up-to-date symlink: /home/ronnakon/FRA333-KINEMATICS/ROS_Directory/fra333_ws/install/my_first_package/include/my_first_package/srv/detail/set_goal__functions.h
[2.474s] -- Up-to-date symlink: /home/ronnakon/FRA333-KINEMATICS/ROS_Directory/fra333_ws/install/my_first_package/include/my_first_package/srv/detail/set_goal__struct.h
[2.474s] -- Up-to-date symlink: /home/ronnakon/FRA333-KINEMATICS/ROS_Directory/fra333_ws/install/my_first_package/include/my_first_package/srv/detail/set_goal__type_support.h
[2.474s] -- Up-to-date symlink: /home/ronnakon/FRA333-KINEMATICS/ROS_Directory/fra333_ws/install/my_first_package/include/my_first_package/srv/rand_goal.h
[2.474s] -- Up-to-date symlink: /home/ronnakon/FRA333-KINEMATICS/ROS_Directory/fra333_ws/install/my_first_package/include/my_first_package/srv/set_goal.h
[2.475s] -- Up-to-date symlink: /home/ronnakon/FRA333-KINEMATICS/ROS_Directory/fra333_ws/install/my_first_package/share/my_first_package/environment/library_path.sh
[2.475s] -- Up-to-date symlink: /home/ronnakon/FRA333-KINEMATICS/ROS_Directory/fra333_ws/install/my_first_package/share/my_first_package/environment/library_path.dsv
[2.476s] -- Up-to-date symlink: /home/ronnakon/FRA333-KINEMATICS/ROS_Directory/fra333_ws/install/my_first_package/include/my_first_package/msg/rosidl_typesupport_fastrtps_c__visibility_control.h
[2.476s] -- Up-to-date symlink: /home/ronnakon/FRA333-KINEMATICS/ROS_Directory/fra333_ws/install/my_first_package/include/my_first_package/srv/detail/rand_goal__rosidl_typesupport_fastrtps_c.h
[2.476s] -- Up-to-date symlink: /home/ronnakon/FRA333-KINEMATICS/ROS_Directory/fra333_ws/install/my_first_package/include/my_first_package/srv/detail/set_goal__rosidl_typesupport_fastrtps_c.h
[2.477s] -- Up-to-date symlink: /home/ronnakon/FRA333-KINEMATICS/ROS_Directory/fra333_ws/install/my_first_package/lib/libmy_first_package__rosidl_typesupport_fastrtps_c.so
[2.478s] -- Up-to-date symlink: /home/ronnakon/FRA333-KINEMATICS/ROS_Directory/fra333_ws/install/my_first_package/include/my_first_package/msg/rosidl_typesupport_fastrtps_cpp__visibility_control.h
[2.478s] -- Up-to-date symlink: /home/ronnakon/FRA333-KINEMATICS/ROS_Directory/fra333_ws/install/my_first_package/include/my_first_package/srv/detail/rand_goal__rosidl_typesupport_fastrtps_cpp.hpp
[2.478s] -- Up-to-date symlink: /home/ronnakon/FRA333-KINEMATICS/ROS_Directory/fra333_ws/install/my_first_package/include/my_first_package/srv/detail/set_goal__rosidl_typesupport_fastrtps_cpp.hpp
[2.478s] -- Up-to-date symlink: /home/ronnakon/FRA333-KINEMATICS/ROS_Directory/fra333_ws/install/my_first_package/lib/libmy_first_package__rosidl_typesupport_fastrtps_cpp.so
[2.479s] -- Up-to-date symlink: /home/ronnakon/FRA333-KINEMATICS/ROS_Directory/fra333_ws/install/my_first_package/include/my_first_package/msg/rosidl_typesupport_introspection_c__visibility_control.h
[2.479s] -- Up-to-date symlink: /home/ronnakon/FRA333-KINEMATICS/ROS_Directory/fra333_ws/install/my_first_package/include/my_first_package/srv/detail/rand_goal__rosidl_typesupport_introspection_c.h
[2.479s] -- Up-to-date symlink: /home/ronnakon/FRA333-KINEMATICS/ROS_Directory/fra333_ws/install/my_first_package/include/my_first_package/srv/detail/set_goal__rosidl_typesupport_introspection_c.h
[2.479s] -- Up-to-date symlink: /home/ronnakon/FRA333-KINEMATICS/ROS_Directory/fra333_ws/install/my_first_package/include/my_first_package/srv/detail/rand_goal__builder.hpp
[2.480s] -- Up-to-date symlink: /home/ronnakon/FRA333-KINEMATICS/ROS_Directory/fra333_ws/install/my_first_package/include/my_first_package/srv/detail/rand_goal__struct.hpp
[2.480s] -- Up-to-date symlink: /home/ronnakon/FRA333-KINEMATICS/ROS_Directory/fra333_ws/install/my_first_package/include/my_first_package/srv/detail/rand_goal__traits.hpp
[2.480s] -- Up-to-date symlink: /home/ronnakon/FRA333-KINEMATICS/ROS_Directory/fra333_ws/install/my_first_package/include/my_first_package/srv/detail/set_goal__builder.hpp
[2.480s] -- Up-to-date symlink: /home/ronnakon/FRA333-KINEMATICS/ROS_Directory/fra333_ws/install/my_first_package/include/my_first_package/srv/detail/set_goal__struct.hpp
[2.480s] -- Up-to-date symlink: /home/ronnakon/FRA333-KINEMATICS/ROS_Directory/fra333_ws/install/my_first_package/include/my_first_package/srv/detail/set_goal__traits.hpp
[2.480s] -- Up-to-date symlink: /home/ronnakon/FRA333-KINEMATICS/ROS_Directory/fra333_ws/install/my_first_package/include/my_first_package/srv/rand_goal.hpp
[2.480s] -- Up-to-date symlink: /home/ronnakon/FRA333-KINEMATICS/ROS_Directory/fra333_ws/install/my_first_package/include/my_first_package/srv/set_goal.hpp
[2.481s] -- Up-to-date symlink: /home/ronnakon/FRA333-KINEMATICS/ROS_Directory/fra333_ws/install/my_first_package/include/my_first_package/srv/detail/rand_goal__rosidl_typesupport_introspection_cpp.hpp
[2.481s] -- Up-to-date symlink: /home/ronnakon/FRA333-KINEMATICS/ROS_Directory/fra333_ws/install/my_first_package/include/my_first_package/srv/detail/set_goal__rosidl_typesupport_introspection_cpp.hpp
[2.481s] -- Symlinking: /home/ronnakon/FRA333-KINEMATICS/ROS_Directory/fra333_ws/install/my_first_package/lib/python3.8/site-packages/my_first_package/__init__.py
[2.492s] -- Up-to-date symlink: /home/ronnakon/FRA333-KINEMATICS/ROS_Directory/fra333_ws/install/my_first_package/lib/python3.8/site-packages/my_first_package/srv/__init__.py
[2.492s] -- Up-to-date symlink: /home/ronnakon/FRA333-KINEMATICS/ROS_Directory/fra333_ws/install/my_first_package/lib/python3.8/site-packages/my_first_package/srv/_rand_goal.py
[2.492s] -- Up-to-date symlink: /home/ronnakon/FRA333-KINEMATICS/ROS_Directory/fra333_ws/install/my_first_package/lib/python3.8/site-packages/my_first_package/srv/_set_goal.py
[2.493s] -- Up-to-date symlink: /home/ronnakon/FRA333-KINEMATICS/ROS_Directory/fra333_ws/install/my_first_package/lib/python3.8/site-packages/my_first_package/my_first_package_s__rosidl_typesupport_fastrtps_c.cpython-38-x86_64-linux-gnu.so
[2.493s] -- Up-to-date symlink: /home/ronnakon/FRA333-KINEMATICS/ROS_Directory/fra333_ws/install/my_first_package/lib/python3.8/site-packages/my_first_package/my_first_package_s__rosidl_typesupport_introspection_c.cpython-38-x86_64-linux-gnu.so
[2.493s] -- Up-to-date symlink: /home/ronnakon/FRA333-KINEMATICS/ROS_Directory/fra333_ws/install/my_first_package/lib/python3.8/site-packages/my_first_package/my_first_package_s__rosidl_typesupport_c.cpython-38-x86_64-linux-gnu.so
[2.494s] -- Up-to-date symlink: /home/ronnakon/FRA333-KINEMATICS/ROS_Directory/fra333_ws/install/my_first_package/lib/libmy_first_package__python.so
[2.494s] -- Up-to-date symlink: /home/ronnakon/FRA333-KINEMATICS/ROS_Directory/fra333_ws/install/my_first_package/share/my_first_package/srv/RandGoal.idl
[2.494s] -- Up-to-date symlink: /home/ronnakon/FRA333-KINEMATICS/ROS_Directory/fra333_ws/install/my_first_package/share/my_first_package/srv/SetGoal.idl
[2.495s] -- Up-to-date symlink: /home/ronnakon/FRA333-KINEMATICS/ROS_Directory/fra333_ws/install/my_first_package/share/my_first_package/srv/RandGoal.srv
[2.495s] -- Up-to-date symlink: /home/ronnakon/FRA333-KINEMATICS/ROS_Directory/fra333_ws/install/my_first_package/share/my_first_package/srv/RandGoal_Request.msg
[2.495s] -- Up-to-date symlink: /home/ronnakon/FRA333-KINEMATICS/ROS_Directory/fra333_ws/install/my_first_package/share/my_first_package/srv/RandGoal_Response.msg
[2.495s] -- Up-to-date symlink: /home/ronnakon/FRA333-KINEMATICS/ROS_Directory/fra333_ws/install/my_first_package/share/my_first_package/srv/SetGoal.srv
[2.496s] -- Up-to-date symlink: /home/ronnakon/FRA333-KINEMATICS/ROS_Directory/fra333_ws/install/my_first_package/share/my_first_package/srv/SetGoal_Request.msg
[2.496s] -- Up-to-date symlink: /home/ronnakon/FRA333-KINEMATICS/ROS_Directory/fra333_ws/install/my_first_package/share/my_first_package/srv/SetGoal_Response.msg
[2.497s] -- Up-to-date symlink: /home/ronnakon/FRA333-KINEMATICS/ROS_Directory/fra333_ws/install/my_first_package/share/my_first_package/launch/02_via_point_follower.launch.py
[2.497s] -- Up-to-date symlink: /home/ronnakon/FRA333-KINEMATICS/ROS_Directory/fra333_ws/install/my_first_package/share/my_first_package/launch/04_robot_state_publisher.launch.py
[2.497s] -- Symlinking: /home/ronnakon/FRA333-KINEMATICS/ROS_Directory/fra333_ws/install/my_first_package/share/my_first_package/launch/06_myrobot_state_publisher.launch .py
[2.506s] -- Up-to-date symlink: /home/ronnakon/FRA333-KINEMATICS/ROS_Directory/fra333_ws/install/my_first_package/share/my_first_package/urdf/myrobot.urdf.xml
[2.506s] -- Up-to-date symlink: /home/ronnakon/FRA333-KINEMATICS/ROS_Directory/fra333_ws/install/my_first_package/share/my_first_package/urdf/r2d2.urdf.xml
[2.506s] -- Up-to-date symlink: /home/ronnakon/FRA333-KINEMATICS/ROS_Directory/fra333_ws/install/my_first_package/share/my_first_package/rviz/r2d2.rviz
[2.506s] -- Up-to-date symlink: /home/ronnakon/FRA333-KINEMATICS/ROS_Directory/fra333_ws/install/my_first_package/share/ament_index/resource_index/package_run_dependencies/my_first_package
[2.506s] -- Up-to-date symlink: /home/ronnakon/FRA333-KINEMATICS/ROS_Directory/fra333_ws/install/my_first_package/share/ament_index/resource_index/parent_prefix_path/my_first_package
[2.507s] -- Up-to-date symlink: /home/ronnakon/FRA333-KINEMATICS/ROS_Directory/fra333_ws/install/my_first_package/share/my_first_package/environment/ament_prefix_path.sh
[2.507s] -- Up-to-date symlink: /home/ronnakon/FRA333-KINEMATICS/ROS_Directory/fra333_ws/install/my_first_package/share/my_first_package/environment/ament_prefix_path.dsv
[2.507s] -- Up-to-date symlink: /home/ronnakon/FRA333-KINEMATICS/ROS_Directory/fra333_ws/install/my_first_package/share/my_first_package/environment/path.sh
[2.507s] -- Up-to-date symlink: /home/ronnakon/FRA333-KINEMATICS/ROS_Directory/fra333_ws/install/my_first_package/share/my_first_package/environment/path.dsv
[2.507s] -- Up-to-date symlink: /home/ronnakon/FRA333-KINEMATICS/ROS_Directory/fra333_ws/install/my_first_package/share/my_first_package/local_setup.bash
[2.508s] -- Up-to-date symlink: /home/ronnakon/FRA333-KINEMATICS/ROS_Directory/fra333_ws/install/my_first_package/share/my_first_package/local_setup.sh
[2.508s] -- Up-to-date symlink: /home/ronnakon/FRA333-KINEMATICS/ROS_Directory/fra333_ws/install/my_first_package/share/my_first_package/local_setup.zsh
[2.508s] -- Up-to-date symlink: /home/ronnakon/FRA333-KINEMATICS/ROS_Directory/fra333_ws/install/my_first_package/share/my_first_package/local_setup.dsv
[2.508s] -- Symlinking: /home/ronnakon/FRA333-KINEMATICS/ROS_Directory/fra333_ws/install/my_first_package/share/my_first_package/package.dsv
[2.518s] -- Up-to-date symlink: /home/ronnakon/FRA333-KINEMATICS/ROS_Directory/fra333_ws/install/my_first_package/share/ament_index/resource_index/packages/my_first_package
[2.519s] -- Up-to-date symlink: /home/ronnakon/FRA333-KINEMATICS/ROS_Directory/fra333_ws/install/my_first_package/share/my_first_package/cmake/rosidl_cmake-extras.cmake
[2.519s] -- Up-to-date symlink: /home/ronnakon/FRA333-KINEMATICS/ROS_Directory/fra333_ws/install/my_first_package/share/my_first_package/cmake/ament_cmake_export_dependencies-extras.cmake
[2.519s] -- Up-to-date symlink: /home/ronnakon/FRA333-KINEMATICS/ROS_Directory/fra333_ws/install/my_first_package/share/my_first_package/cmake/ament_cmake_export_libraries-extras.cmake
[2.519s] -- Up-to-date symlink: /home/ronnakon/FRA333-KINEMATICS/ROS_Directory/fra333_ws/install/my_first_package/share/my_first_package/cmake/ament_cmake_export_targets-extras.cmake
[2.520s] -- Up-to-date symlink: /home/ronnakon/FRA333-KINEMATICS/ROS_Directory/fra333_ws/install/my_first_package/share/my_first_package/cmake/ament_cmake_export_include_directories-extras.cmake
[2.520s] -- Up-to-date symlink: /home/ronnakon/FRA333-KINEMATICS/ROS_Directory/fra333_ws/install/my_first_package/share/my_first_package/cmake/rosidl_cmake_export_typesupport_libraries-extras.cmake
[2.520s] -- Up-to-date symlink: /home/ronnakon/FRA333-KINEMATICS/ROS_Directory/fra333_ws/install/my_first_package/share/my_first_package/cmake/rosidl_cmake_export_typesupport_targets-extras.cmake
[2.521s] -- Up-to-date symlink: /home/ronnakon/FRA333-KINEMATICS/ROS_Directory/fra333_ws/install/my_first_package/share/my_first_package/cmake/my_first_packageConfig.cmake
[2.521s] -- Up-to-date symlink: /home/ronnakon/FRA333-KINEMATICS/ROS_Directory/fra333_ws/install/my_first_package/share/my_first_package/cmake/my_first_packageConfig-version.cmake
[2.521s] -- Up-to-date symlink: /home/ronnakon/FRA333-KINEMATICS/ROS_Directory/fra333_ws/install/my_first_package/share/my_first_package/package.xml
[2.549s] Listing '/home/ronnakon/FRA333-KINEMATICS/ROS_Directory/fra333_ws/install/my_first_package/lib/python3.8/site-packages/my_first_package'...
[2.549s] Compiling '/home/ronnakon/FRA333-KINEMATICS/ROS_Directory/fra333_ws/install/my_first_package/lib/python3.8/site-packages/my_first_package/__init__.py'...
[2.549s] Listing '/home/ronnakon/FRA333-KINEMATICS/ROS_Directory/fra333_ws/install/my_first_package/lib/python3.8/site-packages/my_first_package/srv'...
[2.549s] Compiling '/home/ronnakon/FRA333-KINEMATICS/ROS_Directory/fra333_ws/install/my_first_package/lib/python3.8/site-packages/my_first_package/srv/__init__.py'...
[2.550s] Compiling '/home/ronnakon/FRA333-KINEMATICS/ROS_Directory/fra333_ws/install/my_first_package/lib/python3.8/site-packages/my_first_package/srv/_rand_goal.py'...
[2.550s] Compiling '/home/ronnakon/FRA333-KINEMATICS/ROS_Directory/fra333_ws/install/my_first_package/lib/python3.8/site-packages/my_first_package/srv/_set_goal.py'...
[2.553s] -- Installing: /home/ronnakon/FRA333-KINEMATICS/ROS_Directory/fra333_ws/install/my_first_package/lib/libmy_first_package__rosidl_generator_c.so
[2.553s] -- Set runtime path of "/home/ronnakon/FRA333-KINEMATICS/ROS_Directory/fra333_ws/install/my_first_package/lib/libmy_first_package__rosidl_generator_c.so" to ""
[2.554s] -- Installing: /home/ronnakon/FRA333-KINEMATICS/ROS_Directory/fra333_ws/install/my_first_package/lib/libmy_first_package__rosidl_typesupport_introspection_c.so
[2.554s] -- Set runtime path of "/home/ronnakon/FRA333-KINEMATICS/ROS_Directory/fra333_ws/install/my_first_package/lib/libmy_first_package__rosidl_typesupport_introspection_c.so" to ""
[2.555s] -- Installing: /home/ronnakon/FRA333-KINEMATICS/ROS_Directory/fra333_ws/install/my_first_package/lib/libmy_first_package__rosidl_typesupport_c.so
[2.555s] -- Set runtime path of "/home/ronnakon/FRA333-KINEMATICS/ROS_Directory/fra333_ws/install/my_first_package/lib/libmy_first_package__rosidl_typesupport_c.so" to ""
[2.556s] -- Installing: /home/ronnakon/FRA333-KINEMATICS/ROS_Directory/fra333_ws/install/my_first_package/lib/libmy_first_package__rosidl_typesupport_introspection_cpp.so
[2.557s] -- Set runtime path of "/home/ronnakon/FRA333-KINEMATICS/ROS_Directory/fra333_ws/install/my_first_package/lib/libmy_first_package__rosidl_typesupport_introspection_cpp.so" to ""
[2.557s] -- Installing: /home/ronnakon/FRA333-KINEMATICS/ROS_Directory/fra333_ws/install/my_first_package/lib/libmy_first_package__rosidl_typesupport_cpp.so
[2.558s] -- Set runtime path of "/home/ronnakon/FRA333-KINEMATICS/ROS_Directory/fra333_ws/install/my_first_package/lib/libmy_first_package__rosidl_typesupport_cpp.so" to ""
[2.583s] -- Up-to-date: /home/ronnakon/FRA333-KINEMATICS/ROS_Directory/fra333_ws/install/my_first_package/share/my_first_package/cmake/my_first_package__rosidl_generator_cExport.cmake
[2.583s] -- Installing: /home/ronnakon/FRA333-KINEMATICS/ROS_Directory/fra333_ws/install/my_first_package/share/my_first_package/cmake/my_first_package__rosidl_generator_cExport-noconfig.cmake
[2.584s] -- Up-to-date: /home/ronnakon/FRA333-KINEMATICS/ROS_Directory/fra333_ws/install/my_first_package/share/my_first_package/cmake/my_first_package__rosidl_typesupport_introspection_cExport.cmake
[2.584s] -- Installing: /home/ronnakon/FRA333-KINEMATICS/ROS_Directory/fra333_ws/install/my_first_package/share/my_first_package/cmake/my_first_package__rosidl_typesupport_introspection_cExport-noconfig.cmake
[2.584s] -- Up-to-date: /home/ronnakon/FRA333-KINEMATICS/ROS_Directory/fra333_ws/install/my_first_package/share/my_first_package/cmake/my_first_package__rosidl_typesupport_cExport.cmake
[2.584s] -- Installing: /home/ronnakon/FRA333-KINEMATICS/ROS_Directory/fra333_ws/install/my_first_package/share/my_first_package/cmake/my_first_package__rosidl_typesupport_cExport-noconfig.cmake
[2.585s] -- Up-to-date: /home/ronnakon/FRA333-KINEMATICS/ROS_Directory/fra333_ws/install/my_first_package/share/my_first_package/cmake/my_first_package__rosidl_generator_cppExport.cmake
[2.585s] -- Up-to-date: /home/ronnakon/FRA333-KINEMATICS/ROS_Directory/fra333_ws/install/my_first_package/share/my_first_package/cmake/my_first_package__rosidl_typesupport_introspection_cppExport.cmake
[2.585s] -- Installing: /home/ronnakon/FRA333-KINEMATICS/ROS_Directory/fra333_ws/install/my_first_package/share/my_first_package/cmake/my_first_package__rosidl_typesupport_introspection_cppExport-noconfig.cmake
[2.586s] -- Up-to-date: /home/ronnakon/FRA333-KINEMATICS/ROS_Directory/fra333_ws/install/my_first_package/share/my_first_package/cmake/my_first_package__rosidl_typesupport_cppExport.cmake
[2.586s] -- Installing: /home/ronnakon/FRA333-KINEMATICS/ROS_Directory/fra333_ws/install/my_first_package/share/my_first_package/cmake/my_first_package__rosidl_typesupport_cppExport-noconfig.cmake
[2.588s] Invoked command in '/home/ronnakon/FRA333-KINEMATICS/ROS_Directory/fra333_ws/build/my_first_package' returned '0': CMAKE_PREFIX_PATH=${CMAKE_PREFIX_PATH}:/opt/ros/foxy /usr/bin/cmake --install /home/ronnakon/FRA333-KINEMATICS/ROS_Directory/fra333_ws/build/my_first_package
