[0.016s] Invoking command in '/home/ronnakon/FRA333-KINEMATICS/fra333_lab2_23_1/build/romeona_kinematics_interfaces': CMAKE_PREFIX_PATH=${CMAKE_PREFIX_PATH}:/opt/ros/foxy /usr/bin/cmake /home/ronnakon/FRA333-KINEMATICS/fra333_lab2_23_1/src/romeona_kinematics_interfaces -DAMENT_CMAKE_SYMLINK_INSTALL=1 -DCMAKE_INSTALL_PREFIX=/home/ronnakon/FRA333-KINEMATICS/fra333_lab2_23_1/install/romeona_kinematics_interfaces
[0.118s] -- The C compiler identification is GNU 9.4.0
[0.200s] -- The CXX compiler identification is GNU 9.4.0
[0.206s] -- Check for working C compiler: /usr/bin/cc
[0.260s] -- Check for working C compiler: /usr/bin/cc -- works
[0.262s] -- Detecting C compiler ABI info
[0.318s] -- Detecting C compiler ABI info - done
[0.331s] -- Detecting C compile features
[0.331s] -- Detecting C compile features - done
[0.334s] -- Check for working CXX compiler: /usr/bin/c++
[0.402s] -- Check for working CXX compiler: /usr/bin/c++ -- works
[0.403s] -- Detecting CXX compiler ABI info
[0.462s] -- Detecting CXX compiler ABI info - done
[0.475s] -- Detecting CXX compile features
[0.476s] -- Detecting CXX compile features - done
[0.480s] -- Found ament_cmake: 0.9.9 (/opt/ros/foxy/share/ament_cmake/cmake)
[0.506s] -- Found PythonInterp: /usr/bin/python3 (found suitable version "3.8.10", minimum required is "3") 
[0.506s] -- Using PYTHON_EXECUTABLE: /usr/bin/python3
[0.627s] -- Override CMake install command with custom implementation using symlinks instead of copying resources
[0.656s] -- Found ament_lint_auto: 0.9.6 (/opt/ros/foxy/share/ament_lint_auto/cmake)
[0.717s] -- Found rosidl_default_generators: 1.0.1 (/opt/ros/foxy/share/rosidl_default_generators/cmake)
[0.720s] -- Using all available rosidl_typesupport_c: rosidl_typesupport_fastrtps_c;rosidl_typesupport_introspection_c
[0.725s] -- Found rosidl_adapter: 1.2.1 (/opt/ros/foxy/share/rosidl_adapter/cmake)
[0.808s] -- Found OpenSSL: /usr/lib/x86_64-linux-gnu/libcrypto.so (found version "1.1.1f")  
[0.839s] -- Found FastRTPS: /opt/ros/foxy/include  
[0.912s] -- Using all available rosidl_typesupport_cpp: rosidl_typesupport_fastrtps_cpp;rosidl_typesupport_introspection_cpp
[0.935s] -- Found geometry_msgs: 2.0.5 (/opt/ros/foxy/share/geometry_msgs/cmake)
[1.000s] -- Found sensor_msgs: 2.0.5 (/opt/ros/foxy/share/sensor_msgs/cmake)
[1.082s] -- Found PythonInterp: /usr/bin/python3 (found version "3.8.10") 
[1.254s] -- Found ament_cmake_ros: 0.9.2 (/opt/ros/foxy/share/ament_cmake_ros/cmake)
[1.525s] -- Using all available rosidl_typesupport_c: rosidl_typesupport_fastrtps_c;rosidl_typesupport_introspection_c
[1.657s] -- Using all available rosidl_typesupport_cpp: rosidl_typesupport_fastrtps_cpp;rosidl_typesupport_introspection_cpp
[1.684s] -- Found PythonInterp: /usr/bin/python3 (found suitable version "3.8.10", minimum required is "3.5") 
[1.687s] -- Found python_cmake_module: 0.8.1 (/opt/ros/foxy/share/python_cmake_module/cmake)
[1.719s] -- Found PythonLibs: /usr/lib/x86_64-linux-gnu/libpython3.8.so (found suitable version "3.8.10", minimum required is "3.5") 
[1.719s] -- Using PYTHON_EXECUTABLE: /usr/bin/python3
[1.719s] -- Using PYTHON_INCLUDE_DIRS: /usr/include/python3.8
[1.720s] -- Using PYTHON_LIBRARIES: /usr/lib/x86_64-linux-gnu/libpython3.8.so
[1.734s] -- Found PythonExtra: .so  
[1.837s] -- Added test 'copyright' to check source files copyright and LICENSE
[1.838s] -- Added test 'lint_cmake' to check CMake code style
[1.839s] -- Added test 'xmllint' to check XML markup files
[1.846s] -- Configuring done
[1.904s] -- Generating done
[1.906s] -- Build files have been written to: /home/ronnakon/FRA333-KINEMATICS/fra333_lab2_23_1/build/romeona_kinematics_interfaces
[1.912s] Invoked command in '/home/ronnakon/FRA333-KINEMATICS/fra333_lab2_23_1/build/romeona_kinematics_interfaces' returned '0': CMAKE_PREFIX_PATH=${CMAKE_PREFIX_PATH}:/opt/ros/foxy /usr/bin/cmake /home/ronnakon/FRA333-KINEMATICS/fra333_lab2_23_1/src/romeona_kinematics_interfaces -DAMENT_CMAKE_SYMLINK_INSTALL=1 -DCMAKE_INSTALL_PREFIX=/home/ronnakon/FRA333-KINEMATICS/fra333_lab2_23_1/install/romeona_kinematics_interfaces
[1.915s] Invoking command in '/home/ronnakon/FRA333-KINEMATICS/fra333_lab2_23_1/build/romeona_kinematics_interfaces': CMAKE_PREFIX_PATH=${CMAKE_PREFIX_PATH}:/opt/ros/foxy /usr/bin/cmake --build /home/ronnakon/FRA333-KINEMATICS/fra333_lab2_23_1/build/romeona_kinematics_interfaces -- -j12 -l12
[1.956s] [  2%] [34m[1mGenerating C code for ROS interfaces[0m
[1.957s] [35m[1mScanning dependencies of target romeona_kinematics_interfaces__cpp[0m
[1.965s] [  5%] [34m[1mGenerating C++ code for ROS interfaces[0m
[2.221s] [35m[1mScanning dependencies of target romeona_kinematics_interfaces__rosidl_generator_c[0m
[2.227s] [  5%] Built target romeona_kinematics_interfaces__cpp
[2.234s] [  7%] [34m[1mGenerating C++ type support dispatch for ROS interfaces[0m
[2.236s] [ 10%] [34m[1mGenerating C++ introspection for ROS interfaces[0m
[2.237s] [ 12%] [34m[1mGenerating C++ type support for eProsima Fast-RTPS[0m
[2.240s] [ 15%] [32mBuilding C object CMakeFiles/romeona_kinematics_interfaces__rosidl_generator_c.dir/rosidl_generator_c/romeona_kinematics_interfaces/srv/detail/solve_ik__functions.c.o[0m
[2.241s] [ 17%] [32mBuilding C object CMakeFiles/romeona_kinematics_interfaces__rosidl_generator_c.dir/rosidl_generator_c/romeona_kinematics_interfaces/srv/detail/get_position__functions.c.o[0m
[2.284s] [ 20%] [32m[1mLinking C shared library libromeona_kinematics_interfaces__rosidl_generator_c.so[0m
[2.334s] [ 20%] Built target romeona_kinematics_interfaces__rosidl_generator_c
[2.343s] [ 23%] [34m[1mGenerating C introspection for ROS interfaces[0m
[2.347s] [ 25%] [34m[1mGenerating C type support dispatch for ROS interfaces[0m
[2.496s] [35m[1mScanning dependencies of target romeona_kinematics_interfaces__rosidl_typesupport_fastrtps_cpp[0m
[2.523s] [ 30%] [32mBuilding CXX object CMakeFiles/romeona_kinematics_interfaces__rosidl_typesupport_fastrtps_cpp.dir/rosidl_typesupport_fastrtps_cpp/romeona_kinematics_interfaces/srv/detail/dds_fastrtps/get_position__type_support.cpp.o[0m
[2.523s] [ 30%] [32mBuilding CXX object CMakeFiles/romeona_kinematics_interfaces__rosidl_typesupport_fastrtps_cpp.dir/rosidl_typesupport_fastrtps_cpp/romeona_kinematics_interfaces/srv/detail/dds_fastrtps/solve_ik__type_support.cpp.o[0m
[2.539s] [35m[1mScanning dependencies of target romeona_kinematics_interfaces__rosidl_typesupport_cpp[0m
[2.551s] [ 35%] [32mBuilding CXX object CMakeFiles/romeona_kinematics_interfaces__rosidl_typesupport_cpp.dir/rosidl_typesupport_cpp/romeona_kinematics_interfaces/srv/solve_ik__type_support.cpp.o[0m
[2.551s] [ 35%] [32mBuilding CXX object CMakeFiles/romeona_kinematics_interfaces__rosidl_typesupport_cpp.dir/rosidl_typesupport_cpp/romeona_kinematics_interfaces/srv/get_position__type_support.cpp.o[0m
[2.559s] [35m[1mScanning dependencies of target romeona_kinematics_interfaces__rosidl_typesupport_c[0m
[2.563s] [35m[1mScanning dependencies of target romeona_kinematics_interfaces__rosidl_typesupport_introspection_cpp[0m
[2.571s] [ 38%] [32mBuilding CXX object CMakeFiles/romeona_kinematics_interfaces__rosidl_typesupport_c.dir/rosidl_typesupport_c/romeona_kinematics_interfaces/srv/get_position__type_support.cpp.o[0m
[2.574s] [ 41%] [32mBuilding CXX object CMakeFiles/romeona_kinematics_interfaces__rosidl_typesupport_c.dir/rosidl_typesupport_c/romeona_kinematics_interfaces/srv/solve_ik__type_support.cpp.o[0m
[2.580s] [ 46%] [32mBuilding CXX object CMakeFiles/romeona_kinematics_interfaces__rosidl_typesupport_introspection_cpp.dir/rosidl_typesupport_introspection_cpp/romeona_kinematics_interfaces/srv/detail/solve_ik__type_support.cpp.o[0m
[2.580s] [ 46%] [32mBuilding CXX object CMakeFiles/romeona_kinematics_interfaces__rosidl_typesupport_introspection_cpp.dir/rosidl_typesupport_introspection_cpp/romeona_kinematics_interfaces/srv/detail/get_position__type_support.cpp.o[0m
[2.593s] [35m[1mScanning dependencies of target romeona_kinematics_interfaces__rosidl_typesupport_introspection_c[0m
[2.602s] [ 48%] [32m[1mLinking CXX shared library libromeona_kinematics_interfaces__rosidl_typesupport_c.so[0m
[2.612s] [ 51%] [32mBuilding C object CMakeFiles/romeona_kinematics_interfaces__rosidl_typesupport_introspection_c.dir/rosidl_typesupport_introspection_c/romeona_kinematics_interfaces/srv/detail/solve_ik__type_support.c.o[0m
[2.613s] [ 53%] [32mBuilding C object CMakeFiles/romeona_kinematics_interfaces__rosidl_typesupport_introspection_c.dir/rosidl_typesupport_introspection_c/romeona_kinematics_interfaces/srv/detail/get_position__type_support.c.o[0m
[2.643s] [ 53%] Built target romeona_kinematics_interfaces__rosidl_typesupport_c
[2.649s] [ 56%] [32m[1mLinking C shared library libromeona_kinematics_interfaces__rosidl_typesupport_introspection_c.so[0m
[2.683s] [ 56%] Built target romeona_kinematics_interfaces__rosidl_typesupport_introspection_c
[2.784s] [ 58%] [32m[1mLinking CXX shared library libromeona_kinematics_interfaces__rosidl_typesupport_cpp.so[0m
[2.820s] [ 58%] Built target romeona_kinematics_interfaces__rosidl_typesupport_cpp
[2.875s] [ 61%] [32m[1mLinking CXX shared library libromeona_kinematics_interfaces__rosidl_typesupport_introspection_cpp.so[0m
[2.893s] [ 64%] [32m[1mLinking CXX shared library libromeona_kinematics_interfaces__rosidl_typesupport_fastrtps_cpp.so[0m
[2.928s] [ 64%] Built target romeona_kinematics_interfaces__rosidl_typesupport_introspection_cpp
[2.964s] [ 64%] Built target romeona_kinematics_interfaces__rosidl_typesupport_fastrtps_cpp
[2.975s] [ 66%] [34m[1mGenerating C type support for eProsima Fast-RTPS[0m
[3.222s] [35m[1mScanning dependencies of target romeona_kinematics_interfaces__rosidl_typesupport_fastrtps_c[0m
[3.242s] [ 69%] [32mBuilding CXX object CMakeFiles/romeona_kinematics_interfaces__rosidl_typesupport_fastrtps_c.dir/rosidl_typesupport_fastrtps_c/romeona_kinematics_interfaces/srv/detail/solve_ik__type_support_c.cpp.o[0m
[3.243s] [ 71%] [32mBuilding CXX object CMakeFiles/romeona_kinematics_interfaces__rosidl_typesupport_fastrtps_c.dir/rosidl_typesupport_fastrtps_c/romeona_kinematics_interfaces/srv/detail/get_position__type_support_c.cpp.o[0m
[3.504s] [ 74%] [32m[1mLinking CXX shared library libromeona_kinematics_interfaces__rosidl_typesupport_fastrtps_c.so[0m
[3.575s] [ 74%] Built target romeona_kinematics_interfaces__rosidl_typesupport_fastrtps_c
[3.585s] [35m[1mScanning dependencies of target romeona_kinematics_interfaces[0m
[3.597s] [ 74%] Built target romeona_kinematics_interfaces
[3.608s] [35m[1mScanning dependencies of target romeona_kinematics_interfaces__py[0m
[3.616s] [ 76%] [34m[1mGenerating Python code for ROS interfaces[0m
[4.133s] [ 76%] Built target romeona_kinematics_interfaces__py
[4.143s] [35m[1mScanning dependencies of target romeona_kinematics_interfaces__python[0m
[4.176s] [ 82%] [32mBuilding C object CMakeFiles/romeona_kinematics_interfaces__python.dir/rosidl_generator_py/romeona_kinematics_interfaces/srv/_get_position_s.c.o[0m
[4.176s] [ 82%] [32mBuilding C object CMakeFiles/romeona_kinematics_interfaces__python.dir/rosidl_generator_py/romeona_kinematics_interfaces/srv/_solve_ik_s.c.o[0m
[4.257s] [ 84%] [32m[1mLinking C shared library rosidl_generator_py/romeona_kinematics_interfaces/libromeona_kinematics_interfaces__python.so[0m
[4.301s] [ 84%] Built target romeona_kinematics_interfaces__python
[4.312s] [35m[1mScanning dependencies of target romeona_kinematics_interfaces__rosidl_typesupport_c__pyext[0m
[4.313s] [35m[1mScanning dependencies of target romeona_kinematics_interfaces__rosidl_typesupport_introspection_c__pyext[0m
[4.313s] [35m[1mScanning dependencies of target romeona_kinematics_interfaces__rosidl_typesupport_fastrtps_c__pyext[0m
[4.329s] [ 87%] [32mBuilding C object CMakeFiles/romeona_kinematics_interfaces__rosidl_typesupport_introspection_c__pyext.dir/rosidl_generator_py/romeona_kinematics_interfaces/_romeona_kinematics_interfaces_s.ep.rosidl_typesupport_introspection_c.c.o[0m
[4.330s] [ 89%] [32mBuilding C object CMakeFiles/romeona_kinematics_interfaces__rosidl_typesupport_c__pyext.dir/rosidl_generator_py/romeona_kinematics_interfaces/_romeona_kinematics_interfaces_s.ep.rosidl_typesupport_c.c.o[0m
[4.331s] [ 92%] [32mBuilding C object CMakeFiles/romeona_kinematics_interfaces__rosidl_typesupport_fastrtps_c__pyext.dir/rosidl_generator_py/romeona_kinematics_interfaces/_romeona_kinematics_interfaces_s.ep.rosidl_typesupport_fastrtps_c.c.o[0m
[4.401s] [ 94%] [32m[1mLinking C shared library rosidl_generator_py/romeona_kinematics_interfaces/romeona_kinematics_interfaces_s__rosidl_typesupport_c.cpython-38-x86_64-linux-gnu.so[0m
[4.401s] [ 97%] [32m[1mLinking C shared library rosidl_generator_py/romeona_kinematics_interfaces/romeona_kinematics_interfaces_s__rosidl_typesupport_introspection_c.cpython-38-x86_64-linux-gnu.so[0m
[4.406s] [100%] [32m[1mLinking CXX shared library rosidl_generator_py/romeona_kinematics_interfaces/romeona_kinematics_interfaces_s__rosidl_typesupport_fastrtps_c.cpython-38-x86_64-linux-gnu.so[0m
[4.439s] [100%] Built target romeona_kinematics_interfaces__rosidl_typesupport_introspection_c__pyext
[4.441s] [100%] Built target romeona_kinematics_interfaces__rosidl_typesupport_c__pyext
[4.462s] [100%] Built target romeona_kinematics_interfaces__rosidl_typesupport_fastrtps_c__pyext
[4.474s] Invoked command in '/home/ronnakon/FRA333-KINEMATICS/fra333_lab2_23_1/build/romeona_kinematics_interfaces' returned '0': CMAKE_PREFIX_PATH=${CMAKE_PREFIX_PATH}:/opt/ros/foxy /usr/bin/cmake --build /home/ronnakon/FRA333-KINEMATICS/fra333_lab2_23_1/build/romeona_kinematics_interfaces -- -j12 -l12
[4.525s] Invoking command in '/home/ronnakon/FRA333-KINEMATICS/fra333_lab2_23_1/build/romeona_kinematics_interfaces': CMAKE_PREFIX_PATH=${CMAKE_PREFIX_PATH}:/opt/ros/foxy /usr/bin/cmake --install /home/ronnakon/FRA333-KINEMATICS/fra333_lab2_23_1/build/romeona_kinematics_interfaces
[4.533s] -- Install configuration: ""
[4.534s] -- Execute custom install script
[4.534s] -- Symlinking: /home/ronnakon/FRA333-KINEMATICS/fra333_lab2_23_1/install/romeona_kinematics_interfaces/share/ament_index/resource_index/rosidl_interfaces/romeona_kinematics_interfaces
[4.544s] -- Symlinking: /home/ronnakon/FRA333-KINEMATICS/fra333_lab2_23_1/install/romeona_kinematics_interfaces/include/romeona_kinematics_interfaces/msg/rosidl_generator_c__visibility_control.h
[4.549s] -- Symlinking: /home/ronnakon/FRA333-KINEMATICS/fra333_lab2_23_1/install/romeona_kinematics_interfaces/include/romeona_kinematics_interfaces/srv/detail/get_position__functions.h
[4.555s] -- Symlinking: /home/ronnakon/FRA333-KINEMATICS/fra333_lab2_23_1/install/romeona_kinematics_interfaces/include/romeona_kinematics_interfaces/srv/detail/get_position__struct.h
[4.560s] -- Symlinking: /home/ronnakon/FRA333-KINEMATICS/fra333_lab2_23_1/install/romeona_kinematics_interfaces/include/romeona_kinematics_interfaces/srv/detail/get_position__type_support.h
[4.565s] -- Symlinking: /home/ronnakon/FRA333-KINEMATICS/fra333_lab2_23_1/install/romeona_kinematics_interfaces/include/romeona_kinematics_interfaces/srv/detail/solve_ik__functions.h
[4.571s] -- Symlinking: /home/ronnakon/FRA333-KINEMATICS/fra333_lab2_23_1/install/romeona_kinematics_interfaces/include/romeona_kinematics_interfaces/srv/detail/solve_ik__struct.h
[4.576s] -- Symlinking: /home/ronnakon/FRA333-KINEMATICS/fra333_lab2_23_1/install/romeona_kinematics_interfaces/include/romeona_kinematics_interfaces/srv/detail/solve_ik__type_support.h
[4.581s] -- Symlinking: /home/ronnakon/FRA333-KINEMATICS/fra333_lab2_23_1/install/romeona_kinematics_interfaces/include/romeona_kinematics_interfaces/srv/get_position.h
[4.587s] -- Symlinking: /home/ronnakon/FRA333-KINEMATICS/fra333_lab2_23_1/install/romeona_kinematics_interfaces/include/romeona_kinematics_interfaces/srv/solve_ik.h
[4.593s] -- Symlinking: /home/ronnakon/FRA333-KINEMATICS/fra333_lab2_23_1/install/romeona_kinematics_interfaces/share/romeona_kinematics_interfaces/environment/library_path.sh
[4.598s] -- Symlinking: /home/ronnakon/FRA333-KINEMATICS/fra333_lab2_23_1/install/romeona_kinematics_interfaces/share/romeona_kinematics_interfaces/environment/library_path.dsv
[4.604s] -- Symlinking: /home/ronnakon/FRA333-KINEMATICS/fra333_lab2_23_1/install/romeona_kinematics_interfaces/include/romeona_kinematics_interfaces/msg/rosidl_typesupport_fastrtps_c__visibility_control.h
[4.610s] -- Symlinking: /home/ronnakon/FRA333-KINEMATICS/fra333_lab2_23_1/install/romeona_kinematics_interfaces/include/romeona_kinematics_interfaces/srv/detail/get_position__rosidl_typesupport_fastrtps_c.h
[4.616s] -- Symlinking: /home/ronnakon/FRA333-KINEMATICS/fra333_lab2_23_1/install/romeona_kinematics_interfaces/include/romeona_kinematics_interfaces/srv/detail/solve_ik__rosidl_typesupport_fastrtps_c.h
[4.622s] -- Symlinking: /home/ronnakon/FRA333-KINEMATICS/fra333_lab2_23_1/install/romeona_kinematics_interfaces/lib/libromeona_kinematics_interfaces__rosidl_typesupport_fastrtps_c.so
[4.628s] -- Symlinking: /home/ronnakon/FRA333-KINEMATICS/fra333_lab2_23_1/install/romeona_kinematics_interfaces/include/romeona_kinematics_interfaces/msg/rosidl_typesupport_fastrtps_cpp__visibility_control.h
[4.633s] -- Symlinking: /home/ronnakon/FRA333-KINEMATICS/fra333_lab2_23_1/install/romeona_kinematics_interfaces/include/romeona_kinematics_interfaces/srv/detail/get_position__rosidl_typesupport_fastrtps_cpp.hpp
[4.639s] -- Symlinking: /home/ronnakon/FRA333-KINEMATICS/fra333_lab2_23_1/install/romeona_kinematics_interfaces/include/romeona_kinematics_interfaces/srv/detail/solve_ik__rosidl_typesupport_fastrtps_cpp.hpp
[4.644s] -- Symlinking: /home/ronnakon/FRA333-KINEMATICS/fra333_lab2_23_1/install/romeona_kinematics_interfaces/lib/libromeona_kinematics_interfaces__rosidl_typesupport_fastrtps_cpp.so
[4.650s] -- Symlinking: /home/ronnakon/FRA333-KINEMATICS/fra333_lab2_23_1/install/romeona_kinematics_interfaces/include/romeona_kinematics_interfaces/msg/rosidl_typesupport_introspection_c__visibility_control.h
[4.656s] -- Symlinking: /home/ronnakon/FRA333-KINEMATICS/fra333_lab2_23_1/install/romeona_kinematics_interfaces/include/romeona_kinematics_interfaces/srv/detail/get_position__rosidl_typesupport_introspection_c.h
[4.661s] -- Symlinking: /home/ronnakon/FRA333-KINEMATICS/fra333_lab2_23_1/install/romeona_kinematics_interfaces/include/romeona_kinematics_interfaces/srv/detail/solve_ik__rosidl_typesupport_introspection_c.h
[4.671s] -- Symlinking: /home/ronnakon/FRA333-KINEMATICS/fra333_lab2_23_1/install/romeona_kinematics_interfaces/include/romeona_kinematics_interfaces/srv/detail/get_position__builder.hpp
[4.680s] -- Symlinking: /home/ronnakon/FRA333-KINEMATICS/fra333_lab2_23_1/install/romeona_kinematics_interfaces/include/romeona_kinematics_interfaces/srv/detail/get_position__struct.hpp
[4.688s] -- Symlinking: /home/ronnakon/FRA333-KINEMATICS/fra333_lab2_23_1/install/romeona_kinematics_interfaces/include/romeona_kinematics_interfaces/srv/detail/get_position__traits.hpp
[4.693s] -- Symlinking: /home/ronnakon/FRA333-KINEMATICS/fra333_lab2_23_1/install/romeona_kinematics_interfaces/include/romeona_kinematics_interfaces/srv/detail/solve_ik__builder.hpp
[4.699s] -- Symlinking: /home/ronnakon/FRA333-KINEMATICS/fra333_lab2_23_1/install/romeona_kinematics_interfaces/include/romeona_kinematics_interfaces/srv/detail/solve_ik__struct.hpp
[4.704s] -- Symlinking: /home/ronnakon/FRA333-KINEMATICS/fra333_lab2_23_1/install/romeona_kinematics_interfaces/include/romeona_kinematics_interfaces/srv/detail/solve_ik__traits.hpp
[4.710s] -- Symlinking: /home/ronnakon/FRA333-KINEMATICS/fra333_lab2_23_1/install/romeona_kinematics_interfaces/include/romeona_kinematics_interfaces/srv/get_position.hpp
[4.716s] -- Symlinking: /home/ronnakon/FRA333-KINEMATICS/fra333_lab2_23_1/install/romeona_kinematics_interfaces/include/romeona_kinematics_interfaces/srv/solve_ik.hpp
[4.727s] -- Symlinking: /home/ronnakon/FRA333-KINEMATICS/fra333_lab2_23_1/install/romeona_kinematics_interfaces/include/romeona_kinematics_interfaces/srv/detail/get_position__rosidl_typesupport_introspection_cpp.hpp
[4.736s] -- Symlinking: /home/ronnakon/FRA333-KINEMATICS/fra333_lab2_23_1/install/romeona_kinematics_interfaces/include/romeona_kinematics_interfaces/srv/detail/solve_ik__rosidl_typesupport_introspection_cpp.hpp
[4.741s] -- Symlinking: /home/ronnakon/FRA333-KINEMATICS/fra333_lab2_23_1/install/romeona_kinematics_interfaces/share/romeona_kinematics_interfaces/environment/pythonpath.sh
[4.747s] -- Symlinking: /home/ronnakon/FRA333-KINEMATICS/fra333_lab2_23_1/install/romeona_kinematics_interfaces/share/romeona_kinematics_interfaces/environment/pythonpath.dsv
[4.753s] -- Symlinking: /home/ronnakon/FRA333-KINEMATICS/fra333_lab2_23_1/install/romeona_kinematics_interfaces/lib/python3.8/site-packages/romeona_kinematics_interfaces/__init__.py
[4.759s] -- Symlinking: /home/ronnakon/FRA333-KINEMATICS/fra333_lab2_23_1/install/romeona_kinematics_interfaces/lib/python3.8/site-packages/romeona_kinematics_interfaces/srv/__init__.py
[4.764s] -- Symlinking: /home/ronnakon/FRA333-KINEMATICS/fra333_lab2_23_1/install/romeona_kinematics_interfaces/lib/python3.8/site-packages/romeona_kinematics_interfaces/srv/_get_position.py
[4.771s] -- Symlinking: /home/ronnakon/FRA333-KINEMATICS/fra333_lab2_23_1/install/romeona_kinematics_interfaces/lib/python3.8/site-packages/romeona_kinematics_interfaces/srv/_solve_ik.py
[4.779s] -- Symlinking: /home/ronnakon/FRA333-KINEMATICS/fra333_lab2_23_1/install/romeona_kinematics_interfaces/lib/python3.8/site-packages/romeona_kinematics_interfaces/romeona_kinematics_interfaces_s__rosidl_typesupport_fastrtps_c.cpython-38-x86_64-linux-gnu.so
[4.784s] -- Symlinking: /home/ronnakon/FRA333-KINEMATICS/fra333_lab2_23_1/install/romeona_kinematics_interfaces/lib/python3.8/site-packages/romeona_kinematics_interfaces/romeona_kinematics_interfaces_s__rosidl_typesupport_introspection_c.cpython-38-x86_64-linux-gnu.so
[4.790s] -- Symlinking: /home/ronnakon/FRA333-KINEMATICS/fra333_lab2_23_1/install/romeona_kinematics_interfaces/lib/python3.8/site-packages/romeona_kinematics_interfaces/romeona_kinematics_interfaces_s__rosidl_typesupport_c.cpython-38-x86_64-linux-gnu.so
[4.796s] -- Symlinking: /home/ronnakon/FRA333-KINEMATICS/fra333_lab2_23_1/install/romeona_kinematics_interfaces/lib/libromeona_kinematics_interfaces__python.so
[4.802s] -- Symlinking: /home/ronnakon/FRA333-KINEMATICS/fra333_lab2_23_1/install/romeona_kinematics_interfaces/share/romeona_kinematics_interfaces/srv/GetPosition.idl
[4.807s] -- Symlinking: /home/ronnakon/FRA333-KINEMATICS/fra333_lab2_23_1/install/romeona_kinematics_interfaces/share/romeona_kinematics_interfaces/srv/SolveIK.idl
[4.812s] -- Symlinking: /home/ronnakon/FRA333-KINEMATICS/fra333_lab2_23_1/install/romeona_kinematics_interfaces/share/romeona_kinematics_interfaces/srv/GetPosition.srv
[4.818s] -- Symlinking: /home/ronnakon/FRA333-KINEMATICS/fra333_lab2_23_1/install/romeona_kinematics_interfaces/share/romeona_kinematics_interfaces/srv/GetPosition_Request.msg
[4.825s] -- Symlinking: /home/ronnakon/FRA333-KINEMATICS/fra333_lab2_23_1/install/romeona_kinematics_interfaces/share/romeona_kinematics_interfaces/srv/GetPosition_Response.msg
[4.830s] -- Symlinking: /home/ronnakon/FRA333-KINEMATICS/fra333_lab2_23_1/install/romeona_kinematics_interfaces/share/romeona_kinematics_interfaces/srv/SolveIK.srv
[4.836s] -- Symlinking: /home/ronnakon/FRA333-KINEMATICS/fra333_lab2_23_1/install/romeona_kinematics_interfaces/share/romeona_kinematics_interfaces/srv/SolveIK_Request.msg
[4.842s] -- Symlinking: /home/ronnakon/FRA333-KINEMATICS/fra333_lab2_23_1/install/romeona_kinematics_interfaces/share/romeona_kinematics_interfaces/srv/SolveIK_Response.msg
[4.847s] -- Symlinking: /home/ronnakon/FRA333-KINEMATICS/fra333_lab2_23_1/install/romeona_kinematics_interfaces/share/ament_index/resource_index/package_run_dependencies/romeona_kinematics_interfaces
[4.859s] -- Symlinking: /home/ronnakon/FRA333-KINEMATICS/fra333_lab2_23_1/install/romeona_kinematics_interfaces/share/ament_index/resource_index/parent_prefix_path/romeona_kinematics_interfaces
[4.868s] -- Symlinking: /home/ronnakon/FRA333-KINEMATICS/fra333_lab2_23_1/install/romeona_kinematics_interfaces/share/romeona_kinematics_interfaces/environment/ament_prefix_path.sh
[4.874s] -- Symlinking: /home/ronnakon/FRA333-KINEMATICS/fra333_lab2_23_1/install/romeona_kinematics_interfaces/share/romeona_kinematics_interfaces/environment/ament_prefix_path.dsv
[4.880s] -- Symlinking: /home/ronnakon/FRA333-KINEMATICS/fra333_lab2_23_1/install/romeona_kinematics_interfaces/share/romeona_kinematics_interfaces/environment/path.sh
[4.885s] -- Symlinking: /home/ronnakon/FRA333-KINEMATICS/fra333_lab2_23_1/install/romeona_kinematics_interfaces/share/romeona_kinematics_interfaces/environment/path.dsv
[4.894s] -- Symlinking: /home/ronnakon/FRA333-KINEMATICS/fra333_lab2_23_1/install/romeona_kinematics_interfaces/share/romeona_kinematics_interfaces/local_setup.bash
[4.902s] -- Symlinking: /home/ronnakon/FRA333-KINEMATICS/fra333_lab2_23_1/install/romeona_kinematics_interfaces/share/romeona_kinematics_interfaces/local_setup.sh
[4.909s] -- Symlinking: /home/ronnakon/FRA333-KINEMATICS/fra333_lab2_23_1/install/romeona_kinematics_interfaces/share/romeona_kinematics_interfaces/local_setup.zsh
[4.915s] -- Symlinking: /home/ronnakon/FRA333-KINEMATICS/fra333_lab2_23_1/install/romeona_kinematics_interfaces/share/romeona_kinematics_interfaces/local_setup.dsv
[4.923s] -- Symlinking: /home/ronnakon/FRA333-KINEMATICS/fra333_lab2_23_1/install/romeona_kinematics_interfaces/share/romeona_kinematics_interfaces/package.dsv
[4.931s] -- Symlinking: /home/ronnakon/FRA333-KINEMATICS/fra333_lab2_23_1/install/romeona_kinematics_interfaces/share/ament_index/resource_index/packages/romeona_kinematics_interfaces
[4.937s] -- Symlinking: /home/ronnakon/FRA333-KINEMATICS/fra333_lab2_23_1/install/romeona_kinematics_interfaces/share/romeona_kinematics_interfaces/cmake/rosidl_cmake-extras.cmake
[4.947s] -- Symlinking: /home/ronnakon/FRA333-KINEMATICS/fra333_lab2_23_1/install/romeona_kinematics_interfaces/share/romeona_kinematics_interfaces/cmake/ament_cmake_export_dependencies-extras.cmake
[4.955s] -- Symlinking: /home/ronnakon/FRA333-KINEMATICS/fra333_lab2_23_1/install/romeona_kinematics_interfaces/share/romeona_kinematics_interfaces/cmake/ament_cmake_export_libraries-extras.cmake
[4.961s] -- Symlinking: /home/ronnakon/FRA333-KINEMATICS/fra333_lab2_23_1/install/romeona_kinematics_interfaces/share/romeona_kinematics_interfaces/cmake/ament_cmake_export_targets-extras.cmake
[4.966s] -- Symlinking: /home/ronnakon/FRA333-KINEMATICS/fra333_lab2_23_1/install/romeona_kinematics_interfaces/share/romeona_kinematics_interfaces/cmake/ament_cmake_export_include_directories-extras.cmake
[4.972s] -- Symlinking: /home/ronnakon/FRA333-KINEMATICS/fra333_lab2_23_1/install/romeona_kinematics_interfaces/share/romeona_kinematics_interfaces/cmake/rosidl_cmake_export_typesupport_libraries-extras.cmake
[4.977s] -- Symlinking: /home/ronnakon/FRA333-KINEMATICS/fra333_lab2_23_1/install/romeona_kinematics_interfaces/share/romeona_kinematics_interfaces/cmake/rosidl_cmake_export_typesupport_targets-extras.cmake
[4.983s] -- Symlinking: /home/ronnakon/FRA333-KINEMATICS/fra333_lab2_23_1/install/romeona_kinematics_interfaces/share/romeona_kinematics_interfaces/cmake/romeona_kinematics_interfacesConfig.cmake
[4.988s] -- Symlinking: /home/ronnakon/FRA333-KINEMATICS/fra333_lab2_23_1/install/romeona_kinematics_interfaces/share/romeona_kinematics_interfaces/cmake/romeona_kinematics_interfacesConfig-version.cmake
[4.994s] -- Symlinking: /home/ronnakon/FRA333-KINEMATICS/fra333_lab2_23_1/install/romeona_kinematics_interfaces/share/romeona_kinematics_interfaces/package.xml
[5.000s] -- Installing: /home/ronnakon/FRA333-KINEMATICS/fra333_lab2_23_1/install/romeona_kinematics_interfaces/lib/libromeona_kinematics_interfaces__rosidl_generator_c.so
[5.000s] -- Set runtime path of "/home/ronnakon/FRA333-KINEMATICS/fra333_lab2_23_1/install/romeona_kinematics_interfaces/lib/libromeona_kinematics_interfaces__rosidl_generator_c.so" to ""
[5.000s] -- Installing: /home/ronnakon/FRA333-KINEMATICS/fra333_lab2_23_1/install/romeona_kinematics_interfaces/lib/libromeona_kinematics_interfaces__rosidl_typesupport_introspection_c.so
[5.001s] -- Set runtime path of "/home/ronnakon/FRA333-KINEMATICS/fra333_lab2_23_1/install/romeona_kinematics_interfaces/lib/libromeona_kinematics_interfaces__rosidl_typesupport_introspection_c.so" to ""
[5.001s] -- Installing: /home/ronnakon/FRA333-KINEMATICS/fra333_lab2_23_1/install/romeona_kinematics_interfaces/lib/libromeona_kinematics_interfaces__rosidl_typesupport_c.so
[5.001s] -- Set runtime path of "/home/ronnakon/FRA333-KINEMATICS/fra333_lab2_23_1/install/romeona_kinematics_interfaces/lib/libromeona_kinematics_interfaces__rosidl_typesupport_c.so" to ""
[5.002s] -- Installing: /home/ronnakon/FRA333-KINEMATICS/fra333_lab2_23_1/install/romeona_kinematics_interfaces/lib/libromeona_kinematics_interfaces__rosidl_typesupport_introspection_cpp.so
[5.002s] -- Set runtime path of "/home/ronnakon/FRA333-KINEMATICS/fra333_lab2_23_1/install/romeona_kinematics_interfaces/lib/libromeona_kinematics_interfaces__rosidl_typesupport_introspection_cpp.so" to ""
[5.002s] -- Installing: /home/ronnakon/FRA333-KINEMATICS/fra333_lab2_23_1/install/romeona_kinematics_interfaces/lib/libromeona_kinematics_interfaces__rosidl_typesupport_cpp.so
[5.003s] -- Set runtime path of "/home/ronnakon/FRA333-KINEMATICS/fra333_lab2_23_1/install/romeona_kinematics_interfaces/lib/libromeona_kinematics_interfaces__rosidl_typesupport_cpp.so" to ""
[5.025s] Compiling '/home/ronnakon/FRA333-KINEMATICS/fra333_lab2_23_1/install/romeona_kinematics_interfaces/lib/python3.8/site-packages/romeona_kinematics_interfaces/__init__.py'...
[5.027s] -- Installing: /home/ronnakon/FRA333-KINEMATICS/fra333_lab2_23_1/install/romeona_kinematics_interfaces/share/romeona_kinematics_interfaces/cmake/romeona_kinematics_interfaces__rosidl_generator_cExport.cmake
[5.027s] -- Installing: /home/ronnakon/FRA333-KINEMATICS/fra333_lab2_23_1/install/romeona_kinematics_interfaces/share/romeona_kinematics_interfaces/cmake/romeona_kinematics_interfaces__rosidl_generator_cExport-noconfig.cmake
[5.028s] -- Installing: /home/ronnakon/FRA333-KINEMATICS/fra333_lab2_23_1/install/romeona_kinematics_interfaces/share/romeona_kinematics_interfaces/cmake/romeona_kinematics_interfaces__rosidl_typesupport_introspection_cExport.cmake
[5.028s] -- Installing: /home/ronnakon/FRA333-KINEMATICS/fra333_lab2_23_1/install/romeona_kinematics_interfaces/share/romeona_kinematics_interfaces/cmake/romeona_kinematics_interfaces__rosidl_typesupport_introspection_cExport-noconfig.cmake
[5.028s] -- Installing: /home/ronnakon/FRA333-KINEMATICS/fra333_lab2_23_1/install/romeona_kinematics_interfaces/share/romeona_kinematics_interfaces/cmake/romeona_kinematics_interfaces__rosidl_typesupport_cExport.cmake
[5.028s] -- Installing: /home/ronnakon/FRA333-KINEMATICS/fra333_lab2_23_1/install/romeona_kinematics_interfaces/share/romeona_kinematics_interfaces/cmake/romeona_kinematics_interfaces__rosidl_typesupport_cExport-noconfig.cmake
[5.029s] -- Installing: /home/ronnakon/FRA333-KINEMATICS/fra333_lab2_23_1/install/romeona_kinematics_interfaces/share/romeona_kinematics_interfaces/cmake/romeona_kinematics_interfaces__rosidl_generator_cppExport.cmake
[5.029s] -- Installing: /home/ronnakon/FRA333-KINEMATICS/fra333_lab2_23_1/install/romeona_kinematics_interfaces/share/romeona_kinematics_interfaces/cmake/romeona_kinematics_interfaces__rosidl_typesupport_introspection_cppExport.cmake
[5.029s] -- Installing: /home/ronnakon/FRA333-KINEMATICS/fra333_lab2_23_1/install/romeona_kinematics_interfaces/share/romeona_kinematics_interfaces/cmake/romeona_kinematics_interfaces__rosidl_typesupport_introspection_cppExport-noconfig.cmake
[5.030s] -- Installing: /home/ronnakon/FRA333-KINEMATICS/fra333_lab2_23_1/install/romeona_kinematics_interfaces/share/romeona_kinematics_interfaces/cmake/romeona_kinematics_interfaces__rosidl_typesupport_cppExport.cmake
[5.030s] -- Installing: /home/ronnakon/FRA333-KINEMATICS/fra333_lab2_23_1/install/romeona_kinematics_interfaces/share/romeona_kinematics_interfaces/cmake/romeona_kinematics_interfaces__rosidl_typesupport_cppExport-noconfig.cmake
[5.035s] Invoked command in '/home/ronnakon/FRA333-KINEMATICS/fra333_lab2_23_1/build/romeona_kinematics_interfaces' returned '0': CMAKE_PREFIX_PATH=${CMAKE_PREFIX_PATH}:/opt/ros/foxy /usr/bin/cmake --install /home/ronnakon/FRA333-KINEMATICS/fra333_lab2_23_1/build/romeona_kinematics_interfaces
