[0.027s] Invoking command in '/home/ronnakon/FRA333-KINEMATICS/fra333_lab2_23_1/build/romeona_description': CMAKE_PREFIX_PATH=${CMAKE_PREFIX_PATH}:/opt/ros/foxy /usr/bin/cmake --build /home/ronnakon/FRA333-KINEMATICS/fra333_lab2_23_1/build/romeona_description -- -j12 -l12
[0.062s] Invoked command in '/home/ronnakon/FRA333-KINEMATICS/fra333_lab2_23_1/build/romeona_description' returned '0': CMAKE_PREFIX_PATH=${CMAKE_PREFIX_PATH}:/opt/ros/foxy /usr/bin/cmake --build /home/ronnakon/FRA333-KINEMATICS/fra333_lab2_23_1/build/romeona_description -- -j12 -l12
[0.087s] Invoking command in '/home/ronnakon/FRA333-KINEMATICS/fra333_lab2_23_1/build/romeona_description': CMAKE_PREFIX_PATH=${CMAKE_PREFIX_PATH}:/opt/ros/foxy /usr/bin/cmake --install /home/ronnakon/FRA333-KINEMATICS/fra333_lab2_23_1/build/romeona_description
[0.093s] -- Install configuration: ""
[0.094s] -- Execute custom install script
[0.094s] -- Up-to-date symlink: /home/ronnakon/FRA333-KINEMATICS/fra333_lab2_23_1/install/romeona_description/share/romeona_description/environment/pythonpath.sh
[0.094s] -- Up-to-date symlink: /home/ronnakon/FRA333-KINEMATICS/fra333_lab2_23_1/install/romeona_description/share/romeona_description/environment/pythonpath.dsv
[0.095s] -- Up-to-date symlink: /home/ronnakon/FRA333-KINEMATICS/fra333_lab2_23_1/install/romeona_description/lib/python3.8/site-packages/romeona_description/__init__.py
[0.095s] -- Up-to-date symlink: /home/ronnakon/FRA333-KINEMATICS/fra333_lab2_23_1/install/romeona_description/lib/python3.8/site-packages/romeona_description/romeona_module.py
[0.096s] -- Up-to-date symlink: /home/ronnakon/FRA333-KINEMATICS/fra333_lab2_23_1/install/romeona_description/lib/romeona_description/dummy_script.py
[0.096s] -- Up-to-date symlink: /home/ronnakon/FRA333-KINEMATICS/fra333_lab2_23_1/install/romeona_description/share/romeona_description/scripts/dummy_script.py
[0.097s] -- Up-to-date symlink: /home/ronnakon/FRA333-KINEMATICS/fra333_lab2_23_1/install/romeona_description/share/romeona_description/config/romeona.rviz
[0.097s] -- Up-to-date symlink: /home/ronnakon/FRA333-KINEMATICS/fra333_lab2_23_1/install/romeona_description/share/romeona_description/launch/.vscode/c_cpp_properties.json
[0.097s] -- Up-to-date symlink: /home/ronnakon/FRA333-KINEMATICS/fra333_lab2_23_1/install/romeona_description/share/romeona_description/launch/.vscode/settings.json
[0.097s] -- Up-to-date symlink: /home/ronnakon/FRA333-KINEMATICS/fra333_lab2_23_1/install/romeona_description/share/romeona_description/launch/display.launch.py
[0.098s] -- Up-to-date symlink: /home/ronnakon/FRA333-KINEMATICS/fra333_lab2_23_1/install/romeona_description/share/romeona_description/meshes/link_0.STL
[0.098s] -- Up-to-date symlink: /home/ronnakon/FRA333-KINEMATICS/fra333_lab2_23_1/install/romeona_description/share/romeona_description/meshes/link_1.STL
[0.098s] -- Up-to-date symlink: /home/ronnakon/FRA333-KINEMATICS/fra333_lab2_23_1/install/romeona_description/share/romeona_description/meshes/link_2.STL
[0.098s] -- Up-to-date symlink: /home/ronnakon/FRA333-KINEMATICS/fra333_lab2_23_1/install/romeona_description/share/romeona_description/meshes/link_3.STL
[0.099s] -- Up-to-date symlink: /home/ronnakon/FRA333-KINEMATICS/fra333_lab2_23_1/install/romeona_description/share/romeona_description/robot/romeona.xacro
[0.099s] -- Up-to-date symlink: /home/ronnakon/FRA333-KINEMATICS/fra333_lab2_23_1/install/romeona_description/share/ament_index/resource_index/package_run_dependencies/romeona_description
[0.099s] -- Up-to-date symlink: /home/ronnakon/FRA333-KINEMATICS/fra333_lab2_23_1/install/romeona_description/share/ament_index/resource_index/parent_prefix_path/romeona_description
[0.100s] -- Up-to-date symlink: /home/ronnakon/FRA333-KINEMATICS/fra333_lab2_23_1/install/romeona_description/share/romeona_description/environment/ament_prefix_path.sh
[0.100s] -- Up-to-date symlink: /home/ronnakon/FRA333-KINEMATICS/fra333_lab2_23_1/install/romeona_description/share/romeona_description/environment/ament_prefix_path.dsv
[0.100s] -- Up-to-date symlink: /home/ronnakon/FRA333-KINEMATICS/fra333_lab2_23_1/install/romeona_description/share/romeona_description/environment/path.sh
[0.100s] -- Up-to-date symlink: /home/ronnakon/FRA333-KINEMATICS/fra333_lab2_23_1/install/romeona_description/share/romeona_description/environment/path.dsv
[0.101s] -- Up-to-date symlink: /home/ronnakon/FRA333-KINEMATICS/fra333_lab2_23_1/install/romeona_description/share/romeona_description/local_setup.bash
[0.101s] -- Up-to-date symlink: /home/ronnakon/FRA333-KINEMATICS/fra333_lab2_23_1/install/romeona_description/share/romeona_description/local_setup.sh
[0.101s] -- Up-to-date symlink: /home/ronnakon/FRA333-KINEMATICS/fra333_lab2_23_1/install/romeona_description/share/romeona_description/local_setup.zsh
[0.101s] -- Up-to-date symlink: /home/ronnakon/FRA333-KINEMATICS/fra333_lab2_23_1/install/romeona_description/share/romeona_description/local_setup.dsv
[0.102s] -- Symlinking: /home/ronnakon/FRA333-KINEMATICS/fra333_lab2_23_1/install/romeona_description/share/romeona_description/package.dsv
[0.109s] -- Up-to-date symlink: /home/ronnakon/FRA333-KINEMATICS/fra333_lab2_23_1/install/romeona_description/share/ament_index/resource_index/packages/romeona_description
[0.109s] -- Up-to-date symlink: /home/ronnakon/FRA333-KINEMATICS/fra333_lab2_23_1/install/romeona_description/share/romeona_description/cmake/romeona_descriptionConfig.cmake
[0.109s] -- Up-to-date symlink: /home/ronnakon/FRA333-KINEMATICS/fra333_lab2_23_1/install/romeona_description/share/romeona_description/cmake/romeona_descriptionConfig-version.cmake
[0.110s] -- Up-to-date symlink: /home/ronnakon/FRA333-KINEMATICS/fra333_lab2_23_1/install/romeona_description/share/romeona_description/package.xml
[0.138s] Listing '/home/ronnakon/FRA333-KINEMATICS/fra333_lab2_23_1/install/romeona_description/lib/python3.8/site-packages/romeona_description'...
[0.152s] Invoked command in '/home/ronnakon/FRA333-KINEMATICS/fra333_lab2_23_1/build/romeona_description' returned '0': CMAKE_PREFIX_PATH=${CMAKE_PREFIX_PATH}:/opt/ros/foxy /usr/bin/cmake --install /home/ronnakon/FRA333-KINEMATICS/fra333_lab2_23_1/build/romeona_description
