[0.060s] Invoking command in '/home/ronnakon/FRA333-KINEMATICS/fra333_lab4-main/build/romeona_interfaces': CMAKE_PREFIX_PATH=/opt/ros/foxy /usr/bin/cmake /home/ronnakon/FRA333-KINEMATICS/fra333_lab4-main/lab4/romeona_interfaces -DAMENT_CMAKE_SYMLINK_INSTALL=1 -DCMAKE_INSTALL_PREFIX=/home/ronnakon/FRA333-KINEMATICS/fra333_lab4-main/install/romeona_interfaces
[0.294s] -- The C compiler identification is GNU 9.4.0
[0.471s] -- The CXX compiler identification is GNU 9.4.0
[0.487s] -- Check for working C compiler: /usr/bin/cc
[0.607s] -- Check for working C compiler: /usr/bin/cc -- works
[0.612s] -- Detecting C compiler ABI info
[0.748s] -- Detecting C compiler ABI info - done
[0.762s] -- Detecting C compile features
[0.762s] -- Detecting C compile features - done
[0.767s] -- Check for working CXX compiler: /usr/bin/c++
[0.897s] -- Check for working CXX compiler: /usr/bin/c++ -- works
[0.900s] -- Detecting CXX compiler ABI info
[1.049s] -- Detecting CXX compiler ABI info - done
[1.069s] -- Detecting CXX compile features
[1.070s] -- Detecting CXX compile features - done
[1.078s] -- Found ament_cmake: 0.9.11 (/opt/ros/foxy/share/ament_cmake/cmake)
[1.122s] -- Found PythonInterp: /usr/bin/python3 (found suitable version "3.8.10", minimum required is "3") 
[1.123s] -- Using PYTHON_EXECUTABLE: /usr/bin/python3
[1.486s] -- Override CMake install command with custom implementation using symlinks instead of copying resources
[1.521s] -- Found ament_lint_auto: 0.9.7 (/opt/ros/foxy/share/ament_lint_auto/cmake)
[1.647s] -- Found rosidl_default_generators: 1.0.1 (/opt/ros/foxy/share/rosidl_default_generators/cmake)
[1.651s] -- Using all available rosidl_typesupport_c: rosidl_typesupport_fastrtps_c;rosidl_typesupport_introspection_c
[1.662s] -- Found rosidl_adapter: 1.3.0 (/opt/ros/foxy/share/rosidl_adapter/cmake)
[1.822s] -- Found OpenSSL: /usr/lib/x86_64-linux-gnu/libcrypto.so (found version "1.1.1f")  
[1.875s] -- Found FastRTPS: /opt/ros/foxy/include  
[1.989s] -- Using all available rosidl_typesupport_cpp: rosidl_typesupport_fastrtps_cpp;rosidl_typesupport_introspection_cpp
[2.025s] -- Found geometry_msgs: 2.0.5 (/opt/ros/foxy/share/geometry_msgs/cmake)
[2.148s] -- Found sensor_msgs: 2.0.5 (/opt/ros/foxy/share/sensor_msgs/cmake)
[2.326s] -- Found PythonInterp: /usr/bin/python3 (found version "3.8.10") 
[2.666s] -- Found ament_cmake_ros: 0.9.2 (/opt/ros/foxy/share/ament_cmake_ros/cmake)
[3.550s] -- Using all available rosidl_typesupport_c: rosidl_typesupport_fastrtps_c;rosidl_typesupport_introspection_c
[3.883s] -- Using all available rosidl_typesupport_cpp: rosidl_typesupport_fastrtps_cpp;rosidl_typesupport_introspection_cpp
[3.936s] -- Found PythonInterp: /usr/bin/python3 (found suitable version "3.8.10", minimum required is "3.5") 
[3.937s] -- Found python_cmake_module: 0.8.1 (/opt/ros/foxy/share/python_cmake_module/cmake)
[3.980s] -- Found PythonLibs: /usr/lib/x86_64-linux-gnu/libpython3.8.so (found suitable version "3.8.10", minimum required is "3.5") 
[3.980s] -- Using PYTHON_EXECUTABLE: /usr/bin/python3
[3.981s] -- Using PYTHON_INCLUDE_DIRS: /usr/include/python3.8
[3.981s] -- Using PYTHON_LIBRARIES: /usr/lib/x86_64-linux-gnu/libpython3.8.so
[4.015s] -- Found PythonExtra: .so  
[4.184s] -- Added test 'copyright' to check source files copyright and LICENSE
[4.186s] -- Added test 'lint_cmake' to check CMake code style
[4.187s] -- Added test 'xmllint' to check XML markup files
[4.201s] -- Configuring done
[4.309s] -- Generating done
[4.314s] -- Build files have been written to: /home/ronnakon/FRA333-KINEMATICS/fra333_lab4-main/build/romeona_interfaces
