[0.016s] Invoking command in '/home/student26/fra333_ws/build/my_first_package': CMAKE_PREFIX_PATH=${CMAKE_PREFIX_PATH}:/opt/ros/foxy /usr/bin/cmake --build /home/student26/fra333_ws/build/my_first_package -- -j8 -l8
[0.073s] [  9%] Built target my_first_package__cpp
[0.073s] [ 12%] Built target my_first_package__rosidl_generator_c
[0.075s] [ 18%] Built target cpp_node_test
[0.096s] [ 36%] Built target my_first_package__rosidl_typesupport_c
[0.097s] [ 36%] Built target my_first_package__rosidl_typesupport_cpp
[0.097s] [ 45%] Built target my_first_package__rosidl_typesupport_introspection_c
[0.103s] [ 54%] Built target my_first_package__rosidl_typesupport_introspection_cpp
[0.104s] [ 63%] Built target my_first_package__rosidl_typesupport_fastrtps_cpp
[0.134s] [ 72%] Built target my_first_package__rosidl_typesupport_fastrtps_c
[0.156s] [ 72%] Built target my_first_package
[0.183s] [ 75%] Built target my_first_package__py
[0.214s] [ 81%] Built target my_first_package__python
[0.239s] [ 93%] Built target my_first_package__rosidl_typesupport_introspection_c__pyext
[0.240s] [ 93%] Built target my_first_package__rosidl_typesupport_fastrtps_c__pyext
[0.240s] [100%] Built target my_first_package__rosidl_typesupport_c__pyext
[0.252s] Invoked command in '/home/student26/fra333_ws/build/my_first_package' returned '0': CMAKE_PREFIX_PATH=${CMAKE_PREFIX_PATH}:/opt/ros/foxy /usr/bin/cmake --build /home/student26/fra333_ws/build/my_first_package -- -j8 -l8
[0.314s] Invoking command in '/home/student26/fra333_ws/build/my_first_package': CMAKE_PREFIX_PATH=${CMAKE_PREFIX_PATH}:/opt/ros/foxy /usr/bin/cmake --install /home/student26/fra333_ws/build/my_first_package
[0.323s] -- Install configuration: ""
[0.323s] -- Execute custom install script
[0.324s] -- Up-to-date symlink: /home/student26/fra333_ws/install/my_first_package/share/my_first_package/environment/pythonpath.sh
[0.324s] -- Up-to-date symlink: /home/student26/fra333_ws/install/my_first_package/share/my_first_package/environment/pythonpath.dsv
[0.325s] -- Up-to-date symlink: /home/student26/fra333_ws/install/my_first_package/lib/python3.8/site-packages/my_first_package/__init__.py
[0.325s] -- Up-to-date symlink: /home/student26/fra333_ws/install/my_first_package/lib/my_first_package/01_pub.py
[0.325s] -- Up-to-date symlink: /home/student26/fra333_ws/install/my_first_package/lib/my_first_package/01_sub.py
[0.326s] CMake Error at ament_cmake_symlink_install/ament_cmake_symlink_install.cmake:204 (message):
[0.326s]   ament_cmake_symlink_install_programs() can't find
[0.326s]   '/home/student26/fra333_ws/src/FRA333_Week2/scripts/02_contorller/py'
[0.326s] Call Stack (most recent call first):
[0.326s]   ament_cmake_symlink_install/ament_cmake_symlink_install.cmake:323 (ament_cmake_symlink_install_programs)
[0.326s]   cmake_install.cmake:41 (include)
[0.326s] 
[0.326s] 
[0.327s] Invoked command in '/home/student26/fra333_ws/build/my_first_package' returned '1': CMAKE_PREFIX_PATH=${CMAKE_PREFIX_PATH}:/opt/ros/foxy /usr/bin/cmake --install /home/student26/fra333_ws/build/my_first_package
