[0.044s] Invoking command in '/home/ronnakon/FRA333-KINEMATICS/fra333_lab1/lab1_ws/build/lab1': CMAKE_PREFIX_PATH=${CMAKE_PREFIX_PATH}:/opt/ros/foxy /usr/bin/cmake /home/ronnakon/FRA333-KINEMATICS/fra333_lab1/lab1_ws/src/lab1 -DCMAKE_INSTALL_PREFIX=/home/ronnakon/FRA333-KINEMATICS/fra333_lab1/lab1_ws/install/lab1
[0.228s] -- The C compiler identification is GNU 9.4.0
[0.374s] -- The CXX compiler identification is GNU 9.4.0
[0.381s] -- Check for working C compiler: /usr/bin/cc
[0.500s] -- Check for working C compiler: /usr/bin/cc -- works
[0.501s] -- Detecting C compiler ABI info
[0.630s] -- Detecting C compiler ABI info - done
[0.645s] -- Detecting C compile features
[0.646s] -- Detecting C compile features - done
[0.649s] -- Check for working CXX compiler: /usr/bin/c++
[0.768s] -- Check for working CXX compiler: /usr/bin/c++ -- works
[0.770s] -- Detecting CXX compiler ABI info
[0.881s] -- Detecting CXX compiler ABI info - done
[0.899s] -- Detecting CXX compile features
[0.899s] -- Detecting CXX compile features - done
[0.902s] -- Found ament_cmake: 0.9.9 (/opt/ros/foxy/share/ament_cmake/cmake)
[0.932s] -- Found PythonInterp: /usr/bin/python3 (found suitable version "3.8.10", minimum required is "3") 
[0.933s] -- Using PYTHON_EXECUTABLE: /usr/bin/python3
[1.236s] -- Found rclcpp: 2.4.1 (/opt/ros/foxy/share/rclcpp/cmake)
[1.305s] -- Using all available rosidl_typesupport_c: rosidl_typesupport_fastrtps_c;rosidl_typesupport_introspection_c
[1.319s] -- Found rosidl_adapter: 1.2.1 (/opt/ros/foxy/share/rosidl_adapter/cmake)
[1.448s] -- Found OpenSSL: /usr/lib/x86_64-linux-gnu/libcrypto.so (found version "1.1.1f")  
[1.497s] -- Found FastRTPS: /opt/ros/foxy/include  
[1.654s] -- Using all available rosidl_typesupport_cpp: rosidl_typesupport_fastrtps_cpp;rosidl_typesupport_introspection_cpp
[1.853s] -- Found rmw_implementation_cmake: 1.0.3 (/opt/ros/foxy/share/rmw_implementation_cmake/cmake)
[1.856s] -- Using RMW implementation 'rmw_fastrtps_cpp' as default
[1.860s] -- Looking for pthread.h
[2.022s] -- Looking for pthread.h - found
[2.023s] -- Performing Test CMAKE_HAVE_LIBC_PTHREAD
[2.173s] -- Performing Test CMAKE_HAVE_LIBC_PTHREAD - Failed
[2.173s] -- Looking for pthread_create in pthreads
[2.270s] -- Looking for pthread_create in pthreads - not found
[2.270s] -- Looking for pthread_create in pthread
[2.366s] -- Looking for pthread_create in pthread - found
[2.368s] -- Found Threads: TRUE  
[2.566s] -- Found rclpy: 1.0.8 (/opt/ros/foxy/share/rclpy/cmake)
[2.704s] -- Configuring done
[2.707s] -- Generating done
[2.708s] -- Build files have been written to: /home/ronnakon/FRA333-KINEMATICS/fra333_lab1/lab1_ws/build/lab1
