[0.116s] DEBUG:colcon:Command line arguments: ['/usr/bin/colcon', 'build', '--symlink-install']
[0.116s] DEBUG:colcon:Parsed command line arguments: Namespace(allow_overriding=[], ament_cmake_args=None, base_paths=['.'], build_base='build', catkin_cmake_args=None, catkin_skip_building_tests=False, cmake_args=None, cmake_clean_cache=False, cmake_clean_first=False, cmake_force_configure=False, cmake_target=None, cmake_target_skip_unavailable=False, continue_on_error=False, event_handlers=None, executor='parallel', ignore_user_meta=False, install_base='install', log_base=None, log_level=None, main=<bound method BuildVerb.main of <colcon_core.verb.build.BuildVerb object at 0x7fdf25cbe7c0>>, merge_install=False, metas=['./colcon.meta'], packages_above=None, packages_above_and_dependencies=None, packages_above_depth=None, packages_end=None, packages_ignore=None, packages_ignore_regex=None, packages_select=None, packages_select_build_failed=False, packages_select_by_dep=None, packages_select_regex=None, packages_select_test_failures=False, packages_skip=None, packages_skip_build_finished=False, packages_skip_by_dep=None, packages_skip_regex=None, packages_skip_test_passed=False, packages_skip_up_to=None, packages_start=None, packages_up_to=None, packages_up_to_regex=None, parallel_workers=12, paths=None, symlink_install=True, test_result_base=None, verb_extension=<colcon_core.verb.build.BuildVerb object at 0x7fdf25cbe7c0>, verb_name='build', verb_parser=<colcon_defaults.argument_parser.defaults.DefaultArgumentsDecorator object at 0x7fdf25cc84c0>)
[0.134s] Level 1:colcon.colcon_core.package_discovery:discover_packages(colcon_meta) check parameters
[0.134s] Level 1:colcon.colcon_core.package_discovery:discover_packages(recursive) check parameters
[0.134s] Level 1:colcon.colcon_core.package_discovery:discover_packages(ignore) check parameters
[0.134s] Level 1:colcon.colcon_core.package_discovery:discover_packages(path) check parameters
[0.134s] Level 1:colcon.colcon_core.package_discovery:discover_packages(colcon_meta) discover
[0.135s] Level 1:colcon.colcon_core.package_discovery:discover_packages(recursive) discover
[0.135s] INFO:colcon.colcon_core.package_discovery:Crawling recursively for packages in '/home/ronnakon/FRA333-KINEMATICS/FRA333-Assignment-lab2-template/lab2_ws'
[0.135s] Level 1:colcon.colcon_core.package_identification:_identify(.) by extensions ['ignore', 'ignore_ament_install']
[0.135s] Level 1:colcon.colcon_core.package_identification:_identify(.) by extension 'ignore'
[0.135s] Level 1:colcon.colcon_core.package_identification:_identify(.) by extension 'ignore_ament_install'
[0.135s] Level 1:colcon.colcon_core.package_identification:_identify(.) by extensions ['colcon_pkg']
[0.135s] Level 1:colcon.colcon_core.package_identification:_identify(.) by extension 'colcon_pkg'
[0.135s] Level 1:colcon.colcon_core.package_identification:_identify(.) by extensions ['colcon_meta']
[0.135s] Level 1:colcon.colcon_core.package_identification:_identify(.) by extension 'colcon_meta'
[0.135s] Level 1:colcon.colcon_core.package_identification:_identify(.) by extensions ['ros']
[0.135s] Level 1:colcon.colcon_core.package_identification:_identify(.) by extension 'ros'
[0.142s] Level 1:colcon.colcon_core.package_identification:_identify(.) by extensions ['cmake', 'python']
[0.143s] Level 1:colcon.colcon_core.package_identification:_identify(.) by extension 'cmake'
[0.143s] Level 1:colcon.colcon_core.package_identification:_identify(.) by extension 'python'
[0.143s] Level 1:colcon.colcon_core.package_identification:_identify(.) by extensions ['python_setup_py']
[0.143s] Level 1:colcon.colcon_core.package_identification:_identify(.) by extension 'python_setup_py'
[0.143s] Level 1:colcon.colcon_core.package_identification:_identify(build) by extensions ['ignore', 'ignore_ament_install']
[0.143s] Level 1:colcon.colcon_core.package_identification:_identify(build) by extension 'ignore'
[0.143s] Level 1:colcon.colcon_core.package_identification:_identify(build) ignored
[0.143s] Level 1:colcon.colcon_core.package_identification:_identify(install) by extensions ['ignore', 'ignore_ament_install']
[0.143s] Level 1:colcon.colcon_core.package_identification:_identify(install) by extension 'ignore'
[0.143s] Level 1:colcon.colcon_core.package_identification:_identify(install) ignored
[0.143s] Level 1:colcon.colcon_core.package_identification:_identify(log) by extensions ['ignore', 'ignore_ament_install']
[0.143s] Level 1:colcon.colcon_core.package_identification:_identify(log) by extension 'ignore'
[0.143s] Level 1:colcon.colcon_core.package_identification:_identify(log) ignored
[0.143s] Level 1:colcon.colcon_core.package_identification:_identify(src) by extensions ['ignore', 'ignore_ament_install']
[0.143s] Level 1:colcon.colcon_core.package_identification:_identify(src) by extension 'ignore'
[0.143s] Level 1:colcon.colcon_core.package_identification:_identify(src) by extension 'ignore_ament_install'
[0.143s] Level 1:colcon.colcon_core.package_identification:_identify(src) by extensions ['colcon_pkg']
[0.143s] Level 1:colcon.colcon_core.package_identification:_identify(src) by extension 'colcon_pkg'
[0.143s] Level 1:colcon.colcon_core.package_identification:_identify(src) by extensions ['colcon_meta']
[0.143s] Level 1:colcon.colcon_core.package_identification:_identify(src) by extension 'colcon_meta'
[0.143s] Level 1:colcon.colcon_core.package_identification:_identify(src) by extensions ['ros']
[0.143s] Level 1:colcon.colcon_core.package_identification:_identify(src) by extension 'ros'
[0.144s] Level 1:colcon.colcon_core.package_identification:_identify(src) by extensions ['cmake', 'python']
[0.144s] Level 1:colcon.colcon_core.package_identification:_identify(src) by extension 'cmake'
[0.144s] Level 1:colcon.colcon_core.package_identification:_identify(src) by extension 'python'
[0.144s] Level 1:colcon.colcon_core.package_identification:_identify(src) by extensions ['python_setup_py']
[0.144s] Level 1:colcon.colcon_core.package_identification:_identify(src) by extension 'python_setup_py'
[0.144s] Level 1:colcon.colcon_core.package_identification:_identify(src/doc) by extensions ['ignore', 'ignore_ament_install']
[0.144s] Level 1:colcon.colcon_core.package_identification:_identify(src/doc) by extension 'ignore'
[0.144s] Level 1:colcon.colcon_core.package_identification:_identify(src/doc) by extension 'ignore_ament_install'
[0.144s] Level 1:colcon.colcon_core.package_identification:_identify(src/doc) by extensions ['colcon_pkg']
[0.144s] Level 1:colcon.colcon_core.package_identification:_identify(src/doc) by extension 'colcon_pkg'
[0.144s] Level 1:colcon.colcon_core.package_identification:_identify(src/doc) by extensions ['colcon_meta']
[0.144s] Level 1:colcon.colcon_core.package_identification:_identify(src/doc) by extension 'colcon_meta'
[0.144s] Level 1:colcon.colcon_core.package_identification:_identify(src/doc) by extensions ['ros']
[0.144s] Level 1:colcon.colcon_core.package_identification:_identify(src/doc) by extension 'ros'
[0.144s] Level 1:colcon.colcon_core.package_identification:_identify(src/doc) by extensions ['cmake', 'python']
[0.144s] Level 1:colcon.colcon_core.package_identification:_identify(src/doc) by extension 'cmake'
[0.144s] Level 1:colcon.colcon_core.package_identification:_identify(src/doc) by extension 'python'
[0.144s] Level 1:colcon.colcon_core.package_identification:_identify(src/doc) by extensions ['python_setup_py']
[0.144s] Level 1:colcon.colcon_core.package_identification:_identify(src/doc) by extension 'python_setup_py'
[0.144s] Level 1:colcon.colcon_core.package_identification:_identify(src/doc/pic) by extensions ['ignore', 'ignore_ament_install']
[0.144s] Level 1:colcon.colcon_core.package_identification:_identify(src/doc/pic) by extension 'ignore'
[0.144s] Level 1:colcon.colcon_core.package_identification:_identify(src/doc/pic) by extension 'ignore_ament_install'
[0.144s] Level 1:colcon.colcon_core.package_identification:_identify(src/doc/pic) by extensions ['colcon_pkg']
[0.144s] Level 1:colcon.colcon_core.package_identification:_identify(src/doc/pic) by extension 'colcon_pkg'
[0.144s] Level 1:colcon.colcon_core.package_identification:_identify(src/doc/pic) by extensions ['colcon_meta']
[0.144s] Level 1:colcon.colcon_core.package_identification:_identify(src/doc/pic) by extension 'colcon_meta'
[0.144s] Level 1:colcon.colcon_core.package_identification:_identify(src/doc/pic) by extensions ['ros']
[0.144s] Level 1:colcon.colcon_core.package_identification:_identify(src/doc/pic) by extension 'ros'
[0.145s] Level 1:colcon.colcon_core.package_identification:_identify(src/doc/pic) by extensions ['cmake', 'python']
[0.145s] Level 1:colcon.colcon_core.package_identification:_identify(src/doc/pic) by extension 'cmake'
[0.145s] Level 1:colcon.colcon_core.package_identification:_identify(src/doc/pic) by extension 'python'
[0.145s] Level 1:colcon.colcon_core.package_identification:_identify(src/doc/pic) by extensions ['python_setup_py']
[0.145s] Level 1:colcon.colcon_core.package_identification:_identify(src/doc/pic) by extension 'python_setup_py'
[0.145s] Level 1:colcon.colcon_core.package_identification:_identify(src/robot_23_description) by extensions ['ignore', 'ignore_ament_install']
[0.145s] Level 1:colcon.colcon_core.package_identification:_identify(src/robot_23_description) by extension 'ignore'
[0.145s] Level 1:colcon.colcon_core.package_identification:_identify(src/robot_23_description) by extension 'ignore_ament_install'
[0.145s] Level 1:colcon.colcon_core.package_identification:_identify(src/robot_23_description) by extensions ['colcon_pkg']
[0.145s] Level 1:colcon.colcon_core.package_identification:_identify(src/robot_23_description) by extension 'colcon_pkg'
[0.145s] Level 1:colcon.colcon_core.package_identification:_identify(src/robot_23_description) by extensions ['colcon_meta']
[0.145s] Level 1:colcon.colcon_core.package_identification:_identify(src/robot_23_description) by extension 'colcon_meta'
[0.145s] Level 1:colcon.colcon_core.package_identification:_identify(src/robot_23_description) by extensions ['ros']
[0.145s] Level 1:colcon.colcon_core.package_identification:_identify(src/robot_23_description) by extension 'ros'
[0.147s] DEBUG:colcon.colcon_core.package_identification:Package 'src/robot_23_description' with type 'ros.ament_cmake' and name 'robot_23_description'
[0.147s] Level 1:colcon.colcon_core.package_identification:_identify(src/robot_23_kinematics) by extensions ['ignore', 'ignore_ament_install']
[0.147s] Level 1:colcon.colcon_core.package_identification:_identify(src/robot_23_kinematics) by extension 'ignore'
[0.147s] Level 1:colcon.colcon_core.package_identification:_identify(src/robot_23_kinematics) by extension 'ignore_ament_install'
[0.147s] Level 1:colcon.colcon_core.package_identification:_identify(src/robot_23_kinematics) by extensions ['colcon_pkg']
[0.147s] Level 1:colcon.colcon_core.package_identification:_identify(src/robot_23_kinematics) by extension 'colcon_pkg'
[0.147s] Level 1:colcon.colcon_core.package_identification:_identify(src/robot_23_kinematics) by extensions ['colcon_meta']
[0.147s] Level 1:colcon.colcon_core.package_identification:_identify(src/robot_23_kinematics) by extension 'colcon_meta'
[0.147s] Level 1:colcon.colcon_core.package_identification:_identify(src/robot_23_kinematics) by extensions ['ros']
[0.147s] Level 1:colcon.colcon_core.package_identification:_identify(src/robot_23_kinematics) by extension 'ros'
[0.147s] DEBUG:colcon.colcon_core.package_identification:Package 'src/robot_23_kinematics' with type 'ros.ament_cmake' and name 'robot_23_kinematics'
[0.148s] Level 1:colcon.colcon_core.package_identification:_identify(src/robot_23_kinematics_interfaces) by extensions ['ignore', 'ignore_ament_install']
[0.148s] Level 1:colcon.colcon_core.package_identification:_identify(src/robot_23_kinematics_interfaces) by extension 'ignore'
[0.148s] Level 1:colcon.colcon_core.package_identification:_identify(src/robot_23_kinematics_interfaces) by extension 'ignore_ament_install'
[0.148s] Level 1:colcon.colcon_core.package_identification:_identify(src/robot_23_kinematics_interfaces) by extensions ['colcon_pkg']
[0.148s] Level 1:colcon.colcon_core.package_identification:_identify(src/robot_23_kinematics_interfaces) by extension 'colcon_pkg'
[0.148s] Level 1:colcon.colcon_core.package_identification:_identify(src/robot_23_kinematics_interfaces) by extensions ['colcon_meta']
[0.148s] Level 1:colcon.colcon_core.package_identification:_identify(src/robot_23_kinematics_interfaces) by extension 'colcon_meta'
[0.148s] Level 1:colcon.colcon_core.package_identification:_identify(src/robot_23_kinematics_interfaces) by extensions ['ros']
[0.148s] Level 1:colcon.colcon_core.package_identification:_identify(src/robot_23_kinematics_interfaces) by extension 'ros'
[0.148s] DEBUG:colcon.colcon_core.package_identification:Package 'src/robot_23_kinematics_interfaces' with type 'ros.ament_cmake' and name 'robot_23_kinematics_interfaces'
[0.148s] Level 1:colcon.colcon_core.package_discovery:discover_packages(recursive) using defaults
[0.148s] Level 1:colcon.colcon_core.package_discovery:discover_packages(ignore) discover
[0.148s] Level 1:colcon.colcon_core.package_discovery:discover_packages(ignore) using defaults
[0.148s] Level 1:colcon.colcon_core.package_discovery:discover_packages(path) discover
[0.148s] Level 1:colcon.colcon_core.package_discovery:discover_packages(path) using defaults
[0.169s] Level 1:colcon.colcon_core.package_discovery:discover_packages(prefix_path) check parameters
[0.169s] Level 1:colcon.colcon_core.package_discovery:discover_packages(prefix_path) discover
[0.171s] DEBUG:colcon.colcon_installed_package_information.package_discovery:Found 3 installed packages in /home/ronnakon/FRA333-KINEMATICS/fra333_lab2_23_1/install
[0.172s] DEBUG:colcon.colcon_installed_package_information.package_discovery:Found 3 installed packages in /home/ronnakon/FRA333-KINEMATICS/FRA333-Assignment-lab2-template/lab2_ws/install
[0.173s] DEBUG:colcon.colcon_installed_package_information.package_discovery:Found 1 installed packages in /home/ronnakon/FRA333-KINEMATICS/lab2_ws/install
[0.174s] DEBUG:colcon.colcon_installed_package_information.package_discovery:Found 259 installed packages in /opt/ros/foxy
[0.175s] Level 1:colcon.colcon_core.package_discovery:discover_packages(prefix_path) using defaults
[0.222s] Level 5:colcon.colcon_core.verb:set package 'robot_23_description' build argument 'cmake_args' from command line to 'None'
[0.222s] Level 5:colcon.colcon_core.verb:set package 'robot_23_description' build argument 'cmake_target' from command line to 'None'
[0.222s] Level 5:colcon.colcon_core.verb:set package 'robot_23_description' build argument 'cmake_target_skip_unavailable' from command line to 'False'
[0.222s] Level 5:colcon.colcon_core.verb:set package 'robot_23_description' build argument 'cmake_clean_cache' from command line to 'False'
[0.222s] Level 5:colcon.colcon_core.verb:set package 'robot_23_description' build argument 'cmake_clean_first' from command line to 'False'
[0.222s] Level 5:colcon.colcon_core.verb:set package 'robot_23_description' build argument 'cmake_force_configure' from command line to 'False'
[0.222s] Level 5:colcon.colcon_core.verb:set package 'robot_23_description' build argument 'ament_cmake_args' from command line to 'None'
[0.222s] Level 5:colcon.colcon_core.verb:set package 'robot_23_description' build argument 'catkin_cmake_args' from command line to 'None'
[0.222s] Level 5:colcon.colcon_core.verb:set package 'robot_23_description' build argument 'catkin_skip_building_tests' from command line to 'False'
[0.222s] DEBUG:colcon.colcon_core.verb:Building package 'robot_23_description' with the following arguments: {'ament_cmake_args': None, 'build_base': '/home/ronnakon/FRA333-KINEMATICS/FRA333-Assignment-lab2-template/lab2_ws/build/robot_23_description', 'catkin_cmake_args': None, 'catkin_skip_building_tests': False, 'cmake_args': None, 'cmake_clean_cache': False, 'cmake_clean_first': False, 'cmake_force_configure': False, 'cmake_target': None, 'cmake_target_skip_unavailable': False, 'install_base': '/home/ronnakon/FRA333-KINEMATICS/FRA333-Assignment-lab2-template/lab2_ws/install/robot_23_description', 'merge_install': False, 'path': '/home/ronnakon/FRA333-KINEMATICS/FRA333-Assignment-lab2-template/lab2_ws/src/robot_23_description', 'symlink_install': True, 'test_result_base': None}
[0.223s] Level 5:colcon.colcon_core.verb:set package 'robot_23_kinematics' build argument 'cmake_args' from command line to 'None'
[0.223s] Level 5:colcon.colcon_core.verb:set package 'robot_23_kinematics' build argument 'cmake_target' from command line to 'None'
[0.223s] Level 5:colcon.colcon_core.verb:set package 'robot_23_kinematics' build argument 'cmake_target_skip_unavailable' from command line to 'False'
[0.223s] Level 5:colcon.colcon_core.verb:set package 'robot_23_kinematics' build argument 'cmake_clean_cache' from command line to 'False'
[0.223s] Level 5:colcon.colcon_core.verb:set package 'robot_23_kinematics' build argument 'cmake_clean_first' from command line to 'False'
[0.223s] Level 5:colcon.colcon_core.verb:set package 'robot_23_kinematics' build argument 'cmake_force_configure' from command line to 'False'
[0.223s] Level 5:colcon.colcon_core.verb:set package 'robot_23_kinematics' build argument 'ament_cmake_args' from command line to 'None'
[0.223s] Level 5:colcon.colcon_core.verb:set package 'robot_23_kinematics' build argument 'catkin_cmake_args' from command line to 'None'
[0.223s] Level 5:colcon.colcon_core.verb:set package 'robot_23_kinematics' build argument 'catkin_skip_building_tests' from command line to 'False'
[0.223s] DEBUG:colcon.colcon_core.verb:Building package 'robot_23_kinematics' with the following arguments: {'ament_cmake_args': None, 'build_base': '/home/ronnakon/FRA333-KINEMATICS/FRA333-Assignment-lab2-template/lab2_ws/build/robot_23_kinematics', 'catkin_cmake_args': None, 'catkin_skip_building_tests': False, 'cmake_args': None, 'cmake_clean_cache': False, 'cmake_clean_first': False, 'cmake_force_configure': False, 'cmake_target': None, 'cmake_target_skip_unavailable': False, 'install_base': '/home/ronnakon/FRA333-KINEMATICS/FRA333-Assignment-lab2-template/lab2_ws/install/robot_23_kinematics', 'merge_install': False, 'path': '/home/ronnakon/FRA333-KINEMATICS/FRA333-Assignment-lab2-template/lab2_ws/src/robot_23_kinematics', 'symlink_install': True, 'test_result_base': None}
[0.224s] Level 5:colcon.colcon_core.verb:set package 'robot_23_kinematics_interfaces' build argument 'cmake_args' from command line to 'None'
[0.224s] Level 5:colcon.colcon_core.verb:set package 'robot_23_kinematics_interfaces' build argument 'cmake_target' from command line to 'None'
[0.224s] Level 5:colcon.colcon_core.verb:set package 'robot_23_kinematics_interfaces' build argument 'cmake_target_skip_unavailable' from command line to 'False'
[0.224s] Level 5:colcon.colcon_core.verb:set package 'robot_23_kinematics_interfaces' build argument 'cmake_clean_cache' from command line to 'False'
[0.224s] Level 5:colcon.colcon_core.verb:set package 'robot_23_kinematics_interfaces' build argument 'cmake_clean_first' from command line to 'False'
[0.224s] Level 5:colcon.colcon_core.verb:set package 'robot_23_kinematics_interfaces' build argument 'cmake_force_configure' from command line to 'False'
[0.224s] Level 5:colcon.colcon_core.verb:set package 'robot_23_kinematics_interfaces' build argument 'ament_cmake_args' from command line to 'None'
[0.224s] Level 5:colcon.colcon_core.verb:set package 'robot_23_kinematics_interfaces' build argument 'catkin_cmake_args' from command line to 'None'
[0.224s] Level 5:colcon.colcon_core.verb:set package 'robot_23_kinematics_interfaces' build argument 'catkin_skip_building_tests' from command line to 'False'
[0.224s] DEBUG:colcon.colcon_core.verb:Building package 'robot_23_kinematics_interfaces' with the following arguments: {'ament_cmake_args': None, 'build_base': '/home/ronnakon/FRA333-KINEMATICS/FRA333-Assignment-lab2-template/lab2_ws/build/robot_23_kinematics_interfaces', 'catkin_cmake_args': None, 'catkin_skip_building_tests': False, 'cmake_args': None, 'cmake_clean_cache': False, 'cmake_clean_first': False, 'cmake_force_configure': False, 'cmake_target': None, 'cmake_target_skip_unavailable': False, 'install_base': '/home/ronnakon/FRA333-KINEMATICS/FRA333-Assignment-lab2-template/lab2_ws/install/robot_23_kinematics_interfaces', 'merge_install': False, 'path': '/home/ronnakon/FRA333-KINEMATICS/FRA333-Assignment-lab2-template/lab2_ws/src/robot_23_kinematics_interfaces', 'symlink_install': True, 'test_result_base': None}
[0.224s] INFO:colcon.colcon_core.executor:Executing jobs using 'parallel' executor
[0.227s] DEBUG:colcon.colcon_parallel_executor.executor.parallel:run_until_complete
[0.227s] INFO:colcon.colcon_ros.task.ament_cmake.build:Building ROS package in '/home/ronnakon/FRA333-KINEMATICS/FRA333-Assignment-lab2-template/lab2_ws/src/robot_23_description' with build type 'ament_cmake'
[0.228s] INFO:colcon.colcon_cmake.task.cmake.build:Building CMake package in '/home/ronnakon/FRA333-KINEMATICS/FRA333-Assignment-lab2-template/lab2_ws/src/robot_23_description'
[0.231s] INFO:colcon.colcon_core.plugin_system:Skipping extension 'colcon_core.shell.bat': Not used on non-Windows systems
[0.231s] INFO:colcon.colcon_core.shell:Skip shell extension 'powershell' for command environment: Not usable outside of PowerShell
[0.231s] DEBUG:colcon.colcon_core.shell:Skip shell extension 'dsv' for command environment
[0.238s] INFO:colcon.colcon_ros.task.ament_cmake.build:Building ROS package in '/home/ronnakon/FRA333-KINEMATICS/FRA333-Assignment-lab2-template/lab2_ws/src/robot_23_kinematics' with build type 'ament_cmake'
[0.238s] INFO:colcon.colcon_cmake.task.cmake.build:Building CMake package in '/home/ronnakon/FRA333-KINEMATICS/FRA333-Assignment-lab2-template/lab2_ws/src/robot_23_kinematics'
[0.239s] INFO:colcon.colcon_core.shell:Skip shell extension 'powershell' for command environment: Not usable outside of PowerShell
[0.239s] DEBUG:colcon.colcon_core.shell:Skip shell extension 'dsv' for command environment
[0.245s] INFO:colcon.colcon_ros.task.ament_cmake.build:Building ROS package in '/home/ronnakon/FRA333-KINEMATICS/FRA333-Assignment-lab2-template/lab2_ws/src/robot_23_kinematics_interfaces' with build type 'ament_cmake'
[0.245s] INFO:colcon.colcon_cmake.task.cmake.build:Building CMake package in '/home/ronnakon/FRA333-KINEMATICS/FRA333-Assignment-lab2-template/lab2_ws/src/robot_23_kinematics_interfaces'
[0.246s] INFO:colcon.colcon_core.shell:Skip shell extension 'powershell' for command environment: Not usable outside of PowerShell
[0.246s] DEBUG:colcon.colcon_core.shell:Skip shell extension 'dsv' for command environment
[0.258s] DEBUG:colcon.colcon_core.event_handler.log_command:Invoking command in '/home/ronnakon/FRA333-KINEMATICS/FRA333-Assignment-lab2-template/lab2_ws/build/robot_23_description': CMAKE_PREFIX_PATH=${CMAKE_PREFIX_PATH}:/opt/ros/foxy /usr/bin/cmake --build /home/ronnakon/FRA333-KINEMATICS/FRA333-Assignment-lab2-template/lab2_ws/build/robot_23_description -- -j12 -l12
[0.263s] DEBUG:colcon.colcon_core.event_handler.log_command:Invoking command in '/home/ronnakon/FRA333-KINEMATICS/FRA333-Assignment-lab2-template/lab2_ws/build/robot_23_kinematics': CMAKE_PREFIX_PATH=${CMAKE_PREFIX_PATH}:/opt/ros/foxy /usr/bin/cmake --build /home/ronnakon/FRA333-KINEMATICS/FRA333-Assignment-lab2-template/lab2_ws/build/robot_23_kinematics -- -j12 -l12
[0.268s] DEBUG:colcon.colcon_core.event_handler.log_command:Invoking command in '/home/ronnakon/FRA333-KINEMATICS/FRA333-Assignment-lab2-template/lab2_ws/build/robot_23_kinematics_interfaces': CMAKE_PREFIX_PATH=${CMAKE_PREFIX_PATH}:/opt/ros/foxy /usr/bin/cmake --build /home/ronnakon/FRA333-KINEMATICS/FRA333-Assignment-lab2-template/lab2_ws/build/robot_23_kinematics_interfaces -- -j12 -l12
[0.292s] DEBUG:colcon.colcon_core.event_handler.log_command:Invoked command in '/home/ronnakon/FRA333-KINEMATICS/FRA333-Assignment-lab2-template/lab2_ws/build/robot_23_description' returned '0': CMAKE_PREFIX_PATH=${CMAKE_PREFIX_PATH}:/opt/ros/foxy /usr/bin/cmake --build /home/ronnakon/FRA333-KINEMATICS/FRA333-Assignment-lab2-template/lab2_ws/build/robot_23_description -- -j12 -l12
[0.296s] DEBUG:colcon.colcon_core.event_handler.log_command:Invoked command in '/home/ronnakon/FRA333-KINEMATICS/FRA333-Assignment-lab2-template/lab2_ws/build/robot_23_kinematics' returned '0': CMAKE_PREFIX_PATH=${CMAKE_PREFIX_PATH}:/opt/ros/foxy /usr/bin/cmake --build /home/ronnakon/FRA333-KINEMATICS/FRA333-Assignment-lab2-template/lab2_ws/build/robot_23_kinematics -- -j12 -l12
[0.322s] DEBUG:colcon.colcon_core.event_handler.log_command:Invoking command in '/home/ronnakon/FRA333-KINEMATICS/FRA333-Assignment-lab2-template/lab2_ws/build/robot_23_description': CMAKE_PREFIX_PATH=${CMAKE_PREFIX_PATH}:/opt/ros/foxy /usr/bin/cmake --install /home/ronnakon/FRA333-KINEMATICS/FRA333-Assignment-lab2-template/lab2_ws/build/robot_23_description
[0.326s] DEBUG:colcon.colcon_core.event_handler.log_command:Invoking command in '/home/ronnakon/FRA333-KINEMATICS/FRA333-Assignment-lab2-template/lab2_ws/build/robot_23_kinematics': CMAKE_PREFIX_PATH=${CMAKE_PREFIX_PATH}:/opt/ros/foxy /usr/bin/cmake --install /home/ronnakon/FRA333-KINEMATICS/FRA333-Assignment-lab2-template/lab2_ws/build/robot_23_kinematics
[0.374s] Level 1:colcon.colcon_core.environment:create_environment_scripts_only(robot_23_kinematics)
[0.374s] DEBUG:colcon.colcon_core.event_handler.log_command:Invoked command in '/home/ronnakon/FRA333-KINEMATICS/FRA333-Assignment-lab2-template/lab2_ws/build/robot_23_kinematics' returned '0': CMAKE_PREFIX_PATH=${CMAKE_PREFIX_PATH}:/opt/ros/foxy /usr/bin/cmake --install /home/ronnakon/FRA333-KINEMATICS/FRA333-Assignment-lab2-template/lab2_ws/build/robot_23_kinematics
[0.379s] Level 1:colcon.colcon_core.environment:checking '/home/ronnakon/FRA333-KINEMATICS/FRA333-Assignment-lab2-template/lab2_ws/install/robot_23_kinematics' for CMake module files
[0.380s] Level 1:colcon.colcon_core.environment:checking '/home/ronnakon/FRA333-KINEMATICS/FRA333-Assignment-lab2-template/lab2_ws/install/robot_23_kinematics' for CMake config files
[0.380s] Level 1:colcon.colcon_core.shell:create_environment_hook('robot_23_kinematics', 'cmake_prefix_path')
[0.381s] INFO:colcon.colcon_core.shell:Creating environment hook '/home/ronnakon/FRA333-KINEMATICS/FRA333-Assignment-lab2-template/lab2_ws/install/robot_23_kinematics/share/robot_23_kinematics/hook/cmake_prefix_path.ps1'
[0.382s] INFO:colcon.colcon_core.shell:Creating environment descriptor '/home/ronnakon/FRA333-KINEMATICS/FRA333-Assignment-lab2-template/lab2_ws/install/robot_23_kinematics/share/robot_23_kinematics/hook/cmake_prefix_path.dsv'
[0.382s] INFO:colcon.colcon_core.shell:Creating environment hook '/home/ronnakon/FRA333-KINEMATICS/FRA333-Assignment-lab2-template/lab2_ws/install/robot_23_kinematics/share/robot_23_kinematics/hook/cmake_prefix_path.sh'
[0.383s] Level 1:colcon.colcon_core.environment:checking '/home/ronnakon/FRA333-KINEMATICS/FRA333-Assignment-lab2-template/lab2_ws/install/robot_23_kinematics/lib'
[0.383s] Level 1:colcon.colcon_core.environment:checking '/home/ronnakon/FRA333-KINEMATICS/FRA333-Assignment-lab2-template/lab2_ws/install/robot_23_kinematics/bin'
[0.383s] Level 1:colcon.colcon_core.environment:checking '/home/ronnakon/FRA333-KINEMATICS/FRA333-Assignment-lab2-template/lab2_ws/install/robot_23_kinematics/lib/pkgconfig/robot_23_kinematics.pc'
[0.383s] Level 1:colcon.colcon_core.environment:checking '/home/ronnakon/FRA333-KINEMATICS/FRA333-Assignment-lab2-template/lab2_ws/install/robot_23_kinematics/lib/python3.8/site-packages'
[0.383s] Level 1:colcon.colcon_core.shell:create_environment_hook('robot_23_kinematics', 'pythonpath')
[0.384s] INFO:colcon.colcon_core.shell:Creating environment hook '/home/ronnakon/FRA333-KINEMATICS/FRA333-Assignment-lab2-template/lab2_ws/install/robot_23_kinematics/share/robot_23_kinematics/hook/pythonpath.ps1'
[0.384s] INFO:colcon.colcon_core.shell:Creating environment descriptor '/home/ronnakon/FRA333-KINEMATICS/FRA333-Assignment-lab2-template/lab2_ws/install/robot_23_kinematics/share/robot_23_kinematics/hook/pythonpath.dsv'
[0.385s] INFO:colcon.colcon_core.shell:Creating environment hook '/home/ronnakon/FRA333-KINEMATICS/FRA333-Assignment-lab2-template/lab2_ws/install/robot_23_kinematics/share/robot_23_kinematics/hook/pythonpath.sh'
[0.385s] Level 1:colcon.colcon_core.environment:checking '/home/ronnakon/FRA333-KINEMATICS/FRA333-Assignment-lab2-template/lab2_ws/install/robot_23_kinematics/bin'
[0.386s] INFO:colcon.colcon_core.shell:Creating package script '/home/ronnakon/FRA333-KINEMATICS/FRA333-Assignment-lab2-template/lab2_ws/install/robot_23_kinematics/share/robot_23_kinematics/package.ps1'
[0.387s] INFO:colcon.colcon_core.shell:Creating package descriptor '/home/ronnakon/FRA333-KINEMATICS/FRA333-Assignment-lab2-template/lab2_ws/install/robot_23_kinematics/share/robot_23_kinematics/package.dsv'
[0.387s] INFO:colcon.colcon_core.shell:Creating package script '/home/ronnakon/FRA333-KINEMATICS/FRA333-Assignment-lab2-template/lab2_ws/install/robot_23_kinematics/share/robot_23_kinematics/package.sh'
[0.388s] INFO:colcon.colcon_core.shell:Creating package script '/home/ronnakon/FRA333-KINEMATICS/FRA333-Assignment-lab2-template/lab2_ws/install/robot_23_kinematics/share/robot_23_kinematics/package.bash'
[0.388s] INFO:colcon.colcon_core.shell:Creating package script '/home/ronnakon/FRA333-KINEMATICS/FRA333-Assignment-lab2-template/lab2_ws/install/robot_23_kinematics/share/robot_23_kinematics/package.zsh'
[0.388s] Level 1:colcon.colcon_core.environment:create_file_with_runtime_dependencies(/home/ronnakon/FRA333-KINEMATICS/FRA333-Assignment-lab2-template/lab2_ws/install/robot_23_kinematics/share/colcon-core/packages/robot_23_kinematics)
[0.391s] Level 1:colcon.colcon_core.environment:create_environment_scripts_only(robot_23_description)
[0.393s] Level 1:colcon.colcon_core.environment:checking '/home/ronnakon/FRA333-KINEMATICS/FRA333-Assignment-lab2-template/lab2_ws/install/robot_23_description' for CMake module files
[0.394s] DEBUG:colcon.colcon_core.event_handler.log_command:Invoked command in '/home/ronnakon/FRA333-KINEMATICS/FRA333-Assignment-lab2-template/lab2_ws/build/robot_23_description' returned '0': CMAKE_PREFIX_PATH=${CMAKE_PREFIX_PATH}:/opt/ros/foxy /usr/bin/cmake --install /home/ronnakon/FRA333-KINEMATICS/FRA333-Assignment-lab2-template/lab2_ws/build/robot_23_description
[0.395s] Level 1:colcon.colcon_core.environment:checking '/home/ronnakon/FRA333-KINEMATICS/FRA333-Assignment-lab2-template/lab2_ws/install/robot_23_description' for CMake config files
[0.395s] Level 1:colcon.colcon_core.shell:create_environment_hook('robot_23_description', 'cmake_prefix_path')
[0.396s] INFO:colcon.colcon_core.shell:Creating environment hook '/home/ronnakon/FRA333-KINEMATICS/FRA333-Assignment-lab2-template/lab2_ws/install/robot_23_description/share/robot_23_description/hook/cmake_prefix_path.ps1'
[0.396s] INFO:colcon.colcon_core.shell:Creating environment descriptor '/home/ronnakon/FRA333-KINEMATICS/FRA333-Assignment-lab2-template/lab2_ws/install/robot_23_description/share/robot_23_description/hook/cmake_prefix_path.dsv'
[0.396s] INFO:colcon.colcon_core.shell:Creating environment hook '/home/ronnakon/FRA333-KINEMATICS/FRA333-Assignment-lab2-template/lab2_ws/install/robot_23_description/share/robot_23_description/hook/cmake_prefix_path.sh'
[0.397s] Level 1:colcon.colcon_core.environment:checking '/home/ronnakon/FRA333-KINEMATICS/FRA333-Assignment-lab2-template/lab2_ws/install/robot_23_description/lib'
[0.397s] Level 1:colcon.colcon_core.environment:checking '/home/ronnakon/FRA333-KINEMATICS/FRA333-Assignment-lab2-template/lab2_ws/install/robot_23_description/bin'
[0.397s] Level 1:colcon.colcon_core.environment:checking '/home/ronnakon/FRA333-KINEMATICS/FRA333-Assignment-lab2-template/lab2_ws/install/robot_23_description/lib/pkgconfig/robot_23_description.pc'
[0.397s] Level 1:colcon.colcon_core.environment:checking '/home/ronnakon/FRA333-KINEMATICS/FRA333-Assignment-lab2-template/lab2_ws/install/robot_23_description/lib/python3.8/site-packages'
[0.397s] Level 1:colcon.colcon_core.shell:create_environment_hook('robot_23_description', 'pythonpath')
[0.398s] INFO:colcon.colcon_core.shell:Creating environment hook '/home/ronnakon/FRA333-KINEMATICS/FRA333-Assignment-lab2-template/lab2_ws/install/robot_23_description/share/robot_23_description/hook/pythonpath.ps1'
[0.398s] INFO:colcon.colcon_core.shell:Creating environment descriptor '/home/ronnakon/FRA333-KINEMATICS/FRA333-Assignment-lab2-template/lab2_ws/install/robot_23_description/share/robot_23_description/hook/pythonpath.dsv'
[0.399s] INFO:colcon.colcon_core.shell:Creating environment hook '/home/ronnakon/FRA333-KINEMATICS/FRA333-Assignment-lab2-template/lab2_ws/install/robot_23_description/share/robot_23_description/hook/pythonpath.sh'
[0.399s] Level 1:colcon.colcon_core.environment:checking '/home/ronnakon/FRA333-KINEMATICS/FRA333-Assignment-lab2-template/lab2_ws/install/robot_23_description/bin'
[0.400s] INFO:colcon.colcon_core.shell:Creating package script '/home/ronnakon/FRA333-KINEMATICS/FRA333-Assignment-lab2-template/lab2_ws/install/robot_23_description/share/robot_23_description/package.ps1'
[0.400s] INFO:colcon.colcon_core.shell:Creating package descriptor '/home/ronnakon/FRA333-KINEMATICS/FRA333-Assignment-lab2-template/lab2_ws/install/robot_23_description/share/robot_23_description/package.dsv'
[0.401s] INFO:colcon.colcon_core.shell:Creating package script '/home/ronnakon/FRA333-KINEMATICS/FRA333-Assignment-lab2-template/lab2_ws/install/robot_23_description/share/robot_23_description/package.sh'
[0.401s] INFO:colcon.colcon_core.shell:Creating package script '/home/ronnakon/FRA333-KINEMATICS/FRA333-Assignment-lab2-template/lab2_ws/install/robot_23_description/share/robot_23_description/package.bash'
[0.401s] INFO:colcon.colcon_core.shell:Creating package script '/home/ronnakon/FRA333-KINEMATICS/FRA333-Assignment-lab2-template/lab2_ws/install/robot_23_description/share/robot_23_description/package.zsh'
[0.401s] Level 1:colcon.colcon_core.environment:create_file_with_runtime_dependencies(/home/ronnakon/FRA333-KINEMATICS/FRA333-Assignment-lab2-template/lab2_ws/install/robot_23_description/share/colcon-core/packages/robot_23_description)
[0.411s] Level 1:colcon.colcon_core.environment:create_environment_scripts_only(robot_23_kinematics)
[0.413s] Level 1:colcon.colcon_core.environment:checking '/home/ronnakon/FRA333-KINEMATICS/FRA333-Assignment-lab2-template/lab2_ws/install/robot_23_kinematics' for CMake module files
[0.414s] Level 1:colcon.colcon_core.environment:checking '/home/ronnakon/FRA333-KINEMATICS/FRA333-Assignment-lab2-template/lab2_ws/install/robot_23_kinematics' for CMake config files
[0.414s] Level 1:colcon.colcon_core.shell:create_environment_hook('robot_23_kinematics', 'cmake_prefix_path')
[0.416s] INFO:colcon.colcon_core.shell:Creating environment hook '/home/ronnakon/FRA333-KINEMATICS/FRA333-Assignment-lab2-template/lab2_ws/install/robot_23_kinematics/share/robot_23_kinematics/hook/cmake_prefix_path.ps1'
[0.416s] INFO:colcon.colcon_core.shell:Creating environment descriptor '/home/ronnakon/FRA333-KINEMATICS/FRA333-Assignment-lab2-template/lab2_ws/install/robot_23_kinematics/share/robot_23_kinematics/hook/cmake_prefix_path.dsv'
[0.417s] INFO:colcon.colcon_core.shell:Creating environment hook '/home/ronnakon/FRA333-KINEMATICS/FRA333-Assignment-lab2-template/lab2_ws/install/robot_23_kinematics/share/robot_23_kinematics/hook/cmake_prefix_path.sh'
[0.417s] Level 1:colcon.colcon_core.environment:checking '/home/ronnakon/FRA333-KINEMATICS/FRA333-Assignment-lab2-template/lab2_ws/install/robot_23_kinematics/lib'
[0.417s] Level 1:colcon.colcon_core.environment:checking '/home/ronnakon/FRA333-KINEMATICS/FRA333-Assignment-lab2-template/lab2_ws/install/robot_23_kinematics/bin'
[0.417s] Level 1:colcon.colcon_core.environment:checking '/home/ronnakon/FRA333-KINEMATICS/FRA333-Assignment-lab2-template/lab2_ws/install/robot_23_kinematics/lib/pkgconfig/robot_23_kinematics.pc'
[0.418s] Level 1:colcon.colcon_core.environment:checking '/home/ronnakon/FRA333-KINEMATICS/FRA333-Assignment-lab2-template/lab2_ws/install/robot_23_kinematics/lib/python3.8/site-packages'
[0.418s] Level 1:colcon.colcon_core.shell:create_environment_hook('robot_23_kinematics', 'pythonpath')
[0.419s] INFO:colcon.colcon_core.shell:Creating environment hook '/home/ronnakon/FRA333-KINEMATICS/FRA333-Assignment-lab2-template/lab2_ws/install/robot_23_kinematics/share/robot_23_kinematics/hook/pythonpath.ps1'
[0.419s] INFO:colcon.colcon_core.shell:Creating environment descriptor '/home/ronnakon/FRA333-KINEMATICS/FRA333-Assignment-lab2-template/lab2_ws/install/robot_23_kinematics/share/robot_23_kinematics/hook/pythonpath.dsv'
[0.420s] INFO:colcon.colcon_core.shell:Creating environment hook '/home/ronnakon/FRA333-KINEMATICS/FRA333-Assignment-lab2-template/lab2_ws/install/robot_23_kinematics/share/robot_23_kinematics/hook/pythonpath.sh'
[0.420s] Level 1:colcon.colcon_core.environment:checking '/home/ronnakon/FRA333-KINEMATICS/FRA333-Assignment-lab2-template/lab2_ws/install/robot_23_kinematics/bin'
[0.422s] INFO:colcon.colcon_core.shell:Creating package script '/home/ronnakon/FRA333-KINEMATICS/FRA333-Assignment-lab2-template/lab2_ws/install/robot_23_kinematics/share/robot_23_kinematics/package.ps1'
[0.422s] INFO:colcon.colcon_core.shell:Creating package descriptor '/home/ronnakon/FRA333-KINEMATICS/FRA333-Assignment-lab2-template/lab2_ws/install/robot_23_kinematics/share/robot_23_kinematics/package.dsv'
[0.423s] INFO:colcon.colcon_core.shell:Creating package script '/home/ronnakon/FRA333-KINEMATICS/FRA333-Assignment-lab2-template/lab2_ws/install/robot_23_kinematics/share/robot_23_kinematics/package.sh'
[0.423s] INFO:colcon.colcon_core.shell:Creating package script '/home/ronnakon/FRA333-KINEMATICS/FRA333-Assignment-lab2-template/lab2_ws/install/robot_23_kinematics/share/robot_23_kinematics/package.bash'
[0.423s] INFO:colcon.colcon_core.shell:Creating package script '/home/ronnakon/FRA333-KINEMATICS/FRA333-Assignment-lab2-template/lab2_ws/install/robot_23_kinematics/share/robot_23_kinematics/package.zsh'
[0.423s] Level 1:colcon.colcon_core.environment:create_file_with_runtime_dependencies(/home/ronnakon/FRA333-KINEMATICS/FRA333-Assignment-lab2-template/lab2_ws/install/robot_23_kinematics/share/colcon-core/packages/robot_23_kinematics)
[0.425s] Level 1:colcon.colcon_core.environment:create_environment_scripts_only(robot_23_description)
[0.426s] Level 1:colcon.colcon_core.environment:checking '/home/ronnakon/FRA333-KINEMATICS/FRA333-Assignment-lab2-template/lab2_ws/install/robot_23_description' for CMake module files
[0.427s] Level 1:colcon.colcon_core.environment:checking '/home/ronnakon/FRA333-KINEMATICS/FRA333-Assignment-lab2-template/lab2_ws/install/robot_23_description' for CMake config files
[0.427s] Level 1:colcon.colcon_core.shell:create_environment_hook('robot_23_description', 'cmake_prefix_path')
[0.428s] INFO:colcon.colcon_core.shell:Creating environment hook '/home/ronnakon/FRA333-KINEMATICS/FRA333-Assignment-lab2-template/lab2_ws/install/robot_23_description/share/robot_23_description/hook/cmake_prefix_path.ps1'
[0.428s] INFO:colcon.colcon_core.shell:Creating environment descriptor '/home/ronnakon/FRA333-KINEMATICS/FRA333-Assignment-lab2-template/lab2_ws/install/robot_23_description/share/robot_23_description/hook/cmake_prefix_path.dsv'
[0.429s] INFO:colcon.colcon_core.shell:Creating environment hook '/home/ronnakon/FRA333-KINEMATICS/FRA333-Assignment-lab2-template/lab2_ws/install/robot_23_description/share/robot_23_description/hook/cmake_prefix_path.sh'
[0.429s] Level 1:colcon.colcon_core.environment:checking '/home/ronnakon/FRA333-KINEMATICS/FRA333-Assignment-lab2-template/lab2_ws/install/robot_23_description/lib'
[0.429s] Level 1:colcon.colcon_core.environment:checking '/home/ronnakon/FRA333-KINEMATICS/FRA333-Assignment-lab2-template/lab2_ws/install/robot_23_description/bin'
[0.429s] Level 1:colcon.colcon_core.environment:checking '/home/ronnakon/FRA333-KINEMATICS/FRA333-Assignment-lab2-template/lab2_ws/install/robot_23_description/lib/pkgconfig/robot_23_description.pc'
[0.429s] Level 1:colcon.colcon_core.environment:checking '/home/ronnakon/FRA333-KINEMATICS/FRA333-Assignment-lab2-template/lab2_ws/install/robot_23_description/lib/python3.8/site-packages'
[0.429s] Level 1:colcon.colcon_core.shell:create_environment_hook('robot_23_description', 'pythonpath')
[0.430s] INFO:colcon.colcon_core.shell:Creating environment hook '/home/ronnakon/FRA333-KINEMATICS/FRA333-Assignment-lab2-template/lab2_ws/install/robot_23_description/share/robot_23_description/hook/pythonpath.ps1'
[0.430s] INFO:colcon.colcon_core.shell:Creating environment descriptor '/home/ronnakon/FRA333-KINEMATICS/FRA333-Assignment-lab2-template/lab2_ws/install/robot_23_description/share/robot_23_description/hook/pythonpath.dsv'
[0.431s] INFO:colcon.colcon_core.shell:Creating environment hook '/home/ronnakon/FRA333-KINEMATICS/FRA333-Assignment-lab2-template/lab2_ws/install/robot_23_description/share/robot_23_description/hook/pythonpath.sh'
[0.431s] Level 1:colcon.colcon_core.environment:checking '/home/ronnakon/FRA333-KINEMATICS/FRA333-Assignment-lab2-template/lab2_ws/install/robot_23_description/bin'
[0.432s] INFO:colcon.colcon_core.shell:Creating package script '/home/ronnakon/FRA333-KINEMATICS/FRA333-Assignment-lab2-template/lab2_ws/install/robot_23_description/share/robot_23_description/package.ps1'
[0.432s] INFO:colcon.colcon_core.shell:Creating package descriptor '/home/ronnakon/FRA333-KINEMATICS/FRA333-Assignment-lab2-template/lab2_ws/install/robot_23_description/share/robot_23_description/package.dsv'
[0.433s] INFO:colcon.colcon_core.shell:Creating package script '/home/ronnakon/FRA333-KINEMATICS/FRA333-Assignment-lab2-template/lab2_ws/install/robot_23_description/share/robot_23_description/package.sh'
[0.433s] INFO:colcon.colcon_core.shell:Creating package script '/home/ronnakon/FRA333-KINEMATICS/FRA333-Assignment-lab2-template/lab2_ws/install/robot_23_description/share/robot_23_description/package.bash'
[0.434s] INFO:colcon.colcon_core.shell:Creating package script '/home/ronnakon/FRA333-KINEMATICS/FRA333-Assignment-lab2-template/lab2_ws/install/robot_23_description/share/robot_23_description/package.zsh'
[0.434s] Level 1:colcon.colcon_core.environment:create_file_with_runtime_dependencies(/home/ronnakon/FRA333-KINEMATICS/FRA333-Assignment-lab2-template/lab2_ws/install/robot_23_description/share/colcon-core/packages/robot_23_description)
[0.474s] DEBUG:colcon.colcon_core.event_handler.log_command:Invoked command in '/home/ronnakon/FRA333-KINEMATICS/FRA333-Assignment-lab2-template/lab2_ws/build/robot_23_kinematics_interfaces' returned '0': CMAKE_PREFIX_PATH=${CMAKE_PREFIX_PATH}:/opt/ros/foxy /usr/bin/cmake --build /home/ronnakon/FRA333-KINEMATICS/FRA333-Assignment-lab2-template/lab2_ws/build/robot_23_kinematics_interfaces -- -j12 -l12
[0.541s] DEBUG:colcon.colcon_core.event_handler.log_command:Invoking command in '/home/ronnakon/FRA333-KINEMATICS/FRA333-Assignment-lab2-template/lab2_ws/build/robot_23_kinematics_interfaces': CMAKE_PREFIX_PATH=${CMAKE_PREFIX_PATH}:/opt/ros/foxy /usr/bin/cmake --install /home/ronnakon/FRA333-KINEMATICS/FRA333-Assignment-lab2-template/lab2_ws/build/robot_23_kinematics_interfaces
[0.608s] Level 1:colcon.colcon_core.environment:create_environment_scripts_only(robot_23_kinematics_interfaces)
[0.611s] Level 1:colcon.colcon_core.environment:checking '/home/ronnakon/FRA333-KINEMATICS/FRA333-Assignment-lab2-template/lab2_ws/install/robot_23_kinematics_interfaces' for CMake module files
[0.612s] DEBUG:colcon.colcon_core.event_handler.log_command:Invoked command in '/home/ronnakon/FRA333-KINEMATICS/FRA333-Assignment-lab2-template/lab2_ws/build/robot_23_kinematics_interfaces' returned '0': CMAKE_PREFIX_PATH=${CMAKE_PREFIX_PATH}:/opt/ros/foxy /usr/bin/cmake --install /home/ronnakon/FRA333-KINEMATICS/FRA333-Assignment-lab2-template/lab2_ws/build/robot_23_kinematics_interfaces
[0.613s] Level 1:colcon.colcon_core.environment:checking '/home/ronnakon/FRA333-KINEMATICS/FRA333-Assignment-lab2-template/lab2_ws/install/robot_23_kinematics_interfaces' for CMake config files
[0.613s] Level 1:colcon.colcon_core.shell:create_environment_hook('robot_23_kinematics_interfaces', 'cmake_prefix_path')
[0.615s] INFO:colcon.colcon_core.shell:Creating environment hook '/home/ronnakon/FRA333-KINEMATICS/FRA333-Assignment-lab2-template/lab2_ws/install/robot_23_kinematics_interfaces/share/robot_23_kinematics_interfaces/hook/cmake_prefix_path.ps1'
[0.616s] INFO:colcon.colcon_core.shell:Creating environment descriptor '/home/ronnakon/FRA333-KINEMATICS/FRA333-Assignment-lab2-template/lab2_ws/install/robot_23_kinematics_interfaces/share/robot_23_kinematics_interfaces/hook/cmake_prefix_path.dsv'
[0.617s] INFO:colcon.colcon_core.shell:Creating environment hook '/home/ronnakon/FRA333-KINEMATICS/FRA333-Assignment-lab2-template/lab2_ws/install/robot_23_kinematics_interfaces/share/robot_23_kinematics_interfaces/hook/cmake_prefix_path.sh'
[0.617s] Level 1:colcon.colcon_core.environment:checking '/home/ronnakon/FRA333-KINEMATICS/FRA333-Assignment-lab2-template/lab2_ws/install/robot_23_kinematics_interfaces/lib'
[0.617s] Level 1:colcon.colcon_core.shell:create_environment_hook('robot_23_kinematics_interfaces', 'ld_library_path_lib')
[0.618s] INFO:colcon.colcon_core.shell:Creating environment hook '/home/ronnakon/FRA333-KINEMATICS/FRA333-Assignment-lab2-template/lab2_ws/install/robot_23_kinematics_interfaces/share/robot_23_kinematics_interfaces/hook/ld_library_path_lib.ps1'
[0.619s] INFO:colcon.colcon_core.shell:Creating environment descriptor '/home/ronnakon/FRA333-KINEMATICS/FRA333-Assignment-lab2-template/lab2_ws/install/robot_23_kinematics_interfaces/share/robot_23_kinematics_interfaces/hook/ld_library_path_lib.dsv'
[0.619s] INFO:colcon.colcon_core.shell:Creating environment hook '/home/ronnakon/FRA333-KINEMATICS/FRA333-Assignment-lab2-template/lab2_ws/install/robot_23_kinematics_interfaces/share/robot_23_kinematics_interfaces/hook/ld_library_path_lib.sh'
[0.619s] Level 1:colcon.colcon_core.environment:checking '/home/ronnakon/FRA333-KINEMATICS/FRA333-Assignment-lab2-template/lab2_ws/install/robot_23_kinematics_interfaces/bin'
[0.619s] Level 1:colcon.colcon_core.environment:checking '/home/ronnakon/FRA333-KINEMATICS/FRA333-Assignment-lab2-template/lab2_ws/install/robot_23_kinematics_interfaces/lib/pkgconfig/robot_23_kinematics_interfaces.pc'
[0.619s] Level 1:colcon.colcon_core.environment:checking '/home/ronnakon/FRA333-KINEMATICS/FRA333-Assignment-lab2-template/lab2_ws/install/robot_23_kinematics_interfaces/lib/python3.8/site-packages'
[0.619s] Level 1:colcon.colcon_core.shell:create_environment_hook('robot_23_kinematics_interfaces', 'pythonpath')
[0.620s] INFO:colcon.colcon_core.shell:Creating environment hook '/home/ronnakon/FRA333-KINEMATICS/FRA333-Assignment-lab2-template/lab2_ws/install/robot_23_kinematics_interfaces/share/robot_23_kinematics_interfaces/hook/pythonpath.ps1'
[0.620s] INFO:colcon.colcon_core.shell:Creating environment descriptor '/home/ronnakon/FRA333-KINEMATICS/FRA333-Assignment-lab2-template/lab2_ws/install/robot_23_kinematics_interfaces/share/robot_23_kinematics_interfaces/hook/pythonpath.dsv'
[0.621s] INFO:colcon.colcon_core.shell:Creating environment hook '/home/ronnakon/FRA333-KINEMATICS/FRA333-Assignment-lab2-template/lab2_ws/install/robot_23_kinematics_interfaces/share/robot_23_kinematics_interfaces/hook/pythonpath.sh'
[0.621s] Level 1:colcon.colcon_core.environment:checking '/home/ronnakon/FRA333-KINEMATICS/FRA333-Assignment-lab2-template/lab2_ws/install/robot_23_kinematics_interfaces/bin'
[0.622s] INFO:colcon.colcon_core.shell:Creating package script '/home/ronnakon/FRA333-KINEMATICS/FRA333-Assignment-lab2-template/lab2_ws/install/robot_23_kinematics_interfaces/share/robot_23_kinematics_interfaces/package.ps1'
[0.622s] INFO:colcon.colcon_core.shell:Creating package descriptor '/home/ronnakon/FRA333-KINEMATICS/FRA333-Assignment-lab2-template/lab2_ws/install/robot_23_kinematics_interfaces/share/robot_23_kinematics_interfaces/package.dsv'
[0.623s] INFO:colcon.colcon_core.shell:Creating package script '/home/ronnakon/FRA333-KINEMATICS/FRA333-Assignment-lab2-template/lab2_ws/install/robot_23_kinematics_interfaces/share/robot_23_kinematics_interfaces/package.sh'
[0.623s] INFO:colcon.colcon_core.shell:Creating package script '/home/ronnakon/FRA333-KINEMATICS/FRA333-Assignment-lab2-template/lab2_ws/install/robot_23_kinematics_interfaces/share/robot_23_kinematics_interfaces/package.bash'
[0.623s] INFO:colcon.colcon_core.shell:Creating package script '/home/ronnakon/FRA333-KINEMATICS/FRA333-Assignment-lab2-template/lab2_ws/install/robot_23_kinematics_interfaces/share/robot_23_kinematics_interfaces/package.zsh'
[0.623s] Level 1:colcon.colcon_core.environment:create_file_with_runtime_dependencies(/home/ronnakon/FRA333-KINEMATICS/FRA333-Assignment-lab2-template/lab2_ws/install/robot_23_kinematics_interfaces/share/colcon-core/packages/robot_23_kinematics_interfaces)
[0.679s] Level 1:colcon.colcon_core.environment:create_environment_scripts_only(robot_23_kinematics_interfaces)
[0.682s] Level 1:colcon.colcon_core.environment:checking '/home/ronnakon/FRA333-KINEMATICS/FRA333-Assignment-lab2-template/lab2_ws/install/robot_23_kinematics_interfaces' for CMake module files
[0.683s] Level 1:colcon.colcon_core.environment:checking '/home/ronnakon/FRA333-KINEMATICS/FRA333-Assignment-lab2-template/lab2_ws/install/robot_23_kinematics_interfaces' for CMake config files
[0.683s] Level 1:colcon.colcon_core.shell:create_environment_hook('robot_23_kinematics_interfaces', 'cmake_prefix_path')
[0.684s] INFO:colcon.colcon_core.shell:Creating environment hook '/home/ronnakon/FRA333-KINEMATICS/FRA333-Assignment-lab2-template/lab2_ws/install/robot_23_kinematics_interfaces/share/robot_23_kinematics_interfaces/hook/cmake_prefix_path.ps1'
[0.684s] INFO:colcon.colcon_core.shell:Creating environment descriptor '/home/ronnakon/FRA333-KINEMATICS/FRA333-Assignment-lab2-template/lab2_ws/install/robot_23_kinematics_interfaces/share/robot_23_kinematics_interfaces/hook/cmake_prefix_path.dsv'
[0.684s] INFO:colcon.colcon_core.shell:Creating environment hook '/home/ronnakon/FRA333-KINEMATICS/FRA333-Assignment-lab2-template/lab2_ws/install/robot_23_kinematics_interfaces/share/robot_23_kinematics_interfaces/hook/cmake_prefix_path.sh'
[0.685s] Level 1:colcon.colcon_core.environment:checking '/home/ronnakon/FRA333-KINEMATICS/FRA333-Assignment-lab2-template/lab2_ws/install/robot_23_kinematics_interfaces/lib'
[0.685s] Level 1:colcon.colcon_core.shell:create_environment_hook('robot_23_kinematics_interfaces', 'ld_library_path_lib')
[0.686s] INFO:colcon.colcon_core.shell:Creating environment hook '/home/ronnakon/FRA333-KINEMATICS/FRA333-Assignment-lab2-template/lab2_ws/install/robot_23_kinematics_interfaces/share/robot_23_kinematics_interfaces/hook/ld_library_path_lib.ps1'
[0.686s] INFO:colcon.colcon_core.shell:Creating environment descriptor '/home/ronnakon/FRA333-KINEMATICS/FRA333-Assignment-lab2-template/lab2_ws/install/robot_23_kinematics_interfaces/share/robot_23_kinematics_interfaces/hook/ld_library_path_lib.dsv'
[0.686s] INFO:colcon.colcon_core.shell:Creating environment hook '/home/ronnakon/FRA333-KINEMATICS/FRA333-Assignment-lab2-template/lab2_ws/install/robot_23_kinematics_interfaces/share/robot_23_kinematics_interfaces/hook/ld_library_path_lib.sh'
[0.686s] Level 1:colcon.colcon_core.environment:checking '/home/ronnakon/FRA333-KINEMATICS/FRA333-Assignment-lab2-template/lab2_ws/install/robot_23_kinematics_interfaces/bin'
[0.686s] Level 1:colcon.colcon_core.environment:checking '/home/ronnakon/FRA333-KINEMATICS/FRA333-Assignment-lab2-template/lab2_ws/install/robot_23_kinematics_interfaces/lib/pkgconfig/robot_23_kinematics_interfaces.pc'
[0.687s] Level 1:colcon.colcon_core.environment:checking '/home/ronnakon/FRA333-KINEMATICS/FRA333-Assignment-lab2-template/lab2_ws/install/robot_23_kinematics_interfaces/lib/python3.8/site-packages'
[0.687s] Level 1:colcon.colcon_core.shell:create_environment_hook('robot_23_kinematics_interfaces', 'pythonpath')
[0.688s] INFO:colcon.colcon_core.shell:Creating environment hook '/home/ronnakon/FRA333-KINEMATICS/FRA333-Assignment-lab2-template/lab2_ws/install/robot_23_kinematics_interfaces/share/robot_23_kinematics_interfaces/hook/pythonpath.ps1'
[0.688s] INFO:colcon.colcon_core.shell:Creating environment descriptor '/home/ronnakon/FRA333-KINEMATICS/FRA333-Assignment-lab2-template/lab2_ws/install/robot_23_kinematics_interfaces/share/robot_23_kinematics_interfaces/hook/pythonpath.dsv'
[0.688s] INFO:colcon.colcon_core.shell:Creating environment hook '/home/ronnakon/FRA333-KINEMATICS/FRA333-Assignment-lab2-template/lab2_ws/install/robot_23_kinematics_interfaces/share/robot_23_kinematics_interfaces/hook/pythonpath.sh'
[0.688s] Level 1:colcon.colcon_core.environment:checking '/home/ronnakon/FRA333-KINEMATICS/FRA333-Assignment-lab2-template/lab2_ws/install/robot_23_kinematics_interfaces/bin'
[0.690s] INFO:colcon.colcon_core.shell:Creating package script '/home/ronnakon/FRA333-KINEMATICS/FRA333-Assignment-lab2-template/lab2_ws/install/robot_23_kinematics_interfaces/share/robot_23_kinematics_interfaces/package.ps1'
[0.690s] INFO:colcon.colcon_core.shell:Creating package descriptor '/home/ronnakon/FRA333-KINEMATICS/FRA333-Assignment-lab2-template/lab2_ws/install/robot_23_kinematics_interfaces/share/robot_23_kinematics_interfaces/package.dsv'
[0.690s] INFO:colcon.colcon_core.shell:Creating package script '/home/ronnakon/FRA333-KINEMATICS/FRA333-Assignment-lab2-template/lab2_ws/install/robot_23_kinematics_interfaces/share/robot_23_kinematics_interfaces/package.sh'
[0.691s] INFO:colcon.colcon_core.shell:Creating package script '/home/ronnakon/FRA333-KINEMATICS/FRA333-Assignment-lab2-template/lab2_ws/install/robot_23_kinematics_interfaces/share/robot_23_kinematics_interfaces/package.bash'
[0.691s] INFO:colcon.colcon_core.shell:Creating package script '/home/ronnakon/FRA333-KINEMATICS/FRA333-Assignment-lab2-template/lab2_ws/install/robot_23_kinematics_interfaces/share/robot_23_kinematics_interfaces/package.zsh'
[0.691s] Level 1:colcon.colcon_core.environment:create_file_with_runtime_dependencies(/home/ronnakon/FRA333-KINEMATICS/FRA333-Assignment-lab2-template/lab2_ws/install/robot_23_kinematics_interfaces/share/colcon-core/packages/robot_23_kinematics_interfaces)
[0.691s] DEBUG:colcon.colcon_parallel_executor.executor.parallel:closing loop
[0.692s] DEBUG:colcon.colcon_parallel_executor.executor.parallel:loop closed
[0.692s] DEBUG:colcon.colcon_parallel_executor.executor.parallel:run_until_complete finished with '0'
[0.692s] DEBUG:colcon.colcon_core.event_reactor:joining thread
[0.697s] INFO:colcon.colcon_core.plugin_system:Skipping extension 'colcon_notification.desktop_notification.terminal_notifier': Not used on non-Darwin systems
[0.697s] INFO:colcon.colcon_core.plugin_system:Skipping extension 'colcon_notification.desktop_notification.win32': Not used on non-Windows systems
[0.697s] INFO:colcon.colcon_notification.desktop_notification:Sending desktop notification using 'notify2'
[0.711s] DEBUG:colcon.colcon_core.event_reactor:joined thread
[0.713s] INFO:colcon.colcon_core.shell:Creating prefix script '/home/ronnakon/FRA333-KINEMATICS/FRA333-Assignment-lab2-template/lab2_ws/install/local_setup.ps1'
[0.714s] INFO:colcon.colcon_core.shell:Creating prefix util module '/home/ronnakon/FRA333-KINEMATICS/FRA333-Assignment-lab2-template/lab2_ws/install/_local_setup_util_ps1.py'
[0.716s] INFO:colcon.colcon_core.shell:Creating prefix chain script '/home/ronnakon/FRA333-KINEMATICS/FRA333-Assignment-lab2-template/lab2_ws/install/setup.ps1'
[0.717s] INFO:colcon.colcon_core.shell:Creating prefix script '/home/ronnakon/FRA333-KINEMATICS/FRA333-Assignment-lab2-template/lab2_ws/install/local_setup.sh'
[0.717s] INFO:colcon.colcon_core.shell:Creating prefix util module '/home/ronnakon/FRA333-KINEMATICS/FRA333-Assignment-lab2-template/lab2_ws/install/_local_setup_util_sh.py'
[0.717s] INFO:colcon.colcon_core.shell:Creating prefix chain script '/home/ronnakon/FRA333-KINEMATICS/FRA333-Assignment-lab2-template/lab2_ws/install/setup.sh'
[0.718s] INFO:colcon.colcon_core.shell:Creating prefix script '/home/ronnakon/FRA333-KINEMATICS/FRA333-Assignment-lab2-template/lab2_ws/install/local_setup.bash'
[0.719s] INFO:colcon.colcon_core.shell:Creating prefix chain script '/home/ronnakon/FRA333-KINEMATICS/FRA333-Assignment-lab2-template/lab2_ws/install/setup.bash'
[0.720s] INFO:colcon.colcon_core.shell:Creating prefix script '/home/ronnakon/FRA333-KINEMATICS/FRA333-Assignment-lab2-template/lab2_ws/install/local_setup.zsh'
[0.720s] INFO:colcon.colcon_core.shell:Creating prefix chain script '/home/ronnakon/FRA333-KINEMATICS/FRA333-Assignment-lab2-template/lab2_ws/install/setup.zsh'
