[0.018s] Invoking command in '/home/ronnakon/FRA333-KINEMATICS/fra333_lab1_23/fra333_ws/build/lab1_interfaces': CMAKE_PREFIX_PATH=/opt/ros/foxy /usr/bin/cmake --build /home/ronnakon/FRA333-KINEMATICS/fra333_lab1_23/fra333_ws/build/lab1_interfaces -- -j12 -l12
[0.068s] [  3%] Built target lab1_interfaces__cpp
[0.071s] [  6%] [32mBuilding C object CMakeFiles/lab1_interfaces__rosidl_generator_c.dir/rosidl_generator_c/lab1_interfaces/srv/detail/set_noise__functions.c.o[0m
[0.081s] In file included from [01m[K/home/ronnakon/FRA333-KINEMATICS/fra333_lab1_23/fra333_ws/build/lab1_interfaces/rosidl_generator_c/lab1_interfaces/srv/detail/set_noise__functions.h:19[m[K,
[0.081s]                  from [01m[K/home/ronnakon/FRA333-KINEMATICS/fra333_lab1_23/fra333_ws/build/lab1_interfaces/rosidl_generator_c/lab1_interfaces/srv/detail/set_noise__functions.c:4[m[K:
[0.081s] [01m[K/home/ronnakon/FRA333-KINEMATICS/fra333_lab1_23/fra333_ws/build/lab1_interfaces/rosidl_generator_c/lab1_interfaces/srv/detail/set_noise__struct.h:23:10:[m[K [01;31m[Kfatal error: [m[Kstd_msg/msg/detail/float64__struct.h: No such file or directory
[0.081s]    23 | #include [01;31m[K"std_msg/msg/detail/float64__struct.h"[m[K
[0.081s]       |          [01;31m[K^~~~~~~~~~~~~~~~~~~~~~~~~~~~~~~~~~~~~~[m[K
[0.081s] compilation terminated.
[0.082s] make[2]: *** [CMakeFiles/lab1_interfaces__rosidl_generator_c.dir/build.make:124: CMakeFiles/lab1_interfaces__rosidl_generator_c.dir/rosidl_generator_c/lab1_interfaces/srv/detail/set_noise__functions.c.o] Error 1
[0.082s] make[1]: *** [CMakeFiles/Makefile2:303: CMakeFiles/lab1_interfaces__rosidl_generator_c.dir/all] Error 2
[0.082s] make[1]: *** Waiting for unfinished jobs....
[0.085s] [ 12%] [32mBuilding CXX object CMakeFiles/lab1_interfaces__rosidl_typesupport_cpp.dir/rosidl_typesupport_cpp/lab1_interfaces/srv/set_noise__type_support.cpp.o[0m
[0.087s] [ 12%] [32mBuilding CXX object CMakeFiles/lab1_interfaces__rosidl_typesupport_introspection_cpp.dir/rosidl_typesupport_introspection_cpp/lab1_interfaces/srv/detail/set_noise__type_support.cpp.o[0m
[0.087s] [ 16%] [32mBuilding CXX object CMakeFiles/lab1_interfaces__rosidl_typesupport_fastrtps_cpp.dir/rosidl_typesupport_fastrtps_cpp/lab1_interfaces/srv/detail/dds_fastrtps/set_noise__type_support.cpp.o[0m
[0.119s] In file included from [01m[K/home/ronnakon/FRA333-KINEMATICS/fra333_lab1_23/fra333_ws/build/lab1_interfaces/rosidl_typesupport_introspection_cpp/lab1_interfaces/srv/detail/set_noise__type_support.cpp:12[m[K:
[0.119s] [01m[K/home/ronnakon/FRA333-KINEMATICS/fra333_lab1_23/fra333_ws/build/lab1_interfaces/rosidl_generator_cpp/lab1_interfaces/srv/detail/set_noise__struct.hpp:20:10:[m[K [01;31m[Kfatal error: [m[Kstd_msg/msg/detail/float64__struct.hpp: No such file or directory
[0.119s]    20 | #include [01;31m[K"std_msg/msg/detail/float64__struct.hpp"[m[K
[0.119s]       |          [01;31m[K^~~~~~~~~~~~~~~~~~~~~~~~~~~~~~~~~~~~~~~~[m[K
[0.120s] compilation terminated.
[0.120s] In file included from [01m[K/home/ronnakon/FRA333-KINEMATICS/fra333_lab1_23/fra333_ws/build/lab1_interfaces/rosidl_typesupport_cpp/lab1_interfaces/srv/set_noise__type_support.cpp:7[m[K:
[0.120s] [01m[K/home/ronnakon/FRA333-KINEMATICS/fra333_lab1_23/fra333_ws/build/lab1_interfaces/rosidl_generator_cpp/lab1_interfaces/srv/detail/set_noise__struct.hpp:20:10:[m[K [01;31m[Kfatal error: [m[Kstd_msg/msg/detail/float64__struct.hpp: No such file or directory
[0.120s]    20 | #include [01;31m[K"std_msg/msg/detail/float64__struct.hpp"[m[K
[0.120s]       |          [01;31m[K^~~~~~~~~~~~~~~~~~~~~~~~~~~~~~~~~~~~~~~~[m[K
[0.120s] compilation terminated.
[0.120s] make[2]: *** [CMakeFiles/lab1_interfaces__rosidl_typesupport_introspection_cpp.dir/build.make:110: CMakeFiles/lab1_interfaces__rosidl_typesupport_introspection_cpp.dir/rosidl_typesupport_introspection_cpp/lab1_interfaces/srv/detail/set_noise__type_support.cpp.o] Error 1
[0.121s] make[2]: *** [CMakeFiles/lab1_interfaces__rosidl_typesupport_cpp.dir/build.make:105: CMakeFiles/lab1_interfaces__rosidl_typesupport_cpp.dir/rosidl_typesupport_cpp/lab1_interfaces/srv/set_noise__type_support.cpp.o] Error 1
[0.121s] make[1]: *** [CMakeFiles/Makefile2:526: CMakeFiles/lab1_interfaces__rosidl_typesupport_introspection_cpp.dir/all] Error 2
[0.121s] make[1]: *** [CMakeFiles/Makefile2:467: CMakeFiles/lab1_interfaces__rosidl_typesupport_cpp.dir/all] Error 2
[0.124s] In file included from [01m[K/home/ronnakon/FRA333-KINEMATICS/fra333_lab1_23/fra333_ws/build/lab1_interfaces/rosidl_typesupport_fastrtps_cpp/lab1_interfaces/srv/detail/set_noise__rosidl_typesupport_fastrtps_cpp.hpp:11[m[K,
[0.124s]                  from [01m[K/home/ronnakon/FRA333-KINEMATICS/fra333_lab1_23/fra333_ws/build/lab1_interfaces/rosidl_typesupport_fastrtps_cpp/lab1_interfaces/srv/detail/dds_fastrtps/set_noise__type_support.cpp:4[m[K:
[0.124s] [01m[K/home/ronnakon/FRA333-KINEMATICS/fra333_lab1_23/fra333_ws/build/lab1_interfaces/rosidl_generator_cpp/lab1_interfaces/srv/detail/set_noise__struct.hpp:20:10:[m[K [01;31m[Kfatal error: [m[Kstd_msg/msg/detail/float64__struct.hpp: No such file or directory
[0.125s]    20 | #include [01;31m[K"std_msg/msg/detail/float64__struct.hpp"[m[K
[0.125s]       |          [01;31m[K^~~~~~~~~~~~~~~~~~~~~~~~~~~~~~~~~~~~~~~~[m[K
[0.125s] compilation terminated.
[0.126s] make[2]: *** [CMakeFiles/lab1_interfaces__rosidl_typesupport_fastrtps_cpp.dir/build.make:110: CMakeFiles/lab1_interfaces__rosidl_typesupport_fastrtps_cpp.dir/rosidl_typesupport_fastrtps_cpp/lab1_interfaces/srv/detail/dds_fastrtps/set_noise__type_support.cpp.o] Error 1
[0.126s] make[1]: *** [CMakeFiles/Makefile2:413: CMakeFiles/lab1_interfaces__rosidl_typesupport_fastrtps_cpp.dir/all] Error 2
[0.126s] make: *** [Makefile:141: all] Error 2
[0.128s] Invoked command in '/home/ronnakon/FRA333-KINEMATICS/fra333_lab1_23/fra333_ws/build/lab1_interfaces' returned '2': CMAKE_PREFIX_PATH=/opt/ros/foxy /usr/bin/cmake --build /home/ronnakon/FRA333-KINEMATICS/fra333_lab1_23/fra333_ws/build/lab1_interfaces -- -j12 -l12
