[0.044s] Invoking command in '/home/ronnakon/FRA333-KINEMATICS/LAB3/build/ros2_control_demo_3r_robot': CMAKE_PREFIX_PATH=${CMAKE_PREFIX_PATH}:/opt/ros/foxy /usr/bin/cmake /home/ronnakon/FRA333-KINEMATICS/LAB3/src/ros2_control_demo_3r_robot-main -DAMENT_CMAKE_SYMLINK_INSTALL=1 -DCMAKE_INSTALL_PREFIX=/home/ronnakon/FRA333-KINEMATICS/LAB3/install/ros2_control_demo_3r_robot
[0.064s] -- Found rosidl_default_generators: 1.0.1 (/opt/ros/foxy/share/rosidl_default_generators/cmake)
[0.064s] -- Found ament_cmake_core: 0.9.11 (/opt/ros/foxy/share/ament_cmake_core/cmake)
[0.094s] -- Using PYTHON_EXECUTABLE: /usr/bin/python3
[0.351s] -- Override CMake install command with custom implementation using symlinks instead of copying resources
[0.359s] -- Using all available rosidl_typesupport_c: rosidl_typesupport_fastrtps_c;rosidl_typesupport_introspection_c
[0.366s] -- Found rosidl_adapter: 1.3.0 (/opt/ros/foxy/share/rosidl_adapter/cmake)
[0.551s] -- Using all available rosidl_typesupport_cpp: rosidl_typesupport_fastrtps_cpp;rosidl_typesupport_introspection_cpp
[0.590s] -- Found geometry_msgs: 2.0.5 (/opt/ros/foxy/share/geometry_msgs/cmake)
[0.690s] -- Found rclcpp: 2.4.2 (/opt/ros/foxy/share/rclcpp/cmake)
[0.732s] -- Found rmw_implementation_cmake: 1.0.3 (/opt/ros/foxy/share/rmw_implementation_cmake/cmake)
[0.733s] -- Using RMW implementation 'rmw_fastrtps_cpp' as default
[0.893s] -- Found rclpy: 1.0.11 (/opt/ros/foxy/share/rclpy/cmake)
[1.001s] -- Configuring done
[1.009s] -- Generating done
[1.012s] -- Build files have been written to: /home/ronnakon/FRA333-KINEMATICS/LAB3/build/ros2_control_demo_3r_robot
[1.021s] Invoked command in '/home/ronnakon/FRA333-KINEMATICS/LAB3/build/ros2_control_demo_3r_robot' returned '0': CMAKE_PREFIX_PATH=${CMAKE_PREFIX_PATH}:/opt/ros/foxy /usr/bin/cmake /home/ronnakon/FRA333-KINEMATICS/LAB3/src/ros2_control_demo_3r_robot-main -DAMENT_CMAKE_SYMLINK_INSTALL=1 -DCMAKE_INSTALL_PREFIX=/home/ronnakon/FRA333-KINEMATICS/LAB3/install/ros2_control_demo_3r_robot
[1.029s] Invoking command in '/home/ronnakon/FRA333-KINEMATICS/LAB3/build/ros2_control_demo_3r_robot': CMAKE_PREFIX_PATH=${CMAKE_PREFIX_PATH}:/opt/ros/foxy /usr/bin/cmake --build /home/ronnakon/FRA333-KINEMATICS/LAB3/build/ros2_control_demo_3r_robot -- -j4 -l4
[1.087s] Invoked command in '/home/ronnakon/FRA333-KINEMATICS/LAB3/build/ros2_control_demo_3r_robot' returned '0': CMAKE_PREFIX_PATH=${CMAKE_PREFIX_PATH}:/opt/ros/foxy /usr/bin/cmake --build /home/ronnakon/FRA333-KINEMATICS/LAB3/build/ros2_control_demo_3r_robot -- -j4 -l4
[1.149s] Invoking command in '/home/ronnakon/FRA333-KINEMATICS/LAB3/build/ros2_control_demo_3r_robot': CMAKE_PREFIX_PATH=${CMAKE_PREFIX_PATH}:/opt/ros/foxy /usr/bin/cmake --install /home/ronnakon/FRA333-KINEMATICS/LAB3/build/ros2_control_demo_3r_robot
[1.166s] -- Install configuration: ""
[1.166s] -- Execute custom install script
[1.167s] -- Up-to-date symlink: /home/ronnakon/FRA333-KINEMATICS/LAB3/install/ros2_control_demo_3r_robot/share/ros2_control_demo_3r_robot/environment/pythonpath.sh
[1.167s] -- Up-to-date symlink: /home/ronnakon/FRA333-KINEMATICS/LAB3/install/ros2_control_demo_3r_robot/share/ros2_control_demo_3r_robot/environment/pythonpath.dsv
[1.180s] -- Up-to-date symlink: /home/ronnakon/FRA333-KINEMATICS/LAB3/install/ros2_control_demo_3r_robot/lib/python3.8/site-packages/ros2_control_demo_3r_robot/__init__.py
[1.181s] -- Up-to-date symlink: /home/ronnakon/FRA333-KINEMATICS/LAB3/install/ros2_control_demo_3r_robot/lib/ros2_control_demo_3r_robot/trajectory_gen.py
[1.183s] -- Up-to-date symlink: /home/ronnakon/FRA333-KINEMATICS/LAB3/install/ros2_control_demo_3r_robot/share/ros2_control_demo_3r_robot/description/example_gazebo.xacro
[1.183s] -- Up-to-date symlink: /home/ronnakon/FRA333-KINEMATICS/LAB3/install/ros2_control_demo_3r_robot/share/ros2_control_demo_3r_robot/description/example_include.xacro
[1.184s] -- Up-to-date symlink: /home/ronnakon/FRA333-KINEMATICS/LAB3/install/ros2_control_demo_3r_robot/share/ros2_control_demo_3r_robot/description/example_robot.urdf.xacro
[1.185s] -- Up-to-date symlink: /home/ronnakon/FRA333-KINEMATICS/LAB3/install/ros2_control_demo_3r_robot/share/ros2_control_demo_3r_robot/launch/dummy_gazebo.launch.py
[1.186s] -- Up-to-date symlink: /home/ronnakon/FRA333-KINEMATICS/LAB3/install/ros2_control_demo_3r_robot/share/ros2_control_demo_3r_robot/config/myrobot_controllers.yaml
[1.188s] -- Up-to-date symlink: /home/ronnakon/FRA333-KINEMATICS/LAB3/install/ros2_control_demo_3r_robot/share/ros2_control_demo_3r_robot/scripts/trajectory_gen.py
[1.189s] -- Up-to-date symlink: /home/ronnakon/FRA333-KINEMATICS/LAB3/install/ros2_control_demo_3r_robot/share/ros2_control_demo_3r_robot/meshes/link_0.stl
[1.190s] -- Up-to-date symlink: /home/ronnakon/FRA333-KINEMATICS/LAB3/install/ros2_control_demo_3r_robot/share/ros2_control_demo_3r_robot/meshes/link_1.stl
[1.190s] -- Up-to-date symlink: /home/ronnakon/FRA333-KINEMATICS/LAB3/install/ros2_control_demo_3r_robot/share/ros2_control_demo_3r_robot/meshes/link_2.stl
[1.190s] -- Up-to-date symlink: /home/ronnakon/FRA333-KINEMATICS/LAB3/install/ros2_control_demo_3r_robot/share/ros2_control_demo_3r_robot/meshes/link_3.stl
[1.190s] -- Up-to-date symlink: /home/ronnakon/FRA333-KINEMATICS/LAB3/install/ros2_control_demo_3r_robot/share/ament_index/resource_index/package_run_dependencies/ros2_control_demo_3r_robot
[1.191s] -- Up-to-date symlink: /home/ronnakon/FRA333-KINEMATICS/LAB3/install/ros2_control_demo_3r_robot/share/ament_index/resource_index/parent_prefix_path/ros2_control_demo_3r_robot
[1.191s] -- Up-to-date symlink: /home/ronnakon/FRA333-KINEMATICS/LAB3/install/ros2_control_demo_3r_robot/share/ros2_control_demo_3r_robot/environment/ament_prefix_path.sh
[1.192s] -- Up-to-date symlink: /home/ronnakon/FRA333-KINEMATICS/LAB3/install/ros2_control_demo_3r_robot/share/ros2_control_demo_3r_robot/environment/ament_prefix_path.dsv
[1.192s] -- Up-to-date symlink: /home/ronnakon/FRA333-KINEMATICS/LAB3/install/ros2_control_demo_3r_robot/share/ros2_control_demo_3r_robot/environment/path.sh
[1.192s] -- Up-to-date symlink: /home/ronnakon/FRA333-KINEMATICS/LAB3/install/ros2_control_demo_3r_robot/share/ros2_control_demo_3r_robot/environment/path.dsv
[1.193s] -- Up-to-date symlink: /home/ronnakon/FRA333-KINEMATICS/LAB3/install/ros2_control_demo_3r_robot/share/ros2_control_demo_3r_robot/local_setup.bash
[1.193s] -- Up-to-date symlink: /home/ronnakon/FRA333-KINEMATICS/LAB3/install/ros2_control_demo_3r_robot/share/ros2_control_demo_3r_robot/local_setup.sh
[1.193s] -- Up-to-date symlink: /home/ronnakon/FRA333-KINEMATICS/LAB3/install/ros2_control_demo_3r_robot/share/ros2_control_demo_3r_robot/local_setup.zsh
[1.194s] -- Up-to-date symlink: /home/ronnakon/FRA333-KINEMATICS/LAB3/install/ros2_control_demo_3r_robot/share/ros2_control_demo_3r_robot/local_setup.dsv
[1.194s] -- Symlinking: /home/ronnakon/FRA333-KINEMATICS/LAB3/install/ros2_control_demo_3r_robot/share/ros2_control_demo_3r_robot/package.dsv
[1.210s] -- Up-to-date symlink: /home/ronnakon/FRA333-KINEMATICS/LAB3/install/ros2_control_demo_3r_robot/share/ament_index/resource_index/packages/ros2_control_demo_3r_robot
[1.211s] -- Up-to-date symlink: /home/ronnakon/FRA333-KINEMATICS/LAB3/install/ros2_control_demo_3r_robot/share/ros2_control_demo_3r_robot/cmake/ros2_control_demo_3r_robotConfig.cmake
[1.211s] -- Up-to-date symlink: /home/ronnakon/FRA333-KINEMATICS/LAB3/install/ros2_control_demo_3r_robot/share/ros2_control_demo_3r_robot/cmake/ros2_control_demo_3r_robotConfig-version.cmake
[1.212s] -- Up-to-date symlink: /home/ronnakon/FRA333-KINEMATICS/LAB3/install/ros2_control_demo_3r_robot/share/ros2_control_demo_3r_robot/package.xml
[1.254s] Listing '/home/ronnakon/FRA333-KINEMATICS/LAB3/install/ros2_control_demo_3r_robot/lib/python3.8/site-packages/ros2_control_demo_3r_robot'...
[1.265s] Invoked command in '/home/ronnakon/FRA333-KINEMATICS/LAB3/build/ros2_control_demo_3r_robot' returned '0': CMAKE_PREFIX_PATH=${CMAKE_PREFIX_PATH}:/opt/ros/foxy /usr/bin/cmake --install /home/ronnakon/FRA333-KINEMATICS/LAB3/build/ros2_control_demo_3r_robot
