[0.203s] DEBUG:colcon:Command line arguments: ['/usr/bin/colcon', 'build', '--symlink-install']
[0.204s] DEBUG:colcon:Parsed command line arguments: Namespace(allow_overriding=[], ament_cmake_args=None, base_paths=['.'], build_base='build', catkin_cmake_args=None, catkin_skip_building_tests=False, cmake_args=None, cmake_clean_cache=False, cmake_clean_first=False, cmake_force_configure=False, cmake_target=None, cmake_target_skip_unavailable=False, continue_on_error=False, event_handlers=None, executor='parallel', ignore_user_meta=False, install_base='install', log_base=None, log_level=None, main=<bound method BuildVerb.main of <colcon_core.verb.build.BuildVerb object at 0x7f2e5908f430>>, merge_install=False, metas=['./colcon.meta'], packages_above=None, packages_above_and_dependencies=None, packages_above_depth=None, packages_end=None, packages_ignore=None, packages_ignore_regex=None, packages_select=None, packages_select_build_failed=False, packages_select_by_dep=None, packages_select_regex=None, packages_select_test_failures=False, packages_skip=None, packages_skip_build_finished=False, packages_skip_by_dep=None, packages_skip_regex=None, packages_skip_test_passed=False, packages_skip_up_to=None, packages_start=None, packages_up_to=None, packages_up_to_regex=None, parallel_workers=4, paths=None, symlink_install=True, test_result_base=None, verb_extension=<colcon_core.verb.build.BuildVerb object at 0x7f2e5908f430>, verb_name='build', verb_parser=<colcon_defaults.argument_parser.defaults.DefaultArgumentsDecorator object at 0x7f2e5908f970>)
[0.234s] Level 1:colcon.colcon_core.package_discovery:discover_packages(colcon_meta) check parameters
[0.234s] Level 1:colcon.colcon_core.package_discovery:discover_packages(recursive) check parameters
[0.234s] Level 1:colcon.colcon_core.package_discovery:discover_packages(ignore) check parameters
[0.234s] Level 1:colcon.colcon_core.package_discovery:discover_packages(path) check parameters
[0.234s] Level 1:colcon.colcon_core.package_discovery:discover_packages(colcon_meta) discover
[0.235s] Level 1:colcon.colcon_core.package_discovery:discover_packages(recursive) discover
[0.235s] INFO:colcon.colcon_core.package_discovery:Crawling recursively for packages in '/home/ronnakon/FRA333-KINEMATICS/fra333_lab4-main'
[0.235s] Level 1:colcon.colcon_core.package_identification:_identify(.) by extensions ['ignore', 'ignore_ament_install']
[0.235s] Level 1:colcon.colcon_core.package_identification:_identify(.) by extension 'ignore'
[0.235s] Level 1:colcon.colcon_core.package_identification:_identify(.) by extension 'ignore_ament_install'
[0.235s] Level 1:colcon.colcon_core.package_identification:_identify(.) by extensions ['colcon_pkg']
[0.235s] Level 1:colcon.colcon_core.package_identification:_identify(.) by extension 'colcon_pkg'
[0.235s] Level 1:colcon.colcon_core.package_identification:_identify(.) by extensions ['colcon_meta']
[0.235s] Level 1:colcon.colcon_core.package_identification:_identify(.) by extension 'colcon_meta'
[0.235s] Level 1:colcon.colcon_core.package_identification:_identify(.) by extensions ['ros']
[0.235s] Level 1:colcon.colcon_core.package_identification:_identify(.) by extension 'ros'
[0.249s] Level 1:colcon.colcon_core.package_identification:_identify(.) by extensions ['cmake', 'python']
[0.249s] Level 1:colcon.colcon_core.package_identification:_identify(.) by extension 'cmake'
[0.249s] Level 1:colcon.colcon_core.package_identification:_identify(.) by extension 'python'
[0.250s] Level 1:colcon.colcon_core.package_identification:_identify(.) by extensions ['python_setup_py']
[0.250s] Level 1:colcon.colcon_core.package_identification:_identify(.) by extension 'python_setup_py'
[0.250s] Level 1:colcon.colcon_core.package_identification:_identify(build) by extensions ['ignore', 'ignore_ament_install']
[0.250s] Level 1:colcon.colcon_core.package_identification:_identify(build) by extension 'ignore'
[0.250s] Level 1:colcon.colcon_core.package_identification:_identify(build) ignored
[0.251s] Level 1:colcon.colcon_core.package_identification:_identify(install) by extensions ['ignore', 'ignore_ament_install']
[0.251s] Level 1:colcon.colcon_core.package_identification:_identify(install) by extension 'ignore'
[0.251s] Level 1:colcon.colcon_core.package_identification:_identify(install) ignored
[0.251s] Level 1:colcon.colcon_core.package_identification:_identify(lab4) by extensions ['ignore', 'ignore_ament_install']
[0.251s] Level 1:colcon.colcon_core.package_identification:_identify(lab4) by extension 'ignore'
[0.251s] Level 1:colcon.colcon_core.package_identification:_identify(lab4) by extension 'ignore_ament_install'
[0.252s] Level 1:colcon.colcon_core.package_identification:_identify(lab4) by extensions ['colcon_pkg']
[0.252s] Level 1:colcon.colcon_core.package_identification:_identify(lab4) by extension 'colcon_pkg'
[0.252s] Level 1:colcon.colcon_core.package_identification:_identify(lab4) by extensions ['colcon_meta']
[0.252s] Level 1:colcon.colcon_core.package_identification:_identify(lab4) by extension 'colcon_meta'
[0.252s] Level 1:colcon.colcon_core.package_identification:_identify(lab4) by extensions ['ros']
[0.252s] Level 1:colcon.colcon_core.package_identification:_identify(lab4) by extension 'ros'
[0.252s] Level 1:colcon.colcon_core.package_identification:_identify(lab4) by extensions ['cmake', 'python']
[0.252s] Level 1:colcon.colcon_core.package_identification:_identify(lab4) by extension 'cmake'
[0.252s] Level 1:colcon.colcon_core.package_identification:_identify(lab4) by extension 'python'
[0.252s] Level 1:colcon.colcon_core.package_identification:_identify(lab4) by extensions ['python_setup_py']
[0.252s] Level 1:colcon.colcon_core.package_identification:_identify(lab4) by extension 'python_setup_py'
[0.252s] Level 1:colcon.colcon_core.package_identification:_identify(lab4/romeona_control) by extensions ['ignore', 'ignore_ament_install']
[0.252s] Level 1:colcon.colcon_core.package_identification:_identify(lab4/romeona_control) by extension 'ignore'
[0.252s] Level 1:colcon.colcon_core.package_identification:_identify(lab4/romeona_control) by extension 'ignore_ament_install'
[0.253s] Level 1:colcon.colcon_core.package_identification:_identify(lab4/romeona_control) by extensions ['colcon_pkg']
[0.253s] Level 1:colcon.colcon_core.package_identification:_identify(lab4/romeona_control) by extension 'colcon_pkg'
[0.253s] Level 1:colcon.colcon_core.package_identification:_identify(lab4/romeona_control) by extensions ['colcon_meta']
[0.253s] Level 1:colcon.colcon_core.package_identification:_identify(lab4/romeona_control) by extension 'colcon_meta'
[0.253s] Level 1:colcon.colcon_core.package_identification:_identify(lab4/romeona_control) by extensions ['ros']
[0.253s] Level 1:colcon.colcon_core.package_identification:_identify(lab4/romeona_control) by extension 'ros'
[0.256s] DEBUG:colcon.colcon_core.package_identification:Package 'lab4/romeona_control' with type 'ros.ament_cmake' and name 'romeona_control'
[0.257s] Level 1:colcon.colcon_core.package_identification:_identify(lab4/romeona_description) by extensions ['ignore', 'ignore_ament_install']
[0.259s] Level 1:colcon.colcon_core.package_identification:_identify(lab4/romeona_description) by extension 'ignore'
[0.259s] Level 1:colcon.colcon_core.package_identification:_identify(lab4/romeona_description) by extension 'ignore_ament_install'
[0.259s] Level 1:colcon.colcon_core.package_identification:_identify(lab4/romeona_description) by extensions ['colcon_pkg']
[0.259s] Level 1:colcon.colcon_core.package_identification:_identify(lab4/romeona_description) by extension 'colcon_pkg'
[0.259s] Level 1:colcon.colcon_core.package_identification:_identify(lab4/romeona_description) by extensions ['colcon_meta']
[0.259s] Level 1:colcon.colcon_core.package_identification:_identify(lab4/romeona_description) by extension 'colcon_meta'
[0.259s] Level 1:colcon.colcon_core.package_identification:_identify(lab4/romeona_description) by extensions ['ros']
[0.259s] Level 1:colcon.colcon_core.package_identification:_identify(lab4/romeona_description) by extension 'ros'
[0.260s] DEBUG:colcon.colcon_core.package_identification:Package 'lab4/romeona_description' with type 'ros.ament_cmake' and name 'romeona_description'
[0.260s] Level 1:colcon.colcon_core.package_identification:_identify(lab4/romeona_interfaces) by extensions ['ignore', 'ignore_ament_install']
[0.261s] Level 1:colcon.colcon_core.package_identification:_identify(lab4/romeona_interfaces) by extension 'ignore'
[0.261s] Level 1:colcon.colcon_core.package_identification:_identify(lab4/romeona_interfaces) by extension 'ignore_ament_install'
[0.261s] Level 1:colcon.colcon_core.package_identification:_identify(lab4/romeona_interfaces) by extensions ['colcon_pkg']
[0.261s] Level 1:colcon.colcon_core.package_identification:_identify(lab4/romeona_interfaces) by extension 'colcon_pkg'
[0.261s] Level 1:colcon.colcon_core.package_identification:_identify(lab4/romeona_interfaces) by extensions ['colcon_meta']
[0.261s] Level 1:colcon.colcon_core.package_identification:_identify(lab4/romeona_interfaces) by extension 'colcon_meta'
[0.261s] Level 1:colcon.colcon_core.package_identification:_identify(lab4/romeona_interfaces) by extensions ['ros']
[0.261s] Level 1:colcon.colcon_core.package_identification:_identify(lab4/romeona_interfaces) by extension 'ros'
[0.262s] DEBUG:colcon.colcon_core.package_identification:Package 'lab4/romeona_interfaces' with type 'ros.ament_cmake' and name 'romeona_interfaces'
[0.262s] Level 1:colcon.colcon_core.package_identification:_identify(log) by extensions ['ignore', 'ignore_ament_install']
[0.262s] Level 1:colcon.colcon_core.package_identification:_identify(log) by extension 'ignore'
[0.262s] Level 1:colcon.colcon_core.package_identification:_identify(log) ignored
[0.262s] Level 1:colcon.colcon_core.package_discovery:discover_packages(recursive) using defaults
[0.262s] Level 1:colcon.colcon_core.package_discovery:discover_packages(ignore) discover
[0.262s] Level 1:colcon.colcon_core.package_discovery:discover_packages(ignore) using defaults
[0.262s] Level 1:colcon.colcon_core.package_discovery:discover_packages(path) discover
[0.262s] Level 1:colcon.colcon_core.package_discovery:discover_packages(path) using defaults
[0.312s] Level 1:colcon.colcon_core.package_discovery:discover_packages(prefix_path) check parameters
[0.312s] Level 1:colcon.colcon_core.package_discovery:discover_packages(prefix_path) discover
[0.318s] DEBUG:colcon.colcon_installed_package_information.package_discovery:Found 271 installed packages in /opt/ros/foxy
[0.321s] Level 1:colcon.colcon_core.package_discovery:discover_packages(prefix_path) using defaults
[0.408s] Level 5:colcon.colcon_core.verb:set package 'romeona_control' build argument 'cmake_args' from command line to 'None'
[0.409s] Level 5:colcon.colcon_core.verb:set package 'romeona_control' build argument 'cmake_target' from command line to 'None'
[0.409s] Level 5:colcon.colcon_core.verb:set package 'romeona_control' build argument 'cmake_target_skip_unavailable' from command line to 'False'
[0.409s] Level 5:colcon.colcon_core.verb:set package 'romeona_control' build argument 'cmake_clean_cache' from command line to 'False'
[0.409s] Level 5:colcon.colcon_core.verb:set package 'romeona_control' build argument 'cmake_clean_first' from command line to 'False'
[0.409s] Level 5:colcon.colcon_core.verb:set package 'romeona_control' build argument 'cmake_force_configure' from command line to 'False'
[0.409s] Level 5:colcon.colcon_core.verb:set package 'romeona_control' build argument 'ament_cmake_args' from command line to 'None'
[0.409s] Level 5:colcon.colcon_core.verb:set package 'romeona_control' build argument 'catkin_cmake_args' from command line to 'None'
[0.409s] Level 5:colcon.colcon_core.verb:set package 'romeona_control' build argument 'catkin_skip_building_tests' from command line to 'False'
[0.409s] DEBUG:colcon.colcon_core.verb:Building package 'romeona_control' with the following arguments: {'ament_cmake_args': None, 'build_base': '/home/ronnakon/FRA333-KINEMATICS/fra333_lab4-main/build/romeona_control', 'catkin_cmake_args': None, 'catkin_skip_building_tests': False, 'cmake_args': None, 'cmake_clean_cache': False, 'cmake_clean_first': False, 'cmake_force_configure': False, 'cmake_target': None, 'cmake_target_skip_unavailable': False, 'install_base': '/home/ronnakon/FRA333-KINEMATICS/fra333_lab4-main/install/romeona_control', 'merge_install': False, 'path': '/home/ronnakon/FRA333-KINEMATICS/fra333_lab4-main/lab4/romeona_control', 'symlink_install': True, 'test_result_base': None}
[0.410s] Level 5:colcon.colcon_core.verb:set package 'romeona_description' build argument 'cmake_args' from command line to 'None'
[0.410s] Level 5:colcon.colcon_core.verb:set package 'romeona_description' build argument 'cmake_target' from command line to 'None'
[0.410s] Level 5:colcon.colcon_core.verb:set package 'romeona_description' build argument 'cmake_target_skip_unavailable' from command line to 'False'
[0.410s] Level 5:colcon.colcon_core.verb:set package 'romeona_description' build argument 'cmake_clean_cache' from command line to 'False'
[0.410s] Level 5:colcon.colcon_core.verb:set package 'romeona_description' build argument 'cmake_clean_first' from command line to 'False'
[0.410s] Level 5:colcon.colcon_core.verb:set package 'romeona_description' build argument 'cmake_force_configure' from command line to 'False'
[0.410s] Level 5:colcon.colcon_core.verb:set package 'romeona_description' build argument 'ament_cmake_args' from command line to 'None'
[0.410s] Level 5:colcon.colcon_core.verb:set package 'romeona_description' build argument 'catkin_cmake_args' from command line to 'None'
[0.410s] Level 5:colcon.colcon_core.verb:set package 'romeona_description' build argument 'catkin_skip_building_tests' from command line to 'False'
[0.411s] DEBUG:colcon.colcon_core.verb:Building package 'romeona_description' with the following arguments: {'ament_cmake_args': None, 'build_base': '/home/ronnakon/FRA333-KINEMATICS/fra333_lab4-main/build/romeona_description', 'catkin_cmake_args': None, 'catkin_skip_building_tests': False, 'cmake_args': None, 'cmake_clean_cache': False, 'cmake_clean_first': False, 'cmake_force_configure': False, 'cmake_target': None, 'cmake_target_skip_unavailable': False, 'install_base': '/home/ronnakon/FRA333-KINEMATICS/fra333_lab4-main/install/romeona_description', 'merge_install': False, 'path': '/home/ronnakon/FRA333-KINEMATICS/fra333_lab4-main/lab4/romeona_description', 'symlink_install': True, 'test_result_base': None}
[0.412s] Level 5:colcon.colcon_core.verb:set package 'romeona_interfaces' build argument 'cmake_args' from command line to 'None'
[0.412s] Level 5:colcon.colcon_core.verb:set package 'romeona_interfaces' build argument 'cmake_target' from command line to 'None'
[0.412s] Level 5:colcon.colcon_core.verb:set package 'romeona_interfaces' build argument 'cmake_target_skip_unavailable' from command line to 'False'
[0.412s] Level 5:colcon.colcon_core.verb:set package 'romeona_interfaces' build argument 'cmake_clean_cache' from command line to 'False'
[0.412s] Level 5:colcon.colcon_core.verb:set package 'romeona_interfaces' build argument 'cmake_clean_first' from command line to 'False'
[0.412s] Level 5:colcon.colcon_core.verb:set package 'romeona_interfaces' build argument 'cmake_force_configure' from command line to 'False'
[0.412s] Level 5:colcon.colcon_core.verb:set package 'romeona_interfaces' build argument 'ament_cmake_args' from command line to 'None'
[0.412s] Level 5:colcon.colcon_core.verb:set package 'romeona_interfaces' build argument 'catkin_cmake_args' from command line to 'None'
[0.412s] Level 5:colcon.colcon_core.verb:set package 'romeona_interfaces' build argument 'catkin_skip_building_tests' from command line to 'False'
[0.412s] DEBUG:colcon.colcon_core.verb:Building package 'romeona_interfaces' with the following arguments: {'ament_cmake_args': None, 'build_base': '/home/ronnakon/FRA333-KINEMATICS/fra333_lab4-main/build/romeona_interfaces', 'catkin_cmake_args': None, 'catkin_skip_building_tests': False, 'cmake_args': None, 'cmake_clean_cache': False, 'cmake_clean_first': False, 'cmake_force_configure': False, 'cmake_target': None, 'cmake_target_skip_unavailable': False, 'install_base': '/home/ronnakon/FRA333-KINEMATICS/fra333_lab4-main/install/romeona_interfaces', 'merge_install': False, 'path': '/home/ronnakon/FRA333-KINEMATICS/fra333_lab4-main/lab4/romeona_interfaces', 'symlink_install': True, 'test_result_base': None}
[0.413s] INFO:colcon.colcon_core.executor:Executing jobs using 'parallel' executor
[0.418s] DEBUG:colcon.colcon_parallel_executor.executor.parallel:run_until_complete
[0.418s] INFO:colcon.colcon_ros.task.ament_cmake.build:Building ROS package in '/home/ronnakon/FRA333-KINEMATICS/fra333_lab4-main/lab4/romeona_control' with build type 'ament_cmake'
[0.418s] INFO:colcon.colcon_cmake.task.cmake.build:Building CMake package in '/home/ronnakon/FRA333-KINEMATICS/fra333_lab4-main/lab4/romeona_control'
[0.424s] INFO:colcon.colcon_core.plugin_system:Skipping extension 'colcon_core.shell.bat': Not used on non-Windows systems
[0.424s] INFO:colcon.colcon_core.shell:Skip shell extension 'powershell' for command environment: Not usable outside of PowerShell
[0.424s] DEBUG:colcon.colcon_core.shell:Skip shell extension 'dsv' for command environment
[0.432s] INFO:colcon.colcon_ros.task.ament_cmake.build:Building ROS package in '/home/ronnakon/FRA333-KINEMATICS/fra333_lab4-main/lab4/romeona_description' with build type 'ament_cmake'
[0.432s] INFO:colcon.colcon_cmake.task.cmake.build:Building CMake package in '/home/ronnakon/FRA333-KINEMATICS/fra333_lab4-main/lab4/romeona_description'
[0.435s] INFO:colcon.colcon_core.shell:Skip shell extension 'powershell' for command environment: Not usable outside of PowerShell
[0.435s] DEBUG:colcon.colcon_core.shell:Skip shell extension 'dsv' for command environment
[0.443s] INFO:colcon.colcon_ros.task.ament_cmake.build:Building ROS package in '/home/ronnakon/FRA333-KINEMATICS/fra333_lab4-main/lab4/romeona_interfaces' with build type 'ament_cmake'
[0.443s] INFO:colcon.colcon_cmake.task.cmake.build:Building CMake package in '/home/ronnakon/FRA333-KINEMATICS/fra333_lab4-main/lab4/romeona_interfaces'
[0.449s] INFO:colcon.colcon_core.shell:Skip shell extension 'powershell' for command environment: Not usable outside of PowerShell
[0.450s] DEBUG:colcon.colcon_core.shell:Skip shell extension 'dsv' for command environment
[0.471s] DEBUG:colcon.colcon_core.event_handler.log_command:Invoking command in '/home/ronnakon/FRA333-KINEMATICS/fra333_lab4-main/build/romeona_control': CMAKE_PREFIX_PATH=/opt/ros/foxy /usr/bin/cmake --build /home/ronnakon/FRA333-KINEMATICS/fra333_lab4-main/build/romeona_control -- -j4 -l4
[0.483s] DEBUG:colcon.colcon_core.event_handler.log_command:Invoking command in '/home/ronnakon/FRA333-KINEMATICS/fra333_lab4-main/build/romeona_description': CMAKE_PREFIX_PATH=/opt/ros/foxy /usr/bin/cmake --build /home/ronnakon/FRA333-KINEMATICS/fra333_lab4-main/build/romeona_description -- -j4 -l4
[0.495s] DEBUG:colcon.colcon_core.event_handler.log_command:Invoking command in '/home/ronnakon/FRA333-KINEMATICS/fra333_lab4-main/build/romeona_interfaces': CMAKE_PREFIX_PATH=/opt/ros/foxy /usr/bin/cmake --build /home/ronnakon/FRA333-KINEMATICS/fra333_lab4-main/build/romeona_interfaces -- -j4 -l4
[0.555s] DEBUG:colcon.colcon_core.event_handler.log_command:Invoked command in '/home/ronnakon/FRA333-KINEMATICS/fra333_lab4-main/build/romeona_control' returned '0': CMAKE_PREFIX_PATH=/opt/ros/foxy /usr/bin/cmake --build /home/ronnakon/FRA333-KINEMATICS/fra333_lab4-main/build/romeona_control -- -j4 -l4
[0.660s] DEBUG:colcon.colcon_core.event_handler.log_command:Invoking command in '/home/ronnakon/FRA333-KINEMATICS/fra333_lab4-main/build/romeona_control': CMAKE_PREFIX_PATH=/opt/ros/foxy /usr/bin/cmake --install /home/ronnakon/FRA333-KINEMATICS/fra333_lab4-main/build/romeona_control
[0.780s] Level 1:colcon.colcon_core.environment:create_environment_scripts_only(romeona_control)
[0.784s] DEBUG:colcon.colcon_core.event_handler.log_command:Invoked command in '/home/ronnakon/FRA333-KINEMATICS/fra333_lab4-main/build/romeona_control' returned '0': CMAKE_PREFIX_PATH=/opt/ros/foxy /usr/bin/cmake --install /home/ronnakon/FRA333-KINEMATICS/fra333_lab4-main/build/romeona_control
[0.793s] Level 1:colcon.colcon_core.environment:checking '/home/ronnakon/FRA333-KINEMATICS/fra333_lab4-main/install/romeona_control' for CMake module files
[0.794s] Level 1:colcon.colcon_core.environment:checking '/home/ronnakon/FRA333-KINEMATICS/fra333_lab4-main/install/romeona_control' for CMake config files
[0.794s] Level 1:colcon.colcon_core.shell:create_environment_hook('romeona_control', 'cmake_prefix_path')
[0.797s] INFO:colcon.colcon_core.shell:Creating environment hook '/home/ronnakon/FRA333-KINEMATICS/fra333_lab4-main/install/romeona_control/share/romeona_control/hook/cmake_prefix_path.ps1'
[0.798s] INFO:colcon.colcon_core.shell:Creating environment descriptor '/home/ronnakon/FRA333-KINEMATICS/fra333_lab4-main/install/romeona_control/share/romeona_control/hook/cmake_prefix_path.dsv'
[0.799s] INFO:colcon.colcon_core.shell:Creating environment hook '/home/ronnakon/FRA333-KINEMATICS/fra333_lab4-main/install/romeona_control/share/romeona_control/hook/cmake_prefix_path.sh'
[0.801s] Level 1:colcon.colcon_core.environment:checking '/home/ronnakon/FRA333-KINEMATICS/fra333_lab4-main/install/romeona_control/lib'
[0.801s] Level 1:colcon.colcon_core.environment:checking '/home/ronnakon/FRA333-KINEMATICS/fra333_lab4-main/install/romeona_control/bin'
[0.801s] Level 1:colcon.colcon_core.environment:checking '/home/ronnakon/FRA333-KINEMATICS/fra333_lab4-main/install/romeona_control/lib/pkgconfig/romeona_control.pc'
[0.801s] Level 1:colcon.colcon_core.environment:checking '/home/ronnakon/FRA333-KINEMATICS/fra333_lab4-main/install/romeona_control/lib/python3.8/site-packages'
[0.801s] Level 1:colcon.colcon_core.shell:create_environment_hook('romeona_control', 'pythonpath')
[0.803s] INFO:colcon.colcon_core.shell:Creating environment hook '/home/ronnakon/FRA333-KINEMATICS/fra333_lab4-main/install/romeona_control/share/romeona_control/hook/pythonpath.ps1'
[0.804s] INFO:colcon.colcon_core.shell:Creating environment descriptor '/home/ronnakon/FRA333-KINEMATICS/fra333_lab4-main/install/romeona_control/share/romeona_control/hook/pythonpath.dsv'
[0.805s] INFO:colcon.colcon_core.shell:Creating environment hook '/home/ronnakon/FRA333-KINEMATICS/fra333_lab4-main/install/romeona_control/share/romeona_control/hook/pythonpath.sh'
[0.805s] Level 1:colcon.colcon_core.environment:checking '/home/ronnakon/FRA333-KINEMATICS/fra333_lab4-main/install/romeona_control/bin'
[0.808s] INFO:colcon.colcon_core.shell:Creating package script '/home/ronnakon/FRA333-KINEMATICS/fra333_lab4-main/install/romeona_control/share/romeona_control/package.ps1'
[0.809s] INFO:colcon.colcon_core.shell:Creating package descriptor '/home/ronnakon/FRA333-KINEMATICS/fra333_lab4-main/install/romeona_control/share/romeona_control/package.dsv'
[0.810s] INFO:colcon.colcon_core.shell:Creating package script '/home/ronnakon/FRA333-KINEMATICS/fra333_lab4-main/install/romeona_control/share/romeona_control/package.sh'
[0.812s] INFO:colcon.colcon_core.shell:Creating package script '/home/ronnakon/FRA333-KINEMATICS/fra333_lab4-main/install/romeona_control/share/romeona_control/package.bash'
[0.814s] INFO:colcon.colcon_core.shell:Creating package script '/home/ronnakon/FRA333-KINEMATICS/fra333_lab4-main/install/romeona_control/share/romeona_control/package.zsh'
[0.815s] Level 1:colcon.colcon_core.environment:create_file_with_runtime_dependencies(/home/ronnakon/FRA333-KINEMATICS/fra333_lab4-main/install/romeona_control/share/colcon-core/packages/romeona_control)
[0.878s] Level 1:colcon.colcon_core.environment:create_environment_scripts_only(romeona_control)
[0.883s] Level 1:colcon.colcon_core.environment:checking '/home/ronnakon/FRA333-KINEMATICS/fra333_lab4-main/install/romeona_control' for CMake module files
[0.884s] Level 1:colcon.colcon_core.environment:checking '/home/ronnakon/FRA333-KINEMATICS/fra333_lab4-main/install/romeona_control' for CMake config files
[0.886s] Level 1:colcon.colcon_core.shell:create_environment_hook('romeona_control', 'cmake_prefix_path')
[0.889s] INFO:colcon.colcon_core.shell:Creating environment hook '/home/ronnakon/FRA333-KINEMATICS/fra333_lab4-main/install/romeona_control/share/romeona_control/hook/cmake_prefix_path.ps1'
[0.891s] INFO:colcon.colcon_core.shell:Creating environment descriptor '/home/ronnakon/FRA333-KINEMATICS/fra333_lab4-main/install/romeona_control/share/romeona_control/hook/cmake_prefix_path.dsv'
[0.892s] INFO:colcon.colcon_core.shell:Creating environment hook '/home/ronnakon/FRA333-KINEMATICS/fra333_lab4-main/install/romeona_control/share/romeona_control/hook/cmake_prefix_path.sh'
[0.894s] Level 1:colcon.colcon_core.environment:checking '/home/ronnakon/FRA333-KINEMATICS/fra333_lab4-main/install/romeona_control/lib'
[0.894s] Level 1:colcon.colcon_core.environment:checking '/home/ronnakon/FRA333-KINEMATICS/fra333_lab4-main/install/romeona_control/bin'
[0.895s] Level 1:colcon.colcon_core.environment:checking '/home/ronnakon/FRA333-KINEMATICS/fra333_lab4-main/install/romeona_control/lib/pkgconfig/romeona_control.pc'
[0.895s] Level 1:colcon.colcon_core.environment:checking '/home/ronnakon/FRA333-KINEMATICS/fra333_lab4-main/install/romeona_control/lib/python3.8/site-packages'
[0.896s] Level 1:colcon.colcon_core.shell:create_environment_hook('romeona_control', 'pythonpath')
[0.899s] INFO:colcon.colcon_core.shell:Creating environment hook '/home/ronnakon/FRA333-KINEMATICS/fra333_lab4-main/install/romeona_control/share/romeona_control/hook/pythonpath.ps1'
[0.900s] INFO:colcon.colcon_core.shell:Creating environment descriptor '/home/ronnakon/FRA333-KINEMATICS/fra333_lab4-main/install/romeona_control/share/romeona_control/hook/pythonpath.dsv'
[0.901s] INFO:colcon.colcon_core.shell:Creating environment hook '/home/ronnakon/FRA333-KINEMATICS/fra333_lab4-main/install/romeona_control/share/romeona_control/hook/pythonpath.sh'
[0.902s] Level 1:colcon.colcon_core.environment:checking '/home/ronnakon/FRA333-KINEMATICS/fra333_lab4-main/install/romeona_control/bin'
[0.906s] INFO:colcon.colcon_core.shell:Creating package script '/home/ronnakon/FRA333-KINEMATICS/fra333_lab4-main/install/romeona_control/share/romeona_control/package.ps1'
[0.908s] INFO:colcon.colcon_core.shell:Creating package descriptor '/home/ronnakon/FRA333-KINEMATICS/fra333_lab4-main/install/romeona_control/share/romeona_control/package.dsv'
[0.909s] INFO:colcon.colcon_core.shell:Creating package script '/home/ronnakon/FRA333-KINEMATICS/fra333_lab4-main/install/romeona_control/share/romeona_control/package.sh'
[0.910s] INFO:colcon.colcon_core.shell:Creating package script '/home/ronnakon/FRA333-KINEMATICS/fra333_lab4-main/install/romeona_control/share/romeona_control/package.bash'
[0.912s] INFO:colcon.colcon_core.shell:Creating package script '/home/ronnakon/FRA333-KINEMATICS/fra333_lab4-main/install/romeona_control/share/romeona_control/package.zsh'
[0.914s] Level 1:colcon.colcon_core.environment:create_file_with_runtime_dependencies(/home/ronnakon/FRA333-KINEMATICS/fra333_lab4-main/install/romeona_control/share/colcon-core/packages/romeona_control)
[1.092s] DEBUG:colcon.colcon_core.event_handler.log_command:Invoked command in '/home/ronnakon/FRA333-KINEMATICS/fra333_lab4-main/build/romeona_interfaces' returned '0': CMAKE_PREFIX_PATH=/opt/ros/foxy /usr/bin/cmake --build /home/ronnakon/FRA333-KINEMATICS/fra333_lab4-main/build/romeona_interfaces -- -j4 -l4
[1.188s] DEBUG:colcon.colcon_core.event_handler.log_command:Invoking command in '/home/ronnakon/FRA333-KINEMATICS/fra333_lab4-main/build/romeona_interfaces': CMAKE_PREFIX_PATH=/opt/ros/foxy /usr/bin/cmake --install /home/ronnakon/FRA333-KINEMATICS/fra333_lab4-main/build/romeona_interfaces
[1.304s] Level 1:colcon.colcon_core.environment:create_environment_scripts_only(romeona_interfaces)
[1.308s] Level 1:colcon.colcon_core.environment:checking '/home/ronnakon/FRA333-KINEMATICS/fra333_lab4-main/install/romeona_interfaces' for CMake module files
[1.309s] Level 1:colcon.colcon_core.environment:checking '/home/ronnakon/FRA333-KINEMATICS/fra333_lab4-main/install/romeona_interfaces' for CMake config files
[1.310s] Level 1:colcon.colcon_core.shell:create_environment_hook('romeona_interfaces', 'cmake_prefix_path')
[1.312s] INFO:colcon.colcon_core.shell:Creating environment hook '/home/ronnakon/FRA333-KINEMATICS/fra333_lab4-main/install/romeona_interfaces/share/romeona_interfaces/hook/cmake_prefix_path.ps1'
[1.312s] DEBUG:colcon.colcon_core.event_handler.log_command:Invoked command in '/home/ronnakon/FRA333-KINEMATICS/fra333_lab4-main/build/romeona_interfaces' returned '0': CMAKE_PREFIX_PATH=/opt/ros/foxy /usr/bin/cmake --install /home/ronnakon/FRA333-KINEMATICS/fra333_lab4-main/build/romeona_interfaces
[1.313s] INFO:colcon.colcon_core.shell:Creating environment descriptor '/home/ronnakon/FRA333-KINEMATICS/fra333_lab4-main/install/romeona_interfaces/share/romeona_interfaces/hook/cmake_prefix_path.dsv'
[1.314s] INFO:colcon.colcon_core.shell:Creating environment hook '/home/ronnakon/FRA333-KINEMATICS/fra333_lab4-main/install/romeona_interfaces/share/romeona_interfaces/hook/cmake_prefix_path.sh'
[1.315s] Level 1:colcon.colcon_core.environment:checking '/home/ronnakon/FRA333-KINEMATICS/fra333_lab4-main/install/romeona_interfaces/lib'
[1.315s] Level 1:colcon.colcon_core.shell:create_environment_hook('romeona_interfaces', 'ld_library_path_lib')
[1.317s] INFO:colcon.colcon_core.shell:Creating environment hook '/home/ronnakon/FRA333-KINEMATICS/fra333_lab4-main/install/romeona_interfaces/share/romeona_interfaces/hook/ld_library_path_lib.ps1'
[1.318s] INFO:colcon.colcon_core.shell:Creating environment descriptor '/home/ronnakon/FRA333-KINEMATICS/fra333_lab4-main/install/romeona_interfaces/share/romeona_interfaces/hook/ld_library_path_lib.dsv'
[1.318s] INFO:colcon.colcon_core.shell:Creating environment hook '/home/ronnakon/FRA333-KINEMATICS/fra333_lab4-main/install/romeona_interfaces/share/romeona_interfaces/hook/ld_library_path_lib.sh'
[1.318s] Level 1:colcon.colcon_core.environment:checking '/home/ronnakon/FRA333-KINEMATICS/fra333_lab4-main/install/romeona_interfaces/bin'
[1.319s] Level 1:colcon.colcon_core.environment:checking '/home/ronnakon/FRA333-KINEMATICS/fra333_lab4-main/install/romeona_interfaces/lib/pkgconfig/romeona_interfaces.pc'
[1.319s] Level 1:colcon.colcon_core.environment:checking '/home/ronnakon/FRA333-KINEMATICS/fra333_lab4-main/install/romeona_interfaces/lib/python3.8/site-packages'
[1.319s] Level 1:colcon.colcon_core.shell:create_environment_hook('romeona_interfaces', 'pythonpath')
[1.323s] INFO:colcon.colcon_core.shell:Creating environment hook '/home/ronnakon/FRA333-KINEMATICS/fra333_lab4-main/install/romeona_interfaces/share/romeona_interfaces/hook/pythonpath.ps1'
[1.324s] INFO:colcon.colcon_core.shell:Creating environment descriptor '/home/ronnakon/FRA333-KINEMATICS/fra333_lab4-main/install/romeona_interfaces/share/romeona_interfaces/hook/pythonpath.dsv'
[1.325s] INFO:colcon.colcon_core.shell:Creating environment hook '/home/ronnakon/FRA333-KINEMATICS/fra333_lab4-main/install/romeona_interfaces/share/romeona_interfaces/hook/pythonpath.sh'
[1.326s] Level 1:colcon.colcon_core.environment:checking '/home/ronnakon/FRA333-KINEMATICS/fra333_lab4-main/install/romeona_interfaces/bin'
[1.328s] INFO:colcon.colcon_core.shell:Creating package script '/home/ronnakon/FRA333-KINEMATICS/fra333_lab4-main/install/romeona_interfaces/share/romeona_interfaces/package.ps1'
[1.330s] INFO:colcon.colcon_core.shell:Creating package descriptor '/home/ronnakon/FRA333-KINEMATICS/fra333_lab4-main/install/romeona_interfaces/share/romeona_interfaces/package.dsv'
[1.331s] INFO:colcon.colcon_core.shell:Creating package script '/home/ronnakon/FRA333-KINEMATICS/fra333_lab4-main/install/romeona_interfaces/share/romeona_interfaces/package.sh'
[1.331s] INFO:colcon.colcon_core.shell:Creating package script '/home/ronnakon/FRA333-KINEMATICS/fra333_lab4-main/install/romeona_interfaces/share/romeona_interfaces/package.bash'
[1.332s] INFO:colcon.colcon_core.shell:Creating package script '/home/ronnakon/FRA333-KINEMATICS/fra333_lab4-main/install/romeona_interfaces/share/romeona_interfaces/package.zsh'
[1.332s] Level 1:colcon.colcon_core.environment:create_file_with_runtime_dependencies(/home/ronnakon/FRA333-KINEMATICS/fra333_lab4-main/install/romeona_interfaces/share/colcon-core/packages/romeona_interfaces)
[1.397s] Level 1:colcon.colcon_core.environment:create_environment_scripts_only(romeona_interfaces)
[1.400s] Level 1:colcon.colcon_core.environment:checking '/home/ronnakon/FRA333-KINEMATICS/fra333_lab4-main/install/romeona_interfaces' for CMake module files
[1.401s] Level 1:colcon.colcon_core.environment:checking '/home/ronnakon/FRA333-KINEMATICS/fra333_lab4-main/install/romeona_interfaces' for CMake config files
[1.402s] Level 1:colcon.colcon_core.shell:create_environment_hook('romeona_interfaces', 'cmake_prefix_path')
[1.404s] INFO:colcon.colcon_core.shell:Creating environment hook '/home/ronnakon/FRA333-KINEMATICS/fra333_lab4-main/install/romeona_interfaces/share/romeona_interfaces/hook/cmake_prefix_path.ps1'
[1.405s] INFO:colcon.colcon_core.shell:Creating environment descriptor '/home/ronnakon/FRA333-KINEMATICS/fra333_lab4-main/install/romeona_interfaces/share/romeona_interfaces/hook/cmake_prefix_path.dsv'
[1.405s] INFO:colcon.colcon_core.shell:Creating environment hook '/home/ronnakon/FRA333-KINEMATICS/fra333_lab4-main/install/romeona_interfaces/share/romeona_interfaces/hook/cmake_prefix_path.sh'
[1.406s] Level 1:colcon.colcon_core.environment:checking '/home/ronnakon/FRA333-KINEMATICS/fra333_lab4-main/install/romeona_interfaces/lib'
[1.406s] Level 1:colcon.colcon_core.shell:create_environment_hook('romeona_interfaces', 'ld_library_path_lib')
[1.408s] INFO:colcon.colcon_core.shell:Creating environment hook '/home/ronnakon/FRA333-KINEMATICS/fra333_lab4-main/install/romeona_interfaces/share/romeona_interfaces/hook/ld_library_path_lib.ps1'
[1.409s] INFO:colcon.colcon_core.shell:Creating environment descriptor '/home/ronnakon/FRA333-KINEMATICS/fra333_lab4-main/install/romeona_interfaces/share/romeona_interfaces/hook/ld_library_path_lib.dsv'
[1.409s] INFO:colcon.colcon_core.shell:Creating environment hook '/home/ronnakon/FRA333-KINEMATICS/fra333_lab4-main/install/romeona_interfaces/share/romeona_interfaces/hook/ld_library_path_lib.sh'
[1.410s] Level 1:colcon.colcon_core.environment:checking '/home/ronnakon/FRA333-KINEMATICS/fra333_lab4-main/install/romeona_interfaces/bin'
[1.410s] Level 1:colcon.colcon_core.environment:checking '/home/ronnakon/FRA333-KINEMATICS/fra333_lab4-main/install/romeona_interfaces/lib/pkgconfig/romeona_interfaces.pc'
[1.410s] Level 1:colcon.colcon_core.environment:checking '/home/ronnakon/FRA333-KINEMATICS/fra333_lab4-main/install/romeona_interfaces/lib/python3.8/site-packages'
[1.410s] Level 1:colcon.colcon_core.shell:create_environment_hook('romeona_interfaces', 'pythonpath')
[1.412s] INFO:colcon.colcon_core.shell:Creating environment hook '/home/ronnakon/FRA333-KINEMATICS/fra333_lab4-main/install/romeona_interfaces/share/romeona_interfaces/hook/pythonpath.ps1'
[1.413s] INFO:colcon.colcon_core.shell:Creating environment descriptor '/home/ronnakon/FRA333-KINEMATICS/fra333_lab4-main/install/romeona_interfaces/share/romeona_interfaces/hook/pythonpath.dsv'
[1.413s] INFO:colcon.colcon_core.shell:Creating environment hook '/home/ronnakon/FRA333-KINEMATICS/fra333_lab4-main/install/romeona_interfaces/share/romeona_interfaces/hook/pythonpath.sh'
[1.414s] Level 1:colcon.colcon_core.environment:checking '/home/ronnakon/FRA333-KINEMATICS/fra333_lab4-main/install/romeona_interfaces/bin'
[1.416s] INFO:colcon.colcon_core.shell:Creating package script '/home/ronnakon/FRA333-KINEMATICS/fra333_lab4-main/install/romeona_interfaces/share/romeona_interfaces/package.ps1'
[1.417s] INFO:colcon.colcon_core.shell:Creating package descriptor '/home/ronnakon/FRA333-KINEMATICS/fra333_lab4-main/install/romeona_interfaces/share/romeona_interfaces/package.dsv'
[1.418s] INFO:colcon.colcon_core.shell:Creating package script '/home/ronnakon/FRA333-KINEMATICS/fra333_lab4-main/install/romeona_interfaces/share/romeona_interfaces/package.sh'
[1.418s] INFO:colcon.colcon_core.shell:Creating package script '/home/ronnakon/FRA333-KINEMATICS/fra333_lab4-main/install/romeona_interfaces/share/romeona_interfaces/package.bash'
[1.419s] INFO:colcon.colcon_core.shell:Creating package script '/home/ronnakon/FRA333-KINEMATICS/fra333_lab4-main/install/romeona_interfaces/share/romeona_interfaces/package.zsh'
[1.419s] Level 1:colcon.colcon_core.environment:create_file_with_runtime_dependencies(/home/ronnakon/FRA333-KINEMATICS/fra333_lab4-main/install/romeona_interfaces/share/colcon-core/packages/romeona_interfaces)
[1.912s] DEBUG:colcon.colcon_core.event_handler.log_command:Invoked command in '/home/ronnakon/FRA333-KINEMATICS/fra333_lab4-main/build/romeona_description' returned '0': CMAKE_PREFIX_PATH=/opt/ros/foxy /usr/bin/cmake --build /home/ronnakon/FRA333-KINEMATICS/fra333_lab4-main/build/romeona_description -- -j4 -l4
[1.950s] DEBUG:colcon.colcon_core.event_handler.log_command:Invoking command in '/home/ronnakon/FRA333-KINEMATICS/fra333_lab4-main/build/romeona_description': CMAKE_PREFIX_PATH=/opt/ros/foxy /usr/bin/cmake --install /home/ronnakon/FRA333-KINEMATICS/fra333_lab4-main/build/romeona_description
[2.265s] Level 1:colcon.colcon_core.environment:create_environment_scripts_only(romeona_description)
[2.270s] Level 1:colcon.colcon_core.environment:checking '/home/ronnakon/FRA333-KINEMATICS/fra333_lab4-main/install/romeona_description' for CMake module files
[2.271s] DEBUG:colcon.colcon_core.event_handler.log_command:Invoked command in '/home/ronnakon/FRA333-KINEMATICS/fra333_lab4-main/build/romeona_description' returned '0': CMAKE_PREFIX_PATH=/opt/ros/foxy /usr/bin/cmake --install /home/ronnakon/FRA333-KINEMATICS/fra333_lab4-main/build/romeona_description
[2.272s] Level 1:colcon.colcon_core.environment:checking '/home/ronnakon/FRA333-KINEMATICS/fra333_lab4-main/install/romeona_description' for CMake config files
[2.273s] Level 1:colcon.colcon_core.shell:create_environment_hook('romeona_description', 'cmake_prefix_path')
[2.276s] INFO:colcon.colcon_core.shell:Creating environment hook '/home/ronnakon/FRA333-KINEMATICS/fra333_lab4-main/install/romeona_description/share/romeona_description/hook/cmake_prefix_path.ps1'
[2.277s] INFO:colcon.colcon_core.shell:Creating environment descriptor '/home/ronnakon/FRA333-KINEMATICS/fra333_lab4-main/install/romeona_description/share/romeona_description/hook/cmake_prefix_path.dsv'
[2.277s] INFO:colcon.colcon_core.shell:Creating environment hook '/home/ronnakon/FRA333-KINEMATICS/fra333_lab4-main/install/romeona_description/share/romeona_description/hook/cmake_prefix_path.sh'
[2.278s] Level 1:colcon.colcon_core.environment:checking '/home/ronnakon/FRA333-KINEMATICS/fra333_lab4-main/install/romeona_description/lib'
[2.278s] Level 1:colcon.colcon_core.environment:checking '/home/ronnakon/FRA333-KINEMATICS/fra333_lab4-main/install/romeona_description/bin'
[2.278s] Level 1:colcon.colcon_core.environment:checking '/home/ronnakon/FRA333-KINEMATICS/fra333_lab4-main/install/romeona_description/lib/pkgconfig/romeona_description.pc'
[2.279s] Level 1:colcon.colcon_core.environment:checking '/home/ronnakon/FRA333-KINEMATICS/fra333_lab4-main/install/romeona_description/lib/python3.8/site-packages'
[2.279s] Level 1:colcon.colcon_core.shell:create_environment_hook('romeona_description', 'pythonpath')
[2.281s] INFO:colcon.colcon_core.shell:Creating environment hook '/home/ronnakon/FRA333-KINEMATICS/fra333_lab4-main/install/romeona_description/share/romeona_description/hook/pythonpath.ps1'
[2.281s] INFO:colcon.colcon_core.shell:Creating environment descriptor '/home/ronnakon/FRA333-KINEMATICS/fra333_lab4-main/install/romeona_description/share/romeona_description/hook/pythonpath.dsv'
[2.281s] INFO:colcon.colcon_core.shell:Creating environment hook '/home/ronnakon/FRA333-KINEMATICS/fra333_lab4-main/install/romeona_description/share/romeona_description/hook/pythonpath.sh'
[2.282s] Level 1:colcon.colcon_core.environment:checking '/home/ronnakon/FRA333-KINEMATICS/fra333_lab4-main/install/romeona_description/bin'
[2.284s] INFO:colcon.colcon_core.shell:Creating package script '/home/ronnakon/FRA333-KINEMATICS/fra333_lab4-main/install/romeona_description/share/romeona_description/package.ps1'
[2.285s] INFO:colcon.colcon_core.shell:Creating package descriptor '/home/ronnakon/FRA333-KINEMATICS/fra333_lab4-main/install/romeona_description/share/romeona_description/package.dsv'
[2.285s] INFO:colcon.colcon_core.shell:Creating package script '/home/ronnakon/FRA333-KINEMATICS/fra333_lab4-main/install/romeona_description/share/romeona_description/package.sh'
[2.286s] INFO:colcon.colcon_core.shell:Creating package script '/home/ronnakon/FRA333-KINEMATICS/fra333_lab4-main/install/romeona_description/share/romeona_description/package.bash'
[2.286s] INFO:colcon.colcon_core.shell:Creating package script '/home/ronnakon/FRA333-KINEMATICS/fra333_lab4-main/install/romeona_description/share/romeona_description/package.zsh'
[2.286s] Level 1:colcon.colcon_core.environment:create_file_with_runtime_dependencies(/home/ronnakon/FRA333-KINEMATICS/fra333_lab4-main/install/romeona_description/share/colcon-core/packages/romeona_description)
[2.322s] Level 1:colcon.colcon_core.environment:create_environment_scripts_only(romeona_description)
[2.328s] Level 1:colcon.colcon_core.environment:checking '/home/ronnakon/FRA333-KINEMATICS/fra333_lab4-main/install/romeona_description' for CMake module files
[2.329s] Level 1:colcon.colcon_core.environment:checking '/home/ronnakon/FRA333-KINEMATICS/fra333_lab4-main/install/romeona_description' for CMake config files
[2.330s] Level 1:colcon.colcon_core.shell:create_environment_hook('romeona_description', 'cmake_prefix_path')
[2.332s] INFO:colcon.colcon_core.shell:Creating environment hook '/home/ronnakon/FRA333-KINEMATICS/fra333_lab4-main/install/romeona_description/share/romeona_description/hook/cmake_prefix_path.ps1'
[2.333s] INFO:colcon.colcon_core.shell:Creating environment descriptor '/home/ronnakon/FRA333-KINEMATICS/fra333_lab4-main/install/romeona_description/share/romeona_description/hook/cmake_prefix_path.dsv'
[2.333s] INFO:colcon.colcon_core.shell:Creating environment hook '/home/ronnakon/FRA333-KINEMATICS/fra333_lab4-main/install/romeona_description/share/romeona_description/hook/cmake_prefix_path.sh'
[2.334s] Level 1:colcon.colcon_core.environment:checking '/home/ronnakon/FRA333-KINEMATICS/fra333_lab4-main/install/romeona_description/lib'
[2.334s] Level 1:colcon.colcon_core.environment:checking '/home/ronnakon/FRA333-KINEMATICS/fra333_lab4-main/install/romeona_description/bin'
[2.334s] Level 1:colcon.colcon_core.environment:checking '/home/ronnakon/FRA333-KINEMATICS/fra333_lab4-main/install/romeona_description/lib/pkgconfig/romeona_description.pc'
[2.334s] Level 1:colcon.colcon_core.environment:checking '/home/ronnakon/FRA333-KINEMATICS/fra333_lab4-main/install/romeona_description/lib/python3.8/site-packages'
[2.334s] Level 1:colcon.colcon_core.shell:create_environment_hook('romeona_description', 'pythonpath')
[2.337s] INFO:colcon.colcon_core.shell:Creating environment hook '/home/ronnakon/FRA333-KINEMATICS/fra333_lab4-main/install/romeona_description/share/romeona_description/hook/pythonpath.ps1'
[2.337s] INFO:colcon.colcon_core.shell:Creating environment descriptor '/home/ronnakon/FRA333-KINEMATICS/fra333_lab4-main/install/romeona_description/share/romeona_description/hook/pythonpath.dsv'
[2.338s] INFO:colcon.colcon_core.shell:Creating environment hook '/home/ronnakon/FRA333-KINEMATICS/fra333_lab4-main/install/romeona_description/share/romeona_description/hook/pythonpath.sh'
[2.338s] Level 1:colcon.colcon_core.environment:checking '/home/ronnakon/FRA333-KINEMATICS/fra333_lab4-main/install/romeona_description/bin'
[2.340s] INFO:colcon.colcon_core.shell:Creating package script '/home/ronnakon/FRA333-KINEMATICS/fra333_lab4-main/install/romeona_description/share/romeona_description/package.ps1'
[2.341s] INFO:colcon.colcon_core.shell:Creating package descriptor '/home/ronnakon/FRA333-KINEMATICS/fra333_lab4-main/install/romeona_description/share/romeona_description/package.dsv'
[2.342s] INFO:colcon.colcon_core.shell:Creating package script '/home/ronnakon/FRA333-KINEMATICS/fra333_lab4-main/install/romeona_description/share/romeona_description/package.sh'
[2.342s] INFO:colcon.colcon_core.shell:Creating package script '/home/ronnakon/FRA333-KINEMATICS/fra333_lab4-main/install/romeona_description/share/romeona_description/package.bash'
[2.343s] INFO:colcon.colcon_core.shell:Creating package script '/home/ronnakon/FRA333-KINEMATICS/fra333_lab4-main/install/romeona_description/share/romeona_description/package.zsh'
[2.343s] Level 1:colcon.colcon_core.environment:create_file_with_runtime_dependencies(/home/ronnakon/FRA333-KINEMATICS/fra333_lab4-main/install/romeona_description/share/colcon-core/packages/romeona_description)
[2.344s] DEBUG:colcon.colcon_parallel_executor.executor.parallel:closing loop
[2.344s] DEBUG:colcon.colcon_parallel_executor.executor.parallel:loop closed
[2.345s] DEBUG:colcon.colcon_parallel_executor.executor.parallel:run_until_complete finished with '0'
[2.345s] DEBUG:colcon.colcon_core.event_reactor:joining thread
[2.362s] INFO:colcon.colcon_core.plugin_system:Skipping extension 'colcon_notification.desktop_notification.terminal_notifier': Not used on non-Darwin systems
[2.362s] INFO:colcon.colcon_core.plugin_system:Skipping extension 'colcon_notification.desktop_notification.win32': Not used on non-Windows systems
[2.362s] INFO:colcon.colcon_notification.desktop_notification:Sending desktop notification using 'notify2'
[2.384s] DEBUG:colcon.colcon_core.event_reactor:joined thread
[2.387s] INFO:colcon.colcon_core.shell:Creating prefix script '/home/ronnakon/FRA333-KINEMATICS/fra333_lab4-main/install/local_setup.ps1'
[2.389s] INFO:colcon.colcon_core.shell:Creating prefix util module '/home/ronnakon/FRA333-KINEMATICS/fra333_lab4-main/install/_local_setup_util_ps1.py'
[2.392s] INFO:colcon.colcon_core.shell:Creating prefix chain script '/home/ronnakon/FRA333-KINEMATICS/fra333_lab4-main/install/setup.ps1'
[2.394s] INFO:colcon.colcon_core.shell:Creating prefix script '/home/ronnakon/FRA333-KINEMATICS/fra333_lab4-main/install/local_setup.sh'
[2.395s] INFO:colcon.colcon_core.shell:Creating prefix util module '/home/ronnakon/FRA333-KINEMATICS/fra333_lab4-main/install/_local_setup_util_sh.py'
[2.396s] INFO:colcon.colcon_core.shell:Creating prefix chain script '/home/ronnakon/FRA333-KINEMATICS/fra333_lab4-main/install/setup.sh'
[2.397s] INFO:colcon.colcon_core.shell:Creating prefix script '/home/ronnakon/FRA333-KINEMATICS/fra333_lab4-main/install/local_setup.bash'
[2.398s] INFO:colcon.colcon_core.shell:Creating prefix chain script '/home/ronnakon/FRA333-KINEMATICS/fra333_lab4-main/install/setup.bash'
[2.400s] INFO:colcon.colcon_core.shell:Creating prefix script '/home/ronnakon/FRA333-KINEMATICS/fra333_lab4-main/install/local_setup.zsh'
[2.401s] INFO:colcon.colcon_core.shell:Creating prefix chain script '/home/ronnakon/FRA333-KINEMATICS/fra333_lab4-main/install/setup.zsh'
