[0.016s] Invoking command in '/home/student26/fra333_ws/build/my_first_package': CMAKE_PREFIX_PATH=${CMAKE_PREFIX_PATH}:/opt/ros/foxy /usr/bin/cmake --build /home/student26/fra333_ws/build/my_first_package -- -j8 -l8
[0.047s] -- Found rosidl_default_generators: 1.0.1 (/opt/ros/foxy/share/rosidl_default_generators/cmake)
[0.048s] -- Found ament_cmake_core: 0.9.9 (/opt/ros/foxy/share/ament_cmake_core/cmake)
[0.070s] -- Found PythonInterp: /usr/bin/python3 (found suitable version "3.8.10", minimum required is "3") 
[0.070s] -- Using PYTHON_EXECUTABLE: /usr/bin/python3
[0.229s] -- Override CMake install command with custom implementation using symlinks instead of copying resources
[0.233s] -- Using all available rosidl_typesupport_c: rosidl_typesupport_fastrtps_c;rosidl_typesupport_introspection_c
[0.237s] -- Found rosidl_adapter: 1.2.1 (/opt/ros/foxy/share/rosidl_adapter/cmake)
[0.375s] -- Using all available rosidl_typesupport_cpp: rosidl_typesupport_fastrtps_cpp;rosidl_typesupport_introspection_cpp
[0.400s] -- Found geometry_msgs: 2.0.5 (/opt/ros/foxy/share/geometry_msgs/cmake)
[0.464s] -- Found rclcpp: 2.4.1 (/opt/ros/foxy/share/rclcpp/cmake)
[0.499s] -- Found rmw_implementation_cmake: 1.0.3 (/opt/ros/foxy/share/rmw_implementation_cmake/cmake)
[0.500s] -- Using RMW implementation 'rmw_fastrtps_cpp' as default
[0.637s] -- Found rclpy: 1.0.8 (/opt/ros/foxy/share/rclpy/cmake)
[0.663s] -- Found PythonInterp: /usr/bin/python3 (found version "3.8.10") 
[0.832s] -- Found ament_cmake_ros: 0.9.2 (/opt/ros/foxy/share/ament_cmake_ros/cmake)
[1.063s] -- Using all available rosidl_typesupport_c: rosidl_typesupport_fastrtps_c;rosidl_typesupport_introspection_c
[1.175s] -- Using all available rosidl_typesupport_cpp: rosidl_typesupport_fastrtps_cpp;rosidl_typesupport_introspection_cpp
[1.202s] -- Found PythonInterp: /usr/bin/python3 (found suitable version "3.8.10", minimum required is "3.5") 
[1.202s] -- Found python_cmake_module: 0.8.1 (/opt/ros/foxy/share/python_cmake_module/cmake)
[1.226s] -- Using PYTHON_EXECUTABLE: /usr/bin/python3
[1.227s] -- Using PYTHON_INCLUDE_DIRS: /usr/include/python3.8
[1.227s] -- Using PYTHON_LIBRARIES: /usr/lib/x86_64-linux-gnu/libpython3.8.so
[1.301s] -- Configuring done
[1.356s] -- Generating done
[1.360s] -- Build files have been written to: /home/student26/fra333_ws/build/my_first_package
[1.397s] [  3%] Built target my_first_package__cpp
[1.397s] [ 12%] Built target my_first_package__rosidl_generator_c
[1.399s] [ 18%] Built target cpp_node_test
[1.423s] [ 27%] Built target my_first_package__rosidl_typesupport_introspection_c
[1.424s] [ 36%] Built target my_first_package__rosidl_typesupport_cpp
[1.427s] [ 45%] Built target my_first_package__rosidl_typesupport_fastrtps_cpp
[1.429s] [ 54%] Built target my_first_package__rosidl_typesupport_c
[1.430s] [ 63%] Built target my_first_package__rosidl_typesupport_introspection_cpp
[1.455s] [ 72%] Built target my_first_package__rosidl_typesupport_fastrtps_c
[1.475s] [ 72%] Built target my_first_package
[1.497s] [ 75%] Built target my_first_package__py
[1.523s] [ 81%] Built target my_first_package__python
[1.560s] [ 93%] Built target my_first_package__rosidl_typesupport_introspection_c__pyext
[1.560s] [ 93%] Built target my_first_package__rosidl_typesupport_fastrtps_c__pyext
[1.561s] [100%] Built target my_first_package__rosidl_typesupport_c__pyext
[1.573s] Invoked command in '/home/student26/fra333_ws/build/my_first_package' returned '0': CMAKE_PREFIX_PATH=${CMAKE_PREFIX_PATH}:/opt/ros/foxy /usr/bin/cmake --build /home/student26/fra333_ws/build/my_first_package -- -j8 -l8
[1.631s] Invoking command in '/home/student26/fra333_ws/build/my_first_package': CMAKE_PREFIX_PATH=${CMAKE_PREFIX_PATH}:/opt/ros/foxy /usr/bin/cmake --install /home/student26/fra333_ws/build/my_first_package
[1.640s] -- Install configuration: ""
[1.640s] -- Execute custom install script
[1.640s] -- Up-to-date symlink: /home/student26/fra333_ws/install/my_first_package/share/my_first_package/environment/pythonpath.sh
[1.641s] -- Up-to-date symlink: /home/student26/fra333_ws/install/my_first_package/share/my_first_package/environment/pythonpath.dsv
[1.641s] -- Symlinking: /home/student26/fra333_ws/install/my_first_package/lib/python3.8/site-packages/my_first_package/__init__.py
[1.651s] -- Up-to-date symlink: /home/student26/fra333_ws/install/my_first_package/lib/my_first_package/01_pub.py
[1.651s] -- Up-to-date symlink: /home/student26/fra333_ws/install/my_first_package/lib/my_first_package/01_sub.py
[1.651s] CMake Error at ament_cmake_symlink_install/ament_cmake_symlink_install.cmake:204 (message):
[1.652s]   ament_cmake_symlink_install_programs() can't find
[1.652s]   '/home/student26/fra333_ws/src/FRA333_Week2/scripts/02_contorller/py'
[1.652s] Call Stack (most recent call first):
[1.652s]   ament_cmake_symlink_install/ament_cmake_symlink_install.cmake:323 (ament_cmake_symlink_install_programs)
[1.652s]   cmake_install.cmake:41 (include)
[1.652s] 
[1.652s] 
[1.653s] Invoked command in '/home/student26/fra333_ws/build/my_first_package' returned '1': CMAKE_PREFIX_PATH=${CMAKE_PREFIX_PATH}:/opt/ros/foxy /usr/bin/cmake --install /home/student26/fra333_ws/build/my_first_package
