[0.040s] Invoking command in '/home/ronnakon/FRA333-KINEMATICS/fra333_lab1/lab1_ws/build/lab1_interfaces': CMAKE_PREFIX_PATH=${CMAKE_PREFIX_PATH}:/opt/ros/foxy /usr/bin/cmake /home/ronnakon/FRA333-KINEMATICS/fra333_lab1/lab1_ws/src/lab1_interfaces -DCMAKE_INSTALL_PREFIX=/home/ronnakon/FRA333-KINEMATICS/fra333_lab1/lab1_ws/install/lab1_interfaces
[0.211s] -- The C compiler identification is GNU 9.4.0
[0.370s] -- The CXX compiler identification is GNU 9.4.0
[0.377s] -- Check for working C compiler: /usr/bin/cc
[0.483s] -- Check for working C compiler: /usr/bin/cc -- works
[0.485s] -- Detecting C compiler ABI info
[0.588s] -- Detecting C compiler ABI info - done
[0.606s] -- Detecting C compile features
[0.607s] -- Detecting C compile features - done
[0.612s] -- Check for working CXX compiler: /usr/bin/c++
[0.735s] -- Check for working CXX compiler: /usr/bin/c++ -- works
[0.736s] -- Detecting CXX compiler ABI info
[0.850s] -- Detecting CXX compiler ABI info - done
[0.879s] -- Detecting CXX compile features
[0.879s] -- Detecting CXX compile features - done
[0.880s] -- Found ament_cmake: 0.9.9 (/opt/ros/foxy/share/ament_cmake/cmake)
[0.908s] -- Found PythonInterp: /usr/bin/python3 (found suitable version "3.8.10", minimum required is "3") 
[0.909s] -- Using PYTHON_EXECUTABLE: /usr/bin/python3
[1.212s] -- Found ament_lint_auto: 0.9.6 (/opt/ros/foxy/share/ament_lint_auto/cmake)
[1.339s] -- Found rosidl_default_generators: 1.0.1 (/opt/ros/foxy/share/rosidl_default_generators/cmake)
[1.345s] -- Using all available rosidl_typesupport_c: rosidl_typesupport_fastrtps_c;rosidl_typesupport_introspection_c
[1.355s] -- Found rosidl_adapter: 1.2.1 (/opt/ros/foxy/share/rosidl_adapter/cmake)
[1.505s] -- Found OpenSSL: /usr/lib/x86_64-linux-gnu/libcrypto.so (found version "1.1.1f")  
[1.554s] -- Found FastRTPS: /opt/ros/foxy/include  
[1.773s] -- Using all available rosidl_typesupport_cpp: rosidl_typesupport_fastrtps_cpp;rosidl_typesupport_introspection_cpp
[1.874s] -- Found std_msgs: 2.0.5 (/opt/ros/foxy/share/std_msgs/cmake)
[1.962s] CMake Error at /opt/ros/foxy/share/rosidl_cmake/cmake/rosidl_generate_interfaces.cmake:59 (message):
[1.963s]   rosidl_generate_interfaces() called without any interface files
[1.963s] Call Stack (most recent call first):
[1.963s]   CMakeLists.txt:38 (rosidl_generate_interfaces)
[1.963s] 
[1.964s] 
[1.966s] -- Configuring incomplete, errors occurred!
[1.967s] See also "/home/ronnakon/FRA333-KINEMATICS/fra333_lab1/lab1_ws/build/lab1_interfaces/CMakeFiles/CMakeOutput.log".
[1.981s] Invoked command in '/home/ronnakon/FRA333-KINEMATICS/fra333_lab1/lab1_ws/build/lab1_interfaces' returned '1': CMAKE_PREFIX_PATH=${CMAKE_PREFIX_PATH}:/opt/ros/foxy /usr/bin/cmake /home/ronnakon/FRA333-KINEMATICS/fra333_lab1/lab1_ws/src/lab1_interfaces -DCMAKE_INSTALL_PREFIX=/home/ronnakon/FRA333-KINEMATICS/fra333_lab1/lab1_ws/install/lab1_interfaces
