[0.013s] Invoking command in '/home/ronnakon/FRA333-KINEMATICS/lab2_ws/build/fra333_lab1': CMAKE_PREFIX_PATH=${CMAKE_PREFIX_PATH}:/opt/ros/foxy /usr/bin/cmake /home/ronnakon/FRA333-KINEMATICS/lab2_ws/src -DAMENT_CMAKE_SYMLINK_INSTALL=1 -DCMAKE_INSTALL_PREFIX=/home/ronnakon/FRA333-KINEMATICS/lab2_ws/install/fra333_lab1
[0.059s] -- The C compiler identification is GNU 9.4.0
[0.112s] -- The CXX compiler identification is GNU 9.4.0
[0.123s] -- Check for working C compiler: /usr/bin/cc
[0.180s] -- Check for working C compiler: /usr/bin/cc -- works
[0.181s] -- Detecting C compiler ABI info
[0.247s] -- Detecting C compiler ABI info - done
[0.256s] -- Detecting C compile features
[0.256s] -- Detecting C compile features - done
[0.258s] -- Check for working CXX compiler: /usr/bin/c++
[0.326s] -- Check for working CXX compiler: /usr/bin/c++ -- works
[0.326s] -- Detecting CXX compiler ABI info
[0.399s] -- Detecting CXX compiler ABI info - done
[0.413s] -- Detecting CXX compile features
[0.414s] -- Detecting CXX compile features - done
[0.415s] -- Found ament_cmake: 0.9.9 (/opt/ros/foxy/share/ament_cmake/cmake)
[0.435s] -- Found PythonInterp: /usr/bin/python3 (found suitable version "3.8.10", minimum required is "3") 
[0.436s] -- Using PYTHON_EXECUTABLE: /usr/bin/python3
[0.563s] -- Override CMake install command with custom implementation using symlinks instead of copying resources
[0.586s] -- Found rclcpp: 2.4.1 (/opt/ros/foxy/share/rclcpp/cmake)
[0.620s] -- Using all available rosidl_typesupport_c: rosidl_typesupport_fastrtps_c;rosidl_typesupport_introspection_c
[0.625s] -- Found rosidl_adapter: 1.2.1 (/opt/ros/foxy/share/rosidl_adapter/cmake)
[0.686s] -- Found OpenSSL: /usr/lib/x86_64-linux-gnu/libcrypto.so (found version "1.1.1f")  
[0.712s] -- Found FastRTPS: /opt/ros/foxy/include  
[0.779s] -- Using all available rosidl_typesupport_cpp: rosidl_typesupport_fastrtps_cpp;rosidl_typesupport_introspection_cpp
[0.822s] -- Found rmw_implementation_cmake: 1.0.3 (/opt/ros/foxy/share/rmw_implementation_cmake/cmake)
[0.823s] -- Using RMW implementation 'rmw_fastrtps_cpp' as default
[0.824s] -- Looking for pthread.h
[0.896s] -- Looking for pthread.h - found
[0.896s] -- Performing Test CMAKE_HAVE_LIBC_PTHREAD
[0.958s] -- Performing Test CMAKE_HAVE_LIBC_PTHREAD - Failed
[0.958s] -- Looking for pthread_create in pthreads
[1.008s] -- Looking for pthread_create in pthreads - not found
[1.008s] -- Looking for pthread_create in pthread
[1.066s] -- Looking for pthread_create in pthread - found
[1.068s] -- Found Threads: TRUE  
[1.199s] -- Found rclpy: 1.0.8 (/opt/ros/foxy/share/rclpy/cmake)
[1.270s] -- Configuring done
[1.273s] -- Generating done
[1.274s] -- Build files have been written to: /home/ronnakon/FRA333-KINEMATICS/lab2_ws/build/fra333_lab1
[1.279s] Invoked command in '/home/ronnakon/FRA333-KINEMATICS/lab2_ws/build/fra333_lab1' returned '0': CMAKE_PREFIX_PATH=${CMAKE_PREFIX_PATH}:/opt/ros/foxy /usr/bin/cmake /home/ronnakon/FRA333-KINEMATICS/lab2_ws/src -DAMENT_CMAKE_SYMLINK_INSTALL=1 -DCMAKE_INSTALL_PREFIX=/home/ronnakon/FRA333-KINEMATICS/lab2_ws/install/fra333_lab1
[1.282s] Invoking command in '/home/ronnakon/FRA333-KINEMATICS/lab2_ws/build/fra333_lab1': CMAKE_PREFIX_PATH=${CMAKE_PREFIX_PATH}:/opt/ros/foxy /usr/bin/cmake --build /home/ronnakon/FRA333-KINEMATICS/lab2_ws/build/fra333_lab1 -- -j12 -l12
[1.318s] Invoked command in '/home/ronnakon/FRA333-KINEMATICS/lab2_ws/build/fra333_lab1' returned '0': CMAKE_PREFIX_PATH=${CMAKE_PREFIX_PATH}:/opt/ros/foxy /usr/bin/cmake --build /home/ronnakon/FRA333-KINEMATICS/lab2_ws/build/fra333_lab1 -- -j12 -l12
[1.348s] Invoking command in '/home/ronnakon/FRA333-KINEMATICS/lab2_ws/build/fra333_lab1': CMAKE_PREFIX_PATH=${CMAKE_PREFIX_PATH}:/opt/ros/foxy /usr/bin/cmake --install /home/ronnakon/FRA333-KINEMATICS/lab2_ws/build/fra333_lab1
[1.357s] -- Install configuration: ""
[1.358s] -- Execute custom install script
[1.358s] -- Symlinking: /home/ronnakon/FRA333-KINEMATICS/lab2_ws/install/fra333_lab1/share/fra333_lab1/environment/pythonpath.sh
[1.367s] -- Symlinking: /home/ronnakon/FRA333-KINEMATICS/lab2_ws/install/fra333_lab1/share/fra333_lab1/environment/pythonpath.dsv
[1.377s] -- Symlinking: /home/ronnakon/FRA333-KINEMATICS/lab2_ws/install/fra333_lab1/lib/python3.8/site-packages/fra333_lab1/__init__.py
[1.385s] -- Symlinking: /home/ronnakon/FRA333-KINEMATICS/lab2_ws/install/fra333_lab1/share/fra333_lab1/launch/ex_display.launch.py
[1.390s] -- Symlinking: /home/ronnakon/FRA333-KINEMATICS/lab2_ws/install/fra333_lab1/share/fra333_lab1/meshes/link_0.stl
[1.396s] -- Symlinking: /home/ronnakon/FRA333-KINEMATICS/lab2_ws/install/fra333_lab1/share/fra333_lab1/meshes/link_1.stl
[1.401s] -- Symlinking: /home/ronnakon/FRA333-KINEMATICS/lab2_ws/install/fra333_lab1/share/fra333_lab1/meshes/link_2.stl
[1.407s] -- Symlinking: /home/ronnakon/FRA333-KINEMATICS/lab2_ws/install/fra333_lab1/share/fra333_lab1/meshes/link_3.stl
[1.417s] -- Symlinking: /home/ronnakon/FRA333-KINEMATICS/lab2_ws/install/fra333_lab1/share/fra333_lab1/robot/fra333_lab1.xarco
[1.425s] -- Symlinking: /home/ronnakon/FRA333-KINEMATICS/lab2_ws/install/fra333_lab1/share/fra333_lab1/rviz/fra333_lab1_config.rviz
[1.432s] -- Symlinking: /home/ronnakon/FRA333-KINEMATICS/lab2_ws/install/fra333_lab1/share/ament_index/resource_index/package_run_dependencies/fra333_lab1
[1.439s] -- Symlinking: /home/ronnakon/FRA333-KINEMATICS/lab2_ws/install/fra333_lab1/share/ament_index/resource_index/parent_prefix_path/fra333_lab1
[1.444s] -- Symlinking: /home/ronnakon/FRA333-KINEMATICS/lab2_ws/install/fra333_lab1/share/fra333_lab1/environment/ament_prefix_path.sh
[1.450s] -- Symlinking: /home/ronnakon/FRA333-KINEMATICS/lab2_ws/install/fra333_lab1/share/fra333_lab1/environment/ament_prefix_path.dsv
[1.456s] -- Symlinking: /home/ronnakon/FRA333-KINEMATICS/lab2_ws/install/fra333_lab1/share/fra333_lab1/environment/path.sh
[1.465s] -- Symlinking: /home/ronnakon/FRA333-KINEMATICS/lab2_ws/install/fra333_lab1/share/fra333_lab1/environment/path.dsv
[1.475s] -- Symlinking: /home/ronnakon/FRA333-KINEMATICS/lab2_ws/install/fra333_lab1/share/fra333_lab1/local_setup.bash
[1.481s] -- Symlinking: /home/ronnakon/FRA333-KINEMATICS/lab2_ws/install/fra333_lab1/share/fra333_lab1/local_setup.sh
[1.488s] -- Symlinking: /home/ronnakon/FRA333-KINEMATICS/lab2_ws/install/fra333_lab1/share/fra333_lab1/local_setup.zsh
[1.498s] -- Symlinking: /home/ronnakon/FRA333-KINEMATICS/lab2_ws/install/fra333_lab1/share/fra333_lab1/local_setup.dsv
[1.506s] -- Symlinking: /home/ronnakon/FRA333-KINEMATICS/lab2_ws/install/fra333_lab1/share/fra333_lab1/package.dsv
[1.513s] -- Symlinking: /home/ronnakon/FRA333-KINEMATICS/lab2_ws/install/fra333_lab1/share/ament_index/resource_index/packages/fra333_lab1
[1.520s] -- Symlinking: /home/ronnakon/FRA333-KINEMATICS/lab2_ws/install/fra333_lab1/share/fra333_lab1/cmake/fra333_lab1Config.cmake
[1.526s] -- Symlinking: /home/ronnakon/FRA333-KINEMATICS/lab2_ws/install/fra333_lab1/share/fra333_lab1/cmake/fra333_lab1Config-version.cmake
[1.531s] -- Symlinking: /home/ronnakon/FRA333-KINEMATICS/lab2_ws/install/fra333_lab1/share/fra333_lab1/package.xml
[1.562s] Listing '/home/ronnakon/FRA333-KINEMATICS/lab2_ws/install/fra333_lab1/lib/python3.8/site-packages/fra333_lab1'...
[1.562s] Compiling '/home/ronnakon/FRA333-KINEMATICS/lab2_ws/install/fra333_lab1/lib/python3.8/site-packages/fra333_lab1/__init__.py'...
[1.567s] Invoked command in '/home/ronnakon/FRA333-KINEMATICS/lab2_ws/build/fra333_lab1' returned '0': CMAKE_PREFIX_PATH=${CMAKE_PREFIX_PATH}:/opt/ros/foxy /usr/bin/cmake --install /home/ronnakon/FRA333-KINEMATICS/lab2_ws/build/fra333_lab1
