CMake Warning at CMakeLists.txt:19 (find_package):
  By not providing "Findgeometry_msgs.cmake" in CMAKE_MODULE_PATH this
  project has asked CMake to find a package configuration file provided by
  "geometry_msgs", but CMake did not find one.

  Could not find a package configuration file provided by "geometry_msgs"
  with any of the following names:

    geometry_msgsConfig.cmake
    geometry_msgs-config.cmake

  Add the installation prefix of "geometry_msgs" to CMAKE_PREFIX_PATH or set
  "geometry_msgs_DIR" to a directory containing one of the above files.  If
  "geometry_msgs" provides a separate development package or SDK, be sure it
  has been installed.


CMake Error at CMakeLists.txt:20 (find_package):
  By not providing "Findament_cmake.cmake" in CMAKE_MODULE_PATH this project
  has asked CMake to find a package configuration file provided by
  "ament_cmake", but CMake did not find one.

  Could not find a package configuration file provided by "ament_cmake" with
  any of the following names:

    ament_cmakeConfig.cmake
    ament_cmake-config.cmake

  Add the installation prefix of "ament_cmake" to CMAKE_PREFIX_PATH or set
  "ament_cmake_DIR" to a directory containing one of the above files.  If
  "ament_cmake" provides a separate development package or SDK, be sure it
  has been installed.


