[0.014s] Invoking command in '/home/ronnakon/FRA333-KINEMATICS/fra333_lab1/lab1_ws/build/fra333_lab1_23': /usr/bin/cmake /home/ronnakon/FRA333-KINEMATICS/fra333_lab1/lab1_ws/src/fra333_lab1_23 -DAMENT_CMAKE_SYMLINK_INSTALL=1 -DCMAKE_INSTALL_PREFIX=/home/ronnakon/FRA333-KINEMATICS/fra333_lab1/lab1_ws/install/fra333_lab1_23
[0.068s] -- The C compiler identification is GNU 9.4.0
[0.113s] -- The CXX compiler identification is GNU 9.4.0
[0.116s] -- Check for working C compiler: /usr/bin/cc
[0.173s] -- Check for working C compiler: /usr/bin/cc -- works
[0.174s] -- Detecting C compiler ABI info
[0.229s] -- Detecting C compiler ABI info - done
[0.240s] -- Detecting C compile features
[0.240s] -- Detecting C compile features - done
[0.242s] -- Check for working CXX compiler: /usr/bin/c++
[0.309s] -- Check for working CXX compiler: /usr/bin/c++ -- works
[0.310s] -- Detecting CXX compiler ABI info
[0.380s] -- Detecting CXX compiler ABI info - done
[0.395s] -- Detecting CXX compile features
[0.395s] -- Detecting CXX compile features - done
[0.403s] CMake Warning at CMakeLists.txt:19 (find_package):
[0.403s]   By not providing "Findgeometry_msgs.cmake" in CMAKE_MODULE_PATH this
[0.403s]   project has asked CMake to find a package configuration file provided by
[0.403s]   "geometry_msgs", but CMake did not find one.
[0.403s] 
[0.403s]   Could not find a package configuration file provided by "geometry_msgs"
[0.403s]   with any of the following names:
[0.404s] 
[0.404s]     geometry_msgsConfig.cmake
[0.404s]     geometry_msgs-config.cmake
[0.404s] 
[0.404s]   Add the installation prefix of "geometry_msgs" to CMAKE_PREFIX_PATH or set
[0.404s]   "geometry_msgs_DIR" to a directory containing one of the above files.  If
[0.404s]   "geometry_msgs" provides a separate development package or SDK, be sure it
[0.404s]   has been installed.
[0.404s] 
[0.404s] 
[0.411s] CMake Error at CMakeLists.txt:20 (find_package):
[0.411s]   By not providing "Findament_cmake.cmake" in CMAKE_MODULE_PATH this project
[0.411s]   has asked CMake to find a package configuration file provided by
[0.411s]   "ament_cmake", but CMake did not find one.
[0.411s] 
[0.411s]   Could not find a package configuration file provided by "ament_cmake" with
[0.411s]   any of the following names:
[0.411s] 
[0.411s]     ament_cmakeConfig.cmake
[0.411s]     ament_cmake-config.cmake
[0.411s] 
[0.412s]   Add the installation prefix of "ament_cmake" to CMAKE_PREFIX_PATH or set
[0.412s]   "ament_cmake_DIR" to a directory containing one of the above files.  If
[0.412s]   "ament_cmake" provides a separate development package or SDK, be sure it
[0.412s]   has been installed.
[0.412s] 
[0.412s] 
[0.412s] -- Configuring incomplete, errors occurred!
[0.413s] See also "/home/ronnakon/FRA333-KINEMATICS/fra333_lab1/lab1_ws/build/fra333_lab1_23/CMakeFiles/CMakeOutput.log".
[0.417s] Invoked command in '/home/ronnakon/FRA333-KINEMATICS/fra333_lab1/lab1_ws/build/fra333_lab1_23' returned '1': /usr/bin/cmake /home/ronnakon/FRA333-KINEMATICS/fra333_lab1/lab1_ws/src/fra333_lab1_23 -DAMENT_CMAKE_SYMLINK_INSTALL=1 -DCMAKE_INSTALL_PREFIX=/home/ronnakon/FRA333-KINEMATICS/fra333_lab1/lab1_ws/install/fra333_lab1_23
