[0.012s] Invoking command in '/home/ronnakon/FRA333-KINEMATICS/fra333_lab1_23/fra333_ws/build/lab1_interfaces': CMAKE_PREFIX_PATH=/opt/ros/foxy /usr/bin/cmake /home/ronnakon/FRA333-KINEMATICS/fra333_lab1_23/fra333_ws/src/lab1_interfaces -DAMENT_CMAKE_SYMLINK_INSTALL=1 -DCMAKE_INSTALL_PREFIX=/home/ronnakon/FRA333-KINEMATICS/fra333_lab1_23/fra333_ws/install/lab1_interfaces
[0.085s] -- The C compiler identification is GNU 9.4.0
[0.146s] -- The CXX compiler identification is GNU 9.4.0
[0.153s] -- Check for working C compiler: /usr/bin/cc
[0.220s] -- Check for working C compiler: /usr/bin/cc -- works
[0.222s] -- Detecting C compiler ABI info
[0.291s] -- Detecting C compiler ABI info - done
[0.302s] -- Detecting C compile features
[0.302s] -- Detecting C compile features - done
[0.304s] -- Check for working CXX compiler: /usr/bin/c++
[0.373s] -- Check for working CXX compiler: /usr/bin/c++ -- works
[0.375s] -- Detecting CXX compiler ABI info
[0.461s] -- Detecting CXX compiler ABI info - done
[0.475s] -- Detecting CXX compile features
[0.476s] -- Detecting CXX compile features - done
[0.478s] -- Found ament_cmake: 0.9.9 (/opt/ros/foxy/share/ament_cmake/cmake)
[0.504s] -- Found PythonInterp: /usr/bin/python3 (found suitable version "3.8.10", minimum required is "3") 
[0.504s] -- Using PYTHON_EXECUTABLE: /usr/bin/python3
[0.647s] -- Override CMake install command with custom implementation using symlinks instead of copying resources
[0.668s] -- Found ament_lint_auto: 0.9.6 (/opt/ros/foxy/share/ament_lint_auto/cmake)
[0.731s] -- Found rosidl_default_generators: 1.0.1 (/opt/ros/foxy/share/rosidl_default_generators/cmake)
[0.734s] -- Using all available rosidl_typesupport_c: rosidl_typesupport_fastrtps_c;rosidl_typesupport_introspection_c
[0.739s] -- Found rosidl_adapter: 1.2.1 (/opt/ros/foxy/share/rosidl_adapter/cmake)
[0.822s] -- Found OpenSSL: /usr/lib/x86_64-linux-gnu/libcrypto.so (found version "1.1.1f")  
[0.857s] -- Found FastRTPS: /opt/ros/foxy/include  
[0.936s] -- Using all available rosidl_typesupport_cpp: rosidl_typesupport_fastrtps_cpp;rosidl_typesupport_introspection_cpp
[0.960s] -- Found std_msgs: 2.0.5 (/opt/ros/foxy/share/std_msgs/cmake)
[1.008s] -- Found PythonInterp: /usr/bin/python3 (found version "3.8.10") 
[1.100s] -- Found ament_cmake_ros: 0.9.2 (/opt/ros/foxy/share/ament_cmake_ros/cmake)
[1.268s] -- Using all available rosidl_typesupport_c: rosidl_typesupport_fastrtps_c;rosidl_typesupport_introspection_c
[1.327s] -- Using all available rosidl_typesupport_cpp: rosidl_typesupport_fastrtps_cpp;rosidl_typesupport_introspection_cpp
[1.347s] -- Found PythonInterp: /usr/bin/python3 (found suitable version "3.8.10", minimum required is "3.5") 
[1.348s] -- Found python_cmake_module: 0.8.1 (/opt/ros/foxy/share/python_cmake_module/cmake)
[1.375s] -- Found PythonLibs: /usr/lib/x86_64-linux-gnu/libpython3.8.so (found suitable version "3.8.10", minimum required is "3.5") 
[1.375s] -- Using PYTHON_EXECUTABLE: /usr/bin/python3
[1.375s] -- Using PYTHON_INCLUDE_DIRS: /usr/include/python3.8
[1.375s] -- Using PYTHON_LIBRARIES: /usr/lib/x86_64-linux-gnu/libpython3.8.so
[1.396s] -- Found PythonExtra: .so  
[1.459s] -- Added test 'copyright' to check source files copyright and LICENSE
[1.461s] -- Added test 'lint_cmake' to check CMake code style
[1.462s] -- Added test 'xmllint' to check XML markup files
[1.472s] -- Configuring done
[1.513s] -- Generating done
[1.516s] -- Build files have been written to: /home/ronnakon/FRA333-KINEMATICS/fra333_lab1_23/fra333_ws/build/lab1_interfaces
[1.528s] Invoked command in '/home/ronnakon/FRA333-KINEMATICS/fra333_lab1_23/fra333_ws/build/lab1_interfaces' returned '0': CMAKE_PREFIX_PATH=/opt/ros/foxy /usr/bin/cmake /home/ronnakon/FRA333-KINEMATICS/fra333_lab1_23/fra333_ws/src/lab1_interfaces -DAMENT_CMAKE_SYMLINK_INSTALL=1 -DCMAKE_INSTALL_PREFIX=/home/ronnakon/FRA333-KINEMATICS/fra333_lab1_23/fra333_ws/install/lab1_interfaces
[1.531s] Invoking command in '/home/ronnakon/FRA333-KINEMATICS/fra333_lab1_23/fra333_ws/build/lab1_interfaces': CMAKE_PREFIX_PATH=/opt/ros/foxy /usr/bin/cmake --build /home/ronnakon/FRA333-KINEMATICS/fra333_lab1_23/fra333_ws/build/lab1_interfaces -- -j12 -l12
[1.574s] [35m[1mScanning dependencies of target lab1_interfaces__cpp[0m
[1.577s] [  3%] [34m[1mGenerating C code for ROS interfaces[0m
[1.585s] [  6%] [34m[1mGenerating C++ code for ROS interfaces[0m
[1.819s] [  6%] Built target lab1_interfaces__cpp
[1.820s] [35m[1mScanning dependencies of target lab1_interfaces__rosidl_generator_c[0m
[1.831s] [ 12%] [34m[1mGenerating C++ type support dispatch for ROS interfaces[0m
[1.831s] [ 12%] [34m[1mGenerating C++ type support for eProsima Fast-RTPS[0m
[1.834s] [ 16%] [34m[1mGenerating C++ introspection for ROS interfaces[0m
[1.836s] [ 19%] [32mBuilding C object CMakeFiles/lab1_interfaces__rosidl_generator_c.dir/rosidl_generator_c/lab1_interfaces/srv/detail/set_noise__functions.c.o[0m
[1.879s] [ 22%] [32m[1mLinking C shared library liblab1_interfaces__rosidl_generator_c.so[0m
[1.913s] [ 22%] Built target lab1_interfaces__rosidl_generator_c
[1.925s] [ 25%] [34m[1mGenerating C introspection for ROS interfaces[0m
[1.925s] [ 29%] [34m[1mGenerating C type support dispatch for ROS interfaces[0m
[2.058s] [35m[1mScanning dependencies of target lab1_interfaces__rosidl_typesupport_cpp[0m
[2.068s] [35m[1mScanning dependencies of target lab1_interfaces__rosidl_typesupport_fastrtps_cpp[0m
[2.074s] [ 32%] [32mBuilding CXX object CMakeFiles/lab1_interfaces__rosidl_typesupport_cpp.dir/rosidl_typesupport_cpp/lab1_interfaces/srv/set_noise__type_support.cpp.o[0m
[2.093s] [ 35%] [32mBuilding CXX object CMakeFiles/lab1_interfaces__rosidl_typesupport_fastrtps_cpp.dir/rosidl_typesupport_fastrtps_cpp/lab1_interfaces/srv/detail/dds_fastrtps/set_noise__type_support.cpp.o[0m
[2.093s] [35m[1mScanning dependencies of target lab1_interfaces__rosidl_typesupport_introspection_cpp[0m
[2.105s] [ 38%] [32mBuilding CXX object CMakeFiles/lab1_interfaces__rosidl_typesupport_introspection_cpp.dir/rosidl_typesupport_introspection_cpp/lab1_interfaces/srv/detail/set_noise__type_support.cpp.o[0m
[2.148s] [35m[1mScanning dependencies of target lab1_interfaces__rosidl_typesupport_c[0m
[2.160s] [ 41%] [32mBuilding CXX object CMakeFiles/lab1_interfaces__rosidl_typesupport_c.dir/rosidl_typesupport_c/lab1_interfaces/srv/set_noise__type_support.cpp.o[0m
[2.163s] [35m[1mScanning dependencies of target lab1_interfaces__rosidl_typesupport_introspection_c[0m
[2.178s] [ 45%] [32mBuilding C object CMakeFiles/lab1_interfaces__rosidl_typesupport_introspection_c.dir/rosidl_typesupport_introspection_c/lab1_interfaces/srv/detail/set_noise__type_support.c.o[0m
[2.187s] [ 48%] [32m[1mLinking CXX shared library liblab1_interfaces__rosidl_typesupport_c.so[0m
[2.212s] [ 51%] [32m[1mLinking C shared library liblab1_interfaces__rosidl_typesupport_introspection_c.so[0m
[2.232s] [ 51%] Built target lab1_interfaces__rosidl_typesupport_c
[2.242s] [ 51%] Built target lab1_interfaces__rosidl_typesupport_introspection_c
[2.421s] [ 54%] [32m[1mLinking CXX shared library liblab1_interfaces__rosidl_typesupport_cpp.so[0m
[2.437s] [ 58%] [32m[1mLinking CXX shared library liblab1_interfaces__rosidl_typesupport_introspection_cpp.so[0m
[2.465s] [ 58%] Built target lab1_interfaces__rosidl_typesupport_cpp
[2.470s] [ 61%] [32m[1mLinking CXX shared library liblab1_interfaces__rosidl_typesupport_fastrtps_cpp.so[0m
[2.497s] [ 61%] Built target lab1_interfaces__rosidl_typesupport_introspection_cpp
[2.542s] [ 61%] Built target lab1_interfaces__rosidl_typesupport_fastrtps_cpp
[2.553s] [ 64%] [34m[1mGenerating C type support for eProsima Fast-RTPS[0m
[2.774s] [35m[1mScanning dependencies of target lab1_interfaces__rosidl_typesupport_fastrtps_c[0m
[2.792s] [ 67%] [32mBuilding CXX object CMakeFiles/lab1_interfaces__rosidl_typesupport_fastrtps_c.dir/rosidl_typesupport_fastrtps_c/lab1_interfaces/srv/detail/set_noise__type_support_c.cpp.o[0m
[3.082s] [ 70%] [32m[1mLinking CXX shared library liblab1_interfaces__rosidl_typesupport_fastrtps_c.so[0m
[3.160s] [ 70%] Built target lab1_interfaces__rosidl_typesupport_fastrtps_c
[3.171s] [35m[1mScanning dependencies of target lab1_interfaces[0m
[3.181s] [ 70%] Built target lab1_interfaces
[3.192s] [35m[1mScanning dependencies of target lab1_interfaces__py[0m
[3.204s] [ 74%] [34m[1mGenerating Python code for ROS interfaces[0m
[3.566s] [ 74%] Built target lab1_interfaces__py
[3.574s] [35m[1mScanning dependencies of target lab1_interfaces__python[0m
[3.604s] [ 77%] [32mBuilding C object CMakeFiles/lab1_interfaces__python.dir/rosidl_generator_py/lab1_interfaces/srv/_set_noise_s.c.o[0m
[3.689s] [ 80%] [32m[1mLinking C shared library rosidl_generator_py/lab1_interfaces/liblab1_interfaces__python.so[0m
[3.730s] [ 80%] Built target lab1_interfaces__python
[3.739s] [35m[1mScanning dependencies of target lab1_interfaces__rosidl_typesupport_c__pyext[0m
[3.739s] [35m[1mScanning dependencies of target lab1_interfaces__rosidl_typesupport_fastrtps_c__pyext[0m
[3.740s] [35m[1mScanning dependencies of target lab1_interfaces__rosidl_typesupport_introspection_c__pyext[0m
[3.754s] [ 83%] [32mBuilding C object CMakeFiles/lab1_interfaces__rosidl_typesupport_fastrtps_c__pyext.dir/rosidl_generator_py/lab1_interfaces/_lab1_interfaces_s.ep.rosidl_typesupport_fastrtps_c.c.o[0m
[3.755s] [ 87%] [32mBuilding C object CMakeFiles/lab1_interfaces__rosidl_typesupport_introspection_c__pyext.dir/rosidl_generator_py/lab1_interfaces/_lab1_interfaces_s.ep.rosidl_typesupport_introspection_c.c.o[0m
[3.755s] [ 90%] [32mBuilding C object CMakeFiles/lab1_interfaces__rosidl_typesupport_c__pyext.dir/rosidl_generator_py/lab1_interfaces/_lab1_interfaces_s.ep.rosidl_typesupport_c.c.o[0m
[3.830s] [ 93%] [32m[1mLinking CXX shared library rosidl_generator_py/lab1_interfaces/lab1_interfaces_s__rosidl_typesupport_fastrtps_c.cpython-38-x86_64-linux-gnu.so[0m
[3.832s] [ 96%] [32m[1mLinking C shared library rosidl_generator_py/lab1_interfaces/lab1_interfaces_s__rosidl_typesupport_c.cpython-38-x86_64-linux-gnu.so[0m
[3.833s] [100%] [32m[1mLinking C shared library rosidl_generator_py/lab1_interfaces/lab1_interfaces_s__rosidl_typesupport_introspection_c.cpython-38-x86_64-linux-gnu.so[0m
[3.866s] [100%] Built target lab1_interfaces__rosidl_typesupport_introspection_c__pyext
[3.867s] [100%] Built target lab1_interfaces__rosidl_typesupport_c__pyext
[3.887s] [100%] Built target lab1_interfaces__rosidl_typesupport_fastrtps_c__pyext
[3.900s] Invoked command in '/home/ronnakon/FRA333-KINEMATICS/fra333_lab1_23/fra333_ws/build/lab1_interfaces' returned '0': CMAKE_PREFIX_PATH=/opt/ros/foxy /usr/bin/cmake --build /home/ronnakon/FRA333-KINEMATICS/fra333_lab1_23/fra333_ws/build/lab1_interfaces -- -j12 -l12
[3.938s] Invoking command in '/home/ronnakon/FRA333-KINEMATICS/fra333_lab1_23/fra333_ws/build/lab1_interfaces': CMAKE_PREFIX_PATH=/opt/ros/foxy /usr/bin/cmake --install /home/ronnakon/FRA333-KINEMATICS/fra333_lab1_23/fra333_ws/build/lab1_interfaces
[3.947s] -- Install configuration: ""
[3.948s] -- Execute custom install script
[3.948s] -- Symlinking: /home/ronnakon/FRA333-KINEMATICS/fra333_lab1_23/fra333_ws/install/lab1_interfaces/share/ament_index/resource_index/rosidl_interfaces/lab1_interfaces
[3.959s] -- Symlinking: /home/ronnakon/FRA333-KINEMATICS/fra333_lab1_23/fra333_ws/install/lab1_interfaces/include/lab1_interfaces/msg/rosidl_generator_c__visibility_control.h
[3.970s] -- Symlinking: /home/ronnakon/FRA333-KINEMATICS/fra333_lab1_23/fra333_ws/install/lab1_interfaces/include/lab1_interfaces/srv/detail/set_noise__functions.h
[3.979s] -- Symlinking: /home/ronnakon/FRA333-KINEMATICS/fra333_lab1_23/fra333_ws/install/lab1_interfaces/include/lab1_interfaces/srv/detail/set_noise__struct.h
[3.984s] -- Symlinking: /home/ronnakon/FRA333-KINEMATICS/fra333_lab1_23/fra333_ws/install/lab1_interfaces/include/lab1_interfaces/srv/detail/set_noise__type_support.h
[3.996s] -- Symlinking: /home/ronnakon/FRA333-KINEMATICS/fra333_lab1_23/fra333_ws/install/lab1_interfaces/include/lab1_interfaces/srv/set_noise.h
[4.005s] -- Symlinking: /home/ronnakon/FRA333-KINEMATICS/fra333_lab1_23/fra333_ws/install/lab1_interfaces/share/lab1_interfaces/environment/library_path.sh
[4.014s] -- Symlinking: /home/ronnakon/FRA333-KINEMATICS/fra333_lab1_23/fra333_ws/install/lab1_interfaces/share/lab1_interfaces/environment/library_path.dsv
[4.022s] -- Symlinking: /home/ronnakon/FRA333-KINEMATICS/fra333_lab1_23/fra333_ws/install/lab1_interfaces/include/lab1_interfaces/msg/rosidl_typesupport_fastrtps_c__visibility_control.h
[4.031s] -- Symlinking: /home/ronnakon/FRA333-KINEMATICS/fra333_lab1_23/fra333_ws/install/lab1_interfaces/include/lab1_interfaces/srv/detail/set_noise__rosidl_typesupport_fastrtps_c.h
[4.041s] -- Symlinking: /home/ronnakon/FRA333-KINEMATICS/fra333_lab1_23/fra333_ws/install/lab1_interfaces/lib/liblab1_interfaces__rosidl_typesupport_fastrtps_c.so
[4.051s] -- Symlinking: /home/ronnakon/FRA333-KINEMATICS/fra333_lab1_23/fra333_ws/install/lab1_interfaces/include/lab1_interfaces/msg/rosidl_typesupport_fastrtps_cpp__visibility_control.h
[4.060s] -- Symlinking: /home/ronnakon/FRA333-KINEMATICS/fra333_lab1_23/fra333_ws/install/lab1_interfaces/include/lab1_interfaces/srv/detail/set_noise__rosidl_typesupport_fastrtps_cpp.hpp
[4.073s] -- Symlinking: /home/ronnakon/FRA333-KINEMATICS/fra333_lab1_23/fra333_ws/install/lab1_interfaces/lib/liblab1_interfaces__rosidl_typesupport_fastrtps_cpp.so
[4.080s] -- Symlinking: /home/ronnakon/FRA333-KINEMATICS/fra333_lab1_23/fra333_ws/install/lab1_interfaces/include/lab1_interfaces/msg/rosidl_typesupport_introspection_c__visibility_control.h
[4.089s] -- Symlinking: /home/ronnakon/FRA333-KINEMATICS/fra333_lab1_23/fra333_ws/install/lab1_interfaces/include/lab1_interfaces/srv/detail/set_noise__rosidl_typesupport_introspection_c.h
[4.098s] -- Symlinking: /home/ronnakon/FRA333-KINEMATICS/fra333_lab1_23/fra333_ws/install/lab1_interfaces/include/lab1_interfaces/srv/detail/set_noise__builder.hpp
[4.107s] -- Symlinking: /home/ronnakon/FRA333-KINEMATICS/fra333_lab1_23/fra333_ws/install/lab1_interfaces/include/lab1_interfaces/srv/detail/set_noise__struct.hpp
[4.116s] -- Symlinking: /home/ronnakon/FRA333-KINEMATICS/fra333_lab1_23/fra333_ws/install/lab1_interfaces/include/lab1_interfaces/srv/detail/set_noise__traits.hpp
[4.127s] -- Symlinking: /home/ronnakon/FRA333-KINEMATICS/fra333_lab1_23/fra333_ws/install/lab1_interfaces/include/lab1_interfaces/srv/set_noise.hpp
[4.139s] -- Symlinking: /home/ronnakon/FRA333-KINEMATICS/fra333_lab1_23/fra333_ws/install/lab1_interfaces/include/lab1_interfaces/srv/detail/set_noise__rosidl_typesupport_introspection_cpp.hpp
[4.146s] -- Symlinking: /home/ronnakon/FRA333-KINEMATICS/fra333_lab1_23/fra333_ws/install/lab1_interfaces/share/lab1_interfaces/environment/pythonpath.sh
[4.153s] -- Symlinking: /home/ronnakon/FRA333-KINEMATICS/fra333_lab1_23/fra333_ws/install/lab1_interfaces/share/lab1_interfaces/environment/pythonpath.dsv
[4.159s] -- Symlinking: /home/ronnakon/FRA333-KINEMATICS/fra333_lab1_23/fra333_ws/install/lab1_interfaces/lib/python3.8/site-packages/lab1_interfaces/__init__.py
[4.167s] -- Symlinking: /home/ronnakon/FRA333-KINEMATICS/fra333_lab1_23/fra333_ws/install/lab1_interfaces/lib/python3.8/site-packages/lab1_interfaces/srv/__init__.py
[4.176s] -- Symlinking: /home/ronnakon/FRA333-KINEMATICS/fra333_lab1_23/fra333_ws/install/lab1_interfaces/lib/python3.8/site-packages/lab1_interfaces/srv/_set_noise.py
[4.186s] -- Symlinking: /home/ronnakon/FRA333-KINEMATICS/fra333_lab1_23/fra333_ws/install/lab1_interfaces/lib/python3.8/site-packages/lab1_interfaces/lab1_interfaces_s__rosidl_typesupport_fastrtps_c.cpython-38-x86_64-linux-gnu.so
[4.199s] -- Symlinking: /home/ronnakon/FRA333-KINEMATICS/fra333_lab1_23/fra333_ws/install/lab1_interfaces/lib/python3.8/site-packages/lab1_interfaces/lab1_interfaces_s__rosidl_typesupport_introspection_c.cpython-38-x86_64-linux-gnu.so
[4.209s] -- Symlinking: /home/ronnakon/FRA333-KINEMATICS/fra333_lab1_23/fra333_ws/install/lab1_interfaces/lib/python3.8/site-packages/lab1_interfaces/lab1_interfaces_s__rosidl_typesupport_c.cpython-38-x86_64-linux-gnu.so
[4.220s] -- Symlinking: /home/ronnakon/FRA333-KINEMATICS/fra333_lab1_23/fra333_ws/install/lab1_interfaces/lib/liblab1_interfaces__python.so
[4.230s] -- Symlinking: /home/ronnakon/FRA333-KINEMATICS/fra333_lab1_23/fra333_ws/install/lab1_interfaces/share/lab1_interfaces/srv/SetNoise.idl
[4.239s] -- Symlinking: /home/ronnakon/FRA333-KINEMATICS/fra333_lab1_23/fra333_ws/install/lab1_interfaces/share/lab1_interfaces/srv/SetNoise.srv
[4.246s] -- Symlinking: /home/ronnakon/FRA333-KINEMATICS/fra333_lab1_23/fra333_ws/install/lab1_interfaces/share/lab1_interfaces/srv/SetNoise_Request.msg
[4.256s] -- Symlinking: /home/ronnakon/FRA333-KINEMATICS/fra333_lab1_23/fra333_ws/install/lab1_interfaces/share/lab1_interfaces/srv/SetNoise_Response.msg
[4.267s] -- Symlinking: /home/ronnakon/FRA333-KINEMATICS/fra333_lab1_23/fra333_ws/install/lab1_interfaces/share/ament_index/resource_index/package_run_dependencies/lab1_interfaces
[4.273s] -- Symlinking: /home/ronnakon/FRA333-KINEMATICS/fra333_lab1_23/fra333_ws/install/lab1_interfaces/share/ament_index/resource_index/parent_prefix_path/lab1_interfaces
[4.280s] -- Symlinking: /home/ronnakon/FRA333-KINEMATICS/fra333_lab1_23/fra333_ws/install/lab1_interfaces/share/lab1_interfaces/environment/ament_prefix_path.sh
[4.291s] -- Symlinking: /home/ronnakon/FRA333-KINEMATICS/fra333_lab1_23/fra333_ws/install/lab1_interfaces/share/lab1_interfaces/environment/ament_prefix_path.dsv
[4.300s] -- Symlinking: /home/ronnakon/FRA333-KINEMATICS/fra333_lab1_23/fra333_ws/install/lab1_interfaces/share/lab1_interfaces/environment/path.sh
[4.310s] -- Symlinking: /home/ronnakon/FRA333-KINEMATICS/fra333_lab1_23/fra333_ws/install/lab1_interfaces/share/lab1_interfaces/environment/path.dsv
[4.317s] -- Symlinking: /home/ronnakon/FRA333-KINEMATICS/fra333_lab1_23/fra333_ws/install/lab1_interfaces/share/lab1_interfaces/local_setup.bash
[4.323s] -- Symlinking: /home/ronnakon/FRA333-KINEMATICS/fra333_lab1_23/fra333_ws/install/lab1_interfaces/share/lab1_interfaces/local_setup.sh
[4.334s] -- Symlinking: /home/ronnakon/FRA333-KINEMATICS/fra333_lab1_23/fra333_ws/install/lab1_interfaces/share/lab1_interfaces/local_setup.zsh
[4.342s] -- Symlinking: /home/ronnakon/FRA333-KINEMATICS/fra333_lab1_23/fra333_ws/install/lab1_interfaces/share/lab1_interfaces/local_setup.dsv
[4.348s] -- Symlinking: /home/ronnakon/FRA333-KINEMATICS/fra333_lab1_23/fra333_ws/install/lab1_interfaces/share/lab1_interfaces/package.dsv
[4.355s] -- Symlinking: /home/ronnakon/FRA333-KINEMATICS/fra333_lab1_23/fra333_ws/install/lab1_interfaces/share/ament_index/resource_index/packages/lab1_interfaces
[4.363s] -- Symlinking: /home/ronnakon/FRA333-KINEMATICS/fra333_lab1_23/fra333_ws/install/lab1_interfaces/share/lab1_interfaces/cmake/rosidl_cmake-extras.cmake
[4.371s] -- Symlinking: /home/ronnakon/FRA333-KINEMATICS/fra333_lab1_23/fra333_ws/install/lab1_interfaces/share/lab1_interfaces/cmake/ament_cmake_export_dependencies-extras.cmake
[4.381s] -- Symlinking: /home/ronnakon/FRA333-KINEMATICS/fra333_lab1_23/fra333_ws/install/lab1_interfaces/share/lab1_interfaces/cmake/ament_cmake_export_libraries-extras.cmake
[4.393s] -- Symlinking: /home/ronnakon/FRA333-KINEMATICS/fra333_lab1_23/fra333_ws/install/lab1_interfaces/share/lab1_interfaces/cmake/ament_cmake_export_targets-extras.cmake
[4.402s] -- Symlinking: /home/ronnakon/FRA333-KINEMATICS/fra333_lab1_23/fra333_ws/install/lab1_interfaces/share/lab1_interfaces/cmake/ament_cmake_export_include_directories-extras.cmake
[4.413s] -- Symlinking: /home/ronnakon/FRA333-KINEMATICS/fra333_lab1_23/fra333_ws/install/lab1_interfaces/share/lab1_interfaces/cmake/rosidl_cmake_export_typesupport_libraries-extras.cmake
[4.419s] -- Symlinking: /home/ronnakon/FRA333-KINEMATICS/fra333_lab1_23/fra333_ws/install/lab1_interfaces/share/lab1_interfaces/cmake/rosidl_cmake_export_typesupport_targets-extras.cmake
[4.426s] -- Symlinking: /home/ronnakon/FRA333-KINEMATICS/fra333_lab1_23/fra333_ws/install/lab1_interfaces/share/lab1_interfaces/cmake/lab1_interfacesConfig.cmake
[4.438s] -- Symlinking: /home/ronnakon/FRA333-KINEMATICS/fra333_lab1_23/fra333_ws/install/lab1_interfaces/share/lab1_interfaces/cmake/lab1_interfacesConfig-version.cmake
[4.445s] -- Symlinking: /home/ronnakon/FRA333-KINEMATICS/fra333_lab1_23/fra333_ws/install/lab1_interfaces/share/lab1_interfaces/package.xml
[4.452s] -- Installing: /home/ronnakon/FRA333-KINEMATICS/fra333_lab1_23/fra333_ws/install/lab1_interfaces/lib/liblab1_interfaces__rosidl_generator_c.so
[4.452s] -- Set runtime path of "/home/ronnakon/FRA333-KINEMATICS/fra333_lab1_23/fra333_ws/install/lab1_interfaces/lib/liblab1_interfaces__rosidl_generator_c.so" to ""
[4.452s] -- Installing: /home/ronnakon/FRA333-KINEMATICS/fra333_lab1_23/fra333_ws/install/lab1_interfaces/lib/liblab1_interfaces__rosidl_typesupport_introspection_c.so
[4.453s] -- Set runtime path of "/home/ronnakon/FRA333-KINEMATICS/fra333_lab1_23/fra333_ws/install/lab1_interfaces/lib/liblab1_interfaces__rosidl_typesupport_introspection_c.so" to ""
[4.453s] -- Installing: /home/ronnakon/FRA333-KINEMATICS/fra333_lab1_23/fra333_ws/install/lab1_interfaces/lib/liblab1_interfaces__rosidl_typesupport_c.so
[4.454s] -- Set runtime path of "/home/ronnakon/FRA333-KINEMATICS/fra333_lab1_23/fra333_ws/install/lab1_interfaces/lib/liblab1_interfaces__rosidl_typesupport_c.so" to ""
[4.454s] -- Installing: /home/ronnakon/FRA333-KINEMATICS/fra333_lab1_23/fra333_ws/install/lab1_interfaces/lib/liblab1_interfaces__rosidl_typesupport_introspection_cpp.so
[4.455s] -- Set runtime path of "/home/ronnakon/FRA333-KINEMATICS/fra333_lab1_23/fra333_ws/install/lab1_interfaces/lib/liblab1_interfaces__rosidl_typesupport_introspection_cpp.so" to ""
[4.455s] -- Installing: /home/ronnakon/FRA333-KINEMATICS/fra333_lab1_23/fra333_ws/install/lab1_interfaces/lib/liblab1_interfaces__rosidl_typesupport_cpp.so
[4.455s] -- Set runtime path of "/home/ronnakon/FRA333-KINEMATICS/fra333_lab1_23/fra333_ws/install/lab1_interfaces/lib/liblab1_interfaces__rosidl_typesupport_cpp.so" to ""
[4.484s] Compiling '/home/ronnakon/FRA333-KINEMATICS/fra333_lab1_23/fra333_ws/install/lab1_interfaces/lib/python3.8/site-packages/lab1_interfaces/__init__.py'...
[4.487s] -- Installing: /home/ronnakon/FRA333-KINEMATICS/fra333_lab1_23/fra333_ws/install/lab1_interfaces/share/lab1_interfaces/cmake/lab1_interfaces__rosidl_generator_cExport.cmake
[4.487s] -- Installing: /home/ronnakon/FRA333-KINEMATICS/fra333_lab1_23/fra333_ws/install/lab1_interfaces/share/lab1_interfaces/cmake/lab1_interfaces__rosidl_generator_cExport-noconfig.cmake
[4.487s] -- Installing: /home/ronnakon/FRA333-KINEMATICS/fra333_lab1_23/fra333_ws/install/lab1_interfaces/share/lab1_interfaces/cmake/lab1_interfaces__rosidl_typesupport_introspection_cExport.cmake
[4.488s] -- Installing: /home/ronnakon/FRA333-KINEMATICS/fra333_lab1_23/fra333_ws/install/lab1_interfaces/share/lab1_interfaces/cmake/lab1_interfaces__rosidl_typesupport_introspection_cExport-noconfig.cmake
[4.488s] -- Installing: /home/ronnakon/FRA333-KINEMATICS/fra333_lab1_23/fra333_ws/install/lab1_interfaces/share/lab1_interfaces/cmake/lab1_interfaces__rosidl_typesupport_cExport.cmake
[4.488s] -- Installing: /home/ronnakon/FRA333-KINEMATICS/fra333_lab1_23/fra333_ws/install/lab1_interfaces/share/lab1_interfaces/cmake/lab1_interfaces__rosidl_typesupport_cExport-noconfig.cmake
[4.488s] -- Installing: /home/ronnakon/FRA333-KINEMATICS/fra333_lab1_23/fra333_ws/install/lab1_interfaces/share/lab1_interfaces/cmake/lab1_interfaces__rosidl_generator_cppExport.cmake
[4.489s] -- Installing: /home/ronnakon/FRA333-KINEMATICS/fra333_lab1_23/fra333_ws/install/lab1_interfaces/share/lab1_interfaces/cmake/lab1_interfaces__rosidl_typesupport_introspection_cppExport.cmake
[4.489s] -- Installing: /home/ronnakon/FRA333-KINEMATICS/fra333_lab1_23/fra333_ws/install/lab1_interfaces/share/lab1_interfaces/cmake/lab1_interfaces__rosidl_typesupport_introspection_cppExport-noconfig.cmake
[4.489s] -- Installing: /home/ronnakon/FRA333-KINEMATICS/fra333_lab1_23/fra333_ws/install/lab1_interfaces/share/lab1_interfaces/cmake/lab1_interfaces__rosidl_typesupport_cppExport.cmake
[4.489s] -- Installing: /home/ronnakon/FRA333-KINEMATICS/fra333_lab1_23/fra333_ws/install/lab1_interfaces/share/lab1_interfaces/cmake/lab1_interfaces__rosidl_typesupport_cppExport-noconfig.cmake
[4.495s] Invoked command in '/home/ronnakon/FRA333-KINEMATICS/fra333_lab1_23/fra333_ws/build/lab1_interfaces' returned '0': CMAKE_PREFIX_PATH=/opt/ros/foxy /usr/bin/cmake --install /home/ronnakon/FRA333-KINEMATICS/fra333_lab1_23/fra333_ws/build/lab1_interfaces
