[0.015s] Invoking command in '/home/ronnakon/FRA333-KINEMATICS/ROS_Directory/fra333_ws/build/my_first_package': CMAKE_PREFIX_PATH=${CMAKE_PREFIX_PATH}:/opt/ros/foxy /usr/bin/cmake --build /home/ronnakon/FRA333-KINEMATICS/ROS_Directory/fra333_ws/build/my_first_package -- -j12 -l12
[0.041s] -- Found rosidl_default_generators: 1.0.1 (/opt/ros/foxy/share/rosidl_default_generators/cmake)
[0.041s] -- Found ament_cmake_core: 0.9.9 (/opt/ros/foxy/share/ament_cmake_core/cmake)
[0.061s] -- Found PythonInterp: /usr/bin/python3 (found suitable version "3.8.10", minimum required is "3") 
[0.061s] -- Using PYTHON_EXECUTABLE: /usr/bin/python3
[0.184s] -- Override CMake install command with custom implementation using symlinks instead of copying resources
[0.188s] -- Using all available rosidl_typesupport_c: rosidl_typesupport_fastrtps_c;rosidl_typesupport_introspection_c
[0.192s] -- Found rosidl_adapter: 1.2.1 (/opt/ros/foxy/share/rosidl_adapter/cmake)
[0.327s] -- Using all available rosidl_typesupport_cpp: rosidl_typesupport_fastrtps_cpp;rosidl_typesupport_introspection_cpp
[0.346s] -- Found geometry_msgs: 2.0.5 (/opt/ros/foxy/share/geometry_msgs/cmake)
[0.404s] -- Found rclcpp: 2.4.1 (/opt/ros/foxy/share/rclcpp/cmake)
[0.433s] -- Found rmw_implementation_cmake: 1.0.3 (/opt/ros/foxy/share/rmw_implementation_cmake/cmake)
[0.434s] -- Using RMW implementation 'rmw_fastrtps_cpp' as default
[0.549s] -- Found rclpy: 1.0.8 (/opt/ros/foxy/share/rclpy/cmake)
[0.569s] -- Found PythonInterp: /usr/bin/python3 (found version "3.8.10") 
[0.729s] -- Found ament_cmake_ros: 0.9.2 (/opt/ros/foxy/share/ament_cmake_ros/cmake)
[0.947s] -- Using all available rosidl_typesupport_c: rosidl_typesupport_fastrtps_c;rosidl_typesupport_introspection_c
[1.037s] -- Using all available rosidl_typesupport_cpp: rosidl_typesupport_fastrtps_cpp;rosidl_typesupport_introspection_cpp
[1.058s] -- Found PythonInterp: /usr/bin/python3 (found suitable version "3.8.10", minimum required is "3.5") 
[1.059s] -- Found python_cmake_module: 0.8.1 (/opt/ros/foxy/share/python_cmake_module/cmake)
[1.079s] -- Using PYTHON_EXECUTABLE: /usr/bin/python3
[1.080s] -- Using PYTHON_INCLUDE_DIRS: /usr/include/python3.8
[1.080s] -- Using PYTHON_LIBRARIES: /usr/lib/x86_64-linux-gnu/libpython3.8.so
[1.136s] -- Configuring done
[1.182s] -- Generating done
[1.185s] -- Build files have been written to: /home/ronnakon/FRA333-KINEMATICS/ROS_Directory/fra333_ws/build/my_first_package
[1.214s] [  9%] Built target my_first_package__rosidl_generator_c
[1.220s] [ 12%] Built target my_first_package__cpp
[1.223s] [ 17%] Built target cpp_node_test
[1.230s] [ 26%] Built target my_first_package__rosidl_typesupport_introspection_c
[1.232s] [ 36%] Built target my_first_package__rosidl_typesupport_c
[1.240s] [ 46%] Built target my_first_package__rosidl_typesupport_cpp
[1.245s] [ 56%] Built target my_first_package__rosidl_typesupport_introspection_cpp
[1.246s] [ 65%] Built target my_first_package__rosidl_typesupport_fastrtps_cpp
[1.271s] [ 75%] Built target my_first_package__rosidl_typesupport_fastrtps_c
[1.285s] [ 75%] Built target my_first_package
[1.305s] [ 78%] Built target my_first_package__py
[1.333s] [ 85%] Built target my_first_package__python
[1.356s] [ 90%] Built target my_first_package__rosidl_typesupport_c__pyext
[1.358s] [ 95%] Built target my_first_package__rosidl_typesupport_fastrtps_c__pyext
[1.360s] [100%] Built target my_first_package__rosidl_typesupport_introspection_c__pyext
[1.372s] Invoked command in '/home/ronnakon/FRA333-KINEMATICS/ROS_Directory/fra333_ws/build/my_first_package' returned '0': CMAKE_PREFIX_PATH=${CMAKE_PREFIX_PATH}:/opt/ros/foxy /usr/bin/cmake --build /home/ronnakon/FRA333-KINEMATICS/ROS_Directory/fra333_ws/build/my_first_package -- -j12 -l12
[1.438s] Invoking command in '/home/ronnakon/FRA333-KINEMATICS/ROS_Directory/fra333_ws/build/my_first_package': CMAKE_PREFIX_PATH=${CMAKE_PREFIX_PATH}:/opt/ros/foxy /usr/bin/cmake --install /home/ronnakon/FRA333-KINEMATICS/ROS_Directory/fra333_ws/build/my_first_package
[1.447s] -- Install configuration: ""
[1.447s] -- Execute custom install script
[1.448s] -- Up-to-date symlink: /home/ronnakon/FRA333-KINEMATICS/ROS_Directory/fra333_ws/install/my_first_package/share/my_first_package/environment/pythonpath.sh
[1.448s] -- Up-to-date symlink: /home/ronnakon/FRA333-KINEMATICS/ROS_Directory/fra333_ws/install/my_first_package/share/my_first_package/environment/pythonpath.dsv
[1.449s] -- Symlinking: /home/ronnakon/FRA333-KINEMATICS/ROS_Directory/fra333_ws/install/my_first_package/lib/python3.8/site-packages/my_first_package/__init__.py
[1.458s] -- Up-to-date symlink: /home/ronnakon/FRA333-KINEMATICS/ROS_Directory/fra333_ws/install/my_first_package/lib/my_first_package/01_pub.py
[1.458s] -- Up-to-date symlink: /home/ronnakon/FRA333-KINEMATICS/ROS_Directory/fra333_ws/install/my_first_package/lib/my_first_package/01_sub.py
[1.458s] -- Up-to-date symlink: /home/ronnakon/FRA333-KINEMATICS/ROS_Directory/fra333_ws/install/my_first_package/lib/my_first_package/02_controller.py
[1.458s] -- Up-to-date symlink: /home/ronnakon/FRA333-KINEMATICS/ROS_Directory/fra333_ws/install/my_first_package/lib/my_first_package/02_scheduler.py
[1.459s] -- Up-to-date symlink: /home/ronnakon/FRA333-KINEMATICS/ROS_Directory/fra333_ws/install/my_first_package/lib/my_first_package/03_turtle_tf2_broadcaster.py
[1.459s] -- Up-to-date symlink: /home/ronnakon/FRA333-KINEMATICS/ROS_Directory/fra333_ws/install/my_first_package/lib/my_first_package/cpp_node_test
[1.460s] -- Up-to-date symlink: /home/ronnakon/FRA333-KINEMATICS/ROS_Directory/fra333_ws/install/my_first_package/share/ament_index/resource_index/rosidl_interfaces/my_first_package
[1.461s] -- Up-to-date symlink: /home/ronnakon/FRA333-KINEMATICS/ROS_Directory/fra333_ws/install/my_first_package/include/my_first_package/msg/rosidl_generator_c__visibility_control.h
[1.461s] -- Up-to-date symlink: /home/ronnakon/FRA333-KINEMATICS/ROS_Directory/fra333_ws/install/my_first_package/include/my_first_package/srv/detail/rand_goal__functions.h
[1.461s] -- Up-to-date symlink: /home/ronnakon/FRA333-KINEMATICS/ROS_Directory/fra333_ws/install/my_first_package/include/my_first_package/srv/detail/rand_goal__struct.h
[1.461s] -- Up-to-date symlink: /home/ronnakon/FRA333-KINEMATICS/ROS_Directory/fra333_ws/install/my_first_package/include/my_first_package/srv/detail/rand_goal__type_support.h
[1.461s] -- Up-to-date symlink: /home/ronnakon/FRA333-KINEMATICS/ROS_Directory/fra333_ws/install/my_first_package/include/my_first_package/srv/detail/set_goal__functions.h
[1.462s] -- Up-to-date symlink: /home/ronnakon/FRA333-KINEMATICS/ROS_Directory/fra333_ws/install/my_first_package/include/my_first_package/srv/detail/set_goal__struct.h
[1.462s] -- Up-to-date symlink: /home/ronnakon/FRA333-KINEMATICS/ROS_Directory/fra333_ws/install/my_first_package/include/my_first_package/srv/detail/set_goal__type_support.h
[1.462s] -- Up-to-date symlink: /home/ronnakon/FRA333-KINEMATICS/ROS_Directory/fra333_ws/install/my_first_package/include/my_first_package/srv/rand_goal.h
[1.462s] -- Up-to-date symlink: /home/ronnakon/FRA333-KINEMATICS/ROS_Directory/fra333_ws/install/my_first_package/include/my_first_package/srv/set_goal.h
[1.463s] -- Up-to-date symlink: /home/ronnakon/FRA333-KINEMATICS/ROS_Directory/fra333_ws/install/my_first_package/share/my_first_package/environment/library_path.sh
[1.463s] -- Up-to-date symlink: /home/ronnakon/FRA333-KINEMATICS/ROS_Directory/fra333_ws/install/my_first_package/share/my_first_package/environment/library_path.dsv
[1.464s] -- Up-to-date symlink: /home/ronnakon/FRA333-KINEMATICS/ROS_Directory/fra333_ws/install/my_first_package/include/my_first_package/msg/rosidl_typesupport_fastrtps_c__visibility_control.h
[1.464s] -- Up-to-date symlink: /home/ronnakon/FRA333-KINEMATICS/ROS_Directory/fra333_ws/install/my_first_package/include/my_first_package/srv/detail/rand_goal__rosidl_typesupport_fastrtps_c.h
[1.465s] -- Up-to-date symlink: /home/ronnakon/FRA333-KINEMATICS/ROS_Directory/fra333_ws/install/my_first_package/include/my_first_package/srv/detail/set_goal__rosidl_typesupport_fastrtps_c.h
[1.465s] -- Up-to-date symlink: /home/ronnakon/FRA333-KINEMATICS/ROS_Directory/fra333_ws/install/my_first_package/lib/libmy_first_package__rosidl_typesupport_fastrtps_c.so
[1.466s] -- Up-to-date symlink: /home/ronnakon/FRA333-KINEMATICS/ROS_Directory/fra333_ws/install/my_first_package/include/my_first_package/msg/rosidl_typesupport_fastrtps_cpp__visibility_control.h
[1.467s] -- Up-to-date symlink: /home/ronnakon/FRA333-KINEMATICS/ROS_Directory/fra333_ws/install/my_first_package/include/my_first_package/srv/detail/rand_goal__rosidl_typesupport_fastrtps_cpp.hpp
[1.467s] -- Up-to-date symlink: /home/ronnakon/FRA333-KINEMATICS/ROS_Directory/fra333_ws/install/my_first_package/include/my_first_package/srv/detail/set_goal__rosidl_typesupport_fastrtps_cpp.hpp
[1.467s] -- Up-to-date symlink: /home/ronnakon/FRA333-KINEMATICS/ROS_Directory/fra333_ws/install/my_first_package/lib/libmy_first_package__rosidl_typesupport_fastrtps_cpp.so
[1.468s] -- Up-to-date symlink: /home/ronnakon/FRA333-KINEMATICS/ROS_Directory/fra333_ws/install/my_first_package/include/my_first_package/msg/rosidl_typesupport_introspection_c__visibility_control.h
[1.468s] -- Up-to-date symlink: /home/ronnakon/FRA333-KINEMATICS/ROS_Directory/fra333_ws/install/my_first_package/include/my_first_package/srv/detail/rand_goal__rosidl_typesupport_introspection_c.h
[1.469s] -- Up-to-date symlink: /home/ronnakon/FRA333-KINEMATICS/ROS_Directory/fra333_ws/install/my_first_package/include/my_first_package/srv/detail/set_goal__rosidl_typesupport_introspection_c.h
[1.469s] -- Up-to-date symlink: /home/ronnakon/FRA333-KINEMATICS/ROS_Directory/fra333_ws/install/my_first_package/include/my_first_package/srv/detail/rand_goal__builder.hpp
[1.469s] -- Up-to-date symlink: /home/ronnakon/FRA333-KINEMATICS/ROS_Directory/fra333_ws/install/my_first_package/include/my_first_package/srv/detail/rand_goal__struct.hpp
[1.469s] -- Up-to-date symlink: /home/ronnakon/FRA333-KINEMATICS/ROS_Directory/fra333_ws/install/my_first_package/include/my_first_package/srv/detail/rand_goal__traits.hpp
[1.469s] -- Up-to-date symlink: /home/ronnakon/FRA333-KINEMATICS/ROS_Directory/fra333_ws/install/my_first_package/include/my_first_package/srv/detail/set_goal__builder.hpp
[1.470s] -- Up-to-date symlink: /home/ronnakon/FRA333-KINEMATICS/ROS_Directory/fra333_ws/install/my_first_package/include/my_first_package/srv/detail/set_goal__struct.hpp
[1.470s] -- Up-to-date symlink: /home/ronnakon/FRA333-KINEMATICS/ROS_Directory/fra333_ws/install/my_first_package/include/my_first_package/srv/detail/set_goal__traits.hpp
[1.470s] -- Up-to-date symlink: /home/ronnakon/FRA333-KINEMATICS/ROS_Directory/fra333_ws/install/my_first_package/include/my_first_package/srv/rand_goal.hpp
[1.470s] -- Up-to-date symlink: /home/ronnakon/FRA333-KINEMATICS/ROS_Directory/fra333_ws/install/my_first_package/include/my_first_package/srv/set_goal.hpp
[1.470s] -- Up-to-date symlink: /home/ronnakon/FRA333-KINEMATICS/ROS_Directory/fra333_ws/install/my_first_package/include/my_first_package/srv/detail/rand_goal__rosidl_typesupport_introspection_cpp.hpp
[1.470s] -- Up-to-date symlink: /home/ronnakon/FRA333-KINEMATICS/ROS_Directory/fra333_ws/install/my_first_package/include/my_first_package/srv/detail/set_goal__rosidl_typesupport_introspection_cpp.hpp
[1.471s] -- Symlinking: /home/ronnakon/FRA333-KINEMATICS/ROS_Directory/fra333_ws/install/my_first_package/lib/python3.8/site-packages/my_first_package/__init__.py
[1.479s] -- Up-to-date symlink: /home/ronnakon/FRA333-KINEMATICS/ROS_Directory/fra333_ws/install/my_first_package/lib/python3.8/site-packages/my_first_package/srv/__init__.py
[1.479s] -- Up-to-date symlink: /home/ronnakon/FRA333-KINEMATICS/ROS_Directory/fra333_ws/install/my_first_package/lib/python3.8/site-packages/my_first_package/srv/_rand_goal.py
[1.479s] -- Up-to-date symlink: /home/ronnakon/FRA333-KINEMATICS/ROS_Directory/fra333_ws/install/my_first_package/lib/python3.8/site-packages/my_first_package/srv/_set_goal.py
[1.479s] -- Up-to-date symlink: /home/ronnakon/FRA333-KINEMATICS/ROS_Directory/fra333_ws/install/my_first_package/lib/python3.8/site-packages/my_first_package/my_first_package_s__rosidl_typesupport_fastrtps_c.cpython-38-x86_64-linux-gnu.so
[1.479s] -- Up-to-date symlink: /home/ronnakon/FRA333-KINEMATICS/ROS_Directory/fra333_ws/install/my_first_package/lib/python3.8/site-packages/my_first_package/my_first_package_s__rosidl_typesupport_introspection_c.cpython-38-x86_64-linux-gnu.so
[1.480s] -- Up-to-date symlink: /home/ronnakon/FRA333-KINEMATICS/ROS_Directory/fra333_ws/install/my_first_package/lib/python3.8/site-packages/my_first_package/my_first_package_s__rosidl_typesupport_c.cpython-38-x86_64-linux-gnu.so
[1.480s] -- Up-to-date symlink: /home/ronnakon/FRA333-KINEMATICS/ROS_Directory/fra333_ws/install/my_first_package/lib/libmy_first_package__python.so
[1.480s] -- Up-to-date symlink: /home/ronnakon/FRA333-KINEMATICS/ROS_Directory/fra333_ws/install/my_first_package/share/my_first_package/srv/RandGoal.idl
[1.481s] -- Up-to-date symlink: /home/ronnakon/FRA333-KINEMATICS/ROS_Directory/fra333_ws/install/my_first_package/share/my_first_package/srv/SetGoal.idl
[1.481s] -- Up-to-date symlink: /home/ronnakon/FRA333-KINEMATICS/ROS_Directory/fra333_ws/install/my_first_package/share/my_first_package/srv/RandGoal.srv
[1.481s] -- Up-to-date symlink: /home/ronnakon/FRA333-KINEMATICS/ROS_Directory/fra333_ws/install/my_first_package/share/my_first_package/srv/RandGoal_Request.msg
[1.481s] -- Up-to-date symlink: /home/ronnakon/FRA333-KINEMATICS/ROS_Directory/fra333_ws/install/my_first_package/share/my_first_package/srv/RandGoal_Response.msg
[1.481s] -- Up-to-date symlink: /home/ronnakon/FRA333-KINEMATICS/ROS_Directory/fra333_ws/install/my_first_package/share/my_first_package/srv/SetGoal.srv
[1.482s] -- Up-to-date symlink: /home/ronnakon/FRA333-KINEMATICS/ROS_Directory/fra333_ws/install/my_first_package/share/my_first_package/srv/SetGoal_Request.msg
[1.482s] -- Up-to-date symlink: /home/ronnakon/FRA333-KINEMATICS/ROS_Directory/fra333_ws/install/my_first_package/share/my_first_package/srv/SetGoal_Response.msg
[1.482s] -- Up-to-date symlink: /home/ronnakon/FRA333-KINEMATICS/ROS_Directory/fra333_ws/install/my_first_package/share/my_first_package/launch/02_via_point_follower.launch.py
[1.482s] -- Up-to-date symlink: /home/ronnakon/FRA333-KINEMATICS/ROS_Directory/fra333_ws/install/my_first_package/share/my_first_package/launch/04_robot_state_publisher.launch.py
[1.482s] -- Up-to-date symlink: /home/ronnakon/FRA333-KINEMATICS/ROS_Directory/fra333_ws/install/my_first_package/share/my_first_package/launch/06_myrobot_state_publisher.launch .py
[1.483s] -- Up-to-date symlink: /home/ronnakon/FRA333-KINEMATICS/ROS_Directory/fra333_ws/install/my_first_package/share/my_first_package/urdf/myrobot.urdf.xml
[1.483s] -- Up-to-date symlink: /home/ronnakon/FRA333-KINEMATICS/ROS_Directory/fra333_ws/install/my_first_package/share/my_first_package/urdf/r2d2.urdf.xml
[1.483s] -- Up-to-date symlink: /home/ronnakon/FRA333-KINEMATICS/ROS_Directory/fra333_ws/install/my_first_package/share/my_first_package/urdf/test.urdf.xml
[1.483s] -- Up-to-date symlink: /home/ronnakon/FRA333-KINEMATICS/ROS_Directory/fra333_ws/install/my_first_package/share/my_first_package/rviz/r2d2.rviz
[1.483s] -- Up-to-date symlink: /home/ronnakon/FRA333-KINEMATICS/ROS_Directory/fra333_ws/install/my_first_package/share/ament_index/resource_index/package_run_dependencies/my_first_package
[1.484s] -- Up-to-date symlink: /home/ronnakon/FRA333-KINEMATICS/ROS_Directory/fra333_ws/install/my_first_package/share/ament_index/resource_index/parent_prefix_path/my_first_package
[1.484s] -- Up-to-date symlink: /home/ronnakon/FRA333-KINEMATICS/ROS_Directory/fra333_ws/install/my_first_package/share/my_first_package/environment/ament_prefix_path.sh
[1.484s] -- Up-to-date symlink: /home/ronnakon/FRA333-KINEMATICS/ROS_Directory/fra333_ws/install/my_first_package/share/my_first_package/environment/ament_prefix_path.dsv
[1.484s] -- Up-to-date symlink: /home/ronnakon/FRA333-KINEMATICS/ROS_Directory/fra333_ws/install/my_first_package/share/my_first_package/environment/path.sh
[1.484s] -- Up-to-date symlink: /home/ronnakon/FRA333-KINEMATICS/ROS_Directory/fra333_ws/install/my_first_package/share/my_first_package/environment/path.dsv
[1.485s] -- Up-to-date symlink: /home/ronnakon/FRA333-KINEMATICS/ROS_Directory/fra333_ws/install/my_first_package/share/my_first_package/local_setup.bash
[1.485s] -- Up-to-date symlink: /home/ronnakon/FRA333-KINEMATICS/ROS_Directory/fra333_ws/install/my_first_package/share/my_first_package/local_setup.sh
[1.485s] -- Up-to-date symlink: /home/ronnakon/FRA333-KINEMATICS/ROS_Directory/fra333_ws/install/my_first_package/share/my_first_package/local_setup.zsh
[1.485s] -- Up-to-date symlink: /home/ronnakon/FRA333-KINEMATICS/ROS_Directory/fra333_ws/install/my_first_package/share/my_first_package/local_setup.dsv
[1.485s] -- Symlinking: /home/ronnakon/FRA333-KINEMATICS/ROS_Directory/fra333_ws/install/my_first_package/share/my_first_package/package.dsv
[1.491s] -- Up-to-date symlink: /home/ronnakon/FRA333-KINEMATICS/ROS_Directory/fra333_ws/install/my_first_package/share/ament_index/resource_index/packages/my_first_package
[1.491s] -- Up-to-date symlink: /home/ronnakon/FRA333-KINEMATICS/ROS_Directory/fra333_ws/install/my_first_package/share/my_first_package/cmake/rosidl_cmake-extras.cmake
[1.491s] -- Up-to-date symlink: /home/ronnakon/FRA333-KINEMATICS/ROS_Directory/fra333_ws/install/my_first_package/share/my_first_package/cmake/ament_cmake_export_dependencies-extras.cmake
[1.492s] -- Up-to-date symlink: /home/ronnakon/FRA333-KINEMATICS/ROS_Directory/fra333_ws/install/my_first_package/share/my_first_package/cmake/ament_cmake_export_libraries-extras.cmake
[1.492s] -- Up-to-date symlink: /home/ronnakon/FRA333-KINEMATICS/ROS_Directory/fra333_ws/install/my_first_package/share/my_first_package/cmake/ament_cmake_export_targets-extras.cmake
[1.492s] -- Up-to-date symlink: /home/ronnakon/FRA333-KINEMATICS/ROS_Directory/fra333_ws/install/my_first_package/share/my_first_package/cmake/ament_cmake_export_include_directories-extras.cmake
[1.492s] -- Up-to-date symlink: /home/ronnakon/FRA333-KINEMATICS/ROS_Directory/fra333_ws/install/my_first_package/share/my_first_package/cmake/rosidl_cmake_export_typesupport_libraries-extras.cmake
[1.492s] -- Up-to-date symlink: /home/ronnakon/FRA333-KINEMATICS/ROS_Directory/fra333_ws/install/my_first_package/share/my_first_package/cmake/rosidl_cmake_export_typesupport_targets-extras.cmake
[1.493s] -- Up-to-date symlink: /home/ronnakon/FRA333-KINEMATICS/ROS_Directory/fra333_ws/install/my_first_package/share/my_first_package/cmake/my_first_packageConfig.cmake
[1.493s] -- Up-to-date symlink: /home/ronnakon/FRA333-KINEMATICS/ROS_Directory/fra333_ws/install/my_first_package/share/my_first_package/cmake/my_first_packageConfig-version.cmake
[1.493s] -- Up-to-date symlink: /home/ronnakon/FRA333-KINEMATICS/ROS_Directory/fra333_ws/install/my_first_package/share/my_first_package/package.xml
[1.513s] Listing '/home/ronnakon/FRA333-KINEMATICS/ROS_Directory/fra333_ws/install/my_first_package/lib/python3.8/site-packages/my_first_package'...
[1.513s] Compiling '/home/ronnakon/FRA333-KINEMATICS/ROS_Directory/fra333_ws/install/my_first_package/lib/python3.8/site-packages/my_first_package/__init__.py'...
[1.513s] Listing '/home/ronnakon/FRA333-KINEMATICS/ROS_Directory/fra333_ws/install/my_first_package/lib/python3.8/site-packages/my_first_package/srv'...
[1.515s] -- Up-to-date: /home/ronnakon/FRA333-KINEMATICS/ROS_Directory/fra333_ws/install/my_first_package/lib/libmy_first_package__rosidl_generator_c.so
[1.516s] -- Up-to-date: /home/ronnakon/FRA333-KINEMATICS/ROS_Directory/fra333_ws/install/my_first_package/lib/libmy_first_package__rosidl_typesupport_introspection_c.so
[1.516s] -- Up-to-date: /home/ronnakon/FRA333-KINEMATICS/ROS_Directory/fra333_ws/install/my_first_package/lib/libmy_first_package__rosidl_typesupport_c.so
[1.516s] -- Up-to-date: /home/ronnakon/FRA333-KINEMATICS/ROS_Directory/fra333_ws/install/my_first_package/lib/libmy_first_package__rosidl_typesupport_introspection_cpp.so
[1.517s] -- Up-to-date: /home/ronnakon/FRA333-KINEMATICS/ROS_Directory/fra333_ws/install/my_first_package/lib/libmy_first_package__rosidl_typesupport_cpp.so
[1.543s] -- Up-to-date: /home/ronnakon/FRA333-KINEMATICS/ROS_Directory/fra333_ws/install/my_first_package/share/my_first_package/cmake/my_first_package__rosidl_generator_cExport.cmake
[1.543s] -- Installing: /home/ronnakon/FRA333-KINEMATICS/ROS_Directory/fra333_ws/install/my_first_package/share/my_first_package/cmake/my_first_package__rosidl_generator_cExport-noconfig.cmake
[1.543s] -- Up-to-date: /home/ronnakon/FRA333-KINEMATICS/ROS_Directory/fra333_ws/install/my_first_package/share/my_first_package/cmake/my_first_package__rosidl_typesupport_introspection_cExport.cmake
[1.543s] -- Installing: /home/ronnakon/FRA333-KINEMATICS/ROS_Directory/fra333_ws/install/my_first_package/share/my_first_package/cmake/my_first_package__rosidl_typesupport_introspection_cExport-noconfig.cmake
[1.544s] -- Up-to-date: /home/ronnakon/FRA333-KINEMATICS/ROS_Directory/fra333_ws/install/my_first_package/share/my_first_package/cmake/my_first_package__rosidl_typesupport_cExport.cmake
[1.544s] -- Installing: /home/ronnakon/FRA333-KINEMATICS/ROS_Directory/fra333_ws/install/my_first_package/share/my_first_package/cmake/my_first_package__rosidl_typesupport_cExport-noconfig.cmake
[1.545s] -- Up-to-date: /home/ronnakon/FRA333-KINEMATICS/ROS_Directory/fra333_ws/install/my_first_package/share/my_first_package/cmake/my_first_package__rosidl_generator_cppExport.cmake
[1.545s] -- Up-to-date: /home/ronnakon/FRA333-KINEMATICS/ROS_Directory/fra333_ws/install/my_first_package/share/my_first_package/cmake/my_first_package__rosidl_typesupport_introspection_cppExport.cmake
[1.545s] -- Installing: /home/ronnakon/FRA333-KINEMATICS/ROS_Directory/fra333_ws/install/my_first_package/share/my_first_package/cmake/my_first_package__rosidl_typesupport_introspection_cppExport-noconfig.cmake
[1.546s] -- Up-to-date: /home/ronnakon/FRA333-KINEMATICS/ROS_Directory/fra333_ws/install/my_first_package/share/my_first_package/cmake/my_first_package__rosidl_typesupport_cppExport.cmake
[1.546s] -- Installing: /home/ronnakon/FRA333-KINEMATICS/ROS_Directory/fra333_ws/install/my_first_package/share/my_first_package/cmake/my_first_package__rosidl_typesupport_cppExport-noconfig.cmake
[1.549s] Invoked command in '/home/ronnakon/FRA333-KINEMATICS/ROS_Directory/fra333_ws/build/my_first_package' returned '0': CMAKE_PREFIX_PATH=${CMAKE_PREFIX_PATH}:/opt/ros/foxy /usr/bin/cmake --install /home/ronnakon/FRA333-KINEMATICS/ROS_Directory/fra333_ws/build/my_first_package
