-- Found rosidl_default_generators: 1.0.1 (/opt/ros/foxy/share/rosidl_default_generators/cmake)
-- Found ament_cmake_core: 0.9.9 (/opt/ros/foxy/share/ament_cmake_core/cmake)
-- Using PYTHON_EXECUTABLE: /usr/bin/python3
-- Override CMake install command with custom implementation using symlinks instead of copying resources
-- Using all available rosidl_typesupport_c: rosidl_typesupport_fastrtps_c;rosidl_typesupport_introspection_c
-- Found rosidl_adapter: 1.2.1 (/opt/ros/foxy/share/rosidl_adapter/cmake)
-- Using all available rosidl_typesupport_cpp: rosidl_typesupport_fastrtps_cpp;rosidl_typesupport_introspection_cpp
-- Found geometry_msgs: 2.0.5 (/opt/ros/foxy/share/geometry_msgs/cmake)
-- Found rclcpp: 2.4.1 (/opt/ros/foxy/share/rclcpp/cmake)
-- Found rmw_implementation_cmake: 1.0.3 (/opt/ros/foxy/share/rmw_implementation_cmake/cmake)
-- Using RMW implementation 'rmw_fastrtps_cpp' as default
-- Found rclpy: 1.0.8 (/opt/ros/foxy/share/rclpy/cmake)
-- Configuring done
-- Generating done
-- Build files have been written to: /home/student26/fra333_ws/build/my_first_package
[100%] Built target cpp_node_test
-- Install configuration: ""
-- Execute custom install script
-- Up-to-date symlink: /home/student26/fra333_ws/install/my_first_package/share/my_first_package/environment/pythonpath.sh
-- Up-to-date symlink: /home/student26/fra333_ws/install/my_first_package/share/my_first_package/environment/pythonpath.dsv
-- Up-to-date symlink: /home/student26/fra333_ws/install/my_first_package/lib/python3.8/site-packages/my_first_package/__init__.py
-- Up-to-date symlink: /home/student26/fra333_ws/install/my_first_package/lib/my_first_package/01_pub.py
-- Symlinking: /home/student26/fra333_ws/install/my_first_package/lib/my_first_package/01_sub.py
-- Up-to-date symlink: /home/student26/fra333_ws/install/my_first_package/lib/my_first_package/cpp_node_test
-- Up-to-date symlink: /home/student26/fra333_ws/install/my_first_package/share/ament_index/resource_index/package_run_dependencies/my_first_package
-- Up-to-date symlink: /home/student26/fra333_ws/install/my_first_package/share/ament_index/resource_index/parent_prefix_path/my_first_package
-- Up-to-date symlink: /home/student26/fra333_ws/install/my_first_package/share/my_first_package/environment/ament_prefix_path.sh
-- Up-to-date symlink: /home/student26/fra333_ws/install/my_first_package/share/my_first_package/environment/ament_prefix_path.dsv
-- Up-to-date symlink: /home/student26/fra333_ws/install/my_first_package/share/my_first_package/environment/path.sh
-- Up-to-date symlink: /home/student26/fra333_ws/install/my_first_package/share/my_first_package/environment/path.dsv
-- Up-to-date symlink: /home/student26/fra333_ws/install/my_first_package/share/my_first_package/local_setup.bash
-- Up-to-date symlink: /home/student26/fra333_ws/install/my_first_package/share/my_first_package/local_setup.sh
-- Up-to-date symlink: /home/student26/fra333_ws/install/my_first_package/share/my_first_package/local_setup.zsh
-- Up-to-date symlink: /home/student26/fra333_ws/install/my_first_package/share/my_first_package/local_setup.dsv
-- Symlinking: /home/student26/fra333_ws/install/my_first_package/share/my_first_package/package.dsv
-- Up-to-date symlink: /home/student26/fra333_ws/install/my_first_package/share/ament_index/resource_index/packages/my_first_package
-- Up-to-date symlink: /home/student26/fra333_ws/install/my_first_package/share/my_first_package/cmake/my_first_packageConfig.cmake
-- Up-to-date symlink: /home/student26/fra333_ws/install/my_first_package/share/my_first_package/cmake/my_first_packageConfig-version.cmake
-- Up-to-date symlink: /home/student26/fra333_ws/install/my_first_package/share/my_first_package/package.xml
Listing '/home/student26/fra333_ws/install/my_first_package/lib/python3.8/site-packages/my_first_package'...
