[0.114s] DEBUG:colcon:Command line arguments: ['/usr/bin/colcon', 'build', '--symlink-install']
[0.114s] DEBUG:colcon:Parsed command line arguments: Namespace(allow_overriding=[], ament_cmake_args=None, base_paths=['.'], build_base='build', catkin_cmake_args=None, catkin_skip_building_tests=False, cmake_args=None, cmake_clean_cache=False, cmake_clean_first=False, cmake_force_configure=False, cmake_target=None, cmake_target_skip_unavailable=False, continue_on_error=False, event_handlers=None, executor='parallel', ignore_user_meta=False, install_base='install', log_base=None, log_level=None, main=<bound method BuildVerb.main of <colcon_core.verb.build.BuildVerb object at 0x7f825facca30>>, merge_install=False, metas=['./colcon.meta'], packages_above=None, packages_above_and_dependencies=None, packages_above_depth=None, packages_end=None, packages_ignore=None, packages_ignore_regex=None, packages_select=None, packages_select_build_failed=False, packages_select_by_dep=None, packages_select_regex=None, packages_select_test_failures=False, packages_skip=None, packages_skip_build_finished=False, packages_skip_by_dep=None, packages_skip_regex=None, packages_skip_test_passed=False, packages_skip_up_to=None, packages_start=None, packages_up_to=None, packages_up_to_regex=None, parallel_workers=12, paths=None, symlink_install=True, test_result_base=None, verb_extension=<colcon_core.verb.build.BuildVerb object at 0x7f825facca30>, verb_name='build', verb_parser=<colcon_defaults.argument_parser.defaults.DefaultArgumentsDecorator object at 0x7f825faccfa0>)
[0.131s] Level 1:colcon.colcon_core.package_discovery:discover_packages(colcon_meta) check parameters
[0.131s] Level 1:colcon.colcon_core.package_discovery:discover_packages(recursive) check parameters
[0.131s] Level 1:colcon.colcon_core.package_discovery:discover_packages(ignore) check parameters
[0.132s] Level 1:colcon.colcon_core.package_discovery:discover_packages(path) check parameters
[0.132s] Level 1:colcon.colcon_core.package_discovery:discover_packages(colcon_meta) discover
[0.132s] Level 1:colcon.colcon_core.package_discovery:discover_packages(recursive) discover
[0.132s] INFO:colcon.colcon_core.package_discovery:Crawling recursively for packages in '/home/ronnakon/FRA333-KINEMATICS/fra333_lab1_23/fra333_ws'
[0.132s] Level 1:colcon.colcon_core.package_identification:_identify(.) by extensions ['ignore', 'ignore_ament_install']
[0.132s] Level 1:colcon.colcon_core.package_identification:_identify(.) by extension 'ignore'
[0.132s] Level 1:colcon.colcon_core.package_identification:_identify(.) by extension 'ignore_ament_install'
[0.132s] Level 1:colcon.colcon_core.package_identification:_identify(.) by extensions ['colcon_pkg']
[0.132s] Level 1:colcon.colcon_core.package_identification:_identify(.) by extension 'colcon_pkg'
[0.132s] Level 1:colcon.colcon_core.package_identification:_identify(.) by extensions ['colcon_meta']
[0.132s] Level 1:colcon.colcon_core.package_identification:_identify(.) by extension 'colcon_meta'
[0.132s] Level 1:colcon.colcon_core.package_identification:_identify(.) by extensions ['ros']
[0.132s] Level 1:colcon.colcon_core.package_identification:_identify(.) by extension 'ros'
[0.140s] Level 1:colcon.colcon_core.package_identification:_identify(.) by extensions ['cmake', 'python']
[0.140s] Level 1:colcon.colcon_core.package_identification:_identify(.) by extension 'cmake'
[0.140s] Level 1:colcon.colcon_core.package_identification:_identify(.) by extension 'python'
[0.140s] Level 1:colcon.colcon_core.package_identification:_identify(.) by extensions ['python_setup_py']
[0.140s] Level 1:colcon.colcon_core.package_identification:_identify(.) by extension 'python_setup_py'
[0.140s] Level 1:colcon.colcon_core.package_identification:_identify(build) by extensions ['ignore', 'ignore_ament_install']
[0.140s] Level 1:colcon.colcon_core.package_identification:_identify(build) by extension 'ignore'
[0.140s] Level 1:colcon.colcon_core.package_identification:_identify(build) ignored
[0.140s] Level 1:colcon.colcon_core.package_identification:_identify(install) by extensions ['ignore', 'ignore_ament_install']
[0.140s] Level 1:colcon.colcon_core.package_identification:_identify(install) by extension 'ignore'
[0.141s] Level 1:colcon.colcon_core.package_identification:_identify(install) ignored
[0.141s] Level 1:colcon.colcon_core.package_identification:_identify(log) by extensions ['ignore', 'ignore_ament_install']
[0.141s] Level 1:colcon.colcon_core.package_identification:_identify(log) by extension 'ignore'
[0.141s] Level 1:colcon.colcon_core.package_identification:_identify(log) ignored
[0.141s] Level 1:colcon.colcon_core.package_identification:_identify(src) by extensions ['ignore', 'ignore_ament_install']
[0.141s] Level 1:colcon.colcon_core.package_identification:_identify(src) by extension 'ignore'
[0.141s] Level 1:colcon.colcon_core.package_identification:_identify(src) by extension 'ignore_ament_install'
[0.141s] Level 1:colcon.colcon_core.package_identification:_identify(src) by extensions ['colcon_pkg']
[0.141s] Level 1:colcon.colcon_core.package_identification:_identify(src) by extension 'colcon_pkg'
[0.141s] Level 1:colcon.colcon_core.package_identification:_identify(src) by extensions ['colcon_meta']
[0.141s] Level 1:colcon.colcon_core.package_identification:_identify(src) by extension 'colcon_meta'
[0.141s] Level 1:colcon.colcon_core.package_identification:_identify(src) by extensions ['ros']
[0.141s] Level 1:colcon.colcon_core.package_identification:_identify(src) by extension 'ros'
[0.141s] Level 1:colcon.colcon_core.package_identification:_identify(src) by extensions ['cmake', 'python']
[0.141s] Level 1:colcon.colcon_core.package_identification:_identify(src) by extension 'cmake'
[0.141s] Level 1:colcon.colcon_core.package_identification:_identify(src) by extension 'python'
[0.141s] Level 1:colcon.colcon_core.package_identification:_identify(src) by extensions ['python_setup_py']
[0.141s] Level 1:colcon.colcon_core.package_identification:_identify(src) by extension 'python_setup_py'
[0.141s] Level 1:colcon.colcon_core.package_identification:_identify(src/doc) by extensions ['ignore', 'ignore_ament_install']
[0.141s] Level 1:colcon.colcon_core.package_identification:_identify(src/doc) by extension 'ignore'
[0.141s] Level 1:colcon.colcon_core.package_identification:_identify(src/doc) by extension 'ignore_ament_install'
[0.141s] Level 1:colcon.colcon_core.package_identification:_identify(src/doc) by extensions ['colcon_pkg']
[0.141s] Level 1:colcon.colcon_core.package_identification:_identify(src/doc) by extension 'colcon_pkg'
[0.142s] Level 1:colcon.colcon_core.package_identification:_identify(src/doc) by extensions ['colcon_meta']
[0.142s] Level 1:colcon.colcon_core.package_identification:_identify(src/doc) by extension 'colcon_meta'
[0.142s] Level 1:colcon.colcon_core.package_identification:_identify(src/doc) by extensions ['ros']
[0.142s] Level 1:colcon.colcon_core.package_identification:_identify(src/doc) by extension 'ros'
[0.142s] Level 1:colcon.colcon_core.package_identification:_identify(src/doc) by extensions ['cmake', 'python']
[0.142s] Level 1:colcon.colcon_core.package_identification:_identify(src/doc) by extension 'cmake'
[0.142s] Level 1:colcon.colcon_core.package_identification:_identify(src/doc) by extension 'python'
[0.142s] Level 1:colcon.colcon_core.package_identification:_identify(src/doc) by extensions ['python_setup_py']
[0.142s] Level 1:colcon.colcon_core.package_identification:_identify(src/doc) by extension 'python_setup_py'
[0.142s] Level 1:colcon.colcon_core.package_identification:_identify(src/doc/pic) by extensions ['ignore', 'ignore_ament_install']
[0.142s] Level 1:colcon.colcon_core.package_identification:_identify(src/doc/pic) by extension 'ignore'
[0.142s] Level 1:colcon.colcon_core.package_identification:_identify(src/doc/pic) by extension 'ignore_ament_install'
[0.142s] Level 1:colcon.colcon_core.package_identification:_identify(src/doc/pic) by extensions ['colcon_pkg']
[0.142s] Level 1:colcon.colcon_core.package_identification:_identify(src/doc/pic) by extension 'colcon_pkg'
[0.142s] Level 1:colcon.colcon_core.package_identification:_identify(src/doc/pic) by extensions ['colcon_meta']
[0.142s] Level 1:colcon.colcon_core.package_identification:_identify(src/doc/pic) by extension 'colcon_meta'
[0.142s] Level 1:colcon.colcon_core.package_identification:_identify(src/doc/pic) by extensions ['ros']
[0.142s] Level 1:colcon.colcon_core.package_identification:_identify(src/doc/pic) by extension 'ros'
[0.142s] Level 1:colcon.colcon_core.package_identification:_identify(src/doc/pic) by extensions ['cmake', 'python']
[0.142s] Level 1:colcon.colcon_core.package_identification:_identify(src/doc/pic) by extension 'cmake'
[0.142s] Level 1:colcon.colcon_core.package_identification:_identify(src/doc/pic) by extension 'python'
[0.142s] Level 1:colcon.colcon_core.package_identification:_identify(src/doc/pic) by extensions ['python_setup_py']
[0.142s] Level 1:colcon.colcon_core.package_identification:_identify(src/doc/pic) by extension 'python_setup_py'
[0.142s] Level 1:colcon.colcon_core.package_identification:_identify(src/fra333_lab1_23) by extensions ['ignore', 'ignore_ament_install']
[0.142s] Level 1:colcon.colcon_core.package_identification:_identify(src/fra333_lab1_23) by extension 'ignore'
[0.142s] Level 1:colcon.colcon_core.package_identification:_identify(src/fra333_lab1_23) by extension 'ignore_ament_install'
[0.143s] Level 1:colcon.colcon_core.package_identification:_identify(src/fra333_lab1_23) by extensions ['colcon_pkg']
[0.143s] Level 1:colcon.colcon_core.package_identification:_identify(src/fra333_lab1_23) by extension 'colcon_pkg'
[0.143s] Level 1:colcon.colcon_core.package_identification:_identify(src/fra333_lab1_23) by extensions ['colcon_meta']
[0.143s] Level 1:colcon.colcon_core.package_identification:_identify(src/fra333_lab1_23) by extension 'colcon_meta'
[0.143s] Level 1:colcon.colcon_core.package_identification:_identify(src/fra333_lab1_23) by extensions ['ros']
[0.143s] Level 1:colcon.colcon_core.package_identification:_identify(src/fra333_lab1_23) by extension 'ros'
[0.144s] DEBUG:colcon.colcon_core.package_identification:Package 'src/fra333_lab1_23' with type 'ros.ament_cmake' and name 'fra333_lab1_23'
[0.144s] Level 1:colcon.colcon_core.package_identification:_identify(src/lab1_interfaces) by extensions ['ignore', 'ignore_ament_install']
[0.145s] Level 1:colcon.colcon_core.package_identification:_identify(src/lab1_interfaces) by extension 'ignore'
[0.145s] Level 1:colcon.colcon_core.package_identification:_identify(src/lab1_interfaces) by extension 'ignore_ament_install'
[0.145s] Level 1:colcon.colcon_core.package_identification:_identify(src/lab1_interfaces) by extensions ['colcon_pkg']
[0.145s] Level 1:colcon.colcon_core.package_identification:_identify(src/lab1_interfaces) by extension 'colcon_pkg'
[0.145s] Level 1:colcon.colcon_core.package_identification:_identify(src/lab1_interfaces) by extensions ['colcon_meta']
[0.145s] Level 1:colcon.colcon_core.package_identification:_identify(src/lab1_interfaces) by extension 'colcon_meta'
[0.145s] Level 1:colcon.colcon_core.package_identification:_identify(src/lab1_interfaces) by extensions ['ros']
[0.145s] Level 1:colcon.colcon_core.package_identification:_identify(src/lab1_interfaces) by extension 'ros'
[0.145s] DEBUG:colcon.colcon_core.package_identification:Package 'src/lab1_interfaces' with type 'ros.ament_cmake' and name 'lab1_interfaces'
[0.145s] Level 1:colcon.colcon_core.package_discovery:discover_packages(recursive) using defaults
[0.145s] Level 1:colcon.colcon_core.package_discovery:discover_packages(ignore) discover
[0.145s] Level 1:colcon.colcon_core.package_discovery:discover_packages(ignore) using defaults
[0.145s] Level 1:colcon.colcon_core.package_discovery:discover_packages(path) discover
[0.145s] Level 1:colcon.colcon_core.package_discovery:discover_packages(path) using defaults
[0.169s] Level 1:colcon.colcon_core.package_discovery:discover_packages(prefix_path) check parameters
[0.169s] Level 1:colcon.colcon_core.package_discovery:discover_packages(prefix_path) discover
[0.171s] DEBUG:colcon.colcon_installed_package_information.package_discovery:Found 3 installed packages in /home/ronnakon/FRA333-KINEMATICS/fra333_lab1_23/fra333_ws/install
[0.172s] DEBUG:colcon.colcon_installed_package_information.package_discovery:Found 256 installed packages in /opt/ros/foxy
[0.173s] Level 1:colcon.colcon_core.package_discovery:discover_packages(prefix_path) using defaults
[0.220s] Level 5:colcon.colcon_core.verb:set package 'fra333_lab1_23' build argument 'cmake_args' from command line to 'None'
[0.220s] Level 5:colcon.colcon_core.verb:set package 'fra333_lab1_23' build argument 'cmake_target' from command line to 'None'
[0.220s] Level 5:colcon.colcon_core.verb:set package 'fra333_lab1_23' build argument 'cmake_target_skip_unavailable' from command line to 'False'
[0.220s] Level 5:colcon.colcon_core.verb:set package 'fra333_lab1_23' build argument 'cmake_clean_cache' from command line to 'False'
[0.220s] Level 5:colcon.colcon_core.verb:set package 'fra333_lab1_23' build argument 'cmake_clean_first' from command line to 'False'
[0.220s] Level 5:colcon.colcon_core.verb:set package 'fra333_lab1_23' build argument 'cmake_force_configure' from command line to 'False'
[0.220s] Level 5:colcon.colcon_core.verb:set package 'fra333_lab1_23' build argument 'ament_cmake_args' from command line to 'None'
[0.220s] Level 5:colcon.colcon_core.verb:set package 'fra333_lab1_23' build argument 'catkin_cmake_args' from command line to 'None'
[0.220s] Level 5:colcon.colcon_core.verb:set package 'fra333_lab1_23' build argument 'catkin_skip_building_tests' from command line to 'False'
[0.220s] DEBUG:colcon.colcon_core.verb:Building package 'fra333_lab1_23' with the following arguments: {'ament_cmake_args': None, 'build_base': '/home/ronnakon/FRA333-KINEMATICS/fra333_lab1_23/fra333_ws/build/fra333_lab1_23', 'catkin_cmake_args': None, 'catkin_skip_building_tests': False, 'cmake_args': None, 'cmake_clean_cache': False, 'cmake_clean_first': False, 'cmake_force_configure': False, 'cmake_target': None, 'cmake_target_skip_unavailable': False, 'install_base': '/home/ronnakon/FRA333-KINEMATICS/fra333_lab1_23/fra333_ws/install/fra333_lab1_23', 'merge_install': False, 'path': '/home/ronnakon/FRA333-KINEMATICS/fra333_lab1_23/fra333_ws/src/fra333_lab1_23', 'symlink_install': True, 'test_result_base': None}
[0.221s] Level 5:colcon.colcon_core.verb:set package 'lab1_interfaces' build argument 'cmake_args' from command line to 'None'
[0.221s] Level 5:colcon.colcon_core.verb:set package 'lab1_interfaces' build argument 'cmake_target' from command line to 'None'
[0.221s] Level 5:colcon.colcon_core.verb:set package 'lab1_interfaces' build argument 'cmake_target_skip_unavailable' from command line to 'False'
[0.221s] Level 5:colcon.colcon_core.verb:set package 'lab1_interfaces' build argument 'cmake_clean_cache' from command line to 'False'
[0.221s] Level 5:colcon.colcon_core.verb:set package 'lab1_interfaces' build argument 'cmake_clean_first' from command line to 'False'
[0.221s] Level 5:colcon.colcon_core.verb:set package 'lab1_interfaces' build argument 'cmake_force_configure' from command line to 'False'
[0.221s] Level 5:colcon.colcon_core.verb:set package 'lab1_interfaces' build argument 'ament_cmake_args' from command line to 'None'
[0.221s] Level 5:colcon.colcon_core.verb:set package 'lab1_interfaces' build argument 'catkin_cmake_args' from command line to 'None'
[0.221s] Level 5:colcon.colcon_core.verb:set package 'lab1_interfaces' build argument 'catkin_skip_building_tests' from command line to 'False'
[0.221s] DEBUG:colcon.colcon_core.verb:Building package 'lab1_interfaces' with the following arguments: {'ament_cmake_args': None, 'build_base': '/home/ronnakon/FRA333-KINEMATICS/fra333_lab1_23/fra333_ws/build/lab1_interfaces', 'catkin_cmake_args': None, 'catkin_skip_building_tests': False, 'cmake_args': None, 'cmake_clean_cache': False, 'cmake_clean_first': False, 'cmake_force_configure': False, 'cmake_target': None, 'cmake_target_skip_unavailable': False, 'install_base': '/home/ronnakon/FRA333-KINEMATICS/fra333_lab1_23/fra333_ws/install/lab1_interfaces', 'merge_install': False, 'path': '/home/ronnakon/FRA333-KINEMATICS/fra333_lab1_23/fra333_ws/src/lab1_interfaces', 'symlink_install': True, 'test_result_base': None}
[0.222s] INFO:colcon.colcon_core.executor:Executing jobs using 'parallel' executor
[0.225s] DEBUG:colcon.colcon_parallel_executor.executor.parallel:run_until_complete
[0.225s] INFO:colcon.colcon_ros.task.ament_cmake.build:Building ROS package in '/home/ronnakon/FRA333-KINEMATICS/fra333_lab1_23/fra333_ws/src/fra333_lab1_23' with build type 'ament_cmake'
[0.225s] INFO:colcon.colcon_cmake.task.cmake.build:Building CMake package in '/home/ronnakon/FRA333-KINEMATICS/fra333_lab1_23/fra333_ws/src/fra333_lab1_23'
[0.229s] INFO:colcon.colcon_core.plugin_system:Skipping extension 'colcon_core.shell.bat': Not used on non-Windows systems
[0.229s] INFO:colcon.colcon_core.shell:Skip shell extension 'powershell' for command environment: Not usable outside of PowerShell
[0.229s] DEBUG:colcon.colcon_core.shell:Skip shell extension 'dsv' for command environment
[0.236s] INFO:colcon.colcon_ros.task.ament_cmake.build:Building ROS package in '/home/ronnakon/FRA333-KINEMATICS/fra333_lab1_23/fra333_ws/src/lab1_interfaces' with build type 'ament_cmake'
[0.237s] INFO:colcon.colcon_cmake.task.cmake.build:Building CMake package in '/home/ronnakon/FRA333-KINEMATICS/fra333_lab1_23/fra333_ws/src/lab1_interfaces'
[0.238s] INFO:colcon.colcon_core.shell:Skip shell extension 'powershell' for command environment: Not usable outside of PowerShell
[0.238s] DEBUG:colcon.colcon_core.shell:Skip shell extension 'dsv' for command environment
[0.245s] DEBUG:colcon.colcon_core.event_handler.log_command:Invoking command in '/home/ronnakon/FRA333-KINEMATICS/fra333_lab1_23/fra333_ws/build/fra333_lab1_23': CMAKE_PREFIX_PATH=${CMAKE_PREFIX_PATH}:/opt/ros/foxy /usr/bin/cmake --build /home/ronnakon/FRA333-KINEMATICS/fra333_lab1_23/fra333_ws/build/fra333_lab1_23 -- -j12 -l12
[0.251s] DEBUG:colcon.colcon_core.event_handler.log_command:Invoking command in '/home/ronnakon/FRA333-KINEMATICS/fra333_lab1_23/fra333_ws/build/lab1_interfaces': CMAKE_PREFIX_PATH=${CMAKE_PREFIX_PATH}:/opt/ros/foxy /usr/bin/cmake --build /home/ronnakon/FRA333-KINEMATICS/fra333_lab1_23/fra333_ws/build/lab1_interfaces -- -j12 -l12
[0.313s] DEBUG:colcon.colcon_core.event_handler.log_command:Invoked command in '/home/ronnakon/FRA333-KINEMATICS/fra333_lab1_23/fra333_ws/build/fra333_lab1_23' returned '0': CMAKE_PREFIX_PATH=${CMAKE_PREFIX_PATH}:/opt/ros/foxy /usr/bin/cmake --build /home/ronnakon/FRA333-KINEMATICS/fra333_lab1_23/fra333_ws/build/fra333_lab1_23 -- -j12 -l12
[0.341s] DEBUG:colcon.colcon_core.event_handler.log_command:Invoking command in '/home/ronnakon/FRA333-KINEMATICS/fra333_lab1_23/fra333_ws/build/fra333_lab1_23': CMAKE_PREFIX_PATH=${CMAKE_PREFIX_PATH}:/opt/ros/foxy /usr/bin/cmake --install /home/ronnakon/FRA333-KINEMATICS/fra333_lab1_23/fra333_ws/build/fra333_lab1_23
[0.393s] Level 1:colcon.colcon_core.environment:create_environment_scripts_only(fra333_lab1_23)
[0.394s] DEBUG:colcon.colcon_core.event_handler.log_command:Invoked command in '/home/ronnakon/FRA333-KINEMATICS/fra333_lab1_23/fra333_ws/build/fra333_lab1_23' returned '0': CMAKE_PREFIX_PATH=${CMAKE_PREFIX_PATH}:/opt/ros/foxy /usr/bin/cmake --install /home/ronnakon/FRA333-KINEMATICS/fra333_lab1_23/fra333_ws/build/fra333_lab1_23
[0.400s] Level 1:colcon.colcon_core.environment:checking '/home/ronnakon/FRA333-KINEMATICS/fra333_lab1_23/fra333_ws/install/fra333_lab1_23' for CMake module files
[0.401s] Level 1:colcon.colcon_core.environment:checking '/home/ronnakon/FRA333-KINEMATICS/fra333_lab1_23/fra333_ws/install/fra333_lab1_23' for CMake config files
[0.401s] Level 1:colcon.colcon_core.shell:create_environment_hook('fra333_lab1_23', 'cmake_prefix_path')
[0.403s] INFO:colcon.colcon_core.shell:Creating environment hook '/home/ronnakon/FRA333-KINEMATICS/fra333_lab1_23/fra333_ws/install/fra333_lab1_23/share/fra333_lab1_23/hook/cmake_prefix_path.ps1'
[0.403s] INFO:colcon.colcon_core.shell:Creating environment descriptor '/home/ronnakon/FRA333-KINEMATICS/fra333_lab1_23/fra333_ws/install/fra333_lab1_23/share/fra333_lab1_23/hook/cmake_prefix_path.dsv'
[0.404s] INFO:colcon.colcon_core.shell:Creating environment hook '/home/ronnakon/FRA333-KINEMATICS/fra333_lab1_23/fra333_ws/install/fra333_lab1_23/share/fra333_lab1_23/hook/cmake_prefix_path.sh'
[0.405s] Level 1:colcon.colcon_core.environment:checking '/home/ronnakon/FRA333-KINEMATICS/fra333_lab1_23/fra333_ws/install/fra333_lab1_23/lib'
[0.405s] Level 1:colcon.colcon_core.environment:checking '/home/ronnakon/FRA333-KINEMATICS/fra333_lab1_23/fra333_ws/install/fra333_lab1_23/bin'
[0.405s] Level 1:colcon.colcon_core.environment:checking '/home/ronnakon/FRA333-KINEMATICS/fra333_lab1_23/fra333_ws/install/fra333_lab1_23/lib/pkgconfig/fra333_lab1_23.pc'
[0.405s] Level 1:colcon.colcon_core.environment:checking '/home/ronnakon/FRA333-KINEMATICS/fra333_lab1_23/fra333_ws/install/fra333_lab1_23/lib/python3.8/site-packages'
[0.405s] Level 1:colcon.colcon_core.shell:create_environment_hook('fra333_lab1_23', 'pythonpath')
[0.406s] INFO:colcon.colcon_core.shell:Creating environment hook '/home/ronnakon/FRA333-KINEMATICS/fra333_lab1_23/fra333_ws/install/fra333_lab1_23/share/fra333_lab1_23/hook/pythonpath.ps1'
[0.407s] INFO:colcon.colcon_core.shell:Creating environment descriptor '/home/ronnakon/FRA333-KINEMATICS/fra333_lab1_23/fra333_ws/install/fra333_lab1_23/share/fra333_lab1_23/hook/pythonpath.dsv'
[0.407s] INFO:colcon.colcon_core.shell:Creating environment hook '/home/ronnakon/FRA333-KINEMATICS/fra333_lab1_23/fra333_ws/install/fra333_lab1_23/share/fra333_lab1_23/hook/pythonpath.sh'
[0.407s] Level 1:colcon.colcon_core.environment:checking '/home/ronnakon/FRA333-KINEMATICS/fra333_lab1_23/fra333_ws/install/fra333_lab1_23/bin'
[0.408s] INFO:colcon.colcon_core.shell:Creating package script '/home/ronnakon/FRA333-KINEMATICS/fra333_lab1_23/fra333_ws/install/fra333_lab1_23/share/fra333_lab1_23/package.ps1'
[0.409s] INFO:colcon.colcon_core.shell:Creating package descriptor '/home/ronnakon/FRA333-KINEMATICS/fra333_lab1_23/fra333_ws/install/fra333_lab1_23/share/fra333_lab1_23/package.dsv'
[0.409s] INFO:colcon.colcon_core.shell:Creating package script '/home/ronnakon/FRA333-KINEMATICS/fra333_lab1_23/fra333_ws/install/fra333_lab1_23/share/fra333_lab1_23/package.sh'
[0.410s] INFO:colcon.colcon_core.shell:Creating package script '/home/ronnakon/FRA333-KINEMATICS/fra333_lab1_23/fra333_ws/install/fra333_lab1_23/share/fra333_lab1_23/package.bash'
[0.410s] INFO:colcon.colcon_core.shell:Creating package script '/home/ronnakon/FRA333-KINEMATICS/fra333_lab1_23/fra333_ws/install/fra333_lab1_23/share/fra333_lab1_23/package.zsh'
[0.411s] Level 1:colcon.colcon_core.environment:create_file_with_runtime_dependencies(/home/ronnakon/FRA333-KINEMATICS/fra333_lab1_23/fra333_ws/install/fra333_lab1_23/share/colcon-core/packages/fra333_lab1_23)
[0.433s] Level 1:colcon.colcon_core.environment:create_environment_scripts_only(fra333_lab1_23)
[0.434s] Level 1:colcon.colcon_core.environment:checking '/home/ronnakon/FRA333-KINEMATICS/fra333_lab1_23/fra333_ws/install/fra333_lab1_23' for CMake module files
[0.435s] Level 1:colcon.colcon_core.environment:checking '/home/ronnakon/FRA333-KINEMATICS/fra333_lab1_23/fra333_ws/install/fra333_lab1_23' for CMake config files
[0.435s] Level 1:colcon.colcon_core.shell:create_environment_hook('fra333_lab1_23', 'cmake_prefix_path')
[0.436s] INFO:colcon.colcon_core.shell:Creating environment hook '/home/ronnakon/FRA333-KINEMATICS/fra333_lab1_23/fra333_ws/install/fra333_lab1_23/share/fra333_lab1_23/hook/cmake_prefix_path.ps1'
[0.437s] INFO:colcon.colcon_core.shell:Creating environment descriptor '/home/ronnakon/FRA333-KINEMATICS/fra333_lab1_23/fra333_ws/install/fra333_lab1_23/share/fra333_lab1_23/hook/cmake_prefix_path.dsv'
[0.437s] INFO:colcon.colcon_core.shell:Creating environment hook '/home/ronnakon/FRA333-KINEMATICS/fra333_lab1_23/fra333_ws/install/fra333_lab1_23/share/fra333_lab1_23/hook/cmake_prefix_path.sh'
[0.437s] Level 1:colcon.colcon_core.environment:checking '/home/ronnakon/FRA333-KINEMATICS/fra333_lab1_23/fra333_ws/install/fra333_lab1_23/lib'
[0.438s] Level 1:colcon.colcon_core.environment:checking '/home/ronnakon/FRA333-KINEMATICS/fra333_lab1_23/fra333_ws/install/fra333_lab1_23/bin'
[0.438s] Level 1:colcon.colcon_core.environment:checking '/home/ronnakon/FRA333-KINEMATICS/fra333_lab1_23/fra333_ws/install/fra333_lab1_23/lib/pkgconfig/fra333_lab1_23.pc'
[0.438s] Level 1:colcon.colcon_core.environment:checking '/home/ronnakon/FRA333-KINEMATICS/fra333_lab1_23/fra333_ws/install/fra333_lab1_23/lib/python3.8/site-packages'
[0.438s] Level 1:colcon.colcon_core.shell:create_environment_hook('fra333_lab1_23', 'pythonpath')
[0.439s] INFO:colcon.colcon_core.shell:Creating environment hook '/home/ronnakon/FRA333-KINEMATICS/fra333_lab1_23/fra333_ws/install/fra333_lab1_23/share/fra333_lab1_23/hook/pythonpath.ps1'
[0.439s] INFO:colcon.colcon_core.shell:Creating environment descriptor '/home/ronnakon/FRA333-KINEMATICS/fra333_lab1_23/fra333_ws/install/fra333_lab1_23/share/fra333_lab1_23/hook/pythonpath.dsv'
[0.439s] INFO:colcon.colcon_core.shell:Creating environment hook '/home/ronnakon/FRA333-KINEMATICS/fra333_lab1_23/fra333_ws/install/fra333_lab1_23/share/fra333_lab1_23/hook/pythonpath.sh'
[0.440s] Level 1:colcon.colcon_core.environment:checking '/home/ronnakon/FRA333-KINEMATICS/fra333_lab1_23/fra333_ws/install/fra333_lab1_23/bin'
[0.441s] INFO:colcon.colcon_core.shell:Creating package script '/home/ronnakon/FRA333-KINEMATICS/fra333_lab1_23/fra333_ws/install/fra333_lab1_23/share/fra333_lab1_23/package.ps1'
[0.441s] INFO:colcon.colcon_core.shell:Creating package descriptor '/home/ronnakon/FRA333-KINEMATICS/fra333_lab1_23/fra333_ws/install/fra333_lab1_23/share/fra333_lab1_23/package.dsv'
[0.441s] INFO:colcon.colcon_core.shell:Creating package script '/home/ronnakon/FRA333-KINEMATICS/fra333_lab1_23/fra333_ws/install/fra333_lab1_23/share/fra333_lab1_23/package.sh'
[0.442s] INFO:colcon.colcon_core.shell:Creating package script '/home/ronnakon/FRA333-KINEMATICS/fra333_lab1_23/fra333_ws/install/fra333_lab1_23/share/fra333_lab1_23/package.bash'
[0.442s] INFO:colcon.colcon_core.shell:Creating package script '/home/ronnakon/FRA333-KINEMATICS/fra333_lab1_23/fra333_ws/install/fra333_lab1_23/share/fra333_lab1_23/package.zsh'
[0.442s] Level 1:colcon.colcon_core.environment:create_file_with_runtime_dependencies(/home/ronnakon/FRA333-KINEMATICS/fra333_lab1_23/fra333_ws/install/fra333_lab1_23/share/colcon-core/packages/fra333_lab1_23)
[0.444s] DEBUG:colcon.colcon_core.event_handler.log_command:Invoked command in '/home/ronnakon/FRA333-KINEMATICS/fra333_lab1_23/fra333_ws/build/lab1_interfaces' returned '0': CMAKE_PREFIX_PATH=${CMAKE_PREFIX_PATH}:/opt/ros/foxy /usr/bin/cmake --build /home/ronnakon/FRA333-KINEMATICS/fra333_lab1_23/fra333_ws/build/lab1_interfaces -- -j12 -l12
[0.492s] DEBUG:colcon.colcon_core.event_handler.log_command:Invoking command in '/home/ronnakon/FRA333-KINEMATICS/fra333_lab1_23/fra333_ws/build/lab1_interfaces': CMAKE_PREFIX_PATH=${CMAKE_PREFIX_PATH}:/opt/ros/foxy /usr/bin/cmake --install /home/ronnakon/FRA333-KINEMATICS/fra333_lab1_23/fra333_ws/build/lab1_interfaces
[0.558s] Level 1:colcon.colcon_core.environment:create_environment_scripts_only(lab1_interfaces)
[0.561s] Level 1:colcon.colcon_core.environment:checking '/home/ronnakon/FRA333-KINEMATICS/fra333_lab1_23/fra333_ws/install/lab1_interfaces' for CMake module files
[0.562s] DEBUG:colcon.colcon_core.event_handler.log_command:Invoked command in '/home/ronnakon/FRA333-KINEMATICS/fra333_lab1_23/fra333_ws/build/lab1_interfaces' returned '0': CMAKE_PREFIX_PATH=${CMAKE_PREFIX_PATH}:/opt/ros/foxy /usr/bin/cmake --install /home/ronnakon/FRA333-KINEMATICS/fra333_lab1_23/fra333_ws/build/lab1_interfaces
[0.562s] Level 1:colcon.colcon_core.environment:checking '/home/ronnakon/FRA333-KINEMATICS/fra333_lab1_23/fra333_ws/install/lab1_interfaces' for CMake config files
[0.563s] Level 1:colcon.colcon_core.shell:create_environment_hook('lab1_interfaces', 'cmake_prefix_path')
[0.564s] INFO:colcon.colcon_core.shell:Creating environment hook '/home/ronnakon/FRA333-KINEMATICS/fra333_lab1_23/fra333_ws/install/lab1_interfaces/share/lab1_interfaces/hook/cmake_prefix_path.ps1'
[0.565s] INFO:colcon.colcon_core.shell:Creating environment descriptor '/home/ronnakon/FRA333-KINEMATICS/fra333_lab1_23/fra333_ws/install/lab1_interfaces/share/lab1_interfaces/hook/cmake_prefix_path.dsv'
[0.565s] INFO:colcon.colcon_core.shell:Creating environment hook '/home/ronnakon/FRA333-KINEMATICS/fra333_lab1_23/fra333_ws/install/lab1_interfaces/share/lab1_interfaces/hook/cmake_prefix_path.sh'
[0.566s] Level 1:colcon.colcon_core.environment:checking '/home/ronnakon/FRA333-KINEMATICS/fra333_lab1_23/fra333_ws/install/lab1_interfaces/lib'
[0.566s] Level 1:colcon.colcon_core.shell:create_environment_hook('lab1_interfaces', 'ld_library_path_lib')
[0.568s] INFO:colcon.colcon_core.shell:Creating environment hook '/home/ronnakon/FRA333-KINEMATICS/fra333_lab1_23/fra333_ws/install/lab1_interfaces/share/lab1_interfaces/hook/ld_library_path_lib.ps1'
[0.568s] INFO:colcon.colcon_core.shell:Creating environment descriptor '/home/ronnakon/FRA333-KINEMATICS/fra333_lab1_23/fra333_ws/install/lab1_interfaces/share/lab1_interfaces/hook/ld_library_path_lib.dsv'
[0.569s] INFO:colcon.colcon_core.shell:Creating environment hook '/home/ronnakon/FRA333-KINEMATICS/fra333_lab1_23/fra333_ws/install/lab1_interfaces/share/lab1_interfaces/hook/ld_library_path_lib.sh'
[0.569s] Level 1:colcon.colcon_core.environment:checking '/home/ronnakon/FRA333-KINEMATICS/fra333_lab1_23/fra333_ws/install/lab1_interfaces/bin'
[0.569s] Level 1:colcon.colcon_core.environment:checking '/home/ronnakon/FRA333-KINEMATICS/fra333_lab1_23/fra333_ws/install/lab1_interfaces/lib/pkgconfig/lab1_interfaces.pc'
[0.569s] Level 1:colcon.colcon_core.environment:checking '/home/ronnakon/FRA333-KINEMATICS/fra333_lab1_23/fra333_ws/install/lab1_interfaces/lib/python3.8/site-packages'
[0.569s] Level 1:colcon.colcon_core.shell:create_environment_hook('lab1_interfaces', 'pythonpath')
[0.570s] INFO:colcon.colcon_core.shell:Creating environment hook '/home/ronnakon/FRA333-KINEMATICS/fra333_lab1_23/fra333_ws/install/lab1_interfaces/share/lab1_interfaces/hook/pythonpath.ps1'
[0.571s] INFO:colcon.colcon_core.shell:Creating environment descriptor '/home/ronnakon/FRA333-KINEMATICS/fra333_lab1_23/fra333_ws/install/lab1_interfaces/share/lab1_interfaces/hook/pythonpath.dsv'
[0.571s] INFO:colcon.colcon_core.shell:Creating environment hook '/home/ronnakon/FRA333-KINEMATICS/fra333_lab1_23/fra333_ws/install/lab1_interfaces/share/lab1_interfaces/hook/pythonpath.sh'
[0.571s] Level 1:colcon.colcon_core.environment:checking '/home/ronnakon/FRA333-KINEMATICS/fra333_lab1_23/fra333_ws/install/lab1_interfaces/bin'
[0.572s] INFO:colcon.colcon_core.shell:Creating package script '/home/ronnakon/FRA333-KINEMATICS/fra333_lab1_23/fra333_ws/install/lab1_interfaces/share/lab1_interfaces/package.ps1'
[0.573s] INFO:colcon.colcon_core.shell:Creating package descriptor '/home/ronnakon/FRA333-KINEMATICS/fra333_lab1_23/fra333_ws/install/lab1_interfaces/share/lab1_interfaces/package.dsv'
[0.573s] INFO:colcon.colcon_core.shell:Creating package script '/home/ronnakon/FRA333-KINEMATICS/fra333_lab1_23/fra333_ws/install/lab1_interfaces/share/lab1_interfaces/package.sh'
[0.573s] INFO:colcon.colcon_core.shell:Creating package script '/home/ronnakon/FRA333-KINEMATICS/fra333_lab1_23/fra333_ws/install/lab1_interfaces/share/lab1_interfaces/package.bash'
[0.573s] INFO:colcon.colcon_core.shell:Creating package script '/home/ronnakon/FRA333-KINEMATICS/fra333_lab1_23/fra333_ws/install/lab1_interfaces/share/lab1_interfaces/package.zsh'
[0.574s] Level 1:colcon.colcon_core.environment:create_file_with_runtime_dependencies(/home/ronnakon/FRA333-KINEMATICS/fra333_lab1_23/fra333_ws/install/lab1_interfaces/share/colcon-core/packages/lab1_interfaces)
[0.617s] Level 1:colcon.colcon_core.environment:create_environment_scripts_only(lab1_interfaces)
[0.620s] Level 1:colcon.colcon_core.environment:checking '/home/ronnakon/FRA333-KINEMATICS/fra333_lab1_23/fra333_ws/install/lab1_interfaces' for CMake module files
[0.621s] Level 1:colcon.colcon_core.environment:checking '/home/ronnakon/FRA333-KINEMATICS/fra333_lab1_23/fra333_ws/install/lab1_interfaces' for CMake config files
[0.622s] Level 1:colcon.colcon_core.shell:create_environment_hook('lab1_interfaces', 'cmake_prefix_path')
[0.623s] INFO:colcon.colcon_core.shell:Creating environment hook '/home/ronnakon/FRA333-KINEMATICS/fra333_lab1_23/fra333_ws/install/lab1_interfaces/share/lab1_interfaces/hook/cmake_prefix_path.ps1'
[0.623s] INFO:colcon.colcon_core.shell:Creating environment descriptor '/home/ronnakon/FRA333-KINEMATICS/fra333_lab1_23/fra333_ws/install/lab1_interfaces/share/lab1_interfaces/hook/cmake_prefix_path.dsv'
[0.623s] INFO:colcon.colcon_core.shell:Creating environment hook '/home/ronnakon/FRA333-KINEMATICS/fra333_lab1_23/fra333_ws/install/lab1_interfaces/share/lab1_interfaces/hook/cmake_prefix_path.sh'
[0.624s] Level 1:colcon.colcon_core.environment:checking '/home/ronnakon/FRA333-KINEMATICS/fra333_lab1_23/fra333_ws/install/lab1_interfaces/lib'
[0.624s] Level 1:colcon.colcon_core.shell:create_environment_hook('lab1_interfaces', 'ld_library_path_lib')
[0.625s] INFO:colcon.colcon_core.shell:Creating environment hook '/home/ronnakon/FRA333-KINEMATICS/fra333_lab1_23/fra333_ws/install/lab1_interfaces/share/lab1_interfaces/hook/ld_library_path_lib.ps1'
[0.625s] INFO:colcon.colcon_core.shell:Creating environment descriptor '/home/ronnakon/FRA333-KINEMATICS/fra333_lab1_23/fra333_ws/install/lab1_interfaces/share/lab1_interfaces/hook/ld_library_path_lib.dsv'
[0.625s] INFO:colcon.colcon_core.shell:Creating environment hook '/home/ronnakon/FRA333-KINEMATICS/fra333_lab1_23/fra333_ws/install/lab1_interfaces/share/lab1_interfaces/hook/ld_library_path_lib.sh'
[0.625s] Level 1:colcon.colcon_core.environment:checking '/home/ronnakon/FRA333-KINEMATICS/fra333_lab1_23/fra333_ws/install/lab1_interfaces/bin'
[0.626s] Level 1:colcon.colcon_core.environment:checking '/home/ronnakon/FRA333-KINEMATICS/fra333_lab1_23/fra333_ws/install/lab1_interfaces/lib/pkgconfig/lab1_interfaces.pc'
[0.626s] Level 1:colcon.colcon_core.environment:checking '/home/ronnakon/FRA333-KINEMATICS/fra333_lab1_23/fra333_ws/install/lab1_interfaces/lib/python3.8/site-packages'
[0.626s] Level 1:colcon.colcon_core.shell:create_environment_hook('lab1_interfaces', 'pythonpath')
[0.627s] INFO:colcon.colcon_core.shell:Creating environment hook '/home/ronnakon/FRA333-KINEMATICS/fra333_lab1_23/fra333_ws/install/lab1_interfaces/share/lab1_interfaces/hook/pythonpath.ps1'
[0.627s] INFO:colcon.colcon_core.shell:Creating environment descriptor '/home/ronnakon/FRA333-KINEMATICS/fra333_lab1_23/fra333_ws/install/lab1_interfaces/share/lab1_interfaces/hook/pythonpath.dsv'
[0.627s] INFO:colcon.colcon_core.shell:Creating environment hook '/home/ronnakon/FRA333-KINEMATICS/fra333_lab1_23/fra333_ws/install/lab1_interfaces/share/lab1_interfaces/hook/pythonpath.sh'
[0.628s] Level 1:colcon.colcon_core.environment:checking '/home/ronnakon/FRA333-KINEMATICS/fra333_lab1_23/fra333_ws/install/lab1_interfaces/bin'
[0.629s] INFO:colcon.colcon_core.shell:Creating package script '/home/ronnakon/FRA333-KINEMATICS/fra333_lab1_23/fra333_ws/install/lab1_interfaces/share/lab1_interfaces/package.ps1'
[0.630s] INFO:colcon.colcon_core.shell:Creating package descriptor '/home/ronnakon/FRA333-KINEMATICS/fra333_lab1_23/fra333_ws/install/lab1_interfaces/share/lab1_interfaces/package.dsv'
[0.631s] INFO:colcon.colcon_core.shell:Creating package script '/home/ronnakon/FRA333-KINEMATICS/fra333_lab1_23/fra333_ws/install/lab1_interfaces/share/lab1_interfaces/package.sh'
[0.631s] INFO:colcon.colcon_core.shell:Creating package script '/home/ronnakon/FRA333-KINEMATICS/fra333_lab1_23/fra333_ws/install/lab1_interfaces/share/lab1_interfaces/package.bash'
[0.631s] INFO:colcon.colcon_core.shell:Creating package script '/home/ronnakon/FRA333-KINEMATICS/fra333_lab1_23/fra333_ws/install/lab1_interfaces/share/lab1_interfaces/package.zsh'
[0.631s] Level 1:colcon.colcon_core.environment:create_file_with_runtime_dependencies(/home/ronnakon/FRA333-KINEMATICS/fra333_lab1_23/fra333_ws/install/lab1_interfaces/share/colcon-core/packages/lab1_interfaces)
[0.632s] DEBUG:colcon.colcon_parallel_executor.executor.parallel:closing loop
[0.632s] DEBUG:colcon.colcon_parallel_executor.executor.parallel:loop closed
[0.632s] DEBUG:colcon.colcon_parallel_executor.executor.parallel:run_until_complete finished with '0'
[0.632s] DEBUG:colcon.colcon_core.event_reactor:joining thread
[0.642s] INFO:colcon.colcon_core.plugin_system:Skipping extension 'colcon_notification.desktop_notification.terminal_notifier': Not used on non-Darwin systems
[0.642s] INFO:colcon.colcon_core.plugin_system:Skipping extension 'colcon_notification.desktop_notification.win32': Not used on non-Windows systems
[0.642s] INFO:colcon.colcon_notification.desktop_notification:Sending desktop notification using 'notify2'
[0.655s] DEBUG:colcon.colcon_core.event_reactor:joined thread
[0.657s] INFO:colcon.colcon_core.shell:Creating prefix script '/home/ronnakon/FRA333-KINEMATICS/fra333_lab1_23/fra333_ws/install/local_setup.ps1'
[0.659s] INFO:colcon.colcon_core.shell:Creating prefix util module '/home/ronnakon/FRA333-KINEMATICS/fra333_lab1_23/fra333_ws/install/_local_setup_util_ps1.py'
[0.661s] INFO:colcon.colcon_core.shell:Creating prefix chain script '/home/ronnakon/FRA333-KINEMATICS/fra333_lab1_23/fra333_ws/install/setup.ps1'
[0.663s] INFO:colcon.colcon_core.shell:Creating prefix script '/home/ronnakon/FRA333-KINEMATICS/fra333_lab1_23/fra333_ws/install/local_setup.sh'
[0.664s] INFO:colcon.colcon_core.shell:Creating prefix util module '/home/ronnakon/FRA333-KINEMATICS/fra333_lab1_23/fra333_ws/install/_local_setup_util_sh.py'
[0.664s] INFO:colcon.colcon_core.shell:Creating prefix chain script '/home/ronnakon/FRA333-KINEMATICS/fra333_lab1_23/fra333_ws/install/setup.sh'
[0.666s] INFO:colcon.colcon_core.shell:Creating prefix script '/home/ronnakon/FRA333-KINEMATICS/fra333_lab1_23/fra333_ws/install/local_setup.bash'
[0.666s] INFO:colcon.colcon_core.shell:Creating prefix chain script '/home/ronnakon/FRA333-KINEMATICS/fra333_lab1_23/fra333_ws/install/setup.bash'
[0.668s] INFO:colcon.colcon_core.shell:Creating prefix script '/home/ronnakon/FRA333-KINEMATICS/fra333_lab1_23/fra333_ws/install/local_setup.zsh'
[0.669s] INFO:colcon.colcon_core.shell:Creating prefix chain script '/home/ronnakon/FRA333-KINEMATICS/fra333_lab1_23/fra333_ws/install/setup.zsh'
