[0.016s] Invoking command in '/home/student26/fra333_ws/build/my_first_package': /usr/bin/cmake /home/student26/fra333_ws/src/FRA333_Week2 -DCMAKE_INSTALL_PREFIX=/home/student26/fra333_ws/install/my_first_package
[0.038s] -- Found rosidl_default_generators: 1.0.1 (/opt/ros/foxy/share/rosidl_default_generators/cmake)
[0.038s] -- Found ament_cmake_core: 0.9.9 (/opt/ros/foxy/share/ament_cmake_core/cmake)
[0.058s] -- Found PythonInterp: /usr/bin/python3 (found suitable version "3.8.10", minimum required is "3") 
[0.059s] -- Using PYTHON_EXECUTABLE: /usr/bin/python3
[0.216s] -- Override CMake install command with custom implementation using symlinks instead of copying resources
[0.220s] -- Using all available rosidl_typesupport_c: rosidl_typesupport_fastrtps_c;rosidl_typesupport_introspection_c
[0.226s] -- Found rosidl_adapter: 1.2.1 (/opt/ros/foxy/share/rosidl_adapter/cmake)
[0.357s] -- Using all available rosidl_typesupport_cpp: rosidl_typesupport_fastrtps_cpp;rosidl_typesupport_introspection_cpp
[0.377s] -- Found geometry_msgs: 2.0.5 (/opt/ros/foxy/share/geometry_msgs/cmake)
[0.441s] -- Found rclcpp: 2.4.1 (/opt/ros/foxy/share/rclcpp/cmake)
[0.475s] -- Found rmw_implementation_cmake: 1.0.3 (/opt/ros/foxy/share/rmw_implementation_cmake/cmake)
[0.476s] -- Using RMW implementation 'rmw_fastrtps_cpp' as default
[0.608s] -- Found rclpy: 1.0.8 (/opt/ros/foxy/share/rclpy/cmake)
[0.634s] -- Found PythonInterp: /usr/bin/python3 (found version "3.8.10") 
[0.803s] CMake Error at /opt/ros/foxy/share/rosidl_adapter/cmake/rosidl_adapt_interfaces.cmake:60 (message):
[0.803s]   execute_process(/usr/bin/python3 -m rosidl_adapter --package-name
[0.803s]   my_first_package --arguments-file
[0.803s]   /home/student26/fra333_ws/build/my_first_package/rosidl_adapter__arguments__my_first_package.json
[0.803s]   --output-dir
[0.803s]   /home/student26/fra333_ws/build/my_first_package/rosidl_adapter/my_first_package
[0.803s]   --output-file
[0.803s]   /home/student26/fra333_ws/build/my_first_package/rosidl_adapter/my_first_package.idls)
[0.803s]   returned error code 1:
[0.804s] 
[0.804s]   Error processing 'geometry msgs/Point position' of
[0.804s]   'my_first_package/SetGoal_Request': ''geometry' is an invalid message name.
[0.804s]   It should have the pattern '^[A-Z][A-Za-z0-9]*$''
[0.804s] 
[0.804s]   Traceback (most recent call last):
[0.804s] 
[0.804s]     File "/usr/lib/python3.8/runpy.py", line 194, in _run_module_as_main
[0.804s]       return _run_code(code, main_globals, None,
[0.804s]     File "/usr/lib/python3.8/runpy.py", line 87, in _run_code
[0.804s]       exec(code, run_globals)
[0.804s]     File "/opt/ros/foxy/lib/python3.8/site-packages/rosidl_adapter/__main__.py", line 19, in <module>
[0.804s]       sys.exit(main())
[0.804s]     File "/opt/ros/foxy/lib/python3.8/site-packages/rosidl_adapter/main.py", line 53, in main
[0.804s]       abs_idl_file = convert_to_idl(
[0.805s]     File "/opt/ros/foxy/lib/python3.8/site-packages/rosidl_adapter/__init__.py", line 24, in convert_to_idl
[0.805s]       return convert_srv_to_idl(
[0.805s]     File "/opt/ros/foxy/lib/python3.8/site-packages/rosidl_adapter/srv/__init__.py", line 28, in convert_srv_to_idl
[0.805s]       srv = parse_service_string(package_name, input_file.stem, content)
[0.805s]     File "/opt/ros/foxy/lib/python3.8/site-packages/rosidl_adapter/parser.py", line 852, in parse_service_string
[0.805s]       request_message = parse_message_string(
[0.805s]     File "/opt/ros/foxy/lib/python3.8/site-packages/rosidl_adapter/parser.py", line 516, in parse_message_string
[0.805s]       Type(type_string, context_package_name=pkg_name),
[0.805s]     File "/opt/ros/foxy/lib/python3.8/site-packages/rosidl_adapter/parser.py", line 276, in __init__
[0.805s]       super(Type, self).__init__(
[0.805s]     File "/opt/ros/foxy/lib/python3.8/site-packages/rosidl_adapter/parser.py", line 204, in __init__
[0.805s]       raise InvalidResourceName(
[0.805s] 
[0.805s]   rosidl_adapter.parser.InvalidResourceName: 'geometry' is an invalid message
[0.806s]   name.  It should have the pattern '^[A-Z][A-Za-z0-9]*$'
[0.806s] 
[0.806s] Call Stack (most recent call first):
[0.806s]   /opt/ros/foxy/share/rosidl_cmake/cmake/rosidl_generate_interfaces.cmake:130 (rosidl_adapt_interfaces)
[0.806s]   CMakeLists.txt:52 (rosidl_generate_interfaces)
[0.806s] 
[0.806s] 
[0.806s] -- Configuring incomplete, errors occurred!
[0.806s] See also "/home/student26/fra333_ws/build/my_first_package/CMakeFiles/CMakeOutput.log".
[0.806s] See also "/home/student26/fra333_ws/build/my_first_package/CMakeFiles/CMakeError.log".
[0.813s] Invoked command in '/home/student26/fra333_ws/build/my_first_package' returned '1': /usr/bin/cmake /home/student26/fra333_ws/src/FRA333_Week2 -DCMAKE_INSTALL_PREFIX=/home/student26/fra333_ws/install/my_first_package
