[0.038s] Invoking command in '/home/ronnakon/FRA333-KINEMATICS/LAB3_ws/build/xicro_pkg': CMAKE_PREFIX_PATH=${CMAKE_PREFIX_PATH}:/opt/ros/foxy /usr/bin/cmake /home/ronnakon/FRA333-KINEMATICS/LAB3_ws/src/Xicro/xicro_pkg -DAMENT_CMAKE_SYMLINK_INSTALL=1 -DCMAKE_INSTALL_PREFIX=/home/ronnakon/FRA333-KINEMATICS/LAB3_ws/install/xicro_pkg
[0.148s] -- The C compiler identification is GNU 9.4.0
[0.245s] -- The CXX compiler identification is GNU 9.4.0
[0.253s] -- Check for working C compiler: /usr/bin/cc
[0.379s] -- Check for working C compiler: /usr/bin/cc -- works
[0.381s] -- Detecting C compiler ABI info
[0.506s] -- Detecting C compiler ABI info - done
[0.530s] -- Detecting C compile features
[0.530s] -- Detecting C compile features - done
[0.535s] -- Check for working CXX compiler: /usr/bin/c++
[0.676s] -- Check for working CXX compiler: /usr/bin/c++ -- works
[0.678s] -- Detecting CXX compiler ABI info
[0.823s] -- Detecting CXX compiler ABI info - done
[0.844s] -- Detecting CXX compile features
[0.845s] -- Detecting CXX compile features - done
[0.849s] -- Found ament_cmake: 0.9.9 (/opt/ros/foxy/share/ament_cmake/cmake)
[0.891s] -- Found PythonInterp: /usr/bin/python3 (found suitable version "3.8.10", minimum required is "3") 
[0.891s] -- Using PYTHON_EXECUTABLE: /usr/bin/python3
[1.232s] -- Override CMake install command with custom implementation using symlinks instead of copying resources
[1.280s] -- Found rclcpp: 2.4.1 (/opt/ros/foxy/share/rclcpp/cmake)
[1.361s] -- Using all available rosidl_typesupport_c: rosidl_typesupport_fastrtps_c;rosidl_typesupport_introspection_c
[1.373s] -- Found rosidl_adapter: 1.2.1 (/opt/ros/foxy/share/rosidl_adapter/cmake)
[1.524s] -- Found OpenSSL: /usr/lib/x86_64-linux-gnu/libcrypto.so (found version "1.1.1f")  
[1.590s] -- Found FastRTPS: /opt/ros/foxy/include  
[1.769s] -- Using all available rosidl_typesupport_cpp: rosidl_typesupport_fastrtps_cpp;rosidl_typesupport_introspection_cpp
[1.874s] -- Found rmw_implementation_cmake: 1.0.3 (/opt/ros/foxy/share/rmw_implementation_cmake/cmake)
[1.877s] -- Using RMW implementation 'rmw_fastrtps_cpp' as default
[1.879s] -- Looking for pthread.h
[2.015s] -- Looking for pthread.h - found
[2.015s] -- Performing Test CMAKE_HAVE_LIBC_PTHREAD
[2.148s] -- Performing Test CMAKE_HAVE_LIBC_PTHREAD - Failed
[2.148s] -- Looking for pthread_create in pthreads
[2.258s] -- Looking for pthread_create in pthreads - not found
[2.258s] -- Looking for pthread_create in pthread
[2.386s] -- Looking for pthread_create in pthread - found
[2.388s] -- Found Threads: TRUE  
[2.680s] -- Found rclpy: 1.0.8 (/opt/ros/foxy/share/rclpy/cmake)
[2.854s] -- Configuring done
[2.859s] -- Generating done
[2.862s] -- Build files have been written to: /home/ronnakon/FRA333-KINEMATICS/LAB3_ws/build/xicro_pkg
[2.882s] Invoked command in '/home/ronnakon/FRA333-KINEMATICS/LAB3_ws/build/xicro_pkg' returned '0': CMAKE_PREFIX_PATH=${CMAKE_PREFIX_PATH}:/opt/ros/foxy /usr/bin/cmake /home/ronnakon/FRA333-KINEMATICS/LAB3_ws/src/Xicro/xicro_pkg -DAMENT_CMAKE_SYMLINK_INSTALL=1 -DCMAKE_INSTALL_PREFIX=/home/ronnakon/FRA333-KINEMATICS/LAB3_ws/install/xicro_pkg
[2.888s] Invoking command in '/home/ronnakon/FRA333-KINEMATICS/LAB3_ws/build/xicro_pkg': CMAKE_PREFIX_PATH=${CMAKE_PREFIX_PATH}:/opt/ros/foxy /usr/bin/cmake --build /home/ronnakon/FRA333-KINEMATICS/LAB3_ws/build/xicro_pkg -- -j4 -l4
[2.972s] Invoked command in '/home/ronnakon/FRA333-KINEMATICS/LAB3_ws/build/xicro_pkg' returned '0': CMAKE_PREFIX_PATH=${CMAKE_PREFIX_PATH}:/opt/ros/foxy /usr/bin/cmake --build /home/ronnakon/FRA333-KINEMATICS/LAB3_ws/build/xicro_pkg -- -j4 -l4
[3.050s] Invoking command in '/home/ronnakon/FRA333-KINEMATICS/LAB3_ws/build/xicro_pkg': CMAKE_PREFIX_PATH=${CMAKE_PREFIX_PATH}:/opt/ros/foxy /usr/bin/cmake --install /home/ronnakon/FRA333-KINEMATICS/LAB3_ws/build/xicro_pkg
[3.070s] -- Install configuration: ""
[3.070s] -- Execute custom install script
[3.071s] -- Symlinking: /home/ronnakon/FRA333-KINEMATICS/LAB3_ws/install/xicro_pkg/share/xicro_pkg/environment/pythonpath.sh
[3.090s] -- Symlinking: /home/ronnakon/FRA333-KINEMATICS/LAB3_ws/install/xicro_pkg/share/xicro_pkg/environment/pythonpath.dsv
[3.109s] -- Symlinking: /home/ronnakon/FRA333-KINEMATICS/LAB3_ws/install/xicro_pkg/lib/python3.8/site-packages/xicro_pkg/__init__.py
[3.138s] -- Symlinking: /home/ronnakon/FRA333-KINEMATICS/LAB3_ws/install/xicro_pkg/lib/xicro_pkg/gui_xicro.py
[3.161s] -- Symlinking: /home/ronnakon/FRA333-KINEMATICS/LAB3_ws/install/xicro_pkg/lib/xicro_pkg/generate_library.py
[3.184s] -- Symlinking: /home/ronnakon/FRA333-KINEMATICS/LAB3_ws/install/xicro_pkg/lib/xicro_pkg/generate_xicro_node.py
[3.210s] -- Symlinking: /home/ronnakon/FRA333-KINEMATICS/LAB3_ws/install/xicro_pkg/lib/xicro_pkg/fake_Imu_node.py
[3.243s] -- Symlinking: /home/ronnakon/FRA333-KINEMATICS/LAB3_ws/install/xicro_pkg/share/xicro_pkg/config/.Xicro_node_preSetup.txt
[3.266s] -- Symlinking: /home/ronnakon/FRA333-KINEMATICS/LAB3_ws/install/xicro_pkg/share/xicro_pkg/config/.arduino_cpp_preSetup.txt
[3.289s] -- Symlinking: /home/ronnakon/FRA333-KINEMATICS/LAB3_ws/install/xicro_pkg/share/xicro_pkg/config/.arduino_h_preSetup.txt
[3.313s] -- Symlinking: /home/ronnakon/FRA333-KINEMATICS/LAB3_ws/install/xicro_pkg/share/xicro_pkg/config/.stm32_cpp_preSetup.txt
[3.335s] -- Symlinking: /home/ronnakon/FRA333-KINEMATICS/LAB3_ws/install/xicro_pkg/share/xicro_pkg/config/.stm32_h_preSetup.txt
[3.357s] -- Symlinking: /home/ronnakon/FRA333-KINEMATICS/LAB3_ws/install/xicro_pkg/share/xicro_pkg/config/setup_xicro.yaml
[3.380s] -- Symlinking: /home/ronnakon/FRA333-KINEMATICS/LAB3_ws/install/xicro_pkg/share/ament_index/resource_index/package_run_dependencies/xicro_pkg
[3.404s] -- Symlinking: /home/ronnakon/FRA333-KINEMATICS/LAB3_ws/install/xicro_pkg/share/ament_index/resource_index/parent_prefix_path/xicro_pkg
[3.428s] -- Symlinking: /home/ronnakon/FRA333-KINEMATICS/LAB3_ws/install/xicro_pkg/share/xicro_pkg/environment/ament_prefix_path.sh
[3.451s] -- Symlinking: /home/ronnakon/FRA333-KINEMATICS/LAB3_ws/install/xicro_pkg/share/xicro_pkg/environment/ament_prefix_path.dsv
[3.474s] -- Symlinking: /home/ronnakon/FRA333-KINEMATICS/LAB3_ws/install/xicro_pkg/share/xicro_pkg/environment/path.sh
[3.496s] -- Symlinking: /home/ronnakon/FRA333-KINEMATICS/LAB3_ws/install/xicro_pkg/share/xicro_pkg/environment/path.dsv
[3.518s] -- Symlinking: /home/ronnakon/FRA333-KINEMATICS/LAB3_ws/install/xicro_pkg/share/xicro_pkg/local_setup.bash
[3.541s] -- Symlinking: /home/ronnakon/FRA333-KINEMATICS/LAB3_ws/install/xicro_pkg/share/xicro_pkg/local_setup.sh
[3.564s] -- Symlinking: /home/ronnakon/FRA333-KINEMATICS/LAB3_ws/install/xicro_pkg/share/xicro_pkg/local_setup.zsh
[3.585s] -- Symlinking: /home/ronnakon/FRA333-KINEMATICS/LAB3_ws/install/xicro_pkg/share/xicro_pkg/local_setup.dsv
[3.608s] -- Symlinking: /home/ronnakon/FRA333-KINEMATICS/LAB3_ws/install/xicro_pkg/share/xicro_pkg/package.dsv
[3.631s] -- Symlinking: /home/ronnakon/FRA333-KINEMATICS/LAB3_ws/install/xicro_pkg/share/ament_index/resource_index/packages/xicro_pkg
[3.653s] -- Symlinking: /home/ronnakon/FRA333-KINEMATICS/LAB3_ws/install/xicro_pkg/share/xicro_pkg/cmake/xicro_pkgConfig.cmake
[3.675s] -- Symlinking: /home/ronnakon/FRA333-KINEMATICS/LAB3_ws/install/xicro_pkg/share/xicro_pkg/cmake/xicro_pkgConfig-version.cmake
[3.698s] -- Symlinking: /home/ronnakon/FRA333-KINEMATICS/LAB3_ws/install/xicro_pkg/share/xicro_pkg/package.xml
[3.789s] Listing '/home/ronnakon/FRA333-KINEMATICS/LAB3_ws/install/xicro_pkg/lib/python3.8/site-packages/xicro_pkg'...
[3.789s] Compiling '/home/ronnakon/FRA333-KINEMATICS/LAB3_ws/install/xicro_pkg/lib/python3.8/site-packages/xicro_pkg/__init__.py'...
[3.807s] Invoked command in '/home/ronnakon/FRA333-KINEMATICS/LAB3_ws/build/xicro_pkg' returned '0': CMAKE_PREFIX_PATH=${CMAKE_PREFIX_PATH}:/opt/ros/foxy /usr/bin/cmake --install /home/ronnakon/FRA333-KINEMATICS/LAB3_ws/build/xicro_pkg
