[0.025s] Invoking command in '/home/ronnakon/FRA333-KINEMATICS/FRA333-Assignment-lab2-template/lab2_ws/build/robot_23_kinematics_interfaces': CMAKE_PREFIX_PATH=${CMAKE_PREFIX_PATH}:/opt/ros/foxy /usr/bin/cmake --build /home/ronnakon/FRA333-KINEMATICS/FRA333-Assignment-lab2-template/lab2_ws/build/robot_23_kinematics_interfaces -- -j12 -l12
[0.059s] -- Found ament_cmake: 0.9.9 (/opt/ros/foxy/share/ament_cmake/cmake)
[0.078s] -- Found PythonInterp: /usr/bin/python3 (found suitable version "3.8.10", minimum required is "3") 
[0.078s] -- Using PYTHON_EXECUTABLE: /usr/bin/python3
[0.212s] -- Override CMake install command with custom implementation using symlinks instead of copying resources
[0.223s] -- Found ament_lint_auto: 0.9.6 (/opt/ros/foxy/share/ament_lint_auto/cmake)
[0.275s] -- Found rosidl_default_generators: 1.0.1 (/opt/ros/foxy/share/rosidl_default_generators/cmake)
[0.279s] -- Using all available rosidl_typesupport_c: rosidl_typesupport_fastrtps_c;rosidl_typesupport_introspection_c
[0.282s] -- Found rosidl_adapter: 1.2.1 (/opt/ros/foxy/share/rosidl_adapter/cmake)
[0.407s] -- Using all available rosidl_typesupport_cpp: rosidl_typesupport_fastrtps_cpp;rosidl_typesupport_introspection_cpp
[0.426s] -- Found geometry_msgs: 2.0.5 (/opt/ros/foxy/share/geometry_msgs/cmake)
[0.486s] -- Found sensor_msgs: 2.0.5 (/opt/ros/foxy/share/sensor_msgs/cmake)
[0.576s] -- Found PythonInterp: /usr/bin/python3 (found version "3.8.10") 
[0.716s] CMake Error at /opt/ros/foxy/share/rosidl_adapter/cmake/rosidl_adapt_interfaces.cmake:60 (message):
[0.717s]   execute_process(/usr/bin/python3 -m rosidl_adapter --package-name
[0.717s]   robot_23_kinematics_interfaces --arguments-file
[0.717s]   /home/ronnakon/FRA333-KINEMATICS/FRA333-Assignment-lab2-template/lab2_ws/build/robot_23_kinematics_interfaces/rosidl_adapter__arguments__robot_23_kinematics_interfaces.json
[0.717s]   --output-dir
[0.717s]   /home/ronnakon/FRA333-KINEMATICS/FRA333-Assignment-lab2-template/lab2_ws/build/robot_23_kinematics_interfaces/rosidl_adapter/robot_23_kinematics_interfaces
[0.717s]   --output-file
[0.717s]   /home/ronnakon/FRA333-KINEMATICS/FRA333-Assignment-lab2-template/lab2_ws/build/robot_23_kinematics_interfaces/rosidl_adapter/robot_23_kinematics_interfaces.idls)
[0.719s]   returned error code 1:
[0.720s] 
[0.720s]   Error processing 'sensor_msgs/jointState q' of
[0.720s]   'robot_23_kinematics_interfaces/SolveIK_Response': ''jointState' is an
[0.720s]   invalid message name.  It should have the pattern '^[A-Z][A-Za-z0-9]*$''
[0.720s] 
[0.721s]   Traceback (most recent call last):
[0.721s] 
[0.721s]     File "/usr/lib/python3.8/runpy.py", line 194, in _run_module_as_main
[0.721s]       return _run_code(code, main_globals, None,
[0.721s]     File "/usr/lib/python3.8/runpy.py", line 87, in _run_code
[0.721s]       exec(code, run_globals)
[0.722s]     File "/opt/ros/foxy/lib/python3.8/site-packages/rosidl_adapter/__main__.py", line 19, in <module>
[0.722s]       sys.exit(main())
[0.722s]     File "/opt/ros/foxy/lib/python3.8/site-packages/rosidl_adapter/main.py", line 53, in main
[0.722s]       abs_idl_file = convert_to_idl(
[0.722s]     File "/opt/ros/foxy/lib/python3.8/site-packages/rosidl_adapter/__init__.py", line 24, in convert_to_idl
[0.722s]       return convert_srv_to_idl(
[0.722s]     File "/opt/ros/foxy/lib/python3.8/site-packages/rosidl_adapter/srv/__init__.py", line 28, in convert_srv_to_idl
[0.723s]       srv = parse_service_string(package_name, input_file.stem, content)
[0.723s]     File "/opt/ros/foxy/lib/python3.8/site-packages/rosidl_adapter/parser.py", line 856, in parse_service_string
[0.723s]       response_message = parse_message_string(
[0.723s]     File "/opt/ros/foxy/lib/python3.8/site-packages/rosidl_adapter/parser.py", line 516, in parse_message_string
[0.724s]       Type(type_string, context_package_name=pkg_name),
[0.725s]     File "/opt/ros/foxy/lib/python3.8/site-packages/rosidl_adapter/parser.py", line 276, in __init__
[0.725s]       super(Type, self).__init__(
[0.725s]     File "/opt/ros/foxy/lib/python3.8/site-packages/rosidl_adapter/parser.py", line 204, in __init__
[0.725s]       raise InvalidResourceName(
[0.725s] 
[0.725s]   rosidl_adapter.parser.InvalidResourceName: 'jointState' is an invalid
[0.725s]   message name.  It should have the pattern '^[A-Z][A-Za-z0-9]*$'
[0.726s] 
[0.726s] Call Stack (most recent call first):
[0.726s]   /opt/ros/foxy/share/rosidl_cmake/cmake/rosidl_generate_interfaces.cmake:130 (rosidl_adapt_interfaces)
[0.726s]   CMakeLists.txt:40 (rosidl_generate_interfaces)
[0.726s] 
[0.727s] 
[0.727s] -- Configuring incomplete, errors occurred!
[0.728s] See also "/home/ronnakon/FRA333-KINEMATICS/FRA333-Assignment-lab2-template/lab2_ws/build/robot_23_kinematics_interfaces/CMakeFiles/CMakeOutput.log".
[0.729s] make: *** [Makefile:748: cmake_check_build_system] Error 1
[0.729s] Invoked command in '/home/ronnakon/FRA333-KINEMATICS/FRA333-Assignment-lab2-template/lab2_ws/build/robot_23_kinematics_interfaces' returned '2': CMAKE_PREFIX_PATH=${CMAKE_PREFIX_PATH}:/opt/ros/foxy /usr/bin/cmake --build /home/ronnakon/FRA333-KINEMATICS/FRA333-Assignment-lab2-template/lab2_ws/build/robot_23_kinematics_interfaces -- -j12 -l12
