[0.015s] Invoking command in '/home/ronnakon/FRA333-KINEMATICS/fra333_lab1/lab1_ws/build/lab1_interfaces': CMAKE_PREFIX_PATH=${CMAKE_PREFIX_PATH}:/opt/ros/foxy /usr/bin/cmake --build /home/ronnakon/FRA333-KINEMATICS/fra333_lab1/lab1_ws/build/lab1_interfaces -- -j12 -l12
[0.054s] [  9%] Built target lab1_interfaces__rosidl_generator_c
[0.056s] [ 12%] Built target lab1_interfaces__cpp
[0.072s] [ 32%] Built target lab1_interfaces__rosidl_typesupport_c
[0.072s] [ 32%] Built target lab1_interfaces__rosidl_typesupport_introspection_cpp
[0.075s] [ 41%] Built target lab1_interfaces__rosidl_typesupport_introspection_c
[0.076s] [ 51%] Built target lab1_interfaces__rosidl_typesupport_fastrtps_cpp
[0.076s] [ 61%] Built target lab1_interfaces__rosidl_typesupport_cpp
[0.098s] [ 70%] Built target lab1_interfaces__rosidl_typesupport_fastrtps_c
[0.120s] [ 70%] Built target lab1_interfaces
[0.142s] [ 74%] Built target lab1_interfaces__py
[0.162s] [ 80%] Built target lab1_interfaces__python
[0.182s] [ 87%] Built target lab1_interfaces__rosidl_typesupport_c__pyext
[0.185s] [ 93%] Built target lab1_interfaces__rosidl_typesupport_fastrtps_c__pyext
[0.186s] [100%] Built target lab1_interfaces__rosidl_typesupport_introspection_c__pyext
[0.193s] Invoked command in '/home/ronnakon/FRA333-KINEMATICS/fra333_lab1/lab1_ws/build/lab1_interfaces' returned '0': CMAKE_PREFIX_PATH=${CMAKE_PREFIX_PATH}:/opt/ros/foxy /usr/bin/cmake --build /home/ronnakon/FRA333-KINEMATICS/fra333_lab1/lab1_ws/build/lab1_interfaces -- -j12 -l12
[0.251s] Invoking command in '/home/ronnakon/FRA333-KINEMATICS/fra333_lab1/lab1_ws/build/lab1_interfaces': CMAKE_PREFIX_PATH=${CMAKE_PREFIX_PATH}:/opt/ros/foxy /usr/bin/cmake --install /home/ronnakon/FRA333-KINEMATICS/fra333_lab1/lab1_ws/build/lab1_interfaces
[0.257s] -- Install configuration: ""
[0.258s] -- Execute custom install script
[0.258s] -- Up-to-date symlink: /home/ronnakon/FRA333-KINEMATICS/fra333_lab1/lab1_ws/install/lab1_interfaces/share/ament_index/resource_index/rosidl_interfaces/lab1_interfaces
[0.258s] -- Up-to-date symlink: /home/ronnakon/FRA333-KINEMATICS/fra333_lab1/lab1_ws/install/lab1_interfaces/include/lab1_interfaces/msg/rosidl_generator_c__visibility_control.h
[0.258s] -- Up-to-date symlink: /home/ronnakon/FRA333-KINEMATICS/fra333_lab1/lab1_ws/install/lab1_interfaces/include/lab1_interfaces/srv/detail/set_noise__functions.h
[0.259s] -- Up-to-date symlink: /home/ronnakon/FRA333-KINEMATICS/fra333_lab1/lab1_ws/install/lab1_interfaces/include/lab1_interfaces/srv/detail/set_noise__struct.h
[0.259s] -- Up-to-date symlink: /home/ronnakon/FRA333-KINEMATICS/fra333_lab1/lab1_ws/install/lab1_interfaces/include/lab1_interfaces/srv/detail/set_noise__type_support.h
[0.259s] -- Up-to-date symlink: /home/ronnakon/FRA333-KINEMATICS/fra333_lab1/lab1_ws/install/lab1_interfaces/include/lab1_interfaces/srv/set_noise.h
[0.259s] -- Up-to-date symlink: /home/ronnakon/FRA333-KINEMATICS/fra333_lab1/lab1_ws/install/lab1_interfaces/share/lab1_interfaces/environment/library_path.sh
[0.259s] -- Up-to-date symlink: /home/ronnakon/FRA333-KINEMATICS/fra333_lab1/lab1_ws/install/lab1_interfaces/share/lab1_interfaces/environment/library_path.dsv
[0.260s] -- Up-to-date symlink: /home/ronnakon/FRA333-KINEMATICS/fra333_lab1/lab1_ws/install/lab1_interfaces/include/lab1_interfaces/msg/rosidl_typesupport_fastrtps_c__visibility_control.h
[0.260s] -- Up-to-date symlink: /home/ronnakon/FRA333-KINEMATICS/fra333_lab1/lab1_ws/install/lab1_interfaces/include/lab1_interfaces/srv/detail/set_noise__rosidl_typesupport_fastrtps_c.h
[0.260s] -- Up-to-date symlink: /home/ronnakon/FRA333-KINEMATICS/fra333_lab1/lab1_ws/install/lab1_interfaces/lib/liblab1_interfaces__rosidl_typesupport_fastrtps_c.so
[0.261s] -- Up-to-date symlink: /home/ronnakon/FRA333-KINEMATICS/fra333_lab1/lab1_ws/install/lab1_interfaces/include/lab1_interfaces/msg/rosidl_typesupport_fastrtps_cpp__visibility_control.h
[0.261s] -- Up-to-date symlink: /home/ronnakon/FRA333-KINEMATICS/fra333_lab1/lab1_ws/install/lab1_interfaces/include/lab1_interfaces/srv/detail/set_noise__rosidl_typesupport_fastrtps_cpp.hpp
[0.261s] -- Up-to-date symlink: /home/ronnakon/FRA333-KINEMATICS/fra333_lab1/lab1_ws/install/lab1_interfaces/lib/liblab1_interfaces__rosidl_typesupport_fastrtps_cpp.so
[0.261s] -- Up-to-date symlink: /home/ronnakon/FRA333-KINEMATICS/fra333_lab1/lab1_ws/install/lab1_interfaces/include/lab1_interfaces/msg/rosidl_typesupport_introspection_c__visibility_control.h
[0.262s] -- Up-to-date symlink: /home/ronnakon/FRA333-KINEMATICS/fra333_lab1/lab1_ws/install/lab1_interfaces/include/lab1_interfaces/srv/detail/set_noise__rosidl_typesupport_introspection_c.h
[0.262s] -- Up-to-date symlink: /home/ronnakon/FRA333-KINEMATICS/fra333_lab1/lab1_ws/install/lab1_interfaces/include/lab1_interfaces/srv/detail/set_noise__builder.hpp
[0.262s] -- Up-to-date symlink: /home/ronnakon/FRA333-KINEMATICS/fra333_lab1/lab1_ws/install/lab1_interfaces/include/lab1_interfaces/srv/detail/set_noise__struct.hpp
[0.262s] -- Up-to-date symlink: /home/ronnakon/FRA333-KINEMATICS/fra333_lab1/lab1_ws/install/lab1_interfaces/include/lab1_interfaces/srv/detail/set_noise__traits.hpp
[0.262s] -- Up-to-date symlink: /home/ronnakon/FRA333-KINEMATICS/fra333_lab1/lab1_ws/install/lab1_interfaces/include/lab1_interfaces/srv/set_noise.hpp
[0.263s] -- Up-to-date symlink: /home/ronnakon/FRA333-KINEMATICS/fra333_lab1/lab1_ws/install/lab1_interfaces/include/lab1_interfaces/srv/detail/set_noise__rosidl_typesupport_introspection_cpp.hpp
[0.263s] -- Up-to-date symlink: /home/ronnakon/FRA333-KINEMATICS/fra333_lab1/lab1_ws/install/lab1_interfaces/share/lab1_interfaces/environment/pythonpath.sh
[0.263s] -- Up-to-date symlink: /home/ronnakon/FRA333-KINEMATICS/fra333_lab1/lab1_ws/install/lab1_interfaces/share/lab1_interfaces/environment/pythonpath.dsv
[0.263s] -- Up-to-date symlink: /home/ronnakon/FRA333-KINEMATICS/fra333_lab1/lab1_ws/install/lab1_interfaces/lib/python3.8/site-packages/lab1_interfaces/__init__.py
[0.264s] -- Up-to-date symlink: /home/ronnakon/FRA333-KINEMATICS/fra333_lab1/lab1_ws/install/lab1_interfaces/lib/python3.8/site-packages/lab1_interfaces/srv/__init__.py
[0.264s] -- Up-to-date symlink: /home/ronnakon/FRA333-KINEMATICS/fra333_lab1/lab1_ws/install/lab1_interfaces/lib/python3.8/site-packages/lab1_interfaces/srv/_set_noise.py
[0.264s] -- Up-to-date symlink: /home/ronnakon/FRA333-KINEMATICS/fra333_lab1/lab1_ws/install/lab1_interfaces/lib/python3.8/site-packages/lab1_interfaces/lab1_interfaces_s__rosidl_typesupport_fastrtps_c.cpython-38-x86_64-linux-gnu.so
[0.265s] -- Up-to-date symlink: /home/ronnakon/FRA333-KINEMATICS/fra333_lab1/lab1_ws/install/lab1_interfaces/lib/python3.8/site-packages/lab1_interfaces/lab1_interfaces_s__rosidl_typesupport_introspection_c.cpython-38-x86_64-linux-gnu.so
[0.265s] -- Up-to-date symlink: /home/ronnakon/FRA333-KINEMATICS/fra333_lab1/lab1_ws/install/lab1_interfaces/lib/python3.8/site-packages/lab1_interfaces/lab1_interfaces_s__rosidl_typesupport_c.cpython-38-x86_64-linux-gnu.so
[0.265s] -- Up-to-date symlink: /home/ronnakon/FRA333-KINEMATICS/fra333_lab1/lab1_ws/install/lab1_interfaces/lib/liblab1_interfaces__python.so
[0.265s] -- Up-to-date symlink: /home/ronnakon/FRA333-KINEMATICS/fra333_lab1/lab1_ws/install/lab1_interfaces/share/lab1_interfaces/srv/SetNoise.idl
[0.266s] -- Up-to-date symlink: /home/ronnakon/FRA333-KINEMATICS/fra333_lab1/lab1_ws/install/lab1_interfaces/share/lab1_interfaces/srv/SetNoise.srv
[0.266s] -- Up-to-date symlink: /home/ronnakon/FRA333-KINEMATICS/fra333_lab1/lab1_ws/install/lab1_interfaces/share/lab1_interfaces/srv/SetNoise_Request.msg
[0.266s] -- Up-to-date symlink: /home/ronnakon/FRA333-KINEMATICS/fra333_lab1/lab1_ws/install/lab1_interfaces/share/lab1_interfaces/srv/SetNoise_Response.msg
[0.266s] -- Up-to-date symlink: /home/ronnakon/FRA333-KINEMATICS/fra333_lab1/lab1_ws/install/lab1_interfaces/share/ament_index/resource_index/package_run_dependencies/lab1_interfaces
[0.267s] -- Up-to-date symlink: /home/ronnakon/FRA333-KINEMATICS/fra333_lab1/lab1_ws/install/lab1_interfaces/share/ament_index/resource_index/parent_prefix_path/lab1_interfaces
[0.267s] -- Up-to-date symlink: /home/ronnakon/FRA333-KINEMATICS/fra333_lab1/lab1_ws/install/lab1_interfaces/share/lab1_interfaces/environment/ament_prefix_path.sh
[0.267s] -- Up-to-date symlink: /home/ronnakon/FRA333-KINEMATICS/fra333_lab1/lab1_ws/install/lab1_interfaces/share/lab1_interfaces/environment/ament_prefix_path.dsv
[0.267s] -- Up-to-date symlink: /home/ronnakon/FRA333-KINEMATICS/fra333_lab1/lab1_ws/install/lab1_interfaces/share/lab1_interfaces/environment/path.sh
[0.267s] -- Up-to-date symlink: /home/ronnakon/FRA333-KINEMATICS/fra333_lab1/lab1_ws/install/lab1_interfaces/share/lab1_interfaces/environment/path.dsv
[0.268s] -- Up-to-date symlink: /home/ronnakon/FRA333-KINEMATICS/fra333_lab1/lab1_ws/install/lab1_interfaces/share/lab1_interfaces/local_setup.bash
[0.268s] -- Up-to-date symlink: /home/ronnakon/FRA333-KINEMATICS/fra333_lab1/lab1_ws/install/lab1_interfaces/share/lab1_interfaces/local_setup.sh
[0.268s] -- Up-to-date symlink: /home/ronnakon/FRA333-KINEMATICS/fra333_lab1/lab1_ws/install/lab1_interfaces/share/lab1_interfaces/local_setup.zsh
[0.268s] -- Up-to-date symlink: /home/ronnakon/FRA333-KINEMATICS/fra333_lab1/lab1_ws/install/lab1_interfaces/share/lab1_interfaces/local_setup.dsv
[0.268s] -- Symlinking: /home/ronnakon/FRA333-KINEMATICS/fra333_lab1/lab1_ws/install/lab1_interfaces/share/lab1_interfaces/package.dsv
[0.276s] -- Up-to-date symlink: /home/ronnakon/FRA333-KINEMATICS/fra333_lab1/lab1_ws/install/lab1_interfaces/share/ament_index/resource_index/packages/lab1_interfaces
[0.277s] -- Up-to-date symlink: /home/ronnakon/FRA333-KINEMATICS/fra333_lab1/lab1_ws/install/lab1_interfaces/share/lab1_interfaces/cmake/rosidl_cmake-extras.cmake
[0.277s] -- Up-to-date symlink: /home/ronnakon/FRA333-KINEMATICS/fra333_lab1/lab1_ws/install/lab1_interfaces/share/lab1_interfaces/cmake/ament_cmake_export_dependencies-extras.cmake
[0.277s] -- Up-to-date symlink: /home/ronnakon/FRA333-KINEMATICS/fra333_lab1/lab1_ws/install/lab1_interfaces/share/lab1_interfaces/cmake/ament_cmake_export_libraries-extras.cmake
[0.277s] -- Up-to-date symlink: /home/ronnakon/FRA333-KINEMATICS/fra333_lab1/lab1_ws/install/lab1_interfaces/share/lab1_interfaces/cmake/ament_cmake_export_targets-extras.cmake
[0.277s] -- Up-to-date symlink: /home/ronnakon/FRA333-KINEMATICS/fra333_lab1/lab1_ws/install/lab1_interfaces/share/lab1_interfaces/cmake/ament_cmake_export_include_directories-extras.cmake
[0.278s] -- Up-to-date symlink: /home/ronnakon/FRA333-KINEMATICS/fra333_lab1/lab1_ws/install/lab1_interfaces/share/lab1_interfaces/cmake/rosidl_cmake_export_typesupport_libraries-extras.cmake
[0.278s] -- Up-to-date symlink: /home/ronnakon/FRA333-KINEMATICS/fra333_lab1/lab1_ws/install/lab1_interfaces/share/lab1_interfaces/cmake/rosidl_cmake_export_typesupport_targets-extras.cmake
[0.278s] -- Up-to-date symlink: /home/ronnakon/FRA333-KINEMATICS/fra333_lab1/lab1_ws/install/lab1_interfaces/share/lab1_interfaces/cmake/lab1_interfacesConfig.cmake
[0.278s] -- Up-to-date symlink: /home/ronnakon/FRA333-KINEMATICS/fra333_lab1/lab1_ws/install/lab1_interfaces/share/lab1_interfaces/cmake/lab1_interfacesConfig-version.cmake
[0.279s] -- Up-to-date symlink: /home/ronnakon/FRA333-KINEMATICS/fra333_lab1/lab1_ws/install/lab1_interfaces/share/lab1_interfaces/package.xml
[0.279s] -- Up-to-date: /home/ronnakon/FRA333-KINEMATICS/fra333_lab1/lab1_ws/install/lab1_interfaces/lib/liblab1_interfaces__rosidl_generator_c.so
[0.279s] -- Up-to-date: /home/ronnakon/FRA333-KINEMATICS/fra333_lab1/lab1_ws/install/lab1_interfaces/lib/liblab1_interfaces__rosidl_typesupport_introspection_c.so
[0.280s] -- Up-to-date: /home/ronnakon/FRA333-KINEMATICS/fra333_lab1/lab1_ws/install/lab1_interfaces/lib/liblab1_interfaces__rosidl_typesupport_c.so
[0.280s] -- Up-to-date: /home/ronnakon/FRA333-KINEMATICS/fra333_lab1/lab1_ws/install/lab1_interfaces/lib/liblab1_interfaces__rosidl_typesupport_introspection_cpp.so
[0.280s] -- Up-to-date: /home/ronnakon/FRA333-KINEMATICS/fra333_lab1/lab1_ws/install/lab1_interfaces/lib/liblab1_interfaces__rosidl_typesupport_cpp.so
[0.307s] -- Up-to-date: /home/ronnakon/FRA333-KINEMATICS/fra333_lab1/lab1_ws/install/lab1_interfaces/share/lab1_interfaces/cmake/lab1_interfaces__rosidl_generator_cExport.cmake
[0.307s] -- Up-to-date: /home/ronnakon/FRA333-KINEMATICS/fra333_lab1/lab1_ws/install/lab1_interfaces/share/lab1_interfaces/cmake/lab1_interfaces__rosidl_generator_cExport-noconfig.cmake
[0.307s] -- Up-to-date: /home/ronnakon/FRA333-KINEMATICS/fra333_lab1/lab1_ws/install/lab1_interfaces/share/lab1_interfaces/cmake/lab1_interfaces__rosidl_typesupport_introspection_cExport.cmake
[0.307s] -- Up-to-date: /home/ronnakon/FRA333-KINEMATICS/fra333_lab1/lab1_ws/install/lab1_interfaces/share/lab1_interfaces/cmake/lab1_interfaces__rosidl_typesupport_introspection_cExport-noconfig.cmake
[0.307s] -- Up-to-date: /home/ronnakon/FRA333-KINEMATICS/fra333_lab1/lab1_ws/install/lab1_interfaces/share/lab1_interfaces/cmake/lab1_interfaces__rosidl_typesupport_cExport.cmake
[0.307s] -- Up-to-date: /home/ronnakon/FRA333-KINEMATICS/fra333_lab1/lab1_ws/install/lab1_interfaces/share/lab1_interfaces/cmake/lab1_interfaces__rosidl_typesupport_cExport-noconfig.cmake
[0.308s] -- Up-to-date: /home/ronnakon/FRA333-KINEMATICS/fra333_lab1/lab1_ws/install/lab1_interfaces/share/lab1_interfaces/cmake/lab1_interfaces__rosidl_generator_cppExport.cmake
[0.308s] -- Up-to-date: /home/ronnakon/FRA333-KINEMATICS/fra333_lab1/lab1_ws/install/lab1_interfaces/share/lab1_interfaces/cmake/lab1_interfaces__rosidl_typesupport_introspection_cppExport.cmake
[0.308s] -- Up-to-date: /home/ronnakon/FRA333-KINEMATICS/fra333_lab1/lab1_ws/install/lab1_interfaces/share/lab1_interfaces/cmake/lab1_interfaces__rosidl_typesupport_introspection_cppExport-noconfig.cmake
[0.308s] -- Up-to-date: /home/ronnakon/FRA333-KINEMATICS/fra333_lab1/lab1_ws/install/lab1_interfaces/share/lab1_interfaces/cmake/lab1_interfaces__rosidl_typesupport_cppExport.cmake
[0.308s] -- Up-to-date: /home/ronnakon/FRA333-KINEMATICS/fra333_lab1/lab1_ws/install/lab1_interfaces/share/lab1_interfaces/cmake/lab1_interfaces__rosidl_typesupport_cppExport-noconfig.cmake
[0.311s] Invoked command in '/home/ronnakon/FRA333-KINEMATICS/fra333_lab1/lab1_ws/build/lab1_interfaces' returned '0': CMAKE_PREFIX_PATH=${CMAKE_PREFIX_PATH}:/opt/ros/foxy /usr/bin/cmake --install /home/ronnakon/FRA333-KINEMATICS/fra333_lab1/lab1_ws/build/lab1_interfaces
