[0.051s] Invoking command in '/home/ronnakon/FRA333-KINEMATICS/fra333_lab4-main/build/romeona_interfaces': CMAKE_PREFIX_PATH=/opt/ros/foxy /usr/bin/cmake --build /home/ronnakon/FRA333-KINEMATICS/fra333_lab4-main/build/romeona_interfaces -- -j4 -l4
[0.148s] [  3%] Built target romeona_interfaces__cpp
[0.154s] [ 12%] Built target romeona_interfaces__rosidl_generator_c
[0.228s] [ 22%] Built target romeona_interfaces__rosidl_typesupport_introspection_cpp
[0.229s] [ 32%] Built target romeona_interfaces__rosidl_typesupport_fastrtps_cpp
[0.246s] [ 41%] Built target romeona_interfaces__rosidl_typesupport_introspection_c
[0.250s] [ 51%] Built target romeona_interfaces__rosidl_typesupport_cpp
[0.294s] [ 61%] Built target romeona_interfaces__rosidl_typesupport_c
[0.306s] [ 70%] Built target romeona_interfaces__rosidl_typesupport_fastrtps_c
[0.349s] [ 70%] Built target romeona_interfaces
[0.397s] [ 74%] Built target romeona_interfaces__py
[0.463s] [ 80%] Built target romeona_interfaces__python
[0.556s] [ 87%] Built target romeona_interfaces__rosidl_typesupport_fastrtps_c__pyext
[0.589s] [ 93%] Built target romeona_interfaces__rosidl_typesupport_introspection_c__pyext
[0.614s] [100%] Built target romeona_interfaces__rosidl_typesupport_c__pyext
[0.648s] Invoked command in '/home/ronnakon/FRA333-KINEMATICS/fra333_lab4-main/build/romeona_interfaces' returned '0': CMAKE_PREFIX_PATH=/opt/ros/foxy /usr/bin/cmake --build /home/ronnakon/FRA333-KINEMATICS/fra333_lab4-main/build/romeona_interfaces -- -j4 -l4
[0.744s] Invoking command in '/home/ronnakon/FRA333-KINEMATICS/fra333_lab4-main/build/romeona_interfaces': CMAKE_PREFIX_PATH=/opt/ros/foxy /usr/bin/cmake --install /home/ronnakon/FRA333-KINEMATICS/fra333_lab4-main/build/romeona_interfaces
[0.759s] -- Install configuration: ""
[0.760s] -- Execute custom install script
[0.761s] -- Up-to-date symlink: /home/ronnakon/FRA333-KINEMATICS/fra333_lab4-main/install/romeona_interfaces/share/ament_index/resource_index/rosidl_interfaces/romeona_interfaces
[0.762s] -- Up-to-date symlink: /home/ronnakon/FRA333-KINEMATICS/fra333_lab4-main/install/romeona_interfaces/include/romeona_interfaces/msg/rosidl_generator_c__visibility_control.h
[0.762s] -- Up-to-date symlink: /home/ronnakon/FRA333-KINEMATICS/fra333_lab4-main/install/romeona_interfaces/include/romeona_interfaces/srv/detail/enable_track__functions.h
[0.762s] -- Up-to-date symlink: /home/ronnakon/FRA333-KINEMATICS/fra333_lab4-main/install/romeona_interfaces/include/romeona_interfaces/srv/detail/enable_track__struct.h
[0.762s] -- Up-to-date symlink: /home/ronnakon/FRA333-KINEMATICS/fra333_lab4-main/install/romeona_interfaces/include/romeona_interfaces/srv/detail/enable_track__type_support.h
[0.763s] -- Up-to-date symlink: /home/ronnakon/FRA333-KINEMATICS/fra333_lab4-main/install/romeona_interfaces/include/romeona_interfaces/srv/enable_track.h
[0.763s] -- Up-to-date symlink: /home/ronnakon/FRA333-KINEMATICS/fra333_lab4-main/install/romeona_interfaces/share/romeona_interfaces/environment/library_path.sh
[0.764s] -- Up-to-date symlink: /home/ronnakon/FRA333-KINEMATICS/fra333_lab4-main/install/romeona_interfaces/share/romeona_interfaces/environment/library_path.dsv
[0.765s] -- Up-to-date symlink: /home/ronnakon/FRA333-KINEMATICS/fra333_lab4-main/install/romeona_interfaces/include/romeona_interfaces/msg/rosidl_typesupport_fastrtps_c__visibility_control.h
[0.766s] -- Up-to-date symlink: /home/ronnakon/FRA333-KINEMATICS/fra333_lab4-main/install/romeona_interfaces/include/romeona_interfaces/srv/detail/enable_track__rosidl_typesupport_fastrtps_c.h
[0.766s] -- Up-to-date symlink: /home/ronnakon/FRA333-KINEMATICS/fra333_lab4-main/install/romeona_interfaces/lib/libromeona_interfaces__rosidl_typesupport_fastrtps_c.so
[0.768s] -- Up-to-date symlink: /home/ronnakon/FRA333-KINEMATICS/fra333_lab4-main/install/romeona_interfaces/include/romeona_interfaces/msg/rosidl_typesupport_fastrtps_cpp__visibility_control.h
[0.768s] -- Up-to-date symlink: /home/ronnakon/FRA333-KINEMATICS/fra333_lab4-main/install/romeona_interfaces/include/romeona_interfaces/srv/detail/enable_track__rosidl_typesupport_fastrtps_cpp.hpp
[0.769s] -- Up-to-date symlink: /home/ronnakon/FRA333-KINEMATICS/fra333_lab4-main/install/romeona_interfaces/lib/libromeona_interfaces__rosidl_typesupport_fastrtps_cpp.so
[0.774s] -- Up-to-date symlink: /home/ronnakon/FRA333-KINEMATICS/fra333_lab4-main/install/romeona_interfaces/include/romeona_interfaces/msg/rosidl_typesupport_introspection_c__visibility_control.h
[0.775s] -- Up-to-date symlink: /home/ronnakon/FRA333-KINEMATICS/fra333_lab4-main/install/romeona_interfaces/include/romeona_interfaces/srv/detail/enable_track__rosidl_typesupport_introspection_c.h
[0.776s] -- Up-to-date symlink: /home/ronnakon/FRA333-KINEMATICS/fra333_lab4-main/install/romeona_interfaces/include/romeona_interfaces/srv/detail/enable_track__builder.hpp
[0.776s] -- Up-to-date symlink: /home/ronnakon/FRA333-KINEMATICS/fra333_lab4-main/install/romeona_interfaces/include/romeona_interfaces/srv/detail/enable_track__struct.hpp
[0.776s] -- Up-to-date symlink: /home/ronnakon/FRA333-KINEMATICS/fra333_lab4-main/install/romeona_interfaces/include/romeona_interfaces/srv/detail/enable_track__traits.hpp
[0.776s] -- Up-to-date symlink: /home/ronnakon/FRA333-KINEMATICS/fra333_lab4-main/install/romeona_interfaces/include/romeona_interfaces/srv/enable_track.hpp
[0.776s] -- Up-to-date symlink: /home/ronnakon/FRA333-KINEMATICS/fra333_lab4-main/install/romeona_interfaces/include/romeona_interfaces/srv/detail/enable_track__rosidl_typesupport_introspection_cpp.hpp
[0.777s] -- Up-to-date symlink: /home/ronnakon/FRA333-KINEMATICS/fra333_lab4-main/install/romeona_interfaces/share/romeona_interfaces/environment/pythonpath.sh
[0.777s] -- Up-to-date symlink: /home/ronnakon/FRA333-KINEMATICS/fra333_lab4-main/install/romeona_interfaces/share/romeona_interfaces/environment/pythonpath.dsv
[0.777s] -- Up-to-date symlink: /home/ronnakon/FRA333-KINEMATICS/fra333_lab4-main/install/romeona_interfaces/lib/python3.8/site-packages/romeona_interfaces/__init__.py
[0.777s] -- Up-to-date symlink: /home/ronnakon/FRA333-KINEMATICS/fra333_lab4-main/install/romeona_interfaces/lib/python3.8/site-packages/romeona_interfaces/srv/__init__.py
[0.777s] -- Up-to-date symlink: /home/ronnakon/FRA333-KINEMATICS/fra333_lab4-main/install/romeona_interfaces/lib/python3.8/site-packages/romeona_interfaces/srv/_enable_track.py
[0.777s] -- Up-to-date symlink: /home/ronnakon/FRA333-KINEMATICS/fra333_lab4-main/install/romeona_interfaces/lib/python3.8/site-packages/romeona_interfaces/romeona_interfaces_s__rosidl_typesupport_fastrtps_c.cpython-38-x86_64-linux-gnu.so
[0.777s] -- Up-to-date symlink: /home/ronnakon/FRA333-KINEMATICS/fra333_lab4-main/install/romeona_interfaces/lib/python3.8/site-packages/romeona_interfaces/romeona_interfaces_s__rosidl_typesupport_introspection_c.cpython-38-x86_64-linux-gnu.so
[0.778s] -- Up-to-date symlink: /home/ronnakon/FRA333-KINEMATICS/fra333_lab4-main/install/romeona_interfaces/lib/python3.8/site-packages/romeona_interfaces/romeona_interfaces_s__rosidl_typesupport_c.cpython-38-x86_64-linux-gnu.so
[0.778s] -- Up-to-date symlink: /home/ronnakon/FRA333-KINEMATICS/fra333_lab4-main/install/romeona_interfaces/lib/libromeona_interfaces__python.so
[0.778s] -- Up-to-date symlink: /home/ronnakon/FRA333-KINEMATICS/fra333_lab4-main/install/romeona_interfaces/share/romeona_interfaces/srv/EnableTrack.idl
[0.779s] -- Up-to-date symlink: /home/ronnakon/FRA333-KINEMATICS/fra333_lab4-main/install/romeona_interfaces/share/romeona_interfaces/srv/EnableTrack.srv
[0.779s] -- Up-to-date symlink: /home/ronnakon/FRA333-KINEMATICS/fra333_lab4-main/install/romeona_interfaces/share/romeona_interfaces/srv/EnableTrack_Request.msg
[0.779s] -- Up-to-date symlink: /home/ronnakon/FRA333-KINEMATICS/fra333_lab4-main/install/romeona_interfaces/share/romeona_interfaces/srv/EnableTrack_Response.msg
[0.780s] -- Up-to-date symlink: /home/ronnakon/FRA333-KINEMATICS/fra333_lab4-main/install/romeona_interfaces/share/ament_index/resource_index/package_run_dependencies/romeona_interfaces
[0.780s] -- Up-to-date symlink: /home/ronnakon/FRA333-KINEMATICS/fra333_lab4-main/install/romeona_interfaces/share/ament_index/resource_index/parent_prefix_path/romeona_interfaces
[0.780s] -- Up-to-date symlink: /home/ronnakon/FRA333-KINEMATICS/fra333_lab4-main/install/romeona_interfaces/share/romeona_interfaces/environment/ament_prefix_path.sh
[0.781s] -- Up-to-date symlink: /home/ronnakon/FRA333-KINEMATICS/fra333_lab4-main/install/romeona_interfaces/share/romeona_interfaces/environment/ament_prefix_path.dsv
[0.781s] -- Up-to-date symlink: /home/ronnakon/FRA333-KINEMATICS/fra333_lab4-main/install/romeona_interfaces/share/romeona_interfaces/environment/path.sh
[0.782s] -- Up-to-date symlink: /home/ronnakon/FRA333-KINEMATICS/fra333_lab4-main/install/romeona_interfaces/share/romeona_interfaces/environment/path.dsv
[0.782s] -- Up-to-date symlink: /home/ronnakon/FRA333-KINEMATICS/fra333_lab4-main/install/romeona_interfaces/share/romeona_interfaces/local_setup.bash
[0.782s] -- Up-to-date symlink: /home/ronnakon/FRA333-KINEMATICS/fra333_lab4-main/install/romeona_interfaces/share/romeona_interfaces/local_setup.sh
[0.782s] -- Up-to-date symlink: /home/ronnakon/FRA333-KINEMATICS/fra333_lab4-main/install/romeona_interfaces/share/romeona_interfaces/local_setup.zsh
[0.783s] -- Up-to-date symlink: /home/ronnakon/FRA333-KINEMATICS/fra333_lab4-main/install/romeona_interfaces/share/romeona_interfaces/local_setup.dsv
[0.783s] -- Symlinking: /home/ronnakon/FRA333-KINEMATICS/fra333_lab4-main/install/romeona_interfaces/share/romeona_interfaces/package.dsv
[0.799s] -- Up-to-date symlink: /home/ronnakon/FRA333-KINEMATICS/fra333_lab4-main/install/romeona_interfaces/share/ament_index/resource_index/packages/romeona_interfaces
[0.799s] -- Up-to-date symlink: /home/ronnakon/FRA333-KINEMATICS/fra333_lab4-main/install/romeona_interfaces/share/romeona_interfaces/cmake/rosidl_cmake-extras.cmake
[0.799s] -- Up-to-date symlink: /home/ronnakon/FRA333-KINEMATICS/fra333_lab4-main/install/romeona_interfaces/share/romeona_interfaces/cmake/ament_cmake_export_dependencies-extras.cmake
[0.800s] -- Up-to-date symlink: /home/ronnakon/FRA333-KINEMATICS/fra333_lab4-main/install/romeona_interfaces/share/romeona_interfaces/cmake/ament_cmake_export_libraries-extras.cmake
[0.800s] -- Up-to-date symlink: /home/ronnakon/FRA333-KINEMATICS/fra333_lab4-main/install/romeona_interfaces/share/romeona_interfaces/cmake/ament_cmake_export_targets-extras.cmake
[0.800s] -- Up-to-date symlink: /home/ronnakon/FRA333-KINEMATICS/fra333_lab4-main/install/romeona_interfaces/share/romeona_interfaces/cmake/ament_cmake_export_include_directories-extras.cmake
[0.801s] -- Up-to-date symlink: /home/ronnakon/FRA333-KINEMATICS/fra333_lab4-main/install/romeona_interfaces/share/romeona_interfaces/cmake/rosidl_cmake_export_typesupport_libraries-extras.cmake
[0.801s] -- Up-to-date symlink: /home/ronnakon/FRA333-KINEMATICS/fra333_lab4-main/install/romeona_interfaces/share/romeona_interfaces/cmake/rosidl_cmake_export_typesupport_targets-extras.cmake
[0.801s] -- Up-to-date symlink: /home/ronnakon/FRA333-KINEMATICS/fra333_lab4-main/install/romeona_interfaces/share/romeona_interfaces/cmake/romeona_interfacesConfig.cmake
[0.801s] -- Up-to-date symlink: /home/ronnakon/FRA333-KINEMATICS/fra333_lab4-main/install/romeona_interfaces/share/romeona_interfaces/cmake/romeona_interfacesConfig-version.cmake
[0.802s] -- Up-to-date symlink: /home/ronnakon/FRA333-KINEMATICS/fra333_lab4-main/install/romeona_interfaces/share/romeona_interfaces/package.xml
[0.802s] -- Up-to-date: /home/ronnakon/FRA333-KINEMATICS/fra333_lab4-main/install/romeona_interfaces/lib/libromeona_interfaces__rosidl_generator_c.so
[0.803s] -- Up-to-date: /home/ronnakon/FRA333-KINEMATICS/fra333_lab4-main/install/romeona_interfaces/lib/libromeona_interfaces__rosidl_typesupport_introspection_c.so
[0.803s] -- Up-to-date: /home/ronnakon/FRA333-KINEMATICS/fra333_lab4-main/install/romeona_interfaces/lib/libromeona_interfaces__rosidl_typesupport_c.so
[0.804s] -- Up-to-date: /home/ronnakon/FRA333-KINEMATICS/fra333_lab4-main/install/romeona_interfaces/lib/libromeona_interfaces__rosidl_typesupport_introspection_cpp.so
[0.804s] -- Up-to-date: /home/ronnakon/FRA333-KINEMATICS/fra333_lab4-main/install/romeona_interfaces/lib/libromeona_interfaces__rosidl_typesupport_cpp.so
[0.856s] -- Up-to-date: /home/ronnakon/FRA333-KINEMATICS/fra333_lab4-main/install/romeona_interfaces/share/romeona_interfaces/cmake/romeona_interfaces__rosidl_generator_cExport.cmake
[0.856s] -- Up-to-date: /home/ronnakon/FRA333-KINEMATICS/fra333_lab4-main/install/romeona_interfaces/share/romeona_interfaces/cmake/romeona_interfaces__rosidl_generator_cExport-noconfig.cmake
[0.858s] -- Up-to-date: /home/ronnakon/FRA333-KINEMATICS/fra333_lab4-main/install/romeona_interfaces/share/romeona_interfaces/cmake/romeona_interfaces__rosidl_typesupport_introspection_cExport.cmake
[0.858s] -- Up-to-date: /home/ronnakon/FRA333-KINEMATICS/fra333_lab4-main/install/romeona_interfaces/share/romeona_interfaces/cmake/romeona_interfaces__rosidl_typesupport_introspection_cExport-noconfig.cmake
[0.858s] -- Up-to-date: /home/ronnakon/FRA333-KINEMATICS/fra333_lab4-main/install/romeona_interfaces/share/romeona_interfaces/cmake/romeona_interfaces__rosidl_typesupport_cExport.cmake
[0.859s] -- Up-to-date: /home/ronnakon/FRA333-KINEMATICS/fra333_lab4-main/install/romeona_interfaces/share/romeona_interfaces/cmake/romeona_interfaces__rosidl_typesupport_cExport-noconfig.cmake
[0.859s] -- Up-to-date: /home/ronnakon/FRA333-KINEMATICS/fra333_lab4-main/install/romeona_interfaces/share/romeona_interfaces/cmake/romeona_interfaces__rosidl_generator_cppExport.cmake
[0.859s] -- Up-to-date: /home/ronnakon/FRA333-KINEMATICS/fra333_lab4-main/install/romeona_interfaces/share/romeona_interfaces/cmake/romeona_interfaces__rosidl_typesupport_introspection_cppExport.cmake
[0.859s] -- Up-to-date: /home/ronnakon/FRA333-KINEMATICS/fra333_lab4-main/install/romeona_interfaces/share/romeona_interfaces/cmake/romeona_interfaces__rosidl_typesupport_introspection_cppExport-noconfig.cmake
[0.859s] -- Up-to-date: /home/ronnakon/FRA333-KINEMATICS/fra333_lab4-main/install/romeona_interfaces/share/romeona_interfaces/cmake/romeona_interfaces__rosidl_typesupport_cppExport.cmake
[0.860s] -- Up-to-date: /home/ronnakon/FRA333-KINEMATICS/fra333_lab4-main/install/romeona_interfaces/share/romeona_interfaces/cmake/romeona_interfaces__rosidl_typesupport_cppExport-noconfig.cmake
[0.869s] Invoked command in '/home/ronnakon/FRA333-KINEMATICS/fra333_lab4-main/build/romeona_interfaces' returned '0': CMAKE_PREFIX_PATH=/opt/ros/foxy /usr/bin/cmake --install /home/ronnakon/FRA333-KINEMATICS/fra333_lab4-main/build/romeona_interfaces
