[0.052s] Invoking command in '/home/ronnakon/FRA333-KINEMATICS/LAB3_ws/build/xicro_interfaces': CMAKE_PREFIX_PATH=${CMAKE_PREFIX_PATH}:/opt/ros/foxy /usr/bin/cmake --build /home/ronnakon/FRA333-KINEMATICS/LAB3_ws/build/xicro_interfaces -- -j4 -l4
[0.196s] [  0%] Built target xicro_interfaces__cpp
[0.209s] [ 12%] Built target xicro_interfaces__rosidl_generator_c
[0.277s] [ 25%] Built target xicro_interfaces__rosidl_typesupport_introspection_cpp
[0.297s] [ 37%] Built target xicro_interfaces__rosidl_typesupport_cpp
[0.307s] [ 49%] Built target xicro_interfaces__rosidl_typesupport_introspection_c
[0.320s] [ 61%] Built target xicro_interfaces__rosidl_typesupport_fastrtps_cpp
[0.333s] [ 73%] Built target xicro_interfaces__rosidl_typesupport_c
[0.388s] [ 85%] Built target xicro_interfaces__rosidl_typesupport_fastrtps_c
[0.429s] [ 85%] Built target xicro_interfaces
[0.481s] [ 85%] Built target xicro_interfaces__py
[0.557s] [ 97%] Built target xicro_interfaces__python
[0.612s] [ 98%] Built target xicro_interfaces__rosidl_typesupport_introspection_c__pyext
[0.615s] [ 99%] Built target xicro_interfaces__rosidl_typesupport_c__pyext
[0.619s] [100%] Built target xicro_interfaces__rosidl_typesupport_fastrtps_c__pyext
[0.643s] Invoked command in '/home/ronnakon/FRA333-KINEMATICS/LAB3_ws/build/xicro_interfaces' returned '0': CMAKE_PREFIX_PATH=${CMAKE_PREFIX_PATH}:/opt/ros/foxy /usr/bin/cmake --build /home/ronnakon/FRA333-KINEMATICS/LAB3_ws/build/xicro_interfaces -- -j4 -l4
[1.237s] Invoking command in '/home/ronnakon/FRA333-KINEMATICS/LAB3_ws/build/xicro_interfaces': CMAKE_PREFIX_PATH=${CMAKE_PREFIX_PATH}:/opt/ros/foxy /usr/bin/cmake --install /home/ronnakon/FRA333-KINEMATICS/LAB3_ws/build/xicro_interfaces
[1.259s] -- Install configuration: ""
[1.260s] -- Execute custom install script
[1.261s] -- Up-to-date symlink: /home/ronnakon/FRA333-KINEMATICS/LAB3_ws/install/xicro_interfaces/share/ament_index/resource_index/rosidl_interfaces/xicro_interfaces
[1.264s] -- Up-to-date symlink: /home/ronnakon/FRA333-KINEMATICS/LAB3_ws/install/xicro_interfaces/include/xicro_interfaces/msg/battery_state.h
[1.264s] -- Up-to-date symlink: /home/ronnakon/FRA333-KINEMATICS/LAB3_ws/install/xicro_interfaces/include/xicro_interfaces/msg/bool.h
[1.264s] -- Up-to-date symlink: /home/ronnakon/FRA333-KINEMATICS/LAB3_ws/install/xicro_interfaces/include/xicro_interfaces/msg/demo_input.h
[1.264s] -- Up-to-date symlink: /home/ronnakon/FRA333-KINEMATICS/LAB3_ws/install/xicro_interfaces/include/xicro_interfaces/msg/demo_output.h
[1.265s] -- Up-to-date symlink: /home/ronnakon/FRA333-KINEMATICS/LAB3_ws/install/xicro_interfaces/include/xicro_interfaces/msg/detail/battery_state__functions.h
[1.265s] -- Up-to-date symlink: /home/ronnakon/FRA333-KINEMATICS/LAB3_ws/install/xicro_interfaces/include/xicro_interfaces/msg/detail/battery_state__struct.h
[1.265s] -- Up-to-date symlink: /home/ronnakon/FRA333-KINEMATICS/LAB3_ws/install/xicro_interfaces/include/xicro_interfaces/msg/detail/battery_state__type_support.h
[1.266s] -- Up-to-date symlink: /home/ronnakon/FRA333-KINEMATICS/LAB3_ws/install/xicro_interfaces/include/xicro_interfaces/msg/detail/bool__functions.h
[1.266s] -- Up-to-date symlink: /home/ronnakon/FRA333-KINEMATICS/LAB3_ws/install/xicro_interfaces/include/xicro_interfaces/msg/detail/bool__struct.h
[1.266s] -- Up-to-date symlink: /home/ronnakon/FRA333-KINEMATICS/LAB3_ws/install/xicro_interfaces/include/xicro_interfaces/msg/detail/bool__type_support.h
[1.267s] -- Up-to-date symlink: /home/ronnakon/FRA333-KINEMATICS/LAB3_ws/install/xicro_interfaces/include/xicro_interfaces/msg/detail/demo_input__functions.h
[1.267s] -- Up-to-date symlink: /home/ronnakon/FRA333-KINEMATICS/LAB3_ws/install/xicro_interfaces/include/xicro_interfaces/msg/detail/demo_input__struct.h
[1.267s] -- Up-to-date symlink: /home/ronnakon/FRA333-KINEMATICS/LAB3_ws/install/xicro_interfaces/include/xicro_interfaces/msg/detail/demo_input__type_support.h
[1.267s] -- Up-to-date symlink: /home/ronnakon/FRA333-KINEMATICS/LAB3_ws/install/xicro_interfaces/include/xicro_interfaces/msg/detail/demo_output__functions.h
[1.268s] -- Up-to-date symlink: /home/ronnakon/FRA333-KINEMATICS/LAB3_ws/install/xicro_interfaces/include/xicro_interfaces/msg/detail/demo_output__struct.h
[1.268s] -- Up-to-date symlink: /home/ronnakon/FRA333-KINEMATICS/LAB3_ws/install/xicro_interfaces/include/xicro_interfaces/msg/detail/demo_output__type_support.h
[1.268s] -- Up-to-date symlink: /home/ronnakon/FRA333-KINEMATICS/LAB3_ws/install/xicro_interfaces/include/xicro_interfaces/msg/detail/float32__functions.h
[1.269s] -- Up-to-date symlink: /home/ronnakon/FRA333-KINEMATICS/LAB3_ws/install/xicro_interfaces/include/xicro_interfaces/msg/detail/float32__struct.h
[1.269s] -- Up-to-date symlink: /home/ronnakon/FRA333-KINEMATICS/LAB3_ws/install/xicro_interfaces/include/xicro_interfaces/msg/detail/float32__type_support.h
[1.269s] -- Up-to-date symlink: /home/ronnakon/FRA333-KINEMATICS/LAB3_ws/install/xicro_interfaces/include/xicro_interfaces/msg/detail/header__functions.h
[1.270s] -- Up-to-date symlink: /home/ronnakon/FRA333-KINEMATICS/LAB3_ws/install/xicro_interfaces/include/xicro_interfaces/msg/detail/header__struct.h
[1.270s] -- Up-to-date symlink: /home/ronnakon/FRA333-KINEMATICS/LAB3_ws/install/xicro_interfaces/include/xicro_interfaces/msg/detail/header__type_support.h
[1.270s] -- Up-to-date symlink: /home/ronnakon/FRA333-KINEMATICS/LAB3_ws/install/xicro_interfaces/include/xicro_interfaces/msg/detail/imu__functions.h
[1.271s] -- Up-to-date symlink: /home/ronnakon/FRA333-KINEMATICS/LAB3_ws/install/xicro_interfaces/include/xicro_interfaces/msg/detail/imu__struct.h
[1.271s] -- Up-to-date symlink: /home/ronnakon/FRA333-KINEMATICS/LAB3_ws/install/xicro_interfaces/include/xicro_interfaces/msg/detail/imu__type_support.h
[1.271s] -- Up-to-date symlink: /home/ronnakon/FRA333-KINEMATICS/LAB3_ws/install/xicro_interfaces/include/xicro_interfaces/msg/detail/int16__functions.h
[1.271s] -- Up-to-date symlink: /home/ronnakon/FRA333-KINEMATICS/LAB3_ws/install/xicro_interfaces/include/xicro_interfaces/msg/detail/int16__struct.h
[1.272s] -- Up-to-date symlink: /home/ronnakon/FRA333-KINEMATICS/LAB3_ws/install/xicro_interfaces/include/xicro_interfaces/msg/detail/int16__type_support.h
[1.272s] -- Up-to-date symlink: /home/ronnakon/FRA333-KINEMATICS/LAB3_ws/install/xicro_interfaces/include/xicro_interfaces/msg/detail/int32__functions.h
[1.272s] -- Up-to-date symlink: /home/ronnakon/FRA333-KINEMATICS/LAB3_ws/install/xicro_interfaces/include/xicro_interfaces/msg/detail/int32__struct.h
[1.273s] -- Up-to-date symlink: /home/ronnakon/FRA333-KINEMATICS/LAB3_ws/install/xicro_interfaces/include/xicro_interfaces/msg/detail/int32__type_support.h
[1.273s] -- Up-to-date symlink: /home/ronnakon/FRA333-KINEMATICS/LAB3_ws/install/xicro_interfaces/include/xicro_interfaces/msg/detail/int64__functions.h
[1.273s] -- Up-to-date symlink: /home/ronnakon/FRA333-KINEMATICS/LAB3_ws/install/xicro_interfaces/include/xicro_interfaces/msg/detail/int64__struct.h
[1.273s] -- Up-to-date symlink: /home/ronnakon/FRA333-KINEMATICS/LAB3_ws/install/xicro_interfaces/include/xicro_interfaces/msg/detail/int64__type_support.h
[1.274s] -- Up-to-date symlink: /home/ronnakon/FRA333-KINEMATICS/LAB3_ws/install/xicro_interfaces/include/xicro_interfaces/msg/detail/int8__functions.h
[1.274s] -- Up-to-date symlink: /home/ronnakon/FRA333-KINEMATICS/LAB3_ws/install/xicro_interfaces/include/xicro_interfaces/msg/detail/int8__struct.h
[1.274s] -- Up-to-date symlink: /home/ronnakon/FRA333-KINEMATICS/LAB3_ws/install/xicro_interfaces/include/xicro_interfaces/msg/detail/int8__type_support.h
[1.275s] -- Up-to-date symlink: /home/ronnakon/FRA333-KINEMATICS/LAB3_ws/install/xicro_interfaces/include/xicro_interfaces/msg/detail/joint_state__functions.h
[1.275s] -- Up-to-date symlink: /home/ronnakon/FRA333-KINEMATICS/LAB3_ws/install/xicro_interfaces/include/xicro_interfaces/msg/detail/joint_state__struct.h
[1.275s] -- Up-to-date symlink: /home/ronnakon/FRA333-KINEMATICS/LAB3_ws/install/xicro_interfaces/include/xicro_interfaces/msg/detail/joint_state__type_support.h
[1.276s] -- Up-to-date symlink: /home/ronnakon/FRA333-KINEMATICS/LAB3_ws/install/xicro_interfaces/include/xicro_interfaces/msg/detail/point__functions.h
[1.276s] -- Up-to-date symlink: /home/ronnakon/FRA333-KINEMATICS/LAB3_ws/install/xicro_interfaces/include/xicro_interfaces/msg/detail/point__struct.h
[1.276s] -- Up-to-date symlink: /home/ronnakon/FRA333-KINEMATICS/LAB3_ws/install/xicro_interfaces/include/xicro_interfaces/msg/detail/point__type_support.h
[1.276s] -- Up-to-date symlink: /home/ronnakon/FRA333-KINEMATICS/LAB3_ws/install/xicro_interfaces/include/xicro_interfaces/msg/detail/pose2_d__functions.h
[1.277s] -- Up-to-date symlink: /home/ronnakon/FRA333-KINEMATICS/LAB3_ws/install/xicro_interfaces/include/xicro_interfaces/msg/detail/pose2_d__struct.h
[1.277s] -- Up-to-date symlink: /home/ronnakon/FRA333-KINEMATICS/LAB3_ws/install/xicro_interfaces/include/xicro_interfaces/msg/detail/pose2_d__type_support.h
[1.277s] -- Up-to-date symlink: /home/ronnakon/FRA333-KINEMATICS/LAB3_ws/install/xicro_interfaces/include/xicro_interfaces/msg/detail/pose__functions.h
[1.278s] -- Up-to-date symlink: /home/ronnakon/FRA333-KINEMATICS/LAB3_ws/install/xicro_interfaces/include/xicro_interfaces/msg/detail/pose__struct.h
[1.278s] -- Up-to-date symlink: /home/ronnakon/FRA333-KINEMATICS/LAB3_ws/install/xicro_interfaces/include/xicro_interfaces/msg/detail/pose__type_support.h
[1.278s] -- Up-to-date symlink: /home/ronnakon/FRA333-KINEMATICS/LAB3_ws/install/xicro_interfaces/include/xicro_interfaces/msg/detail/pose_with_covariance__functions.h
[1.279s] -- Up-to-date symlink: /home/ronnakon/FRA333-KINEMATICS/LAB3_ws/install/xicro_interfaces/include/xicro_interfaces/msg/detail/pose_with_covariance__struct.h
[1.279s] -- Up-to-date symlink: /home/ronnakon/FRA333-KINEMATICS/LAB3_ws/install/xicro_interfaces/include/xicro_interfaces/msg/detail/pose_with_covariance__type_support.h
[1.279s] -- Up-to-date symlink: /home/ronnakon/FRA333-KINEMATICS/LAB3_ws/install/xicro_interfaces/include/xicro_interfaces/msg/detail/quaternion__functions.h
[1.279s] -- Up-to-date symlink: /home/ronnakon/FRA333-KINEMATICS/LAB3_ws/install/xicro_interfaces/include/xicro_interfaces/msg/detail/quaternion__struct.h
[1.280s] -- Up-to-date symlink: /home/ronnakon/FRA333-KINEMATICS/LAB3_ws/install/xicro_interfaces/include/xicro_interfaces/msg/detail/quaternion__type_support.h
[1.280s] -- Up-to-date symlink: /home/ronnakon/FRA333-KINEMATICS/LAB3_ws/install/xicro_interfaces/include/xicro_interfaces/msg/detail/temperature__functions.h
[1.280s] -- Up-to-date symlink: /home/ronnakon/FRA333-KINEMATICS/LAB3_ws/install/xicro_interfaces/include/xicro_interfaces/msg/detail/temperature__struct.h
[1.281s] -- Up-to-date symlink: /home/ronnakon/FRA333-KINEMATICS/LAB3_ws/install/xicro_interfaces/include/xicro_interfaces/msg/detail/temperature__type_support.h
[1.281s] -- Up-to-date symlink: /home/ronnakon/FRA333-KINEMATICS/LAB3_ws/install/xicro_interfaces/include/xicro_interfaces/msg/detail/time__functions.h
[1.281s] -- Up-to-date symlink: /home/ronnakon/FRA333-KINEMATICS/LAB3_ws/install/xicro_interfaces/include/xicro_interfaces/msg/detail/time__struct.h
[1.281s] -- Up-to-date symlink: /home/ronnakon/FRA333-KINEMATICS/LAB3_ws/install/xicro_interfaces/include/xicro_interfaces/msg/detail/time__type_support.h
[1.282s] -- Up-to-date symlink: /home/ronnakon/FRA333-KINEMATICS/LAB3_ws/install/xicro_interfaces/include/xicro_interfaces/msg/detail/twist__functions.h
[1.282s] -- Up-to-date symlink: /home/ronnakon/FRA333-KINEMATICS/LAB3_ws/install/xicro_interfaces/include/xicro_interfaces/msg/detail/twist__struct.h
[1.282s] -- Up-to-date symlink: /home/ronnakon/FRA333-KINEMATICS/LAB3_ws/install/xicro_interfaces/include/xicro_interfaces/msg/detail/twist__type_support.h
[1.282s] -- Up-to-date symlink: /home/ronnakon/FRA333-KINEMATICS/LAB3_ws/install/xicro_interfaces/include/xicro_interfaces/msg/detail/uint16__functions.h
[1.283s] -- Up-to-date symlink: /home/ronnakon/FRA333-KINEMATICS/LAB3_ws/install/xicro_interfaces/include/xicro_interfaces/msg/detail/uint16__struct.h
[1.283s] -- Up-to-date symlink: /home/ronnakon/FRA333-KINEMATICS/LAB3_ws/install/xicro_interfaces/include/xicro_interfaces/msg/detail/uint16__type_support.h
[1.283s] -- Up-to-date symlink: /home/ronnakon/FRA333-KINEMATICS/LAB3_ws/install/xicro_interfaces/include/xicro_interfaces/msg/detail/uint32__functions.h
[1.284s] -- Up-to-date symlink: /home/ronnakon/FRA333-KINEMATICS/LAB3_ws/install/xicro_interfaces/include/xicro_interfaces/msg/detail/uint32__struct.h
[1.284s] -- Up-to-date symlink: /home/ronnakon/FRA333-KINEMATICS/LAB3_ws/install/xicro_interfaces/include/xicro_interfaces/msg/detail/uint32__type_support.h
[1.284s] -- Up-to-date symlink: /home/ronnakon/FRA333-KINEMATICS/LAB3_ws/install/xicro_interfaces/include/xicro_interfaces/msg/detail/uint64__functions.h
[1.284s] -- Up-to-date symlink: /home/ronnakon/FRA333-KINEMATICS/LAB3_ws/install/xicro_interfaces/include/xicro_interfaces/msg/detail/uint64__struct.h
[1.285s] -- Up-to-date symlink: /home/ronnakon/FRA333-KINEMATICS/LAB3_ws/install/xicro_interfaces/include/xicro_interfaces/msg/detail/uint64__type_support.h
[1.285s] -- Up-to-date symlink: /home/ronnakon/FRA333-KINEMATICS/LAB3_ws/install/xicro_interfaces/include/xicro_interfaces/msg/detail/uint8__functions.h
[1.285s] -- Up-to-date symlink: /home/ronnakon/FRA333-KINEMATICS/LAB3_ws/install/xicro_interfaces/include/xicro_interfaces/msg/detail/uint8__struct.h
[1.286s] -- Up-to-date symlink: /home/ronnakon/FRA333-KINEMATICS/LAB3_ws/install/xicro_interfaces/include/xicro_interfaces/msg/detail/uint8__type_support.h
[1.286s] -- Up-to-date symlink: /home/ronnakon/FRA333-KINEMATICS/LAB3_ws/install/xicro_interfaces/include/xicro_interfaces/msg/detail/vector3__functions.h
[1.286s] -- Up-to-date symlink: /home/ronnakon/FRA333-KINEMATICS/LAB3_ws/install/xicro_interfaces/include/xicro_interfaces/msg/detail/vector3__struct.h
[1.286s] -- Up-to-date symlink: /home/ronnakon/FRA333-KINEMATICS/LAB3_ws/install/xicro_interfaces/include/xicro_interfaces/msg/detail/vector3__type_support.h
[1.287s] -- Up-to-date symlink: /home/ronnakon/FRA333-KINEMATICS/LAB3_ws/install/xicro_interfaces/include/xicro_interfaces/msg/float32.h
[1.287s] -- Up-to-date symlink: /home/ronnakon/FRA333-KINEMATICS/LAB3_ws/install/xicro_interfaces/include/xicro_interfaces/msg/header.h
[1.287s] -- Up-to-date symlink: /home/ronnakon/FRA333-KINEMATICS/LAB3_ws/install/xicro_interfaces/include/xicro_interfaces/msg/imu.h
[1.287s] -- Up-to-date symlink: /home/ronnakon/FRA333-KINEMATICS/LAB3_ws/install/xicro_interfaces/include/xicro_interfaces/msg/int16.h
[1.288s] -- Up-to-date symlink: /home/ronnakon/FRA333-KINEMATICS/LAB3_ws/install/xicro_interfaces/include/xicro_interfaces/msg/int32.h
[1.288s] -- Up-to-date symlink: /home/ronnakon/FRA333-KINEMATICS/LAB3_ws/install/xicro_interfaces/include/xicro_interfaces/msg/int64.h
[1.288s] -- Up-to-date symlink: /home/ronnakon/FRA333-KINEMATICS/LAB3_ws/install/xicro_interfaces/include/xicro_interfaces/msg/int8.h
[1.288s] -- Up-to-date symlink: /home/ronnakon/FRA333-KINEMATICS/LAB3_ws/install/xicro_interfaces/include/xicro_interfaces/msg/joint_state.h
[1.289s] -- Up-to-date symlink: /home/ronnakon/FRA333-KINEMATICS/LAB3_ws/install/xicro_interfaces/include/xicro_interfaces/msg/point.h
[1.289s] -- Up-to-date symlink: /home/ronnakon/FRA333-KINEMATICS/LAB3_ws/install/xicro_interfaces/include/xicro_interfaces/msg/pose.h
[1.289s] -- Up-to-date symlink: /home/ronnakon/FRA333-KINEMATICS/LAB3_ws/install/xicro_interfaces/include/xicro_interfaces/msg/pose2_d.h
[1.290s] -- Up-to-date symlink: /home/ronnakon/FRA333-KINEMATICS/LAB3_ws/install/xicro_interfaces/include/xicro_interfaces/msg/pose_with_covariance.h
[1.290s] -- Up-to-date symlink: /home/ronnakon/FRA333-KINEMATICS/LAB3_ws/install/xicro_interfaces/include/xicro_interfaces/msg/quaternion.h
[1.290s] -- Up-to-date symlink: /home/ronnakon/FRA333-KINEMATICS/LAB3_ws/install/xicro_interfaces/include/xicro_interfaces/msg/rosidl_generator_c__visibility_control.h
[1.290s] -- Up-to-date symlink: /home/ronnakon/FRA333-KINEMATICS/LAB3_ws/install/xicro_interfaces/include/xicro_interfaces/msg/temperature.h
[1.291s] -- Up-to-date symlink: /home/ronnakon/FRA333-KINEMATICS/LAB3_ws/install/xicro_interfaces/include/xicro_interfaces/msg/time.h
[1.291s] -- Up-to-date symlink: /home/ronnakon/FRA333-KINEMATICS/LAB3_ws/install/xicro_interfaces/include/xicro_interfaces/msg/twist.h
[1.291s] -- Up-to-date symlink: /home/ronnakon/FRA333-KINEMATICS/LAB3_ws/install/xicro_interfaces/include/xicro_interfaces/msg/uint16.h
[1.292s] -- Up-to-date symlink: /home/ronnakon/FRA333-KINEMATICS/LAB3_ws/install/xicro_interfaces/include/xicro_interfaces/msg/uint32.h
[1.292s] -- Up-to-date symlink: /home/ronnakon/FRA333-KINEMATICS/LAB3_ws/install/xicro_interfaces/include/xicro_interfaces/msg/uint64.h
[1.292s] -- Up-to-date symlink: /home/ronnakon/FRA333-KINEMATICS/LAB3_ws/install/xicro_interfaces/include/xicro_interfaces/msg/uint8.h
[1.292s] -- Up-to-date symlink: /home/ronnakon/FRA333-KINEMATICS/LAB3_ws/install/xicro_interfaces/include/xicro_interfaces/msg/vector3.h
[1.293s] -- Up-to-date symlink: /home/ronnakon/FRA333-KINEMATICS/LAB3_ws/install/xicro_interfaces/share/xicro_interfaces/environment/library_path.sh
[1.293s] -- Up-to-date symlink: /home/ronnakon/FRA333-KINEMATICS/LAB3_ws/install/xicro_interfaces/share/xicro_interfaces/environment/library_path.dsv
[1.295s] -- Up-to-date symlink: /home/ronnakon/FRA333-KINEMATICS/LAB3_ws/install/xicro_interfaces/include/xicro_interfaces/msg/detail/battery_state__rosidl_typesupport_fastrtps_c.h
[1.296s] -- Up-to-date symlink: /home/ronnakon/FRA333-KINEMATICS/LAB3_ws/install/xicro_interfaces/include/xicro_interfaces/msg/detail/bool__rosidl_typesupport_fastrtps_c.h
[1.296s] -- Up-to-date symlink: /home/ronnakon/FRA333-KINEMATICS/LAB3_ws/install/xicro_interfaces/include/xicro_interfaces/msg/detail/demo_input__rosidl_typesupport_fastrtps_c.h
[1.296s] -- Up-to-date symlink: /home/ronnakon/FRA333-KINEMATICS/LAB3_ws/install/xicro_interfaces/include/xicro_interfaces/msg/detail/demo_output__rosidl_typesupport_fastrtps_c.h
[1.297s] -- Up-to-date symlink: /home/ronnakon/FRA333-KINEMATICS/LAB3_ws/install/xicro_interfaces/include/xicro_interfaces/msg/detail/float32__rosidl_typesupport_fastrtps_c.h
[1.297s] -- Up-to-date symlink: /home/ronnakon/FRA333-KINEMATICS/LAB3_ws/install/xicro_interfaces/include/xicro_interfaces/msg/detail/header__rosidl_typesupport_fastrtps_c.h
[1.297s] -- Up-to-date symlink: /home/ronnakon/FRA333-KINEMATICS/LAB3_ws/install/xicro_interfaces/include/xicro_interfaces/msg/detail/imu__rosidl_typesupport_fastrtps_c.h
[1.298s] -- Up-to-date symlink: /home/ronnakon/FRA333-KINEMATICS/LAB3_ws/install/xicro_interfaces/include/xicro_interfaces/msg/detail/int16__rosidl_typesupport_fastrtps_c.h
[1.298s] -- Up-to-date symlink: /home/ronnakon/FRA333-KINEMATICS/LAB3_ws/install/xicro_interfaces/include/xicro_interfaces/msg/detail/int32__rosidl_typesupport_fastrtps_c.h
[1.298s] -- Up-to-date symlink: /home/ronnakon/FRA333-KINEMATICS/LAB3_ws/install/xicro_interfaces/include/xicro_interfaces/msg/detail/int64__rosidl_typesupport_fastrtps_c.h
[1.299s] -- Up-to-date symlink: /home/ronnakon/FRA333-KINEMATICS/LAB3_ws/install/xicro_interfaces/include/xicro_interfaces/msg/detail/int8__rosidl_typesupport_fastrtps_c.h
[1.299s] -- Up-to-date symlink: /home/ronnakon/FRA333-KINEMATICS/LAB3_ws/install/xicro_interfaces/include/xicro_interfaces/msg/detail/joint_state__rosidl_typesupport_fastrtps_c.h
[1.299s] -- Up-to-date symlink: /home/ronnakon/FRA333-KINEMATICS/LAB3_ws/install/xicro_interfaces/include/xicro_interfaces/msg/detail/point__rosidl_typesupport_fastrtps_c.h
[1.300s] -- Up-to-date symlink: /home/ronnakon/FRA333-KINEMATICS/LAB3_ws/install/xicro_interfaces/include/xicro_interfaces/msg/detail/pose2_d__rosidl_typesupport_fastrtps_c.h
[1.300s] -- Up-to-date symlink: /home/ronnakon/FRA333-KINEMATICS/LAB3_ws/install/xicro_interfaces/include/xicro_interfaces/msg/detail/pose__rosidl_typesupport_fastrtps_c.h
[1.301s] -- Up-to-date symlink: /home/ronnakon/FRA333-KINEMATICS/LAB3_ws/install/xicro_interfaces/include/xicro_interfaces/msg/detail/pose_with_covariance__rosidl_typesupport_fastrtps_c.h
[1.301s] -- Up-to-date symlink: /home/ronnakon/FRA333-KINEMATICS/LAB3_ws/install/xicro_interfaces/include/xicro_interfaces/msg/detail/quaternion__rosidl_typesupport_fastrtps_c.h
[1.302s] -- Up-to-date symlink: /home/ronnakon/FRA333-KINEMATICS/LAB3_ws/install/xicro_interfaces/include/xicro_interfaces/msg/detail/temperature__rosidl_typesupport_fastrtps_c.h
[1.302s] -- Up-to-date symlink: /home/ronnakon/FRA333-KINEMATICS/LAB3_ws/install/xicro_interfaces/include/xicro_interfaces/msg/detail/time__rosidl_typesupport_fastrtps_c.h
[1.303s] -- Up-to-date symlink: /home/ronnakon/FRA333-KINEMATICS/LAB3_ws/install/xicro_interfaces/include/xicro_interfaces/msg/detail/twist__rosidl_typesupport_fastrtps_c.h
[1.303s] -- Up-to-date symlink: /home/ronnakon/FRA333-KINEMATICS/LAB3_ws/install/xicro_interfaces/include/xicro_interfaces/msg/detail/uint16__rosidl_typesupport_fastrtps_c.h
[1.304s] -- Up-to-date symlink: /home/ronnakon/FRA333-KINEMATICS/LAB3_ws/install/xicro_interfaces/include/xicro_interfaces/msg/detail/uint32__rosidl_typesupport_fastrtps_c.h
[1.304s] -- Up-to-date symlink: /home/ronnakon/FRA333-KINEMATICS/LAB3_ws/install/xicro_interfaces/include/xicro_interfaces/msg/detail/uint64__rosidl_typesupport_fastrtps_c.h
[1.305s] -- Up-to-date symlink: /home/ronnakon/FRA333-KINEMATICS/LAB3_ws/install/xicro_interfaces/include/xicro_interfaces/msg/detail/uint8__rosidl_typesupport_fastrtps_c.h
[1.305s] -- Up-to-date symlink: /home/ronnakon/FRA333-KINEMATICS/LAB3_ws/install/xicro_interfaces/include/xicro_interfaces/msg/detail/vector3__rosidl_typesupport_fastrtps_c.h
[1.306s] -- Up-to-date symlink: /home/ronnakon/FRA333-KINEMATICS/LAB3_ws/install/xicro_interfaces/include/xicro_interfaces/msg/rosidl_typesupport_fastrtps_c__visibility_control.h
[1.307s] -- Up-to-date symlink: /home/ronnakon/FRA333-KINEMATICS/LAB3_ws/install/xicro_interfaces/lib/libxicro_interfaces__rosidl_typesupport_fastrtps_c.so
[1.309s] -- Up-to-date symlink: /home/ronnakon/FRA333-KINEMATICS/LAB3_ws/install/xicro_interfaces/include/xicro_interfaces/msg/detail/battery_state__rosidl_typesupport_fastrtps_cpp.hpp
[1.310s] -- Up-to-date symlink: /home/ronnakon/FRA333-KINEMATICS/LAB3_ws/install/xicro_interfaces/include/xicro_interfaces/msg/detail/bool__rosidl_typesupport_fastrtps_cpp.hpp
[1.310s] -- Up-to-date symlink: /home/ronnakon/FRA333-KINEMATICS/LAB3_ws/install/xicro_interfaces/include/xicro_interfaces/msg/detail/demo_input__rosidl_typesupport_fastrtps_cpp.hpp
[1.310s] -- Up-to-date symlink: /home/ronnakon/FRA333-KINEMATICS/LAB3_ws/install/xicro_interfaces/include/xicro_interfaces/msg/detail/demo_output__rosidl_typesupport_fastrtps_cpp.hpp
[1.311s] -- Up-to-date symlink: /home/ronnakon/FRA333-KINEMATICS/LAB3_ws/install/xicro_interfaces/include/xicro_interfaces/msg/detail/float32__rosidl_typesupport_fastrtps_cpp.hpp
[1.311s] -- Up-to-date symlink: /home/ronnakon/FRA333-KINEMATICS/LAB3_ws/install/xicro_interfaces/include/xicro_interfaces/msg/detail/header__rosidl_typesupport_fastrtps_cpp.hpp
[1.311s] -- Up-to-date symlink: /home/ronnakon/FRA333-KINEMATICS/LAB3_ws/install/xicro_interfaces/include/xicro_interfaces/msg/detail/imu__rosidl_typesupport_fastrtps_cpp.hpp
[1.312s] -- Up-to-date symlink: /home/ronnakon/FRA333-KINEMATICS/LAB3_ws/install/xicro_interfaces/include/xicro_interfaces/msg/detail/int16__rosidl_typesupport_fastrtps_cpp.hpp
[1.312s] -- Up-to-date symlink: /home/ronnakon/FRA333-KINEMATICS/LAB3_ws/install/xicro_interfaces/include/xicro_interfaces/msg/detail/int32__rosidl_typesupport_fastrtps_cpp.hpp
[1.313s] -- Up-to-date symlink: /home/ronnakon/FRA333-KINEMATICS/LAB3_ws/install/xicro_interfaces/include/xicro_interfaces/msg/detail/int64__rosidl_typesupport_fastrtps_cpp.hpp
[1.313s] -- Up-to-date symlink: /home/ronnakon/FRA333-KINEMATICS/LAB3_ws/install/xicro_interfaces/include/xicro_interfaces/msg/detail/int8__rosidl_typesupport_fastrtps_cpp.hpp
[1.313s] -- Up-to-date symlink: /home/ronnakon/FRA333-KINEMATICS/LAB3_ws/install/xicro_interfaces/include/xicro_interfaces/msg/detail/joint_state__rosidl_typesupport_fastrtps_cpp.hpp
[1.313s] -- Up-to-date symlink: /home/ronnakon/FRA333-KINEMATICS/LAB3_ws/install/xicro_interfaces/include/xicro_interfaces/msg/detail/point__rosidl_typesupport_fastrtps_cpp.hpp
[1.314s] -- Up-to-date symlink: /home/ronnakon/FRA333-KINEMATICS/LAB3_ws/install/xicro_interfaces/include/xicro_interfaces/msg/detail/pose2_d__rosidl_typesupport_fastrtps_cpp.hpp
[1.314s] -- Up-to-date symlink: /home/ronnakon/FRA333-KINEMATICS/LAB3_ws/install/xicro_interfaces/include/xicro_interfaces/msg/detail/pose__rosidl_typesupport_fastrtps_cpp.hpp
[1.314s] -- Up-to-date symlink: /home/ronnakon/FRA333-KINEMATICS/LAB3_ws/install/xicro_interfaces/include/xicro_interfaces/msg/detail/pose_with_covariance__rosidl_typesupport_fastrtps_cpp.hpp
[1.315s] -- Up-to-date symlink: /home/ronnakon/FRA333-KINEMATICS/LAB3_ws/install/xicro_interfaces/include/xicro_interfaces/msg/detail/quaternion__rosidl_typesupport_fastrtps_cpp.hpp
[1.315s] -- Up-to-date symlink: /home/ronnakon/FRA333-KINEMATICS/LAB3_ws/install/xicro_interfaces/include/xicro_interfaces/msg/detail/temperature__rosidl_typesupport_fastrtps_cpp.hpp
[1.315s] -- Up-to-date symlink: /home/ronnakon/FRA333-KINEMATICS/LAB3_ws/install/xicro_interfaces/include/xicro_interfaces/msg/detail/time__rosidl_typesupport_fastrtps_cpp.hpp
[1.315s] -- Up-to-date symlink: /home/ronnakon/FRA333-KINEMATICS/LAB3_ws/install/xicro_interfaces/include/xicro_interfaces/msg/detail/twist__rosidl_typesupport_fastrtps_cpp.hpp
[1.316s] -- Up-to-date symlink: /home/ronnakon/FRA333-KINEMATICS/LAB3_ws/install/xicro_interfaces/include/xicro_interfaces/msg/detail/uint16__rosidl_typesupport_fastrtps_cpp.hpp
[1.316s] -- Up-to-date symlink: /home/ronnakon/FRA333-KINEMATICS/LAB3_ws/install/xicro_interfaces/include/xicro_interfaces/msg/detail/uint32__rosidl_typesupport_fastrtps_cpp.hpp
[1.316s] -- Up-to-date symlink: /home/ronnakon/FRA333-KINEMATICS/LAB3_ws/install/xicro_interfaces/include/xicro_interfaces/msg/detail/uint64__rosidl_typesupport_fastrtps_cpp.hpp
[1.317s] -- Up-to-date symlink: /home/ronnakon/FRA333-KINEMATICS/LAB3_ws/install/xicro_interfaces/include/xicro_interfaces/msg/detail/uint8__rosidl_typesupport_fastrtps_cpp.hpp
[1.317s] -- Up-to-date symlink: /home/ronnakon/FRA333-KINEMATICS/LAB3_ws/install/xicro_interfaces/include/xicro_interfaces/msg/detail/vector3__rosidl_typesupport_fastrtps_cpp.hpp
[1.317s] -- Up-to-date symlink: /home/ronnakon/FRA333-KINEMATICS/LAB3_ws/install/xicro_interfaces/include/xicro_interfaces/msg/rosidl_typesupport_fastrtps_cpp__visibility_control.h
[1.318s] -- Up-to-date symlink: /home/ronnakon/FRA333-KINEMATICS/LAB3_ws/install/xicro_interfaces/lib/libxicro_interfaces__rosidl_typesupport_fastrtps_cpp.so
[1.319s] -- Up-to-date symlink: /home/ronnakon/FRA333-KINEMATICS/LAB3_ws/install/xicro_interfaces/include/xicro_interfaces/msg/detail/battery_state__rosidl_typesupport_introspection_c.h
[1.320s] -- Up-to-date symlink: /home/ronnakon/FRA333-KINEMATICS/LAB3_ws/install/xicro_interfaces/include/xicro_interfaces/msg/detail/bool__rosidl_typesupport_introspection_c.h
[1.320s] -- Up-to-date symlink: /home/ronnakon/FRA333-KINEMATICS/LAB3_ws/install/xicro_interfaces/include/xicro_interfaces/msg/detail/demo_input__rosidl_typesupport_introspection_c.h
[1.321s] -- Up-to-date symlink: /home/ronnakon/FRA333-KINEMATICS/LAB3_ws/install/xicro_interfaces/include/xicro_interfaces/msg/detail/demo_output__rosidl_typesupport_introspection_c.h
[1.321s] -- Up-to-date symlink: /home/ronnakon/FRA333-KINEMATICS/LAB3_ws/install/xicro_interfaces/include/xicro_interfaces/msg/detail/float32__rosidl_typesupport_introspection_c.h
[1.321s] -- Up-to-date symlink: /home/ronnakon/FRA333-KINEMATICS/LAB3_ws/install/xicro_interfaces/include/xicro_interfaces/msg/detail/header__rosidl_typesupport_introspection_c.h
[1.322s] -- Up-to-date symlink: /home/ronnakon/FRA333-KINEMATICS/LAB3_ws/install/xicro_interfaces/include/xicro_interfaces/msg/detail/imu__rosidl_typesupport_introspection_c.h
[1.322s] -- Up-to-date symlink: /home/ronnakon/FRA333-KINEMATICS/LAB3_ws/install/xicro_interfaces/include/xicro_interfaces/msg/detail/int16__rosidl_typesupport_introspection_c.h
[1.322s] -- Up-to-date symlink: /home/ronnakon/FRA333-KINEMATICS/LAB3_ws/install/xicro_interfaces/include/xicro_interfaces/msg/detail/int32__rosidl_typesupport_introspection_c.h
[1.323s] -- Up-to-date symlink: /home/ronnakon/FRA333-KINEMATICS/LAB3_ws/install/xicro_interfaces/include/xicro_interfaces/msg/detail/int64__rosidl_typesupport_introspection_c.h
[1.323s] -- Up-to-date symlink: /home/ronnakon/FRA333-KINEMATICS/LAB3_ws/install/xicro_interfaces/include/xicro_interfaces/msg/detail/int8__rosidl_typesupport_introspection_c.h
[1.323s] -- Up-to-date symlink: /home/ronnakon/FRA333-KINEMATICS/LAB3_ws/install/xicro_interfaces/include/xicro_interfaces/msg/detail/joint_state__rosidl_typesupport_introspection_c.h
[1.324s] -- Up-to-date symlink: /home/ronnakon/FRA333-KINEMATICS/LAB3_ws/install/xicro_interfaces/include/xicro_interfaces/msg/detail/point__rosidl_typesupport_introspection_c.h
[1.324s] -- Up-to-date symlink: /home/ronnakon/FRA333-KINEMATICS/LAB3_ws/install/xicro_interfaces/include/xicro_interfaces/msg/detail/pose2_d__rosidl_typesupport_introspection_c.h
[1.324s] -- Up-to-date symlink: /home/ronnakon/FRA333-KINEMATICS/LAB3_ws/install/xicro_interfaces/include/xicro_interfaces/msg/detail/pose__rosidl_typesupport_introspection_c.h
[1.325s] -- Up-to-date symlink: /home/ronnakon/FRA333-KINEMATICS/LAB3_ws/install/xicro_interfaces/include/xicro_interfaces/msg/detail/pose_with_covariance__rosidl_typesupport_introspection_c.h
[1.325s] -- Up-to-date symlink: /home/ronnakon/FRA333-KINEMATICS/LAB3_ws/install/xicro_interfaces/include/xicro_interfaces/msg/detail/quaternion__rosidl_typesupport_introspection_c.h
[1.325s] -- Up-to-date symlink: /home/ronnakon/FRA333-KINEMATICS/LAB3_ws/install/xicro_interfaces/include/xicro_interfaces/msg/detail/temperature__rosidl_typesupport_introspection_c.h
[1.326s] -- Up-to-date symlink: /home/ronnakon/FRA333-KINEMATICS/LAB3_ws/install/xicro_interfaces/include/xicro_interfaces/msg/detail/time__rosidl_typesupport_introspection_c.h
[1.326s] -- Up-to-date symlink: /home/ronnakon/FRA333-KINEMATICS/LAB3_ws/install/xicro_interfaces/include/xicro_interfaces/msg/detail/twist__rosidl_typesupport_introspection_c.h
[1.326s] -- Up-to-date symlink: /home/ronnakon/FRA333-KINEMATICS/LAB3_ws/install/xicro_interfaces/include/xicro_interfaces/msg/detail/uint16__rosidl_typesupport_introspection_c.h
[1.327s] -- Up-to-date symlink: /home/ronnakon/FRA333-KINEMATICS/LAB3_ws/install/xicro_interfaces/include/xicro_interfaces/msg/detail/uint32__rosidl_typesupport_introspection_c.h
[1.327s] -- Up-to-date symlink: /home/ronnakon/FRA333-KINEMATICS/LAB3_ws/install/xicro_interfaces/include/xicro_interfaces/msg/detail/uint64__rosidl_typesupport_introspection_c.h
[1.328s] -- Up-to-date symlink: /home/ronnakon/FRA333-KINEMATICS/LAB3_ws/install/xicro_interfaces/include/xicro_interfaces/msg/detail/uint8__rosidl_typesupport_introspection_c.h
[1.328s] -- Up-to-date symlink: /home/ronnakon/FRA333-KINEMATICS/LAB3_ws/install/xicro_interfaces/include/xicro_interfaces/msg/detail/vector3__rosidl_typesupport_introspection_c.h
[1.328s] -- Up-to-date symlink: /home/ronnakon/FRA333-KINEMATICS/LAB3_ws/install/xicro_interfaces/include/xicro_interfaces/msg/rosidl_typesupport_introspection_c__visibility_control.h
[1.331s] -- Up-to-date symlink: /home/ronnakon/FRA333-KINEMATICS/LAB3_ws/install/xicro_interfaces/include/xicro_interfaces/msg/battery_state.hpp
[1.331s] -- Up-to-date symlink: /home/ronnakon/FRA333-KINEMATICS/LAB3_ws/install/xicro_interfaces/include/xicro_interfaces/msg/bool.hpp
[1.332s] -- Up-to-date symlink: /home/ronnakon/FRA333-KINEMATICS/LAB3_ws/install/xicro_interfaces/include/xicro_interfaces/msg/demo_input.hpp
[1.332s] -- Up-to-date symlink: /home/ronnakon/FRA333-KINEMATICS/LAB3_ws/install/xicro_interfaces/include/xicro_interfaces/msg/demo_output.hpp
[1.332s] -- Up-to-date symlink: /home/ronnakon/FRA333-KINEMATICS/LAB3_ws/install/xicro_interfaces/include/xicro_interfaces/msg/detail/battery_state__builder.hpp
[1.333s] -- Up-to-date symlink: /home/ronnakon/FRA333-KINEMATICS/LAB3_ws/install/xicro_interfaces/include/xicro_interfaces/msg/detail/battery_state__struct.hpp
[1.333s] -- Up-to-date symlink: /home/ronnakon/FRA333-KINEMATICS/LAB3_ws/install/xicro_interfaces/include/xicro_interfaces/msg/detail/battery_state__traits.hpp
[1.333s] -- Up-to-date symlink: /home/ronnakon/FRA333-KINEMATICS/LAB3_ws/install/xicro_interfaces/include/xicro_interfaces/msg/detail/bool__builder.hpp
[1.334s] -- Up-to-date symlink: /home/ronnakon/FRA333-KINEMATICS/LAB3_ws/install/xicro_interfaces/include/xicro_interfaces/msg/detail/bool__struct.hpp
[1.334s] -- Up-to-date symlink: /home/ronnakon/FRA333-KINEMATICS/LAB3_ws/install/xicro_interfaces/include/xicro_interfaces/msg/detail/bool__traits.hpp
[1.334s] -- Up-to-date symlink: /home/ronnakon/FRA333-KINEMATICS/LAB3_ws/install/xicro_interfaces/include/xicro_interfaces/msg/detail/demo_input__builder.hpp
[1.335s] -- Up-to-date symlink: /home/ronnakon/FRA333-KINEMATICS/LAB3_ws/install/xicro_interfaces/include/xicro_interfaces/msg/detail/demo_input__struct.hpp
[1.335s] -- Up-to-date symlink: /home/ronnakon/FRA333-KINEMATICS/LAB3_ws/install/xicro_interfaces/include/xicro_interfaces/msg/detail/demo_input__traits.hpp
[1.335s] -- Up-to-date symlink: /home/ronnakon/FRA333-KINEMATICS/LAB3_ws/install/xicro_interfaces/include/xicro_interfaces/msg/detail/demo_output__builder.hpp
[1.336s] -- Up-to-date symlink: /home/ronnakon/FRA333-KINEMATICS/LAB3_ws/install/xicro_interfaces/include/xicro_interfaces/msg/detail/demo_output__struct.hpp
[1.337s] -- Up-to-date symlink: /home/ronnakon/FRA333-KINEMATICS/LAB3_ws/install/xicro_interfaces/include/xicro_interfaces/msg/detail/demo_output__traits.hpp
[1.337s] -- Up-to-date symlink: /home/ronnakon/FRA333-KINEMATICS/LAB3_ws/install/xicro_interfaces/include/xicro_interfaces/msg/detail/float32__builder.hpp
[1.337s] -- Up-to-date symlink: /home/ronnakon/FRA333-KINEMATICS/LAB3_ws/install/xicro_interfaces/include/xicro_interfaces/msg/detail/float32__struct.hpp
[1.338s] -- Up-to-date symlink: /home/ronnakon/FRA333-KINEMATICS/LAB3_ws/install/xicro_interfaces/include/xicro_interfaces/msg/detail/float32__traits.hpp
[1.338s] -- Up-to-date symlink: /home/ronnakon/FRA333-KINEMATICS/LAB3_ws/install/xicro_interfaces/include/xicro_interfaces/msg/detail/header__builder.hpp
[1.338s] -- Up-to-date symlink: /home/ronnakon/FRA333-KINEMATICS/LAB3_ws/install/xicro_interfaces/include/xicro_interfaces/msg/detail/header__struct.hpp
[1.338s] -- Up-to-date symlink: /home/ronnakon/FRA333-KINEMATICS/LAB3_ws/install/xicro_interfaces/include/xicro_interfaces/msg/detail/header__traits.hpp
[1.339s] -- Up-to-date symlink: /home/ronnakon/FRA333-KINEMATICS/LAB3_ws/install/xicro_interfaces/include/xicro_interfaces/msg/detail/imu__builder.hpp
[1.339s] -- Up-to-date symlink: /home/ronnakon/FRA333-KINEMATICS/LAB3_ws/install/xicro_interfaces/include/xicro_interfaces/msg/detail/imu__struct.hpp
[1.339s] -- Up-to-date symlink: /home/ronnakon/FRA333-KINEMATICS/LAB3_ws/install/xicro_interfaces/include/xicro_interfaces/msg/detail/imu__traits.hpp
[1.340s] -- Up-to-date symlink: /home/ronnakon/FRA333-KINEMATICS/LAB3_ws/install/xicro_interfaces/include/xicro_interfaces/msg/detail/int16__builder.hpp
[1.340s] -- Up-to-date symlink: /home/ronnakon/FRA333-KINEMATICS/LAB3_ws/install/xicro_interfaces/include/xicro_interfaces/msg/detail/int16__struct.hpp
[1.340s] -- Up-to-date symlink: /home/ronnakon/FRA333-KINEMATICS/LAB3_ws/install/xicro_interfaces/include/xicro_interfaces/msg/detail/int16__traits.hpp
[1.341s] -- Up-to-date symlink: /home/ronnakon/FRA333-KINEMATICS/LAB3_ws/install/xicro_interfaces/include/xicro_interfaces/msg/detail/int32__builder.hpp
[1.341s] -- Up-to-date symlink: /home/ronnakon/FRA333-KINEMATICS/LAB3_ws/install/xicro_interfaces/include/xicro_interfaces/msg/detail/int32__struct.hpp
[1.341s] -- Up-to-date symlink: /home/ronnakon/FRA333-KINEMATICS/LAB3_ws/install/xicro_interfaces/include/xicro_interfaces/msg/detail/int32__traits.hpp
[1.342s] -- Up-to-date symlink: /home/ronnakon/FRA333-KINEMATICS/LAB3_ws/install/xicro_interfaces/include/xicro_interfaces/msg/detail/int64__builder.hpp
[1.342s] -- Up-to-date symlink: /home/ronnakon/FRA333-KINEMATICS/LAB3_ws/install/xicro_interfaces/include/xicro_interfaces/msg/detail/int64__struct.hpp
[1.343s] -- Up-to-date symlink: /home/ronnakon/FRA333-KINEMATICS/LAB3_ws/install/xicro_interfaces/include/xicro_interfaces/msg/detail/int64__traits.hpp
[1.343s] -- Up-to-date symlink: /home/ronnakon/FRA333-KINEMATICS/LAB3_ws/install/xicro_interfaces/include/xicro_interfaces/msg/detail/int8__builder.hpp
[1.343s] -- Up-to-date symlink: /home/ronnakon/FRA333-KINEMATICS/LAB3_ws/install/xicro_interfaces/include/xicro_interfaces/msg/detail/int8__struct.hpp
[1.344s] -- Up-to-date symlink: /home/ronnakon/FRA333-KINEMATICS/LAB3_ws/install/xicro_interfaces/include/xicro_interfaces/msg/detail/int8__traits.hpp
[1.344s] -- Up-to-date symlink: /home/ronnakon/FRA333-KINEMATICS/LAB3_ws/install/xicro_interfaces/include/xicro_interfaces/msg/detail/joint_state__builder.hpp
[1.344s] -- Up-to-date symlink: /home/ronnakon/FRA333-KINEMATICS/LAB3_ws/install/xicro_interfaces/include/xicro_interfaces/msg/detail/joint_state__struct.hpp
[1.345s] -- Up-to-date symlink: /home/ronnakon/FRA333-KINEMATICS/LAB3_ws/install/xicro_interfaces/include/xicro_interfaces/msg/detail/joint_state__traits.hpp
[1.345s] -- Up-to-date symlink: /home/ronnakon/FRA333-KINEMATICS/LAB3_ws/install/xicro_interfaces/include/xicro_interfaces/msg/detail/point__builder.hpp
[1.345s] -- Up-to-date symlink: /home/ronnakon/FRA333-KINEMATICS/LAB3_ws/install/xicro_interfaces/include/xicro_interfaces/msg/detail/point__struct.hpp
[1.346s] -- Up-to-date symlink: /home/ronnakon/FRA333-KINEMATICS/LAB3_ws/install/xicro_interfaces/include/xicro_interfaces/msg/detail/point__traits.hpp
[1.346s] -- Up-to-date symlink: /home/ronnakon/FRA333-KINEMATICS/LAB3_ws/install/xicro_interfaces/include/xicro_interfaces/msg/detail/pose2_d__builder.hpp
[1.346s] -- Up-to-date symlink: /home/ronnakon/FRA333-KINEMATICS/LAB3_ws/install/xicro_interfaces/include/xicro_interfaces/msg/detail/pose2_d__struct.hpp
[1.347s] -- Up-to-date symlink: /home/ronnakon/FRA333-KINEMATICS/LAB3_ws/install/xicro_interfaces/include/xicro_interfaces/msg/detail/pose2_d__traits.hpp
[1.347s] -- Up-to-date symlink: /home/ronnakon/FRA333-KINEMATICS/LAB3_ws/install/xicro_interfaces/include/xicro_interfaces/msg/detail/pose__builder.hpp
[1.347s] -- Up-to-date symlink: /home/ronnakon/FRA333-KINEMATICS/LAB3_ws/install/xicro_interfaces/include/xicro_interfaces/msg/detail/pose__struct.hpp
[1.348s] -- Up-to-date symlink: /home/ronnakon/FRA333-KINEMATICS/LAB3_ws/install/xicro_interfaces/include/xicro_interfaces/msg/detail/pose__traits.hpp
[1.348s] -- Up-to-date symlink: /home/ronnakon/FRA333-KINEMATICS/LAB3_ws/install/xicro_interfaces/include/xicro_interfaces/msg/detail/pose_with_covariance__builder.hpp
[1.348s] -- Up-to-date symlink: /home/ronnakon/FRA333-KINEMATICS/LAB3_ws/install/xicro_interfaces/include/xicro_interfaces/msg/detail/pose_with_covariance__struct.hpp
[1.349s] -- Up-to-date symlink: /home/ronnakon/FRA333-KINEMATICS/LAB3_ws/install/xicro_interfaces/include/xicro_interfaces/msg/detail/pose_with_covariance__traits.hpp
[1.349s] -- Up-to-date symlink: /home/ronnakon/FRA333-KINEMATICS/LAB3_ws/install/xicro_interfaces/include/xicro_interfaces/msg/detail/quaternion__builder.hpp
[1.350s] -- Up-to-date symlink: /home/ronnakon/FRA333-KINEMATICS/LAB3_ws/install/xicro_interfaces/include/xicro_interfaces/msg/detail/quaternion__struct.hpp
[1.350s] -- Up-to-date symlink: /home/ronnakon/FRA333-KINEMATICS/LAB3_ws/install/xicro_interfaces/include/xicro_interfaces/msg/detail/quaternion__traits.hpp
[1.350s] -- Up-to-date symlink: /home/ronnakon/FRA333-KINEMATICS/LAB3_ws/install/xicro_interfaces/include/xicro_interfaces/msg/detail/temperature__builder.hpp
[1.350s] -- Up-to-date symlink: /home/ronnakon/FRA333-KINEMATICS/LAB3_ws/install/xicro_interfaces/include/xicro_interfaces/msg/detail/temperature__struct.hpp
[1.351s] -- Up-to-date symlink: /home/ronnakon/FRA333-KINEMATICS/LAB3_ws/install/xicro_interfaces/include/xicro_interfaces/msg/detail/temperature__traits.hpp
[1.351s] -- Up-to-date symlink: /home/ronnakon/FRA333-KINEMATICS/LAB3_ws/install/xicro_interfaces/include/xicro_interfaces/msg/detail/time__builder.hpp
[1.351s] -- Up-to-date symlink: /home/ronnakon/FRA333-KINEMATICS/LAB3_ws/install/xicro_interfaces/include/xicro_interfaces/msg/detail/time__struct.hpp
[1.352s] -- Up-to-date symlink: /home/ronnakon/FRA333-KINEMATICS/LAB3_ws/install/xicro_interfaces/include/xicro_interfaces/msg/detail/time__traits.hpp
[1.352s] -- Up-to-date symlink: /home/ronnakon/FRA333-KINEMATICS/LAB3_ws/install/xicro_interfaces/include/xicro_interfaces/msg/detail/twist__builder.hpp
[1.352s] -- Up-to-date symlink: /home/ronnakon/FRA333-KINEMATICS/LAB3_ws/install/xicro_interfaces/include/xicro_interfaces/msg/detail/twist__struct.hpp
[1.352s] -- Up-to-date symlink: /home/ronnakon/FRA333-KINEMATICS/LAB3_ws/install/xicro_interfaces/include/xicro_interfaces/msg/detail/twist__traits.hpp
[1.353s] -- Up-to-date symlink: /home/ronnakon/FRA333-KINEMATICS/LAB3_ws/install/xicro_interfaces/include/xicro_interfaces/msg/detail/uint16__builder.hpp
[1.353s] -- Up-to-date symlink: /home/ronnakon/FRA333-KINEMATICS/LAB3_ws/install/xicro_interfaces/include/xicro_interfaces/msg/detail/uint16__struct.hpp
[1.353s] -- Up-to-date symlink: /home/ronnakon/FRA333-KINEMATICS/LAB3_ws/install/xicro_interfaces/include/xicro_interfaces/msg/detail/uint16__traits.hpp
[1.354s] -- Up-to-date symlink: /home/ronnakon/FRA333-KINEMATICS/LAB3_ws/install/xicro_interfaces/include/xicro_interfaces/msg/detail/uint32__builder.hpp
[1.354s] -- Up-to-date symlink: /home/ronnakon/FRA333-KINEMATICS/LAB3_ws/install/xicro_interfaces/include/xicro_interfaces/msg/detail/uint32__struct.hpp
[1.354s] -- Up-to-date symlink: /home/ronnakon/FRA333-KINEMATICS/LAB3_ws/install/xicro_interfaces/include/xicro_interfaces/msg/detail/uint32__traits.hpp
[1.354s] -- Up-to-date symlink: /home/ronnakon/FRA333-KINEMATICS/LAB3_ws/install/xicro_interfaces/include/xicro_interfaces/msg/detail/uint64__builder.hpp
[1.355s] -- Up-to-date symlink: /home/ronnakon/FRA333-KINEMATICS/LAB3_ws/install/xicro_interfaces/include/xicro_interfaces/msg/detail/uint64__struct.hpp
[1.355s] -- Up-to-date symlink: /home/ronnakon/FRA333-KINEMATICS/LAB3_ws/install/xicro_interfaces/include/xicro_interfaces/msg/detail/uint64__traits.hpp
[1.355s] -- Up-to-date symlink: /home/ronnakon/FRA333-KINEMATICS/LAB3_ws/install/xicro_interfaces/include/xicro_interfaces/msg/detail/uint8__builder.hpp
[1.356s] -- Up-to-date symlink: /home/ronnakon/FRA333-KINEMATICS/LAB3_ws/install/xicro_interfaces/include/xicro_interfaces/msg/detail/uint8__struct.hpp
[1.356s] -- Up-to-date symlink: /home/ronnakon/FRA333-KINEMATICS/LAB3_ws/install/xicro_interfaces/include/xicro_interfaces/msg/detail/uint8__traits.hpp
[1.356s] -- Up-to-date symlink: /home/ronnakon/FRA333-KINEMATICS/LAB3_ws/install/xicro_interfaces/include/xicro_interfaces/msg/detail/vector3__builder.hpp
[1.357s] -- Up-to-date symlink: /home/ronnakon/FRA333-KINEMATICS/LAB3_ws/install/xicro_interfaces/include/xicro_interfaces/msg/detail/vector3__struct.hpp
[1.357s] -- Up-to-date symlink: /home/ronnakon/FRA333-KINEMATICS/LAB3_ws/install/xicro_interfaces/include/xicro_interfaces/msg/detail/vector3__traits.hpp
[1.357s] -- Up-to-date symlink: /home/ronnakon/FRA333-KINEMATICS/LAB3_ws/install/xicro_interfaces/include/xicro_interfaces/msg/float32.hpp
[1.357s] -- Up-to-date symlink: /home/ronnakon/FRA333-KINEMATICS/LAB3_ws/install/xicro_interfaces/include/xicro_interfaces/msg/header.hpp
[1.358s] -- Up-to-date symlink: /home/ronnakon/FRA333-KINEMATICS/LAB3_ws/install/xicro_interfaces/include/xicro_interfaces/msg/imu.hpp
[1.358s] -- Up-to-date symlink: /home/ronnakon/FRA333-KINEMATICS/LAB3_ws/install/xicro_interfaces/include/xicro_interfaces/msg/int16.hpp
[1.358s] -- Up-to-date symlink: /home/ronnakon/FRA333-KINEMATICS/LAB3_ws/install/xicro_interfaces/include/xicro_interfaces/msg/int32.hpp
[1.359s] -- Up-to-date symlink: /home/ronnakon/FRA333-KINEMATICS/LAB3_ws/install/xicro_interfaces/include/xicro_interfaces/msg/int64.hpp
[1.359s] -- Up-to-date symlink: /home/ronnakon/FRA333-KINEMATICS/LAB3_ws/install/xicro_interfaces/include/xicro_interfaces/msg/int8.hpp
[1.359s] -- Up-to-date symlink: /home/ronnakon/FRA333-KINEMATICS/LAB3_ws/install/xicro_interfaces/include/xicro_interfaces/msg/joint_state.hpp
[1.359s] -- Up-to-date symlink: /home/ronnakon/FRA333-KINEMATICS/LAB3_ws/install/xicro_interfaces/include/xicro_interfaces/msg/point.hpp
[1.360s] -- Up-to-date symlink: /home/ronnakon/FRA333-KINEMATICS/LAB3_ws/install/xicro_interfaces/include/xicro_interfaces/msg/pose.hpp
[1.360s] -- Up-to-date symlink: /home/ronnakon/FRA333-KINEMATICS/LAB3_ws/install/xicro_interfaces/include/xicro_interfaces/msg/pose2_d.hpp
[1.360s] -- Up-to-date symlink: /home/ronnakon/FRA333-KINEMATICS/LAB3_ws/install/xicro_interfaces/include/xicro_interfaces/msg/pose_with_covariance.hpp
[1.361s] -- Up-to-date symlink: /home/ronnakon/FRA333-KINEMATICS/LAB3_ws/install/xicro_interfaces/include/xicro_interfaces/msg/quaternion.hpp
[1.361s] -- Up-to-date symlink: /home/ronnakon/FRA333-KINEMATICS/LAB3_ws/install/xicro_interfaces/include/xicro_interfaces/msg/temperature.hpp
[1.361s] -- Up-to-date symlink: /home/ronnakon/FRA333-KINEMATICS/LAB3_ws/install/xicro_interfaces/include/xicro_interfaces/msg/time.hpp
[1.361s] -- Up-to-date symlink: /home/ronnakon/FRA333-KINEMATICS/LAB3_ws/install/xicro_interfaces/include/xicro_interfaces/msg/twist.hpp
[1.362s] -- Up-to-date symlink: /home/ronnakon/FRA333-KINEMATICS/LAB3_ws/install/xicro_interfaces/include/xicro_interfaces/msg/uint16.hpp
[1.362s] -- Up-to-date symlink: /home/ronnakon/FRA333-KINEMATICS/LAB3_ws/install/xicro_interfaces/include/xicro_interfaces/msg/uint32.hpp
[1.362s] -- Up-to-date symlink: /home/ronnakon/FRA333-KINEMATICS/LAB3_ws/install/xicro_interfaces/include/xicro_interfaces/msg/uint64.hpp
[1.363s] -- Up-to-date symlink: /home/ronnakon/FRA333-KINEMATICS/LAB3_ws/install/xicro_interfaces/include/xicro_interfaces/msg/uint8.hpp
[1.363s] -- Up-to-date symlink: /home/ronnakon/FRA333-KINEMATICS/LAB3_ws/install/xicro_interfaces/include/xicro_interfaces/msg/vector3.hpp
[1.364s] -- Up-to-date symlink: /home/ronnakon/FRA333-KINEMATICS/LAB3_ws/install/xicro_interfaces/include/xicro_interfaces/msg/detail/battery_state__rosidl_typesupport_introspection_cpp.hpp
[1.364s] -- Up-to-date symlink: /home/ronnakon/FRA333-KINEMATICS/LAB3_ws/install/xicro_interfaces/include/xicro_interfaces/msg/detail/bool__rosidl_typesupport_introspection_cpp.hpp
[1.365s] -- Up-to-date symlink: /home/ronnakon/FRA333-KINEMATICS/LAB3_ws/install/xicro_interfaces/include/xicro_interfaces/msg/detail/demo_input__rosidl_typesupport_introspection_cpp.hpp
[1.365s] -- Up-to-date symlink: /home/ronnakon/FRA333-KINEMATICS/LAB3_ws/install/xicro_interfaces/include/xicro_interfaces/msg/detail/demo_output__rosidl_typesupport_introspection_cpp.hpp
[1.365s] -- Up-to-date symlink: /home/ronnakon/FRA333-KINEMATICS/LAB3_ws/install/xicro_interfaces/include/xicro_interfaces/msg/detail/float32__rosidl_typesupport_introspection_cpp.hpp
[1.366s] -- Up-to-date symlink: /home/ronnakon/FRA333-KINEMATICS/LAB3_ws/install/xicro_interfaces/include/xicro_interfaces/msg/detail/header__rosidl_typesupport_introspection_cpp.hpp
[1.366s] -- Up-to-date symlink: /home/ronnakon/FRA333-KINEMATICS/LAB3_ws/install/xicro_interfaces/include/xicro_interfaces/msg/detail/imu__rosidl_typesupport_introspection_cpp.hpp
[1.366s] -- Up-to-date symlink: /home/ronnakon/FRA333-KINEMATICS/LAB3_ws/install/xicro_interfaces/include/xicro_interfaces/msg/detail/int16__rosidl_typesupport_introspection_cpp.hpp
[1.367s] -- Up-to-date symlink: /home/ronnakon/FRA333-KINEMATICS/LAB3_ws/install/xicro_interfaces/include/xicro_interfaces/msg/detail/int32__rosidl_typesupport_introspection_cpp.hpp
[1.367s] -- Up-to-date symlink: /home/ronnakon/FRA333-KINEMATICS/LAB3_ws/install/xicro_interfaces/include/xicro_interfaces/msg/detail/int64__rosidl_typesupport_introspection_cpp.hpp
[1.367s] -- Up-to-date symlink: /home/ronnakon/FRA333-KINEMATICS/LAB3_ws/install/xicro_interfaces/include/xicro_interfaces/msg/detail/int8__rosidl_typesupport_introspection_cpp.hpp
[1.367s] -- Up-to-date symlink: /home/ronnakon/FRA333-KINEMATICS/LAB3_ws/install/xicro_interfaces/include/xicro_interfaces/msg/detail/joint_state__rosidl_typesupport_introspection_cpp.hpp
[1.368s] -- Up-to-date symlink: /home/ronnakon/FRA333-KINEMATICS/LAB3_ws/install/xicro_interfaces/include/xicro_interfaces/msg/detail/point__rosidl_typesupport_introspection_cpp.hpp
[1.368s] -- Up-to-date symlink: /home/ronnakon/FRA333-KINEMATICS/LAB3_ws/install/xicro_interfaces/include/xicro_interfaces/msg/detail/pose2_d__rosidl_typesupport_introspection_cpp.hpp
[1.368s] -- Up-to-date symlink: /home/ronnakon/FRA333-KINEMATICS/LAB3_ws/install/xicro_interfaces/include/xicro_interfaces/msg/detail/pose__rosidl_typesupport_introspection_cpp.hpp
[1.368s] -- Up-to-date symlink: /home/ronnakon/FRA333-KINEMATICS/LAB3_ws/install/xicro_interfaces/include/xicro_interfaces/msg/detail/pose_with_covariance__rosidl_typesupport_introspection_cpp.hpp
[1.369s] -- Up-to-date symlink: /home/ronnakon/FRA333-KINEMATICS/LAB3_ws/install/xicro_interfaces/include/xicro_interfaces/msg/detail/quaternion__rosidl_typesupport_introspection_cpp.hpp
[1.369s] -- Up-to-date symlink: /home/ronnakon/FRA333-KINEMATICS/LAB3_ws/install/xicro_interfaces/include/xicro_interfaces/msg/detail/temperature__rosidl_typesupport_introspection_cpp.hpp
[1.369s] -- Up-to-date symlink: /home/ronnakon/FRA333-KINEMATICS/LAB3_ws/install/xicro_interfaces/include/xicro_interfaces/msg/detail/time__rosidl_typesupport_introspection_cpp.hpp
[1.370s] -- Up-to-date symlink: /home/ronnakon/FRA333-KINEMATICS/LAB3_ws/install/xicro_interfaces/include/xicro_interfaces/msg/detail/twist__rosidl_typesupport_introspection_cpp.hpp
[1.370s] -- Up-to-date symlink: /home/ronnakon/FRA333-KINEMATICS/LAB3_ws/install/xicro_interfaces/include/xicro_interfaces/msg/detail/uint16__rosidl_typesupport_introspection_cpp.hpp
[1.370s] -- Up-to-date symlink: /home/ronnakon/FRA333-KINEMATICS/LAB3_ws/install/xicro_interfaces/include/xicro_interfaces/msg/detail/uint32__rosidl_typesupport_introspection_cpp.hpp
[1.371s] -- Up-to-date symlink: /home/ronnakon/FRA333-KINEMATICS/LAB3_ws/install/xicro_interfaces/include/xicro_interfaces/msg/detail/uint64__rosidl_typesupport_introspection_cpp.hpp
[1.371s] -- Up-to-date symlink: /home/ronnakon/FRA333-KINEMATICS/LAB3_ws/install/xicro_interfaces/include/xicro_interfaces/msg/detail/uint8__rosidl_typesupport_introspection_cpp.hpp
[1.371s] -- Up-to-date symlink: /home/ronnakon/FRA333-KINEMATICS/LAB3_ws/install/xicro_interfaces/include/xicro_interfaces/msg/detail/vector3__rosidl_typesupport_introspection_cpp.hpp
[1.372s] -- Up-to-date symlink: /home/ronnakon/FRA333-KINEMATICS/LAB3_ws/install/xicro_interfaces/share/xicro_interfaces/environment/pythonpath.sh
[1.372s] -- Up-to-date symlink: /home/ronnakon/FRA333-KINEMATICS/LAB3_ws/install/xicro_interfaces/share/xicro_interfaces/environment/pythonpath.dsv
[1.372s] -- Up-to-date symlink: /home/ronnakon/FRA333-KINEMATICS/LAB3_ws/install/xicro_interfaces/lib/python3.8/site-packages/xicro_interfaces/__init__.py
[1.374s] -- Up-to-date symlink: /home/ronnakon/FRA333-KINEMATICS/LAB3_ws/install/xicro_interfaces/lib/python3.8/site-packages/xicro_interfaces/msg/__init__.py
[1.374s] -- Up-to-date symlink: /home/ronnakon/FRA333-KINEMATICS/LAB3_ws/install/xicro_interfaces/lib/python3.8/site-packages/xicro_interfaces/msg/_battery_state.py
[1.374s] -- Up-to-date symlink: /home/ronnakon/FRA333-KINEMATICS/LAB3_ws/install/xicro_interfaces/lib/python3.8/site-packages/xicro_interfaces/msg/_bool.py
[1.375s] -- Up-to-date symlink: /home/ronnakon/FRA333-KINEMATICS/LAB3_ws/install/xicro_interfaces/lib/python3.8/site-packages/xicro_interfaces/msg/_demo_input.py
[1.375s] -- Up-to-date symlink: /home/ronnakon/FRA333-KINEMATICS/LAB3_ws/install/xicro_interfaces/lib/python3.8/site-packages/xicro_interfaces/msg/_demo_output.py
[1.375s] -- Up-to-date symlink: /home/ronnakon/FRA333-KINEMATICS/LAB3_ws/install/xicro_interfaces/lib/python3.8/site-packages/xicro_interfaces/msg/_float32.py
[1.375s] -- Up-to-date symlink: /home/ronnakon/FRA333-KINEMATICS/LAB3_ws/install/xicro_interfaces/lib/python3.8/site-packages/xicro_interfaces/msg/_header.py
[1.376s] -- Up-to-date symlink: /home/ronnakon/FRA333-KINEMATICS/LAB3_ws/install/xicro_interfaces/lib/python3.8/site-packages/xicro_interfaces/msg/_imu.py
[1.376s] -- Up-to-date symlink: /home/ronnakon/FRA333-KINEMATICS/LAB3_ws/install/xicro_interfaces/lib/python3.8/site-packages/xicro_interfaces/msg/_int16.py
[1.376s] -- Up-to-date symlink: /home/ronnakon/FRA333-KINEMATICS/LAB3_ws/install/xicro_interfaces/lib/python3.8/site-packages/xicro_interfaces/msg/_int32.py
[1.377s] -- Up-to-date symlink: /home/ronnakon/FRA333-KINEMATICS/LAB3_ws/install/xicro_interfaces/lib/python3.8/site-packages/xicro_interfaces/msg/_int64.py
[1.377s] -- Up-to-date symlink: /home/ronnakon/FRA333-KINEMATICS/LAB3_ws/install/xicro_interfaces/lib/python3.8/site-packages/xicro_interfaces/msg/_int8.py
[1.377s] -- Up-to-date symlink: /home/ronnakon/FRA333-KINEMATICS/LAB3_ws/install/xicro_interfaces/lib/python3.8/site-packages/xicro_interfaces/msg/_joint_state.py
[1.377s] -- Up-to-date symlink: /home/ronnakon/FRA333-KINEMATICS/LAB3_ws/install/xicro_interfaces/lib/python3.8/site-packages/xicro_interfaces/msg/_point.py
[1.378s] -- Up-to-date symlink: /home/ronnakon/FRA333-KINEMATICS/LAB3_ws/install/xicro_interfaces/lib/python3.8/site-packages/xicro_interfaces/msg/_pose.py
[1.378s] -- Up-to-date symlink: /home/ronnakon/FRA333-KINEMATICS/LAB3_ws/install/xicro_interfaces/lib/python3.8/site-packages/xicro_interfaces/msg/_pose2_d.py
[1.378s] -- Up-to-date symlink: /home/ronnakon/FRA333-KINEMATICS/LAB3_ws/install/xicro_interfaces/lib/python3.8/site-packages/xicro_interfaces/msg/_pose_with_covariance.py
[1.379s] -- Up-to-date symlink: /home/ronnakon/FRA333-KINEMATICS/LAB3_ws/install/xicro_interfaces/lib/python3.8/site-packages/xicro_interfaces/msg/_quaternion.py
[1.379s] -- Up-to-date symlink: /home/ronnakon/FRA333-KINEMATICS/LAB3_ws/install/xicro_interfaces/lib/python3.8/site-packages/xicro_interfaces/msg/_temperature.py
[1.379s] -- Up-to-date symlink: /home/ronnakon/FRA333-KINEMATICS/LAB3_ws/install/xicro_interfaces/lib/python3.8/site-packages/xicro_interfaces/msg/_time.py
[1.379s] -- Up-to-date symlink: /home/ronnakon/FRA333-KINEMATICS/LAB3_ws/install/xicro_interfaces/lib/python3.8/site-packages/xicro_interfaces/msg/_twist.py
[1.380s] -- Up-to-date symlink: /home/ronnakon/FRA333-KINEMATICS/LAB3_ws/install/xicro_interfaces/lib/python3.8/site-packages/xicro_interfaces/msg/_uint16.py
[1.380s] -- Up-to-date symlink: /home/ronnakon/FRA333-KINEMATICS/LAB3_ws/install/xicro_interfaces/lib/python3.8/site-packages/xicro_interfaces/msg/_uint32.py
[1.380s] -- Up-to-date symlink: /home/ronnakon/FRA333-KINEMATICS/LAB3_ws/install/xicro_interfaces/lib/python3.8/site-packages/xicro_interfaces/msg/_uint64.py
[1.380s] -- Up-to-date symlink: /home/ronnakon/FRA333-KINEMATICS/LAB3_ws/install/xicro_interfaces/lib/python3.8/site-packages/xicro_interfaces/msg/_uint8.py
[1.381s] -- Up-to-date symlink: /home/ronnakon/FRA333-KINEMATICS/LAB3_ws/install/xicro_interfaces/lib/python3.8/site-packages/xicro_interfaces/msg/_vector3.py
[1.381s] -- Up-to-date symlink: /home/ronnakon/FRA333-KINEMATICS/LAB3_ws/install/xicro_interfaces/lib/python3.8/site-packages/xicro_interfaces/xicro_interfaces_s__rosidl_typesupport_fastrtps_c.cpython-38-x86_64-linux-gnu.so
[1.382s] -- Up-to-date symlink: /home/ronnakon/FRA333-KINEMATICS/LAB3_ws/install/xicro_interfaces/lib/python3.8/site-packages/xicro_interfaces/xicro_interfaces_s__rosidl_typesupport_introspection_c.cpython-38-x86_64-linux-gnu.so
[1.383s] -- Up-to-date symlink: /home/ronnakon/FRA333-KINEMATICS/LAB3_ws/install/xicro_interfaces/lib/python3.8/site-packages/xicro_interfaces/xicro_interfaces_s__rosidl_typesupport_c.cpython-38-x86_64-linux-gnu.so
[1.383s] -- Up-to-date symlink: /home/ronnakon/FRA333-KINEMATICS/LAB3_ws/install/xicro_interfaces/lib/libxicro_interfaces__python.so
[1.384s] -- Up-to-date symlink: /home/ronnakon/FRA333-KINEMATICS/LAB3_ws/install/xicro_interfaces/share/xicro_interfaces/msg/Bool.idl
[1.384s] -- Up-to-date symlink: /home/ronnakon/FRA333-KINEMATICS/LAB3_ws/install/xicro_interfaces/share/xicro_interfaces/msg/Uint8.idl
[1.385s] -- Up-to-date symlink: /home/ronnakon/FRA333-KINEMATICS/LAB3_ws/install/xicro_interfaces/share/xicro_interfaces/msg/Uint16.idl
[1.385s] -- Up-to-date symlink: /home/ronnakon/FRA333-KINEMATICS/LAB3_ws/install/xicro_interfaces/share/xicro_interfaces/msg/Uint32.idl
[1.385s] -- Up-to-date symlink: /home/ronnakon/FRA333-KINEMATICS/LAB3_ws/install/xicro_interfaces/share/xicro_interfaces/msg/Uint64.idl
[1.386s] -- Up-to-date symlink: /home/ronnakon/FRA333-KINEMATICS/LAB3_ws/install/xicro_interfaces/share/xicro_interfaces/msg/Int8.idl
[1.386s] -- Up-to-date symlink: /home/ronnakon/FRA333-KINEMATICS/LAB3_ws/install/xicro_interfaces/share/xicro_interfaces/msg/Int16.idl
[1.387s] -- Up-to-date symlink: /home/ronnakon/FRA333-KINEMATICS/LAB3_ws/install/xicro_interfaces/share/xicro_interfaces/msg/Int32.idl
[1.387s] -- Up-to-date symlink: /home/ronnakon/FRA333-KINEMATICS/LAB3_ws/install/xicro_interfaces/share/xicro_interfaces/msg/Int64.idl
[1.388s] -- Up-to-date symlink: /home/ronnakon/FRA333-KINEMATICS/LAB3_ws/install/xicro_interfaces/share/xicro_interfaces/msg/Float32.idl
[1.388s] -- Up-to-date symlink: /home/ronnakon/FRA333-KINEMATICS/LAB3_ws/install/xicro_interfaces/share/xicro_interfaces/msg/Imu.idl
[1.388s] -- Up-to-date symlink: /home/ronnakon/FRA333-KINEMATICS/LAB3_ws/install/xicro_interfaces/share/xicro_interfaces/msg/BatteryState.idl
[1.389s] -- Up-to-date symlink: /home/ronnakon/FRA333-KINEMATICS/LAB3_ws/install/xicro_interfaces/share/xicro_interfaces/msg/JointState.idl
[1.389s] -- Up-to-date symlink: /home/ronnakon/FRA333-KINEMATICS/LAB3_ws/install/xicro_interfaces/share/xicro_interfaces/msg/Temperature.idl
[1.390s] -- Up-to-date symlink: /home/ronnakon/FRA333-KINEMATICS/LAB3_ws/install/xicro_interfaces/share/xicro_interfaces/msg/Point.idl
[1.390s] -- Up-to-date symlink: /home/ronnakon/FRA333-KINEMATICS/LAB3_ws/install/xicro_interfaces/share/xicro_interfaces/msg/Pose.idl
[1.391s] -- Up-to-date symlink: /home/ronnakon/FRA333-KINEMATICS/LAB3_ws/install/xicro_interfaces/share/xicro_interfaces/msg/PoseWithCovariance.idl
[1.391s] -- Up-to-date symlink: /home/ronnakon/FRA333-KINEMATICS/LAB3_ws/install/xicro_interfaces/share/xicro_interfaces/msg/Quaternion.idl
[1.391s] -- Up-to-date symlink: /home/ronnakon/FRA333-KINEMATICS/LAB3_ws/install/xicro_interfaces/share/xicro_interfaces/msg/Pose2D.idl
[1.392s] -- Up-to-date symlink: /home/ronnakon/FRA333-KINEMATICS/LAB3_ws/install/xicro_interfaces/share/xicro_interfaces/msg/Twist.idl
[1.392s] -- Up-to-date symlink: /home/ronnakon/FRA333-KINEMATICS/LAB3_ws/install/xicro_interfaces/share/xicro_interfaces/msg/DemoInput.idl
[1.393s] -- Up-to-date symlink: /home/ronnakon/FRA333-KINEMATICS/LAB3_ws/install/xicro_interfaces/share/xicro_interfaces/msg/DemoOutput.idl
[1.393s] -- Up-to-date symlink: /home/ronnakon/FRA333-KINEMATICS/LAB3_ws/install/xicro_interfaces/share/xicro_interfaces/msg/Vector3.idl
[1.393s] -- Up-to-date symlink: /home/ronnakon/FRA333-KINEMATICS/LAB3_ws/install/xicro_interfaces/share/xicro_interfaces/msg/Time.idl
[1.394s] -- Up-to-date symlink: /home/ronnakon/FRA333-KINEMATICS/LAB3_ws/install/xicro_interfaces/share/xicro_interfaces/msg/Header.idl
[1.394s] -- Up-to-date symlink: /home/ronnakon/FRA333-KINEMATICS/LAB3_ws/install/xicro_interfaces/share/xicro_interfaces/msg/Bool.msg
[1.395s] -- Up-to-date symlink: /home/ronnakon/FRA333-KINEMATICS/LAB3_ws/install/xicro_interfaces/share/xicro_interfaces/msg/Uint8.msg
[1.395s] -- Up-to-date symlink: /home/ronnakon/FRA333-KINEMATICS/LAB3_ws/install/xicro_interfaces/share/xicro_interfaces/msg/Uint16.msg
[1.396s] -- Up-to-date symlink: /home/ronnakon/FRA333-KINEMATICS/LAB3_ws/install/xicro_interfaces/share/xicro_interfaces/msg/Uint32.msg
[1.396s] -- Up-to-date symlink: /home/ronnakon/FRA333-KINEMATICS/LAB3_ws/install/xicro_interfaces/share/xicro_interfaces/msg/Uint64.msg
[1.396s] -- Up-to-date symlink: /home/ronnakon/FRA333-KINEMATICS/LAB3_ws/install/xicro_interfaces/share/xicro_interfaces/msg/Int8.msg
[1.397s] -- Up-to-date symlink: /home/ronnakon/FRA333-KINEMATICS/LAB3_ws/install/xicro_interfaces/share/xicro_interfaces/msg/Int16.msg
[1.397s] -- Up-to-date symlink: /home/ronnakon/FRA333-KINEMATICS/LAB3_ws/install/xicro_interfaces/share/xicro_interfaces/msg/Int32.msg
[1.398s] -- Up-to-date symlink: /home/ronnakon/FRA333-KINEMATICS/LAB3_ws/install/xicro_interfaces/share/xicro_interfaces/msg/Int64.msg
[1.398s] -- Up-to-date symlink: /home/ronnakon/FRA333-KINEMATICS/LAB3_ws/install/xicro_interfaces/share/xicro_interfaces/msg/Float32.msg
[1.398s] -- Up-to-date symlink: /home/ronnakon/FRA333-KINEMATICS/LAB3_ws/install/xicro_interfaces/share/xicro_interfaces/msg/Imu.msg
[1.399s] -- Up-to-date symlink: /home/ronnakon/FRA333-KINEMATICS/LAB3_ws/install/xicro_interfaces/share/xicro_interfaces/msg/BatteryState.msg
[1.399s] -- Up-to-date symlink: /home/ronnakon/FRA333-KINEMATICS/LAB3_ws/install/xicro_interfaces/share/xicro_interfaces/msg/JointState.msg
[1.400s] -- Up-to-date symlink: /home/ronnakon/FRA333-KINEMATICS/LAB3_ws/install/xicro_interfaces/share/xicro_interfaces/msg/Temperature.msg
[1.400s] -- Up-to-date symlink: /home/ronnakon/FRA333-KINEMATICS/LAB3_ws/install/xicro_interfaces/share/xicro_interfaces/msg/Point.msg
[1.400s] -- Up-to-date symlink: /home/ronnakon/FRA333-KINEMATICS/LAB3_ws/install/xicro_interfaces/share/xicro_interfaces/msg/Pose.msg
[1.401s] -- Up-to-date symlink: /home/ronnakon/FRA333-KINEMATICS/LAB3_ws/install/xicro_interfaces/share/xicro_interfaces/msg/PoseWithCovariance.msg
[1.401s] -- Up-to-date symlink: /home/ronnakon/FRA333-KINEMATICS/LAB3_ws/install/xicro_interfaces/share/xicro_interfaces/msg/Quaternion.msg
[1.402s] -- Up-to-date symlink: /home/ronnakon/FRA333-KINEMATICS/LAB3_ws/install/xicro_interfaces/share/xicro_interfaces/msg/Pose2D.msg
[1.402s] -- Up-to-date symlink: /home/ronnakon/FRA333-KINEMATICS/LAB3_ws/install/xicro_interfaces/share/xicro_interfaces/msg/Twist.msg
[1.403s] -- Up-to-date symlink: /home/ronnakon/FRA333-KINEMATICS/LAB3_ws/install/xicro_interfaces/share/xicro_interfaces/msg/DemoInput.msg
[1.403s] -- Up-to-date symlink: /home/ronnakon/FRA333-KINEMATICS/LAB3_ws/install/xicro_interfaces/share/xicro_interfaces/msg/DemoOutput.msg
[1.403s] -- Up-to-date symlink: /home/ronnakon/FRA333-KINEMATICS/LAB3_ws/install/xicro_interfaces/share/xicro_interfaces/msg/Vector3.msg
[1.404s] -- Up-to-date symlink: /home/ronnakon/FRA333-KINEMATICS/LAB3_ws/install/xicro_interfaces/share/xicro_interfaces/msg/Time.msg
[1.404s] -- Up-to-date symlink: /home/ronnakon/FRA333-KINEMATICS/LAB3_ws/install/xicro_interfaces/share/xicro_interfaces/msg/Header.msg
[1.405s] -- Up-to-date symlink: /home/ronnakon/FRA333-KINEMATICS/LAB3_ws/install/xicro_interfaces/share/ament_index/resource_index/package_run_dependencies/xicro_interfaces
[1.405s] -- Up-to-date symlink: /home/ronnakon/FRA333-KINEMATICS/LAB3_ws/install/xicro_interfaces/share/ament_index/resource_index/parent_prefix_path/xicro_interfaces
[1.405s] -- Up-to-date symlink: /home/ronnakon/FRA333-KINEMATICS/LAB3_ws/install/xicro_interfaces/share/xicro_interfaces/environment/ament_prefix_path.sh
[1.406s] -- Up-to-date symlink: /home/ronnakon/FRA333-KINEMATICS/LAB3_ws/install/xicro_interfaces/share/xicro_interfaces/environment/ament_prefix_path.dsv
[1.406s] -- Up-to-date symlink: /home/ronnakon/FRA333-KINEMATICS/LAB3_ws/install/xicro_interfaces/share/xicro_interfaces/environment/path.sh
[1.407s] -- Up-to-date symlink: /home/ronnakon/FRA333-KINEMATICS/LAB3_ws/install/xicro_interfaces/share/xicro_interfaces/environment/path.dsv
[1.407s] -- Up-to-date symlink: /home/ronnakon/FRA333-KINEMATICS/LAB3_ws/install/xicro_interfaces/share/xicro_interfaces/local_setup.bash
[1.408s] -- Up-to-date symlink: /home/ronnakon/FRA333-KINEMATICS/LAB3_ws/install/xicro_interfaces/share/xicro_interfaces/local_setup.sh
[1.408s] -- Up-to-date symlink: /home/ronnakon/FRA333-KINEMATICS/LAB3_ws/install/xicro_interfaces/share/xicro_interfaces/local_setup.zsh
[1.409s] -- Up-to-date symlink: /home/ronnakon/FRA333-KINEMATICS/LAB3_ws/install/xicro_interfaces/share/xicro_interfaces/local_setup.dsv
[1.409s] -- Symlinking: /home/ronnakon/FRA333-KINEMATICS/LAB3_ws/install/xicro_interfaces/share/xicro_interfaces/package.dsv
[1.429s] -- Up-to-date symlink: /home/ronnakon/FRA333-KINEMATICS/LAB3_ws/install/xicro_interfaces/share/ament_index/resource_index/packages/xicro_interfaces
[1.430s] -- Up-to-date symlink: /home/ronnakon/FRA333-KINEMATICS/LAB3_ws/install/xicro_interfaces/share/xicro_interfaces/cmake/rosidl_cmake-extras.cmake
[1.431s] -- Up-to-date symlink: /home/ronnakon/FRA333-KINEMATICS/LAB3_ws/install/xicro_interfaces/share/xicro_interfaces/cmake/ament_cmake_export_dependencies-extras.cmake
[1.432s] -- Up-to-date symlink: /home/ronnakon/FRA333-KINEMATICS/LAB3_ws/install/xicro_interfaces/share/xicro_interfaces/cmake/ament_cmake_export_libraries-extras.cmake
[1.433s] -- Up-to-date symlink: /home/ronnakon/FRA333-KINEMATICS/LAB3_ws/install/xicro_interfaces/share/xicro_interfaces/cmake/ament_cmake_export_targets-extras.cmake
[1.434s] -- Up-to-date symlink: /home/ronnakon/FRA333-KINEMATICS/LAB3_ws/install/xicro_interfaces/share/xicro_interfaces/cmake/ament_cmake_export_include_directories-extras.cmake
[1.435s] -- Up-to-date symlink: /home/ronnakon/FRA333-KINEMATICS/LAB3_ws/install/xicro_interfaces/share/xicro_interfaces/cmake/rosidl_cmake_export_typesupport_libraries-extras.cmake
[1.436s] -- Up-to-date symlink: /home/ronnakon/FRA333-KINEMATICS/LAB3_ws/install/xicro_interfaces/share/xicro_interfaces/cmake/rosidl_cmake_export_typesupport_targets-extras.cmake
[1.437s] -- Up-to-date symlink: /home/ronnakon/FRA333-KINEMATICS/LAB3_ws/install/xicro_interfaces/share/xicro_interfaces/cmake/xicro_interfacesConfig.cmake
[1.437s] -- Up-to-date symlink: /home/ronnakon/FRA333-KINEMATICS/LAB3_ws/install/xicro_interfaces/share/xicro_interfaces/cmake/xicro_interfacesConfig-version.cmake
[1.438s] -- Up-to-date symlink: /home/ronnakon/FRA333-KINEMATICS/LAB3_ws/install/xicro_interfaces/share/xicro_interfaces/package.xml
[1.439s] -- Up-to-date: /home/ronnakon/FRA333-KINEMATICS/LAB3_ws/install/xicro_interfaces/lib/libxicro_interfaces__rosidl_generator_c.so
[1.440s] -- Up-to-date: /home/ronnakon/FRA333-KINEMATICS/LAB3_ws/install/xicro_interfaces/lib/libxicro_interfaces__rosidl_typesupport_introspection_c.so
[1.441s] -- Up-to-date: /home/ronnakon/FRA333-KINEMATICS/LAB3_ws/install/xicro_interfaces/lib/libxicro_interfaces__rosidl_typesupport_c.so
[1.442s] -- Up-to-date: /home/ronnakon/FRA333-KINEMATICS/LAB3_ws/install/xicro_interfaces/lib/libxicro_interfaces__rosidl_typesupport_introspection_cpp.so
[1.443s] -- Up-to-date: /home/ronnakon/FRA333-KINEMATICS/LAB3_ws/install/xicro_interfaces/lib/libxicro_interfaces__rosidl_typesupport_cpp.so
[1.505s] -- Up-to-date: /home/ronnakon/FRA333-KINEMATICS/LAB3_ws/install/xicro_interfaces/share/xicro_interfaces/cmake/xicro_interfaces__rosidl_generator_cExport.cmake
[1.505s] -- Up-to-date: /home/ronnakon/FRA333-KINEMATICS/LAB3_ws/install/xicro_interfaces/share/xicro_interfaces/cmake/xicro_interfaces__rosidl_generator_cExport-noconfig.cmake
[1.505s] -- Up-to-date: /home/ronnakon/FRA333-KINEMATICS/LAB3_ws/install/xicro_interfaces/share/xicro_interfaces/cmake/xicro_interfaces__rosidl_typesupport_introspection_cExport.cmake
[1.505s] -- Up-to-date: /home/ronnakon/FRA333-KINEMATICS/LAB3_ws/install/xicro_interfaces/share/xicro_interfaces/cmake/xicro_interfaces__rosidl_typesupport_introspection_cExport-noconfig.cmake
[1.506s] -- Up-to-date: /home/ronnakon/FRA333-KINEMATICS/LAB3_ws/install/xicro_interfaces/share/xicro_interfaces/cmake/xicro_interfaces__rosidl_typesupport_cExport.cmake
[1.506s] -- Up-to-date: /home/ronnakon/FRA333-KINEMATICS/LAB3_ws/install/xicro_interfaces/share/xicro_interfaces/cmake/xicro_interfaces__rosidl_typesupport_cExport-noconfig.cmake
[1.507s] -- Up-to-date: /home/ronnakon/FRA333-KINEMATICS/LAB3_ws/install/xicro_interfaces/share/xicro_interfaces/cmake/xicro_interfaces__rosidl_generator_cppExport.cmake
[1.507s] -- Up-to-date: /home/ronnakon/FRA333-KINEMATICS/LAB3_ws/install/xicro_interfaces/share/xicro_interfaces/cmake/xicro_interfaces__rosidl_typesupport_introspection_cppExport.cmake
[1.507s] -- Up-to-date: /home/ronnakon/FRA333-KINEMATICS/LAB3_ws/install/xicro_interfaces/share/xicro_interfaces/cmake/xicro_interfaces__rosidl_typesupport_introspection_cppExport-noconfig.cmake
[1.508s] -- Up-to-date: /home/ronnakon/FRA333-KINEMATICS/LAB3_ws/install/xicro_interfaces/share/xicro_interfaces/cmake/xicro_interfaces__rosidl_typesupport_cppExport.cmake
[1.508s] -- Up-to-date: /home/ronnakon/FRA333-KINEMATICS/LAB3_ws/install/xicro_interfaces/share/xicro_interfaces/cmake/xicro_interfaces__rosidl_typesupport_cppExport-noconfig.cmake
[1.520s] Invoked command in '/home/ronnakon/FRA333-KINEMATICS/LAB3_ws/build/xicro_interfaces' returned '0': CMAKE_PREFIX_PATH=${CMAKE_PREFIX_PATH}:/opt/ros/foxy /usr/bin/cmake --install /home/ronnakon/FRA333-KINEMATICS/LAB3_ws/build/xicro_interfaces
