-- Install configuration: ""
-- Installing: /home/ronnakon/FRA333-KINEMATICS/fra333_lab1/lab1_ws/install/lab1/share/lab1/environment/pythonpath.sh
-- Installing: /home/ronnakon/FRA333-KINEMATICS/fra333_lab1/lab1_ws/install/lab1/share/lab1/environment/pythonpath.dsv
-- Installing: /home/ronnakon/FRA333-KINEMATICS/fra333_lab1/lab1_ws/install/lab1/lib/python3.8/site-packages/lab1
-- Installing: /home/ronnakon/FRA333-KINEMATICS/fra333_lab1/lab1_ws/install/lab1/lib/python3.8/site-packages/lab1/__init__.py
Listing '/home/ronnakon/FRA333-KINEMATICS/fra333_lab1/lab1_ws/install/lab1/lib/python3.8/site-packages/lab1'...
Compiling '/home/ronnakon/FRA333-KINEMATICS/fra333_lab1/lab1_ws/install/lab1/lib/python3.8/site-packages/lab1/__init__.py'...
-- Up-to-date: /home/ronnakon/FRA333-KINEMATICS/fra333_lab1/lab1_ws/install/lab1/share/lab1
-- Installing: /home/ronnakon/FRA333-KINEMATICS/fra333_lab1/lab1_ws/install/lab1/share/ament_index/resource_index/package_run_dependencies/lab1
-- Installing: /home/ronnakon/FRA333-KINEMATICS/fra333_lab1/lab1_ws/install/lab1/share/ament_index/resource_index/parent_prefix_path/lab1
-- Installing: /home/ronnakon/FRA333-KINEMATICS/fra333_lab1/lab1_ws/install/lab1/share/lab1/environment/ament_prefix_path.sh
-- Installing: /home/ronnakon/FRA333-KINEMATICS/fra333_lab1/lab1_ws/install/lab1/share/lab1/environment/ament_prefix_path.dsv
-- Installing: /home/ronnakon/FRA333-KINEMATICS/fra333_lab1/lab1_ws/install/lab1/share/lab1/environment/path.sh
-- Installing: /home/ronnakon/FRA333-KINEMATICS/fra333_lab1/lab1_ws/install/lab1/share/lab1/environment/path.dsv
-- Installing: /home/ronnakon/FRA333-KINEMATICS/fra333_lab1/lab1_ws/install/lab1/share/lab1/local_setup.bash
-- Installing: /home/ronnakon/FRA333-KINEMATICS/fra333_lab1/lab1_ws/install/lab1/share/lab1/local_setup.sh
-- Installing: /home/ronnakon/FRA333-KINEMATICS/fra333_lab1/lab1_ws/install/lab1/share/lab1/local_setup.zsh
-- Installing: /home/ronnakon/FRA333-KINEMATICS/fra333_lab1/lab1_ws/install/lab1/share/lab1/local_setup.dsv
-- Installing: /home/ronnakon/FRA333-KINEMATICS/fra333_lab1/lab1_ws/install/lab1/share/lab1/package.dsv
-- Installing: /home/ronnakon/FRA333-KINEMATICS/fra333_lab1/lab1_ws/install/lab1/share/ament_index/resource_index/packages/lab1
-- Installing: /home/ronnakon/FRA333-KINEMATICS/fra333_lab1/lab1_ws/install/lab1/share/lab1/cmake/lab1Config.cmake
-- Installing: /home/ronnakon/FRA333-KINEMATICS/fra333_lab1/lab1_ws/install/lab1/share/lab1/cmake/lab1Config-version.cmake
-- Installing: /home/ronnakon/FRA333-KINEMATICS/fra333_lab1/lab1_ws/install/lab1/share/lab1/package.xml
