[  3%] Built target romeona_interfaces__cpp
[ 12%] Built target romeona_interfaces__rosidl_generator_c
[ 22%] Built target romeona_interfaces__rosidl_typesupport_cpp
[ 32%] Built target romeona_interfaces__rosidl_typesupport_introspection_cpp
[ 41%] Built target romeona_interfaces__rosidl_typesupport_fastrtps_cpp
[ 51%] Built target romeona_interfaces__rosidl_typesupport_introspection_c
[ 61%] Built target romeona_interfaces__rosidl_typesupport_c
[ 70%] Built target romeona_interfaces__rosidl_typesupport_fastrtps_c
[ 70%] Built target romeona_interfaces
[ 74%] Built target romeona_interfaces__py
[ 80%] Built target romeona_interfaces__python
[ 87%] Built target romeona_interfaces__rosidl_typesupport_c__pyext
[ 93%] Built target romeona_interfaces__rosidl_typesupport_introspection_c__pyext
[100%] Built target romeona_interfaces__rosidl_typesupport_fastrtps_c__pyext
-- Install configuration: ""
-- Execute custom install script
-- Symlinking: /home/ronnakon/FRA333-KINEMATICS/fra333_lab4-main/install/romeona_interfaces/share/ament_index/resource_index/rosidl_interfaces/romeona_interfaces
-- Symlinking: /home/ronnakon/FRA333-KINEMATICS/fra333_lab4-main/install/romeona_interfaces/include/romeona_interfaces/msg/rosidl_generator_c__visibility_control.h
-- Symlinking: /home/ronnakon/FRA333-KINEMATICS/fra333_lab4-main/install/romeona_interfaces/include/romeona_interfaces/srv/detail/enable_track__functions.h
-- Symlinking: /home/ronnakon/FRA333-KINEMATICS/fra333_lab4-main/install/romeona_interfaces/include/romeona_interfaces/srv/detail/enable_track__struct.h
-- Symlinking: /home/ronnakon/FRA333-KINEMATICS/fra333_lab4-main/install/romeona_interfaces/include/romeona_interfaces/srv/detail/enable_track__type_support.h
-- Symlinking: /home/ronnakon/FRA333-KINEMATICS/fra333_lab4-main/install/romeona_interfaces/include/romeona_interfaces/srv/enable_track.h
-- Symlinking: /home/ronnakon/FRA333-KINEMATICS/fra333_lab4-main/install/romeona_interfaces/share/romeona_interfaces/environment/library_path.sh
-- Symlinking: /home/ronnakon/FRA333-KINEMATICS/fra333_lab4-main/install/romeona_interfaces/share/romeona_interfaces/environment/library_path.dsv
-- Symlinking: /home/ronnakon/FRA333-KINEMATICS/fra333_lab4-main/install/romeona_interfaces/include/romeona_interfaces/msg/rosidl_typesupport_fastrtps_c__visibility_control.h
-- Symlinking: /home/ronnakon/FRA333-KINEMATICS/fra333_lab4-main/install/romeona_interfaces/include/romeona_interfaces/srv/detail/enable_track__rosidl_typesupport_fastrtps_c.h
-- Symlinking: /home/ronnakon/FRA333-KINEMATICS/fra333_lab4-main/install/romeona_interfaces/lib/libromeona_interfaces__rosidl_typesupport_fastrtps_c.so
-- Symlinking: /home/ronnakon/FRA333-KINEMATICS/fra333_lab4-main/install/romeona_interfaces/include/romeona_interfaces/msg/rosidl_typesupport_fastrtps_cpp__visibility_control.h
-- Symlinking: /home/ronnakon/FRA333-KINEMATICS/fra333_lab4-main/install/romeona_interfaces/include/romeona_interfaces/srv/detail/enable_track__rosidl_typesupport_fastrtps_cpp.hpp
-- Symlinking: /home/ronnakon/FRA333-KINEMATICS/fra333_lab4-main/install/romeona_interfaces/lib/libromeona_interfaces__rosidl_typesupport_fastrtps_cpp.so
-- Symlinking: /home/ronnakon/FRA333-KINEMATICS/fra333_lab4-main/install/romeona_interfaces/include/romeona_interfaces/msg/rosidl_typesupport_introspection_c__visibility_control.h
-- Symlinking: /home/ronnakon/FRA333-KINEMATICS/fra333_lab4-main/install/romeona_interfaces/include/romeona_interfaces/srv/detail/enable_track__rosidl_typesupport_introspection_c.h
-- Symlinking: /home/ronnakon/FRA333-KINEMATICS/fra333_lab4-main/install/romeona_interfaces/include/romeona_interfaces/srv/detail/enable_track__builder.hpp
-- Symlinking: /home/ronnakon/FRA333-KINEMATICS/fra333_lab4-main/install/romeona_interfaces/include/romeona_interfaces/srv/detail/enable_track__struct.hpp
-- Symlinking: /home/ronnakon/FRA333-KINEMATICS/fra333_lab4-main/install/romeona_interfaces/include/romeona_interfaces/srv/detail/enable_track__traits.hpp
-- Symlinking: /home/ronnakon/FRA333-KINEMATICS/fra333_lab4-main/install/romeona_interfaces/include/romeona_interfaces/srv/enable_track.hpp
-- Symlinking: /home/ronnakon/FRA333-KINEMATICS/fra333_lab4-main/install/romeona_interfaces/include/romeona_interfaces/srv/detail/enable_track__rosidl_typesupport_introspection_cpp.hpp
-- Symlinking: /home/ronnakon/FRA333-KINEMATICS/fra333_lab4-main/install/romeona_interfaces/share/romeona_interfaces/environment/pythonpath.sh
-- Symlinking: /home/ronnakon/FRA333-KINEMATICS/fra333_lab4-main/install/romeona_interfaces/share/romeona_interfaces/environment/pythonpath.dsv
-- Symlinking: /home/ronnakon/FRA333-KINEMATICS/fra333_lab4-main/install/romeona_interfaces/lib/python3.8/site-packages/romeona_interfaces/__init__.py
-- Symlinking: /home/ronnakon/FRA333-KINEMATICS/fra333_lab4-main/install/romeona_interfaces/lib/python3.8/site-packages/romeona_interfaces/srv/__init__.py
-- Symlinking: /home/ronnakon/FRA333-KINEMATICS/fra333_lab4-main/install/romeona_interfaces/lib/python3.8/site-packages/romeona_interfaces/srv/_enable_track.py
-- Symlinking: /home/ronnakon/FRA333-KINEMATICS/fra333_lab4-main/install/romeona_interfaces/lib/python3.8/site-packages/romeona_interfaces/romeona_interfaces_s__rosidl_typesupport_fastrtps_c.cpython-38-x86_64-linux-gnu.so
-- Symlinking: /home/ronnakon/FRA333-KINEMATICS/fra333_lab4-main/install/romeona_interfaces/lib/python3.8/site-packages/romeona_interfaces/romeona_interfaces_s__rosidl_typesupport_introspection_c.cpython-38-x86_64-linux-gnu.so
-- Symlinking: /home/ronnakon/FRA333-KINEMATICS/fra333_lab4-main/install/romeona_interfaces/lib/python3.8/site-packages/romeona_interfaces/romeona_interfaces_s__rosidl_typesupport_c.cpython-38-x86_64-linux-gnu.so
-- Symlinking: /home/ronnakon/FRA333-KINEMATICS/fra333_lab4-main/install/romeona_interfaces/lib/libromeona_interfaces__python.so
-- Symlinking: /home/ronnakon/FRA333-KINEMATICS/fra333_lab4-main/install/romeona_interfaces/share/romeona_interfaces/srv/EnableTrack.idl
-- Symlinking: /home/ronnakon/FRA333-KINEMATICS/fra333_lab4-main/install/romeona_interfaces/share/romeona_interfaces/srv/EnableTrack.srv
-- Symlinking: /home/ronnakon/FRA333-KINEMATICS/fra333_lab4-main/install/romeona_interfaces/share/romeona_interfaces/srv/EnableTrack_Request.msg
-- Symlinking: /home/ronnakon/FRA333-KINEMATICS/fra333_lab4-main/install/romeona_interfaces/share/romeona_interfaces/srv/EnableTrack_Response.msg
-- Symlinking: /home/ronnakon/FRA333-KINEMATICS/fra333_lab4-main/install/romeona_interfaces/share/ament_index/resource_index/package_run_dependencies/romeona_interfaces
-- Symlinking: /home/ronnakon/FRA333-KINEMATICS/fra333_lab4-main/install/romeona_interfaces/share/ament_index/resource_index/parent_prefix_path/romeona_interfaces
-- Symlinking: /home/ronnakon/FRA333-KINEMATICS/fra333_lab4-main/install/romeona_interfaces/share/romeona_interfaces/environment/ament_prefix_path.sh
-- Symlinking: /home/ronnakon/FRA333-KINEMATICS/fra333_lab4-main/install/romeona_interfaces/share/romeona_interfaces/environment/ament_prefix_path.dsv
-- Symlinking: /home/ronnakon/FRA333-KINEMATICS/fra333_lab4-main/install/romeona_interfaces/share/romeona_interfaces/environment/path.sh
-- Symlinking: /home/ronnakon/FRA333-KINEMATICS/fra333_lab4-main/install/romeona_interfaces/share/romeona_interfaces/environment/path.dsv
-- Symlinking: /home/ronnakon/FRA333-KINEMATICS/fra333_lab4-main/install/romeona_interfaces/share/romeona_interfaces/local_setup.bash
-- Symlinking: /home/ronnakon/FRA333-KINEMATICS/fra333_lab4-main/install/romeona_interfaces/share/romeona_interfaces/local_setup.sh
-- Symlinking: /home/ronnakon/FRA333-KINEMATICS/fra333_lab4-main/install/romeona_interfaces/share/romeona_interfaces/local_setup.zsh
-- Symlinking: /home/ronnakon/FRA333-KINEMATICS/fra333_lab4-main/install/romeona_interfaces/share/romeona_interfaces/local_setup.dsv
-- Symlinking: /home/ronnakon/FRA333-KINEMATICS/fra333_lab4-main/install/romeona_interfaces/share/romeona_interfaces/package.dsv
-- Symlinking: /home/ronnakon/FRA333-KINEMATICS/fra333_lab4-main/install/romeona_interfaces/share/ament_index/resource_index/packages/romeona_interfaces
-- Symlinking: /home/ronnakon/FRA333-KINEMATICS/fra333_lab4-main/install/romeona_interfaces/share/romeona_interfaces/cmake/rosidl_cmake-extras.cmake
-- Symlinking: /home/ronnakon/FRA333-KINEMATICS/fra333_lab4-main/install/romeona_interfaces/share/romeona_interfaces/cmake/ament_cmake_export_dependencies-extras.cmake
-- Symlinking: /home/ronnakon/FRA333-KINEMATICS/fra333_lab4-main/install/romeona_interfaces/share/romeona_interfaces/cmake/ament_cmake_export_libraries-extras.cmake
-- Symlinking: /home/ronnakon/FRA333-KINEMATICS/fra333_lab4-main/install/romeona_interfaces/share/romeona_interfaces/cmake/ament_cmake_export_targets-extras.cmake
-- Symlinking: /home/ronnakon/FRA333-KINEMATICS/fra333_lab4-main/install/romeona_interfaces/share/romeona_interfaces/cmake/ament_cmake_export_include_directories-extras.cmake
-- Symlinking: /home/ronnakon/FRA333-KINEMATICS/fra333_lab4-main/install/romeona_interfaces/share/romeona_interfaces/cmake/rosidl_cmake_export_typesupport_libraries-extras.cmake
-- Symlinking: /home/ronnakon/FRA333-KINEMATICS/fra333_lab4-main/install/romeona_interfaces/share/romeona_interfaces/cmake/rosidl_cmake_export_typesupport_targets-extras.cmake
-- Symlinking: /home/ronnakon/FRA333-KINEMATICS/fra333_lab4-main/install/romeona_interfaces/share/romeona_interfaces/cmake/romeona_interfacesConfig.cmake
-- Symlinking: /home/ronnakon/FRA333-KINEMATICS/fra333_lab4-main/install/romeona_interfaces/share/romeona_interfaces/cmake/romeona_interfacesConfig-version.cmake
-- Symlinking: /home/ronnakon/FRA333-KINEMATICS/fra333_lab4-main/install/romeona_interfaces/share/romeona_interfaces/package.xml
-- Installing: /home/ronnakon/FRA333-KINEMATICS/fra333_lab4-main/install/romeona_interfaces/lib/libromeona_interfaces__rosidl_generator_c.so
-- Set runtime path of "/home/ronnakon/FRA333-KINEMATICS/fra333_lab4-main/install/romeona_interfaces/lib/libromeona_interfaces__rosidl_generator_c.so" to ""
-- Installing: /home/ronnakon/FRA333-KINEMATICS/fra333_lab4-main/install/romeona_interfaces/lib/libromeona_interfaces__rosidl_typesupport_introspection_c.so
-- Set runtime path of "/home/ronnakon/FRA333-KINEMATICS/fra333_lab4-main/install/romeona_interfaces/lib/libromeona_interfaces__rosidl_typesupport_introspection_c.so" to ""
-- Installing: /home/ronnakon/FRA333-KINEMATICS/fra333_lab4-main/install/romeona_interfaces/lib/libromeona_interfaces__rosidl_typesupport_c.so
-- Set runtime path of "/home/ronnakon/FRA333-KINEMATICS/fra333_lab4-main/install/romeona_interfaces/lib/libromeona_interfaces__rosidl_typesupport_c.so" to ""
-- Installing: /home/ronnakon/FRA333-KINEMATICS/fra333_lab4-main/install/romeona_interfaces/lib/libromeona_interfaces__rosidl_typesupport_introspection_cpp.so
-- Set runtime path of "/home/ronnakon/FRA333-KINEMATICS/fra333_lab4-main/install/romeona_interfaces/lib/libromeona_interfaces__rosidl_typesupport_introspection_cpp.so" to ""
-- Installing: /home/ronnakon/FRA333-KINEMATICS/fra333_lab4-main/install/romeona_interfaces/lib/libromeona_interfaces__rosidl_typesupport_cpp.so
-- Set runtime path of "/home/ronnakon/FRA333-KINEMATICS/fra333_lab4-main/install/romeona_interfaces/lib/libromeona_interfaces__rosidl_typesupport_cpp.so" to ""
Compiling '/home/ronnakon/FRA333-KINEMATICS/fra333_lab4-main/install/romeona_interfaces/lib/python3.8/site-packages/romeona_interfaces/__init__.py'...
-- Installing: /home/ronnakon/FRA333-KINEMATICS/fra333_lab4-main/install/romeona_interfaces/share/romeona_interfaces/cmake/romeona_interfaces__rosidl_generator_cExport.cmake
-- Installing: /home/ronnakon/FRA333-KINEMATICS/fra333_lab4-main/install/romeona_interfaces/share/romeona_interfaces/cmake/romeona_interfaces__rosidl_generator_cExport-noconfig.cmake
-- Installing: /home/ronnakon/FRA333-KINEMATICS/fra333_lab4-main/install/romeona_interfaces/share/romeona_interfaces/cmake/romeona_interfaces__rosidl_typesupport_introspection_cExport.cmake
-- Installing: /home/ronnakon/FRA333-KINEMATICS/fra333_lab4-main/install/romeona_interfaces/share/romeona_interfaces/cmake/romeona_interfaces__rosidl_typesupport_introspection_cExport-noconfig.cmake
-- Installing: /home/ronnakon/FRA333-KINEMATICS/fra333_lab4-main/install/romeona_interfaces/share/romeona_interfaces/cmake/romeona_interfaces__rosidl_typesupport_cExport.cmake
-- Installing: /home/ronnakon/FRA333-KINEMATICS/fra333_lab4-main/install/romeona_interfaces/share/romeona_interfaces/cmake/romeona_interfaces__rosidl_typesupport_cExport-noconfig.cmake
-- Installing: /home/ronnakon/FRA333-KINEMATICS/fra333_lab4-main/install/romeona_interfaces/share/romeona_interfaces/cmake/romeona_interfaces__rosidl_generator_cppExport.cmake
-- Installing: /home/ronnakon/FRA333-KINEMATICS/fra333_lab4-main/install/romeona_interfaces/share/romeona_interfaces/cmake/romeona_interfaces__rosidl_typesupport_introspection_cppExport.cmake
-- Installing: /home/ronnakon/FRA333-KINEMATICS/fra333_lab4-main/install/romeona_interfaces/share/romeona_interfaces/cmake/romeona_interfaces__rosidl_typesupport_introspection_cppExport-noconfig.cmake
-- Installing: /home/ronnakon/FRA333-KINEMATICS/fra333_lab4-main/install/romeona_interfaces/share/romeona_interfaces/cmake/romeona_interfaces__rosidl_typesupport_cppExport.cmake
-- Installing: /home/ronnakon/FRA333-KINEMATICS/fra333_lab4-main/install/romeona_interfaces/share/romeona_interfaces/cmake/romeona_interfaces__rosidl_typesupport_cppExport-noconfig.cmake
