[0.099s] DEBUG:colcon:Command line arguments: ['/usr/bin/colcon', 'build', '--symlink-install']
[0.100s] DEBUG:colcon:Parsed command line arguments: Namespace(allow_overriding=[], ament_cmake_args=None, base_paths=['.'], build_base='build', catkin_cmake_args=None, catkin_skip_building_tests=False, cmake_args=None, cmake_clean_cache=False, cmake_clean_first=False, cmake_force_configure=False, cmake_target=None, cmake_target_skip_unavailable=False, continue_on_error=False, event_handlers=None, executor='parallel', ignore_user_meta=False, install_base='install', log_base=None, log_level=None, main=<bound method BuildVerb.main of <colcon_core.verb.build.BuildVerb object at 0x7fea6987fdc0>>, merge_install=False, metas=['./colcon.meta'], packages_above=None, packages_above_and_dependencies=None, packages_above_depth=None, packages_end=None, packages_ignore=None, packages_ignore_regex=None, packages_select=None, packages_select_build_failed=False, packages_select_by_dep=None, packages_select_regex=None, packages_select_test_failures=False, packages_skip=None, packages_skip_build_finished=False, packages_skip_by_dep=None, packages_skip_regex=None, packages_skip_test_passed=False, packages_skip_up_to=None, packages_start=None, packages_up_to=None, packages_up_to_regex=None, parallel_workers=12, paths=None, symlink_install=True, test_result_base=None, verb_extension=<colcon_core.verb.build.BuildVerb object at 0x7fea6987fdc0>, verb_name='build', verb_parser=<colcon_defaults.argument_parser.defaults.DefaultArgumentsDecorator object at 0x7fea6988a370>)
[0.116s] Level 1:colcon.colcon_core.package_discovery:discover_packages(colcon_meta) check parameters
[0.116s] Level 1:colcon.colcon_core.package_discovery:discover_packages(recursive) check parameters
[0.116s] Level 1:colcon.colcon_core.package_discovery:discover_packages(ignore) check parameters
[0.116s] Level 1:colcon.colcon_core.package_discovery:discover_packages(path) check parameters
[0.116s] Level 1:colcon.colcon_core.package_discovery:discover_packages(colcon_meta) discover
[0.116s] Level 1:colcon.colcon_core.package_discovery:discover_packages(recursive) discover
[0.116s] INFO:colcon.colcon_core.package_discovery:Crawling recursively for packages in '/home/ronnakon/FRA333-KINEMATICS/FRA333-Assignment-lab2-template/lab2_ws'
[0.116s] Level 1:colcon.colcon_core.package_identification:_identify(.) by extensions ['ignore', 'ignore_ament_install']
[0.116s] Level 1:colcon.colcon_core.package_identification:_identify(.) by extension 'ignore'
[0.117s] Level 1:colcon.colcon_core.package_identification:_identify(.) by extension 'ignore_ament_install'
[0.117s] Level 1:colcon.colcon_core.package_identification:_identify(.) by extensions ['colcon_pkg']
[0.117s] Level 1:colcon.colcon_core.package_identification:_identify(.) by extension 'colcon_pkg'
[0.117s] Level 1:colcon.colcon_core.package_identification:_identify(.) by extensions ['colcon_meta']
[0.117s] Level 1:colcon.colcon_core.package_identification:_identify(.) by extension 'colcon_meta'
[0.117s] Level 1:colcon.colcon_core.package_identification:_identify(.) by extensions ['ros']
[0.117s] Level 1:colcon.colcon_core.package_identification:_identify(.) by extension 'ros'
[0.125s] Level 1:colcon.colcon_core.package_identification:_identify(.) by extensions ['cmake', 'python']
[0.125s] Level 1:colcon.colcon_core.package_identification:_identify(.) by extension 'cmake'
[0.125s] Level 1:colcon.colcon_core.package_identification:_identify(.) by extension 'python'
[0.125s] Level 1:colcon.colcon_core.package_identification:_identify(.) by extensions ['python_setup_py']
[0.125s] Level 1:colcon.colcon_core.package_identification:_identify(.) by extension 'python_setup_py'
[0.125s] Level 1:colcon.colcon_core.package_identification:_identify(build) by extensions ['ignore', 'ignore_ament_install']
[0.125s] Level 1:colcon.colcon_core.package_identification:_identify(build) by extension 'ignore'
[0.125s] Level 1:colcon.colcon_core.package_identification:_identify(build) ignored
[0.125s] Level 1:colcon.colcon_core.package_identification:_identify(install) by extensions ['ignore', 'ignore_ament_install']
[0.125s] Level 1:colcon.colcon_core.package_identification:_identify(install) by extension 'ignore'
[0.125s] Level 1:colcon.colcon_core.package_identification:_identify(install) ignored
[0.125s] Level 1:colcon.colcon_core.package_identification:_identify(log) by extensions ['ignore', 'ignore_ament_install']
[0.125s] Level 1:colcon.colcon_core.package_identification:_identify(log) by extension 'ignore'
[0.125s] Level 1:colcon.colcon_core.package_identification:_identify(log) ignored
[0.125s] Level 1:colcon.colcon_core.package_identification:_identify(src) by extensions ['ignore', 'ignore_ament_install']
[0.125s] Level 1:colcon.colcon_core.package_identification:_identify(src) by extension 'ignore'
[0.125s] Level 1:colcon.colcon_core.package_identification:_identify(src) by extension 'ignore_ament_install'
[0.125s] Level 1:colcon.colcon_core.package_identification:_identify(src) by extensions ['colcon_pkg']
[0.125s] Level 1:colcon.colcon_core.package_identification:_identify(src) by extension 'colcon_pkg'
[0.125s] Level 1:colcon.colcon_core.package_identification:_identify(src) by extensions ['colcon_meta']
[0.125s] Level 1:colcon.colcon_core.package_identification:_identify(src) by extension 'colcon_meta'
[0.125s] Level 1:colcon.colcon_core.package_identification:_identify(src) by extensions ['ros']
[0.125s] Level 1:colcon.colcon_core.package_identification:_identify(src) by extension 'ros'
[0.126s] Level 1:colcon.colcon_core.package_identification:_identify(src) by extensions ['cmake', 'python']
[0.126s] Level 1:colcon.colcon_core.package_identification:_identify(src) by extension 'cmake'
[0.126s] Level 1:colcon.colcon_core.package_identification:_identify(src) by extension 'python'
[0.126s] Level 1:colcon.colcon_core.package_identification:_identify(src) by extensions ['python_setup_py']
[0.126s] Level 1:colcon.colcon_core.package_identification:_identify(src) by extension 'python_setup_py'
[0.126s] Level 1:colcon.colcon_core.package_identification:_identify(src/doc) by extensions ['ignore', 'ignore_ament_install']
[0.126s] Level 1:colcon.colcon_core.package_identification:_identify(src/doc) by extension 'ignore'
[0.126s] Level 1:colcon.colcon_core.package_identification:_identify(src/doc) by extension 'ignore_ament_install'
[0.126s] Level 1:colcon.colcon_core.package_identification:_identify(src/doc) by extensions ['colcon_pkg']
[0.126s] Level 1:colcon.colcon_core.package_identification:_identify(src/doc) by extension 'colcon_pkg'
[0.126s] Level 1:colcon.colcon_core.package_identification:_identify(src/doc) by extensions ['colcon_meta']
[0.126s] Level 1:colcon.colcon_core.package_identification:_identify(src/doc) by extension 'colcon_meta'
[0.126s] Level 1:colcon.colcon_core.package_identification:_identify(src/doc) by extensions ['ros']
[0.126s] Level 1:colcon.colcon_core.package_identification:_identify(src/doc) by extension 'ros'
[0.126s] Level 1:colcon.colcon_core.package_identification:_identify(src/doc) by extensions ['cmake', 'python']
[0.126s] Level 1:colcon.colcon_core.package_identification:_identify(src/doc) by extension 'cmake'
[0.126s] Level 1:colcon.colcon_core.package_identification:_identify(src/doc) by extension 'python'
[0.126s] Level 1:colcon.colcon_core.package_identification:_identify(src/doc) by extensions ['python_setup_py']
[0.126s] Level 1:colcon.colcon_core.package_identification:_identify(src/doc) by extension 'python_setup_py'
[0.126s] Level 1:colcon.colcon_core.package_identification:_identify(src/doc/pic) by extensions ['ignore', 'ignore_ament_install']
[0.126s] Level 1:colcon.colcon_core.package_identification:_identify(src/doc/pic) by extension 'ignore'
[0.126s] Level 1:colcon.colcon_core.package_identification:_identify(src/doc/pic) by extension 'ignore_ament_install'
[0.126s] Level 1:colcon.colcon_core.package_identification:_identify(src/doc/pic) by extensions ['colcon_pkg']
[0.126s] Level 1:colcon.colcon_core.package_identification:_identify(src/doc/pic) by extension 'colcon_pkg'
[0.126s] Level 1:colcon.colcon_core.package_identification:_identify(src/doc/pic) by extensions ['colcon_meta']
[0.126s] Level 1:colcon.colcon_core.package_identification:_identify(src/doc/pic) by extension 'colcon_meta'
[0.126s] Level 1:colcon.colcon_core.package_identification:_identify(src/doc/pic) by extensions ['ros']
[0.127s] Level 1:colcon.colcon_core.package_identification:_identify(src/doc/pic) by extension 'ros'
[0.127s] Level 1:colcon.colcon_core.package_identification:_identify(src/doc/pic) by extensions ['cmake', 'python']
[0.127s] Level 1:colcon.colcon_core.package_identification:_identify(src/doc/pic) by extension 'cmake'
[0.127s] Level 1:colcon.colcon_core.package_identification:_identify(src/doc/pic) by extension 'python'
[0.127s] Level 1:colcon.colcon_core.package_identification:_identify(src/doc/pic) by extensions ['python_setup_py']
[0.127s] Level 1:colcon.colcon_core.package_identification:_identify(src/doc/pic) by extension 'python_setup_py'
[0.127s] Level 1:colcon.colcon_core.package_identification:_identify(src/robot_23_description) by extensions ['ignore', 'ignore_ament_install']
[0.127s] Level 1:colcon.colcon_core.package_identification:_identify(src/robot_23_description) by extension 'ignore'
[0.127s] Level 1:colcon.colcon_core.package_identification:_identify(src/robot_23_description) by extension 'ignore_ament_install'
[0.127s] Level 1:colcon.colcon_core.package_identification:_identify(src/robot_23_description) by extensions ['colcon_pkg']
[0.127s] Level 1:colcon.colcon_core.package_identification:_identify(src/robot_23_description) by extension 'colcon_pkg'
[0.127s] Level 1:colcon.colcon_core.package_identification:_identify(src/robot_23_description) by extensions ['colcon_meta']
[0.127s] Level 1:colcon.colcon_core.package_identification:_identify(src/robot_23_description) by extension 'colcon_meta'
[0.127s] Level 1:colcon.colcon_core.package_identification:_identify(src/robot_23_description) by extensions ['ros']
[0.127s] Level 1:colcon.colcon_core.package_identification:_identify(src/robot_23_description) by extension 'ros'
[0.129s] DEBUG:colcon.colcon_core.package_identification:Package 'src/robot_23_description' with type 'ros.ament_cmake' and name 'robot_23_description'
[0.129s] Level 1:colcon.colcon_core.package_identification:_identify(src/robot_23_kinematics) by extensions ['ignore', 'ignore_ament_install']
[0.129s] Level 1:colcon.colcon_core.package_identification:_identify(src/robot_23_kinematics) by extension 'ignore'
[0.129s] Level 1:colcon.colcon_core.package_identification:_identify(src/robot_23_kinematics) by extension 'ignore_ament_install'
[0.129s] Level 1:colcon.colcon_core.package_identification:_identify(src/robot_23_kinematics) by extensions ['colcon_pkg']
[0.129s] Level 1:colcon.colcon_core.package_identification:_identify(src/robot_23_kinematics) by extension 'colcon_pkg'
[0.129s] Level 1:colcon.colcon_core.package_identification:_identify(src/robot_23_kinematics) by extensions ['colcon_meta']
[0.129s] Level 1:colcon.colcon_core.package_identification:_identify(src/robot_23_kinematics) by extension 'colcon_meta'
[0.129s] Level 1:colcon.colcon_core.package_identification:_identify(src/robot_23_kinematics) by extensions ['ros']
[0.129s] Level 1:colcon.colcon_core.package_identification:_identify(src/robot_23_kinematics) by extension 'ros'
[0.130s] DEBUG:colcon.colcon_core.package_identification:Package 'src/robot_23_kinematics' with type 'ros.ament_cmake' and name 'robot_23_kinematics'
[0.130s] Level 1:colcon.colcon_core.package_identification:_identify(src/robot_23_kinematics_interfaces) by extensions ['ignore', 'ignore_ament_install']
[0.130s] Level 1:colcon.colcon_core.package_identification:_identify(src/robot_23_kinematics_interfaces) by extension 'ignore'
[0.130s] Level 1:colcon.colcon_core.package_identification:_identify(src/robot_23_kinematics_interfaces) by extension 'ignore_ament_install'
[0.130s] Level 1:colcon.colcon_core.package_identification:_identify(src/robot_23_kinematics_interfaces) by extensions ['colcon_pkg']
[0.130s] Level 1:colcon.colcon_core.package_identification:_identify(src/robot_23_kinematics_interfaces) by extension 'colcon_pkg'
[0.130s] Level 1:colcon.colcon_core.package_identification:_identify(src/robot_23_kinematics_interfaces) by extensions ['colcon_meta']
[0.130s] Level 1:colcon.colcon_core.package_identification:_identify(src/robot_23_kinematics_interfaces) by extension 'colcon_meta'
[0.130s] Level 1:colcon.colcon_core.package_identification:_identify(src/robot_23_kinematics_interfaces) by extensions ['ros']
[0.130s] Level 1:colcon.colcon_core.package_identification:_identify(src/robot_23_kinematics_interfaces) by extension 'ros'
[0.130s] DEBUG:colcon.colcon_core.package_identification:Package 'src/robot_23_kinematics_interfaces' with type 'ros.ament_cmake' and name 'robot_23_kinematics_interfaces'
[0.130s] Level 1:colcon.colcon_core.package_discovery:discover_packages(recursive) using defaults
[0.130s] Level 1:colcon.colcon_core.package_discovery:discover_packages(ignore) discover
[0.130s] Level 1:colcon.colcon_core.package_discovery:discover_packages(ignore) using defaults
[0.130s] Level 1:colcon.colcon_core.package_discovery:discover_packages(path) discover
[0.130s] Level 1:colcon.colcon_core.package_discovery:discover_packages(path) using defaults
[0.150s] Level 1:colcon.colcon_core.package_discovery:discover_packages(prefix_path) check parameters
[0.151s] Level 1:colcon.colcon_core.package_discovery:discover_packages(prefix_path) discover
[0.152s] DEBUG:colcon.colcon_installed_package_information.package_discovery:Found 3 installed packages in /home/ronnakon/FRA333-KINEMATICS/fra333_lab2_23_1/install
[0.153s] DEBUG:colcon.colcon_installed_package_information.package_discovery:Found 3 installed packages in /home/ronnakon/FRA333-KINEMATICS/FRA333-Assignment-lab2-template/lab2_ws/install
[0.154s] DEBUG:colcon.colcon_installed_package_information.package_discovery:Found 1 installed packages in /home/ronnakon/FRA333-KINEMATICS/lab2_ws/install
[0.155s] DEBUG:colcon.colcon_installed_package_information.package_discovery:Found 259 installed packages in /opt/ros/foxy
[0.156s] Level 1:colcon.colcon_core.package_discovery:discover_packages(prefix_path) using defaults
[0.203s] Level 5:colcon.colcon_core.verb:set package 'robot_23_description' build argument 'cmake_args' from command line to 'None'
[0.203s] Level 5:colcon.colcon_core.verb:set package 'robot_23_description' build argument 'cmake_target' from command line to 'None'
[0.203s] Level 5:colcon.colcon_core.verb:set package 'robot_23_description' build argument 'cmake_target_skip_unavailable' from command line to 'False'
[0.203s] Level 5:colcon.colcon_core.verb:set package 'robot_23_description' build argument 'cmake_clean_cache' from command line to 'False'
[0.203s] Level 5:colcon.colcon_core.verb:set package 'robot_23_description' build argument 'cmake_clean_first' from command line to 'False'
[0.203s] Level 5:colcon.colcon_core.verb:set package 'robot_23_description' build argument 'cmake_force_configure' from command line to 'False'
[0.203s] Level 5:colcon.colcon_core.verb:set package 'robot_23_description' build argument 'ament_cmake_args' from command line to 'None'
[0.203s] Level 5:colcon.colcon_core.verb:set package 'robot_23_description' build argument 'catkin_cmake_args' from command line to 'None'
[0.203s] Level 5:colcon.colcon_core.verb:set package 'robot_23_description' build argument 'catkin_skip_building_tests' from command line to 'False'
[0.203s] DEBUG:colcon.colcon_core.verb:Building package 'robot_23_description' with the following arguments: {'ament_cmake_args': None, 'build_base': '/home/ronnakon/FRA333-KINEMATICS/FRA333-Assignment-lab2-template/lab2_ws/build/robot_23_description', 'catkin_cmake_args': None, 'catkin_skip_building_tests': False, 'cmake_args': None, 'cmake_clean_cache': False, 'cmake_clean_first': False, 'cmake_force_configure': False, 'cmake_target': None, 'cmake_target_skip_unavailable': False, 'install_base': '/home/ronnakon/FRA333-KINEMATICS/FRA333-Assignment-lab2-template/lab2_ws/install/robot_23_description', 'merge_install': False, 'path': '/home/ronnakon/FRA333-KINEMATICS/FRA333-Assignment-lab2-template/lab2_ws/src/robot_23_description', 'symlink_install': True, 'test_result_base': None}
[0.204s] Level 5:colcon.colcon_core.verb:set package 'robot_23_kinematics' build argument 'cmake_args' from command line to 'None'
[0.204s] Level 5:colcon.colcon_core.verb:set package 'robot_23_kinematics' build argument 'cmake_target' from command line to 'None'
[0.204s] Level 5:colcon.colcon_core.verb:set package 'robot_23_kinematics' build argument 'cmake_target_skip_unavailable' from command line to 'False'
[0.204s] Level 5:colcon.colcon_core.verb:set package 'robot_23_kinematics' build argument 'cmake_clean_cache' from command line to 'False'
[0.204s] Level 5:colcon.colcon_core.verb:set package 'robot_23_kinematics' build argument 'cmake_clean_first' from command line to 'False'
[0.204s] Level 5:colcon.colcon_core.verb:set package 'robot_23_kinematics' build argument 'cmake_force_configure' from command line to 'False'
[0.204s] Level 5:colcon.colcon_core.verb:set package 'robot_23_kinematics' build argument 'ament_cmake_args' from command line to 'None'
[0.204s] Level 5:colcon.colcon_core.verb:set package 'robot_23_kinematics' build argument 'catkin_cmake_args' from command line to 'None'
[0.204s] Level 5:colcon.colcon_core.verb:set package 'robot_23_kinematics' build argument 'catkin_skip_building_tests' from command line to 'False'
[0.204s] DEBUG:colcon.colcon_core.verb:Building package 'robot_23_kinematics' with the following arguments: {'ament_cmake_args': None, 'build_base': '/home/ronnakon/FRA333-KINEMATICS/FRA333-Assignment-lab2-template/lab2_ws/build/robot_23_kinematics', 'catkin_cmake_args': None, 'catkin_skip_building_tests': False, 'cmake_args': None, 'cmake_clean_cache': False, 'cmake_clean_first': False, 'cmake_force_configure': False, 'cmake_target': None, 'cmake_target_skip_unavailable': False, 'install_base': '/home/ronnakon/FRA333-KINEMATICS/FRA333-Assignment-lab2-template/lab2_ws/install/robot_23_kinematics', 'merge_install': False, 'path': '/home/ronnakon/FRA333-KINEMATICS/FRA333-Assignment-lab2-template/lab2_ws/src/robot_23_kinematics', 'symlink_install': True, 'test_result_base': None}
[0.205s] Level 5:colcon.colcon_core.verb:set package 'robot_23_kinematics_interfaces' build argument 'cmake_args' from command line to 'None'
[0.205s] Level 5:colcon.colcon_core.verb:set package 'robot_23_kinematics_interfaces' build argument 'cmake_target' from command line to 'None'
[0.205s] Level 5:colcon.colcon_core.verb:set package 'robot_23_kinematics_interfaces' build argument 'cmake_target_skip_unavailable' from command line to 'False'
[0.205s] Level 5:colcon.colcon_core.verb:set package 'robot_23_kinematics_interfaces' build argument 'cmake_clean_cache' from command line to 'False'
[0.205s] Level 5:colcon.colcon_core.verb:set package 'robot_23_kinematics_interfaces' build argument 'cmake_clean_first' from command line to 'False'
[0.205s] Level 5:colcon.colcon_core.verb:set package 'robot_23_kinematics_interfaces' build argument 'cmake_force_configure' from command line to 'False'
[0.205s] Level 5:colcon.colcon_core.verb:set package 'robot_23_kinematics_interfaces' build argument 'ament_cmake_args' from command line to 'None'
[0.205s] Level 5:colcon.colcon_core.verb:set package 'robot_23_kinematics_interfaces' build argument 'catkin_cmake_args' from command line to 'None'
[0.205s] Level 5:colcon.colcon_core.verb:set package 'robot_23_kinematics_interfaces' build argument 'catkin_skip_building_tests' from command line to 'False'
[0.205s] DEBUG:colcon.colcon_core.verb:Building package 'robot_23_kinematics_interfaces' with the following arguments: {'ament_cmake_args': None, 'build_base': '/home/ronnakon/FRA333-KINEMATICS/FRA333-Assignment-lab2-template/lab2_ws/build/robot_23_kinematics_interfaces', 'catkin_cmake_args': None, 'catkin_skip_building_tests': False, 'cmake_args': None, 'cmake_clean_cache': False, 'cmake_clean_first': False, 'cmake_force_configure': False, 'cmake_target': None, 'cmake_target_skip_unavailable': False, 'install_base': '/home/ronnakon/FRA333-KINEMATICS/FRA333-Assignment-lab2-template/lab2_ws/install/robot_23_kinematics_interfaces', 'merge_install': False, 'path': '/home/ronnakon/FRA333-KINEMATICS/FRA333-Assignment-lab2-template/lab2_ws/src/robot_23_kinematics_interfaces', 'symlink_install': True, 'test_result_base': None}
[0.206s] INFO:colcon.colcon_core.executor:Executing jobs using 'parallel' executor
[0.209s] DEBUG:colcon.colcon_parallel_executor.executor.parallel:run_until_complete
[0.209s] INFO:colcon.colcon_ros.task.ament_cmake.build:Building ROS package in '/home/ronnakon/FRA333-KINEMATICS/FRA333-Assignment-lab2-template/lab2_ws/src/robot_23_description' with build type 'ament_cmake'
[0.209s] INFO:colcon.colcon_cmake.task.cmake.build:Building CMake package in '/home/ronnakon/FRA333-KINEMATICS/FRA333-Assignment-lab2-template/lab2_ws/src/robot_23_description'
[0.212s] INFO:colcon.colcon_core.plugin_system:Skipping extension 'colcon_core.shell.bat': Not used on non-Windows systems
[0.212s] INFO:colcon.colcon_core.shell:Skip shell extension 'powershell' for command environment: Not usable outside of PowerShell
[0.212s] DEBUG:colcon.colcon_core.shell:Skip shell extension 'dsv' for command environment
[0.218s] INFO:colcon.colcon_ros.task.ament_cmake.build:Building ROS package in '/home/ronnakon/FRA333-KINEMATICS/FRA333-Assignment-lab2-template/lab2_ws/src/robot_23_kinematics' with build type 'ament_cmake'
[0.218s] INFO:colcon.colcon_cmake.task.cmake.build:Building CMake package in '/home/ronnakon/FRA333-KINEMATICS/FRA333-Assignment-lab2-template/lab2_ws/src/robot_23_kinematics'
[0.219s] INFO:colcon.colcon_core.shell:Skip shell extension 'powershell' for command environment: Not usable outside of PowerShell
[0.220s] DEBUG:colcon.colcon_core.shell:Skip shell extension 'dsv' for command environment
[0.231s] INFO:colcon.colcon_ros.task.ament_cmake.build:Building ROS package in '/home/ronnakon/FRA333-KINEMATICS/FRA333-Assignment-lab2-template/lab2_ws/src/robot_23_kinematics_interfaces' with build type 'ament_cmake'
[0.231s] INFO:colcon.colcon_cmake.task.cmake.build:Building CMake package in '/home/ronnakon/FRA333-KINEMATICS/FRA333-Assignment-lab2-template/lab2_ws/src/robot_23_kinematics_interfaces'
[0.232s] INFO:colcon.colcon_core.shell:Skip shell extension 'powershell' for command environment: Not usable outside of PowerShell
[0.232s] DEBUG:colcon.colcon_core.shell:Skip shell extension 'dsv' for command environment
[0.245s] DEBUG:colcon.colcon_core.event_handler.log_command:Invoking command in '/home/ronnakon/FRA333-KINEMATICS/FRA333-Assignment-lab2-template/lab2_ws/build/robot_23_description': CMAKE_PREFIX_PATH=${CMAKE_PREFIX_PATH}:/opt/ros/foxy /usr/bin/cmake --build /home/ronnakon/FRA333-KINEMATICS/FRA333-Assignment-lab2-template/lab2_ws/build/robot_23_description -- -j12 -l12
[0.249s] DEBUG:colcon.colcon_core.event_handler.log_command:Invoking command in '/home/ronnakon/FRA333-KINEMATICS/FRA333-Assignment-lab2-template/lab2_ws/build/robot_23_kinematics': CMAKE_PREFIX_PATH=${CMAKE_PREFIX_PATH}:/opt/ros/foxy /usr/bin/cmake --build /home/ronnakon/FRA333-KINEMATICS/FRA333-Assignment-lab2-template/lab2_ws/build/robot_23_kinematics -- -j12 -l12
[0.254s] DEBUG:colcon.colcon_core.event_handler.log_command:Invoking command in '/home/ronnakon/FRA333-KINEMATICS/FRA333-Assignment-lab2-template/lab2_ws/build/robot_23_kinematics_interfaces': CMAKE_PREFIX_PATH=${CMAKE_PREFIX_PATH}:/opt/ros/foxy /usr/bin/cmake --build /home/ronnakon/FRA333-KINEMATICS/FRA333-Assignment-lab2-template/lab2_ws/build/robot_23_kinematics_interfaces -- -j12 -l12
[0.278s] DEBUG:colcon.colcon_core.event_handler.log_command:Invoked command in '/home/ronnakon/FRA333-KINEMATICS/FRA333-Assignment-lab2-template/lab2_ws/build/robot_23_kinematics' returned '0': CMAKE_PREFIX_PATH=${CMAKE_PREFIX_PATH}:/opt/ros/foxy /usr/bin/cmake --build /home/ronnakon/FRA333-KINEMATICS/FRA333-Assignment-lab2-template/lab2_ws/build/robot_23_kinematics -- -j12 -l12
[0.283s] DEBUG:colcon.colcon_core.event_handler.log_command:Invoked command in '/home/ronnakon/FRA333-KINEMATICS/FRA333-Assignment-lab2-template/lab2_ws/build/robot_23_description' returned '0': CMAKE_PREFIX_PATH=${CMAKE_PREFIX_PATH}:/opt/ros/foxy /usr/bin/cmake --build /home/ronnakon/FRA333-KINEMATICS/FRA333-Assignment-lab2-template/lab2_ws/build/robot_23_description -- -j12 -l12
[0.308s] DEBUG:colcon.colcon_core.event_handler.log_command:Invoking command in '/home/ronnakon/FRA333-KINEMATICS/FRA333-Assignment-lab2-template/lab2_ws/build/robot_23_kinematics': CMAKE_PREFIX_PATH=${CMAKE_PREFIX_PATH}:/opt/ros/foxy /usr/bin/cmake --install /home/ronnakon/FRA333-KINEMATICS/FRA333-Assignment-lab2-template/lab2_ws/build/robot_23_kinematics
[0.312s] DEBUG:colcon.colcon_core.event_handler.log_command:Invoking command in '/home/ronnakon/FRA333-KINEMATICS/FRA333-Assignment-lab2-template/lab2_ws/build/robot_23_description': CMAKE_PREFIX_PATH=${CMAKE_PREFIX_PATH}:/opt/ros/foxy /usr/bin/cmake --install /home/ronnakon/FRA333-KINEMATICS/FRA333-Assignment-lab2-template/lab2_ws/build/robot_23_description
[0.358s] Level 1:colcon.colcon_core.environment:create_environment_scripts_only(robot_23_kinematics)
[0.358s] DEBUG:colcon.colcon_core.event_handler.log_command:Invoked command in '/home/ronnakon/FRA333-KINEMATICS/FRA333-Assignment-lab2-template/lab2_ws/build/robot_23_kinematics' returned '0': CMAKE_PREFIX_PATH=${CMAKE_PREFIX_PATH}:/opt/ros/foxy /usr/bin/cmake --install /home/ronnakon/FRA333-KINEMATICS/FRA333-Assignment-lab2-template/lab2_ws/build/robot_23_kinematics
[0.364s] Level 1:colcon.colcon_core.environment:checking '/home/ronnakon/FRA333-KINEMATICS/FRA333-Assignment-lab2-template/lab2_ws/install/robot_23_kinematics' for CMake module files
[0.364s] Level 1:colcon.colcon_core.environment:checking '/home/ronnakon/FRA333-KINEMATICS/FRA333-Assignment-lab2-template/lab2_ws/install/robot_23_kinematics' for CMake config files
[0.365s] Level 1:colcon.colcon_core.shell:create_environment_hook('robot_23_kinematics', 'cmake_prefix_path')
[0.366s] INFO:colcon.colcon_core.shell:Creating environment hook '/home/ronnakon/FRA333-KINEMATICS/FRA333-Assignment-lab2-template/lab2_ws/install/robot_23_kinematics/share/robot_23_kinematics/hook/cmake_prefix_path.ps1'
[0.367s] INFO:colcon.colcon_core.shell:Creating environment descriptor '/home/ronnakon/FRA333-KINEMATICS/FRA333-Assignment-lab2-template/lab2_ws/install/robot_23_kinematics/share/robot_23_kinematics/hook/cmake_prefix_path.dsv'
[0.368s] INFO:colcon.colcon_core.shell:Creating environment hook '/home/ronnakon/FRA333-KINEMATICS/FRA333-Assignment-lab2-template/lab2_ws/install/robot_23_kinematics/share/robot_23_kinematics/hook/cmake_prefix_path.sh'
[0.369s] Level 1:colcon.colcon_core.environment:checking '/home/ronnakon/FRA333-KINEMATICS/FRA333-Assignment-lab2-template/lab2_ws/install/robot_23_kinematics/lib'
[0.369s] Level 1:colcon.colcon_core.environment:checking '/home/ronnakon/FRA333-KINEMATICS/FRA333-Assignment-lab2-template/lab2_ws/install/robot_23_kinematics/bin'
[0.369s] Level 1:colcon.colcon_core.environment:checking '/home/ronnakon/FRA333-KINEMATICS/FRA333-Assignment-lab2-template/lab2_ws/install/robot_23_kinematics/lib/pkgconfig/robot_23_kinematics.pc'
[0.369s] Level 1:colcon.colcon_core.environment:checking '/home/ronnakon/FRA333-KINEMATICS/FRA333-Assignment-lab2-template/lab2_ws/install/robot_23_kinematics/lib/python3.8/site-packages'
[0.369s] Level 1:colcon.colcon_core.shell:create_environment_hook('robot_23_kinematics', 'pythonpath')
[0.370s] INFO:colcon.colcon_core.shell:Creating environment hook '/home/ronnakon/FRA333-KINEMATICS/FRA333-Assignment-lab2-template/lab2_ws/install/robot_23_kinematics/share/robot_23_kinematics/hook/pythonpath.ps1'
[0.370s] INFO:colcon.colcon_core.shell:Creating environment descriptor '/home/ronnakon/FRA333-KINEMATICS/FRA333-Assignment-lab2-template/lab2_ws/install/robot_23_kinematics/share/robot_23_kinematics/hook/pythonpath.dsv'
[0.371s] INFO:colcon.colcon_core.shell:Creating environment hook '/home/ronnakon/FRA333-KINEMATICS/FRA333-Assignment-lab2-template/lab2_ws/install/robot_23_kinematics/share/robot_23_kinematics/hook/pythonpath.sh'
[0.371s] Level 1:colcon.colcon_core.environment:checking '/home/ronnakon/FRA333-KINEMATICS/FRA333-Assignment-lab2-template/lab2_ws/install/robot_23_kinematics/bin'
[0.372s] INFO:colcon.colcon_core.shell:Creating package script '/home/ronnakon/FRA333-KINEMATICS/FRA333-Assignment-lab2-template/lab2_ws/install/robot_23_kinematics/share/robot_23_kinematics/package.ps1'
[0.373s] INFO:colcon.colcon_core.shell:Creating package descriptor '/home/ronnakon/FRA333-KINEMATICS/FRA333-Assignment-lab2-template/lab2_ws/install/robot_23_kinematics/share/robot_23_kinematics/package.dsv'
[0.373s] INFO:colcon.colcon_core.shell:Creating package script '/home/ronnakon/FRA333-KINEMATICS/FRA333-Assignment-lab2-template/lab2_ws/install/robot_23_kinematics/share/robot_23_kinematics/package.sh'
[0.373s] INFO:colcon.colcon_core.shell:Creating package script '/home/ronnakon/FRA333-KINEMATICS/FRA333-Assignment-lab2-template/lab2_ws/install/robot_23_kinematics/share/robot_23_kinematics/package.bash'
[0.374s] INFO:colcon.colcon_core.shell:Creating package script '/home/ronnakon/FRA333-KINEMATICS/FRA333-Assignment-lab2-template/lab2_ws/install/robot_23_kinematics/share/robot_23_kinematics/package.zsh'
[0.374s] Level 1:colcon.colcon_core.environment:create_file_with_runtime_dependencies(/home/ronnakon/FRA333-KINEMATICS/FRA333-Assignment-lab2-template/lab2_ws/install/robot_23_kinematics/share/colcon-core/packages/robot_23_kinematics)
[0.377s] Level 1:colcon.colcon_core.environment:create_environment_scripts_only(robot_23_description)
[0.379s] Level 1:colcon.colcon_core.environment:checking '/home/ronnakon/FRA333-KINEMATICS/FRA333-Assignment-lab2-template/lab2_ws/install/robot_23_description' for CMake module files
[0.379s] DEBUG:colcon.colcon_core.event_handler.log_command:Invoked command in '/home/ronnakon/FRA333-KINEMATICS/FRA333-Assignment-lab2-template/lab2_ws/build/robot_23_description' returned '0': CMAKE_PREFIX_PATH=${CMAKE_PREFIX_PATH}:/opt/ros/foxy /usr/bin/cmake --install /home/ronnakon/FRA333-KINEMATICS/FRA333-Assignment-lab2-template/lab2_ws/build/robot_23_description
[0.380s] Level 1:colcon.colcon_core.environment:checking '/home/ronnakon/FRA333-KINEMATICS/FRA333-Assignment-lab2-template/lab2_ws/install/robot_23_description' for CMake config files
[0.380s] Level 1:colcon.colcon_core.shell:create_environment_hook('robot_23_description', 'cmake_prefix_path')
[0.381s] INFO:colcon.colcon_core.shell:Creating environment hook '/home/ronnakon/FRA333-KINEMATICS/FRA333-Assignment-lab2-template/lab2_ws/install/robot_23_description/share/robot_23_description/hook/cmake_prefix_path.ps1'
[0.381s] INFO:colcon.colcon_core.shell:Creating environment descriptor '/home/ronnakon/FRA333-KINEMATICS/FRA333-Assignment-lab2-template/lab2_ws/install/robot_23_description/share/robot_23_description/hook/cmake_prefix_path.dsv'
[0.382s] INFO:colcon.colcon_core.shell:Creating environment hook '/home/ronnakon/FRA333-KINEMATICS/FRA333-Assignment-lab2-template/lab2_ws/install/robot_23_description/share/robot_23_description/hook/cmake_prefix_path.sh'
[0.382s] Level 1:colcon.colcon_core.environment:checking '/home/ronnakon/FRA333-KINEMATICS/FRA333-Assignment-lab2-template/lab2_ws/install/robot_23_description/lib'
[0.382s] Level 1:colcon.colcon_core.environment:checking '/home/ronnakon/FRA333-KINEMATICS/FRA333-Assignment-lab2-template/lab2_ws/install/robot_23_description/bin'
[0.382s] Level 1:colcon.colcon_core.environment:checking '/home/ronnakon/FRA333-KINEMATICS/FRA333-Assignment-lab2-template/lab2_ws/install/robot_23_description/lib/pkgconfig/robot_23_description.pc'
[0.382s] Level 1:colcon.colcon_core.environment:checking '/home/ronnakon/FRA333-KINEMATICS/FRA333-Assignment-lab2-template/lab2_ws/install/robot_23_description/lib/python3.8/site-packages'
[0.382s] Level 1:colcon.colcon_core.shell:create_environment_hook('robot_23_description', 'pythonpath')
[0.383s] INFO:colcon.colcon_core.shell:Creating environment hook '/home/ronnakon/FRA333-KINEMATICS/FRA333-Assignment-lab2-template/lab2_ws/install/robot_23_description/share/robot_23_description/hook/pythonpath.ps1'
[0.383s] INFO:colcon.colcon_core.shell:Creating environment descriptor '/home/ronnakon/FRA333-KINEMATICS/FRA333-Assignment-lab2-template/lab2_ws/install/robot_23_description/share/robot_23_description/hook/pythonpath.dsv'
[0.384s] INFO:colcon.colcon_core.shell:Creating environment hook '/home/ronnakon/FRA333-KINEMATICS/FRA333-Assignment-lab2-template/lab2_ws/install/robot_23_description/share/robot_23_description/hook/pythonpath.sh'
[0.384s] Level 1:colcon.colcon_core.environment:checking '/home/ronnakon/FRA333-KINEMATICS/FRA333-Assignment-lab2-template/lab2_ws/install/robot_23_description/bin'
[0.385s] INFO:colcon.colcon_core.shell:Creating package script '/home/ronnakon/FRA333-KINEMATICS/FRA333-Assignment-lab2-template/lab2_ws/install/robot_23_description/share/robot_23_description/package.ps1'
[0.386s] INFO:colcon.colcon_core.shell:Creating package descriptor '/home/ronnakon/FRA333-KINEMATICS/FRA333-Assignment-lab2-template/lab2_ws/install/robot_23_description/share/robot_23_description/package.dsv'
[0.386s] INFO:colcon.colcon_core.shell:Creating package script '/home/ronnakon/FRA333-KINEMATICS/FRA333-Assignment-lab2-template/lab2_ws/install/robot_23_description/share/robot_23_description/package.sh'
[0.386s] INFO:colcon.colcon_core.shell:Creating package script '/home/ronnakon/FRA333-KINEMATICS/FRA333-Assignment-lab2-template/lab2_ws/install/robot_23_description/share/robot_23_description/package.bash'
[0.386s] INFO:colcon.colcon_core.shell:Creating package script '/home/ronnakon/FRA333-KINEMATICS/FRA333-Assignment-lab2-template/lab2_ws/install/robot_23_description/share/robot_23_description/package.zsh'
[0.387s] Level 1:colcon.colcon_core.environment:create_file_with_runtime_dependencies(/home/ronnakon/FRA333-KINEMATICS/FRA333-Assignment-lab2-template/lab2_ws/install/robot_23_description/share/colcon-core/packages/robot_23_description)
[0.395s] Level 1:colcon.colcon_core.environment:create_environment_scripts_only(robot_23_kinematics)
[0.397s] Level 1:colcon.colcon_core.environment:checking '/home/ronnakon/FRA333-KINEMATICS/FRA333-Assignment-lab2-template/lab2_ws/install/robot_23_kinematics' for CMake module files
[0.397s] Level 1:colcon.colcon_core.environment:checking '/home/ronnakon/FRA333-KINEMATICS/FRA333-Assignment-lab2-template/lab2_ws/install/robot_23_kinematics' for CMake config files
[0.398s] Level 1:colcon.colcon_core.shell:create_environment_hook('robot_23_kinematics', 'cmake_prefix_path')
[0.399s] INFO:colcon.colcon_core.shell:Creating environment hook '/home/ronnakon/FRA333-KINEMATICS/FRA333-Assignment-lab2-template/lab2_ws/install/robot_23_kinematics/share/robot_23_kinematics/hook/cmake_prefix_path.ps1'
[0.399s] INFO:colcon.colcon_core.shell:Creating environment descriptor '/home/ronnakon/FRA333-KINEMATICS/FRA333-Assignment-lab2-template/lab2_ws/install/robot_23_kinematics/share/robot_23_kinematics/hook/cmake_prefix_path.dsv'
[0.400s] INFO:colcon.colcon_core.shell:Creating environment hook '/home/ronnakon/FRA333-KINEMATICS/FRA333-Assignment-lab2-template/lab2_ws/install/robot_23_kinematics/share/robot_23_kinematics/hook/cmake_prefix_path.sh'
[0.400s] Level 1:colcon.colcon_core.environment:checking '/home/ronnakon/FRA333-KINEMATICS/FRA333-Assignment-lab2-template/lab2_ws/install/robot_23_kinematics/lib'
[0.400s] Level 1:colcon.colcon_core.environment:checking '/home/ronnakon/FRA333-KINEMATICS/FRA333-Assignment-lab2-template/lab2_ws/install/robot_23_kinematics/bin'
[0.400s] Level 1:colcon.colcon_core.environment:checking '/home/ronnakon/FRA333-KINEMATICS/FRA333-Assignment-lab2-template/lab2_ws/install/robot_23_kinematics/lib/pkgconfig/robot_23_kinematics.pc'
[0.401s] Level 1:colcon.colcon_core.environment:checking '/home/ronnakon/FRA333-KINEMATICS/FRA333-Assignment-lab2-template/lab2_ws/install/robot_23_kinematics/lib/python3.8/site-packages'
[0.401s] Level 1:colcon.colcon_core.shell:create_environment_hook('robot_23_kinematics', 'pythonpath')
[0.402s] INFO:colcon.colcon_core.shell:Creating environment hook '/home/ronnakon/FRA333-KINEMATICS/FRA333-Assignment-lab2-template/lab2_ws/install/robot_23_kinematics/share/robot_23_kinematics/hook/pythonpath.ps1'
[0.402s] INFO:colcon.colcon_core.shell:Creating environment descriptor '/home/ronnakon/FRA333-KINEMATICS/FRA333-Assignment-lab2-template/lab2_ws/install/robot_23_kinematics/share/robot_23_kinematics/hook/pythonpath.dsv'
[0.403s] INFO:colcon.colcon_core.shell:Creating environment hook '/home/ronnakon/FRA333-KINEMATICS/FRA333-Assignment-lab2-template/lab2_ws/install/robot_23_kinematics/share/robot_23_kinematics/hook/pythonpath.sh'
[0.403s] Level 1:colcon.colcon_core.environment:checking '/home/ronnakon/FRA333-KINEMATICS/FRA333-Assignment-lab2-template/lab2_ws/install/robot_23_kinematics/bin'
[0.405s] INFO:colcon.colcon_core.shell:Creating package script '/home/ronnakon/FRA333-KINEMATICS/FRA333-Assignment-lab2-template/lab2_ws/install/robot_23_kinematics/share/robot_23_kinematics/package.ps1'
[0.405s] INFO:colcon.colcon_core.shell:Creating package descriptor '/home/ronnakon/FRA333-KINEMATICS/FRA333-Assignment-lab2-template/lab2_ws/install/robot_23_kinematics/share/robot_23_kinematics/package.dsv'
[0.406s] INFO:colcon.colcon_core.shell:Creating package script '/home/ronnakon/FRA333-KINEMATICS/FRA333-Assignment-lab2-template/lab2_ws/install/robot_23_kinematics/share/robot_23_kinematics/package.sh'
[0.406s] INFO:colcon.colcon_core.shell:Creating package script '/home/ronnakon/FRA333-KINEMATICS/FRA333-Assignment-lab2-template/lab2_ws/install/robot_23_kinematics/share/robot_23_kinematics/package.bash'
[0.406s] INFO:colcon.colcon_core.shell:Creating package script '/home/ronnakon/FRA333-KINEMATICS/FRA333-Assignment-lab2-template/lab2_ws/install/robot_23_kinematics/share/robot_23_kinematics/package.zsh'
[0.407s] Level 1:colcon.colcon_core.environment:create_file_with_runtime_dependencies(/home/ronnakon/FRA333-KINEMATICS/FRA333-Assignment-lab2-template/lab2_ws/install/robot_23_kinematics/share/colcon-core/packages/robot_23_kinematics)
[0.408s] Level 1:colcon.colcon_core.environment:create_environment_scripts_only(robot_23_description)
[0.410s] Level 1:colcon.colcon_core.environment:checking '/home/ronnakon/FRA333-KINEMATICS/FRA333-Assignment-lab2-template/lab2_ws/install/robot_23_description' for CMake module files
[0.411s] Level 1:colcon.colcon_core.environment:checking '/home/ronnakon/FRA333-KINEMATICS/FRA333-Assignment-lab2-template/lab2_ws/install/robot_23_description' for CMake config files
[0.411s] Level 1:colcon.colcon_core.shell:create_environment_hook('robot_23_description', 'cmake_prefix_path')
[0.412s] INFO:colcon.colcon_core.shell:Creating environment hook '/home/ronnakon/FRA333-KINEMATICS/FRA333-Assignment-lab2-template/lab2_ws/install/robot_23_description/share/robot_23_description/hook/cmake_prefix_path.ps1'
[0.412s] INFO:colcon.colcon_core.shell:Creating environment descriptor '/home/ronnakon/FRA333-KINEMATICS/FRA333-Assignment-lab2-template/lab2_ws/install/robot_23_description/share/robot_23_description/hook/cmake_prefix_path.dsv'
[0.412s] INFO:colcon.colcon_core.shell:Creating environment hook '/home/ronnakon/FRA333-KINEMATICS/FRA333-Assignment-lab2-template/lab2_ws/install/robot_23_description/share/robot_23_description/hook/cmake_prefix_path.sh'
[0.413s] Level 1:colcon.colcon_core.environment:checking '/home/ronnakon/FRA333-KINEMATICS/FRA333-Assignment-lab2-template/lab2_ws/install/robot_23_description/lib'
[0.413s] Level 1:colcon.colcon_core.environment:checking '/home/ronnakon/FRA333-KINEMATICS/FRA333-Assignment-lab2-template/lab2_ws/install/robot_23_description/bin'
[0.413s] Level 1:colcon.colcon_core.environment:checking '/home/ronnakon/FRA333-KINEMATICS/FRA333-Assignment-lab2-template/lab2_ws/install/robot_23_description/lib/pkgconfig/robot_23_description.pc'
[0.413s] Level 1:colcon.colcon_core.environment:checking '/home/ronnakon/FRA333-KINEMATICS/FRA333-Assignment-lab2-template/lab2_ws/install/robot_23_description/lib/python3.8/site-packages'
[0.413s] Level 1:colcon.colcon_core.shell:create_environment_hook('robot_23_description', 'pythonpath')
[0.414s] INFO:colcon.colcon_core.shell:Creating environment hook '/home/ronnakon/FRA333-KINEMATICS/FRA333-Assignment-lab2-template/lab2_ws/install/robot_23_description/share/robot_23_description/hook/pythonpath.ps1'
[0.414s] INFO:colcon.colcon_core.shell:Creating environment descriptor '/home/ronnakon/FRA333-KINEMATICS/FRA333-Assignment-lab2-template/lab2_ws/install/robot_23_description/share/robot_23_description/hook/pythonpath.dsv'
[0.414s] INFO:colcon.colcon_core.shell:Creating environment hook '/home/ronnakon/FRA333-KINEMATICS/FRA333-Assignment-lab2-template/lab2_ws/install/robot_23_description/share/robot_23_description/hook/pythonpath.sh'
[0.415s] Level 1:colcon.colcon_core.environment:checking '/home/ronnakon/FRA333-KINEMATICS/FRA333-Assignment-lab2-template/lab2_ws/install/robot_23_description/bin'
[0.416s] INFO:colcon.colcon_core.shell:Creating package script '/home/ronnakon/FRA333-KINEMATICS/FRA333-Assignment-lab2-template/lab2_ws/install/robot_23_description/share/robot_23_description/package.ps1'
[0.416s] INFO:colcon.colcon_core.shell:Creating package descriptor '/home/ronnakon/FRA333-KINEMATICS/FRA333-Assignment-lab2-template/lab2_ws/install/robot_23_description/share/robot_23_description/package.dsv'
[0.416s] INFO:colcon.colcon_core.shell:Creating package script '/home/ronnakon/FRA333-KINEMATICS/FRA333-Assignment-lab2-template/lab2_ws/install/robot_23_description/share/robot_23_description/package.sh'
[0.417s] INFO:colcon.colcon_core.shell:Creating package script '/home/ronnakon/FRA333-KINEMATICS/FRA333-Assignment-lab2-template/lab2_ws/install/robot_23_description/share/robot_23_description/package.bash'
[0.417s] INFO:colcon.colcon_core.shell:Creating package script '/home/ronnakon/FRA333-KINEMATICS/FRA333-Assignment-lab2-template/lab2_ws/install/robot_23_description/share/robot_23_description/package.zsh'
[0.417s] Level 1:colcon.colcon_core.environment:create_file_with_runtime_dependencies(/home/ronnakon/FRA333-KINEMATICS/FRA333-Assignment-lab2-template/lab2_ws/install/robot_23_description/share/colcon-core/packages/robot_23_description)
[0.444s] DEBUG:colcon.colcon_core.event_handler.log_command:Invoked command in '/home/ronnakon/FRA333-KINEMATICS/FRA333-Assignment-lab2-template/lab2_ws/build/robot_23_kinematics_interfaces' returned '0': CMAKE_PREFIX_PATH=${CMAKE_PREFIX_PATH}:/opt/ros/foxy /usr/bin/cmake --build /home/ronnakon/FRA333-KINEMATICS/FRA333-Assignment-lab2-template/lab2_ws/build/robot_23_kinematics_interfaces -- -j12 -l12
[0.485s] DEBUG:colcon.colcon_core.event_handler.log_command:Invoking command in '/home/ronnakon/FRA333-KINEMATICS/FRA333-Assignment-lab2-template/lab2_ws/build/robot_23_kinematics_interfaces': CMAKE_PREFIX_PATH=${CMAKE_PREFIX_PATH}:/opt/ros/foxy /usr/bin/cmake --install /home/ronnakon/FRA333-KINEMATICS/FRA333-Assignment-lab2-template/lab2_ws/build/robot_23_kinematics_interfaces
[0.551s] Level 1:colcon.colcon_core.environment:create_environment_scripts_only(robot_23_kinematics_interfaces)
[0.553s] Level 1:colcon.colcon_core.environment:checking '/home/ronnakon/FRA333-KINEMATICS/FRA333-Assignment-lab2-template/lab2_ws/install/robot_23_kinematics_interfaces' for CMake module files
[0.553s] DEBUG:colcon.colcon_core.event_handler.log_command:Invoked command in '/home/ronnakon/FRA333-KINEMATICS/FRA333-Assignment-lab2-template/lab2_ws/build/robot_23_kinematics_interfaces' returned '0': CMAKE_PREFIX_PATH=${CMAKE_PREFIX_PATH}:/opt/ros/foxy /usr/bin/cmake --install /home/ronnakon/FRA333-KINEMATICS/FRA333-Assignment-lab2-template/lab2_ws/build/robot_23_kinematics_interfaces
[0.554s] Level 1:colcon.colcon_core.environment:checking '/home/ronnakon/FRA333-KINEMATICS/FRA333-Assignment-lab2-template/lab2_ws/install/robot_23_kinematics_interfaces' for CMake config files
[0.554s] Level 1:colcon.colcon_core.shell:create_environment_hook('robot_23_kinematics_interfaces', 'cmake_prefix_path')
[0.555s] INFO:colcon.colcon_core.shell:Creating environment hook '/home/ronnakon/FRA333-KINEMATICS/FRA333-Assignment-lab2-template/lab2_ws/install/robot_23_kinematics_interfaces/share/robot_23_kinematics_interfaces/hook/cmake_prefix_path.ps1'
[0.555s] INFO:colcon.colcon_core.shell:Creating environment descriptor '/home/ronnakon/FRA333-KINEMATICS/FRA333-Assignment-lab2-template/lab2_ws/install/robot_23_kinematics_interfaces/share/robot_23_kinematics_interfaces/hook/cmake_prefix_path.dsv'
[0.556s] INFO:colcon.colcon_core.shell:Creating environment hook '/home/ronnakon/FRA333-KINEMATICS/FRA333-Assignment-lab2-template/lab2_ws/install/robot_23_kinematics_interfaces/share/robot_23_kinematics_interfaces/hook/cmake_prefix_path.sh'
[0.556s] Level 1:colcon.colcon_core.environment:checking '/home/ronnakon/FRA333-KINEMATICS/FRA333-Assignment-lab2-template/lab2_ws/install/robot_23_kinematics_interfaces/lib'
[0.556s] Level 1:colcon.colcon_core.shell:create_environment_hook('robot_23_kinematics_interfaces', 'ld_library_path_lib')
[0.557s] INFO:colcon.colcon_core.shell:Creating environment hook '/home/ronnakon/FRA333-KINEMATICS/FRA333-Assignment-lab2-template/lab2_ws/install/robot_23_kinematics_interfaces/share/robot_23_kinematics_interfaces/hook/ld_library_path_lib.ps1'
[0.557s] INFO:colcon.colcon_core.shell:Creating environment descriptor '/home/ronnakon/FRA333-KINEMATICS/FRA333-Assignment-lab2-template/lab2_ws/install/robot_23_kinematics_interfaces/share/robot_23_kinematics_interfaces/hook/ld_library_path_lib.dsv'
[0.557s] INFO:colcon.colcon_core.shell:Creating environment hook '/home/ronnakon/FRA333-KINEMATICS/FRA333-Assignment-lab2-template/lab2_ws/install/robot_23_kinematics_interfaces/share/robot_23_kinematics_interfaces/hook/ld_library_path_lib.sh'
[0.558s] Level 1:colcon.colcon_core.environment:checking '/home/ronnakon/FRA333-KINEMATICS/FRA333-Assignment-lab2-template/lab2_ws/install/robot_23_kinematics_interfaces/bin'
[0.558s] Level 1:colcon.colcon_core.environment:checking '/home/ronnakon/FRA333-KINEMATICS/FRA333-Assignment-lab2-template/lab2_ws/install/robot_23_kinematics_interfaces/lib/pkgconfig/robot_23_kinematics_interfaces.pc'
[0.558s] Level 1:colcon.colcon_core.environment:checking '/home/ronnakon/FRA333-KINEMATICS/FRA333-Assignment-lab2-template/lab2_ws/install/robot_23_kinematics_interfaces/lib/python3.8/site-packages'
[0.558s] Level 1:colcon.colcon_core.shell:create_environment_hook('robot_23_kinematics_interfaces', 'pythonpath')
[0.559s] INFO:colcon.colcon_core.shell:Creating environment hook '/home/ronnakon/FRA333-KINEMATICS/FRA333-Assignment-lab2-template/lab2_ws/install/robot_23_kinematics_interfaces/share/robot_23_kinematics_interfaces/hook/pythonpath.ps1'
[0.559s] INFO:colcon.colcon_core.shell:Creating environment descriptor '/home/ronnakon/FRA333-KINEMATICS/FRA333-Assignment-lab2-template/lab2_ws/install/robot_23_kinematics_interfaces/share/robot_23_kinematics_interfaces/hook/pythonpath.dsv'
[0.559s] INFO:colcon.colcon_core.shell:Creating environment hook '/home/ronnakon/FRA333-KINEMATICS/FRA333-Assignment-lab2-template/lab2_ws/install/robot_23_kinematics_interfaces/share/robot_23_kinematics_interfaces/hook/pythonpath.sh'
[0.560s] Level 1:colcon.colcon_core.environment:checking '/home/ronnakon/FRA333-KINEMATICS/FRA333-Assignment-lab2-template/lab2_ws/install/robot_23_kinematics_interfaces/bin'
[0.561s] INFO:colcon.colcon_core.shell:Creating package script '/home/ronnakon/FRA333-KINEMATICS/FRA333-Assignment-lab2-template/lab2_ws/install/robot_23_kinematics_interfaces/share/robot_23_kinematics_interfaces/package.ps1'
[0.561s] INFO:colcon.colcon_core.shell:Creating package descriptor '/home/ronnakon/FRA333-KINEMATICS/FRA333-Assignment-lab2-template/lab2_ws/install/robot_23_kinematics_interfaces/share/robot_23_kinematics_interfaces/package.dsv'
[0.561s] INFO:colcon.colcon_core.shell:Creating package script '/home/ronnakon/FRA333-KINEMATICS/FRA333-Assignment-lab2-template/lab2_ws/install/robot_23_kinematics_interfaces/share/robot_23_kinematics_interfaces/package.sh'
[0.562s] INFO:colcon.colcon_core.shell:Creating package script '/home/ronnakon/FRA333-KINEMATICS/FRA333-Assignment-lab2-template/lab2_ws/install/robot_23_kinematics_interfaces/share/robot_23_kinematics_interfaces/package.bash'
[0.562s] INFO:colcon.colcon_core.shell:Creating package script '/home/ronnakon/FRA333-KINEMATICS/FRA333-Assignment-lab2-template/lab2_ws/install/robot_23_kinematics_interfaces/share/robot_23_kinematics_interfaces/package.zsh'
[0.562s] Level 1:colcon.colcon_core.environment:create_file_with_runtime_dependencies(/home/ronnakon/FRA333-KINEMATICS/FRA333-Assignment-lab2-template/lab2_ws/install/robot_23_kinematics_interfaces/share/colcon-core/packages/robot_23_kinematics_interfaces)
[0.610s] Level 1:colcon.colcon_core.environment:create_environment_scripts_only(robot_23_kinematics_interfaces)
[0.613s] Level 1:colcon.colcon_core.environment:checking '/home/ronnakon/FRA333-KINEMATICS/FRA333-Assignment-lab2-template/lab2_ws/install/robot_23_kinematics_interfaces' for CMake module files
[0.614s] Level 1:colcon.colcon_core.environment:checking '/home/ronnakon/FRA333-KINEMATICS/FRA333-Assignment-lab2-template/lab2_ws/install/robot_23_kinematics_interfaces' for CMake config files
[0.614s] Level 1:colcon.colcon_core.shell:create_environment_hook('robot_23_kinematics_interfaces', 'cmake_prefix_path')
[0.615s] INFO:colcon.colcon_core.shell:Creating environment hook '/home/ronnakon/FRA333-KINEMATICS/FRA333-Assignment-lab2-template/lab2_ws/install/robot_23_kinematics_interfaces/share/robot_23_kinematics_interfaces/hook/cmake_prefix_path.ps1'
[0.615s] INFO:colcon.colcon_core.shell:Creating environment descriptor '/home/ronnakon/FRA333-KINEMATICS/FRA333-Assignment-lab2-template/lab2_ws/install/robot_23_kinematics_interfaces/share/robot_23_kinematics_interfaces/hook/cmake_prefix_path.dsv'
[0.616s] INFO:colcon.colcon_core.shell:Creating environment hook '/home/ronnakon/FRA333-KINEMATICS/FRA333-Assignment-lab2-template/lab2_ws/install/robot_23_kinematics_interfaces/share/robot_23_kinematics_interfaces/hook/cmake_prefix_path.sh'
[0.616s] Level 1:colcon.colcon_core.environment:checking '/home/ronnakon/FRA333-KINEMATICS/FRA333-Assignment-lab2-template/lab2_ws/install/robot_23_kinematics_interfaces/lib'
[0.616s] Level 1:colcon.colcon_core.shell:create_environment_hook('robot_23_kinematics_interfaces', 'ld_library_path_lib')
[0.617s] INFO:colcon.colcon_core.shell:Creating environment hook '/home/ronnakon/FRA333-KINEMATICS/FRA333-Assignment-lab2-template/lab2_ws/install/robot_23_kinematics_interfaces/share/robot_23_kinematics_interfaces/hook/ld_library_path_lib.ps1'
[0.617s] INFO:colcon.colcon_core.shell:Creating environment descriptor '/home/ronnakon/FRA333-KINEMATICS/FRA333-Assignment-lab2-template/lab2_ws/install/robot_23_kinematics_interfaces/share/robot_23_kinematics_interfaces/hook/ld_library_path_lib.dsv'
[0.617s] INFO:colcon.colcon_core.shell:Creating environment hook '/home/ronnakon/FRA333-KINEMATICS/FRA333-Assignment-lab2-template/lab2_ws/install/robot_23_kinematics_interfaces/share/robot_23_kinematics_interfaces/hook/ld_library_path_lib.sh'
[0.618s] Level 1:colcon.colcon_core.environment:checking '/home/ronnakon/FRA333-KINEMATICS/FRA333-Assignment-lab2-template/lab2_ws/install/robot_23_kinematics_interfaces/bin'
[0.618s] Level 1:colcon.colcon_core.environment:checking '/home/ronnakon/FRA333-KINEMATICS/FRA333-Assignment-lab2-template/lab2_ws/install/robot_23_kinematics_interfaces/lib/pkgconfig/robot_23_kinematics_interfaces.pc'
[0.618s] Level 1:colcon.colcon_core.environment:checking '/home/ronnakon/FRA333-KINEMATICS/FRA333-Assignment-lab2-template/lab2_ws/install/robot_23_kinematics_interfaces/lib/python3.8/site-packages'
[0.618s] Level 1:colcon.colcon_core.shell:create_environment_hook('robot_23_kinematics_interfaces', 'pythonpath')
[0.619s] INFO:colcon.colcon_core.shell:Creating environment hook '/home/ronnakon/FRA333-KINEMATICS/FRA333-Assignment-lab2-template/lab2_ws/install/robot_23_kinematics_interfaces/share/robot_23_kinematics_interfaces/hook/pythonpath.ps1'
[0.619s] INFO:colcon.colcon_core.shell:Creating environment descriptor '/home/ronnakon/FRA333-KINEMATICS/FRA333-Assignment-lab2-template/lab2_ws/install/robot_23_kinematics_interfaces/share/robot_23_kinematics_interfaces/hook/pythonpath.dsv'
[0.619s] INFO:colcon.colcon_core.shell:Creating environment hook '/home/ronnakon/FRA333-KINEMATICS/FRA333-Assignment-lab2-template/lab2_ws/install/robot_23_kinematics_interfaces/share/robot_23_kinematics_interfaces/hook/pythonpath.sh'
[0.619s] Level 1:colcon.colcon_core.environment:checking '/home/ronnakon/FRA333-KINEMATICS/FRA333-Assignment-lab2-template/lab2_ws/install/robot_23_kinematics_interfaces/bin'
[0.620s] INFO:colcon.colcon_core.shell:Creating package script '/home/ronnakon/FRA333-KINEMATICS/FRA333-Assignment-lab2-template/lab2_ws/install/robot_23_kinematics_interfaces/share/robot_23_kinematics_interfaces/package.ps1'
[0.621s] INFO:colcon.colcon_core.shell:Creating package descriptor '/home/ronnakon/FRA333-KINEMATICS/FRA333-Assignment-lab2-template/lab2_ws/install/robot_23_kinematics_interfaces/share/robot_23_kinematics_interfaces/package.dsv'
[0.621s] INFO:colcon.colcon_core.shell:Creating package script '/home/ronnakon/FRA333-KINEMATICS/FRA333-Assignment-lab2-template/lab2_ws/install/robot_23_kinematics_interfaces/share/robot_23_kinematics_interfaces/package.sh'
[0.621s] INFO:colcon.colcon_core.shell:Creating package script '/home/ronnakon/FRA333-KINEMATICS/FRA333-Assignment-lab2-template/lab2_ws/install/robot_23_kinematics_interfaces/share/robot_23_kinematics_interfaces/package.bash'
[0.622s] INFO:colcon.colcon_core.shell:Creating package script '/home/ronnakon/FRA333-KINEMATICS/FRA333-Assignment-lab2-template/lab2_ws/install/robot_23_kinematics_interfaces/share/robot_23_kinematics_interfaces/package.zsh'
[0.622s] Level 1:colcon.colcon_core.environment:create_file_with_runtime_dependencies(/home/ronnakon/FRA333-KINEMATICS/FRA333-Assignment-lab2-template/lab2_ws/install/robot_23_kinematics_interfaces/share/colcon-core/packages/robot_23_kinematics_interfaces)
[0.622s] DEBUG:colcon.colcon_parallel_executor.executor.parallel:closing loop
[0.622s] DEBUG:colcon.colcon_parallel_executor.executor.parallel:loop closed
[0.622s] DEBUG:colcon.colcon_parallel_executor.executor.parallel:run_until_complete finished with '0'
[0.622s] DEBUG:colcon.colcon_core.event_reactor:joining thread
[0.631s] INFO:colcon.colcon_core.plugin_system:Skipping extension 'colcon_notification.desktop_notification.terminal_notifier': Not used on non-Darwin systems
[0.631s] INFO:colcon.colcon_core.plugin_system:Skipping extension 'colcon_notification.desktop_notification.win32': Not used on non-Windows systems
[0.631s] INFO:colcon.colcon_notification.desktop_notification:Sending desktop notification using 'notify2'
[0.646s] DEBUG:colcon.colcon_core.event_reactor:joined thread
[0.648s] INFO:colcon.colcon_core.shell:Creating prefix script '/home/ronnakon/FRA333-KINEMATICS/FRA333-Assignment-lab2-template/lab2_ws/install/local_setup.ps1'
[0.650s] INFO:colcon.colcon_core.shell:Creating prefix util module '/home/ronnakon/FRA333-KINEMATICS/FRA333-Assignment-lab2-template/lab2_ws/install/_local_setup_util_ps1.py'
[0.652s] INFO:colcon.colcon_core.shell:Creating prefix chain script '/home/ronnakon/FRA333-KINEMATICS/FRA333-Assignment-lab2-template/lab2_ws/install/setup.ps1'
[0.654s] INFO:colcon.colcon_core.shell:Creating prefix script '/home/ronnakon/FRA333-KINEMATICS/FRA333-Assignment-lab2-template/lab2_ws/install/local_setup.sh'
[0.655s] INFO:colcon.colcon_core.shell:Creating prefix util module '/home/ronnakon/FRA333-KINEMATICS/FRA333-Assignment-lab2-template/lab2_ws/install/_local_setup_util_sh.py'
[0.656s] INFO:colcon.colcon_core.shell:Creating prefix chain script '/home/ronnakon/FRA333-KINEMATICS/FRA333-Assignment-lab2-template/lab2_ws/install/setup.sh'
[0.658s] INFO:colcon.colcon_core.shell:Creating prefix script '/home/ronnakon/FRA333-KINEMATICS/FRA333-Assignment-lab2-template/lab2_ws/install/local_setup.bash'
[0.659s] INFO:colcon.colcon_core.shell:Creating prefix chain script '/home/ronnakon/FRA333-KINEMATICS/FRA333-Assignment-lab2-template/lab2_ws/install/setup.bash'
[0.660s] INFO:colcon.colcon_core.shell:Creating prefix script '/home/ronnakon/FRA333-KINEMATICS/FRA333-Assignment-lab2-template/lab2_ws/install/local_setup.zsh'
[0.660s] INFO:colcon.colcon_core.shell:Creating prefix chain script '/home/ronnakon/FRA333-KINEMATICS/FRA333-Assignment-lab2-template/lab2_ws/install/setup.zsh'
