[0.014s] Invoking command in '/home/ronnakon/FRA333-KINEMATICS/FRA333-Assignment-lab2-template/lab2_ws/build/dummy_description': CMAKE_PREFIX_PATH=${CMAKE_PREFIX_PATH}:/opt/ros/foxy /usr/bin/cmake --build /home/ronnakon/FRA333-KINEMATICS/FRA333-Assignment-lab2-template/lab2_ws/build/dummy_description -- -j12 -l12
[0.035s] -- Found ament_cmake: 0.9.9 (/opt/ros/foxy/share/ament_cmake/cmake)
[0.052s] -- Using PYTHON_EXECUTABLE: /usr/bin/python3
[0.179s] -- Override CMake install command with custom implementation using symlinks instead of copying resources
[0.189s] -- Found rclcpp: 2.4.1 (/opt/ros/foxy/share/rclcpp/cmake)
[0.215s] -- Using all available rosidl_typesupport_c: rosidl_typesupport_fastrtps_c;rosidl_typesupport_introspection_c
[0.217s] -- Found rosidl_adapter: 1.2.1 (/opt/ros/foxy/share/rosidl_adapter/cmake)
[0.327s] -- Using all available rosidl_typesupport_cpp: rosidl_typesupport_fastrtps_cpp;rosidl_typesupport_introspection_cpp
[0.366s] -- Found rmw_implementation_cmake: 1.0.3 (/opt/ros/foxy/share/rmw_implementation_cmake/cmake)
[0.367s] -- Using RMW implementation 'rmw_fastrtps_cpp' as default
[0.481s] -- Found rclpy: 1.0.8 (/opt/ros/foxy/share/rclpy/cmake)
[0.533s] -- Configuring done
[0.534s] -- Generating done
[0.536s] -- Build files have been written to: /home/ronnakon/FRA333-KINEMATICS/FRA333-Assignment-lab2-template/lab2_ws/build/dummy_description
[0.556s] Invoked command in '/home/ronnakon/FRA333-KINEMATICS/FRA333-Assignment-lab2-template/lab2_ws/build/dummy_description' returned '0': CMAKE_PREFIX_PATH=${CMAKE_PREFIX_PATH}:/opt/ros/foxy /usr/bin/cmake --build /home/ronnakon/FRA333-KINEMATICS/FRA333-Assignment-lab2-template/lab2_ws/build/dummy_description -- -j12 -l12
[0.586s] Invoking command in '/home/ronnakon/FRA333-KINEMATICS/FRA333-Assignment-lab2-template/lab2_ws/build/dummy_description': CMAKE_PREFIX_PATH=${CMAKE_PREFIX_PATH}:/opt/ros/foxy /usr/bin/cmake --install /home/ronnakon/FRA333-KINEMATICS/FRA333-Assignment-lab2-template/lab2_ws/build/dummy_description
[0.593s] -- Install configuration: ""
[0.594s] -- Execute custom install script
[0.594s] -- Up-to-date symlink: /home/ronnakon/FRA333-KINEMATICS/FRA333-Assignment-lab2-template/lab2_ws/install/dummy_description/share/dummy_description/environment/pythonpath.sh
[0.595s] -- Up-to-date symlink: /home/ronnakon/FRA333-KINEMATICS/FRA333-Assignment-lab2-template/lab2_ws/install/dummy_description/share/dummy_description/environment/pythonpath.dsv
[0.595s] -- Up-to-date symlink: /home/ronnakon/FRA333-KINEMATICS/FRA333-Assignment-lab2-template/lab2_ws/install/dummy_description/lib/python3.8/site-packages/dummy_description/__init__.py
[0.595s] -- Up-to-date symlink: /home/ronnakon/FRA333-KINEMATICS/FRA333-Assignment-lab2-template/lab2_ws/install/dummy_description/lib/python3.8/site-packages/dummy_description/dummy_module.py
[0.596s] -- Up-to-date symlink: /home/ronnakon/FRA333-KINEMATICS/FRA333-Assignment-lab2-template/lab2_ws/install/dummy_description/lib/dummy_description/dummy_script.py
[0.596s] -- Up-to-date symlink: /home/ronnakon/FRA333-KINEMATICS/FRA333-Assignment-lab2-template/lab2_ws/install/dummy_description/share/dummy_description/config/dummy_kinematics.rviz
[0.596s] -- Up-to-date symlink: /home/ronnakon/FRA333-KINEMATICS/FRA333-Assignment-lab2-template/lab2_ws/install/dummy_description/share/dummy_description/launch/display.launch.py
[0.596s] -- Up-to-date symlink: /home/ronnakon/FRA333-KINEMATICS/FRA333-Assignment-lab2-template/lab2_ws/install/dummy_description/share/dummy_description/launch/ex_display.launch.py
[0.597s] -- Up-to-date symlink: /home/ronnakon/FRA333-KINEMATICS/FRA333-Assignment-lab2-template/lab2_ws/install/dummy_description/share/dummy_description/launch/origin_display.launch.py
[0.597s] -- Symlinking: /home/ronnakon/FRA333-KINEMATICS/FRA333-Assignment-lab2-template/lab2_ws/install/dummy_description/share/dummy_description/robot/dummy_description.xacro
[0.607s] -- Up-to-date symlink: /home/ronnakon/FRA333-KINEMATICS/FRA333-Assignment-lab2-template/lab2_ws/install/dummy_description/share/ament_index/resource_index/package_run_dependencies/dummy_description
[0.607s] -- Up-to-date symlink: /home/ronnakon/FRA333-KINEMATICS/FRA333-Assignment-lab2-template/lab2_ws/install/dummy_description/share/ament_index/resource_index/parent_prefix_path/dummy_description
[0.608s] -- Up-to-date symlink: /home/ronnakon/FRA333-KINEMATICS/FRA333-Assignment-lab2-template/lab2_ws/install/dummy_description/share/dummy_description/environment/ament_prefix_path.sh
[0.608s] -- Up-to-date symlink: /home/ronnakon/FRA333-KINEMATICS/FRA333-Assignment-lab2-template/lab2_ws/install/dummy_description/share/dummy_description/environment/ament_prefix_path.dsv
[0.608s] -- Up-to-date symlink: /home/ronnakon/FRA333-KINEMATICS/FRA333-Assignment-lab2-template/lab2_ws/install/dummy_description/share/dummy_description/environment/path.sh
[0.609s] -- Up-to-date symlink: /home/ronnakon/FRA333-KINEMATICS/FRA333-Assignment-lab2-template/lab2_ws/install/dummy_description/share/dummy_description/environment/path.dsv
[0.609s] -- Up-to-date symlink: /home/ronnakon/FRA333-KINEMATICS/FRA333-Assignment-lab2-template/lab2_ws/install/dummy_description/share/dummy_description/local_setup.bash
[0.609s] -- Up-to-date symlink: /home/ronnakon/FRA333-KINEMATICS/FRA333-Assignment-lab2-template/lab2_ws/install/dummy_description/share/dummy_description/local_setup.sh
[0.610s] -- Up-to-date symlink: /home/ronnakon/FRA333-KINEMATICS/FRA333-Assignment-lab2-template/lab2_ws/install/dummy_description/share/dummy_description/local_setup.zsh
[0.610s] -- Up-to-date symlink: /home/ronnakon/FRA333-KINEMATICS/FRA333-Assignment-lab2-template/lab2_ws/install/dummy_description/share/dummy_description/local_setup.dsv
[0.610s] -- Symlinking: /home/ronnakon/FRA333-KINEMATICS/FRA333-Assignment-lab2-template/lab2_ws/install/dummy_description/share/dummy_description/package.dsv
[0.619s] -- Up-to-date symlink: /home/ronnakon/FRA333-KINEMATICS/FRA333-Assignment-lab2-template/lab2_ws/install/dummy_description/share/ament_index/resource_index/packages/dummy_description
[0.619s] -- Up-to-date symlink: /home/ronnakon/FRA333-KINEMATICS/FRA333-Assignment-lab2-template/lab2_ws/install/dummy_description/share/dummy_description/cmake/dummy_descriptionConfig.cmake
[0.619s] -- Up-to-date symlink: /home/ronnakon/FRA333-KINEMATICS/FRA333-Assignment-lab2-template/lab2_ws/install/dummy_description/share/dummy_description/cmake/dummy_descriptionConfig-version.cmake
[0.620s] -- Up-to-date symlink: /home/ronnakon/FRA333-KINEMATICS/FRA333-Assignment-lab2-template/lab2_ws/install/dummy_description/share/dummy_description/package.xml
[0.645s] Listing '/home/ronnakon/FRA333-KINEMATICS/FRA333-Assignment-lab2-template/lab2_ws/install/dummy_description/lib/python3.8/site-packages/dummy_description'...
[0.650s] Invoked command in '/home/ronnakon/FRA333-KINEMATICS/FRA333-Assignment-lab2-template/lab2_ws/build/dummy_description' returned '0': CMAKE_PREFIX_PATH=${CMAKE_PREFIX_PATH}:/opt/ros/foxy /usr/bin/cmake --install /home/ronnakon/FRA333-KINEMATICS/FRA333-Assignment-lab2-template/lab2_ws/build/dummy_description
