[0.032s] Invoking command in '/home/ronnakon/FRA333-KINEMATICS/FRA333-Assignment-lab2-template/lab2_ws/build/robot_23_description': CMAKE_PREFIX_PATH=${CMAKE_PREFIX_PATH}:/opt/ros/foxy /usr/bin/cmake /home/ronnakon/FRA333-KINEMATICS/FRA333-Assignment-lab2-template/lab2_ws/src/robot_23_description -DCMAKE_INSTALL_PREFIX=/home/ronnakon/FRA333-KINEMATICS/FRA333-Assignment-lab2-template/lab2_ws/install/robot_23_description
[0.049s] -- Found ament_cmake: 0.9.9 (/opt/ros/foxy/share/ament_cmake/cmake)
[0.071s] -- Using PYTHON_EXECUTABLE: /usr/bin/python3
[0.202s] -- Override CMake install command with custom implementation using symlinks instead of copying resources
[0.218s] -- Found rclcpp: 2.4.1 (/opt/ros/foxy/share/rclcpp/cmake)
[0.259s] -- Using all available rosidl_typesupport_c: rosidl_typesupport_fastrtps_c;rosidl_typesupport_introspection_c
[0.263s] -- Found rosidl_adapter: 1.2.1 (/opt/ros/foxy/share/rosidl_adapter/cmake)
[0.374s] -- Using all available rosidl_typesupport_cpp: rosidl_typesupport_fastrtps_cpp;rosidl_typesupport_introspection_cpp
[0.423s] -- Found rmw_implementation_cmake: 1.0.3 (/opt/ros/foxy/share/rmw_implementation_cmake/cmake)
[0.425s] -- Using RMW implementation 'rmw_fastrtps_cpp' as default
[0.556s] -- Found rclpy: 1.0.8 (/opt/ros/foxy/share/rclpy/cmake)
[0.610s] -- Configuring done
[0.613s] -- Generating done
[0.614s] -- Build files have been written to: /home/ronnakon/FRA333-KINEMATICS/FRA333-Assignment-lab2-template/lab2_ws/build/robot_23_description
[0.619s] Invoked command in '/home/ronnakon/FRA333-KINEMATICS/FRA333-Assignment-lab2-template/lab2_ws/build/robot_23_description' returned '0': CMAKE_PREFIX_PATH=${CMAKE_PREFIX_PATH}:/opt/ros/foxy /usr/bin/cmake /home/ronnakon/FRA333-KINEMATICS/FRA333-Assignment-lab2-template/lab2_ws/src/robot_23_description -DCMAKE_INSTALL_PREFIX=/home/ronnakon/FRA333-KINEMATICS/FRA333-Assignment-lab2-template/lab2_ws/install/robot_23_description
[0.621s] Invoking command in '/home/ronnakon/FRA333-KINEMATICS/FRA333-Assignment-lab2-template/lab2_ws/build/robot_23_description': CMAKE_PREFIX_PATH=${CMAKE_PREFIX_PATH}:/opt/ros/foxy /usr/bin/cmake --build /home/ronnakon/FRA333-KINEMATICS/FRA333-Assignment-lab2-template/lab2_ws/build/robot_23_description -- -j12 -l12
[0.655s] Invoked command in '/home/ronnakon/FRA333-KINEMATICS/FRA333-Assignment-lab2-template/lab2_ws/build/robot_23_description' returned '0': CMAKE_PREFIX_PATH=${CMAKE_PREFIX_PATH}:/opt/ros/foxy /usr/bin/cmake --build /home/ronnakon/FRA333-KINEMATICS/FRA333-Assignment-lab2-template/lab2_ws/build/robot_23_description -- -j12 -l12
[0.684s] Invoking command in '/home/ronnakon/FRA333-KINEMATICS/FRA333-Assignment-lab2-template/lab2_ws/build/robot_23_description': CMAKE_PREFIX_PATH=${CMAKE_PREFIX_PATH}:/opt/ros/foxy /usr/bin/cmake --install /home/ronnakon/FRA333-KINEMATICS/FRA333-Assignment-lab2-template/lab2_ws/build/robot_23_description
[0.692s] -- Install configuration: ""
[0.692s] -- Execute custom install script
[0.693s] -- Up-to-date symlink: /home/ronnakon/FRA333-KINEMATICS/FRA333-Assignment-lab2-template/lab2_ws/install/robot_23_description/share/robot_23_description/environment/pythonpath.sh
[0.693s] -- Up-to-date symlink: /home/ronnakon/FRA333-KINEMATICS/FRA333-Assignment-lab2-template/lab2_ws/install/robot_23_description/share/robot_23_description/environment/pythonpath.dsv
[0.694s] -- Up-to-date symlink: /home/ronnakon/FRA333-KINEMATICS/FRA333-Assignment-lab2-template/lab2_ws/install/robot_23_description/lib/python3.8/site-packages/robot_23_description/__init__.py
[0.694s] -- Up-to-date symlink: /home/ronnakon/FRA333-KINEMATICS/FRA333-Assignment-lab2-template/lab2_ws/install/robot_23_description/lib/python3.8/site-packages/robot_23_description/dummy_module.py
[0.694s] -- Up-to-date symlink: /home/ronnakon/FRA333-KINEMATICS/FRA333-Assignment-lab2-template/lab2_ws/install/robot_23_description/lib/robot_23_description/dummy_script.py
[0.695s] -- Up-to-date symlink: /home/ronnakon/FRA333-KINEMATICS/FRA333-Assignment-lab2-template/lab2_ws/install/robot_23_description/share/robot_23_description/config/dummy_kinematics.rviz
[0.695s] -- Up-to-date symlink: /home/ronnakon/FRA333-KINEMATICS/FRA333-Assignment-lab2-template/lab2_ws/install/robot_23_description/share/robot_23_description/launch/display.launch.py
[0.695s] -- Up-to-date symlink: /home/ronnakon/FRA333-KINEMATICS/FRA333-Assignment-lab2-template/lab2_ws/install/robot_23_description/share/robot_23_description/launch/ex_display.launch.py
[0.696s] -- Up-to-date symlink: /home/ronnakon/FRA333-KINEMATICS/FRA333-Assignment-lab2-template/lab2_ws/install/robot_23_description/share/robot_23_description/launch/origin_display.launch.py
[0.696s] -- Up-to-date symlink: /home/ronnakon/FRA333-KINEMATICS/FRA333-Assignment-lab2-template/lab2_ws/install/robot_23_description/share/robot_23_description/robot/dummy_description.xacro
[0.696s] -- Up-to-date symlink: /home/ronnakon/FRA333-KINEMATICS/FRA333-Assignment-lab2-template/lab2_ws/install/robot_23_description/share/robot_23_description/meshes/base.STL
[0.696s] -- Up-to-date symlink: /home/ronnakon/FRA333-KINEMATICS/FRA333-Assignment-lab2-template/lab2_ws/install/robot_23_description/share/robot_23_description/meshes/gripper.STL
[0.697s] -- Up-to-date symlink: /home/ronnakon/FRA333-KINEMATICS/FRA333-Assignment-lab2-template/lab2_ws/install/robot_23_description/share/robot_23_description/meshes/link_1.STL
[0.697s] -- Up-to-date symlink: /home/ronnakon/FRA333-KINEMATICS/FRA333-Assignment-lab2-template/lab2_ws/install/robot_23_description/share/robot_23_description/meshes/link_2.STL
[0.697s] -- Up-to-date symlink: /home/ronnakon/FRA333-KINEMATICS/FRA333-Assignment-lab2-template/lab2_ws/install/robot_23_description/share/robot_23_description/meshes/link_3.STL
[0.697s] -- Up-to-date symlink: /home/ronnakon/FRA333-KINEMATICS/FRA333-Assignment-lab2-template/lab2_ws/install/robot_23_description/share/ament_index/resource_index/package_run_dependencies/robot_23_description
[0.697s] -- Up-to-date symlink: /home/ronnakon/FRA333-KINEMATICS/FRA333-Assignment-lab2-template/lab2_ws/install/robot_23_description/share/ament_index/resource_index/parent_prefix_path/robot_23_description
[0.698s] -- Up-to-date symlink: /home/ronnakon/FRA333-KINEMATICS/FRA333-Assignment-lab2-template/lab2_ws/install/robot_23_description/share/robot_23_description/environment/ament_prefix_path.sh
[0.698s] -- Up-to-date symlink: /home/ronnakon/FRA333-KINEMATICS/FRA333-Assignment-lab2-template/lab2_ws/install/robot_23_description/share/robot_23_description/environment/ament_prefix_path.dsv
[0.698s] -- Up-to-date symlink: /home/ronnakon/FRA333-KINEMATICS/FRA333-Assignment-lab2-template/lab2_ws/install/robot_23_description/share/robot_23_description/environment/path.sh
[0.698s] -- Up-to-date symlink: /home/ronnakon/FRA333-KINEMATICS/FRA333-Assignment-lab2-template/lab2_ws/install/robot_23_description/share/robot_23_description/environment/path.dsv
[0.699s] -- Up-to-date symlink: /home/ronnakon/FRA333-KINEMATICS/FRA333-Assignment-lab2-template/lab2_ws/install/robot_23_description/share/robot_23_description/local_setup.bash
[0.699s] -- Up-to-date symlink: /home/ronnakon/FRA333-KINEMATICS/FRA333-Assignment-lab2-template/lab2_ws/install/robot_23_description/share/robot_23_description/local_setup.sh
[0.699s] -- Up-to-date symlink: /home/ronnakon/FRA333-KINEMATICS/FRA333-Assignment-lab2-template/lab2_ws/install/robot_23_description/share/robot_23_description/local_setup.zsh
[0.699s] -- Up-to-date symlink: /home/ronnakon/FRA333-KINEMATICS/FRA333-Assignment-lab2-template/lab2_ws/install/robot_23_description/share/robot_23_description/local_setup.dsv
[0.699s] -- Symlinking: /home/ronnakon/FRA333-KINEMATICS/FRA333-Assignment-lab2-template/lab2_ws/install/robot_23_description/share/robot_23_description/package.dsv
[0.707s] -- Up-to-date symlink: /home/ronnakon/FRA333-KINEMATICS/FRA333-Assignment-lab2-template/lab2_ws/install/robot_23_description/share/ament_index/resource_index/packages/robot_23_description
[0.707s] -- Up-to-date symlink: /home/ronnakon/FRA333-KINEMATICS/FRA333-Assignment-lab2-template/lab2_ws/install/robot_23_description/share/robot_23_description/cmake/robot_23_descriptionConfig.cmake
[0.708s] -- Up-to-date symlink: /home/ronnakon/FRA333-KINEMATICS/FRA333-Assignment-lab2-template/lab2_ws/install/robot_23_description/share/robot_23_description/cmake/robot_23_descriptionConfig-version.cmake
[0.708s] -- Up-to-date symlink: /home/ronnakon/FRA333-KINEMATICS/FRA333-Assignment-lab2-template/lab2_ws/install/robot_23_description/share/robot_23_description/package.xml
[0.730s] Listing '/home/ronnakon/FRA333-KINEMATICS/FRA333-Assignment-lab2-template/lab2_ws/install/robot_23_description/lib/python3.8/site-packages/robot_23_description'...
[0.735s] Invoked command in '/home/ronnakon/FRA333-KINEMATICS/FRA333-Assignment-lab2-template/lab2_ws/build/robot_23_description' returned '0': CMAKE_PREFIX_PATH=${CMAKE_PREFIX_PATH}:/opt/ros/foxy /usr/bin/cmake --install /home/ronnakon/FRA333-KINEMATICS/FRA333-Assignment-lab2-template/lab2_ws/build/robot_23_description
