[0.047s] Invoking command in '/home/ronnakon/FRA333-KINEMATICS/fra333_lab3_23_1/ws/build/robot_interfaces': CMAKE_PREFIX_PATH=${CMAKE_PREFIX_PATH}:/opt/ros/foxy /usr/bin/cmake /home/ronnakon/FRA333-KINEMATICS/fra333_lab3_23_1/ws/src/robot_interfaces -DCMAKE_INSTALL_PREFIX=/home/ronnakon/FRA333-KINEMATICS/fra333_lab3_23_1/ws/install/robot_interfaces
[0.218s] -- The C compiler identification is GNU 9.4.0
[0.336s] -- The CXX compiler identification is GNU 9.4.0
[0.346s] -- Check for working C compiler: /usr/bin/cc
[0.458s] -- Check for working C compiler: /usr/bin/cc -- works
[0.460s] -- Detecting C compiler ABI info
[0.562s] -- Detecting C compiler ABI info - done
[0.575s] -- Detecting C compile features
[0.575s] -- Detecting C compile features - done
[0.580s] -- Check for working CXX compiler: /usr/bin/c++
[0.694s] -- Check for working CXX compiler: /usr/bin/c++ -- works
[0.694s] -- Detecting CXX compiler ABI info
[0.818s] -- Detecting CXX compiler ABI info - done
[0.830s] -- Detecting CXX compile features
[0.830s] -- Detecting CXX compile features - done
[0.839s] -- Found ament_cmake: 0.9.11 (/opt/ros/foxy/share/ament_cmake/cmake)
[0.885s] -- Found PythonInterp: /usr/bin/python3 (found suitable version "3.8.10", minimum required is "3") 
[0.885s] -- Using PYTHON_EXECUTABLE: /usr/bin/python3
[1.217s] -- Found ament_lint_auto: 0.9.7 (/opt/ros/foxy/share/ament_lint_auto/cmake)
[1.360s] -- Found rosidl_default_generators: 1.0.1 (/opt/ros/foxy/share/rosidl_default_generators/cmake)
[1.366s] -- Using all available rosidl_typesupport_c: rosidl_typesupport_fastrtps_c;rosidl_typesupport_introspection_c
[1.375s] -- Found rosidl_adapter: 1.3.0 (/opt/ros/foxy/share/rosidl_adapter/cmake)
[1.535s] -- Found OpenSSL: /usr/lib/x86_64-linux-gnu/libcrypto.so (found version "1.1.1f")  
[1.578s] -- Found FastRTPS: /opt/ros/foxy/include  
[1.699s] -- Using all available rosidl_typesupport_cpp: rosidl_typesupport_fastrtps_cpp;rosidl_typesupport_introspection_cpp
[1.747s] -- Found geometry_msgs: 2.0.5 (/opt/ros/foxy/share/geometry_msgs/cmake)
[1.850s] -- Found sensor_msgs: 2.0.5 (/opt/ros/foxy/share/sensor_msgs/cmake)
[1.982s] -- Found PythonInterp: /usr/bin/python3 (found version "3.8.10") 
[2.244s] -- Found ament_cmake_ros: 0.9.2 (/opt/ros/foxy/share/ament_cmake_ros/cmake)
[2.683s] -- Using all available rosidl_typesupport_c: rosidl_typesupport_fastrtps_c;rosidl_typesupport_introspection_c
[2.939s] -- Using all available rosidl_typesupport_cpp: rosidl_typesupport_fastrtps_cpp;rosidl_typesupport_introspection_cpp
[2.975s] -- Found PythonInterp: /usr/bin/python3 (found suitable version "3.8.10", minimum required is "3.5") 
[2.978s] -- Found python_cmake_module: 0.8.1 (/opt/ros/foxy/share/python_cmake_module/cmake)
[3.036s] -- Found PythonLibs: /usr/lib/x86_64-linux-gnu/libpython3.8.so (found suitable version "3.8.10", minimum required is "3.5") 
[3.037s] -- Using PYTHON_EXECUTABLE: /usr/bin/python3
[3.037s] -- Using PYTHON_INCLUDE_DIRS: /usr/include/python3.8
[3.037s] -- Using PYTHON_LIBRARIES: /usr/lib/x86_64-linux-gnu/libpython3.8.so
[3.072s] -- Found PythonExtra: .so  
[3.223s] -- Added test 'copyright' to check source files copyright and LICENSE
[3.225s] -- Added test 'lint_cmake' to check CMake code style
[3.227s] -- Added test 'xmllint' to check XML markup files
[3.239s] -- Configuring done
[3.349s] -- Generating done
[3.353s] -- Build files have been written to: /home/ronnakon/FRA333-KINEMATICS/fra333_lab3_23_1/ws/build/robot_interfaces
[3.369s] Invoked command in '/home/ronnakon/FRA333-KINEMATICS/fra333_lab3_23_1/ws/build/robot_interfaces' returned '0': CMAKE_PREFIX_PATH=${CMAKE_PREFIX_PATH}:/opt/ros/foxy /usr/bin/cmake /home/ronnakon/FRA333-KINEMATICS/fra333_lab3_23_1/ws/src/robot_interfaces -DCMAKE_INSTALL_PREFIX=/home/ronnakon/FRA333-KINEMATICS/fra333_lab3_23_1/ws/install/robot_interfaces
[3.371s] Invoking command in '/home/ronnakon/FRA333-KINEMATICS/fra333_lab3_23_1/ws/build/robot_interfaces': CMAKE_PREFIX_PATH=${CMAKE_PREFIX_PATH}:/opt/ros/foxy /usr/bin/cmake --build /home/ronnakon/FRA333-KINEMATICS/fra333_lab3_23_1/ws/build/robot_interfaces -- -j4 -l4
[3.444s] [35m[1mScanning dependencies of target robot_interfaces__cpp[0m
[3.450s] [  2%] [34m[1mGenerating C code for ROS interfaces[0m
[3.466s] [  5%] [34m[1mGenerating C++ code for ROS interfaces[0m
[4.095s] [  5%] Built target robot_interfaces__cpp
[4.120s] [  7%] [34m[1mGenerating C++ introspection for ROS interfaces[0m
[4.125s] [ 10%] [34m[1mGenerating C++ type support for eProsima Fast-RTPS[0m
[4.149s] [ 12%] [34m[1mGenerating C++ type support dispatch for ROS interfaces[0m
[4.159s] [35m[1mScanning dependencies of target robot_interfaces__rosidl_generator_c[0m
[4.211s] [ 15%] [32mBuilding C object CMakeFiles/robot_interfaces__rosidl_generator_c.dir/rosidl_generator_c/robot_interfaces/srv/detail/set_goal__functions.c.o[0m
[4.467s] [ 17%] [32mBuilding C object CMakeFiles/robot_interfaces__rosidl_generator_c.dir/rosidl_generator_c/robot_interfaces/srv/detail/solve_ik__functions.c.o[0m
[4.844s] [ 20%] [32m[1mLinking C shared library librobot_interfaces__rosidl_generator_c.so[0m
[5.206s] [ 20%] Built target robot_interfaces__rosidl_generator_c
[5.285s] [ 23%] [34m[1mGenerating C type support dispatch for ROS interfaces[0m
[5.290s] [35m[1mScanning dependencies of target robot_interfaces__rosidl_typesupport_introspection_cpp[0m
[5.419s] [ 25%] [32mBuilding CXX object CMakeFiles/robot_interfaces__rosidl_typesupport_introspection_cpp.dir/rosidl_typesupport_introspection_cpp/robot_interfaces/srv/detail/set_goal__type_support.cpp.o[0m
[5.562s] [35m[1mScanning dependencies of target robot_interfaces__rosidl_typesupport_cpp[0m
[5.572s] [35m[1mScanning dependencies of target robot_interfaces__rosidl_typesupport_fastrtps_cpp[0m
[5.603s] [ 28%] [32mBuilding CXX object CMakeFiles/robot_interfaces__rosidl_typesupport_cpp.dir/rosidl_typesupport_cpp/robot_interfaces/srv/set_goal__type_support.cpp.o[0m
[5.634s] [ 30%] [32mBuilding CXX object CMakeFiles/robot_interfaces__rosidl_typesupport_fastrtps_cpp.dir/rosidl_typesupport_fastrtps_cpp/robot_interfaces/srv/detail/dds_fastrtps/set_goal__type_support.cpp.o[0m
[6.357s] [ 33%] [32mBuilding CXX object CMakeFiles/robot_interfaces__rosidl_typesupport_cpp.dir/rosidl_typesupport_cpp/robot_interfaces/srv/solve_ik__type_support.cpp.o[0m
[6.392s] [35m[1mScanning dependencies of target robot_interfaces__rosidl_typesupport_c[0m
[6.433s] [ 35%] [32mBuilding CXX object CMakeFiles/robot_interfaces__rosidl_typesupport_c.dir/rosidl_typesupport_c/robot_interfaces/srv/set_goal__type_support.cpp.o[0m
[6.494s] [ 38%] [32mBuilding CXX object CMakeFiles/robot_interfaces__rosidl_typesupport_introspection_cpp.dir/rosidl_typesupport_introspection_cpp/robot_interfaces/srv/detail/solve_ik__type_support.cpp.o[0m
[6.517s] [ 41%] [32mBuilding CXX object CMakeFiles/robot_interfaces__rosidl_typesupport_c.dir/rosidl_typesupport_c/robot_interfaces/srv/solve_ik__type_support.cpp.o[0m
[6.656s] [ 43%] [32m[1mLinking CXX shared library librobot_interfaces__rosidl_typesupport_c.so[0m
[6.819s] [ 43%] Built target robot_interfaces__rosidl_typesupport_c
[6.911s] [ 46%] [34m[1mGenerating C introspection for ROS interfaces[0m
[7.177s] [ 48%] [32m[1mLinking CXX shared library librobot_interfaces__rosidl_typesupport_cpp.so[0m
[7.279s] [ 48%] Built target robot_interfaces__rosidl_typesupport_cpp
[7.309s] [ 51%] [32mBuilding CXX object CMakeFiles/robot_interfaces__rosidl_typesupport_fastrtps_cpp.dir/rosidl_typesupport_fastrtps_cpp/robot_interfaces/srv/detail/dds_fastrtps/solve_ik__type_support.cpp.o[0m
[7.546s] [ 53%] [32m[1mLinking CXX shared library librobot_interfaces__rosidl_typesupport_introspection_cpp.so[0m
[7.796s] [ 53%] Built target robot_interfaces__rosidl_typesupport_introspection_cpp
[7.841s] [35m[1mScanning dependencies of target robot_interfaces__rosidl_typesupport_introspection_c[0m
[7.886s] [ 56%] [32mBuilding C object CMakeFiles/robot_interfaces__rosidl_typesupport_introspection_c.dir/rosidl_typesupport_introspection_c/robot_interfaces/srv/detail/set_goal__type_support.c.o[0m
[7.894s] [ 58%] [32mBuilding C object CMakeFiles/robot_interfaces__rosidl_typesupport_introspection_c.dir/rosidl_typesupport_introspection_c/robot_interfaces/srv/detail/solve_ik__type_support.c.o[0m
[7.976s] [ 61%] [32m[1mLinking C shared library librobot_interfaces__rosidl_typesupport_introspection_c.so[0m
[8.049s] [ 61%] Built target robot_interfaces__rosidl_typesupport_introspection_c
[8.223s] [ 64%] [32m[1mLinking CXX shared library librobot_interfaces__rosidl_typesupport_fastrtps_cpp.so[0m
[8.453s] [ 64%] Built target robot_interfaces__rosidl_typesupport_fastrtps_cpp
[8.473s] [ 66%] [34m[1mGenerating C type support for eProsima Fast-RTPS[0m
[9.020s] [35m[1mScanning dependencies of target robot_interfaces__rosidl_typesupport_fastrtps_c[0m
[9.077s] [ 69%] [32mBuilding CXX object CMakeFiles/robot_interfaces__rosidl_typesupport_fastrtps_c.dir/rosidl_typesupport_fastrtps_c/robot_interfaces/srv/detail/solve_ik__type_support_c.cpp.o[0m
[9.077s] [ 71%] [32mBuilding CXX object CMakeFiles/robot_interfaces__rosidl_typesupport_fastrtps_c.dir/rosidl_typesupport_fastrtps_c/robot_interfaces/srv/detail/set_goal__type_support_c.cpp.o[0m
[9.872s] [ 74%] [32m[1mLinking CXX shared library librobot_interfaces__rosidl_typesupport_fastrtps_c.so[0m
[10.105s] [ 74%] Built target robot_interfaces__rosidl_typesupport_fastrtps_c
[10.124s] [35m[1mScanning dependencies of target robot_interfaces[0m
[10.146s] [ 74%] Built target robot_interfaces
[10.170s] [35m[1mScanning dependencies of target robot_interfaces__py[0m
[10.191s] [ 76%] [34m[1mGenerating Python code for ROS interfaces[0m
[11.448s] [ 76%] Built target robot_interfaces__py
[11.466s] [35m[1mScanning dependencies of target robot_interfaces__python[0m
[11.504s] [ 82%] [32mBuilding C object CMakeFiles/robot_interfaces__python.dir/rosidl_generator_py/robot_interfaces/srv/_solve_ik_s.c.o[0m
[11.504s] [ 82%] [32mBuilding C object CMakeFiles/robot_interfaces__python.dir/rosidl_generator_py/robot_interfaces/srv/_set_goal_s.c.o[0m
[11.720s] [ 84%] [32m[1mLinking C shared library rosidl_generator_py/robot_interfaces/librobot_interfaces__python.so[0m
[11.807s] [ 84%] Built target robot_interfaces__python
[11.827s] [35m[1mScanning dependencies of target robot_interfaces__rosidl_typesupport_c__pyext[0m
[11.827s] [35m[1mScanning dependencies of target robot_interfaces__rosidl_typesupport_fastrtps_c__pyext[0m
[11.827s] [35m[1mScanning dependencies of target robot_interfaces__rosidl_typesupport_introspection_c__pyext[0m
[11.876s] [ 92%] [32mBuilding C object CMakeFiles/robot_interfaces__rosidl_typesupport_fastrtps_c__pyext.dir/rosidl_generator_py/robot_interfaces/_robot_interfaces_s.ep.rosidl_typesupport_fastrtps_c.c.o[0m
[11.876s] [ 92%] [32mBuilding C object CMakeFiles/robot_interfaces__rosidl_typesupport_introspection_c__pyext.dir/rosidl_generator_py/robot_interfaces/_robot_interfaces_s.ep.rosidl_typesupport_introspection_c.c.o[0m
[11.876s] [ 92%] [32mBuilding C object CMakeFiles/robot_interfaces__rosidl_typesupport_c__pyext.dir/rosidl_generator_py/robot_interfaces/_robot_interfaces_s.ep.rosidl_typesupport_c.c.o[0m
[12.099s] [ 94%] [32m[1mLinking CXX shared library rosidl_generator_py/robot_interfaces/robot_interfaces_s__rosidl_typesupport_fastrtps_c.cpython-38-x86_64-linux-gnu.so[0m
[12.105s] [ 97%] [32m[1mLinking C shared library rosidl_generator_py/robot_interfaces/robot_interfaces_s__rosidl_typesupport_c.cpython-38-x86_64-linux-gnu.so[0m
[12.107s] [100%] [32m[1mLinking C shared library rosidl_generator_py/robot_interfaces/robot_interfaces_s__rosidl_typesupport_introspection_c.cpython-38-x86_64-linux-gnu.so[0m
[12.200s] [100%] Built target robot_interfaces__rosidl_typesupport_c__pyext
[12.207s] [100%] Built target robot_interfaces__rosidl_typesupport_introspection_c__pyext
[12.272s] [100%] Built target robot_interfaces__rosidl_typesupport_fastrtps_c__pyext
[12.299s] Invoked command in '/home/ronnakon/FRA333-KINEMATICS/fra333_lab3_23_1/ws/build/robot_interfaces' returned '0': CMAKE_PREFIX_PATH=${CMAKE_PREFIX_PATH}:/opt/ros/foxy /usr/bin/cmake --build /home/ronnakon/FRA333-KINEMATICS/fra333_lab3_23_1/ws/build/robot_interfaces -- -j4 -l4
[12.417s] Invoking command in '/home/ronnakon/FRA333-KINEMATICS/fra333_lab3_23_1/ws/build/robot_interfaces': CMAKE_PREFIX_PATH=${CMAKE_PREFIX_PATH}:/opt/ros/foxy /usr/bin/cmake --install /home/ronnakon/FRA333-KINEMATICS/fra333_lab3_23_1/ws/build/robot_interfaces
[12.440s] -- Install configuration: ""
[12.440s] -- Installing: /home/ronnakon/FRA333-KINEMATICS/fra333_lab3_23_1/ws/install/robot_interfaces/share/ament_index/resource_index/rosidl_interfaces/robot_interfaces
[12.440s] -- Installing: /home/ronnakon/FRA333-KINEMATICS/fra333_lab3_23_1/ws/install/robot_interfaces/include/robot_interfaces
[12.440s] -- Installing: /home/ronnakon/FRA333-KINEMATICS/fra333_lab3_23_1/ws/install/robot_interfaces/include/robot_interfaces/msg
[12.441s] -- Installing: /home/ronnakon/FRA333-KINEMATICS/fra333_lab3_23_1/ws/install/robot_interfaces/include/robot_interfaces/msg/rosidl_generator_c__visibility_control.h
[12.441s] -- Installing: /home/ronnakon/FRA333-KINEMATICS/fra333_lab3_23_1/ws/install/robot_interfaces/include/robot_interfaces/srv
[12.441s] -- Installing: /home/ronnakon/FRA333-KINEMATICS/fra333_lab3_23_1/ws/install/robot_interfaces/include/robot_interfaces/srv/detail
[12.441s] -- Installing: /home/ronnakon/FRA333-KINEMATICS/fra333_lab3_23_1/ws/install/robot_interfaces/include/robot_interfaces/srv/detail/set_goal__functions.h
[12.441s] -- Installing: /home/ronnakon/FRA333-KINEMATICS/fra333_lab3_23_1/ws/install/robot_interfaces/include/robot_interfaces/srv/detail/set_goal__functions.c
[12.441s] -- Installing: /home/ronnakon/FRA333-KINEMATICS/fra333_lab3_23_1/ws/install/robot_interfaces/include/robot_interfaces/srv/detail/solve_ik__struct.h
[12.442s] -- Installing: /home/ronnakon/FRA333-KINEMATICS/fra333_lab3_23_1/ws/install/robot_interfaces/include/robot_interfaces/srv/detail/solve_ik__type_support.h
[12.442s] -- Installing: /home/ronnakon/FRA333-KINEMATICS/fra333_lab3_23_1/ws/install/robot_interfaces/include/robot_interfaces/srv/detail/solve_ik__functions.h
[12.442s] -- Installing: /home/ronnakon/FRA333-KINEMATICS/fra333_lab3_23_1/ws/install/robot_interfaces/include/robot_interfaces/srv/detail/set_goal__struct.h
[12.442s] -- Installing: /home/ronnakon/FRA333-KINEMATICS/fra333_lab3_23_1/ws/install/robot_interfaces/include/robot_interfaces/srv/detail/set_goal__type_support.h
[12.442s] -- Installing: /home/ronnakon/FRA333-KINEMATICS/fra333_lab3_23_1/ws/install/robot_interfaces/include/robot_interfaces/srv/detail/solve_ik__functions.c
[12.442s] -- Installing: /home/ronnakon/FRA333-KINEMATICS/fra333_lab3_23_1/ws/install/robot_interfaces/include/robot_interfaces/srv/solve_ik.h
[12.443s] -- Installing: /home/ronnakon/FRA333-KINEMATICS/fra333_lab3_23_1/ws/install/robot_interfaces/include/robot_interfaces/srv/set_goal.h
[12.443s] -- Installing: /home/ronnakon/FRA333-KINEMATICS/fra333_lab3_23_1/ws/install/robot_interfaces/share/robot_interfaces/environment/library_path.sh
[12.443s] -- Installing: /home/ronnakon/FRA333-KINEMATICS/fra333_lab3_23_1/ws/install/robot_interfaces/share/robot_interfaces/environment/library_path.dsv
[12.444s] -- Installing: /home/ronnakon/FRA333-KINEMATICS/fra333_lab3_23_1/ws/install/robot_interfaces/lib/librobot_interfaces__rosidl_generator_c.so
[12.445s] -- Set runtime path of "/home/ronnakon/FRA333-KINEMATICS/fra333_lab3_23_1/ws/install/robot_interfaces/lib/librobot_interfaces__rosidl_generator_c.so" to ""
[12.445s] -- Up-to-date: /home/ronnakon/FRA333-KINEMATICS/fra333_lab3_23_1/ws/install/robot_interfaces/include/robot_interfaces
[12.446s] -- Up-to-date: /home/ronnakon/FRA333-KINEMATICS/fra333_lab3_23_1/ws/install/robot_interfaces/include/robot_interfaces/msg
[12.446s] -- Installing: /home/ronnakon/FRA333-KINEMATICS/fra333_lab3_23_1/ws/install/robot_interfaces/include/robot_interfaces/msg/rosidl_typesupport_fastrtps_c__visibility_control.h
[12.446s] -- Up-to-date: /home/ronnakon/FRA333-KINEMATICS/fra333_lab3_23_1/ws/install/robot_interfaces/include/robot_interfaces/srv
[12.446s] -- Up-to-date: /home/ronnakon/FRA333-KINEMATICS/fra333_lab3_23_1/ws/install/robot_interfaces/include/robot_interfaces/srv/detail
[12.446s] -- Installing: /home/ronnakon/FRA333-KINEMATICS/fra333_lab3_23_1/ws/install/robot_interfaces/include/robot_interfaces/srv/detail/solve_ik__rosidl_typesupport_fastrtps_c.h
[12.447s] -- Installing: /home/ronnakon/FRA333-KINEMATICS/fra333_lab3_23_1/ws/install/robot_interfaces/include/robot_interfaces/srv/detail/set_goal__rosidl_typesupport_fastrtps_c.h
[12.447s] -- Installing: /home/ronnakon/FRA333-KINEMATICS/fra333_lab3_23_1/ws/install/robot_interfaces/lib/librobot_interfaces__rosidl_typesupport_fastrtps_c.so
[12.447s] -- Set runtime path of "/home/ronnakon/FRA333-KINEMATICS/fra333_lab3_23_1/ws/install/robot_interfaces/lib/librobot_interfaces__rosidl_typesupport_fastrtps_c.so" to ""
[12.447s] -- Up-to-date: /home/ronnakon/FRA333-KINEMATICS/fra333_lab3_23_1/ws/install/robot_interfaces/include/robot_interfaces
[12.448s] -- Up-to-date: /home/ronnakon/FRA333-KINEMATICS/fra333_lab3_23_1/ws/install/robot_interfaces/include/robot_interfaces/msg
[12.448s] -- Installing: /home/ronnakon/FRA333-KINEMATICS/fra333_lab3_23_1/ws/install/robot_interfaces/include/robot_interfaces/msg/rosidl_typesupport_fastrtps_cpp__visibility_control.h
[12.448s] -- Up-to-date: /home/ronnakon/FRA333-KINEMATICS/fra333_lab3_23_1/ws/install/robot_interfaces/include/robot_interfaces/srv
[12.448s] -- Up-to-date: /home/ronnakon/FRA333-KINEMATICS/fra333_lab3_23_1/ws/install/robot_interfaces/include/robot_interfaces/srv/detail
[12.448s] -- Installing: /home/ronnakon/FRA333-KINEMATICS/fra333_lab3_23_1/ws/install/robot_interfaces/include/robot_interfaces/srv/detail/set_goal__rosidl_typesupport_fastrtps_cpp.hpp
[12.448s] -- Installing: /home/ronnakon/FRA333-KINEMATICS/fra333_lab3_23_1/ws/install/robot_interfaces/include/robot_interfaces/srv/detail/dds_fastrtps
[12.449s] -- Installing: /home/ronnakon/FRA333-KINEMATICS/fra333_lab3_23_1/ws/install/robot_interfaces/include/robot_interfaces/srv/detail/solve_ik__rosidl_typesupport_fastrtps_cpp.hpp
[12.449s] -- Installing: /home/ronnakon/FRA333-KINEMATICS/fra333_lab3_23_1/ws/install/robot_interfaces/lib/librobot_interfaces__rosidl_typesupport_fastrtps_cpp.so
[12.449s] -- Set runtime path of "/home/ronnakon/FRA333-KINEMATICS/fra333_lab3_23_1/ws/install/robot_interfaces/lib/librobot_interfaces__rosidl_typesupport_fastrtps_cpp.so" to ""
[12.449s] -- Up-to-date: /home/ronnakon/FRA333-KINEMATICS/fra333_lab3_23_1/ws/install/robot_interfaces/include/robot_interfaces
[12.450s] -- Up-to-date: /home/ronnakon/FRA333-KINEMATICS/fra333_lab3_23_1/ws/install/robot_interfaces/include/robot_interfaces/msg
[12.450s] -- Installing: /home/ronnakon/FRA333-KINEMATICS/fra333_lab3_23_1/ws/install/robot_interfaces/include/robot_interfaces/msg/rosidl_typesupport_introspection_c__visibility_control.h
[12.450s] -- Up-to-date: /home/ronnakon/FRA333-KINEMATICS/fra333_lab3_23_1/ws/install/robot_interfaces/include/robot_interfaces/srv
[12.450s] -- Up-to-date: /home/ronnakon/FRA333-KINEMATICS/fra333_lab3_23_1/ws/install/robot_interfaces/include/robot_interfaces/srv/detail
[12.450s] -- Installing: /home/ronnakon/FRA333-KINEMATICS/fra333_lab3_23_1/ws/install/robot_interfaces/include/robot_interfaces/srv/detail/set_goal__rosidl_typesupport_introspection_c.h
[12.451s] -- Installing: /home/ronnakon/FRA333-KINEMATICS/fra333_lab3_23_1/ws/install/robot_interfaces/include/robot_interfaces/srv/detail/set_goal__type_support.c
[12.451s] -- Installing: /home/ronnakon/FRA333-KINEMATICS/fra333_lab3_23_1/ws/install/robot_interfaces/include/robot_interfaces/srv/detail/solve_ik__type_support.c
[12.451s] -- Installing: /home/ronnakon/FRA333-KINEMATICS/fra333_lab3_23_1/ws/install/robot_interfaces/include/robot_interfaces/srv/detail/solve_ik__rosidl_typesupport_introspection_c.h
[12.451s] -- Installing: /home/ronnakon/FRA333-KINEMATICS/fra333_lab3_23_1/ws/install/robot_interfaces/lib/librobot_interfaces__rosidl_typesupport_introspection_c.so
[12.452s] -- Set runtime path of "/home/ronnakon/FRA333-KINEMATICS/fra333_lab3_23_1/ws/install/robot_interfaces/lib/librobot_interfaces__rosidl_typesupport_introspection_c.so" to ""
[12.452s] -- Installing: /home/ronnakon/FRA333-KINEMATICS/fra333_lab3_23_1/ws/install/robot_interfaces/lib/librobot_interfaces__rosidl_typesupport_c.so
[12.453s] -- Set runtime path of "/home/ronnakon/FRA333-KINEMATICS/fra333_lab3_23_1/ws/install/robot_interfaces/lib/librobot_interfaces__rosidl_typesupport_c.so" to ""
[12.453s] -- Up-to-date: /home/ronnakon/FRA333-KINEMATICS/fra333_lab3_23_1/ws/install/robot_interfaces/include/robot_interfaces
[12.454s] -- Up-to-date: /home/ronnakon/FRA333-KINEMATICS/fra333_lab3_23_1/ws/install/robot_interfaces/include/robot_interfaces/srv
[12.454s] -- Installing: /home/ronnakon/FRA333-KINEMATICS/fra333_lab3_23_1/ws/install/robot_interfaces/include/robot_interfaces/srv/solve_ik.hpp
[12.454s] -- Installing: /home/ronnakon/FRA333-KINEMATICS/fra333_lab3_23_1/ws/install/robot_interfaces/include/robot_interfaces/srv/set_goal.hpp
[12.454s] -- Up-to-date: /home/ronnakon/FRA333-KINEMATICS/fra333_lab3_23_1/ws/install/robot_interfaces/include/robot_interfaces/srv/detail
[12.454s] -- Installing: /home/ronnakon/FRA333-KINEMATICS/fra333_lab3_23_1/ws/install/robot_interfaces/include/robot_interfaces/srv/detail/solve_ik__builder.hpp
[12.455s] -- Installing: /home/ronnakon/FRA333-KINEMATICS/fra333_lab3_23_1/ws/install/robot_interfaces/include/robot_interfaces/srv/detail/set_goal__traits.hpp
[12.455s] -- Installing: /home/ronnakon/FRA333-KINEMATICS/fra333_lab3_23_1/ws/install/robot_interfaces/include/robot_interfaces/srv/detail/solve_ik__traits.hpp
[12.455s] -- Installing: /home/ronnakon/FRA333-KINEMATICS/fra333_lab3_23_1/ws/install/robot_interfaces/include/robot_interfaces/srv/detail/set_goal__struct.hpp
[12.455s] -- Installing: /home/ronnakon/FRA333-KINEMATICS/fra333_lab3_23_1/ws/install/robot_interfaces/include/robot_interfaces/srv/detail/set_goal__builder.hpp
[12.455s] -- Installing: /home/ronnakon/FRA333-KINEMATICS/fra333_lab3_23_1/ws/install/robot_interfaces/include/robot_interfaces/srv/detail/solve_ik__struct.hpp
[12.456s] -- Up-to-date: /home/ronnakon/FRA333-KINEMATICS/fra333_lab3_23_1/ws/install/robot_interfaces/include/robot_interfaces
[12.456s] -- Up-to-date: /home/ronnakon/FRA333-KINEMATICS/fra333_lab3_23_1/ws/install/robot_interfaces/include/robot_interfaces/srv
[12.456s] -- Up-to-date: /home/ronnakon/FRA333-KINEMATICS/fra333_lab3_23_1/ws/install/robot_interfaces/include/robot_interfaces/srv/detail
[12.456s] -- Installing: /home/ronnakon/FRA333-KINEMATICS/fra333_lab3_23_1/ws/install/robot_interfaces/include/robot_interfaces/srv/detail/solve_ik__type_support.cpp
[12.456s] -- Installing: /home/ronnakon/FRA333-KINEMATICS/fra333_lab3_23_1/ws/install/robot_interfaces/include/robot_interfaces/srv/detail/set_goal__rosidl_typesupport_introspection_cpp.hpp
[12.456s] -- Installing: /home/ronnakon/FRA333-KINEMATICS/fra333_lab3_23_1/ws/install/robot_interfaces/include/robot_interfaces/srv/detail/solve_ik__rosidl_typesupport_introspection_cpp.hpp
[12.456s] -- Installing: /home/ronnakon/FRA333-KINEMATICS/fra333_lab3_23_1/ws/install/robot_interfaces/include/robot_interfaces/srv/detail/set_goal__type_support.cpp
[12.457s] -- Installing: /home/ronnakon/FRA333-KINEMATICS/fra333_lab3_23_1/ws/install/robot_interfaces/lib/librobot_interfaces__rosidl_typesupport_introspection_cpp.so
[12.457s] -- Set runtime path of "/home/ronnakon/FRA333-KINEMATICS/fra333_lab3_23_1/ws/install/robot_interfaces/lib/librobot_interfaces__rosidl_typesupport_introspection_cpp.so" to ""
[12.457s] -- Installing: /home/ronnakon/FRA333-KINEMATICS/fra333_lab3_23_1/ws/install/robot_interfaces/lib/librobot_interfaces__rosidl_typesupport_cpp.so
[12.458s] -- Set runtime path of "/home/ronnakon/FRA333-KINEMATICS/fra333_lab3_23_1/ws/install/robot_interfaces/lib/librobot_interfaces__rosidl_typesupport_cpp.so" to ""
[12.458s] -- Installing: /home/ronnakon/FRA333-KINEMATICS/fra333_lab3_23_1/ws/install/robot_interfaces/share/robot_interfaces/environment/pythonpath.sh
[12.458s] -- Installing: /home/ronnakon/FRA333-KINEMATICS/fra333_lab3_23_1/ws/install/robot_interfaces/share/robot_interfaces/environment/pythonpath.dsv
[12.459s] -- Installing: /home/ronnakon/FRA333-KINEMATICS/fra333_lab3_23_1/ws/install/robot_interfaces/lib/python3.8/site-packages/robot_interfaces/__init__.py
[12.513s] Compiling '/home/ronnakon/FRA333-KINEMATICS/fra333_lab3_23_1/ws/install/robot_interfaces/lib/python3.8/site-packages/robot_interfaces/__init__.py'...
[12.523s] -- Installing: /home/ronnakon/FRA333-KINEMATICS/fra333_lab3_23_1/ws/install/robot_interfaces/lib/python3.8/site-packages/robot_interfaces/srv
[12.523s] -- Installing: /home/ronnakon/FRA333-KINEMATICS/fra333_lab3_23_1/ws/install/robot_interfaces/lib/python3.8/site-packages/robot_interfaces/srv/_solve_ik.py
[12.523s] -- Installing: /home/ronnakon/FRA333-KINEMATICS/fra333_lab3_23_1/ws/install/robot_interfaces/lib/python3.8/site-packages/robot_interfaces/srv/__init__.py
[12.523s] -- Installing: /home/ronnakon/FRA333-KINEMATICS/fra333_lab3_23_1/ws/install/robot_interfaces/lib/python3.8/site-packages/robot_interfaces/srv/_set_goal_s.c
[12.524s] -- Installing: /home/ronnakon/FRA333-KINEMATICS/fra333_lab3_23_1/ws/install/robot_interfaces/lib/python3.8/site-packages/robot_interfaces/srv/_set_goal.py
[12.524s] -- Installing: /home/ronnakon/FRA333-KINEMATICS/fra333_lab3_23_1/ws/install/robot_interfaces/lib/python3.8/site-packages/robot_interfaces/srv/_solve_ik_s.c
[12.524s] -- Installing: /home/ronnakon/FRA333-KINEMATICS/fra333_lab3_23_1/ws/install/robot_interfaces/lib/python3.8/site-packages/robot_interfaces/robot_interfaces_s__rosidl_typesupport_fastrtps_c.cpython-38-x86_64-linux-gnu.so
[12.525s] -- Set runtime path of "/home/ronnakon/FRA333-KINEMATICS/fra333_lab3_23_1/ws/install/robot_interfaces/lib/python3.8/site-packages/robot_interfaces/robot_interfaces_s__rosidl_typesupport_fastrtps_c.cpython-38-x86_64-linux-gnu.so" to ""
[12.525s] -- Installing: /home/ronnakon/FRA333-KINEMATICS/fra333_lab3_23_1/ws/install/robot_interfaces/lib/python3.8/site-packages/robot_interfaces/robot_interfaces_s__rosidl_typesupport_introspection_c.cpython-38-x86_64-linux-gnu.so
[12.526s] -- Set runtime path of "/home/ronnakon/FRA333-KINEMATICS/fra333_lab3_23_1/ws/install/robot_interfaces/lib/python3.8/site-packages/robot_interfaces/robot_interfaces_s__rosidl_typesupport_introspection_c.cpython-38-x86_64-linux-gnu.so" to ""
[12.526s] -- Installing: /home/ronnakon/FRA333-KINEMATICS/fra333_lab3_23_1/ws/install/robot_interfaces/lib/python3.8/site-packages/robot_interfaces/robot_interfaces_s__rosidl_typesupport_c.cpython-38-x86_64-linux-gnu.so
[12.527s] -- Set runtime path of "/home/ronnakon/FRA333-KINEMATICS/fra333_lab3_23_1/ws/install/robot_interfaces/lib/python3.8/site-packages/robot_interfaces/robot_interfaces_s__rosidl_typesupport_c.cpython-38-x86_64-linux-gnu.so" to ""
[12.527s] -- Installing: /home/ronnakon/FRA333-KINEMATICS/fra333_lab3_23_1/ws/install/robot_interfaces/lib/librobot_interfaces__python.so
[12.528s] -- Set runtime path of "/home/ronnakon/FRA333-KINEMATICS/fra333_lab3_23_1/ws/install/robot_interfaces/lib/librobot_interfaces__python.so" to ""
[12.528s] -- Installing: /home/ronnakon/FRA333-KINEMATICS/fra333_lab3_23_1/ws/install/robot_interfaces/share/robot_interfaces/srv/SetGoal.idl
[12.529s] -- Installing: /home/ronnakon/FRA333-KINEMATICS/fra333_lab3_23_1/ws/install/robot_interfaces/share/robot_interfaces/srv/SolveIK.idl
[12.529s] -- Installing: /home/ronnakon/FRA333-KINEMATICS/fra333_lab3_23_1/ws/install/robot_interfaces/share/robot_interfaces/srv/SetGoal.srv
[12.529s] -- Installing: /home/ronnakon/FRA333-KINEMATICS/fra333_lab3_23_1/ws/install/robot_interfaces/share/robot_interfaces/srv/SetGoal_Request.msg
[12.530s] -- Installing: /home/ronnakon/FRA333-KINEMATICS/fra333_lab3_23_1/ws/install/robot_interfaces/share/robot_interfaces/srv/SetGoal_Response.msg
[12.530s] -- Installing: /home/ronnakon/FRA333-KINEMATICS/fra333_lab3_23_1/ws/install/robot_interfaces/share/robot_interfaces/srv/SolveIK.srv
[12.530s] -- Installing: /home/ronnakon/FRA333-KINEMATICS/fra333_lab3_23_1/ws/install/robot_interfaces/share/robot_interfaces/srv/SolveIK_Request.msg
[12.530s] -- Installing: /home/ronnakon/FRA333-KINEMATICS/fra333_lab3_23_1/ws/install/robot_interfaces/share/robot_interfaces/srv/SolveIK_Response.msg
[12.531s] -- Installing: /home/ronnakon/FRA333-KINEMATICS/fra333_lab3_23_1/ws/install/robot_interfaces/share/ament_index/resource_index/package_run_dependencies/robot_interfaces
[12.531s] -- Installing: /home/ronnakon/FRA333-KINEMATICS/fra333_lab3_23_1/ws/install/robot_interfaces/share/ament_index/resource_index/parent_prefix_path/robot_interfaces
[12.531s] -- Installing: /home/ronnakon/FRA333-KINEMATICS/fra333_lab3_23_1/ws/install/robot_interfaces/share/robot_interfaces/environment/ament_prefix_path.sh
[12.532s] -- Installing: /home/ronnakon/FRA333-KINEMATICS/fra333_lab3_23_1/ws/install/robot_interfaces/share/robot_interfaces/environment/ament_prefix_path.dsv
[12.533s] -- Installing: /home/ronnakon/FRA333-KINEMATICS/fra333_lab3_23_1/ws/install/robot_interfaces/share/robot_interfaces/environment/path.sh
[12.533s] -- Installing: /home/ronnakon/FRA333-KINEMATICS/fra333_lab3_23_1/ws/install/robot_interfaces/share/robot_interfaces/environment/path.dsv
[12.533s] -- Installing: /home/ronnakon/FRA333-KINEMATICS/fra333_lab3_23_1/ws/install/robot_interfaces/share/robot_interfaces/local_setup.bash
[12.533s] -- Installing: /home/ronnakon/FRA333-KINEMATICS/fra333_lab3_23_1/ws/install/robot_interfaces/share/robot_interfaces/local_setup.sh
[12.533s] -- Installing: /home/ronnakon/FRA333-KINEMATICS/fra333_lab3_23_1/ws/install/robot_interfaces/share/robot_interfaces/local_setup.zsh
[12.533s] -- Installing: /home/ronnakon/FRA333-KINEMATICS/fra333_lab3_23_1/ws/install/robot_interfaces/share/robot_interfaces/local_setup.dsv
[12.534s] -- Installing: /home/ronnakon/FRA333-KINEMATICS/fra333_lab3_23_1/ws/install/robot_interfaces/share/robot_interfaces/package.dsv
[12.534s] -- Installing: /home/ronnakon/FRA333-KINEMATICS/fra333_lab3_23_1/ws/install/robot_interfaces/share/ament_index/resource_index/packages/robot_interfaces
[12.534s] -- Installing: /home/ronnakon/FRA333-KINEMATICS/fra333_lab3_23_1/ws/install/robot_interfaces/share/robot_interfaces/cmake/robot_interfaces__rosidl_generator_cExport.cmake
[12.534s] -- Installing: /home/ronnakon/FRA333-KINEMATICS/fra333_lab3_23_1/ws/install/robot_interfaces/share/robot_interfaces/cmake/robot_interfaces__rosidl_generator_cExport-noconfig.cmake
[12.534s] -- Installing: /home/ronnakon/FRA333-KINEMATICS/fra333_lab3_23_1/ws/install/robot_interfaces/share/robot_interfaces/cmake/robot_interfaces__rosidl_typesupport_introspection_cExport.cmake
[12.534s] -- Installing: /home/ronnakon/FRA333-KINEMATICS/fra333_lab3_23_1/ws/install/robot_interfaces/share/robot_interfaces/cmake/robot_interfaces__rosidl_typesupport_introspection_cExport-noconfig.cmake
[12.535s] -- Installing: /home/ronnakon/FRA333-KINEMATICS/fra333_lab3_23_1/ws/install/robot_interfaces/share/robot_interfaces/cmake/robot_interfaces__rosidl_typesupport_cExport.cmake
[12.535s] -- Installing: /home/ronnakon/FRA333-KINEMATICS/fra333_lab3_23_1/ws/install/robot_interfaces/share/robot_interfaces/cmake/robot_interfaces__rosidl_typesupport_cExport-noconfig.cmake
[12.535s] -- Installing: /home/ronnakon/FRA333-KINEMATICS/fra333_lab3_23_1/ws/install/robot_interfaces/share/robot_interfaces/cmake/robot_interfaces__rosidl_generator_cppExport.cmake
[12.535s] -- Installing: /home/ronnakon/FRA333-KINEMATICS/fra333_lab3_23_1/ws/install/robot_interfaces/share/robot_interfaces/cmake/robot_interfaces__rosidl_typesupport_introspection_cppExport.cmake
[12.535s] -- Installing: /home/ronnakon/FRA333-KINEMATICS/fra333_lab3_23_1/ws/install/robot_interfaces/share/robot_interfaces/cmake/robot_interfaces__rosidl_typesupport_introspection_cppExport-noconfig.cmake
[12.536s] -- Installing: /home/ronnakon/FRA333-KINEMATICS/fra333_lab3_23_1/ws/install/robot_interfaces/share/robot_interfaces/cmake/robot_interfaces__rosidl_typesupport_cppExport.cmake
[12.536s] -- Installing: /home/ronnakon/FRA333-KINEMATICS/fra333_lab3_23_1/ws/install/robot_interfaces/share/robot_interfaces/cmake/robot_interfaces__rosidl_typesupport_cppExport-noconfig.cmake
[12.536s] -- Installing: /home/ronnakon/FRA333-KINEMATICS/fra333_lab3_23_1/ws/install/robot_interfaces/share/robot_interfaces/cmake/rosidl_cmake-extras.cmake
[12.536s] -- Installing: /home/ronnakon/FRA333-KINEMATICS/fra333_lab3_23_1/ws/install/robot_interfaces/share/robot_interfaces/cmake/ament_cmake_export_dependencies-extras.cmake
[12.537s] -- Installing: /home/ronnakon/FRA333-KINEMATICS/fra333_lab3_23_1/ws/install/robot_interfaces/share/robot_interfaces/cmake/ament_cmake_export_libraries-extras.cmake
[12.537s] -- Installing: /home/ronnakon/FRA333-KINEMATICS/fra333_lab3_23_1/ws/install/robot_interfaces/share/robot_interfaces/cmake/ament_cmake_export_targets-extras.cmake
[12.537s] -- Installing: /home/ronnakon/FRA333-KINEMATICS/fra333_lab3_23_1/ws/install/robot_interfaces/share/robot_interfaces/cmake/ament_cmake_export_include_directories-extras.cmake
[12.537s] -- Installing: /home/ronnakon/FRA333-KINEMATICS/fra333_lab3_23_1/ws/install/robot_interfaces/share/robot_interfaces/cmake/rosidl_cmake_export_typesupport_libraries-extras.cmake
[12.537s] -- Installing: /home/ronnakon/FRA333-KINEMATICS/fra333_lab3_23_1/ws/install/robot_interfaces/share/robot_interfaces/cmake/rosidl_cmake_export_typesupport_targets-extras.cmake
[12.538s] -- Installing: /home/ronnakon/FRA333-KINEMATICS/fra333_lab3_23_1/ws/install/robot_interfaces/share/robot_interfaces/cmake/robot_interfacesConfig.cmake
[12.538s] -- Installing: /home/ronnakon/FRA333-KINEMATICS/fra333_lab3_23_1/ws/install/robot_interfaces/share/robot_interfaces/cmake/robot_interfacesConfig-version.cmake
[12.538s] -- Installing: /home/ronnakon/FRA333-KINEMATICS/fra333_lab3_23_1/ws/install/robot_interfaces/share/robot_interfaces/package.xml
[12.547s] Invoked command in '/home/ronnakon/FRA333-KINEMATICS/fra333_lab3_23_1/ws/build/robot_interfaces' returned '0': CMAKE_PREFIX_PATH=${CMAKE_PREFIX_PATH}:/opt/ros/foxy /usr/bin/cmake --install /home/ronnakon/FRA333-KINEMATICS/fra333_lab3_23_1/ws/build/robot_interfaces
