[0.027s] Invoking command in '/home/ronnakon/FRA333-KINEMATICS/fra333_lab1/lab1_ws/build/lab1': CMAKE_PREFIX_PATH=${CMAKE_PREFIX_PATH}:/opt/ros/foxy /usr/bin/cmake --build /home/ronnakon/FRA333-KINEMATICS/fra333_lab1/lab1_ws/build/lab1 -- -j12 -l12
[0.061s] Invoked command in '/home/ronnakon/FRA333-KINEMATICS/fra333_lab1/lab1_ws/build/lab1' returned '0': CMAKE_PREFIX_PATH=${CMAKE_PREFIX_PATH}:/opt/ros/foxy /usr/bin/cmake --build /home/ronnakon/FRA333-KINEMATICS/fra333_lab1/lab1_ws/build/lab1 -- -j12 -l12
[0.090s] Invoking command in '/home/ronnakon/FRA333-KINEMATICS/fra333_lab1/lab1_ws/build/lab1': CMAKE_PREFIX_PATH=${CMAKE_PREFIX_PATH}:/opt/ros/foxy /usr/bin/cmake --install /home/ronnakon/FRA333-KINEMATICS/fra333_lab1/lab1_ws/build/lab1
[0.097s] -- Install configuration: ""
[0.097s] -- Execute custom install script
[0.097s] -- Up-to-date symlink: /home/ronnakon/FRA333-KINEMATICS/fra333_lab1/lab1_ws/install/lab1/share/lab1/environment/pythonpath.sh
[0.097s] -- Up-to-date symlink: /home/ronnakon/FRA333-KINEMATICS/fra333_lab1/lab1_ws/install/lab1/share/lab1/environment/pythonpath.dsv
[0.098s] -- Up-to-date symlink: /home/ronnakon/FRA333-KINEMATICS/fra333_lab1/lab1_ws/install/lab1/lib/python3.8/site-packages/lab1/__init__.py
[0.098s] -- Up-to-date symlink: /home/ronnakon/FRA333-KINEMATICS/fra333_lab1/lab1_ws/install/lab1/share/ament_index/resource_index/package_run_dependencies/lab1
[0.099s] -- Up-to-date symlink: /home/ronnakon/FRA333-KINEMATICS/fra333_lab1/lab1_ws/install/lab1/share/ament_index/resource_index/parent_prefix_path/lab1
[0.099s] -- Up-to-date symlink: /home/ronnakon/FRA333-KINEMATICS/fra333_lab1/lab1_ws/install/lab1/share/lab1/environment/ament_prefix_path.sh
[0.099s] -- Up-to-date symlink: /home/ronnakon/FRA333-KINEMATICS/fra333_lab1/lab1_ws/install/lab1/share/lab1/environment/ament_prefix_path.dsv
[0.099s] -- Up-to-date symlink: /home/ronnakon/FRA333-KINEMATICS/fra333_lab1/lab1_ws/install/lab1/share/lab1/environment/path.sh
[0.100s] -- Up-to-date symlink: /home/ronnakon/FRA333-KINEMATICS/fra333_lab1/lab1_ws/install/lab1/share/lab1/environment/path.dsv
[0.100s] -- Up-to-date symlink: /home/ronnakon/FRA333-KINEMATICS/fra333_lab1/lab1_ws/install/lab1/share/lab1/local_setup.bash
[0.100s] -- Up-to-date symlink: /home/ronnakon/FRA333-KINEMATICS/fra333_lab1/lab1_ws/install/lab1/share/lab1/local_setup.sh
[0.100s] -- Up-to-date symlink: /home/ronnakon/FRA333-KINEMATICS/fra333_lab1/lab1_ws/install/lab1/share/lab1/local_setup.zsh
[0.100s] -- Up-to-date symlink: /home/ronnakon/FRA333-KINEMATICS/fra333_lab1/lab1_ws/install/lab1/share/lab1/local_setup.dsv
[0.101s] -- Symlinking: /home/ronnakon/FRA333-KINEMATICS/fra333_lab1/lab1_ws/install/lab1/share/lab1/package.dsv
[0.109s] -- Up-to-date symlink: /home/ronnakon/FRA333-KINEMATICS/fra333_lab1/lab1_ws/install/lab1/share/ament_index/resource_index/packages/lab1
[0.109s] -- Up-to-date symlink: /home/ronnakon/FRA333-KINEMATICS/fra333_lab1/lab1_ws/install/lab1/share/lab1/cmake/lab1Config.cmake
[0.112s] -- Up-to-date symlink: /home/ronnakon/FRA333-KINEMATICS/fra333_lab1/lab1_ws/install/lab1/share/lab1/cmake/lab1Config-version.cmake
[0.114s] -- Up-to-date symlink: /home/ronnakon/FRA333-KINEMATICS/fra333_lab1/lab1_ws/install/lab1/share/lab1/package.xml
[0.132s] Listing '/home/ronnakon/FRA333-KINEMATICS/fra333_lab1/lab1_ws/install/lab1/lib/python3.8/site-packages/lab1'...
[0.137s] Invoked command in '/home/ronnakon/FRA333-KINEMATICS/fra333_lab1/lab1_ws/build/lab1' returned '0': CMAKE_PREFIX_PATH=${CMAKE_PREFIX_PATH}:/opt/ros/foxy /usr/bin/cmake --install /home/ronnakon/FRA333-KINEMATICS/fra333_lab1/lab1_ws/build/lab1
