[100%] Built target cpp_node_test
-- Install configuration: ""
-- Up-to-date: /home/student26/ROS2_Directory/kla_ws/install/kla_01_package/share/kla_01_package/environment/pythonpath.sh
-- Up-to-date: /home/student26/ROS2_Directory/kla_ws/install/kla_01_package/share/kla_01_package/environment/pythonpath.dsv
-- Up-to-date: /home/student26/ROS2_Directory/kla_ws/install/kla_01_package/lib/python3.8/site-packages/kla_01_package
-- Up-to-date: /home/student26/ROS2_Directory/kla_ws/install/kla_01_package/lib/python3.8/site-packages/kla_01_package/__init__.py
Listing '/home/student26/ROS2_Directory/kla_ws/install/kla_01_package/lib/python3.8/site-packages/kla_01_package'...
-- Installing: /home/student26/ROS2_Directory/kla_ws/install/kla_01_package/lib/kla_01_package/dummy.py
-- Up-to-date: /home/student26/ROS2_Directory/kla_ws/install/kla_01_package/lib/kla_01_package/cpp_node_test
-- Up-to-date: /home/student26/ROS2_Directory/kla_ws/install/kla_01_package/share/kla_01_package
-- Up-to-date: /home/student26/ROS2_Directory/kla_ws/install/kla_01_package/share/ament_index/resource_index/package_run_dependencies/kla_01_package
-- Up-to-date: /home/student26/ROS2_Directory/kla_ws/install/kla_01_package/share/ament_index/resource_index/parent_prefix_path/kla_01_package
-- Up-to-date: /home/student26/ROS2_Directory/kla_ws/install/kla_01_package/share/kla_01_package/environment/ament_prefix_path.sh
-- Up-to-date: /home/student26/ROS2_Directory/kla_ws/install/kla_01_package/share/kla_01_package/environment/ament_prefix_path.dsv
-- Up-to-date: /home/student26/ROS2_Directory/kla_ws/install/kla_01_package/share/kla_01_package/environment/path.sh
-- Up-to-date: /home/student26/ROS2_Directory/kla_ws/install/kla_01_package/share/kla_01_package/environment/path.dsv
-- Up-to-date: /home/student26/ROS2_Directory/kla_ws/install/kla_01_package/share/kla_01_package/local_setup.bash
-- Up-to-date: /home/student26/ROS2_Directory/kla_ws/install/kla_01_package/share/kla_01_package/local_setup.sh
-- Up-to-date: /home/student26/ROS2_Directory/kla_ws/install/kla_01_package/share/kla_01_package/local_setup.zsh
-- Up-to-date: /home/student26/ROS2_Directory/kla_ws/install/kla_01_package/share/kla_01_package/local_setup.dsv
-- Up-to-date: /home/student26/ROS2_Directory/kla_ws/install/kla_01_package/share/kla_01_package/package.dsv
-- Up-to-date: /home/student26/ROS2_Directory/kla_ws/install/kla_01_package/share/ament_index/resource_index/packages/kla_01_package
-- Up-to-date: /home/student26/ROS2_Directory/kla_ws/install/kla_01_package/share/kla_01_package/cmake/kla_01_packageConfig.cmake
-- Up-to-date: /home/student26/ROS2_Directory/kla_ws/install/kla_01_package/share/kla_01_package/cmake/kla_01_packageConfig-version.cmake
-- Up-to-date: /home/student26/ROS2_Directory/kla_ws/install/kla_01_package/share/kla_01_package/package.xml
