[0.012s] Invoking command in '/home/student26/ROS2_Directory/kla_ws/build/kla_01_package': CMAKE_PREFIX_PATH=${CMAKE_PREFIX_PATH}:/opt/ros/foxy /usr/bin/cmake --build /home/student26/ROS2_Directory/kla_ws/build/kla_01_package -- -j8 -l8
[0.069s] [100%] Built target cpp_node_test
[0.081s] Invoked command in '/home/student26/ROS2_Directory/kla_ws/build/kla_01_package' returned '0': CMAKE_PREFIX_PATH=${CMAKE_PREFIX_PATH}:/opt/ros/foxy /usr/bin/cmake --build /home/student26/ROS2_Directory/kla_ws/build/kla_01_package -- -j8 -l8
[0.122s] Invoking command in '/home/student26/ROS2_Directory/kla_ws/build/kla_01_package': CMAKE_PREFIX_PATH=${CMAKE_PREFIX_PATH}:/opt/ros/foxy /usr/bin/cmake --install /home/student26/ROS2_Directory/kla_ws/build/kla_01_package
[0.133s] -- Install configuration: ""
[0.133s] -- Up-to-date: /home/student26/ROS2_Directory/kla_ws/install/kla_01_package/share/kla_01_package/environment/pythonpath.sh
[0.133s] -- Up-to-date: /home/student26/ROS2_Directory/kla_ws/install/kla_01_package/share/kla_01_package/environment/pythonpath.dsv
[0.134s] -- Up-to-date: /home/student26/ROS2_Directory/kla_ws/install/kla_01_package/lib/python3.8/site-packages/kla_01_package
[0.134s] -- Up-to-date: /home/student26/ROS2_Directory/kla_ws/install/kla_01_package/lib/python3.8/site-packages/kla_01_package/__init__.py
[0.165s] Listing '/home/student26/ROS2_Directory/kla_ws/install/kla_01_package/lib/python3.8/site-packages/kla_01_package'...
[0.169s] -- Installing: /home/student26/ROS2_Directory/kla_ws/install/kla_01_package/lib/kla_01_package/dummy.py
[0.169s] -- Up-to-date: /home/student26/ROS2_Directory/kla_ws/install/kla_01_package/lib/kla_01_package/cpp_node_test
[0.169s] -- Up-to-date: /home/student26/ROS2_Directory/kla_ws/install/kla_01_package/share/kla_01_package
[0.169s] -- Up-to-date: /home/student26/ROS2_Directory/kla_ws/install/kla_01_package/share/ament_index/resource_index/package_run_dependencies/kla_01_package
[0.169s] -- Up-to-date: /home/student26/ROS2_Directory/kla_ws/install/kla_01_package/share/ament_index/resource_index/parent_prefix_path/kla_01_package
[0.170s] -- Up-to-date: /home/student26/ROS2_Directory/kla_ws/install/kla_01_package/share/kla_01_package/environment/ament_prefix_path.sh
[0.170s] -- Up-to-date: /home/student26/ROS2_Directory/kla_ws/install/kla_01_package/share/kla_01_package/environment/ament_prefix_path.dsv
[0.170s] -- Up-to-date: /home/student26/ROS2_Directory/kla_ws/install/kla_01_package/share/kla_01_package/environment/path.sh
[0.170s] -- Up-to-date: /home/student26/ROS2_Directory/kla_ws/install/kla_01_package/share/kla_01_package/environment/path.dsv
[0.170s] -- Up-to-date: /home/student26/ROS2_Directory/kla_ws/install/kla_01_package/share/kla_01_package/local_setup.bash
[0.170s] -- Up-to-date: /home/student26/ROS2_Directory/kla_ws/install/kla_01_package/share/kla_01_package/local_setup.sh
[0.170s] -- Up-to-date: /home/student26/ROS2_Directory/kla_ws/install/kla_01_package/share/kla_01_package/local_setup.zsh
[0.170s] -- Up-to-date: /home/student26/ROS2_Directory/kla_ws/install/kla_01_package/share/kla_01_package/local_setup.dsv
[0.170s] -- Up-to-date: /home/student26/ROS2_Directory/kla_ws/install/kla_01_package/share/kla_01_package/package.dsv
[0.170s] -- Up-to-date: /home/student26/ROS2_Directory/kla_ws/install/kla_01_package/share/ament_index/resource_index/packages/kla_01_package
[0.170s] -- Up-to-date: /home/student26/ROS2_Directory/kla_ws/install/kla_01_package/share/kla_01_package/cmake/kla_01_packageConfig.cmake
[0.170s] -- Up-to-date: /home/student26/ROS2_Directory/kla_ws/install/kla_01_package/share/kla_01_package/cmake/kla_01_packageConfig-version.cmake
[0.170s] -- Up-to-date: /home/student26/ROS2_Directory/kla_ws/install/kla_01_package/share/kla_01_package/package.xml
[0.172s] Invoked command in '/home/student26/ROS2_Directory/kla_ws/build/kla_01_package' returned '0': CMAKE_PREFIX_PATH=${CMAKE_PREFIX_PATH}:/opt/ros/foxy /usr/bin/cmake --install /home/student26/ROS2_Directory/kla_ws/build/kla_01_package
