[0.045s] Invoking command in '/home/ronnakon/FRA333-KINEMATICS/LAB3_ws/build/xicro_interfaces': CMAKE_PREFIX_PATH=${CMAKE_PREFIX_PATH}:/opt/ros/foxy /usr/bin/cmake /home/ronnakon/FRA333-KINEMATICS/LAB3_ws/src/Xicro/xicro_interfaces -DAMENT_CMAKE_SYMLINK_INSTALL=1 -DCMAKE_INSTALL_PREFIX=/home/ronnakon/FRA333-KINEMATICS/LAB3_ws/install/xicro_interfaces
[0.123s] -- Found ament_cmake: 0.9.11 (/opt/ros/foxy/share/ament_cmake/cmake)
[0.157s] -- Found PythonInterp: /usr/bin/python3 (found suitable version "3.8.10", minimum required is "3") 
[0.157s] -- Using PYTHON_EXECUTABLE: /usr/bin/python3
[0.424s] -- Override CMake install command with custom implementation using symlinks instead of copying resources
[0.435s] -- Found rosidl_default_generators: 1.0.1 (/opt/ros/foxy/share/rosidl_default_generators/cmake)
[0.439s] -- Using all available rosidl_typesupport_c: rosidl_typesupport_fastrtps_c;rosidl_typesupport_introspection_c
[0.444s] -- Found rosidl_adapter: 1.3.0 (/opt/ros/foxy/share/rosidl_adapter/cmake)
[0.634s] -- Using all available rosidl_typesupport_cpp: rosidl_typesupport_fastrtps_cpp;rosidl_typesupport_introspection_cpp
[0.671s] -- Found ament_lint_auto: 0.9.7 (/opt/ros/foxy/share/ament_lint_auto/cmake)
[0.807s] -- Found PythonInterp: /usr/bin/python3 (found version "3.8.10") 
[1.039s] -- Found ament_cmake_ros: 0.9.2 (/opt/ros/foxy/share/ament_cmake_ros/cmake)
[1.198s] -- Using all available rosidl_typesupport_c: rosidl_typesupport_fastrtps_c;rosidl_typesupport_introspection_c
[1.220s] -- Using all available rosidl_typesupport_cpp: rosidl_typesupport_fastrtps_cpp;rosidl_typesupport_introspection_cpp
[1.256s] -- Found PythonInterp: /usr/bin/python3 (found suitable version "3.8.10", minimum required is "3.5") 
[1.256s] -- Found python_cmake_module: 0.8.1 (/opt/ros/foxy/share/python_cmake_module/cmake)
[1.289s] -- Using PYTHON_EXECUTABLE: /usr/bin/python3
[1.289s] -- Using PYTHON_INCLUDE_DIRS: /usr/include/python3.8
[1.290s] -- Using PYTHON_LIBRARIES: /usr/lib/x86_64-linux-gnu/libpython3.8.so
[1.334s] -- Added test 'copyright' to check source files copyright and LICENSE
[1.339s] -- Added test 'lint_cmake' to check CMake code style
[1.341s] -- Added test 'xmllint' to check XML markup files
[1.359s] -- Configuring done
[1.546s] -- Generating done
[1.556s] -- Build files have been written to: /home/ronnakon/FRA333-KINEMATICS/LAB3_ws/build/xicro_interfaces
[1.571s] Invoked command in '/home/ronnakon/FRA333-KINEMATICS/LAB3_ws/build/xicro_interfaces' returned '0': CMAKE_PREFIX_PATH=${CMAKE_PREFIX_PATH}:/opt/ros/foxy /usr/bin/cmake /home/ronnakon/FRA333-KINEMATICS/LAB3_ws/src/Xicro/xicro_interfaces -DAMENT_CMAKE_SYMLINK_INSTALL=1 -DCMAKE_INSTALL_PREFIX=/home/ronnakon/FRA333-KINEMATICS/LAB3_ws/install/xicro_interfaces
[1.575s] Invoking command in '/home/ronnakon/FRA333-KINEMATICS/LAB3_ws/build/xicro_interfaces': CMAKE_PREFIX_PATH=${CMAKE_PREFIX_PATH}:/opt/ros/foxy /usr/bin/cmake --build /home/ronnakon/FRA333-KINEMATICS/LAB3_ws/build/xicro_interfaces -- -j4 -l4
[1.687s] [  0%] Built target xicro_interfaces__cpp
[1.688s] [ 12%] Built target xicro_interfaces__rosidl_generator_c
[1.735s] [ 36%] Built target xicro_interfaces__rosidl_typesupport_cpp
[1.736s] [ 37%] Built target xicro_interfaces__rosidl_typesupport_introspection_cpp
[1.740s] [ 49%] Built target xicro_interfaces__rosidl_typesupport_introspection_c
[1.752s] [ 49%] [32m[1mLinking CXX shared library libxicro_interfaces__rosidl_typesupport_fastrtps_cpp.so[0m
[1.774s] [ 61%] Built target xicro_interfaces__rosidl_typesupport_c
[1.953s] [ 73%] Built target xicro_interfaces__rosidl_typesupport_fastrtps_cpp
[2.004s] [ 73%] [32m[1mLinking CXX shared library libxicro_interfaces__rosidl_typesupport_fastrtps_c.so[0m
[2.192s] [ 85%] Built target xicro_interfaces__rosidl_typesupport_fastrtps_c
[2.243s] [ 85%] Built target xicro_interfaces
[2.284s] [ 85%] Built target xicro_interfaces__py
[2.345s] [ 97%] Built target xicro_interfaces__python
[2.387s] [ 98%] [32m[1mLinking CXX shared library rosidl_generator_py/xicro_interfaces/xicro_interfaces_s__rosidl_typesupport_fastrtps_c.cpython-38-x86_64-linux-gnu.so[0m
[2.387s] [ 99%] Built target xicro_interfaces__rosidl_typesupport_introspection_c__pyext
[2.387s] [ 99%] Built target xicro_interfaces__rosidl_typesupport_c__pyext
[2.471s] [100%] Built target xicro_interfaces__rosidl_typesupport_fastrtps_c__pyext
[2.490s] Invoked command in '/home/ronnakon/FRA333-KINEMATICS/LAB3_ws/build/xicro_interfaces' returned '0': CMAKE_PREFIX_PATH=${CMAKE_PREFIX_PATH}:/opt/ros/foxy /usr/bin/cmake --build /home/ronnakon/FRA333-KINEMATICS/LAB3_ws/build/xicro_interfaces -- -j4 -l4
[2.970s] Invoking command in '/home/ronnakon/FRA333-KINEMATICS/LAB3_ws/build/xicro_interfaces': CMAKE_PREFIX_PATH=${CMAKE_PREFIX_PATH}:/opt/ros/foxy /usr/bin/cmake --install /home/ronnakon/FRA333-KINEMATICS/LAB3_ws/build/xicro_interfaces
[2.984s] -- Install configuration: ""
[2.985s] -- Execute custom install script
[2.997s] -- Up-to-date symlink: /home/ronnakon/FRA333-KINEMATICS/LAB3_ws/install/xicro_interfaces/share/ament_index/resource_index/rosidl_interfaces/xicro_interfaces
[3.001s] -- Up-to-date symlink: /home/ronnakon/FRA333-KINEMATICS/LAB3_ws/install/xicro_interfaces/include/xicro_interfaces/msg/battery_state.h
[3.002s] -- Up-to-date symlink: /home/ronnakon/FRA333-KINEMATICS/LAB3_ws/install/xicro_interfaces/include/xicro_interfaces/msg/bool.h
[3.003s] -- Up-to-date symlink: /home/ronnakon/FRA333-KINEMATICS/LAB3_ws/install/xicro_interfaces/include/xicro_interfaces/msg/demo_input.h
[3.003s] -- Up-to-date symlink: /home/ronnakon/FRA333-KINEMATICS/LAB3_ws/install/xicro_interfaces/include/xicro_interfaces/msg/demo_output.h
[3.005s] -- Up-to-date symlink: /home/ronnakon/FRA333-KINEMATICS/LAB3_ws/install/xicro_interfaces/include/xicro_interfaces/msg/detail/battery_state__functions.h
[3.006s] -- Up-to-date symlink: /home/ronnakon/FRA333-KINEMATICS/LAB3_ws/install/xicro_interfaces/include/xicro_interfaces/msg/detail/battery_state__struct.h
[3.006s] -- Up-to-date symlink: /home/ronnakon/FRA333-KINEMATICS/LAB3_ws/install/xicro_interfaces/include/xicro_interfaces/msg/detail/battery_state__type_support.h
[3.007s] -- Up-to-date symlink: /home/ronnakon/FRA333-KINEMATICS/LAB3_ws/install/xicro_interfaces/include/xicro_interfaces/msg/detail/bool__functions.h
[3.008s] -- Up-to-date symlink: /home/ronnakon/FRA333-KINEMATICS/LAB3_ws/install/xicro_interfaces/include/xicro_interfaces/msg/detail/bool__struct.h
[3.009s] -- Up-to-date symlink: /home/ronnakon/FRA333-KINEMATICS/LAB3_ws/install/xicro_interfaces/include/xicro_interfaces/msg/detail/bool__type_support.h
[3.009s] -- Up-to-date symlink: /home/ronnakon/FRA333-KINEMATICS/LAB3_ws/install/xicro_interfaces/include/xicro_interfaces/msg/detail/demo_input__functions.h
[3.010s] -- Up-to-date symlink: /home/ronnakon/FRA333-KINEMATICS/LAB3_ws/install/xicro_interfaces/include/xicro_interfaces/msg/detail/demo_input__struct.h
[3.010s] -- Up-to-date symlink: /home/ronnakon/FRA333-KINEMATICS/LAB3_ws/install/xicro_interfaces/include/xicro_interfaces/msg/detail/demo_input__type_support.h
[3.011s] -- Up-to-date symlink: /home/ronnakon/FRA333-KINEMATICS/LAB3_ws/install/xicro_interfaces/include/xicro_interfaces/msg/detail/demo_output__functions.h
[3.011s] -- Up-to-date symlink: /home/ronnakon/FRA333-KINEMATICS/LAB3_ws/install/xicro_interfaces/include/xicro_interfaces/msg/detail/demo_output__struct.h
[3.012s] -- Up-to-date symlink: /home/ronnakon/FRA333-KINEMATICS/LAB3_ws/install/xicro_interfaces/include/xicro_interfaces/msg/detail/demo_output__type_support.h
[3.012s] -- Up-to-date symlink: /home/ronnakon/FRA333-KINEMATICS/LAB3_ws/install/xicro_interfaces/include/xicro_interfaces/msg/detail/float32__functions.h
[3.013s] -- Up-to-date symlink: /home/ronnakon/FRA333-KINEMATICS/LAB3_ws/install/xicro_interfaces/include/xicro_interfaces/msg/detail/float32__struct.h
[3.013s] -- Up-to-date symlink: /home/ronnakon/FRA333-KINEMATICS/LAB3_ws/install/xicro_interfaces/include/xicro_interfaces/msg/detail/float32__type_support.h
[3.014s] -- Up-to-date symlink: /home/ronnakon/FRA333-KINEMATICS/LAB3_ws/install/xicro_interfaces/include/xicro_interfaces/msg/detail/header__functions.h
[3.014s] -- Up-to-date symlink: /home/ronnakon/FRA333-KINEMATICS/LAB3_ws/install/xicro_interfaces/include/xicro_interfaces/msg/detail/header__struct.h
[3.015s] -- Up-to-date symlink: /home/ronnakon/FRA333-KINEMATICS/LAB3_ws/install/xicro_interfaces/include/xicro_interfaces/msg/detail/header__type_support.h
[3.015s] -- Up-to-date symlink: /home/ronnakon/FRA333-KINEMATICS/LAB3_ws/install/xicro_interfaces/include/xicro_interfaces/msg/detail/imu__functions.h
[3.015s] -- Up-to-date symlink: /home/ronnakon/FRA333-KINEMATICS/LAB3_ws/install/xicro_interfaces/include/xicro_interfaces/msg/detail/imu__struct.h
[3.016s] -- Up-to-date symlink: /home/ronnakon/FRA333-KINEMATICS/LAB3_ws/install/xicro_interfaces/include/xicro_interfaces/msg/detail/imu__type_support.h
[3.017s] -- Up-to-date symlink: /home/ronnakon/FRA333-KINEMATICS/LAB3_ws/install/xicro_interfaces/include/xicro_interfaces/msg/detail/int16__functions.h
[3.018s] -- Up-to-date symlink: /home/ronnakon/FRA333-KINEMATICS/LAB3_ws/install/xicro_interfaces/include/xicro_interfaces/msg/detail/int16__struct.h
[3.018s] -- Up-to-date symlink: /home/ronnakon/FRA333-KINEMATICS/LAB3_ws/install/xicro_interfaces/include/xicro_interfaces/msg/detail/int16__type_support.h
[3.019s] -- Up-to-date symlink: /home/ronnakon/FRA333-KINEMATICS/LAB3_ws/install/xicro_interfaces/include/xicro_interfaces/msg/detail/int32__functions.h
[3.020s] -- Up-to-date symlink: /home/ronnakon/FRA333-KINEMATICS/LAB3_ws/install/xicro_interfaces/include/xicro_interfaces/msg/detail/int32__struct.h
[3.021s] -- Up-to-date symlink: /home/ronnakon/FRA333-KINEMATICS/LAB3_ws/install/xicro_interfaces/include/xicro_interfaces/msg/detail/int32__type_support.h
[3.021s] -- Up-to-date symlink: /home/ronnakon/FRA333-KINEMATICS/LAB3_ws/install/xicro_interfaces/include/xicro_interfaces/msg/detail/int64__functions.h
[3.022s] -- Up-to-date symlink: /home/ronnakon/FRA333-KINEMATICS/LAB3_ws/install/xicro_interfaces/include/xicro_interfaces/msg/detail/int64__struct.h
[3.023s] -- Up-to-date symlink: /home/ronnakon/FRA333-KINEMATICS/LAB3_ws/install/xicro_interfaces/include/xicro_interfaces/msg/detail/int64__type_support.h
[3.024s] -- Up-to-date symlink: /home/ronnakon/FRA333-KINEMATICS/LAB3_ws/install/xicro_interfaces/include/xicro_interfaces/msg/detail/int8__functions.h
[3.025s] -- Up-to-date symlink: /home/ronnakon/FRA333-KINEMATICS/LAB3_ws/install/xicro_interfaces/include/xicro_interfaces/msg/detail/int8__struct.h
[3.025s] -- Up-to-date symlink: /home/ronnakon/FRA333-KINEMATICS/LAB3_ws/install/xicro_interfaces/include/xicro_interfaces/msg/detail/int8__type_support.h
[3.026s] -- Up-to-date symlink: /home/ronnakon/FRA333-KINEMATICS/LAB3_ws/install/xicro_interfaces/include/xicro_interfaces/msg/detail/joint_state__functions.h
[3.026s] -- Up-to-date symlink: /home/ronnakon/FRA333-KINEMATICS/LAB3_ws/install/xicro_interfaces/include/xicro_interfaces/msg/detail/joint_state__struct.h
[3.027s] -- Up-to-date symlink: /home/ronnakon/FRA333-KINEMATICS/LAB3_ws/install/xicro_interfaces/include/xicro_interfaces/msg/detail/joint_state__type_support.h
[3.027s] -- Up-to-date symlink: /home/ronnakon/FRA333-KINEMATICS/LAB3_ws/install/xicro_interfaces/include/xicro_interfaces/msg/detail/point__functions.h
[3.027s] -- Up-to-date symlink: /home/ronnakon/FRA333-KINEMATICS/LAB3_ws/install/xicro_interfaces/include/xicro_interfaces/msg/detail/point__struct.h
[3.028s] -- Up-to-date symlink: /home/ronnakon/FRA333-KINEMATICS/LAB3_ws/install/xicro_interfaces/include/xicro_interfaces/msg/detail/point__type_support.h
[3.028s] -- Up-to-date symlink: /home/ronnakon/FRA333-KINEMATICS/LAB3_ws/install/xicro_interfaces/include/xicro_interfaces/msg/detail/pose2_d__functions.h
[3.029s] -- Up-to-date symlink: /home/ronnakon/FRA333-KINEMATICS/LAB3_ws/install/xicro_interfaces/include/xicro_interfaces/msg/detail/pose2_d__struct.h
[3.029s] -- Up-to-date symlink: /home/ronnakon/FRA333-KINEMATICS/LAB3_ws/install/xicro_interfaces/include/xicro_interfaces/msg/detail/pose2_d__type_support.h
[3.030s] -- Up-to-date symlink: /home/ronnakon/FRA333-KINEMATICS/LAB3_ws/install/xicro_interfaces/include/xicro_interfaces/msg/detail/pose__functions.h
[3.030s] -- Up-to-date symlink: /home/ronnakon/FRA333-KINEMATICS/LAB3_ws/install/xicro_interfaces/include/xicro_interfaces/msg/detail/pose__struct.h
[3.031s] -- Up-to-date symlink: /home/ronnakon/FRA333-KINEMATICS/LAB3_ws/install/xicro_interfaces/include/xicro_interfaces/msg/detail/pose__type_support.h
[3.031s] -- Up-to-date symlink: /home/ronnakon/FRA333-KINEMATICS/LAB3_ws/install/xicro_interfaces/include/xicro_interfaces/msg/detail/pose_with_covariance__functions.h
[3.032s] -- Up-to-date symlink: /home/ronnakon/FRA333-KINEMATICS/LAB3_ws/install/xicro_interfaces/include/xicro_interfaces/msg/detail/pose_with_covariance__struct.h
[3.032s] -- Up-to-date symlink: /home/ronnakon/FRA333-KINEMATICS/LAB3_ws/install/xicro_interfaces/include/xicro_interfaces/msg/detail/pose_with_covariance__type_support.h
[3.033s] -- Up-to-date symlink: /home/ronnakon/FRA333-KINEMATICS/LAB3_ws/install/xicro_interfaces/include/xicro_interfaces/msg/detail/quaternion__functions.h
[3.033s] -- Up-to-date symlink: /home/ronnakon/FRA333-KINEMATICS/LAB3_ws/install/xicro_interfaces/include/xicro_interfaces/msg/detail/quaternion__struct.h
[3.034s] -- Up-to-date symlink: /home/ronnakon/FRA333-KINEMATICS/LAB3_ws/install/xicro_interfaces/include/xicro_interfaces/msg/detail/quaternion__type_support.h
[3.036s] -- Up-to-date symlink: /home/ronnakon/FRA333-KINEMATICS/LAB3_ws/install/xicro_interfaces/include/xicro_interfaces/msg/detail/temperature__functions.h
[3.036s] -- Up-to-date symlink: /home/ronnakon/FRA333-KINEMATICS/LAB3_ws/install/xicro_interfaces/include/xicro_interfaces/msg/detail/temperature__struct.h
[3.037s] -- Up-to-date symlink: /home/ronnakon/FRA333-KINEMATICS/LAB3_ws/install/xicro_interfaces/include/xicro_interfaces/msg/detail/temperature__type_support.h
[3.038s] -- Up-to-date symlink: /home/ronnakon/FRA333-KINEMATICS/LAB3_ws/install/xicro_interfaces/include/xicro_interfaces/msg/detail/time__functions.h
[3.039s] -- Up-to-date symlink: /home/ronnakon/FRA333-KINEMATICS/LAB3_ws/install/xicro_interfaces/include/xicro_interfaces/msg/detail/time__struct.h
[3.039s] -- Up-to-date symlink: /home/ronnakon/FRA333-KINEMATICS/LAB3_ws/install/xicro_interfaces/include/xicro_interfaces/msg/detail/time__type_support.h
[3.040s] -- Up-to-date symlink: /home/ronnakon/FRA333-KINEMATICS/LAB3_ws/install/xicro_interfaces/include/xicro_interfaces/msg/detail/twist__functions.h
[3.041s] -- Up-to-date symlink: /home/ronnakon/FRA333-KINEMATICS/LAB3_ws/install/xicro_interfaces/include/xicro_interfaces/msg/detail/twist__struct.h
[3.042s] -- Up-to-date symlink: /home/ronnakon/FRA333-KINEMATICS/LAB3_ws/install/xicro_interfaces/include/xicro_interfaces/msg/detail/twist__type_support.h
[3.043s] -- Up-to-date symlink: /home/ronnakon/FRA333-KINEMATICS/LAB3_ws/install/xicro_interfaces/include/xicro_interfaces/msg/detail/uint16__functions.h
[3.044s] -- Up-to-date symlink: /home/ronnakon/FRA333-KINEMATICS/LAB3_ws/install/xicro_interfaces/include/xicro_interfaces/msg/detail/uint16__struct.h
[3.044s] -- Up-to-date symlink: /home/ronnakon/FRA333-KINEMATICS/LAB3_ws/install/xicro_interfaces/include/xicro_interfaces/msg/detail/uint16__type_support.h
[3.045s] -- Up-to-date symlink: /home/ronnakon/FRA333-KINEMATICS/LAB3_ws/install/xicro_interfaces/include/xicro_interfaces/msg/detail/uint32__functions.h
[3.046s] -- Up-to-date symlink: /home/ronnakon/FRA333-KINEMATICS/LAB3_ws/install/xicro_interfaces/include/xicro_interfaces/msg/detail/uint32__struct.h
[3.046s] -- Up-to-date symlink: /home/ronnakon/FRA333-KINEMATICS/LAB3_ws/install/xicro_interfaces/include/xicro_interfaces/msg/detail/uint32__type_support.h
[3.047s] -- Up-to-date symlink: /home/ronnakon/FRA333-KINEMATICS/LAB3_ws/install/xicro_interfaces/include/xicro_interfaces/msg/detail/uint64__functions.h
[3.048s] -- Up-to-date symlink: /home/ronnakon/FRA333-KINEMATICS/LAB3_ws/install/xicro_interfaces/include/xicro_interfaces/msg/detail/uint64__struct.h
[3.049s] -- Up-to-date symlink: /home/ronnakon/FRA333-KINEMATICS/LAB3_ws/install/xicro_interfaces/include/xicro_interfaces/msg/detail/uint64__type_support.h
[3.049s] -- Up-to-date symlink: /home/ronnakon/FRA333-KINEMATICS/LAB3_ws/install/xicro_interfaces/include/xicro_interfaces/msg/detail/uint8__functions.h
[3.050s] -- Up-to-date symlink: /home/ronnakon/FRA333-KINEMATICS/LAB3_ws/install/xicro_interfaces/include/xicro_interfaces/msg/detail/uint8__struct.h
[3.051s] -- Up-to-date symlink: /home/ronnakon/FRA333-KINEMATICS/LAB3_ws/install/xicro_interfaces/include/xicro_interfaces/msg/detail/uint8__type_support.h
[3.052s] -- Up-to-date symlink: /home/ronnakon/FRA333-KINEMATICS/LAB3_ws/install/xicro_interfaces/include/xicro_interfaces/msg/detail/vector3__functions.h
[3.052s] -- Up-to-date symlink: /home/ronnakon/FRA333-KINEMATICS/LAB3_ws/install/xicro_interfaces/include/xicro_interfaces/msg/detail/vector3__struct.h
[3.053s] -- Up-to-date symlink: /home/ronnakon/FRA333-KINEMATICS/LAB3_ws/install/xicro_interfaces/include/xicro_interfaces/msg/detail/vector3__type_support.h
[3.054s] -- Up-to-date symlink: /home/ronnakon/FRA333-KINEMATICS/LAB3_ws/install/xicro_interfaces/include/xicro_interfaces/msg/float32.h
[3.054s] -- Up-to-date symlink: /home/ronnakon/FRA333-KINEMATICS/LAB3_ws/install/xicro_interfaces/include/xicro_interfaces/msg/header.h
[3.055s] -- Up-to-date symlink: /home/ronnakon/FRA333-KINEMATICS/LAB3_ws/install/xicro_interfaces/include/xicro_interfaces/msg/imu.h
[3.056s] -- Up-to-date symlink: /home/ronnakon/FRA333-KINEMATICS/LAB3_ws/install/xicro_interfaces/include/xicro_interfaces/msg/int16.h
[3.056s] -- Up-to-date symlink: /home/ronnakon/FRA333-KINEMATICS/LAB3_ws/install/xicro_interfaces/include/xicro_interfaces/msg/int32.h
[3.057s] -- Up-to-date symlink: /home/ronnakon/FRA333-KINEMATICS/LAB3_ws/install/xicro_interfaces/include/xicro_interfaces/msg/int64.h
[3.058s] -- Up-to-date symlink: /home/ronnakon/FRA333-KINEMATICS/LAB3_ws/install/xicro_interfaces/include/xicro_interfaces/msg/int8.h
[3.058s] -- Up-to-date symlink: /home/ronnakon/FRA333-KINEMATICS/LAB3_ws/install/xicro_interfaces/include/xicro_interfaces/msg/joint_state.h
[3.059s] -- Up-to-date symlink: /home/ronnakon/FRA333-KINEMATICS/LAB3_ws/install/xicro_interfaces/include/xicro_interfaces/msg/point.h
[3.060s] -- Up-to-date symlink: /home/ronnakon/FRA333-KINEMATICS/LAB3_ws/install/xicro_interfaces/include/xicro_interfaces/msg/pose.h
[3.060s] -- Up-to-date symlink: /home/ronnakon/FRA333-KINEMATICS/LAB3_ws/install/xicro_interfaces/include/xicro_interfaces/msg/pose2_d.h
[3.061s] -- Up-to-date symlink: /home/ronnakon/FRA333-KINEMATICS/LAB3_ws/install/xicro_interfaces/include/xicro_interfaces/msg/pose_with_covariance.h
[3.061s] -- Up-to-date symlink: /home/ronnakon/FRA333-KINEMATICS/LAB3_ws/install/xicro_interfaces/include/xicro_interfaces/msg/quaternion.h
[3.062s] -- Up-to-date symlink: /home/ronnakon/FRA333-KINEMATICS/LAB3_ws/install/xicro_interfaces/include/xicro_interfaces/msg/rosidl_generator_c__visibility_control.h
[3.062s] -- Up-to-date symlink: /home/ronnakon/FRA333-KINEMATICS/LAB3_ws/install/xicro_interfaces/include/xicro_interfaces/msg/temperature.h
[3.063s] -- Up-to-date symlink: /home/ronnakon/FRA333-KINEMATICS/LAB3_ws/install/xicro_interfaces/include/xicro_interfaces/msg/time.h
[3.063s] -- Up-to-date symlink: /home/ronnakon/FRA333-KINEMATICS/LAB3_ws/install/xicro_interfaces/include/xicro_interfaces/msg/twist.h
[3.064s] -- Up-to-date symlink: /home/ronnakon/FRA333-KINEMATICS/LAB3_ws/install/xicro_interfaces/include/xicro_interfaces/msg/uint16.h
[3.065s] -- Up-to-date symlink: /home/ronnakon/FRA333-KINEMATICS/LAB3_ws/install/xicro_interfaces/include/xicro_interfaces/msg/uint32.h
[3.065s] -- Up-to-date symlink: /home/ronnakon/FRA333-KINEMATICS/LAB3_ws/install/xicro_interfaces/include/xicro_interfaces/msg/uint64.h
[3.065s] -- Up-to-date symlink: /home/ronnakon/FRA333-KINEMATICS/LAB3_ws/install/xicro_interfaces/include/xicro_interfaces/msg/uint8.h
[3.066s] -- Up-to-date symlink: /home/ronnakon/FRA333-KINEMATICS/LAB3_ws/install/xicro_interfaces/include/xicro_interfaces/msg/vector3.h
[3.066s] -- Up-to-date symlink: /home/ronnakon/FRA333-KINEMATICS/LAB3_ws/install/xicro_interfaces/share/xicro_interfaces/environment/library_path.sh
[3.067s] -- Up-to-date symlink: /home/ronnakon/FRA333-KINEMATICS/LAB3_ws/install/xicro_interfaces/share/xicro_interfaces/environment/library_path.dsv
[3.068s] -- Up-to-date symlink: /home/ronnakon/FRA333-KINEMATICS/LAB3_ws/install/xicro_interfaces/include/xicro_interfaces/msg/detail/battery_state__rosidl_typesupport_fastrtps_c.h
[3.069s] -- Up-to-date symlink: /home/ronnakon/FRA333-KINEMATICS/LAB3_ws/install/xicro_interfaces/include/xicro_interfaces/msg/detail/bool__rosidl_typesupport_fastrtps_c.h
[3.069s] -- Up-to-date symlink: /home/ronnakon/FRA333-KINEMATICS/LAB3_ws/install/xicro_interfaces/include/xicro_interfaces/msg/detail/demo_input__rosidl_typesupport_fastrtps_c.h
[3.069s] -- Up-to-date symlink: /home/ronnakon/FRA333-KINEMATICS/LAB3_ws/install/xicro_interfaces/include/xicro_interfaces/msg/detail/demo_output__rosidl_typesupport_fastrtps_c.h
[3.070s] -- Up-to-date symlink: /home/ronnakon/FRA333-KINEMATICS/LAB3_ws/install/xicro_interfaces/include/xicro_interfaces/msg/detail/float32__rosidl_typesupport_fastrtps_c.h
[3.070s] -- Up-to-date symlink: /home/ronnakon/FRA333-KINEMATICS/LAB3_ws/install/xicro_interfaces/include/xicro_interfaces/msg/detail/header__rosidl_typesupport_fastrtps_c.h
[3.070s] -- Up-to-date symlink: /home/ronnakon/FRA333-KINEMATICS/LAB3_ws/install/xicro_interfaces/include/xicro_interfaces/msg/detail/imu__rosidl_typesupport_fastrtps_c.h
[3.071s] -- Up-to-date symlink: /home/ronnakon/FRA333-KINEMATICS/LAB3_ws/install/xicro_interfaces/include/xicro_interfaces/msg/detail/int16__rosidl_typesupport_fastrtps_c.h
[3.071s] -- Up-to-date symlink: /home/ronnakon/FRA333-KINEMATICS/LAB3_ws/install/xicro_interfaces/include/xicro_interfaces/msg/detail/int32__rosidl_typesupport_fastrtps_c.h
[3.071s] -- Up-to-date symlink: /home/ronnakon/FRA333-KINEMATICS/LAB3_ws/install/xicro_interfaces/include/xicro_interfaces/msg/detail/int64__rosidl_typesupport_fastrtps_c.h
[3.072s] -- Up-to-date symlink: /home/ronnakon/FRA333-KINEMATICS/LAB3_ws/install/xicro_interfaces/include/xicro_interfaces/msg/detail/int8__rosidl_typesupport_fastrtps_c.h
[3.072s] -- Up-to-date symlink: /home/ronnakon/FRA333-KINEMATICS/LAB3_ws/install/xicro_interfaces/include/xicro_interfaces/msg/detail/joint_state__rosidl_typesupport_fastrtps_c.h
[3.072s] -- Up-to-date symlink: /home/ronnakon/FRA333-KINEMATICS/LAB3_ws/install/xicro_interfaces/include/xicro_interfaces/msg/detail/point__rosidl_typesupport_fastrtps_c.h
[3.073s] -- Up-to-date symlink: /home/ronnakon/FRA333-KINEMATICS/LAB3_ws/install/xicro_interfaces/include/xicro_interfaces/msg/detail/pose2_d__rosidl_typesupport_fastrtps_c.h
[3.073s] -- Up-to-date symlink: /home/ronnakon/FRA333-KINEMATICS/LAB3_ws/install/xicro_interfaces/include/xicro_interfaces/msg/detail/pose__rosidl_typesupport_fastrtps_c.h
[3.073s] -- Up-to-date symlink: /home/ronnakon/FRA333-KINEMATICS/LAB3_ws/install/xicro_interfaces/include/xicro_interfaces/msg/detail/pose_with_covariance__rosidl_typesupport_fastrtps_c.h
[3.073s] -- Up-to-date symlink: /home/ronnakon/FRA333-KINEMATICS/LAB3_ws/install/xicro_interfaces/include/xicro_interfaces/msg/detail/quaternion__rosidl_typesupport_fastrtps_c.h
[3.074s] -- Up-to-date symlink: /home/ronnakon/FRA333-KINEMATICS/LAB3_ws/install/xicro_interfaces/include/xicro_interfaces/msg/detail/temperature__rosidl_typesupport_fastrtps_c.h
[3.074s] -- Up-to-date symlink: /home/ronnakon/FRA333-KINEMATICS/LAB3_ws/install/xicro_interfaces/include/xicro_interfaces/msg/detail/time__rosidl_typesupport_fastrtps_c.h
[3.074s] -- Up-to-date symlink: /home/ronnakon/FRA333-KINEMATICS/LAB3_ws/install/xicro_interfaces/include/xicro_interfaces/msg/detail/twist__rosidl_typesupport_fastrtps_c.h
[3.075s] -- Up-to-date symlink: /home/ronnakon/FRA333-KINEMATICS/LAB3_ws/install/xicro_interfaces/include/xicro_interfaces/msg/detail/uint16__rosidl_typesupport_fastrtps_c.h
[3.075s] -- Up-to-date symlink: /home/ronnakon/FRA333-KINEMATICS/LAB3_ws/install/xicro_interfaces/include/xicro_interfaces/msg/detail/uint32__rosidl_typesupport_fastrtps_c.h
[3.075s] -- Up-to-date symlink: /home/ronnakon/FRA333-KINEMATICS/LAB3_ws/install/xicro_interfaces/include/xicro_interfaces/msg/detail/uint64__rosidl_typesupport_fastrtps_c.h
[3.076s] -- Up-to-date symlink: /home/ronnakon/FRA333-KINEMATICS/LAB3_ws/install/xicro_interfaces/include/xicro_interfaces/msg/detail/uint8__rosidl_typesupport_fastrtps_c.h
[3.076s] -- Up-to-date symlink: /home/ronnakon/FRA333-KINEMATICS/LAB3_ws/install/xicro_interfaces/include/xicro_interfaces/msg/detail/vector3__rosidl_typesupport_fastrtps_c.h
[3.076s] -- Up-to-date symlink: /home/ronnakon/FRA333-KINEMATICS/LAB3_ws/install/xicro_interfaces/include/xicro_interfaces/msg/rosidl_typesupport_fastrtps_c__visibility_control.h
[3.077s] -- Up-to-date symlink: /home/ronnakon/FRA333-KINEMATICS/LAB3_ws/install/xicro_interfaces/lib/libxicro_interfaces__rosidl_typesupport_fastrtps_c.so
[3.079s] -- Up-to-date symlink: /home/ronnakon/FRA333-KINEMATICS/LAB3_ws/install/xicro_interfaces/include/xicro_interfaces/msg/detail/battery_state__rosidl_typesupport_fastrtps_cpp.hpp
[3.079s] -- Up-to-date symlink: /home/ronnakon/FRA333-KINEMATICS/LAB3_ws/install/xicro_interfaces/include/xicro_interfaces/msg/detail/bool__rosidl_typesupport_fastrtps_cpp.hpp
[3.079s] -- Up-to-date symlink: /home/ronnakon/FRA333-KINEMATICS/LAB3_ws/install/xicro_interfaces/include/xicro_interfaces/msg/detail/demo_input__rosidl_typesupport_fastrtps_cpp.hpp
[3.079s] -- Up-to-date symlink: /home/ronnakon/FRA333-KINEMATICS/LAB3_ws/install/xicro_interfaces/include/xicro_interfaces/msg/detail/demo_output__rosidl_typesupport_fastrtps_cpp.hpp
[3.080s] -- Up-to-date symlink: /home/ronnakon/FRA333-KINEMATICS/LAB3_ws/install/xicro_interfaces/include/xicro_interfaces/msg/detail/float32__rosidl_typesupport_fastrtps_cpp.hpp
[3.080s] -- Up-to-date symlink: /home/ronnakon/FRA333-KINEMATICS/LAB3_ws/install/xicro_interfaces/include/xicro_interfaces/msg/detail/header__rosidl_typesupport_fastrtps_cpp.hpp
[3.080s] -- Up-to-date symlink: /home/ronnakon/FRA333-KINEMATICS/LAB3_ws/install/xicro_interfaces/include/xicro_interfaces/msg/detail/imu__rosidl_typesupport_fastrtps_cpp.hpp
[3.081s] -- Up-to-date symlink: /home/ronnakon/FRA333-KINEMATICS/LAB3_ws/install/xicro_interfaces/include/xicro_interfaces/msg/detail/int16__rosidl_typesupport_fastrtps_cpp.hpp
[3.081s] -- Up-to-date symlink: /home/ronnakon/FRA333-KINEMATICS/LAB3_ws/install/xicro_interfaces/include/xicro_interfaces/msg/detail/int32__rosidl_typesupport_fastrtps_cpp.hpp
[3.081s] -- Up-to-date symlink: /home/ronnakon/FRA333-KINEMATICS/LAB3_ws/install/xicro_interfaces/include/xicro_interfaces/msg/detail/int64__rosidl_typesupport_fastrtps_cpp.hpp
[3.082s] -- Up-to-date symlink: /home/ronnakon/FRA333-KINEMATICS/LAB3_ws/install/xicro_interfaces/include/xicro_interfaces/msg/detail/int8__rosidl_typesupport_fastrtps_cpp.hpp
[3.082s] -- Up-to-date symlink: /home/ronnakon/FRA333-KINEMATICS/LAB3_ws/install/xicro_interfaces/include/xicro_interfaces/msg/detail/joint_state__rosidl_typesupport_fastrtps_cpp.hpp
[3.082s] -- Up-to-date symlink: /home/ronnakon/FRA333-KINEMATICS/LAB3_ws/install/xicro_interfaces/include/xicro_interfaces/msg/detail/point__rosidl_typesupport_fastrtps_cpp.hpp
[3.083s] -- Up-to-date symlink: /home/ronnakon/FRA333-KINEMATICS/LAB3_ws/install/xicro_interfaces/include/xicro_interfaces/msg/detail/pose2_d__rosidl_typesupport_fastrtps_cpp.hpp
[3.083s] -- Up-to-date symlink: /home/ronnakon/FRA333-KINEMATICS/LAB3_ws/install/xicro_interfaces/include/xicro_interfaces/msg/detail/pose__rosidl_typesupport_fastrtps_cpp.hpp
[3.083s] -- Up-to-date symlink: /home/ronnakon/FRA333-KINEMATICS/LAB3_ws/install/xicro_interfaces/include/xicro_interfaces/msg/detail/pose_with_covariance__rosidl_typesupport_fastrtps_cpp.hpp
[3.084s] -- Up-to-date symlink: /home/ronnakon/FRA333-KINEMATICS/LAB3_ws/install/xicro_interfaces/include/xicro_interfaces/msg/detail/quaternion__rosidl_typesupport_fastrtps_cpp.hpp
[3.084s] -- Up-to-date symlink: /home/ronnakon/FRA333-KINEMATICS/LAB3_ws/install/xicro_interfaces/include/xicro_interfaces/msg/detail/temperature__rosidl_typesupport_fastrtps_cpp.hpp
[3.084s] -- Up-to-date symlink: /home/ronnakon/FRA333-KINEMATICS/LAB3_ws/install/xicro_interfaces/include/xicro_interfaces/msg/detail/time__rosidl_typesupport_fastrtps_cpp.hpp
[3.085s] -- Up-to-date symlink: /home/ronnakon/FRA333-KINEMATICS/LAB3_ws/install/xicro_interfaces/include/xicro_interfaces/msg/detail/twist__rosidl_typesupport_fastrtps_cpp.hpp
[3.085s] -- Up-to-date symlink: /home/ronnakon/FRA333-KINEMATICS/LAB3_ws/install/xicro_interfaces/include/xicro_interfaces/msg/detail/uint16__rosidl_typesupport_fastrtps_cpp.hpp
[3.085s] -- Up-to-date symlink: /home/ronnakon/FRA333-KINEMATICS/LAB3_ws/install/xicro_interfaces/include/xicro_interfaces/msg/detail/uint32__rosidl_typesupport_fastrtps_cpp.hpp
[3.086s] -- Up-to-date symlink: /home/ronnakon/FRA333-KINEMATICS/LAB3_ws/install/xicro_interfaces/include/xicro_interfaces/msg/detail/uint64__rosidl_typesupport_fastrtps_cpp.hpp
[3.086s] -- Up-to-date symlink: /home/ronnakon/FRA333-KINEMATICS/LAB3_ws/install/xicro_interfaces/include/xicro_interfaces/msg/detail/uint8__rosidl_typesupport_fastrtps_cpp.hpp
[3.086s] -- Up-to-date symlink: /home/ronnakon/FRA333-KINEMATICS/LAB3_ws/install/xicro_interfaces/include/xicro_interfaces/msg/detail/vector3__rosidl_typesupport_fastrtps_cpp.hpp
[3.087s] -- Up-to-date symlink: /home/ronnakon/FRA333-KINEMATICS/LAB3_ws/install/xicro_interfaces/include/xicro_interfaces/msg/rosidl_typesupport_fastrtps_cpp__visibility_control.h
[3.087s] -- Up-to-date symlink: /home/ronnakon/FRA333-KINEMATICS/LAB3_ws/install/xicro_interfaces/lib/libxicro_interfaces__rosidl_typesupport_fastrtps_cpp.so
[3.089s] -- Up-to-date symlink: /home/ronnakon/FRA333-KINEMATICS/LAB3_ws/install/xicro_interfaces/include/xicro_interfaces/msg/detail/battery_state__rosidl_typesupport_introspection_c.h
[3.089s] -- Up-to-date symlink: /home/ronnakon/FRA333-KINEMATICS/LAB3_ws/install/xicro_interfaces/include/xicro_interfaces/msg/detail/bool__rosidl_typesupport_introspection_c.h
[3.089s] -- Up-to-date symlink: /home/ronnakon/FRA333-KINEMATICS/LAB3_ws/install/xicro_interfaces/include/xicro_interfaces/msg/detail/demo_input__rosidl_typesupport_introspection_c.h
[3.090s] -- Up-to-date symlink: /home/ronnakon/FRA333-KINEMATICS/LAB3_ws/install/xicro_interfaces/include/xicro_interfaces/msg/detail/demo_output__rosidl_typesupport_introspection_c.h
[3.090s] -- Up-to-date symlink: /home/ronnakon/FRA333-KINEMATICS/LAB3_ws/install/xicro_interfaces/include/xicro_interfaces/msg/detail/float32__rosidl_typesupport_introspection_c.h
[3.090s] -- Up-to-date symlink: /home/ronnakon/FRA333-KINEMATICS/LAB3_ws/install/xicro_interfaces/include/xicro_interfaces/msg/detail/header__rosidl_typesupport_introspection_c.h
[3.091s] -- Up-to-date symlink: /home/ronnakon/FRA333-KINEMATICS/LAB3_ws/install/xicro_interfaces/include/xicro_interfaces/msg/detail/imu__rosidl_typesupport_introspection_c.h
[3.091s] -- Up-to-date symlink: /home/ronnakon/FRA333-KINEMATICS/LAB3_ws/install/xicro_interfaces/include/xicro_interfaces/msg/detail/int16__rosidl_typesupport_introspection_c.h
[3.091s] -- Up-to-date symlink: /home/ronnakon/FRA333-KINEMATICS/LAB3_ws/install/xicro_interfaces/include/xicro_interfaces/msg/detail/int32__rosidl_typesupport_introspection_c.h
[3.092s] -- Up-to-date symlink: /home/ronnakon/FRA333-KINEMATICS/LAB3_ws/install/xicro_interfaces/include/xicro_interfaces/msg/detail/int64__rosidl_typesupport_introspection_c.h
[3.092s] -- Up-to-date symlink: /home/ronnakon/FRA333-KINEMATICS/LAB3_ws/install/xicro_interfaces/include/xicro_interfaces/msg/detail/int8__rosidl_typesupport_introspection_c.h
[3.092s] -- Up-to-date symlink: /home/ronnakon/FRA333-KINEMATICS/LAB3_ws/install/xicro_interfaces/include/xicro_interfaces/msg/detail/joint_state__rosidl_typesupport_introspection_c.h
[3.093s] -- Up-to-date symlink: /home/ronnakon/FRA333-KINEMATICS/LAB3_ws/install/xicro_interfaces/include/xicro_interfaces/msg/detail/point__rosidl_typesupport_introspection_c.h
[3.093s] -- Up-to-date symlink: /home/ronnakon/FRA333-KINEMATICS/LAB3_ws/install/xicro_interfaces/include/xicro_interfaces/msg/detail/pose2_d__rosidl_typesupport_introspection_c.h
[3.094s] -- Up-to-date symlink: /home/ronnakon/FRA333-KINEMATICS/LAB3_ws/install/xicro_interfaces/include/xicro_interfaces/msg/detail/pose__rosidl_typesupport_introspection_c.h
[3.094s] -- Up-to-date symlink: /home/ronnakon/FRA333-KINEMATICS/LAB3_ws/install/xicro_interfaces/include/xicro_interfaces/msg/detail/pose_with_covariance__rosidl_typesupport_introspection_c.h
[3.094s] -- Up-to-date symlink: /home/ronnakon/FRA333-KINEMATICS/LAB3_ws/install/xicro_interfaces/include/xicro_interfaces/msg/detail/quaternion__rosidl_typesupport_introspection_c.h
[3.095s] -- Up-to-date symlink: /home/ronnakon/FRA333-KINEMATICS/LAB3_ws/install/xicro_interfaces/include/xicro_interfaces/msg/detail/temperature__rosidl_typesupport_introspection_c.h
[3.095s] -- Up-to-date symlink: /home/ronnakon/FRA333-KINEMATICS/LAB3_ws/install/xicro_interfaces/include/xicro_interfaces/msg/detail/time__rosidl_typesupport_introspection_c.h
[3.095s] -- Up-to-date symlink: /home/ronnakon/FRA333-KINEMATICS/LAB3_ws/install/xicro_interfaces/include/xicro_interfaces/msg/detail/twist__rosidl_typesupport_introspection_c.h
[3.096s] -- Up-to-date symlink: /home/ronnakon/FRA333-KINEMATICS/LAB3_ws/install/xicro_interfaces/include/xicro_interfaces/msg/detail/uint16__rosidl_typesupport_introspection_c.h
[3.096s] -- Up-to-date symlink: /home/ronnakon/FRA333-KINEMATICS/LAB3_ws/install/xicro_interfaces/include/xicro_interfaces/msg/detail/uint32__rosidl_typesupport_introspection_c.h
[3.097s] -- Up-to-date symlink: /home/ronnakon/FRA333-KINEMATICS/LAB3_ws/install/xicro_interfaces/include/xicro_interfaces/msg/detail/uint64__rosidl_typesupport_introspection_c.h
[3.097s] -- Up-to-date symlink: /home/ronnakon/FRA333-KINEMATICS/LAB3_ws/install/xicro_interfaces/include/xicro_interfaces/msg/detail/uint8__rosidl_typesupport_introspection_c.h
[3.097s] -- Up-to-date symlink: /home/ronnakon/FRA333-KINEMATICS/LAB3_ws/install/xicro_interfaces/include/xicro_interfaces/msg/detail/vector3__rosidl_typesupport_introspection_c.h
[3.098s] -- Up-to-date symlink: /home/ronnakon/FRA333-KINEMATICS/LAB3_ws/install/xicro_interfaces/include/xicro_interfaces/msg/rosidl_typesupport_introspection_c__visibility_control.h
[3.100s] -- Up-to-date symlink: /home/ronnakon/FRA333-KINEMATICS/LAB3_ws/install/xicro_interfaces/include/xicro_interfaces/msg/battery_state.hpp
[3.100s] -- Up-to-date symlink: /home/ronnakon/FRA333-KINEMATICS/LAB3_ws/install/xicro_interfaces/include/xicro_interfaces/msg/bool.hpp
[3.100s] -- Up-to-date symlink: /home/ronnakon/FRA333-KINEMATICS/LAB3_ws/install/xicro_interfaces/include/xicro_interfaces/msg/demo_input.hpp
[3.101s] -- Up-to-date symlink: /home/ronnakon/FRA333-KINEMATICS/LAB3_ws/install/xicro_interfaces/include/xicro_interfaces/msg/demo_output.hpp
[3.101s] -- Up-to-date symlink: /home/ronnakon/FRA333-KINEMATICS/LAB3_ws/install/xicro_interfaces/include/xicro_interfaces/msg/detail/battery_state__builder.hpp
[3.102s] -- Up-to-date symlink: /home/ronnakon/FRA333-KINEMATICS/LAB3_ws/install/xicro_interfaces/include/xicro_interfaces/msg/detail/battery_state__struct.hpp
[3.102s] -- Up-to-date symlink: /home/ronnakon/FRA333-KINEMATICS/LAB3_ws/install/xicro_interfaces/include/xicro_interfaces/msg/detail/battery_state__traits.hpp
[3.102s] -- Up-to-date symlink: /home/ronnakon/FRA333-KINEMATICS/LAB3_ws/install/xicro_interfaces/include/xicro_interfaces/msg/detail/bool__builder.hpp
[3.103s] -- Up-to-date symlink: /home/ronnakon/FRA333-KINEMATICS/LAB3_ws/install/xicro_interfaces/include/xicro_interfaces/msg/detail/bool__struct.hpp
[3.103s] -- Up-to-date symlink: /home/ronnakon/FRA333-KINEMATICS/LAB3_ws/install/xicro_interfaces/include/xicro_interfaces/msg/detail/bool__traits.hpp
[3.103s] -- Up-to-date symlink: /home/ronnakon/FRA333-KINEMATICS/LAB3_ws/install/xicro_interfaces/include/xicro_interfaces/msg/detail/demo_input__builder.hpp
[3.104s] -- Up-to-date symlink: /home/ronnakon/FRA333-KINEMATICS/LAB3_ws/install/xicro_interfaces/include/xicro_interfaces/msg/detail/demo_input__struct.hpp
[3.104s] -- Up-to-date symlink: /home/ronnakon/FRA333-KINEMATICS/LAB3_ws/install/xicro_interfaces/include/xicro_interfaces/msg/detail/demo_input__traits.hpp
[3.105s] -- Up-to-date symlink: /home/ronnakon/FRA333-KINEMATICS/LAB3_ws/install/xicro_interfaces/include/xicro_interfaces/msg/detail/demo_output__builder.hpp
[3.105s] -- Up-to-date symlink: /home/ronnakon/FRA333-KINEMATICS/LAB3_ws/install/xicro_interfaces/include/xicro_interfaces/msg/detail/demo_output__struct.hpp
[3.105s] -- Up-to-date symlink: /home/ronnakon/FRA333-KINEMATICS/LAB3_ws/install/xicro_interfaces/include/xicro_interfaces/msg/detail/demo_output__traits.hpp
[3.106s] -- Up-to-date symlink: /home/ronnakon/FRA333-KINEMATICS/LAB3_ws/install/xicro_interfaces/include/xicro_interfaces/msg/detail/float32__builder.hpp
[3.106s] -- Up-to-date symlink: /home/ronnakon/FRA333-KINEMATICS/LAB3_ws/install/xicro_interfaces/include/xicro_interfaces/msg/detail/float32__struct.hpp
[3.107s] -- Up-to-date symlink: /home/ronnakon/FRA333-KINEMATICS/LAB3_ws/install/xicro_interfaces/include/xicro_interfaces/msg/detail/float32__traits.hpp
[3.107s] -- Up-to-date symlink: /home/ronnakon/FRA333-KINEMATICS/LAB3_ws/install/xicro_interfaces/include/xicro_interfaces/msg/detail/header__builder.hpp
[3.107s] -- Up-to-date symlink: /home/ronnakon/FRA333-KINEMATICS/LAB3_ws/install/xicro_interfaces/include/xicro_interfaces/msg/detail/header__struct.hpp
[3.108s] -- Up-to-date symlink: /home/ronnakon/FRA333-KINEMATICS/LAB3_ws/install/xicro_interfaces/include/xicro_interfaces/msg/detail/header__traits.hpp
[3.108s] -- Up-to-date symlink: /home/ronnakon/FRA333-KINEMATICS/LAB3_ws/install/xicro_interfaces/include/xicro_interfaces/msg/detail/imu__builder.hpp
[3.108s] -- Up-to-date symlink: /home/ronnakon/FRA333-KINEMATICS/LAB3_ws/install/xicro_interfaces/include/xicro_interfaces/msg/detail/imu__struct.hpp
[3.109s] -- Up-to-date symlink: /home/ronnakon/FRA333-KINEMATICS/LAB3_ws/install/xicro_interfaces/include/xicro_interfaces/msg/detail/imu__traits.hpp
[3.109s] -- Up-to-date symlink: /home/ronnakon/FRA333-KINEMATICS/LAB3_ws/install/xicro_interfaces/include/xicro_interfaces/msg/detail/int16__builder.hpp
[3.109s] -- Up-to-date symlink: /home/ronnakon/FRA333-KINEMATICS/LAB3_ws/install/xicro_interfaces/include/xicro_interfaces/msg/detail/int16__struct.hpp
[3.110s] -- Up-to-date symlink: /home/ronnakon/FRA333-KINEMATICS/LAB3_ws/install/xicro_interfaces/include/xicro_interfaces/msg/detail/int16__traits.hpp
[3.110s] -- Up-to-date symlink: /home/ronnakon/FRA333-KINEMATICS/LAB3_ws/install/xicro_interfaces/include/xicro_interfaces/msg/detail/int32__builder.hpp
[3.111s] -- Up-to-date symlink: /home/ronnakon/FRA333-KINEMATICS/LAB3_ws/install/xicro_interfaces/include/xicro_interfaces/msg/detail/int32__struct.hpp
[3.111s] -- Up-to-date symlink: /home/ronnakon/FRA333-KINEMATICS/LAB3_ws/install/xicro_interfaces/include/xicro_interfaces/msg/detail/int32__traits.hpp
[3.111s] -- Up-to-date symlink: /home/ronnakon/FRA333-KINEMATICS/LAB3_ws/install/xicro_interfaces/include/xicro_interfaces/msg/detail/int64__builder.hpp
[3.112s] -- Up-to-date symlink: /home/ronnakon/FRA333-KINEMATICS/LAB3_ws/install/xicro_interfaces/include/xicro_interfaces/msg/detail/int64__struct.hpp
[3.112s] -- Up-to-date symlink: /home/ronnakon/FRA333-KINEMATICS/LAB3_ws/install/xicro_interfaces/include/xicro_interfaces/msg/detail/int64__traits.hpp
[3.112s] -- Up-to-date symlink: /home/ronnakon/FRA333-KINEMATICS/LAB3_ws/install/xicro_interfaces/include/xicro_interfaces/msg/detail/int8__builder.hpp
[3.113s] -- Up-to-date symlink: /home/ronnakon/FRA333-KINEMATICS/LAB3_ws/install/xicro_interfaces/include/xicro_interfaces/msg/detail/int8__struct.hpp
[3.113s] -- Up-to-date symlink: /home/ronnakon/FRA333-KINEMATICS/LAB3_ws/install/xicro_interfaces/include/xicro_interfaces/msg/detail/int8__traits.hpp
[3.114s] -- Up-to-date symlink: /home/ronnakon/FRA333-KINEMATICS/LAB3_ws/install/xicro_interfaces/include/xicro_interfaces/msg/detail/joint_state__builder.hpp
[3.114s] -- Up-to-date symlink: /home/ronnakon/FRA333-KINEMATICS/LAB3_ws/install/xicro_interfaces/include/xicro_interfaces/msg/detail/joint_state__struct.hpp
[3.114s] -- Up-to-date symlink: /home/ronnakon/FRA333-KINEMATICS/LAB3_ws/install/xicro_interfaces/include/xicro_interfaces/msg/detail/joint_state__traits.hpp
[3.115s] -- Up-to-date symlink: /home/ronnakon/FRA333-KINEMATICS/LAB3_ws/install/xicro_interfaces/include/xicro_interfaces/msg/detail/point__builder.hpp
[3.115s] -- Up-to-date symlink: /home/ronnakon/FRA333-KINEMATICS/LAB3_ws/install/xicro_interfaces/include/xicro_interfaces/msg/detail/point__struct.hpp
[3.116s] -- Up-to-date symlink: /home/ronnakon/FRA333-KINEMATICS/LAB3_ws/install/xicro_interfaces/include/xicro_interfaces/msg/detail/point__traits.hpp
[3.116s] -- Up-to-date symlink: /home/ronnakon/FRA333-KINEMATICS/LAB3_ws/install/xicro_interfaces/include/xicro_interfaces/msg/detail/pose2_d__builder.hpp
[3.116s] -- Up-to-date symlink: /home/ronnakon/FRA333-KINEMATICS/LAB3_ws/install/xicro_interfaces/include/xicro_interfaces/msg/detail/pose2_d__struct.hpp
[3.117s] -- Up-to-date symlink: /home/ronnakon/FRA333-KINEMATICS/LAB3_ws/install/xicro_interfaces/include/xicro_interfaces/msg/detail/pose2_d__traits.hpp
[3.117s] -- Up-to-date symlink: /home/ronnakon/FRA333-KINEMATICS/LAB3_ws/install/xicro_interfaces/include/xicro_interfaces/msg/detail/pose__builder.hpp
[3.117s] -- Up-to-date symlink: /home/ronnakon/FRA333-KINEMATICS/LAB3_ws/install/xicro_interfaces/include/xicro_interfaces/msg/detail/pose__struct.hpp
[3.118s] -- Up-to-date symlink: /home/ronnakon/FRA333-KINEMATICS/LAB3_ws/install/xicro_interfaces/include/xicro_interfaces/msg/detail/pose__traits.hpp
[3.118s] -- Up-to-date symlink: /home/ronnakon/FRA333-KINEMATICS/LAB3_ws/install/xicro_interfaces/include/xicro_interfaces/msg/detail/pose_with_covariance__builder.hpp
[3.119s] -- Up-to-date symlink: /home/ronnakon/FRA333-KINEMATICS/LAB3_ws/install/xicro_interfaces/include/xicro_interfaces/msg/detail/pose_with_covariance__struct.hpp
[3.119s] -- Up-to-date symlink: /home/ronnakon/FRA333-KINEMATICS/LAB3_ws/install/xicro_interfaces/include/xicro_interfaces/msg/detail/pose_with_covariance__traits.hpp
[3.119s] -- Up-to-date symlink: /home/ronnakon/FRA333-KINEMATICS/LAB3_ws/install/xicro_interfaces/include/xicro_interfaces/msg/detail/quaternion__builder.hpp
[3.120s] -- Up-to-date symlink: /home/ronnakon/FRA333-KINEMATICS/LAB3_ws/install/xicro_interfaces/include/xicro_interfaces/msg/detail/quaternion__struct.hpp
[3.120s] -- Up-to-date symlink: /home/ronnakon/FRA333-KINEMATICS/LAB3_ws/install/xicro_interfaces/include/xicro_interfaces/msg/detail/quaternion__traits.hpp
[3.121s] -- Up-to-date symlink: /home/ronnakon/FRA333-KINEMATICS/LAB3_ws/install/xicro_interfaces/include/xicro_interfaces/msg/detail/temperature__builder.hpp
[3.121s] -- Up-to-date symlink: /home/ronnakon/FRA333-KINEMATICS/LAB3_ws/install/xicro_interfaces/include/xicro_interfaces/msg/detail/temperature__struct.hpp
[3.121s] -- Up-to-date symlink: /home/ronnakon/FRA333-KINEMATICS/LAB3_ws/install/xicro_interfaces/include/xicro_interfaces/msg/detail/temperature__traits.hpp
[3.122s] -- Up-to-date symlink: /home/ronnakon/FRA333-KINEMATICS/LAB3_ws/install/xicro_interfaces/include/xicro_interfaces/msg/detail/time__builder.hpp
[3.123s] -- Up-to-date symlink: /home/ronnakon/FRA333-KINEMATICS/LAB3_ws/install/xicro_interfaces/include/xicro_interfaces/msg/detail/time__struct.hpp
[3.123s] -- Up-to-date symlink: /home/ronnakon/FRA333-KINEMATICS/LAB3_ws/install/xicro_interfaces/include/xicro_interfaces/msg/detail/time__traits.hpp
[3.124s] -- Up-to-date symlink: /home/ronnakon/FRA333-KINEMATICS/LAB3_ws/install/xicro_interfaces/include/xicro_interfaces/msg/detail/twist__builder.hpp
[3.125s] -- Up-to-date symlink: /home/ronnakon/FRA333-KINEMATICS/LAB3_ws/install/xicro_interfaces/include/xicro_interfaces/msg/detail/twist__struct.hpp
[3.126s] -- Up-to-date symlink: /home/ronnakon/FRA333-KINEMATICS/LAB3_ws/install/xicro_interfaces/include/xicro_interfaces/msg/detail/twist__traits.hpp
[3.126s] -- Up-to-date symlink: /home/ronnakon/FRA333-KINEMATICS/LAB3_ws/install/xicro_interfaces/include/xicro_interfaces/msg/detail/uint16__builder.hpp
[3.127s] -- Up-to-date symlink: /home/ronnakon/FRA333-KINEMATICS/LAB3_ws/install/xicro_interfaces/include/xicro_interfaces/msg/detail/uint16__struct.hpp
[3.128s] -- Up-to-date symlink: /home/ronnakon/FRA333-KINEMATICS/LAB3_ws/install/xicro_interfaces/include/xicro_interfaces/msg/detail/uint16__traits.hpp
[3.128s] -- Up-to-date symlink: /home/ronnakon/FRA333-KINEMATICS/LAB3_ws/install/xicro_interfaces/include/xicro_interfaces/msg/detail/uint32__builder.hpp
[3.129s] -- Up-to-date symlink: /home/ronnakon/FRA333-KINEMATICS/LAB3_ws/install/xicro_interfaces/include/xicro_interfaces/msg/detail/uint32__struct.hpp
[3.129s] -- Up-to-date symlink: /home/ronnakon/FRA333-KINEMATICS/LAB3_ws/install/xicro_interfaces/include/xicro_interfaces/msg/detail/uint32__traits.hpp
[3.130s] -- Up-to-date symlink: /home/ronnakon/FRA333-KINEMATICS/LAB3_ws/install/xicro_interfaces/include/xicro_interfaces/msg/detail/uint64__builder.hpp
[3.131s] -- Up-to-date symlink: /home/ronnakon/FRA333-KINEMATICS/LAB3_ws/install/xicro_interfaces/include/xicro_interfaces/msg/detail/uint64__struct.hpp
[3.131s] -- Up-to-date symlink: /home/ronnakon/FRA333-KINEMATICS/LAB3_ws/install/xicro_interfaces/include/xicro_interfaces/msg/detail/uint64__traits.hpp
[3.132s] -- Up-to-date symlink: /home/ronnakon/FRA333-KINEMATICS/LAB3_ws/install/xicro_interfaces/include/xicro_interfaces/msg/detail/uint8__builder.hpp
[3.132s] -- Up-to-date symlink: /home/ronnakon/FRA333-KINEMATICS/LAB3_ws/install/xicro_interfaces/include/xicro_interfaces/msg/detail/uint8__struct.hpp
[3.132s] -- Up-to-date symlink: /home/ronnakon/FRA333-KINEMATICS/LAB3_ws/install/xicro_interfaces/include/xicro_interfaces/msg/detail/uint8__traits.hpp
[3.133s] -- Up-to-date symlink: /home/ronnakon/FRA333-KINEMATICS/LAB3_ws/install/xicro_interfaces/include/xicro_interfaces/msg/detail/vector3__builder.hpp
[3.134s] -- Up-to-date symlink: /home/ronnakon/FRA333-KINEMATICS/LAB3_ws/install/xicro_interfaces/include/xicro_interfaces/msg/detail/vector3__struct.hpp
[3.135s] -- Up-to-date symlink: /home/ronnakon/FRA333-KINEMATICS/LAB3_ws/install/xicro_interfaces/include/xicro_interfaces/msg/detail/vector3__traits.hpp
[3.136s] -- Up-to-date symlink: /home/ronnakon/FRA333-KINEMATICS/LAB3_ws/install/xicro_interfaces/include/xicro_interfaces/msg/float32.hpp
[3.137s] -- Up-to-date symlink: /home/ronnakon/FRA333-KINEMATICS/LAB3_ws/install/xicro_interfaces/include/xicro_interfaces/msg/header.hpp
[3.138s] -- Up-to-date symlink: /home/ronnakon/FRA333-KINEMATICS/LAB3_ws/install/xicro_interfaces/include/xicro_interfaces/msg/imu.hpp
[3.138s] -- Up-to-date symlink: /home/ronnakon/FRA333-KINEMATICS/LAB3_ws/install/xicro_interfaces/include/xicro_interfaces/msg/int16.hpp
[3.139s] -- Up-to-date symlink: /home/ronnakon/FRA333-KINEMATICS/LAB3_ws/install/xicro_interfaces/include/xicro_interfaces/msg/int32.hpp
[3.140s] -- Up-to-date symlink: /home/ronnakon/FRA333-KINEMATICS/LAB3_ws/install/xicro_interfaces/include/xicro_interfaces/msg/int64.hpp
[3.141s] -- Up-to-date symlink: /home/ronnakon/FRA333-KINEMATICS/LAB3_ws/install/xicro_interfaces/include/xicro_interfaces/msg/int8.hpp
[3.142s] -- Up-to-date symlink: /home/ronnakon/FRA333-KINEMATICS/LAB3_ws/install/xicro_interfaces/include/xicro_interfaces/msg/joint_state.hpp
[3.142s] -- Up-to-date symlink: /home/ronnakon/FRA333-KINEMATICS/LAB3_ws/install/xicro_interfaces/include/xicro_interfaces/msg/point.hpp
[3.143s] -- Up-to-date symlink: /home/ronnakon/FRA333-KINEMATICS/LAB3_ws/install/xicro_interfaces/include/xicro_interfaces/msg/pose.hpp
[3.143s] -- Up-to-date symlink: /home/ronnakon/FRA333-KINEMATICS/LAB3_ws/install/xicro_interfaces/include/xicro_interfaces/msg/pose2_d.hpp
[3.144s] -- Up-to-date symlink: /home/ronnakon/FRA333-KINEMATICS/LAB3_ws/install/xicro_interfaces/include/xicro_interfaces/msg/pose_with_covariance.hpp
[3.144s] -- Up-to-date symlink: /home/ronnakon/FRA333-KINEMATICS/LAB3_ws/install/xicro_interfaces/include/xicro_interfaces/msg/quaternion.hpp
[3.145s] -- Up-to-date symlink: /home/ronnakon/FRA333-KINEMATICS/LAB3_ws/install/xicro_interfaces/include/xicro_interfaces/msg/temperature.hpp
[3.145s] -- Up-to-date symlink: /home/ronnakon/FRA333-KINEMATICS/LAB3_ws/install/xicro_interfaces/include/xicro_interfaces/msg/time.hpp
[3.146s] -- Up-to-date symlink: /home/ronnakon/FRA333-KINEMATICS/LAB3_ws/install/xicro_interfaces/include/xicro_interfaces/msg/twist.hpp
[3.146s] -- Up-to-date symlink: /home/ronnakon/FRA333-KINEMATICS/LAB3_ws/install/xicro_interfaces/include/xicro_interfaces/msg/uint16.hpp
[3.147s] -- Up-to-date symlink: /home/ronnakon/FRA333-KINEMATICS/LAB3_ws/install/xicro_interfaces/include/xicro_interfaces/msg/uint32.hpp
[3.147s] -- Up-to-date symlink: /home/ronnakon/FRA333-KINEMATICS/LAB3_ws/install/xicro_interfaces/include/xicro_interfaces/msg/uint64.hpp
[3.148s] -- Up-to-date symlink: /home/ronnakon/FRA333-KINEMATICS/LAB3_ws/install/xicro_interfaces/include/xicro_interfaces/msg/uint8.hpp
[3.148s] -- Up-to-date symlink: /home/ronnakon/FRA333-KINEMATICS/LAB3_ws/install/xicro_interfaces/include/xicro_interfaces/msg/vector3.hpp
[3.149s] -- Up-to-date symlink: /home/ronnakon/FRA333-KINEMATICS/LAB3_ws/install/xicro_interfaces/include/xicro_interfaces/msg/detail/battery_state__rosidl_typesupport_introspection_cpp.hpp
[3.150s] -- Up-to-date symlink: /home/ronnakon/FRA333-KINEMATICS/LAB3_ws/install/xicro_interfaces/include/xicro_interfaces/msg/detail/bool__rosidl_typesupport_introspection_cpp.hpp
[3.151s] -- Up-to-date symlink: /home/ronnakon/FRA333-KINEMATICS/LAB3_ws/install/xicro_interfaces/include/xicro_interfaces/msg/detail/demo_input__rosidl_typesupport_introspection_cpp.hpp
[3.151s] -- Up-to-date symlink: /home/ronnakon/FRA333-KINEMATICS/LAB3_ws/install/xicro_interfaces/include/xicro_interfaces/msg/detail/demo_output__rosidl_typesupport_introspection_cpp.hpp
[3.152s] -- Up-to-date symlink: /home/ronnakon/FRA333-KINEMATICS/LAB3_ws/install/xicro_interfaces/include/xicro_interfaces/msg/detail/float32__rosidl_typesupport_introspection_cpp.hpp
[3.153s] -- Up-to-date symlink: /home/ronnakon/FRA333-KINEMATICS/LAB3_ws/install/xicro_interfaces/include/xicro_interfaces/msg/detail/header__rosidl_typesupport_introspection_cpp.hpp
[3.153s] -- Up-to-date symlink: /home/ronnakon/FRA333-KINEMATICS/LAB3_ws/install/xicro_interfaces/include/xicro_interfaces/msg/detail/imu__rosidl_typesupport_introspection_cpp.hpp
[3.154s] -- Up-to-date symlink: /home/ronnakon/FRA333-KINEMATICS/LAB3_ws/install/xicro_interfaces/include/xicro_interfaces/msg/detail/int16__rosidl_typesupport_introspection_cpp.hpp
[3.155s] -- Up-to-date symlink: /home/ronnakon/FRA333-KINEMATICS/LAB3_ws/install/xicro_interfaces/include/xicro_interfaces/msg/detail/int32__rosidl_typesupport_introspection_cpp.hpp
[3.155s] -- Up-to-date symlink: /home/ronnakon/FRA333-KINEMATICS/LAB3_ws/install/xicro_interfaces/include/xicro_interfaces/msg/detail/int64__rosidl_typesupport_introspection_cpp.hpp
[3.156s] -- Up-to-date symlink: /home/ronnakon/FRA333-KINEMATICS/LAB3_ws/install/xicro_interfaces/include/xicro_interfaces/msg/detail/int8__rosidl_typesupport_introspection_cpp.hpp
[3.157s] -- Up-to-date symlink: /home/ronnakon/FRA333-KINEMATICS/LAB3_ws/install/xicro_interfaces/include/xicro_interfaces/msg/detail/joint_state__rosidl_typesupport_introspection_cpp.hpp
[3.158s] -- Up-to-date symlink: /home/ronnakon/FRA333-KINEMATICS/LAB3_ws/install/xicro_interfaces/include/xicro_interfaces/msg/detail/point__rosidl_typesupport_introspection_cpp.hpp
[3.158s] -- Up-to-date symlink: /home/ronnakon/FRA333-KINEMATICS/LAB3_ws/install/xicro_interfaces/include/xicro_interfaces/msg/detail/pose2_d__rosidl_typesupport_introspection_cpp.hpp
[3.159s] -- Up-to-date symlink: /home/ronnakon/FRA333-KINEMATICS/LAB3_ws/install/xicro_interfaces/include/xicro_interfaces/msg/detail/pose__rosidl_typesupport_introspection_cpp.hpp
[3.159s] -- Up-to-date symlink: /home/ronnakon/FRA333-KINEMATICS/LAB3_ws/install/xicro_interfaces/include/xicro_interfaces/msg/detail/pose_with_covariance__rosidl_typesupport_introspection_cpp.hpp
[3.160s] -- Up-to-date symlink: /home/ronnakon/FRA333-KINEMATICS/LAB3_ws/install/xicro_interfaces/include/xicro_interfaces/msg/detail/quaternion__rosidl_typesupport_introspection_cpp.hpp
[3.160s] -- Up-to-date symlink: /home/ronnakon/FRA333-KINEMATICS/LAB3_ws/install/xicro_interfaces/include/xicro_interfaces/msg/detail/temperature__rosidl_typesupport_introspection_cpp.hpp
[3.161s] -- Up-to-date symlink: /home/ronnakon/FRA333-KINEMATICS/LAB3_ws/install/xicro_interfaces/include/xicro_interfaces/msg/detail/time__rosidl_typesupport_introspection_cpp.hpp
[3.161s] -- Up-to-date symlink: /home/ronnakon/FRA333-KINEMATICS/LAB3_ws/install/xicro_interfaces/include/xicro_interfaces/msg/detail/twist__rosidl_typesupport_introspection_cpp.hpp
[3.162s] -- Up-to-date symlink: /home/ronnakon/FRA333-KINEMATICS/LAB3_ws/install/xicro_interfaces/include/xicro_interfaces/msg/detail/uint16__rosidl_typesupport_introspection_cpp.hpp
[3.162s] -- Up-to-date symlink: /home/ronnakon/FRA333-KINEMATICS/LAB3_ws/install/xicro_interfaces/include/xicro_interfaces/msg/detail/uint32__rosidl_typesupport_introspection_cpp.hpp
[3.162s] -- Up-to-date symlink: /home/ronnakon/FRA333-KINEMATICS/LAB3_ws/install/xicro_interfaces/include/xicro_interfaces/msg/detail/uint64__rosidl_typesupport_introspection_cpp.hpp
[3.163s] -- Up-to-date symlink: /home/ronnakon/FRA333-KINEMATICS/LAB3_ws/install/xicro_interfaces/include/xicro_interfaces/msg/detail/uint8__rosidl_typesupport_introspection_cpp.hpp
[3.163s] -- Up-to-date symlink: /home/ronnakon/FRA333-KINEMATICS/LAB3_ws/install/xicro_interfaces/include/xicro_interfaces/msg/detail/vector3__rosidl_typesupport_introspection_cpp.hpp
[3.164s] -- Up-to-date symlink: /home/ronnakon/FRA333-KINEMATICS/LAB3_ws/install/xicro_interfaces/share/xicro_interfaces/environment/pythonpath.sh
[3.164s] -- Up-to-date symlink: /home/ronnakon/FRA333-KINEMATICS/LAB3_ws/install/xicro_interfaces/share/xicro_interfaces/environment/pythonpath.dsv
[3.165s] -- Up-to-date symlink: /home/ronnakon/FRA333-KINEMATICS/LAB3_ws/install/xicro_interfaces/lib/python3.8/site-packages/xicro_interfaces/__init__.py
[3.166s] -- Up-to-date symlink: /home/ronnakon/FRA333-KINEMATICS/LAB3_ws/install/xicro_interfaces/lib/python3.8/site-packages/xicro_interfaces/msg/__init__.py
[3.167s] -- Up-to-date symlink: /home/ronnakon/FRA333-KINEMATICS/LAB3_ws/install/xicro_interfaces/lib/python3.8/site-packages/xicro_interfaces/msg/_battery_state.py
[3.168s] -- Up-to-date symlink: /home/ronnakon/FRA333-KINEMATICS/LAB3_ws/install/xicro_interfaces/lib/python3.8/site-packages/xicro_interfaces/msg/_bool.py
[3.168s] -- Up-to-date symlink: /home/ronnakon/FRA333-KINEMATICS/LAB3_ws/install/xicro_interfaces/lib/python3.8/site-packages/xicro_interfaces/msg/_demo_input.py
[3.169s] -- Up-to-date symlink: /home/ronnakon/FRA333-KINEMATICS/LAB3_ws/install/xicro_interfaces/lib/python3.8/site-packages/xicro_interfaces/msg/_demo_output.py
[3.170s] -- Up-to-date symlink: /home/ronnakon/FRA333-KINEMATICS/LAB3_ws/install/xicro_interfaces/lib/python3.8/site-packages/xicro_interfaces/msg/_float32.py
[3.170s] -- Up-to-date symlink: /home/ronnakon/FRA333-KINEMATICS/LAB3_ws/install/xicro_interfaces/lib/python3.8/site-packages/xicro_interfaces/msg/_header.py
[3.171s] -- Up-to-date symlink: /home/ronnakon/FRA333-KINEMATICS/LAB3_ws/install/xicro_interfaces/lib/python3.8/site-packages/xicro_interfaces/msg/_imu.py
[3.172s] -- Up-to-date symlink: /home/ronnakon/FRA333-KINEMATICS/LAB3_ws/install/xicro_interfaces/lib/python3.8/site-packages/xicro_interfaces/msg/_int16.py
[3.173s] -- Up-to-date symlink: /home/ronnakon/FRA333-KINEMATICS/LAB3_ws/install/xicro_interfaces/lib/python3.8/site-packages/xicro_interfaces/msg/_int32.py
[3.173s] -- Up-to-date symlink: /home/ronnakon/FRA333-KINEMATICS/LAB3_ws/install/xicro_interfaces/lib/python3.8/site-packages/xicro_interfaces/msg/_int64.py
[3.174s] -- Up-to-date symlink: /home/ronnakon/FRA333-KINEMATICS/LAB3_ws/install/xicro_interfaces/lib/python3.8/site-packages/xicro_interfaces/msg/_int8.py
[3.175s] -- Up-to-date symlink: /home/ronnakon/FRA333-KINEMATICS/LAB3_ws/install/xicro_interfaces/lib/python3.8/site-packages/xicro_interfaces/msg/_joint_state.py
[3.175s] -- Up-to-date symlink: /home/ronnakon/FRA333-KINEMATICS/LAB3_ws/install/xicro_interfaces/lib/python3.8/site-packages/xicro_interfaces/msg/_point.py
[3.176s] -- Up-to-date symlink: /home/ronnakon/FRA333-KINEMATICS/LAB3_ws/install/xicro_interfaces/lib/python3.8/site-packages/xicro_interfaces/msg/_pose.py
[3.177s] -- Up-to-date symlink: /home/ronnakon/FRA333-KINEMATICS/LAB3_ws/install/xicro_interfaces/lib/python3.8/site-packages/xicro_interfaces/msg/_pose2_d.py
[3.177s] -- Up-to-date symlink: /home/ronnakon/FRA333-KINEMATICS/LAB3_ws/install/xicro_interfaces/lib/python3.8/site-packages/xicro_interfaces/msg/_pose_with_covariance.py
[3.177s] -- Up-to-date symlink: /home/ronnakon/FRA333-KINEMATICS/LAB3_ws/install/xicro_interfaces/lib/python3.8/site-packages/xicro_interfaces/msg/_quaternion.py
[3.178s] -- Up-to-date symlink: /home/ronnakon/FRA333-KINEMATICS/LAB3_ws/install/xicro_interfaces/lib/python3.8/site-packages/xicro_interfaces/msg/_temperature.py
[3.179s] -- Up-to-date symlink: /home/ronnakon/FRA333-KINEMATICS/LAB3_ws/install/xicro_interfaces/lib/python3.8/site-packages/xicro_interfaces/msg/_time.py
[3.179s] -- Up-to-date symlink: /home/ronnakon/FRA333-KINEMATICS/LAB3_ws/install/xicro_interfaces/lib/python3.8/site-packages/xicro_interfaces/msg/_twist.py
[3.179s] -- Up-to-date symlink: /home/ronnakon/FRA333-KINEMATICS/LAB3_ws/install/xicro_interfaces/lib/python3.8/site-packages/xicro_interfaces/msg/_uint16.py
[3.179s] -- Up-to-date symlink: /home/ronnakon/FRA333-KINEMATICS/LAB3_ws/install/xicro_interfaces/lib/python3.8/site-packages/xicro_interfaces/msg/_uint32.py
[3.180s] -- Up-to-date symlink: /home/ronnakon/FRA333-KINEMATICS/LAB3_ws/install/xicro_interfaces/lib/python3.8/site-packages/xicro_interfaces/msg/_uint64.py
[3.180s] -- Up-to-date symlink: /home/ronnakon/FRA333-KINEMATICS/LAB3_ws/install/xicro_interfaces/lib/python3.8/site-packages/xicro_interfaces/msg/_uint8.py
[3.180s] -- Up-to-date symlink: /home/ronnakon/FRA333-KINEMATICS/LAB3_ws/install/xicro_interfaces/lib/python3.8/site-packages/xicro_interfaces/msg/_vector3.py
[3.181s] -- Up-to-date symlink: /home/ronnakon/FRA333-KINEMATICS/LAB3_ws/install/xicro_interfaces/lib/python3.8/site-packages/xicro_interfaces/xicro_interfaces_s__rosidl_typesupport_fastrtps_c.cpython-38-x86_64-linux-gnu.so
[3.182s] -- Up-to-date symlink: /home/ronnakon/FRA333-KINEMATICS/LAB3_ws/install/xicro_interfaces/lib/python3.8/site-packages/xicro_interfaces/xicro_interfaces_s__rosidl_typesupport_introspection_c.cpython-38-x86_64-linux-gnu.so
[3.182s] -- Up-to-date symlink: /home/ronnakon/FRA333-KINEMATICS/LAB3_ws/install/xicro_interfaces/lib/python3.8/site-packages/xicro_interfaces/xicro_interfaces_s__rosidl_typesupport_c.cpython-38-x86_64-linux-gnu.so
[3.183s] -- Up-to-date symlink: /home/ronnakon/FRA333-KINEMATICS/LAB3_ws/install/xicro_interfaces/lib/libxicro_interfaces__python.so
[3.184s] -- Up-to-date symlink: /home/ronnakon/FRA333-KINEMATICS/LAB3_ws/install/xicro_interfaces/share/xicro_interfaces/msg/Bool.idl
[3.184s] -- Up-to-date symlink: /home/ronnakon/FRA333-KINEMATICS/LAB3_ws/install/xicro_interfaces/share/xicro_interfaces/msg/Uint8.idl
[3.184s] -- Up-to-date symlink: /home/ronnakon/FRA333-KINEMATICS/LAB3_ws/install/xicro_interfaces/share/xicro_interfaces/msg/Uint16.idl
[3.185s] -- Up-to-date symlink: /home/ronnakon/FRA333-KINEMATICS/LAB3_ws/install/xicro_interfaces/share/xicro_interfaces/msg/Uint32.idl
[3.185s] -- Up-to-date symlink: /home/ronnakon/FRA333-KINEMATICS/LAB3_ws/install/xicro_interfaces/share/xicro_interfaces/msg/Uint64.idl
[3.186s] -- Up-to-date symlink: /home/ronnakon/FRA333-KINEMATICS/LAB3_ws/install/xicro_interfaces/share/xicro_interfaces/msg/Int8.idl
[3.186s] -- Up-to-date symlink: /home/ronnakon/FRA333-KINEMATICS/LAB3_ws/install/xicro_interfaces/share/xicro_interfaces/msg/Int16.idl
[3.187s] -- Up-to-date symlink: /home/ronnakon/FRA333-KINEMATICS/LAB3_ws/install/xicro_interfaces/share/xicro_interfaces/msg/Int32.idl
[3.187s] -- Up-to-date symlink: /home/ronnakon/FRA333-KINEMATICS/LAB3_ws/install/xicro_interfaces/share/xicro_interfaces/msg/Int64.idl
[3.187s] -- Up-to-date symlink: /home/ronnakon/FRA333-KINEMATICS/LAB3_ws/install/xicro_interfaces/share/xicro_interfaces/msg/Float32.idl
[3.188s] -- Up-to-date symlink: /home/ronnakon/FRA333-KINEMATICS/LAB3_ws/install/xicro_interfaces/share/xicro_interfaces/msg/Imu.idl
[3.188s] -- Up-to-date symlink: /home/ronnakon/FRA333-KINEMATICS/LAB3_ws/install/xicro_interfaces/share/xicro_interfaces/msg/BatteryState.idl
[3.189s] -- Up-to-date symlink: /home/ronnakon/FRA333-KINEMATICS/LAB3_ws/install/xicro_interfaces/share/xicro_interfaces/msg/JointState.idl
[3.189s] -- Up-to-date symlink: /home/ronnakon/FRA333-KINEMATICS/LAB3_ws/install/xicro_interfaces/share/xicro_interfaces/msg/Temperature.idl
[3.189s] -- Up-to-date symlink: /home/ronnakon/FRA333-KINEMATICS/LAB3_ws/install/xicro_interfaces/share/xicro_interfaces/msg/Point.idl
[3.190s] -- Up-to-date symlink: /home/ronnakon/FRA333-KINEMATICS/LAB3_ws/install/xicro_interfaces/share/xicro_interfaces/msg/Pose.idl
[3.190s] -- Up-to-date symlink: /home/ronnakon/FRA333-KINEMATICS/LAB3_ws/install/xicro_interfaces/share/xicro_interfaces/msg/PoseWithCovariance.idl
[3.191s] -- Up-to-date symlink: /home/ronnakon/FRA333-KINEMATICS/LAB3_ws/install/xicro_interfaces/share/xicro_interfaces/msg/Quaternion.idl
[3.191s] -- Up-to-date symlink: /home/ronnakon/FRA333-KINEMATICS/LAB3_ws/install/xicro_interfaces/share/xicro_interfaces/msg/Pose2D.idl
[3.191s] -- Up-to-date symlink: /home/ronnakon/FRA333-KINEMATICS/LAB3_ws/install/xicro_interfaces/share/xicro_interfaces/msg/Twist.idl
[3.192s] -- Up-to-date symlink: /home/ronnakon/FRA333-KINEMATICS/LAB3_ws/install/xicro_interfaces/share/xicro_interfaces/msg/DemoInput.idl
[3.192s] -- Up-to-date symlink: /home/ronnakon/FRA333-KINEMATICS/LAB3_ws/install/xicro_interfaces/share/xicro_interfaces/msg/DemoOutput.idl
[3.193s] -- Up-to-date symlink: /home/ronnakon/FRA333-KINEMATICS/LAB3_ws/install/xicro_interfaces/share/xicro_interfaces/msg/Vector3.idl
[3.193s] -- Up-to-date symlink: /home/ronnakon/FRA333-KINEMATICS/LAB3_ws/install/xicro_interfaces/share/xicro_interfaces/msg/Time.idl
[3.193s] -- Up-to-date symlink: /home/ronnakon/FRA333-KINEMATICS/LAB3_ws/install/xicro_interfaces/share/xicro_interfaces/msg/Header.idl
[3.194s] -- Up-to-date symlink: /home/ronnakon/FRA333-KINEMATICS/LAB3_ws/install/xicro_interfaces/share/xicro_interfaces/msg/Bool.msg
[3.194s] -- Up-to-date symlink: /home/ronnakon/FRA333-KINEMATICS/LAB3_ws/install/xicro_interfaces/share/xicro_interfaces/msg/Uint8.msg
[3.195s] -- Up-to-date symlink: /home/ronnakon/FRA333-KINEMATICS/LAB3_ws/install/xicro_interfaces/share/xicro_interfaces/msg/Uint16.msg
[3.195s] -- Up-to-date symlink: /home/ronnakon/FRA333-KINEMATICS/LAB3_ws/install/xicro_interfaces/share/xicro_interfaces/msg/Uint32.msg
[3.195s] -- Up-to-date symlink: /home/ronnakon/FRA333-KINEMATICS/LAB3_ws/install/xicro_interfaces/share/xicro_interfaces/msg/Uint64.msg
[3.196s] -- Up-to-date symlink: /home/ronnakon/FRA333-KINEMATICS/LAB3_ws/install/xicro_interfaces/share/xicro_interfaces/msg/Int8.msg
[3.196s] -- Up-to-date symlink: /home/ronnakon/FRA333-KINEMATICS/LAB3_ws/install/xicro_interfaces/share/xicro_interfaces/msg/Int16.msg
[3.197s] -- Up-to-date symlink: /home/ronnakon/FRA333-KINEMATICS/LAB3_ws/install/xicro_interfaces/share/xicro_interfaces/msg/Int32.msg
[3.197s] -- Up-to-date symlink: /home/ronnakon/FRA333-KINEMATICS/LAB3_ws/install/xicro_interfaces/share/xicro_interfaces/msg/Int64.msg
[3.197s] -- Up-to-date symlink: /home/ronnakon/FRA333-KINEMATICS/LAB3_ws/install/xicro_interfaces/share/xicro_interfaces/msg/Float32.msg
[3.198s] -- Up-to-date symlink: /home/ronnakon/FRA333-KINEMATICS/LAB3_ws/install/xicro_interfaces/share/xicro_interfaces/msg/Imu.msg
[3.198s] -- Up-to-date symlink: /home/ronnakon/FRA333-KINEMATICS/LAB3_ws/install/xicro_interfaces/share/xicro_interfaces/msg/BatteryState.msg
[3.198s] -- Up-to-date symlink: /home/ronnakon/FRA333-KINEMATICS/LAB3_ws/install/xicro_interfaces/share/xicro_interfaces/msg/JointState.msg
[3.199s] -- Up-to-date symlink: /home/ronnakon/FRA333-KINEMATICS/LAB3_ws/install/xicro_interfaces/share/xicro_interfaces/msg/Temperature.msg
[3.199s] -- Up-to-date symlink: /home/ronnakon/FRA333-KINEMATICS/LAB3_ws/install/xicro_interfaces/share/xicro_interfaces/msg/Point.msg
[3.199s] -- Up-to-date symlink: /home/ronnakon/FRA333-KINEMATICS/LAB3_ws/install/xicro_interfaces/share/xicro_interfaces/msg/Pose.msg
[3.200s] -- Up-to-date symlink: /home/ronnakon/FRA333-KINEMATICS/LAB3_ws/install/xicro_interfaces/share/xicro_interfaces/msg/PoseWithCovariance.msg
[3.200s] -- Up-to-date symlink: /home/ronnakon/FRA333-KINEMATICS/LAB3_ws/install/xicro_interfaces/share/xicro_interfaces/msg/Quaternion.msg
[3.201s] -- Up-to-date symlink: /home/ronnakon/FRA333-KINEMATICS/LAB3_ws/install/xicro_interfaces/share/xicro_interfaces/msg/Pose2D.msg
[3.201s] -- Up-to-date symlink: /home/ronnakon/FRA333-KINEMATICS/LAB3_ws/install/xicro_interfaces/share/xicro_interfaces/msg/Twist.msg
[3.201s] -- Up-to-date symlink: /home/ronnakon/FRA333-KINEMATICS/LAB3_ws/install/xicro_interfaces/share/xicro_interfaces/msg/DemoInput.msg
[3.202s] -- Up-to-date symlink: /home/ronnakon/FRA333-KINEMATICS/LAB3_ws/install/xicro_interfaces/share/xicro_interfaces/msg/DemoOutput.msg
[3.202s] -- Up-to-date symlink: /home/ronnakon/FRA333-KINEMATICS/LAB3_ws/install/xicro_interfaces/share/xicro_interfaces/msg/Vector3.msg
[3.203s] -- Up-to-date symlink: /home/ronnakon/FRA333-KINEMATICS/LAB3_ws/install/xicro_interfaces/share/xicro_interfaces/msg/Time.msg
[3.203s] -- Up-to-date symlink: /home/ronnakon/FRA333-KINEMATICS/LAB3_ws/install/xicro_interfaces/share/xicro_interfaces/msg/Header.msg
[3.203s] -- Up-to-date symlink: /home/ronnakon/FRA333-KINEMATICS/LAB3_ws/install/xicro_interfaces/share/ament_index/resource_index/package_run_dependencies/xicro_interfaces
[3.204s] -- Up-to-date symlink: /home/ronnakon/FRA333-KINEMATICS/LAB3_ws/install/xicro_interfaces/share/ament_index/resource_index/parent_prefix_path/xicro_interfaces
[3.204s] -- Up-to-date symlink: /home/ronnakon/FRA333-KINEMATICS/LAB3_ws/install/xicro_interfaces/share/xicro_interfaces/environment/ament_prefix_path.sh
[3.205s] -- Up-to-date symlink: /home/ronnakon/FRA333-KINEMATICS/LAB3_ws/install/xicro_interfaces/share/xicro_interfaces/environment/ament_prefix_path.dsv
[3.205s] -- Up-to-date symlink: /home/ronnakon/FRA333-KINEMATICS/LAB3_ws/install/xicro_interfaces/share/xicro_interfaces/environment/path.sh
[3.205s] -- Up-to-date symlink: /home/ronnakon/FRA333-KINEMATICS/LAB3_ws/install/xicro_interfaces/share/xicro_interfaces/environment/path.dsv
[3.206s] -- Up-to-date symlink: /home/ronnakon/FRA333-KINEMATICS/LAB3_ws/install/xicro_interfaces/share/xicro_interfaces/local_setup.bash
[3.206s] -- Up-to-date symlink: /home/ronnakon/FRA333-KINEMATICS/LAB3_ws/install/xicro_interfaces/share/xicro_interfaces/local_setup.sh
[3.207s] -- Up-to-date symlink: /home/ronnakon/FRA333-KINEMATICS/LAB3_ws/install/xicro_interfaces/share/xicro_interfaces/local_setup.zsh
[3.207s] -- Up-to-date symlink: /home/ronnakon/FRA333-KINEMATICS/LAB3_ws/install/xicro_interfaces/share/xicro_interfaces/local_setup.dsv
[3.207s] -- Symlinking: /home/ronnakon/FRA333-KINEMATICS/LAB3_ws/install/xicro_interfaces/share/xicro_interfaces/package.dsv
[3.227s] -- Up-to-date symlink: /home/ronnakon/FRA333-KINEMATICS/LAB3_ws/install/xicro_interfaces/share/ament_index/resource_index/packages/xicro_interfaces
[3.228s] -- Up-to-date symlink: /home/ronnakon/FRA333-KINEMATICS/LAB3_ws/install/xicro_interfaces/share/xicro_interfaces/cmake/rosidl_cmake-extras.cmake
[3.229s] -- Up-to-date symlink: /home/ronnakon/FRA333-KINEMATICS/LAB3_ws/install/xicro_interfaces/share/xicro_interfaces/cmake/ament_cmake_export_dependencies-extras.cmake
[3.230s] -- Up-to-date symlink: /home/ronnakon/FRA333-KINEMATICS/LAB3_ws/install/xicro_interfaces/share/xicro_interfaces/cmake/ament_cmake_export_libraries-extras.cmake
[3.231s] -- Up-to-date symlink: /home/ronnakon/FRA333-KINEMATICS/LAB3_ws/install/xicro_interfaces/share/xicro_interfaces/cmake/ament_cmake_export_targets-extras.cmake
[3.232s] -- Up-to-date symlink: /home/ronnakon/FRA333-KINEMATICS/LAB3_ws/install/xicro_interfaces/share/xicro_interfaces/cmake/ament_cmake_export_include_directories-extras.cmake
[3.233s] -- Up-to-date symlink: /home/ronnakon/FRA333-KINEMATICS/LAB3_ws/install/xicro_interfaces/share/xicro_interfaces/cmake/rosidl_cmake_export_typesupport_libraries-extras.cmake
[3.234s] -- Up-to-date symlink: /home/ronnakon/FRA333-KINEMATICS/LAB3_ws/install/xicro_interfaces/share/xicro_interfaces/cmake/rosidl_cmake_export_typesupport_targets-extras.cmake
[3.236s] -- Up-to-date symlink: /home/ronnakon/FRA333-KINEMATICS/LAB3_ws/install/xicro_interfaces/share/xicro_interfaces/cmake/xicro_interfacesConfig.cmake
[3.236s] -- Up-to-date symlink: /home/ronnakon/FRA333-KINEMATICS/LAB3_ws/install/xicro_interfaces/share/xicro_interfaces/cmake/xicro_interfacesConfig-version.cmake
[3.237s] -- Up-to-date symlink: /home/ronnakon/FRA333-KINEMATICS/LAB3_ws/install/xicro_interfaces/share/xicro_interfaces/package.xml
[3.239s] -- Up-to-date: /home/ronnakon/FRA333-KINEMATICS/LAB3_ws/install/xicro_interfaces/lib/libxicro_interfaces__rosidl_generator_c.so
[3.240s] -- Up-to-date: /home/ronnakon/FRA333-KINEMATICS/LAB3_ws/install/xicro_interfaces/lib/libxicro_interfaces__rosidl_typesupport_introspection_c.so
[3.241s] -- Up-to-date: /home/ronnakon/FRA333-KINEMATICS/LAB3_ws/install/xicro_interfaces/lib/libxicro_interfaces__rosidl_typesupport_c.so
[3.242s] -- Up-to-date: /home/ronnakon/FRA333-KINEMATICS/LAB3_ws/install/xicro_interfaces/lib/libxicro_interfaces__rosidl_typesupport_introspection_cpp.so
[3.244s] -- Up-to-date: /home/ronnakon/FRA333-KINEMATICS/LAB3_ws/install/xicro_interfaces/lib/libxicro_interfaces__rosidl_typesupport_cpp.so
[3.284s] Compiling '/home/ronnakon/FRA333-KINEMATICS/LAB3_ws/install/xicro_interfaces/lib/python3.8/site-packages/xicro_interfaces/__init__.py'...
[3.290s] -- Old export file "/home/ronnakon/FRA333-KINEMATICS/LAB3_ws/install/xicro_interfaces/share/xicro_interfaces/cmake/xicro_interfaces__rosidl_generator_cExport.cmake" will be replaced.  Removing files [/home/ronnakon/FRA333-KINEMATICS/LAB3_ws/install/xicro_interfaces/share/xicro_interfaces/cmake/xicro_interfaces__rosidl_generator_cExport-noconfig.cmake].
[3.291s] -- Installing: /home/ronnakon/FRA333-KINEMATICS/LAB3_ws/install/xicro_interfaces/share/xicro_interfaces/cmake/xicro_interfaces__rosidl_generator_cExport.cmake
[3.291s] -- Installing: /home/ronnakon/FRA333-KINEMATICS/LAB3_ws/install/xicro_interfaces/share/xicro_interfaces/cmake/xicro_interfaces__rosidl_generator_cExport-noconfig.cmake
[3.292s] -- Up-to-date: /home/ronnakon/FRA333-KINEMATICS/LAB3_ws/install/xicro_interfaces/share/xicro_interfaces/cmake/xicro_interfaces__rosidl_typesupport_introspection_cExport.cmake
[3.293s] -- Installing: /home/ronnakon/FRA333-KINEMATICS/LAB3_ws/install/xicro_interfaces/share/xicro_interfaces/cmake/xicro_interfaces__rosidl_typesupport_introspection_cExport-noconfig.cmake
[3.294s] -- Up-to-date: /home/ronnakon/FRA333-KINEMATICS/LAB3_ws/install/xicro_interfaces/share/xicro_interfaces/cmake/xicro_interfaces__rosidl_typesupport_cExport.cmake
[3.294s] -- Installing: /home/ronnakon/FRA333-KINEMATICS/LAB3_ws/install/xicro_interfaces/share/xicro_interfaces/cmake/xicro_interfaces__rosidl_typesupport_cExport-noconfig.cmake
[3.295s] -- Up-to-date: /home/ronnakon/FRA333-KINEMATICS/LAB3_ws/install/xicro_interfaces/share/xicro_interfaces/cmake/xicro_interfaces__rosidl_generator_cppExport.cmake
[3.296s] -- Up-to-date: /home/ronnakon/FRA333-KINEMATICS/LAB3_ws/install/xicro_interfaces/share/xicro_interfaces/cmake/xicro_interfaces__rosidl_typesupport_introspection_cppExport.cmake
[3.297s] -- Installing: /home/ronnakon/FRA333-KINEMATICS/LAB3_ws/install/xicro_interfaces/share/xicro_interfaces/cmake/xicro_interfaces__rosidl_typesupport_introspection_cppExport-noconfig.cmake
[3.298s] -- Up-to-date: /home/ronnakon/FRA333-KINEMATICS/LAB3_ws/install/xicro_interfaces/share/xicro_interfaces/cmake/xicro_interfaces__rosidl_typesupport_cppExport.cmake
[3.298s] -- Installing: /home/ronnakon/FRA333-KINEMATICS/LAB3_ws/install/xicro_interfaces/share/xicro_interfaces/cmake/xicro_interfaces__rosidl_typesupport_cppExport-noconfig.cmake
[3.306s] Invoked command in '/home/ronnakon/FRA333-KINEMATICS/LAB3_ws/build/xicro_interfaces' returned '0': CMAKE_PREFIX_PATH=${CMAKE_PREFIX_PATH}:/opt/ros/foxy /usr/bin/cmake --install /home/ronnakon/FRA333-KINEMATICS/LAB3_ws/build/xicro_interfaces
