[0.044s] Invoking command in '/home/ronnakon/FRA333-KINEMATICS/fra333_lab3-main/build/lab3_control_robot': CMAKE_PREFIX_PATH=${CMAKE_PREFIX_PATH}:/opt/ros/foxy /usr/bin/cmake /home/ronnakon/FRA333-KINEMATICS/fra333_lab3-main/Src_lab3/lab3_control_robot -DAMENT_CMAKE_SYMLINK_INSTALL=1 -DCMAKE_INSTALL_PREFIX=/home/ronnakon/FRA333-KINEMATICS/fra333_lab3-main/install/lab3_control_robot
[0.304s] -- The C compiler identification is GNU 9.4.0
[0.478s] -- The CXX compiler identification is GNU 9.4.0
[0.489s] -- Check for working C compiler: /usr/bin/cc
[0.590s] -- Check for working C compiler: /usr/bin/cc -- works
[0.592s] -- Detecting C compiler ABI info
[0.721s] -- Detecting C compiler ABI info - done
[0.758s] -- Detecting C compile features
[0.761s] -- Detecting C compile features - done
[0.766s] -- Check for working CXX compiler: /usr/bin/c++
[1.144s] -- Check for working CXX compiler: /usr/bin/c++ -- works
[1.146s] -- Detecting CXX compiler ABI info
[1.496s] -- Detecting CXX compiler ABI info - done
[1.513s] -- Detecting CXX compile features
[1.514s] -- Detecting CXX compile features - done
[1.518s] -- Found rosidl_default_generators: 1.0.1 (/opt/ros/foxy/share/rosidl_default_generators/cmake)
[1.520s] -- Found ament_cmake_core: 0.9.11 (/opt/ros/foxy/share/ament_cmake_core/cmake)
[1.551s] -- Found PythonInterp: /usr/bin/python3 (found suitable version "3.8.10", minimum required is "3") 
[1.551s] -- Using PYTHON_EXECUTABLE: /usr/bin/python3
[1.806s] -- Override CMake install command with custom implementation using symlinks instead of copying resources
[1.829s] -- Using all available rosidl_typesupport_c: rosidl_typesupport_fastrtps_c;rosidl_typesupport_introspection_c
[1.844s] -- Found rosidl_adapter: 1.3.0 (/opt/ros/foxy/share/rosidl_adapter/cmake)
[2.081s] -- Found OpenSSL: /usr/lib/x86_64-linux-gnu/libcrypto.so (found version "1.1.1f")  
[2.130s] -- Found FastRTPS: /opt/ros/foxy/include  
[2.252s] -- Using all available rosidl_typesupport_cpp: rosidl_typesupport_fastrtps_cpp;rosidl_typesupport_introspection_cpp
[2.292s] -- Found geometry_msgs: 2.0.5 (/opt/ros/foxy/share/geometry_msgs/cmake)
[2.409s] -- Found rclcpp: 2.4.2 (/opt/ros/foxy/share/rclcpp/cmake)
[2.505s] -- Found rmw_implementation_cmake: 1.0.3 (/opt/ros/foxy/share/rmw_implementation_cmake/cmake)
[2.509s] -- Using RMW implementation 'rmw_fastrtps_cpp' as default
[2.512s] -- Looking for pthread.h
[2.710s] -- Looking for pthread.h - found
[2.710s] -- Performing Test CMAKE_HAVE_LIBC_PTHREAD
[2.920s] -- Performing Test CMAKE_HAVE_LIBC_PTHREAD - Failed
[2.920s] -- Looking for pthread_create in pthreads
[3.095s] -- Looking for pthread_create in pthreads - not found
[3.095s] -- Looking for pthread_create in pthread
[3.254s] -- Looking for pthread_create in pthread - found
[3.255s] -- Found Threads: TRUE  
[3.574s] -- Found rclpy: 1.0.11 (/opt/ros/foxy/share/rclpy/cmake)
[3.756s] -- Configuring done
[3.760s] -- Generating done
[3.763s] -- Build files have been written to: /home/ronnakon/FRA333-KINEMATICS/fra333_lab3-main/build/lab3_control_robot
[3.777s] Invoked command in '/home/ronnakon/FRA333-KINEMATICS/fra333_lab3-main/build/lab3_control_robot' returned '0': CMAKE_PREFIX_PATH=${CMAKE_PREFIX_PATH}:/opt/ros/foxy /usr/bin/cmake /home/ronnakon/FRA333-KINEMATICS/fra333_lab3-main/Src_lab3/lab3_control_robot -DAMENT_CMAKE_SYMLINK_INSTALL=1 -DCMAKE_INSTALL_PREFIX=/home/ronnakon/FRA333-KINEMATICS/fra333_lab3-main/install/lab3_control_robot
[3.782s] Invoking command in '/home/ronnakon/FRA333-KINEMATICS/fra333_lab3-main/build/lab3_control_robot': CMAKE_PREFIX_PATH=${CMAKE_PREFIX_PATH}:/opt/ros/foxy /usr/bin/cmake --build /home/ronnakon/FRA333-KINEMATICS/fra333_lab3-main/build/lab3_control_robot -- -j4 -l4
[3.866s] Invoked command in '/home/ronnakon/FRA333-KINEMATICS/fra333_lab3-main/build/lab3_control_robot' returned '0': CMAKE_PREFIX_PATH=${CMAKE_PREFIX_PATH}:/opt/ros/foxy /usr/bin/cmake --build /home/ronnakon/FRA333-KINEMATICS/fra333_lab3-main/build/lab3_control_robot -- -j4 -l4
[3.926s] Invoking command in '/home/ronnakon/FRA333-KINEMATICS/fra333_lab3-main/build/lab3_control_robot': CMAKE_PREFIX_PATH=${CMAKE_PREFIX_PATH}:/opt/ros/foxy /usr/bin/cmake --install /home/ronnakon/FRA333-KINEMATICS/fra333_lab3-main/build/lab3_control_robot
[3.945s] -- Install configuration: ""
[3.947s] -- Execute custom install script
[3.947s] -- Symlinking: /home/ronnakon/FRA333-KINEMATICS/fra333_lab3-main/install/lab3_control_robot/share/lab3_control_robot/environment/pythonpath.sh
[3.963s] -- Symlinking: /home/ronnakon/FRA333-KINEMATICS/fra333_lab3-main/install/lab3_control_robot/share/lab3_control_robot/environment/pythonpath.dsv
[3.980s] -- Symlinking: /home/ronnakon/FRA333-KINEMATICS/fra333_lab3-main/install/lab3_control_robot/lib/python3.8/site-packages/lab3_control_robot/__init__.py
[3.996s] -- Symlinking: /home/ronnakon/FRA333-KINEMATICS/fra333_lab3-main/install/lab3_control_robot/lib/python3.8/site-packages/lab3_control_robot/cheat_tool.py
[4.012s] -- Symlinking: /home/ronnakon/FRA333-KINEMATICS/fra333_lab3-main/install/lab3_control_robot/lib/lab3_control_robot/trajectory_gen.py
[4.029s] -- Symlinking: /home/ronnakon/FRA333-KINEMATICS/fra333_lab3-main/install/lab3_control_robot/share/lab3_control_robot/description/example_gazebo.xacro
[4.046s] -- Symlinking: /home/ronnakon/FRA333-KINEMATICS/fra333_lab3-main/install/lab3_control_robot/share/lab3_control_robot/description/example_include.xacro
[4.062s] -- Symlinking: /home/ronnakon/FRA333-KINEMATICS/fra333_lab3-main/install/lab3_control_robot/share/lab3_control_robot/description/example_robot.urdf.xacro
[4.080s] -- Symlinking: /home/ronnakon/FRA333-KINEMATICS/fra333_lab3-main/install/lab3_control_robot/share/lab3_control_robot/launch/dummy_gazebo.launch.py
[4.100s] -- Symlinking: /home/ronnakon/FRA333-KINEMATICS/fra333_lab3-main/install/lab3_control_robot/share/lab3_control_robot/config/myrobot_controllers.yaml
[4.117s] -- Symlinking: /home/ronnakon/FRA333-KINEMATICS/fra333_lab3-main/install/lab3_control_robot/share/lab3_control_robot/scripts/data.json
[4.132s] -- Symlinking: /home/ronnakon/FRA333-KINEMATICS/fra333_lab3-main/install/lab3_control_robot/share/lab3_control_robot/scripts/trajectory_gen.py
[4.148s] -- Symlinking: /home/ronnakon/FRA333-KINEMATICS/fra333_lab3-main/install/lab3_control_robot/share/lab3_control_robot/meshes/link_0.stl
[4.166s] -- Symlinking: /home/ronnakon/FRA333-KINEMATICS/fra333_lab3-main/install/lab3_control_robot/share/lab3_control_robot/meshes/link_1.stl
[4.181s] -- Symlinking: /home/ronnakon/FRA333-KINEMATICS/fra333_lab3-main/install/lab3_control_robot/share/lab3_control_robot/meshes/link_2.stl
[4.198s] -- Symlinking: /home/ronnakon/FRA333-KINEMATICS/fra333_lab3-main/install/lab3_control_robot/share/lab3_control_robot/meshes/link_3.stl
[4.215s] -- Symlinking: /home/ronnakon/FRA333-KINEMATICS/fra333_lab3-main/install/lab3_control_robot/share/lab3_control_robot/lab3_control_robot/__init__.py
[4.230s] -- Symlinking: /home/ronnakon/FRA333-KINEMATICS/fra333_lab3-main/install/lab3_control_robot/share/lab3_control_robot/lab3_control_robot/cheat_tool.py
[4.251s] -- Symlinking: /home/ronnakon/FRA333-KINEMATICS/fra333_lab3-main/install/lab3_control_robot/share/ament_index/resource_index/package_run_dependencies/lab3_control_robot
[4.271s] -- Symlinking: /home/ronnakon/FRA333-KINEMATICS/fra333_lab3-main/install/lab3_control_robot/share/ament_index/resource_index/parent_prefix_path/lab3_control_robot
[4.287s] -- Symlinking: /home/ronnakon/FRA333-KINEMATICS/fra333_lab3-main/install/lab3_control_robot/share/lab3_control_robot/environment/ament_prefix_path.sh
[4.305s] -- Symlinking: /home/ronnakon/FRA333-KINEMATICS/fra333_lab3-main/install/lab3_control_robot/share/lab3_control_robot/environment/ament_prefix_path.dsv
[4.328s] -- Symlinking: /home/ronnakon/FRA333-KINEMATICS/fra333_lab3-main/install/lab3_control_robot/share/lab3_control_robot/environment/path.sh
[4.344s] -- Symlinking: /home/ronnakon/FRA333-KINEMATICS/fra333_lab3-main/install/lab3_control_robot/share/lab3_control_robot/environment/path.dsv
[4.358s] -- Symlinking: /home/ronnakon/FRA333-KINEMATICS/fra333_lab3-main/install/lab3_control_robot/share/lab3_control_robot/local_setup.bash
[4.372s] -- Symlinking: /home/ronnakon/FRA333-KINEMATICS/fra333_lab3-main/install/lab3_control_robot/share/lab3_control_robot/local_setup.sh
[4.386s] -- Symlinking: /home/ronnakon/FRA333-KINEMATICS/fra333_lab3-main/install/lab3_control_robot/share/lab3_control_robot/local_setup.zsh
[4.400s] -- Symlinking: /home/ronnakon/FRA333-KINEMATICS/fra333_lab3-main/install/lab3_control_robot/share/lab3_control_robot/local_setup.dsv
[4.416s] -- Symlinking: /home/ronnakon/FRA333-KINEMATICS/fra333_lab3-main/install/lab3_control_robot/share/lab3_control_robot/package.dsv
[4.436s] -- Symlinking: /home/ronnakon/FRA333-KINEMATICS/fra333_lab3-main/install/lab3_control_robot/share/ament_index/resource_index/packages/lab3_control_robot
[4.455s] -- Symlinking: /home/ronnakon/FRA333-KINEMATICS/fra333_lab3-main/install/lab3_control_robot/share/lab3_control_robot/cmake/lab3_control_robotConfig.cmake
[4.472s] -- Symlinking: /home/ronnakon/FRA333-KINEMATICS/fra333_lab3-main/install/lab3_control_robot/share/lab3_control_robot/cmake/lab3_control_robotConfig-version.cmake
[4.484s] -- Symlinking: /home/ronnakon/FRA333-KINEMATICS/fra333_lab3-main/install/lab3_control_robot/share/lab3_control_robot/package.xml
[4.551s] Listing '/home/ronnakon/FRA333-KINEMATICS/fra333_lab3-main/install/lab3_control_robot/lib/python3.8/site-packages/lab3_control_robot'...
[4.551s] Compiling '/home/ronnakon/FRA333-KINEMATICS/fra333_lab3-main/install/lab3_control_robot/lib/python3.8/site-packages/lab3_control_robot/__init__.py'...
[4.551s] Compiling '/home/ronnakon/FRA333-KINEMATICS/fra333_lab3-main/install/lab3_control_robot/lib/python3.8/site-packages/lab3_control_robot/cheat_tool.py'...
[4.569s] Invoked command in '/home/ronnakon/FRA333-KINEMATICS/fra333_lab3-main/build/lab3_control_robot' returned '0': CMAKE_PREFIX_PATH=${CMAKE_PREFIX_PATH}:/opt/ros/foxy /usr/bin/cmake --install /home/ronnakon/FRA333-KINEMATICS/fra333_lab3-main/build/lab3_control_robot
