[0.223s] DEBUG:colcon:Command line arguments: ['/usr/bin/colcon', 'build', '--symlink-install']
[0.223s] DEBUG:colcon:Parsed command line arguments: Namespace(allow_overriding=[], ament_cmake_args=None, base_paths=['.'], build_base='build', catkin_cmake_args=None, catkin_skip_building_tests=False, cmake_args=None, cmake_clean_cache=False, cmake_clean_first=False, cmake_force_configure=False, cmake_target=None, cmake_target_skip_unavailable=False, continue_on_error=False, event_handlers=None, executor='parallel', ignore_user_meta=False, install_base='install', log_base=None, log_level=None, main=<bound method BuildVerb.main of <colcon_core.verb.build.BuildVerb object at 0x7f2ffd020fd0>>, merge_install=False, metas=['./colcon.meta'], packages_above=None, packages_above_and_dependencies=None, packages_above_depth=None, packages_end=None, packages_ignore=None, packages_ignore_regex=None, packages_select=None, packages_select_build_failed=False, packages_select_by_dep=None, packages_select_regex=None, packages_select_test_failures=False, packages_skip=None, packages_skip_build_finished=False, packages_skip_by_dep=None, packages_skip_regex=None, packages_skip_test_passed=False, packages_skip_up_to=None, packages_start=None, packages_up_to=None, packages_up_to_regex=None, parallel_workers=4, paths=None, symlink_install=True, test_result_base=None, verb_extension=<colcon_core.verb.build.BuildVerb object at 0x7f2ffd020fd0>, verb_name='build', verb_parser=<colcon_defaults.argument_parser.defaults.DefaultArgumentsDecorator object at 0x7f2ffd02c520>)
[0.263s] Level 1:colcon.colcon_core.package_discovery:discover_packages(colcon_meta) check parameters
[0.264s] Level 1:colcon.colcon_core.package_discovery:discover_packages(recursive) check parameters
[0.264s] Level 1:colcon.colcon_core.package_discovery:discover_packages(ignore) check parameters
[0.264s] Level 1:colcon.colcon_core.package_discovery:discover_packages(path) check parameters
[0.264s] Level 1:colcon.colcon_core.package_discovery:discover_packages(colcon_meta) discover
[0.264s] Level 1:colcon.colcon_core.package_discovery:discover_packages(recursive) discover
[0.264s] INFO:colcon.colcon_core.package_discovery:Crawling recursively for packages in '/home/ronnakon/FRA333-KINEMATICS/LAB3'
[0.264s] Level 1:colcon.colcon_core.package_identification:_identify(.) by extensions ['ignore', 'ignore_ament_install']
[0.264s] Level 1:colcon.colcon_core.package_identification:_identify(.) by extension 'ignore'
[0.264s] Level 1:colcon.colcon_core.package_identification:_identify(.) by extension 'ignore_ament_install'
[0.264s] Level 1:colcon.colcon_core.package_identification:_identify(.) by extensions ['colcon_pkg']
[0.264s] Level 1:colcon.colcon_core.package_identification:_identify(.) by extension 'colcon_pkg'
[0.264s] Level 1:colcon.colcon_core.package_identification:_identify(.) by extensions ['colcon_meta']
[0.265s] Level 1:colcon.colcon_core.package_identification:_identify(.) by extension 'colcon_meta'
[0.265s] Level 1:colcon.colcon_core.package_identification:_identify(.) by extensions ['ros']
[0.265s] Level 1:colcon.colcon_core.package_identification:_identify(.) by extension 'ros'
[0.283s] Level 1:colcon.colcon_core.package_identification:_identify(.) by extensions ['cmake', 'python']
[0.283s] Level 1:colcon.colcon_core.package_identification:_identify(.) by extension 'cmake'
[0.283s] Level 1:colcon.colcon_core.package_identification:_identify(.) by extension 'python'
[0.283s] Level 1:colcon.colcon_core.package_identification:_identify(.) by extensions ['python_setup_py']
[0.283s] Level 1:colcon.colcon_core.package_identification:_identify(.) by extension 'python_setup_py'
[0.284s] Level 1:colcon.colcon_core.package_identification:_identify(build) by extensions ['ignore', 'ignore_ament_install']
[0.284s] Level 1:colcon.colcon_core.package_identification:_identify(build) by extension 'ignore'
[0.284s] Level 1:colcon.colcon_core.package_identification:_identify(build) ignored
[0.284s] Level 1:colcon.colcon_core.package_identification:_identify(install) by extensions ['ignore', 'ignore_ament_install']
[0.284s] Level 1:colcon.colcon_core.package_identification:_identify(install) by extension 'ignore'
[0.284s] Level 1:colcon.colcon_core.package_identification:_identify(install) ignored
[0.284s] Level 1:colcon.colcon_core.package_identification:_identify(log) by extensions ['ignore', 'ignore_ament_install']
[0.284s] Level 1:colcon.colcon_core.package_identification:_identify(log) by extension 'ignore'
[0.284s] Level 1:colcon.colcon_core.package_identification:_identify(log) ignored
[0.284s] Level 1:colcon.colcon_core.package_identification:_identify(src) by extensions ['ignore', 'ignore_ament_install']
[0.285s] Level 1:colcon.colcon_core.package_identification:_identify(src) by extension 'ignore'
[0.285s] Level 1:colcon.colcon_core.package_identification:_identify(src) by extension 'ignore_ament_install'
[0.285s] Level 1:colcon.colcon_core.package_identification:_identify(src) by extensions ['colcon_pkg']
[0.285s] Level 1:colcon.colcon_core.package_identification:_identify(src) by extension 'colcon_pkg'
[0.285s] Level 1:colcon.colcon_core.package_identification:_identify(src) by extensions ['colcon_meta']
[0.285s] Level 1:colcon.colcon_core.package_identification:_identify(src) by extension 'colcon_meta'
[0.285s] Level 1:colcon.colcon_core.package_identification:_identify(src) by extensions ['ros']
[0.285s] Level 1:colcon.colcon_core.package_identification:_identify(src) by extension 'ros'
[0.285s] Level 1:colcon.colcon_core.package_identification:_identify(src) by extensions ['cmake', 'python']
[0.285s] Level 1:colcon.colcon_core.package_identification:_identify(src) by extension 'cmake'
[0.285s] Level 1:colcon.colcon_core.package_identification:_identify(src) by extension 'python'
[0.285s] Level 1:colcon.colcon_core.package_identification:_identify(src) by extensions ['python_setup_py']
[0.285s] Level 1:colcon.colcon_core.package_identification:_identify(src) by extension 'python_setup_py'
[0.286s] Level 1:colcon.colcon_core.package_identification:_identify(src/Read_IMU) by extensions ['ignore', 'ignore_ament_install']
[0.286s] Level 1:colcon.colcon_core.package_identification:_identify(src/Read_IMU) by extension 'ignore'
[0.286s] Level 1:colcon.colcon_core.package_identification:_identify(src/Read_IMU) by extension 'ignore_ament_install'
[0.286s] Level 1:colcon.colcon_core.package_identification:_identify(src/Read_IMU) by extensions ['colcon_pkg']
[0.286s] Level 1:colcon.colcon_core.package_identification:_identify(src/Read_IMU) by extension 'colcon_pkg'
[0.286s] Level 1:colcon.colcon_core.package_identification:_identify(src/Read_IMU) by extensions ['colcon_meta']
[0.286s] Level 1:colcon.colcon_core.package_identification:_identify(src/Read_IMU) by extension 'colcon_meta'
[0.286s] Level 1:colcon.colcon_core.package_identification:_identify(src/Read_IMU) by extensions ['ros']
[0.286s] Level 1:colcon.colcon_core.package_identification:_identify(src/Read_IMU) by extension 'ros'
[0.287s] Level 1:colcon.colcon_core.package_identification:_identify(src/Read_IMU) by extensions ['cmake', 'python']
[0.287s] Level 1:colcon.colcon_core.package_identification:_identify(src/Read_IMU) by extension 'cmake'
[0.287s] Level 1:colcon.colcon_core.package_identification:_identify(src/Read_IMU) by extension 'python'
[0.287s] Level 1:colcon.colcon_core.package_identification:_identify(src/Read_IMU) by extensions ['python_setup_py']
[0.287s] Level 1:colcon.colcon_core.package_identification:_identify(src/Read_IMU) by extension 'python_setup_py'
[0.287s] Level 1:colcon.colcon_core.package_identification:_identify(src/Read_IMU/include) by extensions ['ignore', 'ignore_ament_install']
[0.287s] Level 1:colcon.colcon_core.package_identification:_identify(src/Read_IMU/include) by extension 'ignore'
[0.287s] Level 1:colcon.colcon_core.package_identification:_identify(src/Read_IMU/include) by extension 'ignore_ament_install'
[0.287s] Level 1:colcon.colcon_core.package_identification:_identify(src/Read_IMU/include) by extensions ['colcon_pkg']
[0.287s] Level 1:colcon.colcon_core.package_identification:_identify(src/Read_IMU/include) by extension 'colcon_pkg'
[0.288s] Level 1:colcon.colcon_core.package_identification:_identify(src/Read_IMU/include) by extensions ['colcon_meta']
[0.288s] Level 1:colcon.colcon_core.package_identification:_identify(src/Read_IMU/include) by extension 'colcon_meta'
[0.288s] Level 1:colcon.colcon_core.package_identification:_identify(src/Read_IMU/include) by extensions ['ros']
[0.288s] Level 1:colcon.colcon_core.package_identification:_identify(src/Read_IMU/include) by extension 'ros'
[0.288s] Level 1:colcon.colcon_core.package_identification:_identify(src/Read_IMU/include) by extensions ['cmake', 'python']
[0.288s] Level 1:colcon.colcon_core.package_identification:_identify(src/Read_IMU/include) by extension 'cmake'
[0.288s] Level 1:colcon.colcon_core.package_identification:_identify(src/Read_IMU/include) by extension 'python'
[0.288s] Level 1:colcon.colcon_core.package_identification:_identify(src/Read_IMU/include) by extensions ['python_setup_py']
[0.288s] Level 1:colcon.colcon_core.package_identification:_identify(src/Read_IMU/include) by extension 'python_setup_py'
[0.288s] Level 1:colcon.colcon_core.package_identification:_identify(src/Read_IMU/lib) by extensions ['ignore', 'ignore_ament_install']
[0.289s] Level 1:colcon.colcon_core.package_identification:_identify(src/Read_IMU/lib) by extension 'ignore'
[0.289s] Level 1:colcon.colcon_core.package_identification:_identify(src/Read_IMU/lib) by extension 'ignore_ament_install'
[0.289s] Level 1:colcon.colcon_core.package_identification:_identify(src/Read_IMU/lib) by extensions ['colcon_pkg']
[0.289s] Level 1:colcon.colcon_core.package_identification:_identify(src/Read_IMU/lib) by extension 'colcon_pkg'
[0.289s] Level 1:colcon.colcon_core.package_identification:_identify(src/Read_IMU/lib) by extensions ['colcon_meta']
[0.289s] Level 1:colcon.colcon_core.package_identification:_identify(src/Read_IMU/lib) by extension 'colcon_meta'
[0.289s] Level 1:colcon.colcon_core.package_identification:_identify(src/Read_IMU/lib) by extensions ['ros']
[0.289s] Level 1:colcon.colcon_core.package_identification:_identify(src/Read_IMU/lib) by extension 'ros'
[0.289s] Level 1:colcon.colcon_core.package_identification:_identify(src/Read_IMU/lib) by extensions ['cmake', 'python']
[0.289s] Level 1:colcon.colcon_core.package_identification:_identify(src/Read_IMU/lib) by extension 'cmake'
[0.289s] Level 1:colcon.colcon_core.package_identification:_identify(src/Read_IMU/lib) by extension 'python'
[0.289s] Level 1:colcon.colcon_core.package_identification:_identify(src/Read_IMU/lib) by extensions ['python_setup_py']
[0.289s] Level 1:colcon.colcon_core.package_identification:_identify(src/Read_IMU/lib) by extension 'python_setup_py'
[0.289s] Level 1:colcon.colcon_core.package_identification:_identify(src/Read_IMU/lib/Xicro_read_imu_ID_3) by extensions ['ignore', 'ignore_ament_install']
[0.290s] Level 1:colcon.colcon_core.package_identification:_identify(src/Read_IMU/lib/Xicro_read_imu_ID_3) by extension 'ignore'
[0.290s] Level 1:colcon.colcon_core.package_identification:_identify(src/Read_IMU/lib/Xicro_read_imu_ID_3) by extension 'ignore_ament_install'
[0.290s] Level 1:colcon.colcon_core.package_identification:_identify(src/Read_IMU/lib/Xicro_read_imu_ID_3) by extensions ['colcon_pkg']
[0.290s] Level 1:colcon.colcon_core.package_identification:_identify(src/Read_IMU/lib/Xicro_read_imu_ID_3) by extension 'colcon_pkg'
[0.290s] Level 1:colcon.colcon_core.package_identification:_identify(src/Read_IMU/lib/Xicro_read_imu_ID_3) by extensions ['colcon_meta']
[0.290s] Level 1:colcon.colcon_core.package_identification:_identify(src/Read_IMU/lib/Xicro_read_imu_ID_3) by extension 'colcon_meta'
[0.290s] Level 1:colcon.colcon_core.package_identification:_identify(src/Read_IMU/lib/Xicro_read_imu_ID_3) by extensions ['ros']
[0.290s] Level 1:colcon.colcon_core.package_identification:_identify(src/Read_IMU/lib/Xicro_read_imu_ID_3) by extension 'ros'
[0.290s] Level 1:colcon.colcon_core.package_identification:_identify(src/Read_IMU/lib/Xicro_read_imu_ID_3) by extensions ['cmake', 'python']
[0.290s] Level 1:colcon.colcon_core.package_identification:_identify(src/Read_IMU/lib/Xicro_read_imu_ID_3) by extension 'cmake'
[0.290s] Level 1:colcon.colcon_core.package_identification:_identify(src/Read_IMU/lib/Xicro_read_imu_ID_3) by extension 'python'
[0.290s] Level 1:colcon.colcon_core.package_identification:_identify(src/Read_IMU/lib/Xicro_read_imu_ID_3) by extensions ['python_setup_py']
[0.290s] Level 1:colcon.colcon_core.package_identification:_identify(src/Read_IMU/lib/Xicro_read_imu_ID_3) by extension 'python_setup_py'
[0.290s] Level 1:colcon.colcon_core.package_identification:_identify(src/Read_IMU/src) by extensions ['ignore', 'ignore_ament_install']
[0.290s] Level 1:colcon.colcon_core.package_identification:_identify(src/Read_IMU/src) by extension 'ignore'
[0.290s] Level 1:colcon.colcon_core.package_identification:_identify(src/Read_IMU/src) by extension 'ignore_ament_install'
[0.290s] Level 1:colcon.colcon_core.package_identification:_identify(src/Read_IMU/src) by extensions ['colcon_pkg']
[0.290s] Level 1:colcon.colcon_core.package_identification:_identify(src/Read_IMU/src) by extension 'colcon_pkg'
[0.291s] Level 1:colcon.colcon_core.package_identification:_identify(src/Read_IMU/src) by extensions ['colcon_meta']
[0.291s] Level 1:colcon.colcon_core.package_identification:_identify(src/Read_IMU/src) by extension 'colcon_meta'
[0.291s] Level 1:colcon.colcon_core.package_identification:_identify(src/Read_IMU/src) by extensions ['ros']
[0.291s] Level 1:colcon.colcon_core.package_identification:_identify(src/Read_IMU/src) by extension 'ros'
[0.291s] Level 1:colcon.colcon_core.package_identification:_identify(src/Read_IMU/src) by extensions ['cmake', 'python']
[0.291s] Level 1:colcon.colcon_core.package_identification:_identify(src/Read_IMU/src) by extension 'cmake'
[0.291s] Level 1:colcon.colcon_core.package_identification:_identify(src/Read_IMU/src) by extension 'python'
[0.291s] Level 1:colcon.colcon_core.package_identification:_identify(src/Read_IMU/src) by extensions ['python_setup_py']
[0.291s] Level 1:colcon.colcon_core.package_identification:_identify(src/Read_IMU/src) by extension 'python_setup_py'
[0.291s] Level 1:colcon.colcon_core.package_identification:_identify(src/Read_IMU/test) by extensions ['ignore', 'ignore_ament_install']
[0.291s] Level 1:colcon.colcon_core.package_identification:_identify(src/Read_IMU/test) by extension 'ignore'
[0.291s] Level 1:colcon.colcon_core.package_identification:_identify(src/Read_IMU/test) by extension 'ignore_ament_install'
[0.291s] Level 1:colcon.colcon_core.package_identification:_identify(src/Read_IMU/test) by extensions ['colcon_pkg']
[0.291s] Level 1:colcon.colcon_core.package_identification:_identify(src/Read_IMU/test) by extension 'colcon_pkg'
[0.291s] Level 1:colcon.colcon_core.package_identification:_identify(src/Read_IMU/test) by extensions ['colcon_meta']
[0.291s] Level 1:colcon.colcon_core.package_identification:_identify(src/Read_IMU/test) by extension 'colcon_meta'
[0.291s] Level 1:colcon.colcon_core.package_identification:_identify(src/Read_IMU/test) by extensions ['ros']
[0.291s] Level 1:colcon.colcon_core.package_identification:_identify(src/Read_IMU/test) by extension 'ros'
[0.291s] Level 1:colcon.colcon_core.package_identification:_identify(src/Read_IMU/test) by extensions ['cmake', 'python']
[0.292s] Level 1:colcon.colcon_core.package_identification:_identify(src/Read_IMU/test) by extension 'cmake'
[0.292s] Level 1:colcon.colcon_core.package_identification:_identify(src/Read_IMU/test) by extension 'python'
[0.292s] Level 1:colcon.colcon_core.package_identification:_identify(src/Read_IMU/test) by extensions ['python_setup_py']
[0.292s] Level 1:colcon.colcon_core.package_identification:_identify(src/Read_IMU/test) by extension 'python_setup_py'
[0.292s] Level 1:colcon.colcon_core.package_identification:_identify(src/ros2_control_demo_3r_robot-main) by extensions ['ignore', 'ignore_ament_install']
[0.292s] Level 1:colcon.colcon_core.package_identification:_identify(src/ros2_control_demo_3r_robot-main) by extension 'ignore'
[0.292s] Level 1:colcon.colcon_core.package_identification:_identify(src/ros2_control_demo_3r_robot-main) by extension 'ignore_ament_install'
[0.292s] Level 1:colcon.colcon_core.package_identification:_identify(src/ros2_control_demo_3r_robot-main) by extensions ['colcon_pkg']
[0.292s] Level 1:colcon.colcon_core.package_identification:_identify(src/ros2_control_demo_3r_robot-main) by extension 'colcon_pkg'
[0.292s] Level 1:colcon.colcon_core.package_identification:_identify(src/ros2_control_demo_3r_robot-main) by extensions ['colcon_meta']
[0.292s] Level 1:colcon.colcon_core.package_identification:_identify(src/ros2_control_demo_3r_robot-main) by extension 'colcon_meta'
[0.292s] Level 1:colcon.colcon_core.package_identification:_identify(src/ros2_control_demo_3r_robot-main) by extensions ['ros']
[0.292s] Level 1:colcon.colcon_core.package_identification:_identify(src/ros2_control_demo_3r_robot-main) by extension 'ros'
[0.296s] DEBUG:colcon.colcon_core.package_identification:Package 'src/ros2_control_demo_3r_robot-main' with type 'ros.ament_cmake' and name 'ros2_control_demo_3r_robot'
[0.296s] Level 1:colcon.colcon_core.package_discovery:discover_packages(recursive) using defaults
[0.296s] Level 1:colcon.colcon_core.package_discovery:discover_packages(ignore) discover
[0.296s] Level 1:colcon.colcon_core.package_discovery:discover_packages(ignore) using defaults
[0.296s] Level 1:colcon.colcon_core.package_discovery:discover_packages(path) discover
[0.296s] Level 1:colcon.colcon_core.package_discovery:discover_packages(path) using defaults
[0.352s] Level 1:colcon.colcon_core.package_discovery:discover_packages(prefix_path) check parameters
[0.352s] Level 1:colcon.colcon_core.package_discovery:discover_packages(prefix_path) discover
[0.361s] DEBUG:colcon.colcon_installed_package_information.package_discovery:Found 270 installed packages in /opt/ros/foxy
[0.363s] Level 1:colcon.colcon_core.package_discovery:discover_packages(prefix_path) using defaults
[0.457s] Level 5:colcon.colcon_core.verb:set package 'ros2_control_demo_3r_robot' build argument 'cmake_args' from command line to 'None'
[0.458s] Level 5:colcon.colcon_core.verb:set package 'ros2_control_demo_3r_robot' build argument 'cmake_target' from command line to 'None'
[0.458s] Level 5:colcon.colcon_core.verb:set package 'ros2_control_demo_3r_robot' build argument 'cmake_target_skip_unavailable' from command line to 'False'
[0.458s] Level 5:colcon.colcon_core.verb:set package 'ros2_control_demo_3r_robot' build argument 'cmake_clean_cache' from command line to 'False'
[0.458s] Level 5:colcon.colcon_core.verb:set package 'ros2_control_demo_3r_robot' build argument 'cmake_clean_first' from command line to 'False'
[0.458s] Level 5:colcon.colcon_core.verb:set package 'ros2_control_demo_3r_robot' build argument 'cmake_force_configure' from command line to 'False'
[0.458s] Level 5:colcon.colcon_core.verb:set package 'ros2_control_demo_3r_robot' build argument 'ament_cmake_args' from command line to 'None'
[0.458s] Level 5:colcon.colcon_core.verb:set package 'ros2_control_demo_3r_robot' build argument 'catkin_cmake_args' from command line to 'None'
[0.458s] Level 5:colcon.colcon_core.verb:set package 'ros2_control_demo_3r_robot' build argument 'catkin_skip_building_tests' from command line to 'False'
[0.458s] DEBUG:colcon.colcon_core.verb:Building package 'ros2_control_demo_3r_robot' with the following arguments: {'ament_cmake_args': None, 'build_base': '/home/ronnakon/FRA333-KINEMATICS/LAB3/build/ros2_control_demo_3r_robot', 'catkin_cmake_args': None, 'catkin_skip_building_tests': False, 'cmake_args': None, 'cmake_clean_cache': False, 'cmake_clean_first': False, 'cmake_force_configure': False, 'cmake_target': None, 'cmake_target_skip_unavailable': False, 'install_base': '/home/ronnakon/FRA333-KINEMATICS/LAB3/install/ros2_control_demo_3r_robot', 'merge_install': False, 'path': '/home/ronnakon/FRA333-KINEMATICS/LAB3/src/ros2_control_demo_3r_robot-main', 'symlink_install': True, 'test_result_base': None}
[0.459s] INFO:colcon.colcon_core.executor:Executing jobs using 'parallel' executor
[0.464s] DEBUG:colcon.colcon_parallel_executor.executor.parallel:run_until_complete
[0.465s] INFO:colcon.colcon_ros.task.ament_cmake.build:Building ROS package in '/home/ronnakon/FRA333-KINEMATICS/LAB3/src/ros2_control_demo_3r_robot-main' with build type 'ament_cmake'
[0.465s] INFO:colcon.colcon_cmake.task.cmake.build:Building CMake package in '/home/ronnakon/FRA333-KINEMATICS/LAB3/src/ros2_control_demo_3r_robot-main'
[0.475s] INFO:colcon.colcon_core.plugin_system:Skipping extension 'colcon_core.shell.bat': Not used on non-Windows systems
[0.475s] INFO:colcon.colcon_core.shell:Skip shell extension 'powershell' for command environment: Not usable outside of PowerShell
[0.475s] DEBUG:colcon.colcon_core.shell:Skip shell extension 'dsv' for command environment
[0.492s] DEBUG:colcon.colcon_core.event_handler.log_command:Invoking command in '/home/ronnakon/FRA333-KINEMATICS/LAB3/build/ros2_control_demo_3r_robot': CMAKE_PREFIX_PATH=/opt/ros/foxy /usr/bin/cmake /home/ronnakon/FRA333-KINEMATICS/LAB3/src/ros2_control_demo_3r_robot-main -DAMENT_CMAKE_SYMLINK_INSTALL=1 -DCMAKE_INSTALL_PREFIX=/home/ronnakon/FRA333-KINEMATICS/LAB3/install/ros2_control_demo_3r_robot
[3.444s] DEBUG:colcon.colcon_core.event_handler.log_command:Invoked command in '/home/ronnakon/FRA333-KINEMATICS/LAB3/build/ros2_control_demo_3r_robot' returned '0': CMAKE_PREFIX_PATH=/opt/ros/foxy /usr/bin/cmake /home/ronnakon/FRA333-KINEMATICS/LAB3/src/ros2_control_demo_3r_robot-main -DAMENT_CMAKE_SYMLINK_INSTALL=1 -DCMAKE_INSTALL_PREFIX=/home/ronnakon/FRA333-KINEMATICS/LAB3/install/ros2_control_demo_3r_robot
[3.450s] DEBUG:colcon.colcon_core.event_handler.log_command:Invoking command in '/home/ronnakon/FRA333-KINEMATICS/LAB3/build/ros2_control_demo_3r_robot': CMAKE_PREFIX_PATH=/opt/ros/foxy /usr/bin/cmake --build /home/ronnakon/FRA333-KINEMATICS/LAB3/build/ros2_control_demo_3r_robot -- -j4 -l4
[3.522s] DEBUG:colcon.colcon_core.event_handler.log_command:Invoked command in '/home/ronnakon/FRA333-KINEMATICS/LAB3/build/ros2_control_demo_3r_robot' returned '0': CMAKE_PREFIX_PATH=/opt/ros/foxy /usr/bin/cmake --build /home/ronnakon/FRA333-KINEMATICS/LAB3/build/ros2_control_demo_3r_robot -- -j4 -l4
[3.581s] DEBUG:colcon.colcon_core.event_handler.log_command:Invoking command in '/home/ronnakon/FRA333-KINEMATICS/LAB3/build/ros2_control_demo_3r_robot': CMAKE_PREFIX_PATH=/opt/ros/foxy /usr/bin/cmake --install /home/ronnakon/FRA333-KINEMATICS/LAB3/build/ros2_control_demo_3r_robot
[4.148s] Level 1:colcon.colcon_core.environment:create_environment_scripts_only(ros2_control_demo_3r_robot)
[4.151s] DEBUG:colcon.colcon_core.event_handler.log_command:Invoked command in '/home/ronnakon/FRA333-KINEMATICS/LAB3/build/ros2_control_demo_3r_robot' returned '0': CMAKE_PREFIX_PATH=/opt/ros/foxy /usr/bin/cmake --install /home/ronnakon/FRA333-KINEMATICS/LAB3/build/ros2_control_demo_3r_robot
[4.178s] Level 1:colcon.colcon_core.environment:checking '/home/ronnakon/FRA333-KINEMATICS/LAB3/install/ros2_control_demo_3r_robot' for CMake module files
[4.179s] Level 1:colcon.colcon_core.environment:checking '/home/ronnakon/FRA333-KINEMATICS/LAB3/install/ros2_control_demo_3r_robot' for CMake config files
[4.180s] Level 1:colcon.colcon_core.shell:create_environment_hook('ros2_control_demo_3r_robot', 'cmake_prefix_path')
[4.183s] INFO:colcon.colcon_core.shell:Creating environment hook '/home/ronnakon/FRA333-KINEMATICS/LAB3/install/ros2_control_demo_3r_robot/share/ros2_control_demo_3r_robot/hook/cmake_prefix_path.ps1'
[4.185s] INFO:colcon.colcon_core.shell:Creating environment descriptor '/home/ronnakon/FRA333-KINEMATICS/LAB3/install/ros2_control_demo_3r_robot/share/ros2_control_demo_3r_robot/hook/cmake_prefix_path.dsv'
[4.186s] INFO:colcon.colcon_core.shell:Creating environment hook '/home/ronnakon/FRA333-KINEMATICS/LAB3/install/ros2_control_demo_3r_robot/share/ros2_control_demo_3r_robot/hook/cmake_prefix_path.sh'
[4.188s] Level 1:colcon.colcon_core.environment:checking '/home/ronnakon/FRA333-KINEMATICS/LAB3/install/ros2_control_demo_3r_robot/lib'
[4.189s] Level 1:colcon.colcon_core.environment:checking '/home/ronnakon/FRA333-KINEMATICS/LAB3/install/ros2_control_demo_3r_robot/bin'
[4.189s] Level 1:colcon.colcon_core.environment:checking '/home/ronnakon/FRA333-KINEMATICS/LAB3/install/ros2_control_demo_3r_robot/lib/pkgconfig/ros2_control_demo_3r_robot.pc'
[4.190s] Level 1:colcon.colcon_core.environment:checking '/home/ronnakon/FRA333-KINEMATICS/LAB3/install/ros2_control_demo_3r_robot/lib/python3.8/site-packages'
[4.190s] Level 1:colcon.colcon_core.shell:create_environment_hook('ros2_control_demo_3r_robot', 'pythonpath')
[4.193s] INFO:colcon.colcon_core.shell:Creating environment hook '/home/ronnakon/FRA333-KINEMATICS/LAB3/install/ros2_control_demo_3r_robot/share/ros2_control_demo_3r_robot/hook/pythonpath.ps1'
[4.195s] INFO:colcon.colcon_core.shell:Creating environment descriptor '/home/ronnakon/FRA333-KINEMATICS/LAB3/install/ros2_control_demo_3r_robot/share/ros2_control_demo_3r_robot/hook/pythonpath.dsv'
[4.196s] INFO:colcon.colcon_core.shell:Creating environment hook '/home/ronnakon/FRA333-KINEMATICS/LAB3/install/ros2_control_demo_3r_robot/share/ros2_control_demo_3r_robot/hook/pythonpath.sh'
[4.197s] Level 1:colcon.colcon_core.environment:checking '/home/ronnakon/FRA333-KINEMATICS/LAB3/install/ros2_control_demo_3r_robot/bin'
[4.202s] INFO:colcon.colcon_core.shell:Creating package script '/home/ronnakon/FRA333-KINEMATICS/LAB3/install/ros2_control_demo_3r_robot/share/ros2_control_demo_3r_robot/package.ps1'
[4.205s] INFO:colcon.colcon_core.shell:Creating package descriptor '/home/ronnakon/FRA333-KINEMATICS/LAB3/install/ros2_control_demo_3r_robot/share/ros2_control_demo_3r_robot/package.dsv'
[4.208s] INFO:colcon.colcon_core.shell:Creating package script '/home/ronnakon/FRA333-KINEMATICS/LAB3/install/ros2_control_demo_3r_robot/share/ros2_control_demo_3r_robot/package.sh'
[4.211s] INFO:colcon.colcon_core.shell:Creating package script '/home/ronnakon/FRA333-KINEMATICS/LAB3/install/ros2_control_demo_3r_robot/share/ros2_control_demo_3r_robot/package.bash'
[4.215s] INFO:colcon.colcon_core.shell:Creating package script '/home/ronnakon/FRA333-KINEMATICS/LAB3/install/ros2_control_demo_3r_robot/share/ros2_control_demo_3r_robot/package.zsh'
[4.217s] Level 1:colcon.colcon_core.environment:create_file_with_runtime_dependencies(/home/ronnakon/FRA333-KINEMATICS/LAB3/install/ros2_control_demo_3r_robot/share/colcon-core/packages/ros2_control_demo_3r_robot)
[4.302s] Level 1:colcon.colcon_core.environment:create_environment_scripts_only(ros2_control_demo_3r_robot)
[4.309s] Level 1:colcon.colcon_core.environment:checking '/home/ronnakon/FRA333-KINEMATICS/LAB3/install/ros2_control_demo_3r_robot' for CMake module files
[4.311s] Level 1:colcon.colcon_core.environment:checking '/home/ronnakon/FRA333-KINEMATICS/LAB3/install/ros2_control_demo_3r_robot' for CMake config files
[4.312s] Level 1:colcon.colcon_core.shell:create_environment_hook('ros2_control_demo_3r_robot', 'cmake_prefix_path')
[4.318s] INFO:colcon.colcon_core.shell:Creating environment hook '/home/ronnakon/FRA333-KINEMATICS/LAB3/install/ros2_control_demo_3r_robot/share/ros2_control_demo_3r_robot/hook/cmake_prefix_path.ps1'
[4.320s] INFO:colcon.colcon_core.shell:Creating environment descriptor '/home/ronnakon/FRA333-KINEMATICS/LAB3/install/ros2_control_demo_3r_robot/share/ros2_control_demo_3r_robot/hook/cmake_prefix_path.dsv'
[4.321s] INFO:colcon.colcon_core.shell:Creating environment hook '/home/ronnakon/FRA333-KINEMATICS/LAB3/install/ros2_control_demo_3r_robot/share/ros2_control_demo_3r_robot/hook/cmake_prefix_path.sh'
[4.322s] Level 1:colcon.colcon_core.environment:checking '/home/ronnakon/FRA333-KINEMATICS/LAB3/install/ros2_control_demo_3r_robot/lib'
[4.323s] Level 1:colcon.colcon_core.environment:checking '/home/ronnakon/FRA333-KINEMATICS/LAB3/install/ros2_control_demo_3r_robot/bin'
[4.323s] Level 1:colcon.colcon_core.environment:checking '/home/ronnakon/FRA333-KINEMATICS/LAB3/install/ros2_control_demo_3r_robot/lib/pkgconfig/ros2_control_demo_3r_robot.pc'
[4.324s] Level 1:colcon.colcon_core.environment:checking '/home/ronnakon/FRA333-KINEMATICS/LAB3/install/ros2_control_demo_3r_robot/lib/python3.8/site-packages'
[4.324s] Level 1:colcon.colcon_core.shell:create_environment_hook('ros2_control_demo_3r_robot', 'pythonpath')
[4.329s] INFO:colcon.colcon_core.shell:Creating environment hook '/home/ronnakon/FRA333-KINEMATICS/LAB3/install/ros2_control_demo_3r_robot/share/ros2_control_demo_3r_robot/hook/pythonpath.ps1'
[4.330s] INFO:colcon.colcon_core.shell:Creating environment descriptor '/home/ronnakon/FRA333-KINEMATICS/LAB3/install/ros2_control_demo_3r_robot/share/ros2_control_demo_3r_robot/hook/pythonpath.dsv'
[4.332s] INFO:colcon.colcon_core.shell:Creating environment hook '/home/ronnakon/FRA333-KINEMATICS/LAB3/install/ros2_control_demo_3r_robot/share/ros2_control_demo_3r_robot/hook/pythonpath.sh'
[4.333s] Level 1:colcon.colcon_core.environment:checking '/home/ronnakon/FRA333-KINEMATICS/LAB3/install/ros2_control_demo_3r_robot/bin'
[4.339s] INFO:colcon.colcon_core.shell:Creating package script '/home/ronnakon/FRA333-KINEMATICS/LAB3/install/ros2_control_demo_3r_robot/share/ros2_control_demo_3r_robot/package.ps1'
[4.341s] INFO:colcon.colcon_core.shell:Creating package descriptor '/home/ronnakon/FRA333-KINEMATICS/LAB3/install/ros2_control_demo_3r_robot/share/ros2_control_demo_3r_robot/package.dsv'
[4.343s] INFO:colcon.colcon_core.shell:Creating package script '/home/ronnakon/FRA333-KINEMATICS/LAB3/install/ros2_control_demo_3r_robot/share/ros2_control_demo_3r_robot/package.sh'
[4.345s] INFO:colcon.colcon_core.shell:Creating package script '/home/ronnakon/FRA333-KINEMATICS/LAB3/install/ros2_control_demo_3r_robot/share/ros2_control_demo_3r_robot/package.bash'
[4.346s] INFO:colcon.colcon_core.shell:Creating package script '/home/ronnakon/FRA333-KINEMATICS/LAB3/install/ros2_control_demo_3r_robot/share/ros2_control_demo_3r_robot/package.zsh'
[4.347s] Level 1:colcon.colcon_core.environment:create_file_with_runtime_dependencies(/home/ronnakon/FRA333-KINEMATICS/LAB3/install/ros2_control_demo_3r_robot/share/colcon-core/packages/ros2_control_demo_3r_robot)
[4.348s] DEBUG:colcon.colcon_parallel_executor.executor.parallel:closing loop
[4.353s] DEBUG:colcon.colcon_parallel_executor.executor.parallel:loop closed
[4.353s] DEBUG:colcon.colcon_parallel_executor.executor.parallel:run_until_complete finished with '0'
[4.353s] DEBUG:colcon.colcon_core.event_reactor:joining thread
[4.392s] INFO:colcon.colcon_core.plugin_system:Skipping extension 'colcon_notification.desktop_notification.terminal_notifier': Not used on non-Darwin systems
[4.393s] INFO:colcon.colcon_core.plugin_system:Skipping extension 'colcon_notification.desktop_notification.win32': Not used on non-Windows systems
[4.393s] INFO:colcon.colcon_notification.desktop_notification:Sending desktop notification using 'notify2'
[4.539s] DEBUG:colcon.colcon_core.event_reactor:joined thread
[4.544s] INFO:colcon.colcon_core.shell:Creating prefix script '/home/ronnakon/FRA333-KINEMATICS/LAB3/install/local_setup.ps1'
[4.549s] INFO:colcon.colcon_core.shell:Creating prefix util module '/home/ronnakon/FRA333-KINEMATICS/LAB3/install/_local_setup_util_ps1.py'
[4.556s] INFO:colcon.colcon_core.shell:Creating prefix chain script '/home/ronnakon/FRA333-KINEMATICS/LAB3/install/setup.ps1'
[4.564s] INFO:colcon.colcon_core.shell:Creating prefix script '/home/ronnakon/FRA333-KINEMATICS/LAB3/install/local_setup.sh'
[4.566s] INFO:colcon.colcon_core.shell:Creating prefix util module '/home/ronnakon/FRA333-KINEMATICS/LAB3/install/_local_setup_util_sh.py'
[4.568s] INFO:colcon.colcon_core.shell:Creating prefix chain script '/home/ronnakon/FRA333-KINEMATICS/LAB3/install/setup.sh'
[4.572s] INFO:colcon.colcon_core.shell:Creating prefix script '/home/ronnakon/FRA333-KINEMATICS/LAB3/install/local_setup.bash'
[4.574s] INFO:colcon.colcon_core.shell:Creating prefix chain script '/home/ronnakon/FRA333-KINEMATICS/LAB3/install/setup.bash'
[4.579s] INFO:colcon.colcon_core.shell:Creating prefix script '/home/ronnakon/FRA333-KINEMATICS/LAB3/install/local_setup.zsh'
[4.586s] INFO:colcon.colcon_core.shell:Creating prefix chain script '/home/ronnakon/FRA333-KINEMATICS/LAB3/install/setup.zsh'
