[0.017s] Invoking command in '/home/ronnakon/FRA333-KINEMATICS/fra333_lab2_23_1/build/romeona_kinematics': CMAKE_PREFIX_PATH=${CMAKE_PREFIX_PATH}:/opt/ros/foxy /usr/bin/cmake /home/ronnakon/FRA333-KINEMATICS/fra333_lab2_23_1/src/romeona_kinematics -DAMENT_CMAKE_SYMLINK_INSTALL=1 -DCMAKE_INSTALL_PREFIX=/home/ronnakon/FRA333-KINEMATICS/fra333_lab2_23_1/install/romeona_kinematics
[0.123s] -- The C compiler identification is GNU 9.4.0
[0.206s] -- The CXX compiler identification is GNU 9.4.0
[0.212s] -- Check for working C compiler: /usr/bin/cc
[0.267s] -- Check for working C compiler: /usr/bin/cc -- works
[0.269s] -- Detecting C compiler ABI info
[0.325s] -- Detecting C compiler ABI info - done
[0.338s] -- Detecting C compile features
[0.338s] -- Detecting C compile features - done
[0.340s] -- Check for working CXX compiler: /usr/bin/c++
[0.405s] -- Check for working CXX compiler: /usr/bin/c++ -- works
[0.407s] -- Detecting CXX compiler ABI info
[0.472s] -- Detecting CXX compiler ABI info - done
[0.481s] -- Detecting CXX compile features
[0.482s] -- Detecting CXX compile features - done
[0.485s] -- Found ament_cmake: 0.9.9 (/opt/ros/foxy/share/ament_cmake/cmake)
[0.506s] -- Found PythonInterp: /usr/bin/python3 (found suitable version "3.8.10", minimum required is "3") 
[0.506s] -- Using PYTHON_EXECUTABLE: /usr/bin/python3
[0.638s] -- Override CMake install command with custom implementation using symlinks instead of copying resources
[0.662s] -- Found rclcpp: 2.4.1 (/opt/ros/foxy/share/rclcpp/cmake)
[0.708s] -- Using all available rosidl_typesupport_c: rosidl_typesupport_fastrtps_c;rosidl_typesupport_introspection_c
[0.715s] -- Found rosidl_adapter: 1.2.1 (/opt/ros/foxy/share/rosidl_adapter/cmake)
[0.787s] -- Found OpenSSL: /usr/lib/x86_64-linux-gnu/libcrypto.so (found version "1.1.1f")  
[0.814s] -- Found FastRTPS: /opt/ros/foxy/include  
[0.887s] -- Using all available rosidl_typesupport_cpp: rosidl_typesupport_fastrtps_cpp;rosidl_typesupport_introspection_cpp
[0.938s] -- Found rmw_implementation_cmake: 1.0.3 (/opt/ros/foxy/share/rmw_implementation_cmake/cmake)
[0.940s] -- Using RMW implementation 'rmw_fastrtps_cpp' as default
[0.941s] -- Looking for pthread.h
[1.001s] -- Looking for pthread.h - found
[1.001s] -- Performing Test CMAKE_HAVE_LIBC_PTHREAD
[1.067s] -- Performing Test CMAKE_HAVE_LIBC_PTHREAD - Failed
[1.067s] -- Looking for pthread_create in pthreads
[1.119s] -- Looking for pthread_create in pthreads - not found
[1.119s] -- Looking for pthread_create in pthread
[1.173s] -- Looking for pthread_create in pthread - found
[1.174s] -- Found Threads: TRUE  
[1.327s] -- Found rclpy: 1.0.8 (/opt/ros/foxy/share/rclpy/cmake)
[1.406s] -- Configuring done
[1.407s] -- Generating done
[1.408s] -- Build files have been written to: /home/ronnakon/FRA333-KINEMATICS/fra333_lab2_23_1/build/romeona_kinematics
[1.413s] Invoked command in '/home/ronnakon/FRA333-KINEMATICS/fra333_lab2_23_1/build/romeona_kinematics' returned '0': CMAKE_PREFIX_PATH=${CMAKE_PREFIX_PATH}:/opt/ros/foxy /usr/bin/cmake /home/ronnakon/FRA333-KINEMATICS/fra333_lab2_23_1/src/romeona_kinematics -DAMENT_CMAKE_SYMLINK_INSTALL=1 -DCMAKE_INSTALL_PREFIX=/home/ronnakon/FRA333-KINEMATICS/fra333_lab2_23_1/install/romeona_kinematics
[1.416s] Invoking command in '/home/ronnakon/FRA333-KINEMATICS/fra333_lab2_23_1/build/romeona_kinematics': CMAKE_PREFIX_PATH=${CMAKE_PREFIX_PATH}:/opt/ros/foxy /usr/bin/cmake --build /home/ronnakon/FRA333-KINEMATICS/fra333_lab2_23_1/build/romeona_kinematics -- -j12 -l12
[1.453s] Invoked command in '/home/ronnakon/FRA333-KINEMATICS/fra333_lab2_23_1/build/romeona_kinematics' returned '0': CMAKE_PREFIX_PATH=${CMAKE_PREFIX_PATH}:/opt/ros/foxy /usr/bin/cmake --build /home/ronnakon/FRA333-KINEMATICS/fra333_lab2_23_1/build/romeona_kinematics -- -j12 -l12
[1.475s] Invoking command in '/home/ronnakon/FRA333-KINEMATICS/fra333_lab2_23_1/build/romeona_kinematics': CMAKE_PREFIX_PATH=${CMAKE_PREFIX_PATH}:/opt/ros/foxy /usr/bin/cmake --install /home/ronnakon/FRA333-KINEMATICS/fra333_lab2_23_1/build/romeona_kinematics
[1.486s] -- Install configuration: ""
[1.487s] -- Execute custom install script
[1.488s] -- Symlinking: /home/ronnakon/FRA333-KINEMATICS/fra333_lab2_23_1/install/romeona_kinematics/share/romeona_kinematics/environment/pythonpath.sh
[1.496s] -- Symlinking: /home/ronnakon/FRA333-KINEMATICS/fra333_lab2_23_1/install/romeona_kinematics/share/romeona_kinematics/environment/pythonpath.dsv
[1.503s] -- Symlinking: /home/ronnakon/FRA333-KINEMATICS/fra333_lab2_23_1/install/romeona_kinematics/lib/python3.8/site-packages/romeona_kinematics/__init__.py
[1.508s] -- Symlinking: /home/ronnakon/FRA333-KINEMATICS/fra333_lab2_23_1/install/romeona_kinematics/lib/python3.8/site-packages/romeona_kinematics/forward_kinematics.py
[1.514s] -- Symlinking: /home/ronnakon/FRA333-KINEMATICS/fra333_lab2_23_1/install/romeona_kinematics/lib/python3.8/site-packages/romeona_kinematics/inverse_kinematics.py
[1.520s] -- Symlinking: /home/ronnakon/FRA333-KINEMATICS/fra333_lab2_23_1/install/romeona_kinematics/lib/romeona_kinematics/kinematics_server.py
[1.529s] -- Symlinking: /home/ronnakon/FRA333-KINEMATICS/fra333_lab2_23_1/install/romeona_kinematics/share/romeona_kinematics/launch/display_with_kinematics_server.launch.py
[1.538s] -- Symlinking: /home/ronnakon/FRA333-KINEMATICS/fra333_lab2_23_1/install/romeona_kinematics/share/romeona_kinematics/scripts/kinematics_server.py
[1.546s] -- Symlinking: /home/ronnakon/FRA333-KINEMATICS/fra333_lab2_23_1/install/romeona_kinematics/share/romeona_kinematics/romeona_kinematics/__init__.py
[1.553s] -- Symlinking: /home/ronnakon/FRA333-KINEMATICS/fra333_lab2_23_1/install/romeona_kinematics/share/romeona_kinematics/romeona_kinematics/forward_kinematics.py
[1.558s] -- Symlinking: /home/ronnakon/FRA333-KINEMATICS/fra333_lab2_23_1/install/romeona_kinematics/share/romeona_kinematics/romeona_kinematics/inverse_kinematics.py
[1.564s] -- Symlinking: /home/ronnakon/FRA333-KINEMATICS/fra333_lab2_23_1/install/romeona_kinematics/share/ament_index/resource_index/package_run_dependencies/romeona_kinematics
[1.570s] -- Symlinking: /home/ronnakon/FRA333-KINEMATICS/fra333_lab2_23_1/install/romeona_kinematics/share/ament_index/resource_index/parent_prefix_path/romeona_kinematics
[1.576s] -- Symlinking: /home/ronnakon/FRA333-KINEMATICS/fra333_lab2_23_1/install/romeona_kinematics/share/romeona_kinematics/environment/ament_prefix_path.sh
[1.582s] -- Symlinking: /home/ronnakon/FRA333-KINEMATICS/fra333_lab2_23_1/install/romeona_kinematics/share/romeona_kinematics/environment/ament_prefix_path.dsv
[1.588s] -- Symlinking: /home/ronnakon/FRA333-KINEMATICS/fra333_lab2_23_1/install/romeona_kinematics/share/romeona_kinematics/environment/path.sh
[1.594s] -- Symlinking: /home/ronnakon/FRA333-KINEMATICS/fra333_lab2_23_1/install/romeona_kinematics/share/romeona_kinematics/environment/path.dsv
[1.600s] -- Symlinking: /home/ronnakon/FRA333-KINEMATICS/fra333_lab2_23_1/install/romeona_kinematics/share/romeona_kinematics/local_setup.bash
[1.606s] -- Symlinking: /home/ronnakon/FRA333-KINEMATICS/fra333_lab2_23_1/install/romeona_kinematics/share/romeona_kinematics/local_setup.sh
[1.612s] -- Symlinking: /home/ronnakon/FRA333-KINEMATICS/fra333_lab2_23_1/install/romeona_kinematics/share/romeona_kinematics/local_setup.zsh
[1.618s] -- Symlinking: /home/ronnakon/FRA333-KINEMATICS/fra333_lab2_23_1/install/romeona_kinematics/share/romeona_kinematics/local_setup.dsv
[1.624s] -- Symlinking: /home/ronnakon/FRA333-KINEMATICS/fra333_lab2_23_1/install/romeona_kinematics/share/romeona_kinematics/package.dsv
[1.631s] -- Symlinking: /home/ronnakon/FRA333-KINEMATICS/fra333_lab2_23_1/install/romeona_kinematics/share/ament_index/resource_index/packages/romeona_kinematics
[1.637s] -- Symlinking: /home/ronnakon/FRA333-KINEMATICS/fra333_lab2_23_1/install/romeona_kinematics/share/romeona_kinematics/cmake/romeona_kinematicsConfig.cmake
[1.643s] -- Symlinking: /home/ronnakon/FRA333-KINEMATICS/fra333_lab2_23_1/install/romeona_kinematics/share/romeona_kinematics/cmake/romeona_kinematicsConfig-version.cmake
[1.649s] -- Symlinking: /home/ronnakon/FRA333-KINEMATICS/fra333_lab2_23_1/install/romeona_kinematics/share/romeona_kinematics/package.xml
[1.677s] Listing '/home/ronnakon/FRA333-KINEMATICS/fra333_lab2_23_1/install/romeona_kinematics/lib/python3.8/site-packages/romeona_kinematics'...
[1.678s] Compiling '/home/ronnakon/FRA333-KINEMATICS/fra333_lab2_23_1/install/romeona_kinematics/lib/python3.8/site-packages/romeona_kinematics/__init__.py'...
[1.678s] Compiling '/home/ronnakon/FRA333-KINEMATICS/fra333_lab2_23_1/install/romeona_kinematics/lib/python3.8/site-packages/romeona_kinematics/forward_kinematics.py'...
[1.678s] Compiling '/home/ronnakon/FRA333-KINEMATICS/fra333_lab2_23_1/install/romeona_kinematics/lib/python3.8/site-packages/romeona_kinematics/inverse_kinematics.py'...
[1.683s] Invoked command in '/home/ronnakon/FRA333-KINEMATICS/fra333_lab2_23_1/build/romeona_kinematics' returned '0': CMAKE_PREFIX_PATH=${CMAKE_PREFIX_PATH}:/opt/ros/foxy /usr/bin/cmake --install /home/ronnakon/FRA333-KINEMATICS/fra333_lab2_23_1/build/romeona_kinematics
