[0.016s] Invoking command in '/home/ronnakon/FRA333-KINEMATICS/FRA333-Assignment-lab2-template/lab2_ws/build/dummy_description': CMAKE_PREFIX_PATH=${CMAKE_PREFIX_PATH}:/opt/ros/foxy /usr/bin/cmake --build /home/ronnakon/FRA333-KINEMATICS/FRA333-Assignment-lab2-template/lab2_ws/build/dummy_description -- -j12 -l12
[0.082s] Invoked command in '/home/ronnakon/FRA333-KINEMATICS/FRA333-Assignment-lab2-template/lab2_ws/build/dummy_description' returned '0': CMAKE_PREFIX_PATH=${CMAKE_PREFIX_PATH}:/opt/ros/foxy /usr/bin/cmake --build /home/ronnakon/FRA333-KINEMATICS/FRA333-Assignment-lab2-template/lab2_ws/build/dummy_description -- -j12 -l12
[0.113s] Invoking command in '/home/ronnakon/FRA333-KINEMATICS/FRA333-Assignment-lab2-template/lab2_ws/build/dummy_description': CMAKE_PREFIX_PATH=${CMAKE_PREFIX_PATH}:/opt/ros/foxy /usr/bin/cmake --install /home/ronnakon/FRA333-KINEMATICS/FRA333-Assignment-lab2-template/lab2_ws/build/dummy_description
[0.125s] -- Install configuration: ""
[0.125s] -- Execute custom install script
[0.126s] -- Up-to-date symlink: /home/ronnakon/FRA333-KINEMATICS/FRA333-Assignment-lab2-template/lab2_ws/install/dummy_description/share/dummy_description/environment/pythonpath.sh
[0.126s] -- Up-to-date symlink: /home/ronnakon/FRA333-KINEMATICS/FRA333-Assignment-lab2-template/lab2_ws/install/dummy_description/share/dummy_description/environment/pythonpath.dsv
[0.127s] -- Up-to-date symlink: /home/ronnakon/FRA333-KINEMATICS/FRA333-Assignment-lab2-template/lab2_ws/install/dummy_description/lib/python3.8/site-packages/dummy_description/__init__.py
[0.128s] -- Up-to-date symlink: /home/ronnakon/FRA333-KINEMATICS/FRA333-Assignment-lab2-template/lab2_ws/install/dummy_description/lib/python3.8/site-packages/dummy_description/dummy_module.py
[0.128s] -- Up-to-date symlink: /home/ronnakon/FRA333-KINEMATICS/FRA333-Assignment-lab2-template/lab2_ws/install/dummy_description/lib/dummy_description/dummy_script.py
[0.128s] -- Up-to-date symlink: /home/ronnakon/FRA333-KINEMATICS/FRA333-Assignment-lab2-template/lab2_ws/install/dummy_description/share/dummy_description/config/dummy_kinematics.rviz
[0.128s] -- Up-to-date symlink: /home/ronnakon/FRA333-KINEMATICS/FRA333-Assignment-lab2-template/lab2_ws/install/dummy_description/share/dummy_description/launch/display.launch.py
[0.128s] -- Up-to-date symlink: /home/ronnakon/FRA333-KINEMATICS/FRA333-Assignment-lab2-template/lab2_ws/install/dummy_description/share/dummy_description/launch/ex_display.launch.py
[0.128s] -- Up-to-date symlink: /home/ronnakon/FRA333-KINEMATICS/FRA333-Assignment-lab2-template/lab2_ws/install/dummy_description/share/dummy_description/launch/origin_display.launch.py
[0.129s] -- Up-to-date symlink: /home/ronnakon/FRA333-KINEMATICS/FRA333-Assignment-lab2-template/lab2_ws/install/dummy_description/share/dummy_description/robot/dummy_description.xacro
[0.129s] -- Up-to-date symlink: /home/ronnakon/FRA333-KINEMATICS/FRA333-Assignment-lab2-template/lab2_ws/install/dummy_description/share/dummy_description/cad_lab/base.STL
[0.129s] -- Up-to-date symlink: /home/ronnakon/FRA333-KINEMATICS/FRA333-Assignment-lab2-template/lab2_ws/install/dummy_description/share/dummy_description/cad_lab/gripper.STL
[0.129s] -- Up-to-date symlink: /home/ronnakon/FRA333-KINEMATICS/FRA333-Assignment-lab2-template/lab2_ws/install/dummy_description/share/dummy_description/cad_lab/link_1.STL
[0.129s] -- Up-to-date symlink: /home/ronnakon/FRA333-KINEMATICS/FRA333-Assignment-lab2-template/lab2_ws/install/dummy_description/share/dummy_description/cad_lab/link_2.STL
[0.129s] -- Up-to-date symlink: /home/ronnakon/FRA333-KINEMATICS/FRA333-Assignment-lab2-template/lab2_ws/install/dummy_description/share/dummy_description/cad_lab/link_3.STL
[0.129s] -- Up-to-date symlink: /home/ronnakon/FRA333-KINEMATICS/FRA333-Assignment-lab2-template/lab2_ws/install/dummy_description/share/ament_index/resource_index/package_run_dependencies/dummy_description
[0.129s] -- Up-to-date symlink: /home/ronnakon/FRA333-KINEMATICS/FRA333-Assignment-lab2-template/lab2_ws/install/dummy_description/share/ament_index/resource_index/parent_prefix_path/dummy_description
[0.129s] -- Up-to-date symlink: /home/ronnakon/FRA333-KINEMATICS/FRA333-Assignment-lab2-template/lab2_ws/install/dummy_description/share/dummy_description/environment/ament_prefix_path.sh
[0.130s] -- Up-to-date symlink: /home/ronnakon/FRA333-KINEMATICS/FRA333-Assignment-lab2-template/lab2_ws/install/dummy_description/share/dummy_description/environment/ament_prefix_path.dsv
[0.130s] -- Up-to-date symlink: /home/ronnakon/FRA333-KINEMATICS/FRA333-Assignment-lab2-template/lab2_ws/install/dummy_description/share/dummy_description/environment/path.sh
[0.130s] -- Up-to-date symlink: /home/ronnakon/FRA333-KINEMATICS/FRA333-Assignment-lab2-template/lab2_ws/install/dummy_description/share/dummy_description/environment/path.dsv
[0.130s] -- Up-to-date symlink: /home/ronnakon/FRA333-KINEMATICS/FRA333-Assignment-lab2-template/lab2_ws/install/dummy_description/share/dummy_description/local_setup.bash
[0.130s] -- Up-to-date symlink: /home/ronnakon/FRA333-KINEMATICS/FRA333-Assignment-lab2-template/lab2_ws/install/dummy_description/share/dummy_description/local_setup.sh
[0.131s] -- Up-to-date symlink: /home/ronnakon/FRA333-KINEMATICS/FRA333-Assignment-lab2-template/lab2_ws/install/dummy_description/share/dummy_description/local_setup.zsh
[0.131s] -- Up-to-date symlink: /home/ronnakon/FRA333-KINEMATICS/FRA333-Assignment-lab2-template/lab2_ws/install/dummy_description/share/dummy_description/local_setup.dsv
[0.131s] -- Symlinking: /home/ronnakon/FRA333-KINEMATICS/FRA333-Assignment-lab2-template/lab2_ws/install/dummy_description/share/dummy_description/package.dsv
[0.140s] -- Up-to-date symlink: /home/ronnakon/FRA333-KINEMATICS/FRA333-Assignment-lab2-template/lab2_ws/install/dummy_description/share/ament_index/resource_index/packages/dummy_description
[0.140s] -- Up-to-date symlink: /home/ronnakon/FRA333-KINEMATICS/FRA333-Assignment-lab2-template/lab2_ws/install/dummy_description/share/dummy_description/cmake/dummy_descriptionConfig.cmake
[0.140s] -- Up-to-date symlink: /home/ronnakon/FRA333-KINEMATICS/FRA333-Assignment-lab2-template/lab2_ws/install/dummy_description/share/dummy_description/cmake/dummy_descriptionConfig-version.cmake
[0.140s] -- Up-to-date symlink: /home/ronnakon/FRA333-KINEMATICS/FRA333-Assignment-lab2-template/lab2_ws/install/dummy_description/share/dummy_description/package.xml
[0.165s] Listing '/home/ronnakon/FRA333-KINEMATICS/FRA333-Assignment-lab2-template/lab2_ws/install/dummy_description/lib/python3.8/site-packages/dummy_description'...
[0.170s] Invoked command in '/home/ronnakon/FRA333-KINEMATICS/FRA333-Assignment-lab2-template/lab2_ws/build/dummy_description' returned '0': CMAKE_PREFIX_PATH=${CMAKE_PREFIX_PATH}:/opt/ros/foxy /usr/bin/cmake --install /home/ronnakon/FRA333-KINEMATICS/FRA333-Assignment-lab2-template/lab2_ws/build/dummy_description
