[0.026s] Invoking command in '/home/ronnakon/FRA333-KINEMATICS/LAB3/build/ros2_control_demo_3r_robot': CMAKE_PREFIX_PATH=/opt/ros/foxy /usr/bin/cmake /home/ronnakon/FRA333-KINEMATICS/LAB3/src/ros2_control_demo_3r_robot-main -DAMENT_CMAKE_SYMLINK_INSTALL=1 -DCMAKE_INSTALL_PREFIX=/home/ronnakon/FRA333-KINEMATICS/LAB3/install/ros2_control_demo_3r_robot
[0.247s] -- The C compiler identification is GNU 9.4.0
[0.382s] -- The CXX compiler identification is GNU 9.4.0
[0.394s] -- Check for working C compiler: /usr/bin/cc
[0.511s] -- Check for working C compiler: /usr/bin/cc -- works
[0.512s] -- Detecting C compiler ABI info
[0.625s] -- Detecting C compiler ABI info - done
[0.645s] -- Detecting C compile features
[0.645s] -- Detecting C compile features - done
[0.650s] -- Check for working CXX compiler: /usr/bin/c++
[0.777s] -- Check for working CXX compiler: /usr/bin/c++ -- works
[0.779s] -- Detecting CXX compiler ABI info
[0.924s] -- Detecting CXX compiler ABI info - done
[0.943s] -- Detecting CXX compile features
[0.944s] -- Detecting CXX compile features - done
[0.961s] -- Found rosidl_default_generators: 1.0.1 (/opt/ros/foxy/share/rosidl_default_generators/cmake)
[0.964s] -- Found ament_cmake_core: 0.9.9 (/opt/ros/foxy/share/ament_cmake_core/cmake)
[1.006s] -- Found PythonInterp: /usr/bin/python3 (found suitable version "3.8.10", minimum required is "3") 
[1.006s] -- Using PYTHON_EXECUTABLE: /usr/bin/python3
[1.264s] -- Override CMake install command with custom implementation using symlinks instead of copying resources
[1.277s] -- Using all available rosidl_typesupport_c: rosidl_typesupport_fastrtps_c;rosidl_typesupport_introspection_c
[1.290s] -- Found rosidl_adapter: 1.2.1 (/opt/ros/foxy/share/rosidl_adapter/cmake)
[1.532s] -- Found OpenSSL: /usr/lib/x86_64-linux-gnu/libcrypto.so (found version "1.1.1f")  
[1.575s] -- Found FastRTPS: /opt/ros/foxy/include  
[1.718s] -- Using all available rosidl_typesupport_cpp: rosidl_typesupport_fastrtps_cpp;rosidl_typesupport_introspection_cpp
[1.776s] -- Found geometry_msgs: 2.0.5 (/opt/ros/foxy/share/geometry_msgs/cmake)
[1.935s] -- Found rclcpp: 2.4.1 (/opt/ros/foxy/share/rclcpp/cmake)
[2.015s] -- Found rmw_implementation_cmake: 1.0.3 (/opt/ros/foxy/share/rmw_implementation_cmake/cmake)
[2.018s] -- Using RMW implementation 'rmw_fastrtps_cpp' as default
[2.020s] -- Looking for pthread.h
[2.157s] -- Looking for pthread.h - found
[2.158s] -- Performing Test CMAKE_HAVE_LIBC_PTHREAD
[2.276s] -- Performing Test CMAKE_HAVE_LIBC_PTHREAD - Failed
[2.276s] -- Looking for pthread_create in pthreads
[2.371s] -- Looking for pthread_create in pthreads - not found
[2.371s] -- Looking for pthread_create in pthread
[2.520s] -- Looking for pthread_create in pthread - found
[2.522s] -- Found Threads: TRUE  
[2.807s] -- Found rclpy: 1.0.8 (/opt/ros/foxy/share/rclpy/cmake)
[2.957s] -- Configuring done
[2.961s] -- Generating done
[2.963s] -- Build files have been written to: /home/ronnakon/FRA333-KINEMATICS/LAB3/build/ros2_control_demo_3r_robot
[2.978s] Invoked command in '/home/ronnakon/FRA333-KINEMATICS/LAB3/build/ros2_control_demo_3r_robot' returned '0': CMAKE_PREFIX_PATH=/opt/ros/foxy /usr/bin/cmake /home/ronnakon/FRA333-KINEMATICS/LAB3/src/ros2_control_demo_3r_robot-main -DAMENT_CMAKE_SYMLINK_INSTALL=1 -DCMAKE_INSTALL_PREFIX=/home/ronnakon/FRA333-KINEMATICS/LAB3/install/ros2_control_demo_3r_robot
[2.983s] Invoking command in '/home/ronnakon/FRA333-KINEMATICS/LAB3/build/ros2_control_demo_3r_robot': CMAKE_PREFIX_PATH=/opt/ros/foxy /usr/bin/cmake --build /home/ronnakon/FRA333-KINEMATICS/LAB3/build/ros2_control_demo_3r_robot -- -j4 -l4
[3.057s] Invoked command in '/home/ronnakon/FRA333-KINEMATICS/LAB3/build/ros2_control_demo_3r_robot' returned '0': CMAKE_PREFIX_PATH=/opt/ros/foxy /usr/bin/cmake --build /home/ronnakon/FRA333-KINEMATICS/LAB3/build/ros2_control_demo_3r_robot -- -j4 -l4
[3.115s] Invoking command in '/home/ronnakon/FRA333-KINEMATICS/LAB3/build/ros2_control_demo_3r_robot': CMAKE_PREFIX_PATH=/opt/ros/foxy /usr/bin/cmake --install /home/ronnakon/FRA333-KINEMATICS/LAB3/build/ros2_control_demo_3r_robot
[3.130s] -- Install configuration: ""
[3.131s] -- Execute custom install script
[3.132s] -- Symlinking: /home/ronnakon/FRA333-KINEMATICS/LAB3/install/ros2_control_demo_3r_robot/share/ros2_control_demo_3r_robot/environment/pythonpath.sh
[3.154s] -- Symlinking: /home/ronnakon/FRA333-KINEMATICS/LAB3/install/ros2_control_demo_3r_robot/share/ros2_control_demo_3r_robot/environment/pythonpath.dsv
[3.169s] -- Symlinking: /home/ronnakon/FRA333-KINEMATICS/LAB3/install/ros2_control_demo_3r_robot/lib/python3.8/site-packages/ros2_control_demo_3r_robot/__init__.py
[3.194s] -- Symlinking: /home/ronnakon/FRA333-KINEMATICS/LAB3/install/ros2_control_demo_3r_robot/lib/ros2_control_demo_3r_robot/trajectory_gen.py
[3.211s] -- Symlinking: /home/ronnakon/FRA333-KINEMATICS/LAB3/install/ros2_control_demo_3r_robot/share/ros2_control_demo_3r_robot/description/example_gazebo.xacro
[3.224s] -- Symlinking: /home/ronnakon/FRA333-KINEMATICS/LAB3/install/ros2_control_demo_3r_robot/share/ros2_control_demo_3r_robot/description/example_include.xacro
[3.236s] -- Symlinking: /home/ronnakon/FRA333-KINEMATICS/LAB3/install/ros2_control_demo_3r_robot/share/ros2_control_demo_3r_robot/description/example_robot.urdf.xacro
[3.255s] -- Symlinking: /home/ronnakon/FRA333-KINEMATICS/LAB3/install/ros2_control_demo_3r_robot/share/ros2_control_demo_3r_robot/launch/dummy_gazebo.launch.py
[3.273s] -- Symlinking: /home/ronnakon/FRA333-KINEMATICS/LAB3/install/ros2_control_demo_3r_robot/share/ros2_control_demo_3r_robot/config/myrobot_controllers.yaml
[3.294s] -- Symlinking: /home/ronnakon/FRA333-KINEMATICS/LAB3/install/ros2_control_demo_3r_robot/share/ros2_control_demo_3r_robot/scripts/trajectory_gen.py
[3.307s] -- Symlinking: /home/ronnakon/FRA333-KINEMATICS/LAB3/install/ros2_control_demo_3r_robot/share/ros2_control_demo_3r_robot/meshes/link_0.stl
[3.324s] -- Symlinking: /home/ronnakon/FRA333-KINEMATICS/LAB3/install/ros2_control_demo_3r_robot/share/ros2_control_demo_3r_robot/meshes/link_1.stl
[3.339s] -- Symlinking: /home/ronnakon/FRA333-KINEMATICS/LAB3/install/ros2_control_demo_3r_robot/share/ros2_control_demo_3r_robot/meshes/link_2.stl
[3.355s] -- Symlinking: /home/ronnakon/FRA333-KINEMATICS/LAB3/install/ros2_control_demo_3r_robot/share/ros2_control_demo_3r_robot/meshes/link_3.stl
[3.371s] -- Symlinking: /home/ronnakon/FRA333-KINEMATICS/LAB3/install/ros2_control_demo_3r_robot/share/ament_index/resource_index/package_run_dependencies/ros2_control_demo_3r_robot
[3.386s] -- Symlinking: /home/ronnakon/FRA333-KINEMATICS/LAB3/install/ros2_control_demo_3r_robot/share/ament_index/resource_index/parent_prefix_path/ros2_control_demo_3r_robot
[3.401s] -- Symlinking: /home/ronnakon/FRA333-KINEMATICS/LAB3/install/ros2_control_demo_3r_robot/share/ros2_control_demo_3r_robot/environment/ament_prefix_path.sh
[3.417s] -- Symlinking: /home/ronnakon/FRA333-KINEMATICS/LAB3/install/ros2_control_demo_3r_robot/share/ros2_control_demo_3r_robot/environment/ament_prefix_path.dsv
[3.431s] -- Symlinking: /home/ronnakon/FRA333-KINEMATICS/LAB3/install/ros2_control_demo_3r_robot/share/ros2_control_demo_3r_robot/environment/path.sh
[3.447s] -- Symlinking: /home/ronnakon/FRA333-KINEMATICS/LAB3/install/ros2_control_demo_3r_robot/share/ros2_control_demo_3r_robot/environment/path.dsv
[3.462s] -- Symlinking: /home/ronnakon/FRA333-KINEMATICS/LAB3/install/ros2_control_demo_3r_robot/share/ros2_control_demo_3r_robot/local_setup.bash
[3.476s] -- Symlinking: /home/ronnakon/FRA333-KINEMATICS/LAB3/install/ros2_control_demo_3r_robot/share/ros2_control_demo_3r_robot/local_setup.sh
[3.493s] -- Symlinking: /home/ronnakon/FRA333-KINEMATICS/LAB3/install/ros2_control_demo_3r_robot/share/ros2_control_demo_3r_robot/local_setup.zsh
[3.507s] -- Symlinking: /home/ronnakon/FRA333-KINEMATICS/LAB3/install/ros2_control_demo_3r_robot/share/ros2_control_demo_3r_robot/local_setup.dsv
[3.524s] -- Symlinking: /home/ronnakon/FRA333-KINEMATICS/LAB3/install/ros2_control_demo_3r_robot/share/ros2_control_demo_3r_robot/package.dsv
[3.538s] -- Symlinking: /home/ronnakon/FRA333-KINEMATICS/LAB3/install/ros2_control_demo_3r_robot/share/ament_index/resource_index/packages/ros2_control_demo_3r_robot
[3.554s] -- Symlinking: /home/ronnakon/FRA333-KINEMATICS/LAB3/install/ros2_control_demo_3r_robot/share/ros2_control_demo_3r_robot/cmake/ros2_control_demo_3r_robotConfig.cmake
[3.578s] -- Symlinking: /home/ronnakon/FRA333-KINEMATICS/LAB3/install/ros2_control_demo_3r_robot/share/ros2_control_demo_3r_robot/cmake/ros2_control_demo_3r_robotConfig-version.cmake
[3.597s] -- Symlinking: /home/ronnakon/FRA333-KINEMATICS/LAB3/install/ros2_control_demo_3r_robot/share/ros2_control_demo_3r_robot/package.xml
[3.668s] Listing '/home/ronnakon/FRA333-KINEMATICS/LAB3/install/ros2_control_demo_3r_robot/lib/python3.8/site-packages/ros2_control_demo_3r_robot'...
[3.668s] Compiling '/home/ronnakon/FRA333-KINEMATICS/LAB3/install/ros2_control_demo_3r_robot/lib/python3.8/site-packages/ros2_control_demo_3r_robot/__init__.py'...
[3.685s] Invoked command in '/home/ronnakon/FRA333-KINEMATICS/LAB3/build/ros2_control_demo_3r_robot' returned '0': CMAKE_PREFIX_PATH=/opt/ros/foxy /usr/bin/cmake --install /home/ronnakon/FRA333-KINEMATICS/LAB3/build/ros2_control_demo_3r_robot
