-- Found ament_cmake: 0.9.9 (/opt/ros/foxy/share/ament_cmake/cmake)
-- Using PYTHON_EXECUTABLE: /usr/bin/python3
-- Found rclcpp: 2.4.1 (/opt/ros/foxy/share/rclcpp/cmake)
-- Using all available rosidl_typesupport_c: rosidl_typesupport_fastrtps_c;rosidl_typesupport_introspection_c
-- Found rosidl_adapter: 1.2.1 (/opt/ros/foxy/share/rosidl_adapter/cmake)
-- Using all available rosidl_typesupport_cpp: rosidl_typesupport_fastrtps_cpp;rosidl_typesupport_introspection_cpp
-- Found rmw_implementation_cmake: 1.0.3 (/opt/ros/foxy/share/rmw_implementation_cmake/cmake)
-- Using RMW implementation 'rmw_fastrtps_cpp' as default
-- Found rclpy: 1.0.8 (/opt/ros/foxy/share/rclpy/cmake)
-- Configuring done
-- Generating done
-- Build files have been written to: /home/student26/ROS2_Directory/kla_ws/build/kla_01_package
[35m[1mScanning dependencies of target cpp_node_test[0m
[ 50%] [32mBuilding CXX object CMakeFiles/cpp_node_test.dir/src/cpp_node.cpp.o[0m
[100%] [32m[1mLinking CXX executable cpp_node_test[0m
[100%] Built target cpp_node_test
-- Install configuration: ""
-- Installing: /home/student26/ROS2_Directory/kla_ws/install/kla_01_package/share/kla_01_package/environment/pythonpath.sh
-- Installing: /home/student26/ROS2_Directory/kla_ws/install/kla_01_package/share/kla_01_package/environment/pythonpath.dsv
-- Installing: /home/student26/ROS2_Directory/kla_ws/install/kla_01_package/lib/python3.8/site-packages/kla_01_package
-- Installing: /home/student26/ROS2_Directory/kla_ws/install/kla_01_package/lib/python3.8/site-packages/kla_01_package/__init__.py
Listing '/home/student26/ROS2_Directory/kla_ws/install/kla_01_package/lib/python3.8/site-packages/kla_01_package'...
Compiling '/home/student26/ROS2_Directory/kla_ws/install/kla_01_package/lib/python3.8/site-packages/kla_01_package/__init__.py'...
-- Installing: /home/student26/ROS2_Directory/kla_ws/install/kla_01_package/lib/kla_01_package/dummy.py
-- Installing: /home/student26/ROS2_Directory/kla_ws/install/kla_01_package/lib/kla_01_package/cpp_node_test
-- Set runtime path of "/home/student26/ROS2_Directory/kla_ws/install/kla_01_package/lib/kla_01_package/cpp_node_test" to ""
-- Up-to-date: /home/student26/ROS2_Directory/kla_ws/install/kla_01_package/share/kla_01_package
-- Installing: /home/student26/ROS2_Directory/kla_ws/install/kla_01_package/share/ament_index/resource_index/package_run_dependencies/kla_01_package
-- Installing: /home/student26/ROS2_Directory/kla_ws/install/kla_01_package/share/ament_index/resource_index/parent_prefix_path/kla_01_package
-- Installing: /home/student26/ROS2_Directory/kla_ws/install/kla_01_package/share/kla_01_package/environment/ament_prefix_path.sh
-- Installing: /home/student26/ROS2_Directory/kla_ws/install/kla_01_package/share/kla_01_package/environment/ament_prefix_path.dsv
-- Installing: /home/student26/ROS2_Directory/kla_ws/install/kla_01_package/share/kla_01_package/environment/path.sh
-- Installing: /home/student26/ROS2_Directory/kla_ws/install/kla_01_package/share/kla_01_package/environment/path.dsv
-- Installing: /home/student26/ROS2_Directory/kla_ws/install/kla_01_package/share/kla_01_package/local_setup.bash
-- Installing: /home/student26/ROS2_Directory/kla_ws/install/kla_01_package/share/kla_01_package/local_setup.sh
-- Installing: /home/student26/ROS2_Directory/kla_ws/install/kla_01_package/share/kla_01_package/local_setup.zsh
-- Installing: /home/student26/ROS2_Directory/kla_ws/install/kla_01_package/share/kla_01_package/local_setup.dsv
-- Installing: /home/student26/ROS2_Directory/kla_ws/install/kla_01_package/share/kla_01_package/package.dsv
-- Installing: /home/student26/ROS2_Directory/kla_ws/install/kla_01_package/share/ament_index/resource_index/packages/kla_01_package
-- Installing: /home/student26/ROS2_Directory/kla_ws/install/kla_01_package/share/kla_01_package/cmake/kla_01_packageConfig.cmake
-- Installing: /home/student26/ROS2_Directory/kla_ws/install/kla_01_package/share/kla_01_package/cmake/kla_01_packageConfig-version.cmake
-- Installing: /home/student26/ROS2_Directory/kla_ws/install/kla_01_package/share/kla_01_package/package.xml
