[0.011s] Invoking command in '/home/student26/ROS2_Directory/kla_ws/build/kla_01_package': CMAKE_PREFIX_PATH=${CMAKE_PREFIX_PATH}:/opt/ros/foxy /usr/bin/cmake /home/student26/ROS2_Directory/kla_ws/src/kla_01_package -DCMAKE_INSTALL_PREFIX=/home/student26/ROS2_Directory/kla_ws/install/kla_01_package
[0.029s] -- Found ament_cmake: 0.9.9 (/opt/ros/foxy/share/ament_cmake/cmake)
[0.051s] -- Using PYTHON_EXECUTABLE: /usr/bin/python3
[0.212s] -- Found rclcpp: 2.4.1 (/opt/ros/foxy/share/rclcpp/cmake)
[0.244s] -- Using all available rosidl_typesupport_c: rosidl_typesupport_fastrtps_c;rosidl_typesupport_introspection_c
[0.247s] -- Found rosidl_adapter: 1.2.1 (/opt/ros/foxy/share/rosidl_adapter/cmake)
[0.359s] -- Using all available rosidl_typesupport_cpp: rosidl_typesupport_fastrtps_cpp;rosidl_typesupport_introspection_cpp
[0.404s] -- Found rmw_implementation_cmake: 1.0.3 (/opt/ros/foxy/share/rmw_implementation_cmake/cmake)
[0.405s] -- Using RMW implementation 'rmw_fastrtps_cpp' as default
[0.539s] -- Found rclpy: 1.0.8 (/opt/ros/foxy/share/rclpy/cmake)
[0.602s] -- Configuring done
[0.607s] -- Generating done
[0.609s] -- Build files have been written to: /home/student26/ROS2_Directory/kla_ws/build/kla_01_package
[0.615s] Invoked command in '/home/student26/ROS2_Directory/kla_ws/build/kla_01_package' returned '0': CMAKE_PREFIX_PATH=${CMAKE_PREFIX_PATH}:/opt/ros/foxy /usr/bin/cmake /home/student26/ROS2_Directory/kla_ws/src/kla_01_package -DCMAKE_INSTALL_PREFIX=/home/student26/ROS2_Directory/kla_ws/install/kla_01_package
[0.618s] Invoking command in '/home/student26/ROS2_Directory/kla_ws/build/kla_01_package': CMAKE_PREFIX_PATH=${CMAKE_PREFIX_PATH}:/opt/ros/foxy /usr/bin/cmake --build /home/student26/ROS2_Directory/kla_ws/build/kla_01_package -- -j8 -l8
[0.662s] [35m[1mScanning dependencies of target cpp_node_test[0m
[0.673s] [ 50%] [32mBuilding CXX object CMakeFiles/cpp_node_test.dir/src/cpp_node.cpp.o[0m
[0.931s] [100%] [32m[1mLinking CXX executable cpp_node_test[0m
[1.030s] [100%] Built target cpp_node_test
[1.042s] Invoked command in '/home/student26/ROS2_Directory/kla_ws/build/kla_01_package' returned '0': CMAKE_PREFIX_PATH=${CMAKE_PREFIX_PATH}:/opt/ros/foxy /usr/bin/cmake --build /home/student26/ROS2_Directory/kla_ws/build/kla_01_package -- -j8 -l8
[1.076s] Invoking command in '/home/student26/ROS2_Directory/kla_ws/build/kla_01_package': CMAKE_PREFIX_PATH=${CMAKE_PREFIX_PATH}:/opt/ros/foxy /usr/bin/cmake --install /home/student26/ROS2_Directory/kla_ws/build/kla_01_package
[1.084s] -- Install configuration: ""
[1.084s] -- Installing: /home/student26/ROS2_Directory/kla_ws/install/kla_01_package/share/kla_01_package/environment/pythonpath.sh
[1.084s] -- Installing: /home/student26/ROS2_Directory/kla_ws/install/kla_01_package/share/kla_01_package/environment/pythonpath.dsv
[1.085s] -- Installing: /home/student26/ROS2_Directory/kla_ws/install/kla_01_package/lib/python3.8/site-packages/kla_01_package
[1.085s] -- Installing: /home/student26/ROS2_Directory/kla_ws/install/kla_01_package/lib/python3.8/site-packages/kla_01_package/__init__.py
[1.113s] Listing '/home/student26/ROS2_Directory/kla_ws/install/kla_01_package/lib/python3.8/site-packages/kla_01_package'...
[1.113s] Compiling '/home/student26/ROS2_Directory/kla_ws/install/kla_01_package/lib/python3.8/site-packages/kla_01_package/__init__.py'...
[1.116s] -- Installing: /home/student26/ROS2_Directory/kla_ws/install/kla_01_package/lib/kla_01_package/dummy.py
[1.117s] -- Installing: /home/student26/ROS2_Directory/kla_ws/install/kla_01_package/lib/kla_01_package/cpp_node_test
[1.117s] -- Set runtime path of "/home/student26/ROS2_Directory/kla_ws/install/kla_01_package/lib/kla_01_package/cpp_node_test" to ""
[1.117s] -- Up-to-date: /home/student26/ROS2_Directory/kla_ws/install/kla_01_package/share/kla_01_package
[1.117s] -- Installing: /home/student26/ROS2_Directory/kla_ws/install/kla_01_package/share/ament_index/resource_index/package_run_dependencies/kla_01_package
[1.118s] -- Installing: /home/student26/ROS2_Directory/kla_ws/install/kla_01_package/share/ament_index/resource_index/parent_prefix_path/kla_01_package
[1.118s] -- Installing: /home/student26/ROS2_Directory/kla_ws/install/kla_01_package/share/kla_01_package/environment/ament_prefix_path.sh
[1.118s] -- Installing: /home/student26/ROS2_Directory/kla_ws/install/kla_01_package/share/kla_01_package/environment/ament_prefix_path.dsv
[1.118s] -- Installing: /home/student26/ROS2_Directory/kla_ws/install/kla_01_package/share/kla_01_package/environment/path.sh
[1.118s] -- Installing: /home/student26/ROS2_Directory/kla_ws/install/kla_01_package/share/kla_01_package/environment/path.dsv
[1.119s] -- Installing: /home/student26/ROS2_Directory/kla_ws/install/kla_01_package/share/kla_01_package/local_setup.bash
[1.119s] -- Installing: /home/student26/ROS2_Directory/kla_ws/install/kla_01_package/share/kla_01_package/local_setup.sh
[1.119s] -- Installing: /home/student26/ROS2_Directory/kla_ws/install/kla_01_package/share/kla_01_package/local_setup.zsh
[1.119s] -- Installing: /home/student26/ROS2_Directory/kla_ws/install/kla_01_package/share/kla_01_package/local_setup.dsv
[1.119s] -- Installing: /home/student26/ROS2_Directory/kla_ws/install/kla_01_package/share/kla_01_package/package.dsv
[1.120s] -- Installing: /home/student26/ROS2_Directory/kla_ws/install/kla_01_package/share/ament_index/resource_index/packages/kla_01_package
[1.120s] -- Installing: /home/student26/ROS2_Directory/kla_ws/install/kla_01_package/share/kla_01_package/cmake/kla_01_packageConfig.cmake
[1.120s] -- Installing: /home/student26/ROS2_Directory/kla_ws/install/kla_01_package/share/kla_01_package/cmake/kla_01_packageConfig-version.cmake
[1.120s] -- Installing: /home/student26/ROS2_Directory/kla_ws/install/kla_01_package/share/kla_01_package/package.xml
[1.122s] Invoked command in '/home/student26/ROS2_Directory/kla_ws/build/kla_01_package' returned '0': CMAKE_PREFIX_PATH=${CMAKE_PREFIX_PATH}:/opt/ros/foxy /usr/bin/cmake --install /home/student26/ROS2_Directory/kla_ws/build/kla_01_package
