[0.047s] Invoking command in '/home/ronnakon/FRA333-KINEMATICS/LAB3_ws/build/xicro_interfaces': CMAKE_PREFIX_PATH=${CMAKE_PREFIX_PATH}:/opt/ros/foxy /usr/bin/cmake /home/ronnakon/FRA333-KINEMATICS/LAB3_ws/src/Xicro/xicro_interfaces -DCMAKE_INSTALL_PREFIX=/home/ronnakon/FRA333-KINEMATICS/LAB3_ws/install/xicro_interfaces
[0.088s] -- Found ament_cmake: 0.9.9 (/opt/ros/foxy/share/ament_cmake/cmake)
[0.133s] -- Found PythonInterp: /usr/bin/python3 (found suitable version "3.8.10", minimum required is "3") 
[0.134s] -- Using PYTHON_EXECUTABLE: /usr/bin/python3
[0.478s] -- Override CMake install command with custom implementation using symlinks instead of copying resources
[0.491s] -- Found rosidl_default_generators: 1.0.1 (/opt/ros/foxy/share/rosidl_default_generators/cmake)
[0.495s] -- Using all available rosidl_typesupport_c: rosidl_typesupport_fastrtps_c;rosidl_typesupport_introspection_c
[0.502s] -- Found rosidl_adapter: 1.2.1 (/opt/ros/foxy/share/rosidl_adapter/cmake)
[0.766s] -- Using all available rosidl_typesupport_cpp: rosidl_typesupport_fastrtps_cpp;rosidl_typesupport_introspection_cpp
[0.806s] -- Found ament_lint_auto: 0.9.6 (/opt/ros/foxy/share/ament_lint_auto/cmake)
[0.990s] -- Found PythonInterp: /usr/bin/python3 (found version "3.8.10") 
[1.325s] -- Found ament_cmake_ros: 0.9.2 (/opt/ros/foxy/share/ament_cmake_ros/cmake)
[1.539s] -- Using all available rosidl_typesupport_c: rosidl_typesupport_fastrtps_c;rosidl_typesupport_introspection_c
[1.571s] -- Using all available rosidl_typesupport_cpp: rosidl_typesupport_fastrtps_cpp;rosidl_typesupport_introspection_cpp
[1.615s] -- Found PythonInterp: /usr/bin/python3 (found suitable version "3.8.10", minimum required is "3.5") 
[1.616s] -- Found python_cmake_module: 0.8.1 (/opt/ros/foxy/share/python_cmake_module/cmake)
[1.665s] -- Using PYTHON_EXECUTABLE: /usr/bin/python3
[1.666s] -- Using PYTHON_INCLUDE_DIRS: /usr/include/python3.8
[1.667s] -- Using PYTHON_LIBRARIES: /usr/lib/x86_64-linux-gnu/libpython3.8.so
[1.731s] -- Added test 'copyright' to check source files copyright and LICENSE
[1.735s] -- Added test 'lint_cmake' to check CMake code style
[1.743s] -- Added test 'xmllint' to check XML markup files
[1.757s] -- Configuring done
[1.925s] -- Generating done
[1.932s] -- Build files have been written to: /home/ronnakon/FRA333-KINEMATICS/LAB3_ws/build/xicro_interfaces
[1.951s] Invoked command in '/home/ronnakon/FRA333-KINEMATICS/LAB3_ws/build/xicro_interfaces' returned '0': CMAKE_PREFIX_PATH=${CMAKE_PREFIX_PATH}:/opt/ros/foxy /usr/bin/cmake /home/ronnakon/FRA333-KINEMATICS/LAB3_ws/src/Xicro/xicro_interfaces -DCMAKE_INSTALL_PREFIX=/home/ronnakon/FRA333-KINEMATICS/LAB3_ws/install/xicro_interfaces
[1.955s] Invoking command in '/home/ronnakon/FRA333-KINEMATICS/LAB3_ws/build/xicro_interfaces': CMAKE_PREFIX_PATH=${CMAKE_PREFIX_PATH}:/opt/ros/foxy /usr/bin/cmake --build /home/ronnakon/FRA333-KINEMATICS/LAB3_ws/build/xicro_interfaces -- -j4 -l4
[2.093s] [  0%] Built target xicro_interfaces__cpp
[2.098s] [ 12%] Built target xicro_interfaces__rosidl_generator_c
[2.162s] [ 24%] Built target xicro_interfaces__rosidl_typesupport_cpp
[2.171s] [ 48%] Built target xicro_interfaces__rosidl_typesupport_fastrtps_cpp
[2.172s] [ 49%] Built target xicro_interfaces__rosidl_typesupport_introspection_cpp
[2.193s] [ 61%] Built target xicro_interfaces__rosidl_typesupport_introspection_c
[2.232s] [ 73%] Built target xicro_interfaces__rosidl_typesupport_c
[2.243s] [ 85%] Built target xicro_interfaces__rosidl_typesupport_fastrtps_c
[2.286s] [ 85%] Built target xicro_interfaces
[2.331s] [ 85%] Built target xicro_interfaces__py
[2.412s] [ 97%] Built target xicro_interfaces__python
[2.470s] [ 99%] Built target xicro_interfaces__rosidl_typesupport_introspection_c__pyext
[2.470s] [ 99%] Built target xicro_interfaces__rosidl_typesupport_fastrtps_c__pyext
[2.470s] [100%] Built target xicro_interfaces__rosidl_typesupport_c__pyext
[2.493s] Invoked command in '/home/ronnakon/FRA333-KINEMATICS/LAB3_ws/build/xicro_interfaces' returned '0': CMAKE_PREFIX_PATH=${CMAKE_PREFIX_PATH}:/opt/ros/foxy /usr/bin/cmake --build /home/ronnakon/FRA333-KINEMATICS/LAB3_ws/build/xicro_interfaces -- -j4 -l4
[3.107s] Invoking command in '/home/ronnakon/FRA333-KINEMATICS/LAB3_ws/build/xicro_interfaces': CMAKE_PREFIX_PATH=${CMAKE_PREFIX_PATH}:/opt/ros/foxy /usr/bin/cmake --install /home/ronnakon/FRA333-KINEMATICS/LAB3_ws/build/xicro_interfaces
[3.124s] -- Install configuration: ""
[3.126s] -- Execute custom install script
[3.126s] -- Up-to-date symlink: /home/ronnakon/FRA333-KINEMATICS/LAB3_ws/install/xicro_interfaces/share/ament_index/resource_index/rosidl_interfaces/xicro_interfaces
[3.129s] -- Up-to-date symlink: /home/ronnakon/FRA333-KINEMATICS/LAB3_ws/install/xicro_interfaces/include/xicro_interfaces/msg/battery_state.h
[3.129s] -- Up-to-date symlink: /home/ronnakon/FRA333-KINEMATICS/LAB3_ws/install/xicro_interfaces/include/xicro_interfaces/msg/bool.h
[3.130s] -- Up-to-date symlink: /home/ronnakon/FRA333-KINEMATICS/LAB3_ws/install/xicro_interfaces/include/xicro_interfaces/msg/demo_input.h
[3.130s] -- Up-to-date symlink: /home/ronnakon/FRA333-KINEMATICS/LAB3_ws/install/xicro_interfaces/include/xicro_interfaces/msg/demo_output.h
[3.131s] -- Up-to-date symlink: /home/ronnakon/FRA333-KINEMATICS/LAB3_ws/install/xicro_interfaces/include/xicro_interfaces/msg/detail/battery_state__functions.h
[3.131s] -- Up-to-date symlink: /home/ronnakon/FRA333-KINEMATICS/LAB3_ws/install/xicro_interfaces/include/xicro_interfaces/msg/detail/battery_state__struct.h
[3.131s] -- Up-to-date symlink: /home/ronnakon/FRA333-KINEMATICS/LAB3_ws/install/xicro_interfaces/include/xicro_interfaces/msg/detail/battery_state__type_support.h
[3.132s] -- Up-to-date symlink: /home/ronnakon/FRA333-KINEMATICS/LAB3_ws/install/xicro_interfaces/include/xicro_interfaces/msg/detail/bool__functions.h
[3.132s] -- Up-to-date symlink: /home/ronnakon/FRA333-KINEMATICS/LAB3_ws/install/xicro_interfaces/include/xicro_interfaces/msg/detail/bool__struct.h
[3.132s] -- Up-to-date symlink: /home/ronnakon/FRA333-KINEMATICS/LAB3_ws/install/xicro_interfaces/include/xicro_interfaces/msg/detail/bool__type_support.h
[3.133s] -- Up-to-date symlink: /home/ronnakon/FRA333-KINEMATICS/LAB3_ws/install/xicro_interfaces/include/xicro_interfaces/msg/detail/demo_input__functions.h
[3.133s] -- Up-to-date symlink: /home/ronnakon/FRA333-KINEMATICS/LAB3_ws/install/xicro_interfaces/include/xicro_interfaces/msg/detail/demo_input__struct.h
[3.133s] -- Up-to-date symlink: /home/ronnakon/FRA333-KINEMATICS/LAB3_ws/install/xicro_interfaces/include/xicro_interfaces/msg/detail/demo_input__type_support.h
[3.134s] -- Up-to-date symlink: /home/ronnakon/FRA333-KINEMATICS/LAB3_ws/install/xicro_interfaces/include/xicro_interfaces/msg/detail/demo_output__functions.h
[3.134s] -- Up-to-date symlink: /home/ronnakon/FRA333-KINEMATICS/LAB3_ws/install/xicro_interfaces/include/xicro_interfaces/msg/detail/demo_output__struct.h
[3.134s] -- Up-to-date symlink: /home/ronnakon/FRA333-KINEMATICS/LAB3_ws/install/xicro_interfaces/include/xicro_interfaces/msg/detail/demo_output__type_support.h
[3.135s] -- Up-to-date symlink: /home/ronnakon/FRA333-KINEMATICS/LAB3_ws/install/xicro_interfaces/include/xicro_interfaces/msg/detail/float32__functions.h
[3.135s] -- Up-to-date symlink: /home/ronnakon/FRA333-KINEMATICS/LAB3_ws/install/xicro_interfaces/include/xicro_interfaces/msg/detail/float32__struct.h
[3.136s] -- Up-to-date symlink: /home/ronnakon/FRA333-KINEMATICS/LAB3_ws/install/xicro_interfaces/include/xicro_interfaces/msg/detail/float32__type_support.h
[3.136s] -- Up-to-date symlink: /home/ronnakon/FRA333-KINEMATICS/LAB3_ws/install/xicro_interfaces/include/xicro_interfaces/msg/detail/header__functions.h
[3.136s] -- Up-to-date symlink: /home/ronnakon/FRA333-KINEMATICS/LAB3_ws/install/xicro_interfaces/include/xicro_interfaces/msg/detail/header__struct.h
[3.137s] -- Up-to-date symlink: /home/ronnakon/FRA333-KINEMATICS/LAB3_ws/install/xicro_interfaces/include/xicro_interfaces/msg/detail/header__type_support.h
[3.137s] -- Up-to-date symlink: /home/ronnakon/FRA333-KINEMATICS/LAB3_ws/install/xicro_interfaces/include/xicro_interfaces/msg/detail/imu__functions.h
[3.138s] -- Up-to-date symlink: /home/ronnakon/FRA333-KINEMATICS/LAB3_ws/install/xicro_interfaces/include/xicro_interfaces/msg/detail/imu__struct.h
[3.138s] -- Up-to-date symlink: /home/ronnakon/FRA333-KINEMATICS/LAB3_ws/install/xicro_interfaces/include/xicro_interfaces/msg/detail/imu__type_support.h
[3.138s] -- Up-to-date symlink: /home/ronnakon/FRA333-KINEMATICS/LAB3_ws/install/xicro_interfaces/include/xicro_interfaces/msg/detail/int16__functions.h
[3.139s] -- Up-to-date symlink: /home/ronnakon/FRA333-KINEMATICS/LAB3_ws/install/xicro_interfaces/include/xicro_interfaces/msg/detail/int16__struct.h
[3.139s] -- Up-to-date symlink: /home/ronnakon/FRA333-KINEMATICS/LAB3_ws/install/xicro_interfaces/include/xicro_interfaces/msg/detail/int16__type_support.h
[3.140s] -- Up-to-date symlink: /home/ronnakon/FRA333-KINEMATICS/LAB3_ws/install/xicro_interfaces/include/xicro_interfaces/msg/detail/int32__functions.h
[3.140s] -- Up-to-date symlink: /home/ronnakon/FRA333-KINEMATICS/LAB3_ws/install/xicro_interfaces/include/xicro_interfaces/msg/detail/int32__struct.h
[3.140s] -- Up-to-date symlink: /home/ronnakon/FRA333-KINEMATICS/LAB3_ws/install/xicro_interfaces/include/xicro_interfaces/msg/detail/int32__type_support.h
[3.141s] -- Up-to-date symlink: /home/ronnakon/FRA333-KINEMATICS/LAB3_ws/install/xicro_interfaces/include/xicro_interfaces/msg/detail/int64__functions.h
[3.141s] -- Up-to-date symlink: /home/ronnakon/FRA333-KINEMATICS/LAB3_ws/install/xicro_interfaces/include/xicro_interfaces/msg/detail/int64__struct.h
[3.142s] -- Up-to-date symlink: /home/ronnakon/FRA333-KINEMATICS/LAB3_ws/install/xicro_interfaces/include/xicro_interfaces/msg/detail/int64__type_support.h
[3.142s] -- Up-to-date symlink: /home/ronnakon/FRA333-KINEMATICS/LAB3_ws/install/xicro_interfaces/include/xicro_interfaces/msg/detail/int8__functions.h
[3.142s] -- Up-to-date symlink: /home/ronnakon/FRA333-KINEMATICS/LAB3_ws/install/xicro_interfaces/include/xicro_interfaces/msg/detail/int8__struct.h
[3.143s] -- Up-to-date symlink: /home/ronnakon/FRA333-KINEMATICS/LAB3_ws/install/xicro_interfaces/include/xicro_interfaces/msg/detail/int8__type_support.h
[3.143s] -- Up-to-date symlink: /home/ronnakon/FRA333-KINEMATICS/LAB3_ws/install/xicro_interfaces/include/xicro_interfaces/msg/detail/joint_state__functions.h
[3.143s] -- Up-to-date symlink: /home/ronnakon/FRA333-KINEMATICS/LAB3_ws/install/xicro_interfaces/include/xicro_interfaces/msg/detail/joint_state__struct.h
[3.144s] -- Up-to-date symlink: /home/ronnakon/FRA333-KINEMATICS/LAB3_ws/install/xicro_interfaces/include/xicro_interfaces/msg/detail/joint_state__type_support.h
[3.144s] -- Up-to-date symlink: /home/ronnakon/FRA333-KINEMATICS/LAB3_ws/install/xicro_interfaces/include/xicro_interfaces/msg/detail/point__functions.h
[3.144s] -- Up-to-date symlink: /home/ronnakon/FRA333-KINEMATICS/LAB3_ws/install/xicro_interfaces/include/xicro_interfaces/msg/detail/point__struct.h
[3.145s] -- Up-to-date symlink: /home/ronnakon/FRA333-KINEMATICS/LAB3_ws/install/xicro_interfaces/include/xicro_interfaces/msg/detail/point__type_support.h
[3.145s] -- Up-to-date symlink: /home/ronnakon/FRA333-KINEMATICS/LAB3_ws/install/xicro_interfaces/include/xicro_interfaces/msg/detail/pose2_d__functions.h
[3.145s] -- Up-to-date symlink: /home/ronnakon/FRA333-KINEMATICS/LAB3_ws/install/xicro_interfaces/include/xicro_interfaces/msg/detail/pose2_d__struct.h
[3.146s] -- Up-to-date symlink: /home/ronnakon/FRA333-KINEMATICS/LAB3_ws/install/xicro_interfaces/include/xicro_interfaces/msg/detail/pose2_d__type_support.h
[3.146s] -- Up-to-date symlink: /home/ronnakon/FRA333-KINEMATICS/LAB3_ws/install/xicro_interfaces/include/xicro_interfaces/msg/detail/pose__functions.h
[3.146s] -- Up-to-date symlink: /home/ronnakon/FRA333-KINEMATICS/LAB3_ws/install/xicro_interfaces/include/xicro_interfaces/msg/detail/pose__struct.h
[3.147s] -- Up-to-date symlink: /home/ronnakon/FRA333-KINEMATICS/LAB3_ws/install/xicro_interfaces/include/xicro_interfaces/msg/detail/pose__type_support.h
[3.147s] -- Up-to-date symlink: /home/ronnakon/FRA333-KINEMATICS/LAB3_ws/install/xicro_interfaces/include/xicro_interfaces/msg/detail/pose_with_covariance__functions.h
[3.148s] -- Up-to-date symlink: /home/ronnakon/FRA333-KINEMATICS/LAB3_ws/install/xicro_interfaces/include/xicro_interfaces/msg/detail/pose_with_covariance__struct.h
[3.148s] -- Up-to-date symlink: /home/ronnakon/FRA333-KINEMATICS/LAB3_ws/install/xicro_interfaces/include/xicro_interfaces/msg/detail/pose_with_covariance__type_support.h
[3.148s] -- Up-to-date symlink: /home/ronnakon/FRA333-KINEMATICS/LAB3_ws/install/xicro_interfaces/include/xicro_interfaces/msg/detail/quaternion__functions.h
[3.149s] -- Up-to-date symlink: /home/ronnakon/FRA333-KINEMATICS/LAB3_ws/install/xicro_interfaces/include/xicro_interfaces/msg/detail/quaternion__struct.h
[3.149s] -- Up-to-date symlink: /home/ronnakon/FRA333-KINEMATICS/LAB3_ws/install/xicro_interfaces/include/xicro_interfaces/msg/detail/quaternion__type_support.h
[3.149s] -- Up-to-date symlink: /home/ronnakon/FRA333-KINEMATICS/LAB3_ws/install/xicro_interfaces/include/xicro_interfaces/msg/detail/temperature__functions.h
[3.150s] -- Up-to-date symlink: /home/ronnakon/FRA333-KINEMATICS/LAB3_ws/install/xicro_interfaces/include/xicro_interfaces/msg/detail/temperature__struct.h
[3.150s] -- Up-to-date symlink: /home/ronnakon/FRA333-KINEMATICS/LAB3_ws/install/xicro_interfaces/include/xicro_interfaces/msg/detail/temperature__type_support.h
[3.150s] -- Up-to-date symlink: /home/ronnakon/FRA333-KINEMATICS/LAB3_ws/install/xicro_interfaces/include/xicro_interfaces/msg/detail/time__functions.h
[3.151s] -- Up-to-date symlink: /home/ronnakon/FRA333-KINEMATICS/LAB3_ws/install/xicro_interfaces/include/xicro_interfaces/msg/detail/time__struct.h
[3.151s] -- Up-to-date symlink: /home/ronnakon/FRA333-KINEMATICS/LAB3_ws/install/xicro_interfaces/include/xicro_interfaces/msg/detail/time__type_support.h
[3.151s] -- Up-to-date symlink: /home/ronnakon/FRA333-KINEMATICS/LAB3_ws/install/xicro_interfaces/include/xicro_interfaces/msg/detail/twist__functions.h
[3.152s] -- Up-to-date symlink: /home/ronnakon/FRA333-KINEMATICS/LAB3_ws/install/xicro_interfaces/include/xicro_interfaces/msg/detail/twist__struct.h
[3.152s] -- Up-to-date symlink: /home/ronnakon/FRA333-KINEMATICS/LAB3_ws/install/xicro_interfaces/include/xicro_interfaces/msg/detail/twist__type_support.h
[3.152s] -- Up-to-date symlink: /home/ronnakon/FRA333-KINEMATICS/LAB3_ws/install/xicro_interfaces/include/xicro_interfaces/msg/detail/uint16__functions.h
[3.153s] -- Up-to-date symlink: /home/ronnakon/FRA333-KINEMATICS/LAB3_ws/install/xicro_interfaces/include/xicro_interfaces/msg/detail/uint16__struct.h
[3.153s] -- Up-to-date symlink: /home/ronnakon/FRA333-KINEMATICS/LAB3_ws/install/xicro_interfaces/include/xicro_interfaces/msg/detail/uint16__type_support.h
[3.153s] -- Up-to-date symlink: /home/ronnakon/FRA333-KINEMATICS/LAB3_ws/install/xicro_interfaces/include/xicro_interfaces/msg/detail/uint32__functions.h
[3.154s] -- Up-to-date symlink: /home/ronnakon/FRA333-KINEMATICS/LAB3_ws/install/xicro_interfaces/include/xicro_interfaces/msg/detail/uint32__struct.h
[3.154s] -- Up-to-date symlink: /home/ronnakon/FRA333-KINEMATICS/LAB3_ws/install/xicro_interfaces/include/xicro_interfaces/msg/detail/uint32__type_support.h
[3.155s] -- Up-to-date symlink: /home/ronnakon/FRA333-KINEMATICS/LAB3_ws/install/xicro_interfaces/include/xicro_interfaces/msg/detail/uint64__functions.h
[3.155s] -- Up-to-date symlink: /home/ronnakon/FRA333-KINEMATICS/LAB3_ws/install/xicro_interfaces/include/xicro_interfaces/msg/detail/uint64__struct.h
[3.155s] -- Up-to-date symlink: /home/ronnakon/FRA333-KINEMATICS/LAB3_ws/install/xicro_interfaces/include/xicro_interfaces/msg/detail/uint64__type_support.h
[3.156s] -- Up-to-date symlink: /home/ronnakon/FRA333-KINEMATICS/LAB3_ws/install/xicro_interfaces/include/xicro_interfaces/msg/detail/uint8__functions.h
[3.156s] -- Up-to-date symlink: /home/ronnakon/FRA333-KINEMATICS/LAB3_ws/install/xicro_interfaces/include/xicro_interfaces/msg/detail/uint8__struct.h
[3.156s] -- Up-to-date symlink: /home/ronnakon/FRA333-KINEMATICS/LAB3_ws/install/xicro_interfaces/include/xicro_interfaces/msg/detail/uint8__type_support.h
[3.157s] -- Up-to-date symlink: /home/ronnakon/FRA333-KINEMATICS/LAB3_ws/install/xicro_interfaces/include/xicro_interfaces/msg/detail/vector3__functions.h
[3.157s] -- Up-to-date symlink: /home/ronnakon/FRA333-KINEMATICS/LAB3_ws/install/xicro_interfaces/include/xicro_interfaces/msg/detail/vector3__struct.h
[3.157s] -- Up-to-date symlink: /home/ronnakon/FRA333-KINEMATICS/LAB3_ws/install/xicro_interfaces/include/xicro_interfaces/msg/detail/vector3__type_support.h
[3.158s] -- Up-to-date symlink: /home/ronnakon/FRA333-KINEMATICS/LAB3_ws/install/xicro_interfaces/include/xicro_interfaces/msg/float32.h
[3.158s] -- Up-to-date symlink: /home/ronnakon/FRA333-KINEMATICS/LAB3_ws/install/xicro_interfaces/include/xicro_interfaces/msg/header.h
[3.158s] -- Up-to-date symlink: /home/ronnakon/FRA333-KINEMATICS/LAB3_ws/install/xicro_interfaces/include/xicro_interfaces/msg/imu.h
[3.159s] -- Up-to-date symlink: /home/ronnakon/FRA333-KINEMATICS/LAB3_ws/install/xicro_interfaces/include/xicro_interfaces/msg/int16.h
[3.159s] -- Up-to-date symlink: /home/ronnakon/FRA333-KINEMATICS/LAB3_ws/install/xicro_interfaces/include/xicro_interfaces/msg/int32.h
[3.160s] -- Up-to-date symlink: /home/ronnakon/FRA333-KINEMATICS/LAB3_ws/install/xicro_interfaces/include/xicro_interfaces/msg/int64.h
[3.160s] -- Up-to-date symlink: /home/ronnakon/FRA333-KINEMATICS/LAB3_ws/install/xicro_interfaces/include/xicro_interfaces/msg/int8.h
[3.160s] -- Up-to-date symlink: /home/ronnakon/FRA333-KINEMATICS/LAB3_ws/install/xicro_interfaces/include/xicro_interfaces/msg/joint_state.h
[3.161s] -- Up-to-date symlink: /home/ronnakon/FRA333-KINEMATICS/LAB3_ws/install/xicro_interfaces/include/xicro_interfaces/msg/point.h
[3.161s] -- Up-to-date symlink: /home/ronnakon/FRA333-KINEMATICS/LAB3_ws/install/xicro_interfaces/include/xicro_interfaces/msg/pose.h
[3.161s] -- Up-to-date symlink: /home/ronnakon/FRA333-KINEMATICS/LAB3_ws/install/xicro_interfaces/include/xicro_interfaces/msg/pose2_d.h
[3.162s] -- Up-to-date symlink: /home/ronnakon/FRA333-KINEMATICS/LAB3_ws/install/xicro_interfaces/include/xicro_interfaces/msg/pose_with_covariance.h
[3.162s] -- Up-to-date symlink: /home/ronnakon/FRA333-KINEMATICS/LAB3_ws/install/xicro_interfaces/include/xicro_interfaces/msg/quaternion.h
[3.162s] -- Up-to-date symlink: /home/ronnakon/FRA333-KINEMATICS/LAB3_ws/install/xicro_interfaces/include/xicro_interfaces/msg/rosidl_generator_c__visibility_control.h
[3.163s] -- Up-to-date symlink: /home/ronnakon/FRA333-KINEMATICS/LAB3_ws/install/xicro_interfaces/include/xicro_interfaces/msg/temperature.h
[3.163s] -- Up-to-date symlink: /home/ronnakon/FRA333-KINEMATICS/LAB3_ws/install/xicro_interfaces/include/xicro_interfaces/msg/time.h
[3.163s] -- Up-to-date symlink: /home/ronnakon/FRA333-KINEMATICS/LAB3_ws/install/xicro_interfaces/include/xicro_interfaces/msg/twist.h
[3.164s] -- Up-to-date symlink: /home/ronnakon/FRA333-KINEMATICS/LAB3_ws/install/xicro_interfaces/include/xicro_interfaces/msg/uint16.h
[3.164s] -- Up-to-date symlink: /home/ronnakon/FRA333-KINEMATICS/LAB3_ws/install/xicro_interfaces/include/xicro_interfaces/msg/uint32.h
[3.164s] -- Up-to-date symlink: /home/ronnakon/FRA333-KINEMATICS/LAB3_ws/install/xicro_interfaces/include/xicro_interfaces/msg/uint64.h
[3.165s] -- Up-to-date symlink: /home/ronnakon/FRA333-KINEMATICS/LAB3_ws/install/xicro_interfaces/include/xicro_interfaces/msg/uint8.h
[3.165s] -- Up-to-date symlink: /home/ronnakon/FRA333-KINEMATICS/LAB3_ws/install/xicro_interfaces/include/xicro_interfaces/msg/vector3.h
[3.166s] -- Up-to-date symlink: /home/ronnakon/FRA333-KINEMATICS/LAB3_ws/install/xicro_interfaces/share/xicro_interfaces/environment/library_path.sh
[3.166s] -- Up-to-date symlink: /home/ronnakon/FRA333-KINEMATICS/LAB3_ws/install/xicro_interfaces/share/xicro_interfaces/environment/library_path.dsv
[3.169s] -- Up-to-date symlink: /home/ronnakon/FRA333-KINEMATICS/LAB3_ws/install/xicro_interfaces/include/xicro_interfaces/msg/detail/battery_state__rosidl_typesupport_fastrtps_c.h
[3.169s] -- Up-to-date symlink: /home/ronnakon/FRA333-KINEMATICS/LAB3_ws/install/xicro_interfaces/include/xicro_interfaces/msg/detail/bool__rosidl_typesupport_fastrtps_c.h
[3.169s] -- Up-to-date symlink: /home/ronnakon/FRA333-KINEMATICS/LAB3_ws/install/xicro_interfaces/include/xicro_interfaces/msg/detail/demo_input__rosidl_typesupport_fastrtps_c.h
[3.169s] -- Up-to-date symlink: /home/ronnakon/FRA333-KINEMATICS/LAB3_ws/install/xicro_interfaces/include/xicro_interfaces/msg/detail/demo_output__rosidl_typesupport_fastrtps_c.h
[3.170s] -- Up-to-date symlink: /home/ronnakon/FRA333-KINEMATICS/LAB3_ws/install/xicro_interfaces/include/xicro_interfaces/msg/detail/float32__rosidl_typesupport_fastrtps_c.h
[3.170s] -- Up-to-date symlink: /home/ronnakon/FRA333-KINEMATICS/LAB3_ws/install/xicro_interfaces/include/xicro_interfaces/msg/detail/header__rosidl_typesupport_fastrtps_c.h
[3.170s] -- Up-to-date symlink: /home/ronnakon/FRA333-KINEMATICS/LAB3_ws/install/xicro_interfaces/include/xicro_interfaces/msg/detail/imu__rosidl_typesupport_fastrtps_c.h
[3.171s] -- Up-to-date symlink: /home/ronnakon/FRA333-KINEMATICS/LAB3_ws/install/xicro_interfaces/include/xicro_interfaces/msg/detail/int16__rosidl_typesupport_fastrtps_c.h
[3.171s] -- Up-to-date symlink: /home/ronnakon/FRA333-KINEMATICS/LAB3_ws/install/xicro_interfaces/include/xicro_interfaces/msg/detail/int32__rosidl_typesupport_fastrtps_c.h
[3.171s] -- Up-to-date symlink: /home/ronnakon/FRA333-KINEMATICS/LAB3_ws/install/xicro_interfaces/include/xicro_interfaces/msg/detail/int64__rosidl_typesupport_fastrtps_c.h
[3.172s] -- Up-to-date symlink: /home/ronnakon/FRA333-KINEMATICS/LAB3_ws/install/xicro_interfaces/include/xicro_interfaces/msg/detail/int8__rosidl_typesupport_fastrtps_c.h
[3.172s] -- Up-to-date symlink: /home/ronnakon/FRA333-KINEMATICS/LAB3_ws/install/xicro_interfaces/include/xicro_interfaces/msg/detail/joint_state__rosidl_typesupport_fastrtps_c.h
[3.172s] -- Up-to-date symlink: /home/ronnakon/FRA333-KINEMATICS/LAB3_ws/install/xicro_interfaces/include/xicro_interfaces/msg/detail/point__rosidl_typesupport_fastrtps_c.h
[3.173s] -- Up-to-date symlink: /home/ronnakon/FRA333-KINEMATICS/LAB3_ws/install/xicro_interfaces/include/xicro_interfaces/msg/detail/pose2_d__rosidl_typesupport_fastrtps_c.h
[3.173s] -- Up-to-date symlink: /home/ronnakon/FRA333-KINEMATICS/LAB3_ws/install/xicro_interfaces/include/xicro_interfaces/msg/detail/pose__rosidl_typesupport_fastrtps_c.h
[3.173s] -- Up-to-date symlink: /home/ronnakon/FRA333-KINEMATICS/LAB3_ws/install/xicro_interfaces/include/xicro_interfaces/msg/detail/pose_with_covariance__rosidl_typesupport_fastrtps_c.h
[3.173s] -- Up-to-date symlink: /home/ronnakon/FRA333-KINEMATICS/LAB3_ws/install/xicro_interfaces/include/xicro_interfaces/msg/detail/quaternion__rosidl_typesupport_fastrtps_c.h
[3.174s] -- Up-to-date symlink: /home/ronnakon/FRA333-KINEMATICS/LAB3_ws/install/xicro_interfaces/include/xicro_interfaces/msg/detail/temperature__rosidl_typesupport_fastrtps_c.h
[3.174s] -- Up-to-date symlink: /home/ronnakon/FRA333-KINEMATICS/LAB3_ws/install/xicro_interfaces/include/xicro_interfaces/msg/detail/time__rosidl_typesupport_fastrtps_c.h
[3.174s] -- Up-to-date symlink: /home/ronnakon/FRA333-KINEMATICS/LAB3_ws/install/xicro_interfaces/include/xicro_interfaces/msg/detail/twist__rosidl_typesupport_fastrtps_c.h
[3.175s] -- Up-to-date symlink: /home/ronnakon/FRA333-KINEMATICS/LAB3_ws/install/xicro_interfaces/include/xicro_interfaces/msg/detail/uint16__rosidl_typesupport_fastrtps_c.h
[3.175s] -- Up-to-date symlink: /home/ronnakon/FRA333-KINEMATICS/LAB3_ws/install/xicro_interfaces/include/xicro_interfaces/msg/detail/uint32__rosidl_typesupport_fastrtps_c.h
[3.175s] -- Up-to-date symlink: /home/ronnakon/FRA333-KINEMATICS/LAB3_ws/install/xicro_interfaces/include/xicro_interfaces/msg/detail/uint64__rosidl_typesupport_fastrtps_c.h
[3.176s] -- Up-to-date symlink: /home/ronnakon/FRA333-KINEMATICS/LAB3_ws/install/xicro_interfaces/include/xicro_interfaces/msg/detail/uint8__rosidl_typesupport_fastrtps_c.h
[3.176s] -- Up-to-date symlink: /home/ronnakon/FRA333-KINEMATICS/LAB3_ws/install/xicro_interfaces/include/xicro_interfaces/msg/detail/vector3__rosidl_typesupport_fastrtps_c.h
[3.176s] -- Up-to-date symlink: /home/ronnakon/FRA333-KINEMATICS/LAB3_ws/install/xicro_interfaces/include/xicro_interfaces/msg/rosidl_typesupport_fastrtps_c__visibility_control.h
[3.177s] -- Up-to-date symlink: /home/ronnakon/FRA333-KINEMATICS/LAB3_ws/install/xicro_interfaces/lib/libxicro_interfaces__rosidl_typesupport_fastrtps_c.so
[3.179s] -- Up-to-date symlink: /home/ronnakon/FRA333-KINEMATICS/LAB3_ws/install/xicro_interfaces/include/xicro_interfaces/msg/detail/battery_state__rosidl_typesupport_fastrtps_cpp.hpp
[3.180s] -- Up-to-date symlink: /home/ronnakon/FRA333-KINEMATICS/LAB3_ws/install/xicro_interfaces/include/xicro_interfaces/msg/detail/bool__rosidl_typesupport_fastrtps_cpp.hpp
[3.180s] -- Up-to-date symlink: /home/ronnakon/FRA333-KINEMATICS/LAB3_ws/install/xicro_interfaces/include/xicro_interfaces/msg/detail/demo_input__rosidl_typesupport_fastrtps_cpp.hpp
[3.180s] -- Up-to-date symlink: /home/ronnakon/FRA333-KINEMATICS/LAB3_ws/install/xicro_interfaces/include/xicro_interfaces/msg/detail/demo_output__rosidl_typesupport_fastrtps_cpp.hpp
[3.181s] -- Up-to-date symlink: /home/ronnakon/FRA333-KINEMATICS/LAB3_ws/install/xicro_interfaces/include/xicro_interfaces/msg/detail/float32__rosidl_typesupport_fastrtps_cpp.hpp
[3.181s] -- Up-to-date symlink: /home/ronnakon/FRA333-KINEMATICS/LAB3_ws/install/xicro_interfaces/include/xicro_interfaces/msg/detail/header__rosidl_typesupport_fastrtps_cpp.hpp
[3.181s] -- Up-to-date symlink: /home/ronnakon/FRA333-KINEMATICS/LAB3_ws/install/xicro_interfaces/include/xicro_interfaces/msg/detail/imu__rosidl_typesupport_fastrtps_cpp.hpp
[3.181s] -- Up-to-date symlink: /home/ronnakon/FRA333-KINEMATICS/LAB3_ws/install/xicro_interfaces/include/xicro_interfaces/msg/detail/int16__rosidl_typesupport_fastrtps_cpp.hpp
[3.182s] -- Up-to-date symlink: /home/ronnakon/FRA333-KINEMATICS/LAB3_ws/install/xicro_interfaces/include/xicro_interfaces/msg/detail/int32__rosidl_typesupport_fastrtps_cpp.hpp
[3.182s] -- Up-to-date symlink: /home/ronnakon/FRA333-KINEMATICS/LAB3_ws/install/xicro_interfaces/include/xicro_interfaces/msg/detail/int64__rosidl_typesupport_fastrtps_cpp.hpp
[3.182s] -- Up-to-date symlink: /home/ronnakon/FRA333-KINEMATICS/LAB3_ws/install/xicro_interfaces/include/xicro_interfaces/msg/detail/int8__rosidl_typesupport_fastrtps_cpp.hpp
[3.183s] -- Up-to-date symlink: /home/ronnakon/FRA333-KINEMATICS/LAB3_ws/install/xicro_interfaces/include/xicro_interfaces/msg/detail/joint_state__rosidl_typesupport_fastrtps_cpp.hpp
[3.183s] -- Up-to-date symlink: /home/ronnakon/FRA333-KINEMATICS/LAB3_ws/install/xicro_interfaces/include/xicro_interfaces/msg/detail/point__rosidl_typesupport_fastrtps_cpp.hpp
[3.183s] -- Up-to-date symlink: /home/ronnakon/FRA333-KINEMATICS/LAB3_ws/install/xicro_interfaces/include/xicro_interfaces/msg/detail/pose2_d__rosidl_typesupport_fastrtps_cpp.hpp
[3.184s] -- Up-to-date symlink: /home/ronnakon/FRA333-KINEMATICS/LAB3_ws/install/xicro_interfaces/include/xicro_interfaces/msg/detail/pose__rosidl_typesupport_fastrtps_cpp.hpp
[3.184s] -- Up-to-date symlink: /home/ronnakon/FRA333-KINEMATICS/LAB3_ws/install/xicro_interfaces/include/xicro_interfaces/msg/detail/pose_with_covariance__rosidl_typesupport_fastrtps_cpp.hpp
[3.184s] -- Up-to-date symlink: /home/ronnakon/FRA333-KINEMATICS/LAB3_ws/install/xicro_interfaces/include/xicro_interfaces/msg/detail/quaternion__rosidl_typesupport_fastrtps_cpp.hpp
[3.184s] -- Up-to-date symlink: /home/ronnakon/FRA333-KINEMATICS/LAB3_ws/install/xicro_interfaces/include/xicro_interfaces/msg/detail/temperature__rosidl_typesupport_fastrtps_cpp.hpp
[3.185s] -- Up-to-date symlink: /home/ronnakon/FRA333-KINEMATICS/LAB3_ws/install/xicro_interfaces/include/xicro_interfaces/msg/detail/time__rosidl_typesupport_fastrtps_cpp.hpp
[3.185s] -- Up-to-date symlink: /home/ronnakon/FRA333-KINEMATICS/LAB3_ws/install/xicro_interfaces/include/xicro_interfaces/msg/detail/twist__rosidl_typesupport_fastrtps_cpp.hpp
[3.185s] -- Up-to-date symlink: /home/ronnakon/FRA333-KINEMATICS/LAB3_ws/install/xicro_interfaces/include/xicro_interfaces/msg/detail/uint16__rosidl_typesupport_fastrtps_cpp.hpp
[3.186s] -- Up-to-date symlink: /home/ronnakon/FRA333-KINEMATICS/LAB3_ws/install/xicro_interfaces/include/xicro_interfaces/msg/detail/uint32__rosidl_typesupport_fastrtps_cpp.hpp
[3.186s] -- Up-to-date symlink: /home/ronnakon/FRA333-KINEMATICS/LAB3_ws/install/xicro_interfaces/include/xicro_interfaces/msg/detail/uint64__rosidl_typesupport_fastrtps_cpp.hpp
[3.186s] -- Up-to-date symlink: /home/ronnakon/FRA333-KINEMATICS/LAB3_ws/install/xicro_interfaces/include/xicro_interfaces/msg/detail/uint8__rosidl_typesupport_fastrtps_cpp.hpp
[3.187s] -- Up-to-date symlink: /home/ronnakon/FRA333-KINEMATICS/LAB3_ws/install/xicro_interfaces/include/xicro_interfaces/msg/detail/vector3__rosidl_typesupport_fastrtps_cpp.hpp
[3.187s] -- Up-to-date symlink: /home/ronnakon/FRA333-KINEMATICS/LAB3_ws/install/xicro_interfaces/include/xicro_interfaces/msg/rosidl_typesupport_fastrtps_cpp__visibility_control.h
[3.188s] -- Up-to-date symlink: /home/ronnakon/FRA333-KINEMATICS/LAB3_ws/install/xicro_interfaces/lib/libxicro_interfaces__rosidl_typesupport_fastrtps_cpp.so
[3.189s] -- Up-to-date symlink: /home/ronnakon/FRA333-KINEMATICS/LAB3_ws/install/xicro_interfaces/include/xicro_interfaces/msg/detail/battery_state__rosidl_typesupport_introspection_c.h
[3.189s] -- Up-to-date symlink: /home/ronnakon/FRA333-KINEMATICS/LAB3_ws/install/xicro_interfaces/include/xicro_interfaces/msg/detail/bool__rosidl_typesupport_introspection_c.h
[3.190s] -- Up-to-date symlink: /home/ronnakon/FRA333-KINEMATICS/LAB3_ws/install/xicro_interfaces/include/xicro_interfaces/msg/detail/demo_input__rosidl_typesupport_introspection_c.h
[3.190s] -- Up-to-date symlink: /home/ronnakon/FRA333-KINEMATICS/LAB3_ws/install/xicro_interfaces/include/xicro_interfaces/msg/detail/demo_output__rosidl_typesupport_introspection_c.h
[3.190s] -- Up-to-date symlink: /home/ronnakon/FRA333-KINEMATICS/LAB3_ws/install/xicro_interfaces/include/xicro_interfaces/msg/detail/float32__rosidl_typesupport_introspection_c.h
[3.191s] -- Up-to-date symlink: /home/ronnakon/FRA333-KINEMATICS/LAB3_ws/install/xicro_interfaces/include/xicro_interfaces/msg/detail/header__rosidl_typesupport_introspection_c.h
[3.191s] -- Up-to-date symlink: /home/ronnakon/FRA333-KINEMATICS/LAB3_ws/install/xicro_interfaces/include/xicro_interfaces/msg/detail/imu__rosidl_typesupport_introspection_c.h
[3.191s] -- Up-to-date symlink: /home/ronnakon/FRA333-KINEMATICS/LAB3_ws/install/xicro_interfaces/include/xicro_interfaces/msg/detail/int16__rosidl_typesupport_introspection_c.h
[3.192s] -- Up-to-date symlink: /home/ronnakon/FRA333-KINEMATICS/LAB3_ws/install/xicro_interfaces/include/xicro_interfaces/msg/detail/int32__rosidl_typesupport_introspection_c.h
[3.192s] -- Up-to-date symlink: /home/ronnakon/FRA333-KINEMATICS/LAB3_ws/install/xicro_interfaces/include/xicro_interfaces/msg/detail/int64__rosidl_typesupport_introspection_c.h
[3.192s] -- Up-to-date symlink: /home/ronnakon/FRA333-KINEMATICS/LAB3_ws/install/xicro_interfaces/include/xicro_interfaces/msg/detail/int8__rosidl_typesupport_introspection_c.h
[3.193s] -- Up-to-date symlink: /home/ronnakon/FRA333-KINEMATICS/LAB3_ws/install/xicro_interfaces/include/xicro_interfaces/msg/detail/joint_state__rosidl_typesupport_introspection_c.h
[3.193s] -- Up-to-date symlink: /home/ronnakon/FRA333-KINEMATICS/LAB3_ws/install/xicro_interfaces/include/xicro_interfaces/msg/detail/point__rosidl_typesupport_introspection_c.h
[3.193s] -- Up-to-date symlink: /home/ronnakon/FRA333-KINEMATICS/LAB3_ws/install/xicro_interfaces/include/xicro_interfaces/msg/detail/pose2_d__rosidl_typesupport_introspection_c.h
[3.194s] -- Up-to-date symlink: /home/ronnakon/FRA333-KINEMATICS/LAB3_ws/install/xicro_interfaces/include/xicro_interfaces/msg/detail/pose__rosidl_typesupport_introspection_c.h
[3.194s] -- Up-to-date symlink: /home/ronnakon/FRA333-KINEMATICS/LAB3_ws/install/xicro_interfaces/include/xicro_interfaces/msg/detail/pose_with_covariance__rosidl_typesupport_introspection_c.h
[3.194s] -- Up-to-date symlink: /home/ronnakon/FRA333-KINEMATICS/LAB3_ws/install/xicro_interfaces/include/xicro_interfaces/msg/detail/quaternion__rosidl_typesupport_introspection_c.h
[3.194s] -- Up-to-date symlink: /home/ronnakon/FRA333-KINEMATICS/LAB3_ws/install/xicro_interfaces/include/xicro_interfaces/msg/detail/temperature__rosidl_typesupport_introspection_c.h
[3.195s] -- Up-to-date symlink: /home/ronnakon/FRA333-KINEMATICS/LAB3_ws/install/xicro_interfaces/include/xicro_interfaces/msg/detail/time__rosidl_typesupport_introspection_c.h
[3.195s] -- Up-to-date symlink: /home/ronnakon/FRA333-KINEMATICS/LAB3_ws/install/xicro_interfaces/include/xicro_interfaces/msg/detail/twist__rosidl_typesupport_introspection_c.h
[3.195s] -- Up-to-date symlink: /home/ronnakon/FRA333-KINEMATICS/LAB3_ws/install/xicro_interfaces/include/xicro_interfaces/msg/detail/uint16__rosidl_typesupport_introspection_c.h
[3.196s] -- Up-to-date symlink: /home/ronnakon/FRA333-KINEMATICS/LAB3_ws/install/xicro_interfaces/include/xicro_interfaces/msg/detail/uint32__rosidl_typesupport_introspection_c.h
[3.196s] -- Up-to-date symlink: /home/ronnakon/FRA333-KINEMATICS/LAB3_ws/install/xicro_interfaces/include/xicro_interfaces/msg/detail/uint64__rosidl_typesupport_introspection_c.h
[3.196s] -- Up-to-date symlink: /home/ronnakon/FRA333-KINEMATICS/LAB3_ws/install/xicro_interfaces/include/xicro_interfaces/msg/detail/uint8__rosidl_typesupport_introspection_c.h
[3.197s] -- Up-to-date symlink: /home/ronnakon/FRA333-KINEMATICS/LAB3_ws/install/xicro_interfaces/include/xicro_interfaces/msg/detail/vector3__rosidl_typesupport_introspection_c.h
[3.197s] -- Up-to-date symlink: /home/ronnakon/FRA333-KINEMATICS/LAB3_ws/install/xicro_interfaces/include/xicro_interfaces/msg/rosidl_typesupport_introspection_c__visibility_control.h
[3.199s] -- Up-to-date symlink: /home/ronnakon/FRA333-KINEMATICS/LAB3_ws/install/xicro_interfaces/include/xicro_interfaces/msg/battery_state.hpp
[3.200s] -- Up-to-date symlink: /home/ronnakon/FRA333-KINEMATICS/LAB3_ws/install/xicro_interfaces/include/xicro_interfaces/msg/bool.hpp
[3.200s] -- Up-to-date symlink: /home/ronnakon/FRA333-KINEMATICS/LAB3_ws/install/xicro_interfaces/include/xicro_interfaces/msg/demo_input.hpp
[3.200s] -- Up-to-date symlink: /home/ronnakon/FRA333-KINEMATICS/LAB3_ws/install/xicro_interfaces/include/xicro_interfaces/msg/demo_output.hpp
[3.200s] -- Up-to-date symlink: /home/ronnakon/FRA333-KINEMATICS/LAB3_ws/install/xicro_interfaces/include/xicro_interfaces/msg/detail/battery_state__builder.hpp
[3.201s] -- Up-to-date symlink: /home/ronnakon/FRA333-KINEMATICS/LAB3_ws/install/xicro_interfaces/include/xicro_interfaces/msg/detail/battery_state__struct.hpp
[3.201s] -- Up-to-date symlink: /home/ronnakon/FRA333-KINEMATICS/LAB3_ws/install/xicro_interfaces/include/xicro_interfaces/msg/detail/battery_state__traits.hpp
[3.201s] -- Up-to-date symlink: /home/ronnakon/FRA333-KINEMATICS/LAB3_ws/install/xicro_interfaces/include/xicro_interfaces/msg/detail/bool__builder.hpp
[3.202s] -- Up-to-date symlink: /home/ronnakon/FRA333-KINEMATICS/LAB3_ws/install/xicro_interfaces/include/xicro_interfaces/msg/detail/bool__struct.hpp
[3.202s] -- Up-to-date symlink: /home/ronnakon/FRA333-KINEMATICS/LAB3_ws/install/xicro_interfaces/include/xicro_interfaces/msg/detail/bool__traits.hpp
[3.202s] -- Up-to-date symlink: /home/ronnakon/FRA333-KINEMATICS/LAB3_ws/install/xicro_interfaces/include/xicro_interfaces/msg/detail/demo_input__builder.hpp
[3.203s] -- Up-to-date symlink: /home/ronnakon/FRA333-KINEMATICS/LAB3_ws/install/xicro_interfaces/include/xicro_interfaces/msg/detail/demo_input__struct.hpp
[3.203s] -- Up-to-date symlink: /home/ronnakon/FRA333-KINEMATICS/LAB3_ws/install/xicro_interfaces/include/xicro_interfaces/msg/detail/demo_input__traits.hpp
[3.203s] -- Up-to-date symlink: /home/ronnakon/FRA333-KINEMATICS/LAB3_ws/install/xicro_interfaces/include/xicro_interfaces/msg/detail/demo_output__builder.hpp
[3.204s] -- Up-to-date symlink: /home/ronnakon/FRA333-KINEMATICS/LAB3_ws/install/xicro_interfaces/include/xicro_interfaces/msg/detail/demo_output__struct.hpp
[3.204s] -- Up-to-date symlink: /home/ronnakon/FRA333-KINEMATICS/LAB3_ws/install/xicro_interfaces/include/xicro_interfaces/msg/detail/demo_output__traits.hpp
[3.204s] -- Up-to-date symlink: /home/ronnakon/FRA333-KINEMATICS/LAB3_ws/install/xicro_interfaces/include/xicro_interfaces/msg/detail/float32__builder.hpp
[3.205s] -- Up-to-date symlink: /home/ronnakon/FRA333-KINEMATICS/LAB3_ws/install/xicro_interfaces/include/xicro_interfaces/msg/detail/float32__struct.hpp
[3.205s] -- Up-to-date symlink: /home/ronnakon/FRA333-KINEMATICS/LAB3_ws/install/xicro_interfaces/include/xicro_interfaces/msg/detail/float32__traits.hpp
[3.205s] -- Up-to-date symlink: /home/ronnakon/FRA333-KINEMATICS/LAB3_ws/install/xicro_interfaces/include/xicro_interfaces/msg/detail/header__builder.hpp
[3.205s] -- Up-to-date symlink: /home/ronnakon/FRA333-KINEMATICS/LAB3_ws/install/xicro_interfaces/include/xicro_interfaces/msg/detail/header__struct.hpp
[3.206s] -- Up-to-date symlink: /home/ronnakon/FRA333-KINEMATICS/LAB3_ws/install/xicro_interfaces/include/xicro_interfaces/msg/detail/header__traits.hpp
[3.206s] -- Up-to-date symlink: /home/ronnakon/FRA333-KINEMATICS/LAB3_ws/install/xicro_interfaces/include/xicro_interfaces/msg/detail/imu__builder.hpp
[3.206s] -- Up-to-date symlink: /home/ronnakon/FRA333-KINEMATICS/LAB3_ws/install/xicro_interfaces/include/xicro_interfaces/msg/detail/imu__struct.hpp
[3.207s] -- Up-to-date symlink: /home/ronnakon/FRA333-KINEMATICS/LAB3_ws/install/xicro_interfaces/include/xicro_interfaces/msg/detail/imu__traits.hpp
[3.207s] -- Up-to-date symlink: /home/ronnakon/FRA333-KINEMATICS/LAB3_ws/install/xicro_interfaces/include/xicro_interfaces/msg/detail/int16__builder.hpp
[3.207s] -- Up-to-date symlink: /home/ronnakon/FRA333-KINEMATICS/LAB3_ws/install/xicro_interfaces/include/xicro_interfaces/msg/detail/int16__struct.hpp
[3.208s] -- Up-to-date symlink: /home/ronnakon/FRA333-KINEMATICS/LAB3_ws/install/xicro_interfaces/include/xicro_interfaces/msg/detail/int16__traits.hpp
[3.208s] -- Up-to-date symlink: /home/ronnakon/FRA333-KINEMATICS/LAB3_ws/install/xicro_interfaces/include/xicro_interfaces/msg/detail/int32__builder.hpp
[3.208s] -- Up-to-date symlink: /home/ronnakon/FRA333-KINEMATICS/LAB3_ws/install/xicro_interfaces/include/xicro_interfaces/msg/detail/int32__struct.hpp
[3.209s] -- Up-to-date symlink: /home/ronnakon/FRA333-KINEMATICS/LAB3_ws/install/xicro_interfaces/include/xicro_interfaces/msg/detail/int32__traits.hpp
[3.209s] -- Up-to-date symlink: /home/ronnakon/FRA333-KINEMATICS/LAB3_ws/install/xicro_interfaces/include/xicro_interfaces/msg/detail/int64__builder.hpp
[3.209s] -- Up-to-date symlink: /home/ronnakon/FRA333-KINEMATICS/LAB3_ws/install/xicro_interfaces/include/xicro_interfaces/msg/detail/int64__struct.hpp
[3.210s] -- Up-to-date symlink: /home/ronnakon/FRA333-KINEMATICS/LAB3_ws/install/xicro_interfaces/include/xicro_interfaces/msg/detail/int64__traits.hpp
[3.210s] -- Up-to-date symlink: /home/ronnakon/FRA333-KINEMATICS/LAB3_ws/install/xicro_interfaces/include/xicro_interfaces/msg/detail/int8__builder.hpp
[3.210s] -- Up-to-date symlink: /home/ronnakon/FRA333-KINEMATICS/LAB3_ws/install/xicro_interfaces/include/xicro_interfaces/msg/detail/int8__struct.hpp
[3.211s] -- Up-to-date symlink: /home/ronnakon/FRA333-KINEMATICS/LAB3_ws/install/xicro_interfaces/include/xicro_interfaces/msg/detail/int8__traits.hpp
[3.211s] -- Up-to-date symlink: /home/ronnakon/FRA333-KINEMATICS/LAB3_ws/install/xicro_interfaces/include/xicro_interfaces/msg/detail/joint_state__builder.hpp
[3.211s] -- Up-to-date symlink: /home/ronnakon/FRA333-KINEMATICS/LAB3_ws/install/xicro_interfaces/include/xicro_interfaces/msg/detail/joint_state__struct.hpp
[3.212s] -- Up-to-date symlink: /home/ronnakon/FRA333-KINEMATICS/LAB3_ws/install/xicro_interfaces/include/xicro_interfaces/msg/detail/joint_state__traits.hpp
[3.212s] -- Up-to-date symlink: /home/ronnakon/FRA333-KINEMATICS/LAB3_ws/install/xicro_interfaces/include/xicro_interfaces/msg/detail/point__builder.hpp
[3.212s] -- Up-to-date symlink: /home/ronnakon/FRA333-KINEMATICS/LAB3_ws/install/xicro_interfaces/include/xicro_interfaces/msg/detail/point__struct.hpp
[3.213s] -- Up-to-date symlink: /home/ronnakon/FRA333-KINEMATICS/LAB3_ws/install/xicro_interfaces/include/xicro_interfaces/msg/detail/point__traits.hpp
[3.213s] -- Up-to-date symlink: /home/ronnakon/FRA333-KINEMATICS/LAB3_ws/install/xicro_interfaces/include/xicro_interfaces/msg/detail/pose2_d__builder.hpp
[3.213s] -- Up-to-date symlink: /home/ronnakon/FRA333-KINEMATICS/LAB3_ws/install/xicro_interfaces/include/xicro_interfaces/msg/detail/pose2_d__struct.hpp
[3.214s] -- Up-to-date symlink: /home/ronnakon/FRA333-KINEMATICS/LAB3_ws/install/xicro_interfaces/include/xicro_interfaces/msg/detail/pose2_d__traits.hpp
[3.214s] -- Up-to-date symlink: /home/ronnakon/FRA333-KINEMATICS/LAB3_ws/install/xicro_interfaces/include/xicro_interfaces/msg/detail/pose__builder.hpp
[3.214s] -- Up-to-date symlink: /home/ronnakon/FRA333-KINEMATICS/LAB3_ws/install/xicro_interfaces/include/xicro_interfaces/msg/detail/pose__struct.hpp
[3.215s] -- Up-to-date symlink: /home/ronnakon/FRA333-KINEMATICS/LAB3_ws/install/xicro_interfaces/include/xicro_interfaces/msg/detail/pose__traits.hpp
[3.215s] -- Up-to-date symlink: /home/ronnakon/FRA333-KINEMATICS/LAB3_ws/install/xicro_interfaces/include/xicro_interfaces/msg/detail/pose_with_covariance__builder.hpp
[3.215s] -- Up-to-date symlink: /home/ronnakon/FRA333-KINEMATICS/LAB3_ws/install/xicro_interfaces/include/xicro_interfaces/msg/detail/pose_with_covariance__struct.hpp
[3.216s] -- Up-to-date symlink: /home/ronnakon/FRA333-KINEMATICS/LAB3_ws/install/xicro_interfaces/include/xicro_interfaces/msg/detail/pose_with_covariance__traits.hpp
[3.216s] -- Up-to-date symlink: /home/ronnakon/FRA333-KINEMATICS/LAB3_ws/install/xicro_interfaces/include/xicro_interfaces/msg/detail/quaternion__builder.hpp
[3.216s] -- Up-to-date symlink: /home/ronnakon/FRA333-KINEMATICS/LAB3_ws/install/xicro_interfaces/include/xicro_interfaces/msg/detail/quaternion__struct.hpp
[3.217s] -- Up-to-date symlink: /home/ronnakon/FRA333-KINEMATICS/LAB3_ws/install/xicro_interfaces/include/xicro_interfaces/msg/detail/quaternion__traits.hpp
[3.217s] -- Up-to-date symlink: /home/ronnakon/FRA333-KINEMATICS/LAB3_ws/install/xicro_interfaces/include/xicro_interfaces/msg/detail/temperature__builder.hpp
[3.218s] -- Up-to-date symlink: /home/ronnakon/FRA333-KINEMATICS/LAB3_ws/install/xicro_interfaces/include/xicro_interfaces/msg/detail/temperature__struct.hpp
[3.218s] -- Up-to-date symlink: /home/ronnakon/FRA333-KINEMATICS/LAB3_ws/install/xicro_interfaces/include/xicro_interfaces/msg/detail/temperature__traits.hpp
[3.218s] -- Up-to-date symlink: /home/ronnakon/FRA333-KINEMATICS/LAB3_ws/install/xicro_interfaces/include/xicro_interfaces/msg/detail/time__builder.hpp
[3.219s] -- Up-to-date symlink: /home/ronnakon/FRA333-KINEMATICS/LAB3_ws/install/xicro_interfaces/include/xicro_interfaces/msg/detail/time__struct.hpp
[3.219s] -- Up-to-date symlink: /home/ronnakon/FRA333-KINEMATICS/LAB3_ws/install/xicro_interfaces/include/xicro_interfaces/msg/detail/time__traits.hpp
[3.219s] -- Up-to-date symlink: /home/ronnakon/FRA333-KINEMATICS/LAB3_ws/install/xicro_interfaces/include/xicro_interfaces/msg/detail/twist__builder.hpp
[3.220s] -- Up-to-date symlink: /home/ronnakon/FRA333-KINEMATICS/LAB3_ws/install/xicro_interfaces/include/xicro_interfaces/msg/detail/twist__struct.hpp
[3.220s] -- Up-to-date symlink: /home/ronnakon/FRA333-KINEMATICS/LAB3_ws/install/xicro_interfaces/include/xicro_interfaces/msg/detail/twist__traits.hpp
[3.220s] -- Up-to-date symlink: /home/ronnakon/FRA333-KINEMATICS/LAB3_ws/install/xicro_interfaces/include/xicro_interfaces/msg/detail/uint16__builder.hpp
[3.221s] -- Up-to-date symlink: /home/ronnakon/FRA333-KINEMATICS/LAB3_ws/install/xicro_interfaces/include/xicro_interfaces/msg/detail/uint16__struct.hpp
[3.221s] -- Up-to-date symlink: /home/ronnakon/FRA333-KINEMATICS/LAB3_ws/install/xicro_interfaces/include/xicro_interfaces/msg/detail/uint16__traits.hpp
[3.221s] -- Up-to-date symlink: /home/ronnakon/FRA333-KINEMATICS/LAB3_ws/install/xicro_interfaces/include/xicro_interfaces/msg/detail/uint32__builder.hpp
[3.222s] -- Up-to-date symlink: /home/ronnakon/FRA333-KINEMATICS/LAB3_ws/install/xicro_interfaces/include/xicro_interfaces/msg/detail/uint32__struct.hpp
[3.222s] -- Up-to-date symlink: /home/ronnakon/FRA333-KINEMATICS/LAB3_ws/install/xicro_interfaces/include/xicro_interfaces/msg/detail/uint32__traits.hpp
[3.222s] -- Up-to-date symlink: /home/ronnakon/FRA333-KINEMATICS/LAB3_ws/install/xicro_interfaces/include/xicro_interfaces/msg/detail/uint64__builder.hpp
[3.223s] -- Up-to-date symlink: /home/ronnakon/FRA333-KINEMATICS/LAB3_ws/install/xicro_interfaces/include/xicro_interfaces/msg/detail/uint64__struct.hpp
[3.223s] -- Up-to-date symlink: /home/ronnakon/FRA333-KINEMATICS/LAB3_ws/install/xicro_interfaces/include/xicro_interfaces/msg/detail/uint64__traits.hpp
[3.224s] -- Up-to-date symlink: /home/ronnakon/FRA333-KINEMATICS/LAB3_ws/install/xicro_interfaces/include/xicro_interfaces/msg/detail/uint8__builder.hpp
[3.224s] -- Up-to-date symlink: /home/ronnakon/FRA333-KINEMATICS/LAB3_ws/install/xicro_interfaces/include/xicro_interfaces/msg/detail/uint8__struct.hpp
[3.224s] -- Up-to-date symlink: /home/ronnakon/FRA333-KINEMATICS/LAB3_ws/install/xicro_interfaces/include/xicro_interfaces/msg/detail/uint8__traits.hpp
[3.225s] -- Up-to-date symlink: /home/ronnakon/FRA333-KINEMATICS/LAB3_ws/install/xicro_interfaces/include/xicro_interfaces/msg/detail/vector3__builder.hpp
[3.225s] -- Up-to-date symlink: /home/ronnakon/FRA333-KINEMATICS/LAB3_ws/install/xicro_interfaces/include/xicro_interfaces/msg/detail/vector3__struct.hpp
[3.225s] -- Up-to-date symlink: /home/ronnakon/FRA333-KINEMATICS/LAB3_ws/install/xicro_interfaces/include/xicro_interfaces/msg/detail/vector3__traits.hpp
[3.226s] -- Up-to-date symlink: /home/ronnakon/FRA333-KINEMATICS/LAB3_ws/install/xicro_interfaces/include/xicro_interfaces/msg/float32.hpp
[3.226s] -- Up-to-date symlink: /home/ronnakon/FRA333-KINEMATICS/LAB3_ws/install/xicro_interfaces/include/xicro_interfaces/msg/header.hpp
[3.226s] -- Up-to-date symlink: /home/ronnakon/FRA333-KINEMATICS/LAB3_ws/install/xicro_interfaces/include/xicro_interfaces/msg/imu.hpp
[3.227s] -- Up-to-date symlink: /home/ronnakon/FRA333-KINEMATICS/LAB3_ws/install/xicro_interfaces/include/xicro_interfaces/msg/int16.hpp
[3.227s] -- Up-to-date symlink: /home/ronnakon/FRA333-KINEMATICS/LAB3_ws/install/xicro_interfaces/include/xicro_interfaces/msg/int32.hpp
[3.227s] -- Up-to-date symlink: /home/ronnakon/FRA333-KINEMATICS/LAB3_ws/install/xicro_interfaces/include/xicro_interfaces/msg/int64.hpp
[3.228s] -- Up-to-date symlink: /home/ronnakon/FRA333-KINEMATICS/LAB3_ws/install/xicro_interfaces/include/xicro_interfaces/msg/int8.hpp
[3.228s] -- Up-to-date symlink: /home/ronnakon/FRA333-KINEMATICS/LAB3_ws/install/xicro_interfaces/include/xicro_interfaces/msg/joint_state.hpp
[3.228s] -- Up-to-date symlink: /home/ronnakon/FRA333-KINEMATICS/LAB3_ws/install/xicro_interfaces/include/xicro_interfaces/msg/point.hpp
[3.229s] -- Up-to-date symlink: /home/ronnakon/FRA333-KINEMATICS/LAB3_ws/install/xicro_interfaces/include/xicro_interfaces/msg/pose.hpp
[3.229s] -- Up-to-date symlink: /home/ronnakon/FRA333-KINEMATICS/LAB3_ws/install/xicro_interfaces/include/xicro_interfaces/msg/pose2_d.hpp
[3.229s] -- Up-to-date symlink: /home/ronnakon/FRA333-KINEMATICS/LAB3_ws/install/xicro_interfaces/include/xicro_interfaces/msg/pose_with_covariance.hpp
[3.230s] -- Up-to-date symlink: /home/ronnakon/FRA333-KINEMATICS/LAB3_ws/install/xicro_interfaces/include/xicro_interfaces/msg/quaternion.hpp
[3.230s] -- Up-to-date symlink: /home/ronnakon/FRA333-KINEMATICS/LAB3_ws/install/xicro_interfaces/include/xicro_interfaces/msg/temperature.hpp
[3.230s] -- Up-to-date symlink: /home/ronnakon/FRA333-KINEMATICS/LAB3_ws/install/xicro_interfaces/include/xicro_interfaces/msg/time.hpp
[3.231s] -- Up-to-date symlink: /home/ronnakon/FRA333-KINEMATICS/LAB3_ws/install/xicro_interfaces/include/xicro_interfaces/msg/twist.hpp
[3.231s] -- Up-to-date symlink: /home/ronnakon/FRA333-KINEMATICS/LAB3_ws/install/xicro_interfaces/include/xicro_interfaces/msg/uint16.hpp
[3.232s] -- Up-to-date symlink: /home/ronnakon/FRA333-KINEMATICS/LAB3_ws/install/xicro_interfaces/include/xicro_interfaces/msg/uint32.hpp
[3.232s] -- Up-to-date symlink: /home/ronnakon/FRA333-KINEMATICS/LAB3_ws/install/xicro_interfaces/include/xicro_interfaces/msg/uint64.hpp
[3.232s] -- Up-to-date symlink: /home/ronnakon/FRA333-KINEMATICS/LAB3_ws/install/xicro_interfaces/include/xicro_interfaces/msg/uint8.hpp
[3.233s] -- Up-to-date symlink: /home/ronnakon/FRA333-KINEMATICS/LAB3_ws/install/xicro_interfaces/include/xicro_interfaces/msg/vector3.hpp
[3.234s] -- Up-to-date symlink: /home/ronnakon/FRA333-KINEMATICS/LAB3_ws/install/xicro_interfaces/include/xicro_interfaces/msg/detail/battery_state__rosidl_typesupport_introspection_cpp.hpp
[3.234s] -- Up-to-date symlink: /home/ronnakon/FRA333-KINEMATICS/LAB3_ws/install/xicro_interfaces/include/xicro_interfaces/msg/detail/bool__rosidl_typesupport_introspection_cpp.hpp
[3.235s] -- Up-to-date symlink: /home/ronnakon/FRA333-KINEMATICS/LAB3_ws/install/xicro_interfaces/include/xicro_interfaces/msg/detail/demo_input__rosidl_typesupport_introspection_cpp.hpp
[3.235s] -- Up-to-date symlink: /home/ronnakon/FRA333-KINEMATICS/LAB3_ws/install/xicro_interfaces/include/xicro_interfaces/msg/detail/demo_output__rosidl_typesupport_introspection_cpp.hpp
[3.236s] -- Up-to-date symlink: /home/ronnakon/FRA333-KINEMATICS/LAB3_ws/install/xicro_interfaces/include/xicro_interfaces/msg/detail/float32__rosidl_typesupport_introspection_cpp.hpp
[3.236s] -- Up-to-date symlink: /home/ronnakon/FRA333-KINEMATICS/LAB3_ws/install/xicro_interfaces/include/xicro_interfaces/msg/detail/header__rosidl_typesupport_introspection_cpp.hpp
[3.236s] -- Up-to-date symlink: /home/ronnakon/FRA333-KINEMATICS/LAB3_ws/install/xicro_interfaces/include/xicro_interfaces/msg/detail/imu__rosidl_typesupport_introspection_cpp.hpp
[3.237s] -- Up-to-date symlink: /home/ronnakon/FRA333-KINEMATICS/LAB3_ws/install/xicro_interfaces/include/xicro_interfaces/msg/detail/int16__rosidl_typesupport_introspection_cpp.hpp
[3.237s] -- Up-to-date symlink: /home/ronnakon/FRA333-KINEMATICS/LAB3_ws/install/xicro_interfaces/include/xicro_interfaces/msg/detail/int32__rosidl_typesupport_introspection_cpp.hpp
[3.237s] -- Up-to-date symlink: /home/ronnakon/FRA333-KINEMATICS/LAB3_ws/install/xicro_interfaces/include/xicro_interfaces/msg/detail/int64__rosidl_typesupport_introspection_cpp.hpp
[3.238s] -- Up-to-date symlink: /home/ronnakon/FRA333-KINEMATICS/LAB3_ws/install/xicro_interfaces/include/xicro_interfaces/msg/detail/int8__rosidl_typesupport_introspection_cpp.hpp
[3.238s] -- Up-to-date symlink: /home/ronnakon/FRA333-KINEMATICS/LAB3_ws/install/xicro_interfaces/include/xicro_interfaces/msg/detail/joint_state__rosidl_typesupport_introspection_cpp.hpp
[3.238s] -- Up-to-date symlink: /home/ronnakon/FRA333-KINEMATICS/LAB3_ws/install/xicro_interfaces/include/xicro_interfaces/msg/detail/point__rosidl_typesupport_introspection_cpp.hpp
[3.239s] -- Up-to-date symlink: /home/ronnakon/FRA333-KINEMATICS/LAB3_ws/install/xicro_interfaces/include/xicro_interfaces/msg/detail/pose2_d__rosidl_typesupport_introspection_cpp.hpp
[3.239s] -- Up-to-date symlink: /home/ronnakon/FRA333-KINEMATICS/LAB3_ws/install/xicro_interfaces/include/xicro_interfaces/msg/detail/pose__rosidl_typesupport_introspection_cpp.hpp
[3.239s] -- Up-to-date symlink: /home/ronnakon/FRA333-KINEMATICS/LAB3_ws/install/xicro_interfaces/include/xicro_interfaces/msg/detail/pose_with_covariance__rosidl_typesupport_introspection_cpp.hpp
[3.240s] -- Up-to-date symlink: /home/ronnakon/FRA333-KINEMATICS/LAB3_ws/install/xicro_interfaces/include/xicro_interfaces/msg/detail/quaternion__rosidl_typesupport_introspection_cpp.hpp
[3.240s] -- Up-to-date symlink: /home/ronnakon/FRA333-KINEMATICS/LAB3_ws/install/xicro_interfaces/include/xicro_interfaces/msg/detail/temperature__rosidl_typesupport_introspection_cpp.hpp
[3.240s] -- Up-to-date symlink: /home/ronnakon/FRA333-KINEMATICS/LAB3_ws/install/xicro_interfaces/include/xicro_interfaces/msg/detail/time__rosidl_typesupport_introspection_cpp.hpp
[3.241s] -- Up-to-date symlink: /home/ronnakon/FRA333-KINEMATICS/LAB3_ws/install/xicro_interfaces/include/xicro_interfaces/msg/detail/twist__rosidl_typesupport_introspection_cpp.hpp
[3.241s] -- Up-to-date symlink: /home/ronnakon/FRA333-KINEMATICS/LAB3_ws/install/xicro_interfaces/include/xicro_interfaces/msg/detail/uint16__rosidl_typesupport_introspection_cpp.hpp
[3.242s] -- Up-to-date symlink: /home/ronnakon/FRA333-KINEMATICS/LAB3_ws/install/xicro_interfaces/include/xicro_interfaces/msg/detail/uint32__rosidl_typesupport_introspection_cpp.hpp
[3.242s] -- Up-to-date symlink: /home/ronnakon/FRA333-KINEMATICS/LAB3_ws/install/xicro_interfaces/include/xicro_interfaces/msg/detail/uint64__rosidl_typesupport_introspection_cpp.hpp
[3.242s] -- Up-to-date symlink: /home/ronnakon/FRA333-KINEMATICS/LAB3_ws/install/xicro_interfaces/include/xicro_interfaces/msg/detail/uint8__rosidl_typesupport_introspection_cpp.hpp
[3.243s] -- Up-to-date symlink: /home/ronnakon/FRA333-KINEMATICS/LAB3_ws/install/xicro_interfaces/include/xicro_interfaces/msg/detail/vector3__rosidl_typesupport_introspection_cpp.hpp
[3.243s] -- Up-to-date symlink: /home/ronnakon/FRA333-KINEMATICS/LAB3_ws/install/xicro_interfaces/share/xicro_interfaces/environment/pythonpath.sh
[3.244s] -- Up-to-date symlink: /home/ronnakon/FRA333-KINEMATICS/LAB3_ws/install/xicro_interfaces/share/xicro_interfaces/environment/pythonpath.dsv
[3.244s] -- Up-to-date symlink: /home/ronnakon/FRA333-KINEMATICS/LAB3_ws/install/xicro_interfaces/lib/python3.8/site-packages/xicro_interfaces/__init__.py
[3.245s] -- Up-to-date symlink: /home/ronnakon/FRA333-KINEMATICS/LAB3_ws/install/xicro_interfaces/lib/python3.8/site-packages/xicro_interfaces/msg/__init__.py
[3.246s] -- Up-to-date symlink: /home/ronnakon/FRA333-KINEMATICS/LAB3_ws/install/xicro_interfaces/lib/python3.8/site-packages/xicro_interfaces/msg/_battery_state.py
[3.246s] -- Up-to-date symlink: /home/ronnakon/FRA333-KINEMATICS/LAB3_ws/install/xicro_interfaces/lib/python3.8/site-packages/xicro_interfaces/msg/_bool.py
[3.246s] -- Up-to-date symlink: /home/ronnakon/FRA333-KINEMATICS/LAB3_ws/install/xicro_interfaces/lib/python3.8/site-packages/xicro_interfaces/msg/_demo_input.py
[3.246s] -- Up-to-date symlink: /home/ronnakon/FRA333-KINEMATICS/LAB3_ws/install/xicro_interfaces/lib/python3.8/site-packages/xicro_interfaces/msg/_demo_output.py
[3.247s] -- Up-to-date symlink: /home/ronnakon/FRA333-KINEMATICS/LAB3_ws/install/xicro_interfaces/lib/python3.8/site-packages/xicro_interfaces/msg/_float32.py
[3.247s] -- Up-to-date symlink: /home/ronnakon/FRA333-KINEMATICS/LAB3_ws/install/xicro_interfaces/lib/python3.8/site-packages/xicro_interfaces/msg/_header.py
[3.247s] -- Up-to-date symlink: /home/ronnakon/FRA333-KINEMATICS/LAB3_ws/install/xicro_interfaces/lib/python3.8/site-packages/xicro_interfaces/msg/_imu.py
[3.248s] -- Up-to-date symlink: /home/ronnakon/FRA333-KINEMATICS/LAB3_ws/install/xicro_interfaces/lib/python3.8/site-packages/xicro_interfaces/msg/_int16.py
[3.248s] -- Up-to-date symlink: /home/ronnakon/FRA333-KINEMATICS/LAB3_ws/install/xicro_interfaces/lib/python3.8/site-packages/xicro_interfaces/msg/_int32.py
[3.248s] -- Up-to-date symlink: /home/ronnakon/FRA333-KINEMATICS/LAB3_ws/install/xicro_interfaces/lib/python3.8/site-packages/xicro_interfaces/msg/_int64.py
[3.248s] -- Up-to-date symlink: /home/ronnakon/FRA333-KINEMATICS/LAB3_ws/install/xicro_interfaces/lib/python3.8/site-packages/xicro_interfaces/msg/_int8.py
[3.249s] -- Up-to-date symlink: /home/ronnakon/FRA333-KINEMATICS/LAB3_ws/install/xicro_interfaces/lib/python3.8/site-packages/xicro_interfaces/msg/_joint_state.py
[3.249s] -- Up-to-date symlink: /home/ronnakon/FRA333-KINEMATICS/LAB3_ws/install/xicro_interfaces/lib/python3.8/site-packages/xicro_interfaces/msg/_point.py
[3.249s] -- Up-to-date symlink: /home/ronnakon/FRA333-KINEMATICS/LAB3_ws/install/xicro_interfaces/lib/python3.8/site-packages/xicro_interfaces/msg/_pose.py
[3.250s] -- Up-to-date symlink: /home/ronnakon/FRA333-KINEMATICS/LAB3_ws/install/xicro_interfaces/lib/python3.8/site-packages/xicro_interfaces/msg/_pose2_d.py
[3.250s] -- Up-to-date symlink: /home/ronnakon/FRA333-KINEMATICS/LAB3_ws/install/xicro_interfaces/lib/python3.8/site-packages/xicro_interfaces/msg/_pose_with_covariance.py
[3.250s] -- Up-to-date symlink: /home/ronnakon/FRA333-KINEMATICS/LAB3_ws/install/xicro_interfaces/lib/python3.8/site-packages/xicro_interfaces/msg/_quaternion.py
[3.250s] -- Up-to-date symlink: /home/ronnakon/FRA333-KINEMATICS/LAB3_ws/install/xicro_interfaces/lib/python3.8/site-packages/xicro_interfaces/msg/_temperature.py
[3.251s] -- Up-to-date symlink: /home/ronnakon/FRA333-KINEMATICS/LAB3_ws/install/xicro_interfaces/lib/python3.8/site-packages/xicro_interfaces/msg/_time.py
[3.251s] -- Up-to-date symlink: /home/ronnakon/FRA333-KINEMATICS/LAB3_ws/install/xicro_interfaces/lib/python3.8/site-packages/xicro_interfaces/msg/_twist.py
[3.251s] -- Up-to-date symlink: /home/ronnakon/FRA333-KINEMATICS/LAB3_ws/install/xicro_interfaces/lib/python3.8/site-packages/xicro_interfaces/msg/_uint16.py
[3.252s] -- Up-to-date symlink: /home/ronnakon/FRA333-KINEMATICS/LAB3_ws/install/xicro_interfaces/lib/python3.8/site-packages/xicro_interfaces/msg/_uint32.py
[3.252s] -- Up-to-date symlink: /home/ronnakon/FRA333-KINEMATICS/LAB3_ws/install/xicro_interfaces/lib/python3.8/site-packages/xicro_interfaces/msg/_uint64.py
[3.252s] -- Up-to-date symlink: /home/ronnakon/FRA333-KINEMATICS/LAB3_ws/install/xicro_interfaces/lib/python3.8/site-packages/xicro_interfaces/msg/_uint8.py
[3.252s] -- Up-to-date symlink: /home/ronnakon/FRA333-KINEMATICS/LAB3_ws/install/xicro_interfaces/lib/python3.8/site-packages/xicro_interfaces/msg/_vector3.py
[3.253s] -- Up-to-date symlink: /home/ronnakon/FRA333-KINEMATICS/LAB3_ws/install/xicro_interfaces/lib/python3.8/site-packages/xicro_interfaces/xicro_interfaces_s__rosidl_typesupport_fastrtps_c.cpython-38-x86_64-linux-gnu.so
[3.254s] -- Up-to-date symlink: /home/ronnakon/FRA333-KINEMATICS/LAB3_ws/install/xicro_interfaces/lib/python3.8/site-packages/xicro_interfaces/xicro_interfaces_s__rosidl_typesupport_introspection_c.cpython-38-x86_64-linux-gnu.so
[3.255s] -- Up-to-date symlink: /home/ronnakon/FRA333-KINEMATICS/LAB3_ws/install/xicro_interfaces/lib/python3.8/site-packages/xicro_interfaces/xicro_interfaces_s__rosidl_typesupport_c.cpython-38-x86_64-linux-gnu.so
[3.255s] -- Up-to-date symlink: /home/ronnakon/FRA333-KINEMATICS/LAB3_ws/install/xicro_interfaces/lib/libxicro_interfaces__python.so
[3.256s] -- Up-to-date symlink: /home/ronnakon/FRA333-KINEMATICS/LAB3_ws/install/xicro_interfaces/share/xicro_interfaces/msg/Bool.idl
[3.256s] -- Up-to-date symlink: /home/ronnakon/FRA333-KINEMATICS/LAB3_ws/install/xicro_interfaces/share/xicro_interfaces/msg/Uint8.idl
[3.257s] -- Up-to-date symlink: /home/ronnakon/FRA333-KINEMATICS/LAB3_ws/install/xicro_interfaces/share/xicro_interfaces/msg/Uint16.idl
[3.257s] -- Up-to-date symlink: /home/ronnakon/FRA333-KINEMATICS/LAB3_ws/install/xicro_interfaces/share/xicro_interfaces/msg/Uint32.idl
[3.258s] -- Up-to-date symlink: /home/ronnakon/FRA333-KINEMATICS/LAB3_ws/install/xicro_interfaces/share/xicro_interfaces/msg/Uint64.idl
[3.258s] -- Up-to-date symlink: /home/ronnakon/FRA333-KINEMATICS/LAB3_ws/install/xicro_interfaces/share/xicro_interfaces/msg/Int8.idl
[3.259s] -- Up-to-date symlink: /home/ronnakon/FRA333-KINEMATICS/LAB3_ws/install/xicro_interfaces/share/xicro_interfaces/msg/Int16.idl
[3.259s] -- Up-to-date symlink: /home/ronnakon/FRA333-KINEMATICS/LAB3_ws/install/xicro_interfaces/share/xicro_interfaces/msg/Int32.idl
[3.260s] -- Up-to-date symlink: /home/ronnakon/FRA333-KINEMATICS/LAB3_ws/install/xicro_interfaces/share/xicro_interfaces/msg/Int64.idl
[3.260s] -- Up-to-date symlink: /home/ronnakon/FRA333-KINEMATICS/LAB3_ws/install/xicro_interfaces/share/xicro_interfaces/msg/Float32.idl
[3.260s] -- Up-to-date symlink: /home/ronnakon/FRA333-KINEMATICS/LAB3_ws/install/xicro_interfaces/share/xicro_interfaces/msg/Imu.idl
[3.261s] -- Up-to-date symlink: /home/ronnakon/FRA333-KINEMATICS/LAB3_ws/install/xicro_interfaces/share/xicro_interfaces/msg/BatteryState.idl
[3.261s] -- Up-to-date symlink: /home/ronnakon/FRA333-KINEMATICS/LAB3_ws/install/xicro_interfaces/share/xicro_interfaces/msg/JointState.idl
[3.262s] -- Up-to-date symlink: /home/ronnakon/FRA333-KINEMATICS/LAB3_ws/install/xicro_interfaces/share/xicro_interfaces/msg/Temperature.idl
[3.262s] -- Up-to-date symlink: /home/ronnakon/FRA333-KINEMATICS/LAB3_ws/install/xicro_interfaces/share/xicro_interfaces/msg/Point.idl
[3.263s] -- Up-to-date symlink: /home/ronnakon/FRA333-KINEMATICS/LAB3_ws/install/xicro_interfaces/share/xicro_interfaces/msg/Pose.idl
[3.263s] -- Up-to-date symlink: /home/ronnakon/FRA333-KINEMATICS/LAB3_ws/install/xicro_interfaces/share/xicro_interfaces/msg/PoseWithCovariance.idl
[3.264s] -- Up-to-date symlink: /home/ronnakon/FRA333-KINEMATICS/LAB3_ws/install/xicro_interfaces/share/xicro_interfaces/msg/Quaternion.idl
[3.264s] -- Up-to-date symlink: /home/ronnakon/FRA333-KINEMATICS/LAB3_ws/install/xicro_interfaces/share/xicro_interfaces/msg/Pose2D.idl
[3.265s] -- Up-to-date symlink: /home/ronnakon/FRA333-KINEMATICS/LAB3_ws/install/xicro_interfaces/share/xicro_interfaces/msg/Twist.idl
[3.265s] -- Up-to-date symlink: /home/ronnakon/FRA333-KINEMATICS/LAB3_ws/install/xicro_interfaces/share/xicro_interfaces/msg/DemoInput.idl
[3.266s] -- Up-to-date symlink: /home/ronnakon/FRA333-KINEMATICS/LAB3_ws/install/xicro_interfaces/share/xicro_interfaces/msg/DemoOutput.idl
[3.266s] -- Up-to-date symlink: /home/ronnakon/FRA333-KINEMATICS/LAB3_ws/install/xicro_interfaces/share/xicro_interfaces/msg/Vector3.idl
[3.267s] -- Up-to-date symlink: /home/ronnakon/FRA333-KINEMATICS/LAB3_ws/install/xicro_interfaces/share/xicro_interfaces/msg/Time.idl
[3.267s] -- Up-to-date symlink: /home/ronnakon/FRA333-KINEMATICS/LAB3_ws/install/xicro_interfaces/share/xicro_interfaces/msg/Header.idl
[3.267s] -- Up-to-date symlink: /home/ronnakon/FRA333-KINEMATICS/LAB3_ws/install/xicro_interfaces/share/xicro_interfaces/msg/Bool.msg
[3.268s] -- Up-to-date symlink: /home/ronnakon/FRA333-KINEMATICS/LAB3_ws/install/xicro_interfaces/share/xicro_interfaces/msg/Uint8.msg
[3.268s] -- Up-to-date symlink: /home/ronnakon/FRA333-KINEMATICS/LAB3_ws/install/xicro_interfaces/share/xicro_interfaces/msg/Uint16.msg
[3.269s] -- Up-to-date symlink: /home/ronnakon/FRA333-KINEMATICS/LAB3_ws/install/xicro_interfaces/share/xicro_interfaces/msg/Uint32.msg
[3.269s] -- Up-to-date symlink: /home/ronnakon/FRA333-KINEMATICS/LAB3_ws/install/xicro_interfaces/share/xicro_interfaces/msg/Uint64.msg
[3.270s] -- Up-to-date symlink: /home/ronnakon/FRA333-KINEMATICS/LAB3_ws/install/xicro_interfaces/share/xicro_interfaces/msg/Int8.msg
[3.270s] -- Up-to-date symlink: /home/ronnakon/FRA333-KINEMATICS/LAB3_ws/install/xicro_interfaces/share/xicro_interfaces/msg/Int16.msg
[3.271s] -- Up-to-date symlink: /home/ronnakon/FRA333-KINEMATICS/LAB3_ws/install/xicro_interfaces/share/xicro_interfaces/msg/Int32.msg
[3.271s] -- Up-to-date symlink: /home/ronnakon/FRA333-KINEMATICS/LAB3_ws/install/xicro_interfaces/share/xicro_interfaces/msg/Int64.msg
[3.272s] -- Up-to-date symlink: /home/ronnakon/FRA333-KINEMATICS/LAB3_ws/install/xicro_interfaces/share/xicro_interfaces/msg/Float32.msg
[3.272s] -- Up-to-date symlink: /home/ronnakon/FRA333-KINEMATICS/LAB3_ws/install/xicro_interfaces/share/xicro_interfaces/msg/Imu.msg
[3.273s] -- Up-to-date symlink: /home/ronnakon/FRA333-KINEMATICS/LAB3_ws/install/xicro_interfaces/share/xicro_interfaces/msg/BatteryState.msg
[3.273s] -- Up-to-date symlink: /home/ronnakon/FRA333-KINEMATICS/LAB3_ws/install/xicro_interfaces/share/xicro_interfaces/msg/JointState.msg
[3.274s] -- Up-to-date symlink: /home/ronnakon/FRA333-KINEMATICS/LAB3_ws/install/xicro_interfaces/share/xicro_interfaces/msg/Temperature.msg
[3.274s] -- Up-to-date symlink: /home/ronnakon/FRA333-KINEMATICS/LAB3_ws/install/xicro_interfaces/share/xicro_interfaces/msg/Point.msg
[3.275s] -- Up-to-date symlink: /home/ronnakon/FRA333-KINEMATICS/LAB3_ws/install/xicro_interfaces/share/xicro_interfaces/msg/Pose.msg
[3.275s] -- Up-to-date symlink: /home/ronnakon/FRA333-KINEMATICS/LAB3_ws/install/xicro_interfaces/share/xicro_interfaces/msg/PoseWithCovariance.msg
[3.276s] -- Up-to-date symlink: /home/ronnakon/FRA333-KINEMATICS/LAB3_ws/install/xicro_interfaces/share/xicro_interfaces/msg/Quaternion.msg
[3.276s] -- Up-to-date symlink: /home/ronnakon/FRA333-KINEMATICS/LAB3_ws/install/xicro_interfaces/share/xicro_interfaces/msg/Pose2D.msg
[3.277s] -- Up-to-date symlink: /home/ronnakon/FRA333-KINEMATICS/LAB3_ws/install/xicro_interfaces/share/xicro_interfaces/msg/Twist.msg
[3.277s] -- Up-to-date symlink: /home/ronnakon/FRA333-KINEMATICS/LAB3_ws/install/xicro_interfaces/share/xicro_interfaces/msg/DemoInput.msg
[3.277s] -- Up-to-date symlink: /home/ronnakon/FRA333-KINEMATICS/LAB3_ws/install/xicro_interfaces/share/xicro_interfaces/msg/DemoOutput.msg
[3.278s] -- Up-to-date symlink: /home/ronnakon/FRA333-KINEMATICS/LAB3_ws/install/xicro_interfaces/share/xicro_interfaces/msg/Vector3.msg
[3.279s] -- Up-to-date symlink: /home/ronnakon/FRA333-KINEMATICS/LAB3_ws/install/xicro_interfaces/share/xicro_interfaces/msg/Time.msg
[3.279s] -- Up-to-date symlink: /home/ronnakon/FRA333-KINEMATICS/LAB3_ws/install/xicro_interfaces/share/xicro_interfaces/msg/Header.msg
[3.280s] -- Up-to-date symlink: /home/ronnakon/FRA333-KINEMATICS/LAB3_ws/install/xicro_interfaces/share/ament_index/resource_index/package_run_dependencies/xicro_interfaces
[3.280s] -- Up-to-date symlink: /home/ronnakon/FRA333-KINEMATICS/LAB3_ws/install/xicro_interfaces/share/ament_index/resource_index/parent_prefix_path/xicro_interfaces
[3.281s] -- Up-to-date symlink: /home/ronnakon/FRA333-KINEMATICS/LAB3_ws/install/xicro_interfaces/share/xicro_interfaces/environment/ament_prefix_path.sh
[3.281s] -- Up-to-date symlink: /home/ronnakon/FRA333-KINEMATICS/LAB3_ws/install/xicro_interfaces/share/xicro_interfaces/environment/ament_prefix_path.dsv
[3.282s] -- Up-to-date symlink: /home/ronnakon/FRA333-KINEMATICS/LAB3_ws/install/xicro_interfaces/share/xicro_interfaces/environment/path.sh
[3.282s] -- Up-to-date symlink: /home/ronnakon/FRA333-KINEMATICS/LAB3_ws/install/xicro_interfaces/share/xicro_interfaces/environment/path.dsv
[3.283s] -- Up-to-date symlink: /home/ronnakon/FRA333-KINEMATICS/LAB3_ws/install/xicro_interfaces/share/xicro_interfaces/local_setup.bash
[3.283s] -- Up-to-date symlink: /home/ronnakon/FRA333-KINEMATICS/LAB3_ws/install/xicro_interfaces/share/xicro_interfaces/local_setup.sh
[3.284s] -- Up-to-date symlink: /home/ronnakon/FRA333-KINEMATICS/LAB3_ws/install/xicro_interfaces/share/xicro_interfaces/local_setup.zsh
[3.284s] -- Up-to-date symlink: /home/ronnakon/FRA333-KINEMATICS/LAB3_ws/install/xicro_interfaces/share/xicro_interfaces/local_setup.dsv
[3.285s] -- Symlinking: /home/ronnakon/FRA333-KINEMATICS/LAB3_ws/install/xicro_interfaces/share/xicro_interfaces/package.dsv
[3.305s] -- Up-to-date symlink: /home/ronnakon/FRA333-KINEMATICS/LAB3_ws/install/xicro_interfaces/share/ament_index/resource_index/packages/xicro_interfaces
[3.306s] -- Up-to-date symlink: /home/ronnakon/FRA333-KINEMATICS/LAB3_ws/install/xicro_interfaces/share/xicro_interfaces/cmake/rosidl_cmake-extras.cmake
[3.307s] -- Up-to-date symlink: /home/ronnakon/FRA333-KINEMATICS/LAB3_ws/install/xicro_interfaces/share/xicro_interfaces/cmake/ament_cmake_export_dependencies-extras.cmake
[3.308s] -- Up-to-date symlink: /home/ronnakon/FRA333-KINEMATICS/LAB3_ws/install/xicro_interfaces/share/xicro_interfaces/cmake/ament_cmake_export_libraries-extras.cmake
[3.309s] -- Up-to-date symlink: /home/ronnakon/FRA333-KINEMATICS/LAB3_ws/install/xicro_interfaces/share/xicro_interfaces/cmake/ament_cmake_export_targets-extras.cmake
[3.310s] -- Up-to-date symlink: /home/ronnakon/FRA333-KINEMATICS/LAB3_ws/install/xicro_interfaces/share/xicro_interfaces/cmake/ament_cmake_export_include_directories-extras.cmake
[3.311s] -- Up-to-date symlink: /home/ronnakon/FRA333-KINEMATICS/LAB3_ws/install/xicro_interfaces/share/xicro_interfaces/cmake/rosidl_cmake_export_typesupport_libraries-extras.cmake
[3.312s] -- Up-to-date symlink: /home/ronnakon/FRA333-KINEMATICS/LAB3_ws/install/xicro_interfaces/share/xicro_interfaces/cmake/rosidl_cmake_export_typesupport_targets-extras.cmake
[3.313s] -- Up-to-date symlink: /home/ronnakon/FRA333-KINEMATICS/LAB3_ws/install/xicro_interfaces/share/xicro_interfaces/cmake/xicro_interfacesConfig.cmake
[3.313s] -- Up-to-date symlink: /home/ronnakon/FRA333-KINEMATICS/LAB3_ws/install/xicro_interfaces/share/xicro_interfaces/cmake/xicro_interfacesConfig-version.cmake
[3.313s] -- Up-to-date symlink: /home/ronnakon/FRA333-KINEMATICS/LAB3_ws/install/xicro_interfaces/share/xicro_interfaces/package.xml
[3.314s] -- Up-to-date: /home/ronnakon/FRA333-KINEMATICS/LAB3_ws/install/xicro_interfaces/lib/libxicro_interfaces__rosidl_generator_c.so
[3.315s] -- Up-to-date: /home/ronnakon/FRA333-KINEMATICS/LAB3_ws/install/xicro_interfaces/lib/libxicro_interfaces__rosidl_typesupport_introspection_c.so
[3.315s] -- Up-to-date: /home/ronnakon/FRA333-KINEMATICS/LAB3_ws/install/xicro_interfaces/lib/libxicro_interfaces__rosidl_typesupport_c.so
[3.316s] -- Up-to-date: /home/ronnakon/FRA333-KINEMATICS/LAB3_ws/install/xicro_interfaces/lib/libxicro_interfaces__rosidl_typesupport_introspection_cpp.so
[3.317s] -- Up-to-date: /home/ronnakon/FRA333-KINEMATICS/LAB3_ws/install/xicro_interfaces/lib/libxicro_interfaces__rosidl_typesupport_cpp.so
[3.386s] Compiling '/home/ronnakon/FRA333-KINEMATICS/LAB3_ws/install/xicro_interfaces/lib/python3.8/site-packages/xicro_interfaces/__init__.py'...
[3.396s] -- Up-to-date: /home/ronnakon/FRA333-KINEMATICS/LAB3_ws/install/xicro_interfaces/share/xicro_interfaces/cmake/xicro_interfaces__rosidl_generator_cExport.cmake
[3.396s] -- Installing: /home/ronnakon/FRA333-KINEMATICS/LAB3_ws/install/xicro_interfaces/share/xicro_interfaces/cmake/xicro_interfaces__rosidl_generator_cExport-noconfig.cmake
[3.397s] -- Up-to-date: /home/ronnakon/FRA333-KINEMATICS/LAB3_ws/install/xicro_interfaces/share/xicro_interfaces/cmake/xicro_interfaces__rosidl_typesupport_introspection_cExport.cmake
[3.397s] -- Installing: /home/ronnakon/FRA333-KINEMATICS/LAB3_ws/install/xicro_interfaces/share/xicro_interfaces/cmake/xicro_interfaces__rosidl_typesupport_introspection_cExport-noconfig.cmake
[3.398s] -- Up-to-date: /home/ronnakon/FRA333-KINEMATICS/LAB3_ws/install/xicro_interfaces/share/xicro_interfaces/cmake/xicro_interfaces__rosidl_typesupport_cExport.cmake
[3.398s] -- Installing: /home/ronnakon/FRA333-KINEMATICS/LAB3_ws/install/xicro_interfaces/share/xicro_interfaces/cmake/xicro_interfaces__rosidl_typesupport_cExport-noconfig.cmake
[3.399s] -- Up-to-date: /home/ronnakon/FRA333-KINEMATICS/LAB3_ws/install/xicro_interfaces/share/xicro_interfaces/cmake/xicro_interfaces__rosidl_generator_cppExport.cmake
[3.400s] -- Up-to-date: /home/ronnakon/FRA333-KINEMATICS/LAB3_ws/install/xicro_interfaces/share/xicro_interfaces/cmake/xicro_interfaces__rosidl_typesupport_introspection_cppExport.cmake
[3.400s] -- Installing: /home/ronnakon/FRA333-KINEMATICS/LAB3_ws/install/xicro_interfaces/share/xicro_interfaces/cmake/xicro_interfaces__rosidl_typesupport_introspection_cppExport-noconfig.cmake
[3.401s] -- Up-to-date: /home/ronnakon/FRA333-KINEMATICS/LAB3_ws/install/xicro_interfaces/share/xicro_interfaces/cmake/xicro_interfaces__rosidl_typesupport_cppExport.cmake
[3.401s] -- Installing: /home/ronnakon/FRA333-KINEMATICS/LAB3_ws/install/xicro_interfaces/share/xicro_interfaces/cmake/xicro_interfaces__rosidl_typesupport_cppExport-noconfig.cmake
[3.412s] Invoked command in '/home/ronnakon/FRA333-KINEMATICS/LAB3_ws/build/xicro_interfaces' returned '0': CMAKE_PREFIX_PATH=${CMAKE_PREFIX_PATH}:/opt/ros/foxy /usr/bin/cmake --install /home/ronnakon/FRA333-KINEMATICS/LAB3_ws/build/xicro_interfaces
