[0.026s] Invoking command in '/home/ronnakon/FRA333-KINEMATICS/FRA333-Assignment-lab2-template/lab2_ws/build/robot_23_kinematics_interfaces': CMAKE_PREFIX_PATH=${CMAKE_PREFIX_PATH}:/opt/ros/foxy /usr/bin/cmake /home/ronnakon/FRA333-KINEMATICS/FRA333-Assignment-lab2-template/lab2_ws/src/robot_23_kinematics_interfaces -DAMENT_CMAKE_SYMLINK_INSTALL=1 -DCMAKE_INSTALL_PREFIX=/home/ronnakon/FRA333-KINEMATICS/FRA333-Assignment-lab2-template/lab2_ws/install/robot_23_kinematics_interfaces
[0.037s] -- Found ament_cmake: 0.9.9 (/opt/ros/foxy/share/ament_cmake/cmake)
[0.057s] -- Found PythonInterp: /usr/bin/python3 (found suitable version "3.8.10", minimum required is "3") 
[0.057s] -- Using PYTHON_EXECUTABLE: /usr/bin/python3
[0.187s] -- Override CMake install command with custom implementation using symlinks instead of copying resources
[0.197s] -- Found ament_lint_auto: 0.9.6 (/opt/ros/foxy/share/ament_lint_auto/cmake)
[0.247s] -- Found rosidl_default_generators: 1.0.1 (/opt/ros/foxy/share/rosidl_default_generators/cmake)
[0.250s] -- Using all available rosidl_typesupport_c: rosidl_typesupport_fastrtps_c;rosidl_typesupport_introspection_c
[0.254s] -- Found rosidl_adapter: 1.2.1 (/opt/ros/foxy/share/rosidl_adapter/cmake)
[0.375s] -- Using all available rosidl_typesupport_cpp: rosidl_typesupport_fastrtps_cpp;rosidl_typesupport_introspection_cpp
[0.393s] -- Found geometry_msgs: 2.0.5 (/opt/ros/foxy/share/geometry_msgs/cmake)
[0.470s] -- Found PythonInterp: /usr/bin/python3 (found version "3.8.10") 
[0.584s] -- Found ament_cmake_ros: 0.9.2 (/opt/ros/foxy/share/ament_cmake_ros/cmake)
[0.793s] -- Using all available rosidl_typesupport_c: rosidl_typesupport_fastrtps_c;rosidl_typesupport_introspection_c
[0.888s] -- Using all available rosidl_typesupport_cpp: rosidl_typesupport_fastrtps_cpp;rosidl_typesupport_introspection_cpp
[0.907s] -- Found PythonInterp: /usr/bin/python3 (found suitable version "3.8.10", minimum required is "3.5") 
[0.907s] -- Found python_cmake_module: 0.8.1 (/opt/ros/foxy/share/python_cmake_module/cmake)
[0.930s] -- Using PYTHON_EXECUTABLE: /usr/bin/python3
[0.931s] -- Using PYTHON_INCLUDE_DIRS: /usr/include/python3.8
[0.931s] -- Using PYTHON_LIBRARIES: /usr/lib/x86_64-linux-gnu/libpython3.8.so
[0.983s] -- Added test 'copyright' to check source files copyright and LICENSE
[0.984s] -- Added test 'lint_cmake' to check CMake code style
[0.985s] -- Added test 'xmllint' to check XML markup files
[0.990s] -- Configuring done
[1.034s] -- Generating done
[1.037s] -- Build files have been written to: /home/ronnakon/FRA333-KINEMATICS/FRA333-Assignment-lab2-template/lab2_ws/build/robot_23_kinematics_interfaces
[1.042s] Invoked command in '/home/ronnakon/FRA333-KINEMATICS/FRA333-Assignment-lab2-template/lab2_ws/build/robot_23_kinematics_interfaces' returned '0': CMAKE_PREFIX_PATH=${CMAKE_PREFIX_PATH}:/opt/ros/foxy /usr/bin/cmake /home/ronnakon/FRA333-KINEMATICS/FRA333-Assignment-lab2-template/lab2_ws/src/robot_23_kinematics_interfaces -DAMENT_CMAKE_SYMLINK_INSTALL=1 -DCMAKE_INSTALL_PREFIX=/home/ronnakon/FRA333-KINEMATICS/FRA333-Assignment-lab2-template/lab2_ws/install/robot_23_kinematics_interfaces
[1.044s] Invoking command in '/home/ronnakon/FRA333-KINEMATICS/FRA333-Assignment-lab2-template/lab2_ws/build/robot_23_kinematics_interfaces': CMAKE_PREFIX_PATH=${CMAKE_PREFIX_PATH}:/opt/ros/foxy /usr/bin/cmake --build /home/ronnakon/FRA333-KINEMATICS/FRA333-Assignment-lab2-template/lab2_ws/build/robot_23_kinematics_interfaces -- -j12 -l12
[1.087s] [  3%] Built target robot_23_kinematics_interfaces__cpp
[1.093s] [ 12%] Built target robot_23_kinematics_interfaces__rosidl_generator_c
[1.105s] [ 19%] [32m[1mLinking CXX shared library librobot_23_kinematics_interfaces__rosidl_typesupport_fastrtps_cpp.so[0m
[1.105s] [ 25%] Built target robot_23_kinematics_interfaces__rosidl_typesupport_introspection_cpp
[1.108s] [ 35%] Built target robot_23_kinematics_interfaces__rosidl_typesupport_cpp
[1.113s] [ 45%] Built target robot_23_kinematics_interfaces__rosidl_typesupport_c
[1.114s] [ 54%] Built target robot_23_kinematics_interfaces__rosidl_typesupport_introspection_c
[1.163s] [ 61%] Built target robot_23_kinematics_interfaces__rosidl_typesupport_fastrtps_cpp
[1.187s] [ 64%] [32m[1mLinking CXX shared library librobot_23_kinematics_interfaces__rosidl_typesupport_fastrtps_c.so[0m
[1.254s] [ 70%] Built target robot_23_kinematics_interfaces__rosidl_typesupport_fastrtps_c
[1.274s] [ 70%] Built target robot_23_kinematics_interfaces
[1.292s] [ 74%] Built target robot_23_kinematics_interfaces__py
[1.312s] [ 77%] [32m[1mLinking C shared library rosidl_generator_py/robot_23_kinematics_interfaces/librobot_23_kinematics_interfaces__python.so[0m
[1.353s] [ 80%] Built target robot_23_kinematics_interfaces__python
[1.376s] [ 83%] [32m[1mLinking C shared library rosidl_generator_py/robot_23_kinematics_interfaces/robot_23_kinematics_interfaces_s__rosidl_typesupport_introspection_c.cpython-38-x86_64-linux-gnu.so[0m
[1.378s] [ 87%] [32m[1mLinking C shared library rosidl_generator_py/robot_23_kinematics_interfaces/robot_23_kinematics_interfaces_s__rosidl_typesupport_c.cpython-38-x86_64-linux-gnu.so[0m
[1.381s] [ 90%] [32m[1mLinking CXX shared library rosidl_generator_py/robot_23_kinematics_interfaces/robot_23_kinematics_interfaces_s__rosidl_typesupport_fastrtps_c.cpython-38-x86_64-linux-gnu.so[0m
[1.411s] [ 93%] Built target robot_23_kinematics_interfaces__rosidl_typesupport_c__pyext
[1.412s] [ 96%] Built target robot_23_kinematics_interfaces__rosidl_typesupport_introspection_c__pyext
[1.435s] [100%] Built target robot_23_kinematics_interfaces__rosidl_typesupport_fastrtps_c__pyext
[1.443s] Invoked command in '/home/ronnakon/FRA333-KINEMATICS/FRA333-Assignment-lab2-template/lab2_ws/build/robot_23_kinematics_interfaces' returned '0': CMAKE_PREFIX_PATH=${CMAKE_PREFIX_PATH}:/opt/ros/foxy /usr/bin/cmake --build /home/ronnakon/FRA333-KINEMATICS/FRA333-Assignment-lab2-template/lab2_ws/build/robot_23_kinematics_interfaces -- -j12 -l12
[1.480s] Invoking command in '/home/ronnakon/FRA333-KINEMATICS/FRA333-Assignment-lab2-template/lab2_ws/build/robot_23_kinematics_interfaces': CMAKE_PREFIX_PATH=${CMAKE_PREFIX_PATH}:/opt/ros/foxy /usr/bin/cmake --install /home/ronnakon/FRA333-KINEMATICS/FRA333-Assignment-lab2-template/lab2_ws/build/robot_23_kinematics_interfaces
[1.491s] -- Install configuration: ""
[1.491s] -- Execute custom install script
[1.491s] -- Symlinking: /home/ronnakon/FRA333-KINEMATICS/FRA333-Assignment-lab2-template/lab2_ws/install/robot_23_kinematics_interfaces/share/ament_index/resource_index/rosidl_interfaces/robot_23_kinematics_interfaces
[1.500s] -- Symlinking: /home/ronnakon/FRA333-KINEMATICS/FRA333-Assignment-lab2-template/lab2_ws/install/robot_23_kinematics_interfaces/include/robot_23_kinematics_interfaces/msg/rosidl_generator_c__visibility_control.h
[1.505s] -- Symlinking: /home/ronnakon/FRA333-KINEMATICS/FRA333-Assignment-lab2-template/lab2_ws/install/robot_23_kinematics_interfaces/include/robot_23_kinematics_interfaces/srv/detail/get_position__functions.h
[1.510s] -- Symlinking: /home/ronnakon/FRA333-KINEMATICS/FRA333-Assignment-lab2-template/lab2_ws/install/robot_23_kinematics_interfaces/include/robot_23_kinematics_interfaces/srv/detail/get_position__struct.h
[1.516s] -- Symlinking: /home/ronnakon/FRA333-KINEMATICS/FRA333-Assignment-lab2-template/lab2_ws/install/robot_23_kinematics_interfaces/include/robot_23_kinematics_interfaces/srv/detail/get_position__type_support.h
[1.521s] -- Symlinking: /home/ronnakon/FRA333-KINEMATICS/FRA333-Assignment-lab2-template/lab2_ws/install/robot_23_kinematics_interfaces/include/robot_23_kinematics_interfaces/srv/get_position.h
[1.527s] -- Symlinking: /home/ronnakon/FRA333-KINEMATICS/FRA333-Assignment-lab2-template/lab2_ws/install/robot_23_kinematics_interfaces/share/robot_23_kinematics_interfaces/environment/library_path.sh
[1.532s] -- Symlinking: /home/ronnakon/FRA333-KINEMATICS/FRA333-Assignment-lab2-template/lab2_ws/install/robot_23_kinematics_interfaces/share/robot_23_kinematics_interfaces/environment/library_path.dsv
[1.538s] -- Symlinking: /home/ronnakon/FRA333-KINEMATICS/FRA333-Assignment-lab2-template/lab2_ws/install/robot_23_kinematics_interfaces/include/robot_23_kinematics_interfaces/msg/rosidl_typesupport_fastrtps_c__visibility_control.h
[1.543s] -- Symlinking: /home/ronnakon/FRA333-KINEMATICS/FRA333-Assignment-lab2-template/lab2_ws/install/robot_23_kinematics_interfaces/include/robot_23_kinematics_interfaces/srv/detail/get_position__rosidl_typesupport_fastrtps_c.h
[1.549s] -- Symlinking: /home/ronnakon/FRA333-KINEMATICS/FRA333-Assignment-lab2-template/lab2_ws/install/robot_23_kinematics_interfaces/lib/librobot_23_kinematics_interfaces__rosidl_typesupport_fastrtps_c.so
[1.555s] -- Symlinking: /home/ronnakon/FRA333-KINEMATICS/FRA333-Assignment-lab2-template/lab2_ws/install/robot_23_kinematics_interfaces/include/robot_23_kinematics_interfaces/msg/rosidl_typesupport_fastrtps_cpp__visibility_control.h
[1.560s] -- Symlinking: /home/ronnakon/FRA333-KINEMATICS/FRA333-Assignment-lab2-template/lab2_ws/install/robot_23_kinematics_interfaces/include/robot_23_kinematics_interfaces/srv/detail/get_position__rosidl_typesupport_fastrtps_cpp.hpp
[1.566s] -- Symlinking: /home/ronnakon/FRA333-KINEMATICS/FRA333-Assignment-lab2-template/lab2_ws/install/robot_23_kinematics_interfaces/lib/librobot_23_kinematics_interfaces__rosidl_typesupport_fastrtps_cpp.so
[1.572s] -- Symlinking: /home/ronnakon/FRA333-KINEMATICS/FRA333-Assignment-lab2-template/lab2_ws/install/robot_23_kinematics_interfaces/include/robot_23_kinematics_interfaces/msg/rosidl_typesupport_introspection_c__visibility_control.h
[1.577s] -- Symlinking: /home/ronnakon/FRA333-KINEMATICS/FRA333-Assignment-lab2-template/lab2_ws/install/robot_23_kinematics_interfaces/include/robot_23_kinematics_interfaces/srv/detail/get_position__rosidl_typesupport_introspection_c.h
[1.583s] -- Symlinking: /home/ronnakon/FRA333-KINEMATICS/FRA333-Assignment-lab2-template/lab2_ws/install/robot_23_kinematics_interfaces/include/robot_23_kinematics_interfaces/srv/detail/get_position__builder.hpp
[1.588s] -- Symlinking: /home/ronnakon/FRA333-KINEMATICS/FRA333-Assignment-lab2-template/lab2_ws/install/robot_23_kinematics_interfaces/include/robot_23_kinematics_interfaces/srv/detail/get_position__struct.hpp
[1.593s] -- Symlinking: /home/ronnakon/FRA333-KINEMATICS/FRA333-Assignment-lab2-template/lab2_ws/install/robot_23_kinematics_interfaces/include/robot_23_kinematics_interfaces/srv/detail/get_position__traits.hpp
[1.599s] -- Symlinking: /home/ronnakon/FRA333-KINEMATICS/FRA333-Assignment-lab2-template/lab2_ws/install/robot_23_kinematics_interfaces/include/robot_23_kinematics_interfaces/srv/get_position.hpp
[1.604s] -- Symlinking: /home/ronnakon/FRA333-KINEMATICS/FRA333-Assignment-lab2-template/lab2_ws/install/robot_23_kinematics_interfaces/include/robot_23_kinematics_interfaces/srv/detail/get_position__rosidl_typesupport_introspection_cpp.hpp
[1.610s] -- Symlinking: /home/ronnakon/FRA333-KINEMATICS/FRA333-Assignment-lab2-template/lab2_ws/install/robot_23_kinematics_interfaces/share/robot_23_kinematics_interfaces/environment/pythonpath.sh
[1.615s] -- Symlinking: /home/ronnakon/FRA333-KINEMATICS/FRA333-Assignment-lab2-template/lab2_ws/install/robot_23_kinematics_interfaces/share/robot_23_kinematics_interfaces/environment/pythonpath.dsv
[1.621s] -- Symlinking: /home/ronnakon/FRA333-KINEMATICS/FRA333-Assignment-lab2-template/lab2_ws/install/robot_23_kinematics_interfaces/lib/python3.8/site-packages/robot_23_kinematics_interfaces/__init__.py
[1.631s] -- Symlinking: /home/ronnakon/FRA333-KINEMATICS/FRA333-Assignment-lab2-template/lab2_ws/install/robot_23_kinematics_interfaces/lib/python3.8/site-packages/robot_23_kinematics_interfaces/srv/__init__.py
[1.639s] -- Symlinking: /home/ronnakon/FRA333-KINEMATICS/FRA333-Assignment-lab2-template/lab2_ws/install/robot_23_kinematics_interfaces/lib/python3.8/site-packages/robot_23_kinematics_interfaces/srv/_get_position.py
[1.645s] -- Symlinking: /home/ronnakon/FRA333-KINEMATICS/FRA333-Assignment-lab2-template/lab2_ws/install/robot_23_kinematics_interfaces/lib/python3.8/site-packages/robot_23_kinematics_interfaces/robot_23_kinematics_interfaces_s__rosidl_typesupport_fastrtps_c.cpython-38-x86_64-linux-gnu.so
[1.654s] -- Symlinking: /home/ronnakon/FRA333-KINEMATICS/FRA333-Assignment-lab2-template/lab2_ws/install/robot_23_kinematics_interfaces/lib/python3.8/site-packages/robot_23_kinematics_interfaces/robot_23_kinematics_interfaces_s__rosidl_typesupport_introspection_c.cpython-38-x86_64-linux-gnu.so
[1.662s] -- Symlinking: /home/ronnakon/FRA333-KINEMATICS/FRA333-Assignment-lab2-template/lab2_ws/install/robot_23_kinematics_interfaces/lib/python3.8/site-packages/robot_23_kinematics_interfaces/robot_23_kinematics_interfaces_s__rosidl_typesupport_c.cpython-38-x86_64-linux-gnu.so
[1.670s] -- Symlinking: /home/ronnakon/FRA333-KINEMATICS/FRA333-Assignment-lab2-template/lab2_ws/install/robot_23_kinematics_interfaces/lib/librobot_23_kinematics_interfaces__python.so
[1.675s] -- Symlinking: /home/ronnakon/FRA333-KINEMATICS/FRA333-Assignment-lab2-template/lab2_ws/install/robot_23_kinematics_interfaces/share/robot_23_kinematics_interfaces/srv/GetPosition.idl
[1.680s] -- Symlinking: /home/ronnakon/FRA333-KINEMATICS/FRA333-Assignment-lab2-template/lab2_ws/install/robot_23_kinematics_interfaces/share/robot_23_kinematics_interfaces/srv/GetPosition.srv
[1.686s] -- Symlinking: /home/ronnakon/FRA333-KINEMATICS/FRA333-Assignment-lab2-template/lab2_ws/install/robot_23_kinematics_interfaces/share/robot_23_kinematics_interfaces/srv/GetPosition_Request.msg
[1.691s] -- Symlinking: /home/ronnakon/FRA333-KINEMATICS/FRA333-Assignment-lab2-template/lab2_ws/install/robot_23_kinematics_interfaces/share/robot_23_kinematics_interfaces/srv/GetPosition_Response.msg
[1.697s] -- Symlinking: /home/ronnakon/FRA333-KINEMATICS/FRA333-Assignment-lab2-template/lab2_ws/install/robot_23_kinematics_interfaces/share/ament_index/resource_index/package_run_dependencies/robot_23_kinematics_interfaces
[1.702s] -- Symlinking: /home/ronnakon/FRA333-KINEMATICS/FRA333-Assignment-lab2-template/lab2_ws/install/robot_23_kinematics_interfaces/share/ament_index/resource_index/parent_prefix_path/robot_23_kinematics_interfaces
[1.708s] -- Symlinking: /home/ronnakon/FRA333-KINEMATICS/FRA333-Assignment-lab2-template/lab2_ws/install/robot_23_kinematics_interfaces/share/robot_23_kinematics_interfaces/environment/ament_prefix_path.sh
[1.713s] -- Symlinking: /home/ronnakon/FRA333-KINEMATICS/FRA333-Assignment-lab2-template/lab2_ws/install/robot_23_kinematics_interfaces/share/robot_23_kinematics_interfaces/environment/ament_prefix_path.dsv
[1.719s] -- Symlinking: /home/ronnakon/FRA333-KINEMATICS/FRA333-Assignment-lab2-template/lab2_ws/install/robot_23_kinematics_interfaces/share/robot_23_kinematics_interfaces/environment/path.sh
[1.724s] -- Symlinking: /home/ronnakon/FRA333-KINEMATICS/FRA333-Assignment-lab2-template/lab2_ws/install/robot_23_kinematics_interfaces/share/robot_23_kinematics_interfaces/environment/path.dsv
[1.730s] -- Symlinking: /home/ronnakon/FRA333-KINEMATICS/FRA333-Assignment-lab2-template/lab2_ws/install/robot_23_kinematics_interfaces/share/robot_23_kinematics_interfaces/local_setup.bash
[1.736s] -- Symlinking: /home/ronnakon/FRA333-KINEMATICS/FRA333-Assignment-lab2-template/lab2_ws/install/robot_23_kinematics_interfaces/share/robot_23_kinematics_interfaces/local_setup.sh
[1.741s] -- Symlinking: /home/ronnakon/FRA333-KINEMATICS/FRA333-Assignment-lab2-template/lab2_ws/install/robot_23_kinematics_interfaces/share/robot_23_kinematics_interfaces/local_setup.zsh
[1.747s] -- Symlinking: /home/ronnakon/FRA333-KINEMATICS/FRA333-Assignment-lab2-template/lab2_ws/install/robot_23_kinematics_interfaces/share/robot_23_kinematics_interfaces/local_setup.dsv
[1.752s] -- Symlinking: /home/ronnakon/FRA333-KINEMATICS/FRA333-Assignment-lab2-template/lab2_ws/install/robot_23_kinematics_interfaces/share/robot_23_kinematics_interfaces/package.dsv
[1.758s] -- Symlinking: /home/ronnakon/FRA333-KINEMATICS/FRA333-Assignment-lab2-template/lab2_ws/install/robot_23_kinematics_interfaces/share/ament_index/resource_index/packages/robot_23_kinematics_interfaces
[1.763s] -- Symlinking: /home/ronnakon/FRA333-KINEMATICS/FRA333-Assignment-lab2-template/lab2_ws/install/robot_23_kinematics_interfaces/share/robot_23_kinematics_interfaces/cmake/rosidl_cmake-extras.cmake
[1.768s] -- Symlinking: /home/ronnakon/FRA333-KINEMATICS/FRA333-Assignment-lab2-template/lab2_ws/install/robot_23_kinematics_interfaces/share/robot_23_kinematics_interfaces/cmake/ament_cmake_export_dependencies-extras.cmake
[1.774s] -- Symlinking: /home/ronnakon/FRA333-KINEMATICS/FRA333-Assignment-lab2-template/lab2_ws/install/robot_23_kinematics_interfaces/share/robot_23_kinematics_interfaces/cmake/ament_cmake_export_libraries-extras.cmake
[1.780s] -- Symlinking: /home/ronnakon/FRA333-KINEMATICS/FRA333-Assignment-lab2-template/lab2_ws/install/robot_23_kinematics_interfaces/share/robot_23_kinematics_interfaces/cmake/ament_cmake_export_targets-extras.cmake
[1.785s] -- Symlinking: /home/ronnakon/FRA333-KINEMATICS/FRA333-Assignment-lab2-template/lab2_ws/install/robot_23_kinematics_interfaces/share/robot_23_kinematics_interfaces/cmake/ament_cmake_export_include_directories-extras.cmake
[1.790s] -- Symlinking: /home/ronnakon/FRA333-KINEMATICS/FRA333-Assignment-lab2-template/lab2_ws/install/robot_23_kinematics_interfaces/share/robot_23_kinematics_interfaces/cmake/rosidl_cmake_export_typesupport_libraries-extras.cmake
[1.796s] -- Symlinking: /home/ronnakon/FRA333-KINEMATICS/FRA333-Assignment-lab2-template/lab2_ws/install/robot_23_kinematics_interfaces/share/robot_23_kinematics_interfaces/cmake/rosidl_cmake_export_typesupport_targets-extras.cmake
[1.802s] -- Symlinking: /home/ronnakon/FRA333-KINEMATICS/FRA333-Assignment-lab2-template/lab2_ws/install/robot_23_kinematics_interfaces/share/robot_23_kinematics_interfaces/cmake/robot_23_kinematics_interfacesConfig.cmake
[1.807s] -- Symlinking: /home/ronnakon/FRA333-KINEMATICS/FRA333-Assignment-lab2-template/lab2_ws/install/robot_23_kinematics_interfaces/share/robot_23_kinematics_interfaces/cmake/robot_23_kinematics_interfacesConfig-version.cmake
[1.812s] -- Symlinking: /home/ronnakon/FRA333-KINEMATICS/FRA333-Assignment-lab2-template/lab2_ws/install/robot_23_kinematics_interfaces/share/robot_23_kinematics_interfaces/package.xml
[1.818s] -- Up-to-date: /home/ronnakon/FRA333-KINEMATICS/FRA333-Assignment-lab2-template/lab2_ws/install/robot_23_kinematics_interfaces/lib/librobot_23_kinematics_interfaces__rosidl_generator_c.so
[1.818s] -- Up-to-date: /home/ronnakon/FRA333-KINEMATICS/FRA333-Assignment-lab2-template/lab2_ws/install/robot_23_kinematics_interfaces/lib/librobot_23_kinematics_interfaces__rosidl_typesupport_introspection_c.so
[1.819s] -- Up-to-date: /home/ronnakon/FRA333-KINEMATICS/FRA333-Assignment-lab2-template/lab2_ws/install/robot_23_kinematics_interfaces/lib/librobot_23_kinematics_interfaces__rosidl_typesupport_c.so
[1.820s] -- Up-to-date: /home/ronnakon/FRA333-KINEMATICS/FRA333-Assignment-lab2-template/lab2_ws/install/robot_23_kinematics_interfaces/lib/librobot_23_kinematics_interfaces__rosidl_typesupport_introspection_cpp.so
[1.820s] -- Up-to-date: /home/ronnakon/FRA333-KINEMATICS/FRA333-Assignment-lab2-template/lab2_ws/install/robot_23_kinematics_interfaces/lib/librobot_23_kinematics_interfaces__rosidl_typesupport_cpp.so
[1.841s] Compiling '/home/ronnakon/FRA333-KINEMATICS/FRA333-Assignment-lab2-template/lab2_ws/install/robot_23_kinematics_interfaces/lib/python3.8/site-packages/robot_23_kinematics_interfaces/__init__.py'...
[1.844s] -- Up-to-date: /home/ronnakon/FRA333-KINEMATICS/FRA333-Assignment-lab2-template/lab2_ws/install/robot_23_kinematics_interfaces/share/robot_23_kinematics_interfaces/cmake/robot_23_kinematics_interfaces__rosidl_generator_cExport.cmake
[1.844s] -- Installing: /home/ronnakon/FRA333-KINEMATICS/FRA333-Assignment-lab2-template/lab2_ws/install/robot_23_kinematics_interfaces/share/robot_23_kinematics_interfaces/cmake/robot_23_kinematics_interfaces__rosidl_generator_cExport-noconfig.cmake
[1.845s] -- Up-to-date: /home/ronnakon/FRA333-KINEMATICS/FRA333-Assignment-lab2-template/lab2_ws/install/robot_23_kinematics_interfaces/share/robot_23_kinematics_interfaces/cmake/robot_23_kinematics_interfaces__rosidl_typesupport_introspection_cExport.cmake
[1.845s] -- Installing: /home/ronnakon/FRA333-KINEMATICS/FRA333-Assignment-lab2-template/lab2_ws/install/robot_23_kinematics_interfaces/share/robot_23_kinematics_interfaces/cmake/robot_23_kinematics_interfaces__rosidl_typesupport_introspection_cExport-noconfig.cmake
[1.845s] -- Up-to-date: /home/ronnakon/FRA333-KINEMATICS/FRA333-Assignment-lab2-template/lab2_ws/install/robot_23_kinematics_interfaces/share/robot_23_kinematics_interfaces/cmake/robot_23_kinematics_interfaces__rosidl_typesupport_cExport.cmake
[1.845s] -- Installing: /home/ronnakon/FRA333-KINEMATICS/FRA333-Assignment-lab2-template/lab2_ws/install/robot_23_kinematics_interfaces/share/robot_23_kinematics_interfaces/cmake/robot_23_kinematics_interfaces__rosidl_typesupport_cExport-noconfig.cmake
[1.846s] -- Up-to-date: /home/ronnakon/FRA333-KINEMATICS/FRA333-Assignment-lab2-template/lab2_ws/install/robot_23_kinematics_interfaces/share/robot_23_kinematics_interfaces/cmake/robot_23_kinematics_interfaces__rosidl_generator_cppExport.cmake
[1.846s] -- Up-to-date: /home/ronnakon/FRA333-KINEMATICS/FRA333-Assignment-lab2-template/lab2_ws/install/robot_23_kinematics_interfaces/share/robot_23_kinematics_interfaces/cmake/robot_23_kinematics_interfaces__rosidl_typesupport_introspection_cppExport.cmake
[1.846s] -- Installing: /home/ronnakon/FRA333-KINEMATICS/FRA333-Assignment-lab2-template/lab2_ws/install/robot_23_kinematics_interfaces/share/robot_23_kinematics_interfaces/cmake/robot_23_kinematics_interfaces__rosidl_typesupport_introspection_cppExport-noconfig.cmake
[1.847s] -- Up-to-date: /home/ronnakon/FRA333-KINEMATICS/FRA333-Assignment-lab2-template/lab2_ws/install/robot_23_kinematics_interfaces/share/robot_23_kinematics_interfaces/cmake/robot_23_kinematics_interfaces__rosidl_typesupport_cppExport.cmake
[1.847s] -- Installing: /home/ronnakon/FRA333-KINEMATICS/FRA333-Assignment-lab2-template/lab2_ws/install/robot_23_kinematics_interfaces/share/robot_23_kinematics_interfaces/cmake/robot_23_kinematics_interfaces__rosidl_typesupport_cppExport-noconfig.cmake
[1.851s] Invoked command in '/home/ronnakon/FRA333-KINEMATICS/FRA333-Assignment-lab2-template/lab2_ws/build/robot_23_kinematics_interfaces' returned '0': CMAKE_PREFIX_PATH=${CMAKE_PREFIX_PATH}:/opt/ros/foxy /usr/bin/cmake --install /home/ronnakon/FRA333-KINEMATICS/FRA333-Assignment-lab2-template/lab2_ws/build/robot_23_kinematics_interfaces
