[0.016s] Invoking command in '/home/student26/fra333_ws/build/my_first_package': CMAKE_PREFIX_PATH=${CMAKE_PREFIX_PATH}:/opt/ros/foxy /usr/bin/cmake --build /home/student26/fra333_ws/build/my_first_package -- -j8 -l8
[0.048s] -- Found rosidl_default_generators: 1.0.1 (/opt/ros/foxy/share/rosidl_default_generators/cmake)
[0.048s] -- Found ament_cmake_core: 0.9.9 (/opt/ros/foxy/share/ament_cmake_core/cmake)
[0.068s] -- Found PythonInterp: /usr/bin/python3 (found suitable version "3.8.10", minimum required is "3") 
[0.068s] -- Using PYTHON_EXECUTABLE: /usr/bin/python3
[0.231s] -- Override CMake install command with custom implementation using symlinks instead of copying resources
[0.236s] -- Using all available rosidl_typesupport_c: rosidl_typesupport_fastrtps_c;rosidl_typesupport_introspection_c
[0.240s] -- Found rosidl_adapter: 1.2.1 (/opt/ros/foxy/share/rosidl_adapter/cmake)
[0.376s] -- Using all available rosidl_typesupport_cpp: rosidl_typesupport_fastrtps_cpp;rosidl_typesupport_introspection_cpp
[0.397s] -- Found geometry_msgs: 2.0.5 (/opt/ros/foxy/share/geometry_msgs/cmake)
[0.464s] -- Found rclcpp: 2.4.1 (/opt/ros/foxy/share/rclcpp/cmake)
[0.498s] -- Found rmw_implementation_cmake: 1.0.3 (/opt/ros/foxy/share/rmw_implementation_cmake/cmake)
[0.500s] -- Using RMW implementation 'rmw_fastrtps_cpp' as default
[0.623s] -- Found rclpy: 1.0.8 (/opt/ros/foxy/share/rclpy/cmake)
[0.647s] -- Found PythonInterp: /usr/bin/python3 (found version "3.8.10") 
[0.812s] -- Found ament_cmake_ros: 0.9.2 (/opt/ros/foxy/share/ament_cmake_ros/cmake)
[1.044s] -- Using all available rosidl_typesupport_c: rosidl_typesupport_fastrtps_c;rosidl_typesupport_introspection_c
[1.147s] -- Using all available rosidl_typesupport_cpp: rosidl_typesupport_fastrtps_cpp;rosidl_typesupport_introspection_cpp
[1.178s] -- Found PythonInterp: /usr/bin/python3 (found suitable version "3.8.10", minimum required is "3.5") 
[1.178s] -- Found python_cmake_module: 0.8.1 (/opt/ros/foxy/share/python_cmake_module/cmake)
[1.201s] -- Using PYTHON_EXECUTABLE: /usr/bin/python3
[1.201s] -- Using PYTHON_INCLUDE_DIRS: /usr/include/python3.8
[1.201s] -- Using PYTHON_LIBRARIES: /usr/lib/x86_64-linux-gnu/libpython3.8.so
[1.280s] -- Configuring done
[1.350s] -- Generating done
[1.354s] -- Build files have been written to: /home/student26/fra333_ws/build/my_first_package
[1.392s] [  3%] Built target my_first_package__cpp
[1.395s] [  9%] Built target cpp_node_test
[1.395s] [ 18%] Built target my_first_package__rosidl_generator_c
[1.419s] [ 27%] Built target my_first_package__rosidl_typesupport_cpp
[1.421s] [ 36%] Built target my_first_package__rosidl_typesupport_introspection_cpp
[1.425s] [ 45%] Built target my_first_package__rosidl_typesupport_c
[1.428s] [ 54%] Built target my_first_package__rosidl_typesupport_introspection_c
[1.430s] [ 63%] Built target my_first_package__rosidl_typesupport_fastrtps_cpp
[1.459s] [ 72%] Built target my_first_package__rosidl_typesupport_fastrtps_c
[1.481s] [ 72%] Built target my_first_package
[1.503s] [ 75%] Built target my_first_package__py
[1.533s] [ 81%] Built target my_first_package__python
[1.568s] [100%] Built target my_first_package__rosidl_typesupport_fastrtps_c__pyext
[1.568s] [100%] Built target my_first_package__rosidl_typesupport_introspection_c__pyext
[1.569s] [100%] Built target my_first_package__rosidl_typesupport_c__pyext
[1.581s] Invoked command in '/home/student26/fra333_ws/build/my_first_package' returned '0': CMAKE_PREFIX_PATH=${CMAKE_PREFIX_PATH}:/opt/ros/foxy /usr/bin/cmake --build /home/student26/fra333_ws/build/my_first_package -- -j8 -l8
[1.640s] Invoking command in '/home/student26/fra333_ws/build/my_first_package': CMAKE_PREFIX_PATH=${CMAKE_PREFIX_PATH}:/opt/ros/foxy /usr/bin/cmake --install /home/student26/fra333_ws/build/my_first_package
[1.649s] -- Install configuration: ""
[1.649s] -- Execute custom install script
[1.649s] -- Up-to-date symlink: /home/student26/fra333_ws/install/my_first_package/share/my_first_package/environment/pythonpath.sh
[1.650s] -- Up-to-date symlink: /home/student26/fra333_ws/install/my_first_package/share/my_first_package/environment/pythonpath.dsv
[1.650s] -- Up-to-date symlink: /home/student26/fra333_ws/install/my_first_package/lib/python3.8/site-packages/my_first_package/__init__.py
[1.651s] -- Up-to-date symlink: /home/student26/fra333_ws/install/my_first_package/lib/my_first_package/01_pub.py
[1.651s] -- Up-to-date symlink: /home/student26/fra333_ws/install/my_first_package/lib/my_first_package/01_sub.py
[1.651s] -- Symlinking: /home/student26/fra333_ws/install/my_first_package/lib/my_first_package/02_controller.py
[1.663s] -- Up-to-date symlink: /home/student26/fra333_ws/install/my_first_package/lib/my_first_package/cpp_node_test
[1.664s] -- Up-to-date symlink: /home/student26/fra333_ws/install/my_first_package/share/ament_index/resource_index/rosidl_interfaces/my_first_package
[1.664s] -- Up-to-date symlink: /home/student26/fra333_ws/install/my_first_package/include/my_first_package/msg/rosidl_generator_c__visibility_control.h
[1.664s] -- Up-to-date symlink: /home/student26/fra333_ws/install/my_first_package/include/my_first_package/srv/detail/set_goal__functions.h
[1.665s] -- Up-to-date symlink: /home/student26/fra333_ws/install/my_first_package/include/my_first_package/srv/detail/set_goal__struct.h
[1.665s] -- Up-to-date symlink: /home/student26/fra333_ws/install/my_first_package/include/my_first_package/srv/detail/set_goal__type_support.h
[1.665s] -- Up-to-date symlink: /home/student26/fra333_ws/install/my_first_package/include/my_first_package/srv/set_goal.h
[1.666s] -- Up-to-date symlink: /home/student26/fra333_ws/install/my_first_package/share/my_first_package/environment/library_path.sh
[1.666s] -- Up-to-date symlink: /home/student26/fra333_ws/install/my_first_package/share/my_first_package/environment/library_path.dsv
[1.667s] -- Up-to-date symlink: /home/student26/fra333_ws/install/my_first_package/include/my_first_package/msg/rosidl_typesupport_fastrtps_c__visibility_control.h
[1.667s] -- Up-to-date symlink: /home/student26/fra333_ws/install/my_first_package/include/my_first_package/srv/detail/set_goal__rosidl_typesupport_fastrtps_c.h
[1.667s] -- Up-to-date symlink: /home/student26/fra333_ws/install/my_first_package/lib/libmy_first_package__rosidl_typesupport_fastrtps_c.so
[1.668s] -- Up-to-date symlink: /home/student26/fra333_ws/install/my_first_package/include/my_first_package/msg/rosidl_typesupport_fastrtps_cpp__visibility_control.h
[1.668s] -- Up-to-date symlink: /home/student26/fra333_ws/install/my_first_package/include/my_first_package/srv/detail/set_goal__rosidl_typesupport_fastrtps_cpp.hpp
[1.669s] -- Up-to-date symlink: /home/student26/fra333_ws/install/my_first_package/lib/libmy_first_package__rosidl_typesupport_fastrtps_cpp.so
[1.669s] -- Up-to-date symlink: /home/student26/fra333_ws/install/my_first_package/include/my_first_package/msg/rosidl_typesupport_introspection_c__visibility_control.h
[1.670s] -- Up-to-date symlink: /home/student26/fra333_ws/install/my_first_package/include/my_first_package/srv/detail/set_goal__rosidl_typesupport_introspection_c.h
[1.670s] -- Up-to-date symlink: /home/student26/fra333_ws/install/my_first_package/include/my_first_package/srv/detail/set_goal__builder.hpp
[1.670s] -- Up-to-date symlink: /home/student26/fra333_ws/install/my_first_package/include/my_first_package/srv/detail/set_goal__struct.hpp
[1.671s] -- Up-to-date symlink: /home/student26/fra333_ws/install/my_first_package/include/my_first_package/srv/detail/set_goal__traits.hpp
[1.671s] -- Up-to-date symlink: /home/student26/fra333_ws/install/my_first_package/include/my_first_package/srv/set_goal.hpp
[1.671s] -- Up-to-date symlink: /home/student26/fra333_ws/install/my_first_package/include/my_first_package/srv/detail/set_goal__rosidl_typesupport_introspection_cpp.hpp
[1.671s] -- Symlinking: /home/student26/fra333_ws/install/my_first_package/lib/python3.8/site-packages/my_first_package/__init__.py
[1.681s] -- Up-to-date symlink: /home/student26/fra333_ws/install/my_first_package/lib/python3.8/site-packages/my_first_package/srv/__init__.py
[1.681s] -- Up-to-date symlink: /home/student26/fra333_ws/install/my_first_package/lib/python3.8/site-packages/my_first_package/srv/_set_goal.py
[1.681s] -- Up-to-date symlink: /home/student26/fra333_ws/install/my_first_package/lib/python3.8/site-packages/my_first_package/my_first_package_s__rosidl_typesupport_fastrtps_c.cpython-38-x86_64-linux-gnu.so
[1.682s] -- Up-to-date symlink: /home/student26/fra333_ws/install/my_first_package/lib/python3.8/site-packages/my_first_package/my_first_package_s__rosidl_typesupport_introspection_c.cpython-38-x86_64-linux-gnu.so
[1.682s] -- Up-to-date symlink: /home/student26/fra333_ws/install/my_first_package/lib/python3.8/site-packages/my_first_package/my_first_package_s__rosidl_typesupport_c.cpython-38-x86_64-linux-gnu.so
[1.683s] -- Up-to-date symlink: /home/student26/fra333_ws/install/my_first_package/lib/libmy_first_package__python.so
[1.684s] -- Up-to-date symlink: /home/student26/fra333_ws/install/my_first_package/share/my_first_package/srv/SetGoal.idl
[1.684s] -- Up-to-date symlink: /home/student26/fra333_ws/install/my_first_package/share/my_first_package/srv/SetGoal.srv
[1.685s] -- Up-to-date symlink: /home/student26/fra333_ws/install/my_first_package/share/my_first_package/srv/SetGoal_Request.msg
[1.685s] -- Up-to-date symlink: /home/student26/fra333_ws/install/my_first_package/share/my_first_package/srv/SetGoal_Response.msg
[1.686s] -- Up-to-date symlink: /home/student26/fra333_ws/install/my_first_package/share/ament_index/resource_index/package_run_dependencies/my_first_package
[1.686s] -- Up-to-date symlink: /home/student26/fra333_ws/install/my_first_package/share/ament_index/resource_index/parent_prefix_path/my_first_package
[1.686s] -- Up-to-date symlink: /home/student26/fra333_ws/install/my_first_package/share/my_first_package/environment/ament_prefix_path.sh
[1.687s] -- Up-to-date symlink: /home/student26/fra333_ws/install/my_first_package/share/my_first_package/environment/ament_prefix_path.dsv
[1.687s] -- Up-to-date symlink: /home/student26/fra333_ws/install/my_first_package/share/my_first_package/environment/path.sh
[1.687s] -- Up-to-date symlink: /home/student26/fra333_ws/install/my_first_package/share/my_first_package/environment/path.dsv
[1.688s] -- Up-to-date symlink: /home/student26/fra333_ws/install/my_first_package/share/my_first_package/local_setup.bash
[1.688s] -- Up-to-date symlink: /home/student26/fra333_ws/install/my_first_package/share/my_first_package/local_setup.sh
[1.689s] -- Up-to-date symlink: /home/student26/fra333_ws/install/my_first_package/share/my_first_package/local_setup.zsh
[1.689s] -- Up-to-date symlink: /home/student26/fra333_ws/install/my_first_package/share/my_first_package/local_setup.dsv
[1.689s] -- Symlinking: /home/student26/fra333_ws/install/my_first_package/share/my_first_package/package.dsv
[1.701s] -- Up-to-date symlink: /home/student26/fra333_ws/install/my_first_package/share/ament_index/resource_index/packages/my_first_package
[1.701s] -- Up-to-date symlink: /home/student26/fra333_ws/install/my_first_package/share/my_first_package/cmake/rosidl_cmake-extras.cmake
[1.702s] -- Up-to-date symlink: /home/student26/fra333_ws/install/my_first_package/share/my_first_package/cmake/ament_cmake_export_dependencies-extras.cmake
[1.702s] -- Up-to-date symlink: /home/student26/fra333_ws/install/my_first_package/share/my_first_package/cmake/ament_cmake_export_libraries-extras.cmake
[1.702s] -- Up-to-date symlink: /home/student26/fra333_ws/install/my_first_package/share/my_first_package/cmake/ament_cmake_export_targets-extras.cmake
[1.702s] -- Up-to-date symlink: /home/student26/fra333_ws/install/my_first_package/share/my_first_package/cmake/ament_cmake_export_include_directories-extras.cmake
[1.703s] -- Up-to-date symlink: /home/student26/fra333_ws/install/my_first_package/share/my_first_package/cmake/rosidl_cmake_export_typesupport_libraries-extras.cmake
[1.703s] -- Up-to-date symlink: /home/student26/fra333_ws/install/my_first_package/share/my_first_package/cmake/rosidl_cmake_export_typesupport_targets-extras.cmake
[1.703s] -- Up-to-date symlink: /home/student26/fra333_ws/install/my_first_package/share/my_first_package/cmake/my_first_packageConfig.cmake
[1.703s] -- Up-to-date symlink: /home/student26/fra333_ws/install/my_first_package/share/my_first_package/cmake/my_first_packageConfig-version.cmake
[1.704s] -- Up-to-date symlink: /home/student26/fra333_ws/install/my_first_package/share/my_first_package/package.xml
[1.735s] Listing '/home/student26/fra333_ws/install/my_first_package/lib/python3.8/site-packages/my_first_package'...
[1.735s] Compiling '/home/student26/fra333_ws/install/my_first_package/lib/python3.8/site-packages/my_first_package/__init__.py'...
[1.735s] Listing '/home/student26/fra333_ws/install/my_first_package/lib/python3.8/site-packages/my_first_package/srv'...
[1.739s] -- Up-to-date: /home/student26/fra333_ws/install/my_first_package/lib/libmy_first_package__rosidl_generator_c.so
[1.740s] -- Up-to-date: /home/student26/fra333_ws/install/my_first_package/lib/libmy_first_package__rosidl_typesupport_introspection_c.so
[1.740s] -- Up-to-date: /home/student26/fra333_ws/install/my_first_package/lib/libmy_first_package__rosidl_typesupport_c.so
[1.740s] -- Up-to-date: /home/student26/fra333_ws/install/my_first_package/lib/libmy_first_package__rosidl_typesupport_introspection_cpp.so
[1.741s] -- Up-to-date: /home/student26/fra333_ws/install/my_first_package/lib/libmy_first_package__rosidl_typesupport_cpp.so
[1.786s] -- Up-to-date: /home/student26/fra333_ws/install/my_first_package/share/my_first_package/cmake/my_first_package__rosidl_generator_cExport.cmake
[1.786s] -- Installing: /home/student26/fra333_ws/install/my_first_package/share/my_first_package/cmake/my_first_package__rosidl_generator_cExport-noconfig.cmake
[1.786s] -- Up-to-date: /home/student26/fra333_ws/install/my_first_package/share/my_first_package/cmake/my_first_package__rosidl_typesupport_introspection_cExport.cmake
[1.786s] -- Installing: /home/student26/fra333_ws/install/my_first_package/share/my_first_package/cmake/my_first_package__rosidl_typesupport_introspection_cExport-noconfig.cmake
[1.787s] -- Up-to-date: /home/student26/fra333_ws/install/my_first_package/share/my_first_package/cmake/my_first_package__rosidl_typesupport_cExport.cmake
[1.787s] -- Installing: /home/student26/fra333_ws/install/my_first_package/share/my_first_package/cmake/my_first_package__rosidl_typesupport_cExport-noconfig.cmake
[1.787s] -- Up-to-date: /home/student26/fra333_ws/install/my_first_package/share/my_first_package/cmake/my_first_package__rosidl_generator_cppExport.cmake
[1.787s] -- Up-to-date: /home/student26/fra333_ws/install/my_first_package/share/my_first_package/cmake/my_first_package__rosidl_typesupport_introspection_cppExport.cmake
[1.787s] -- Installing: /home/student26/fra333_ws/install/my_first_package/share/my_first_package/cmake/my_first_package__rosidl_typesupport_introspection_cppExport-noconfig.cmake
[1.787s] -- Up-to-date: /home/student26/fra333_ws/install/my_first_package/share/my_first_package/cmake/my_first_package__rosidl_typesupport_cppExport.cmake
[1.788s] -- Installing: /home/student26/fra333_ws/install/my_first_package/share/my_first_package/cmake/my_first_package__rosidl_typesupport_cppExport-noconfig.cmake
[1.790s] Invoked command in '/home/student26/fra333_ws/build/my_first_package' returned '0': CMAKE_PREFIX_PATH=${CMAKE_PREFIX_PATH}:/opt/ros/foxy /usr/bin/cmake --install /home/student26/fra333_ws/build/my_first_package
