[0.052s] Invoking command in '/home/ronnakon/FRA333-KINEMATICS/fra333_lab4-main/build/romeona_interfaces': CMAKE_PREFIX_PATH=${CMAKE_PREFIX_PATH}:/opt/ros/foxy /usr/bin/cmake --build /home/ronnakon/FRA333-KINEMATICS/fra333_lab4-main/build/romeona_interfaces -- -j4 -l4
[0.169s] [  3%] Built target romeona_interfaces__cpp
[0.179s] [ 12%] Built target romeona_interfaces__rosidl_generator_c
[0.230s] [ 22%] Built target romeona_interfaces__rosidl_typesupport_cpp
[0.237s] [ 32%] Built target romeona_interfaces__rosidl_typesupport_introspection_cpp
[0.248s] [ 41%] Built target romeona_interfaces__rosidl_typesupport_fastrtps_cpp
[0.285s] [ 51%] Built target romeona_interfaces__rosidl_typesupport_introspection_c
[0.298s] [ 61%] Built target romeona_interfaces__rosidl_typesupport_c
[0.319s] [ 70%] Built target romeona_interfaces__rosidl_typesupport_fastrtps_c
[0.355s] [ 70%] Built target romeona_interfaces
[0.403s] [ 74%] Built target romeona_interfaces__py
[0.452s] [ 80%] Built target romeona_interfaces__python
[0.525s] [ 87%] Built target romeona_interfaces__rosidl_typesupport_introspection_c__pyext
[0.544s] [ 93%] Built target romeona_interfaces__rosidl_typesupport_c__pyext
[0.559s] [100%] Built target romeona_interfaces__rosidl_typesupport_fastrtps_c__pyext
[0.589s] Invoked command in '/home/ronnakon/FRA333-KINEMATICS/fra333_lab4-main/build/romeona_interfaces' returned '0': CMAKE_PREFIX_PATH=${CMAKE_PREFIX_PATH}:/opt/ros/foxy /usr/bin/cmake --build /home/ronnakon/FRA333-KINEMATICS/fra333_lab4-main/build/romeona_interfaces -- -j4 -l4
[0.709s] Invoking command in '/home/ronnakon/FRA333-KINEMATICS/fra333_lab4-main/build/romeona_interfaces': CMAKE_PREFIX_PATH=${CMAKE_PREFIX_PATH}:/opt/ros/foxy /usr/bin/cmake --install /home/ronnakon/FRA333-KINEMATICS/fra333_lab4-main/build/romeona_interfaces
[0.722s] -- Install configuration: ""
[0.723s] -- Execute custom install script
[0.723s] -- Up-to-date symlink: /home/ronnakon/FRA333-KINEMATICS/fra333_lab4-main/install/romeona_interfaces/share/ament_index/resource_index/rosidl_interfaces/romeona_interfaces
[0.724s] -- Up-to-date symlink: /home/ronnakon/FRA333-KINEMATICS/fra333_lab4-main/install/romeona_interfaces/include/romeona_interfaces/msg/rosidl_generator_c__visibility_control.h
[0.724s] -- Up-to-date symlink: /home/ronnakon/FRA333-KINEMATICS/fra333_lab4-main/install/romeona_interfaces/include/romeona_interfaces/srv/detail/enable_track__functions.h
[0.724s] -- Up-to-date symlink: /home/ronnakon/FRA333-KINEMATICS/fra333_lab4-main/install/romeona_interfaces/include/romeona_interfaces/srv/detail/enable_track__struct.h
[0.725s] -- Up-to-date symlink: /home/ronnakon/FRA333-KINEMATICS/fra333_lab4-main/install/romeona_interfaces/include/romeona_interfaces/srv/detail/enable_track__type_support.h
[0.725s] -- Up-to-date symlink: /home/ronnakon/FRA333-KINEMATICS/fra333_lab4-main/install/romeona_interfaces/include/romeona_interfaces/srv/enable_track.h
[0.725s] -- Up-to-date symlink: /home/ronnakon/FRA333-KINEMATICS/fra333_lab4-main/install/romeona_interfaces/share/romeona_interfaces/environment/library_path.sh
[0.726s] -- Up-to-date symlink: /home/ronnakon/FRA333-KINEMATICS/fra333_lab4-main/install/romeona_interfaces/share/romeona_interfaces/environment/library_path.dsv
[0.728s] -- Up-to-date symlink: /home/ronnakon/FRA333-KINEMATICS/fra333_lab4-main/install/romeona_interfaces/include/romeona_interfaces/msg/rosidl_typesupport_fastrtps_c__visibility_control.h
[0.729s] -- Up-to-date symlink: /home/ronnakon/FRA333-KINEMATICS/fra333_lab4-main/install/romeona_interfaces/include/romeona_interfaces/srv/detail/enable_track__rosidl_typesupport_fastrtps_c.h
[0.729s] -- Up-to-date symlink: /home/ronnakon/FRA333-KINEMATICS/fra333_lab4-main/install/romeona_interfaces/lib/libromeona_interfaces__rosidl_typesupport_fastrtps_c.so
[0.730s] -- Up-to-date symlink: /home/ronnakon/FRA333-KINEMATICS/fra333_lab4-main/install/romeona_interfaces/include/romeona_interfaces/msg/rosidl_typesupport_fastrtps_cpp__visibility_control.h
[0.731s] -- Up-to-date symlink: /home/ronnakon/FRA333-KINEMATICS/fra333_lab4-main/install/romeona_interfaces/include/romeona_interfaces/srv/detail/enable_track__rosidl_typesupport_fastrtps_cpp.hpp
[0.731s] -- Up-to-date symlink: /home/ronnakon/FRA333-KINEMATICS/fra333_lab4-main/install/romeona_interfaces/lib/libromeona_interfaces__rosidl_typesupport_fastrtps_cpp.so
[0.732s] -- Up-to-date symlink: /home/ronnakon/FRA333-KINEMATICS/fra333_lab4-main/install/romeona_interfaces/include/romeona_interfaces/msg/rosidl_typesupport_introspection_c__visibility_control.h
[0.732s] -- Up-to-date symlink: /home/ronnakon/FRA333-KINEMATICS/fra333_lab4-main/install/romeona_interfaces/include/romeona_interfaces/srv/detail/enable_track__rosidl_typesupport_introspection_c.h
[0.732s] -- Up-to-date symlink: /home/ronnakon/FRA333-KINEMATICS/fra333_lab4-main/install/romeona_interfaces/include/romeona_interfaces/srv/detail/enable_track__builder.hpp
[0.733s] -- Up-to-date symlink: /home/ronnakon/FRA333-KINEMATICS/fra333_lab4-main/install/romeona_interfaces/include/romeona_interfaces/srv/detail/enable_track__struct.hpp
[0.733s] -- Up-to-date symlink: /home/ronnakon/FRA333-KINEMATICS/fra333_lab4-main/install/romeona_interfaces/include/romeona_interfaces/srv/detail/enable_track__traits.hpp
[0.733s] -- Up-to-date symlink: /home/ronnakon/FRA333-KINEMATICS/fra333_lab4-main/install/romeona_interfaces/include/romeona_interfaces/srv/enable_track.hpp
[0.734s] -- Up-to-date symlink: /home/ronnakon/FRA333-KINEMATICS/fra333_lab4-main/install/romeona_interfaces/include/romeona_interfaces/srv/detail/enable_track__rosidl_typesupport_introspection_cpp.hpp
[0.734s] -- Up-to-date symlink: /home/ronnakon/FRA333-KINEMATICS/fra333_lab4-main/install/romeona_interfaces/share/romeona_interfaces/environment/pythonpath.sh
[0.734s] -- Up-to-date symlink: /home/ronnakon/FRA333-KINEMATICS/fra333_lab4-main/install/romeona_interfaces/share/romeona_interfaces/environment/pythonpath.dsv
[0.735s] -- Up-to-date symlink: /home/ronnakon/FRA333-KINEMATICS/fra333_lab4-main/install/romeona_interfaces/lib/python3.8/site-packages/romeona_interfaces/__init__.py
[0.735s] -- Up-to-date symlink: /home/ronnakon/FRA333-KINEMATICS/fra333_lab4-main/install/romeona_interfaces/lib/python3.8/site-packages/romeona_interfaces/srv/__init__.py
[0.736s] -- Up-to-date symlink: /home/ronnakon/FRA333-KINEMATICS/fra333_lab4-main/install/romeona_interfaces/lib/python3.8/site-packages/romeona_interfaces/srv/_enable_track.py
[0.736s] -- Up-to-date symlink: /home/ronnakon/FRA333-KINEMATICS/fra333_lab4-main/install/romeona_interfaces/lib/python3.8/site-packages/romeona_interfaces/romeona_interfaces_s__rosidl_typesupport_fastrtps_c.cpython-38-x86_64-linux-gnu.so
[0.737s] -- Up-to-date symlink: /home/ronnakon/FRA333-KINEMATICS/fra333_lab4-main/install/romeona_interfaces/lib/python3.8/site-packages/romeona_interfaces/romeona_interfaces_s__rosidl_typesupport_introspection_c.cpython-38-x86_64-linux-gnu.so
[0.737s] -- Up-to-date symlink: /home/ronnakon/FRA333-KINEMATICS/fra333_lab4-main/install/romeona_interfaces/lib/python3.8/site-packages/romeona_interfaces/romeona_interfaces_s__rosidl_typesupport_c.cpython-38-x86_64-linux-gnu.so
[0.738s] -- Up-to-date symlink: /home/ronnakon/FRA333-KINEMATICS/fra333_lab4-main/install/romeona_interfaces/lib/libromeona_interfaces__python.so
[0.738s] -- Up-to-date symlink: /home/ronnakon/FRA333-KINEMATICS/fra333_lab4-main/install/romeona_interfaces/share/romeona_interfaces/srv/EnableTrack.idl
[0.738s] -- Up-to-date symlink: /home/ronnakon/FRA333-KINEMATICS/fra333_lab4-main/install/romeona_interfaces/share/romeona_interfaces/srv/EnableTrack.srv
[0.739s] -- Up-to-date symlink: /home/ronnakon/FRA333-KINEMATICS/fra333_lab4-main/install/romeona_interfaces/share/romeona_interfaces/srv/EnableTrack_Request.msg
[0.739s] -- Up-to-date symlink: /home/ronnakon/FRA333-KINEMATICS/fra333_lab4-main/install/romeona_interfaces/share/romeona_interfaces/srv/EnableTrack_Response.msg
[0.740s] -- Up-to-date symlink: /home/ronnakon/FRA333-KINEMATICS/fra333_lab4-main/install/romeona_interfaces/share/ament_index/resource_index/package_run_dependencies/romeona_interfaces
[0.740s] -- Up-to-date symlink: /home/ronnakon/FRA333-KINEMATICS/fra333_lab4-main/install/romeona_interfaces/share/ament_index/resource_index/parent_prefix_path/romeona_interfaces
[0.740s] -- Up-to-date symlink: /home/ronnakon/FRA333-KINEMATICS/fra333_lab4-main/install/romeona_interfaces/share/romeona_interfaces/environment/ament_prefix_path.sh
[0.741s] -- Up-to-date symlink: /home/ronnakon/FRA333-KINEMATICS/fra333_lab4-main/install/romeona_interfaces/share/romeona_interfaces/environment/ament_prefix_path.dsv
[0.741s] -- Up-to-date symlink: /home/ronnakon/FRA333-KINEMATICS/fra333_lab4-main/install/romeona_interfaces/share/romeona_interfaces/environment/path.sh
[0.741s] -- Up-to-date symlink: /home/ronnakon/FRA333-KINEMATICS/fra333_lab4-main/install/romeona_interfaces/share/romeona_interfaces/environment/path.dsv
[0.742s] -- Up-to-date symlink: /home/ronnakon/FRA333-KINEMATICS/fra333_lab4-main/install/romeona_interfaces/share/romeona_interfaces/local_setup.bash
[0.742s] -- Up-to-date symlink: /home/ronnakon/FRA333-KINEMATICS/fra333_lab4-main/install/romeona_interfaces/share/romeona_interfaces/local_setup.sh
[0.742s] -- Up-to-date symlink: /home/ronnakon/FRA333-KINEMATICS/fra333_lab4-main/install/romeona_interfaces/share/romeona_interfaces/local_setup.zsh
[0.743s] -- Up-to-date symlink: /home/ronnakon/FRA333-KINEMATICS/fra333_lab4-main/install/romeona_interfaces/share/romeona_interfaces/local_setup.dsv
[0.743s] -- Symlinking: /home/ronnakon/FRA333-KINEMATICS/fra333_lab4-main/install/romeona_interfaces/share/romeona_interfaces/package.dsv
[0.765s] -- Up-to-date symlink: /home/ronnakon/FRA333-KINEMATICS/fra333_lab4-main/install/romeona_interfaces/share/ament_index/resource_index/packages/romeona_interfaces
[0.766s] -- Up-to-date symlink: /home/ronnakon/FRA333-KINEMATICS/fra333_lab4-main/install/romeona_interfaces/share/romeona_interfaces/cmake/rosidl_cmake-extras.cmake
[0.766s] -- Up-to-date symlink: /home/ronnakon/FRA333-KINEMATICS/fra333_lab4-main/install/romeona_interfaces/share/romeona_interfaces/cmake/ament_cmake_export_dependencies-extras.cmake
[0.767s] -- Up-to-date symlink: /home/ronnakon/FRA333-KINEMATICS/fra333_lab4-main/install/romeona_interfaces/share/romeona_interfaces/cmake/ament_cmake_export_libraries-extras.cmake
[0.768s] -- Up-to-date symlink: /home/ronnakon/FRA333-KINEMATICS/fra333_lab4-main/install/romeona_interfaces/share/romeona_interfaces/cmake/ament_cmake_export_targets-extras.cmake
[0.769s] -- Up-to-date symlink: /home/ronnakon/FRA333-KINEMATICS/fra333_lab4-main/install/romeona_interfaces/share/romeona_interfaces/cmake/ament_cmake_export_include_directories-extras.cmake
[0.770s] -- Up-to-date symlink: /home/ronnakon/FRA333-KINEMATICS/fra333_lab4-main/install/romeona_interfaces/share/romeona_interfaces/cmake/rosidl_cmake_export_typesupport_libraries-extras.cmake
[0.771s] -- Up-to-date symlink: /home/ronnakon/FRA333-KINEMATICS/fra333_lab4-main/install/romeona_interfaces/share/romeona_interfaces/cmake/rosidl_cmake_export_typesupport_targets-extras.cmake
[0.771s] -- Up-to-date symlink: /home/ronnakon/FRA333-KINEMATICS/fra333_lab4-main/install/romeona_interfaces/share/romeona_interfaces/cmake/romeona_interfacesConfig.cmake
[0.772s] -- Up-to-date symlink: /home/ronnakon/FRA333-KINEMATICS/fra333_lab4-main/install/romeona_interfaces/share/romeona_interfaces/cmake/romeona_interfacesConfig-version.cmake
[0.772s] -- Up-to-date symlink: /home/ronnakon/FRA333-KINEMATICS/fra333_lab4-main/install/romeona_interfaces/share/romeona_interfaces/package.xml
[0.773s] -- Up-to-date: /home/ronnakon/FRA333-KINEMATICS/fra333_lab4-main/install/romeona_interfaces/lib/libromeona_interfaces__rosidl_generator_c.so
[0.773s] -- Up-to-date: /home/ronnakon/FRA333-KINEMATICS/fra333_lab4-main/install/romeona_interfaces/lib/libromeona_interfaces__rosidl_typesupport_introspection_c.so
[0.774s] -- Up-to-date: /home/ronnakon/FRA333-KINEMATICS/fra333_lab4-main/install/romeona_interfaces/lib/libromeona_interfaces__rosidl_typesupport_c.so
[0.774s] -- Up-to-date: /home/ronnakon/FRA333-KINEMATICS/fra333_lab4-main/install/romeona_interfaces/lib/libromeona_interfaces__rosidl_typesupport_introspection_cpp.so
[0.775s] -- Up-to-date: /home/ronnakon/FRA333-KINEMATICS/fra333_lab4-main/install/romeona_interfaces/lib/libromeona_interfaces__rosidl_typesupport_cpp.so
[0.825s] -- Up-to-date: /home/ronnakon/FRA333-KINEMATICS/fra333_lab4-main/install/romeona_interfaces/share/romeona_interfaces/cmake/romeona_interfaces__rosidl_generator_cExport.cmake
[0.825s] -- Up-to-date: /home/ronnakon/FRA333-KINEMATICS/fra333_lab4-main/install/romeona_interfaces/share/romeona_interfaces/cmake/romeona_interfaces__rosidl_generator_cExport-noconfig.cmake
[0.826s] -- Up-to-date: /home/ronnakon/FRA333-KINEMATICS/fra333_lab4-main/install/romeona_interfaces/share/romeona_interfaces/cmake/romeona_interfaces__rosidl_typesupport_introspection_cExport.cmake
[0.826s] -- Up-to-date: /home/ronnakon/FRA333-KINEMATICS/fra333_lab4-main/install/romeona_interfaces/share/romeona_interfaces/cmake/romeona_interfaces__rosidl_typesupport_introspection_cExport-noconfig.cmake
[0.827s] -- Up-to-date: /home/ronnakon/FRA333-KINEMATICS/fra333_lab4-main/install/romeona_interfaces/share/romeona_interfaces/cmake/romeona_interfaces__rosidl_typesupport_cExport.cmake
[0.827s] -- Up-to-date: /home/ronnakon/FRA333-KINEMATICS/fra333_lab4-main/install/romeona_interfaces/share/romeona_interfaces/cmake/romeona_interfaces__rosidl_typesupport_cExport-noconfig.cmake
[0.827s] -- Up-to-date: /home/ronnakon/FRA333-KINEMATICS/fra333_lab4-main/install/romeona_interfaces/share/romeona_interfaces/cmake/romeona_interfaces__rosidl_generator_cppExport.cmake
[0.828s] -- Up-to-date: /home/ronnakon/FRA333-KINEMATICS/fra333_lab4-main/install/romeona_interfaces/share/romeona_interfaces/cmake/romeona_interfaces__rosidl_typesupport_introspection_cppExport.cmake
[0.828s] -- Up-to-date: /home/ronnakon/FRA333-KINEMATICS/fra333_lab4-main/install/romeona_interfaces/share/romeona_interfaces/cmake/romeona_interfaces__rosidl_typesupport_introspection_cppExport-noconfig.cmake
[0.829s] -- Up-to-date: /home/ronnakon/FRA333-KINEMATICS/fra333_lab4-main/install/romeona_interfaces/share/romeona_interfaces/cmake/romeona_interfaces__rosidl_typesupport_cppExport.cmake
[0.829s] -- Up-to-date: /home/ronnakon/FRA333-KINEMATICS/fra333_lab4-main/install/romeona_interfaces/share/romeona_interfaces/cmake/romeona_interfaces__rosidl_typesupport_cppExport-noconfig.cmake
[0.838s] Invoked command in '/home/ronnakon/FRA333-KINEMATICS/fra333_lab4-main/build/romeona_interfaces' returned '0': CMAKE_PREFIX_PATH=${CMAKE_PREFIX_PATH}:/opt/ros/foxy /usr/bin/cmake --install /home/ronnakon/FRA333-KINEMATICS/fra333_lab4-main/build/romeona_interfaces
