-- Found rosidl_default_generators: 1.0.1 (/opt/ros/foxy/share/rosidl_default_generators/cmake)
-- Found ament_cmake_core: 0.9.11 (/opt/ros/foxy/share/ament_cmake_core/cmake)
-- Using PYTHON_EXECUTABLE: /usr/bin/python3
-- Override CMake install command with custom implementation using symlinks instead of copying resources
-- Using all available rosidl_typesupport_c: rosidl_typesupport_fastrtps_c;rosidl_typesupport_introspection_c
-- Found rosidl_adapter: 1.3.0 (/opt/ros/foxy/share/rosidl_adapter/cmake)
-- Using all available rosidl_typesupport_cpp: rosidl_typesupport_fastrtps_cpp;rosidl_typesupport_introspection_cpp
-- Found geometry_msgs: 2.0.5 (/opt/ros/foxy/share/geometry_msgs/cmake)
-- Found rclcpp: 2.4.2 (/opt/ros/foxy/share/rclcpp/cmake)
-- Found rmw_implementation_cmake: 1.0.3 (/opt/ros/foxy/share/rmw_implementation_cmake/cmake)
-- Using RMW implementation 'rmw_fastrtps_cpp' as default
-- Found rclpy: 1.0.11 (/opt/ros/foxy/share/rclpy/cmake)
-- Configuring done
-- Generating done
-- Build files have been written to: /home/ronnakon/FRA333-KINEMATICS/fra333_lab4-main/build/romeona_control
-- Install configuration: ""
-- Execute custom install script
-- Up-to-date symlink: /home/ronnakon/FRA333-KINEMATICS/fra333_lab4-main/install/romeona_control/share/romeona_control/environment/pythonpath.sh
-- Up-to-date symlink: /home/ronnakon/FRA333-KINEMATICS/fra333_lab4-main/install/romeona_control/share/romeona_control/environment/pythonpath.dsv
-- Up-to-date symlink: /home/ronnakon/FRA333-KINEMATICS/fra333_lab4-main/install/romeona_control/lib/python3.8/site-packages/romeona_control/Jacobian.py
-- Up-to-date symlink: /home/ronnakon/FRA333-KINEMATICS/fra333_lab4-main/install/romeona_control/lib/python3.8/site-packages/romeona_control/__init__.py
-- Up-to-date symlink: /home/ronnakon/FRA333-KINEMATICS/fra333_lab4-main/install/romeona_control/lib/romeona_control/tracker.py
-- Up-to-date symlink: /home/ronnakon/FRA333-KINEMATICS/fra333_lab4-main/install/romeona_control/lib/romeona_control/generator.py
-- Up-to-date symlink: /home/ronnakon/FRA333-KINEMATICS/fra333_lab4-main/install/romeona_control/lib/romeona_control/scheduler.py
-- Up-to-date symlink: /home/ronnakon/FRA333-KINEMATICS/fra333_lab4-main/install/romeona_control/lib/romeona_control/proximity_detector.py
-- Up-to-date symlink: /home/ronnakon/FRA333-KINEMATICS/fra333_lab4-main/install/romeona_control/lib/romeona_control/marker.py
-- Symlinking: /home/ronnakon/FRA333-KINEMATICS/fra333_lab4-main/install/romeona_control/share/romeona_control/scripts/generator.py
-- Symlinking: /home/ronnakon/FRA333-KINEMATICS/fra333_lab4-main/install/romeona_control/share/romeona_control/scripts/marker.py
-- Symlinking: /home/ronnakon/FRA333-KINEMATICS/fra333_lab4-main/install/romeona_control/share/romeona_control/scripts/proximity_detector.py
-- Symlinking: /home/ronnakon/FRA333-KINEMATICS/fra333_lab4-main/install/romeona_control/share/romeona_control/scripts/scheduler.py
-- Symlinking: /home/ronnakon/FRA333-KINEMATICS/fra333_lab4-main/install/romeona_control/share/romeona_control/scripts/tracker.py
-- Symlinking: /home/ronnakon/FRA333-KINEMATICS/fra333_lab4-main/install/romeona_control/share/romeona_control/romeona_control/Jacobian.py
-- Symlinking: /home/ronnakon/FRA333-KINEMATICS/fra333_lab4-main/install/romeona_control/share/romeona_control/romeona_control/__init__.py
-- Symlinking: /home/ronnakon/FRA333-KINEMATICS/fra333_lab4-main/install/romeona_control/share/romeona_control/config/via_point.yaml
-- Symlinking: /home/ronnakon/FRA333-KINEMATICS/fra333_lab4-main/install/romeona_control/share/ament_index/resource_index/package_run_dependencies/romeona_control
-- Symlinking: /home/ronnakon/FRA333-KINEMATICS/fra333_lab4-main/install/romeona_control/share/ament_index/resource_index/parent_prefix_path/romeona_control
-- Symlinking: /home/ronnakon/FRA333-KINEMATICS/fra333_lab4-main/install/romeona_control/share/romeona_control/environment/ament_prefix_path.sh
-- Symlinking: /home/ronnakon/FRA333-KINEMATICS/fra333_lab4-main/install/romeona_control/share/romeona_control/environment/ament_prefix_path.dsv
-- Symlinking: /home/ronnakon/FRA333-KINEMATICS/fra333_lab4-main/install/romeona_control/share/romeona_control/environment/path.sh
-- Symlinking: /home/ronnakon/FRA333-KINEMATICS/fra333_lab4-main/install/romeona_control/share/romeona_control/environment/path.dsv
-- Symlinking: /home/ronnakon/FRA333-KINEMATICS/fra333_lab4-main/install/romeona_control/share/romeona_control/local_setup.bash
-- Symlinking: /home/ronnakon/FRA333-KINEMATICS/fra333_lab4-main/install/romeona_control/share/romeona_control/local_setup.sh
-- Symlinking: /home/ronnakon/FRA333-KINEMATICS/fra333_lab4-main/install/romeona_control/share/romeona_control/local_setup.zsh
-- Symlinking: /home/ronnakon/FRA333-KINEMATICS/fra333_lab4-main/install/romeona_control/share/romeona_control/local_setup.dsv
-- Symlinking: /home/ronnakon/FRA333-KINEMATICS/fra333_lab4-main/install/romeona_control/share/romeona_control/package.dsv
-- Symlinking: /home/ronnakon/FRA333-KINEMATICS/fra333_lab4-main/install/romeona_control/share/ament_index/resource_index/packages/romeona_control
-- Symlinking: /home/ronnakon/FRA333-KINEMATICS/fra333_lab4-main/install/romeona_control/share/romeona_control/cmake/romeona_controlConfig.cmake
-- Symlinking: /home/ronnakon/FRA333-KINEMATICS/fra333_lab4-main/install/romeona_control/share/romeona_control/cmake/romeona_controlConfig-version.cmake
-- Symlinking: /home/ronnakon/FRA333-KINEMATICS/fra333_lab4-main/install/romeona_control/share/romeona_control/package.xml
Listing '/home/ronnakon/FRA333-KINEMATICS/fra333_lab4-main/install/romeona_control/lib/python3.8/site-packages/romeona_control'...
Compiling '/home/ronnakon/FRA333-KINEMATICS/fra333_lab4-main/install/romeona_control/lib/python3.8/site-packages/romeona_control/Jacobian.py'...
Compiling '/home/ronnakon/FRA333-KINEMATICS/fra333_lab4-main/install/romeona_control/lib/python3.8/site-packages/romeona_control/__init__.py'...
