[  2%] Built target robot_interfaces__cpp
[ 12%] Built target robot_interfaces__rosidl_generator_c
[ 23%] Built target robot_interfaces__rosidl_typesupport_introspection_cpp
[ 33%] Built target robot_interfaces__rosidl_typesupport_fastrtps_cpp
[ 43%] Built target robot_interfaces__rosidl_typesupport_cpp
[ 53%] Built target robot_interfaces__rosidl_typesupport_c
[ 64%] Built target robot_interfaces__rosidl_typesupport_introspection_c
[ 74%] Built target robot_interfaces__rosidl_typesupport_fastrtps_c
[ 74%] Built target robot_interfaces
[ 76%] Built target robot_interfaces__py
[ 84%] Built target robot_interfaces__python
[ 89%] Built target robot_interfaces__rosidl_typesupport_introspection_c__pyext
[ 94%] Built target robot_interfaces__rosidl_typesupport_c__pyext
[100%] Built target robot_interfaces__rosidl_typesupport_fastrtps_c__pyext
-- Install configuration: ""
-- Execute custom install script
-- Up-to-date symlink: /home/ronnakon/FRA333-KINEMATICS/fra333_lab3-main/install/robot_interfaces/share/ament_index/resource_index/rosidl_interfaces/robot_interfaces
-- Up-to-date symlink: /home/ronnakon/FRA333-KINEMATICS/fra333_lab3-main/install/robot_interfaces/include/robot_interfaces/msg/rosidl_generator_c__visibility_control.h
-- Up-to-date symlink: /home/ronnakon/FRA333-KINEMATICS/fra333_lab3-main/install/robot_interfaces/include/robot_interfaces/srv/detail/set_goal__functions.h
-- Up-to-date symlink: /home/ronnakon/FRA333-KINEMATICS/fra333_lab3-main/install/robot_interfaces/include/robot_interfaces/srv/detail/set_goal__struct.h
-- Up-to-date symlink: /home/ronnakon/FRA333-KINEMATICS/fra333_lab3-main/install/robot_interfaces/include/robot_interfaces/srv/detail/set_goal__type_support.h
-- Up-to-date symlink: /home/ronnakon/FRA333-KINEMATICS/fra333_lab3-main/install/robot_interfaces/include/robot_interfaces/srv/detail/solve_ik__functions.h
-- Up-to-date symlink: /home/ronnakon/FRA333-KINEMATICS/fra333_lab3-main/install/robot_interfaces/include/robot_interfaces/srv/detail/solve_ik__struct.h
-- Up-to-date symlink: /home/ronnakon/FRA333-KINEMATICS/fra333_lab3-main/install/robot_interfaces/include/robot_interfaces/srv/detail/solve_ik__type_support.h
-- Up-to-date symlink: /home/ronnakon/FRA333-KINEMATICS/fra333_lab3-main/install/robot_interfaces/include/robot_interfaces/srv/set_goal.h
-- Up-to-date symlink: /home/ronnakon/FRA333-KINEMATICS/fra333_lab3-main/install/robot_interfaces/include/robot_interfaces/srv/solve_ik.h
-- Up-to-date symlink: /home/ronnakon/FRA333-KINEMATICS/fra333_lab3-main/install/robot_interfaces/share/robot_interfaces/environment/library_path.sh
-- Up-to-date symlink: /home/ronnakon/FRA333-KINEMATICS/fra333_lab3-main/install/robot_interfaces/share/robot_interfaces/environment/library_path.dsv
-- Up-to-date symlink: /home/ronnakon/FRA333-KINEMATICS/fra333_lab3-main/install/robot_interfaces/include/robot_interfaces/msg/rosidl_typesupport_fastrtps_c__visibility_control.h
-- Up-to-date symlink: /home/ronnakon/FRA333-KINEMATICS/fra333_lab3-main/install/robot_interfaces/include/robot_interfaces/srv/detail/set_goal__rosidl_typesupport_fastrtps_c.h
-- Up-to-date symlink: /home/ronnakon/FRA333-KINEMATICS/fra333_lab3-main/install/robot_interfaces/include/robot_interfaces/srv/detail/solve_ik__rosidl_typesupport_fastrtps_c.h
-- Up-to-date symlink: /home/ronnakon/FRA333-KINEMATICS/fra333_lab3-main/install/robot_interfaces/lib/librobot_interfaces__rosidl_typesupport_fastrtps_c.so
-- Up-to-date symlink: /home/ronnakon/FRA333-KINEMATICS/fra333_lab3-main/install/robot_interfaces/include/robot_interfaces/msg/rosidl_typesupport_fastrtps_cpp__visibility_control.h
-- Up-to-date symlink: /home/ronnakon/FRA333-KINEMATICS/fra333_lab3-main/install/robot_interfaces/include/robot_interfaces/srv/detail/set_goal__rosidl_typesupport_fastrtps_cpp.hpp
-- Up-to-date symlink: /home/ronnakon/FRA333-KINEMATICS/fra333_lab3-main/install/robot_interfaces/include/robot_interfaces/srv/detail/solve_ik__rosidl_typesupport_fastrtps_cpp.hpp
-- Up-to-date symlink: /home/ronnakon/FRA333-KINEMATICS/fra333_lab3-main/install/robot_interfaces/lib/librobot_interfaces__rosidl_typesupport_fastrtps_cpp.so
-- Up-to-date symlink: /home/ronnakon/FRA333-KINEMATICS/fra333_lab3-main/install/robot_interfaces/include/robot_interfaces/msg/rosidl_typesupport_introspection_c__visibility_control.h
-- Up-to-date symlink: /home/ronnakon/FRA333-KINEMATICS/fra333_lab3-main/install/robot_interfaces/include/robot_interfaces/srv/detail/set_goal__rosidl_typesupport_introspection_c.h
-- Up-to-date symlink: /home/ronnakon/FRA333-KINEMATICS/fra333_lab3-main/install/robot_interfaces/include/robot_interfaces/srv/detail/solve_ik__rosidl_typesupport_introspection_c.h
-- Up-to-date symlink: /home/ronnakon/FRA333-KINEMATICS/fra333_lab3-main/install/robot_interfaces/include/robot_interfaces/srv/detail/set_goal__builder.hpp
-- Up-to-date symlink: /home/ronnakon/FRA333-KINEMATICS/fra333_lab3-main/install/robot_interfaces/include/robot_interfaces/srv/detail/set_goal__struct.hpp
-- Up-to-date symlink: /home/ronnakon/FRA333-KINEMATICS/fra333_lab3-main/install/robot_interfaces/include/robot_interfaces/srv/detail/set_goal__traits.hpp
-- Up-to-date symlink: /home/ronnakon/FRA333-KINEMATICS/fra333_lab3-main/install/robot_interfaces/include/robot_interfaces/srv/detail/solve_ik__builder.hpp
-- Up-to-date symlink: /home/ronnakon/FRA333-KINEMATICS/fra333_lab3-main/install/robot_interfaces/include/robot_interfaces/srv/detail/solve_ik__struct.hpp
-- Up-to-date symlink: /home/ronnakon/FRA333-KINEMATICS/fra333_lab3-main/install/robot_interfaces/include/robot_interfaces/srv/detail/solve_ik__traits.hpp
-- Up-to-date symlink: /home/ronnakon/FRA333-KINEMATICS/fra333_lab3-main/install/robot_interfaces/include/robot_interfaces/srv/set_goal.hpp
-- Up-to-date symlink: /home/ronnakon/FRA333-KINEMATICS/fra333_lab3-main/install/robot_interfaces/include/robot_interfaces/srv/solve_ik.hpp
-- Up-to-date symlink: /home/ronnakon/FRA333-KINEMATICS/fra333_lab3-main/install/robot_interfaces/include/robot_interfaces/srv/detail/set_goal__rosidl_typesupport_introspection_cpp.hpp
-- Up-to-date symlink: /home/ronnakon/FRA333-KINEMATICS/fra333_lab3-main/install/robot_interfaces/include/robot_interfaces/srv/detail/solve_ik__rosidl_typesupport_introspection_cpp.hpp
-- Up-to-date symlink: /home/ronnakon/FRA333-KINEMATICS/fra333_lab3-main/install/robot_interfaces/share/robot_interfaces/environment/pythonpath.sh
-- Up-to-date symlink: /home/ronnakon/FRA333-KINEMATICS/fra333_lab3-main/install/robot_interfaces/share/robot_interfaces/environment/pythonpath.dsv
-- Up-to-date symlink: /home/ronnakon/FRA333-KINEMATICS/fra333_lab3-main/install/robot_interfaces/lib/python3.8/site-packages/robot_interfaces/__init__.py
-- Up-to-date symlink: /home/ronnakon/FRA333-KINEMATICS/fra333_lab3-main/install/robot_interfaces/lib/python3.8/site-packages/robot_interfaces/srv/__init__.py
-- Up-to-date symlink: /home/ronnakon/FRA333-KINEMATICS/fra333_lab3-main/install/robot_interfaces/lib/python3.8/site-packages/robot_interfaces/srv/_set_goal.py
-- Up-to-date symlink: /home/ronnakon/FRA333-KINEMATICS/fra333_lab3-main/install/robot_interfaces/lib/python3.8/site-packages/robot_interfaces/srv/_solve_ik.py
-- Up-to-date symlink: /home/ronnakon/FRA333-KINEMATICS/fra333_lab3-main/install/robot_interfaces/lib/python3.8/site-packages/robot_interfaces/robot_interfaces_s__rosidl_typesupport_fastrtps_c.cpython-38-x86_64-linux-gnu.so
-- Up-to-date symlink: /home/ronnakon/FRA333-KINEMATICS/fra333_lab3-main/install/robot_interfaces/lib/python3.8/site-packages/robot_interfaces/robot_interfaces_s__rosidl_typesupport_introspection_c.cpython-38-x86_64-linux-gnu.so
-- Up-to-date symlink: /home/ronnakon/FRA333-KINEMATICS/fra333_lab3-main/install/robot_interfaces/lib/python3.8/site-packages/robot_interfaces/robot_interfaces_s__rosidl_typesupport_c.cpython-38-x86_64-linux-gnu.so
-- Up-to-date symlink: /home/ronnakon/FRA333-KINEMATICS/fra333_lab3-main/install/robot_interfaces/lib/librobot_interfaces__python.so
-- Up-to-date symlink: /home/ronnakon/FRA333-KINEMATICS/fra333_lab3-main/install/robot_interfaces/share/robot_interfaces/srv/SetGoal.idl
-- Up-to-date symlink: /home/ronnakon/FRA333-KINEMATICS/fra333_lab3-main/install/robot_interfaces/share/robot_interfaces/srv/SolveIK.idl
-- Up-to-date symlink: /home/ronnakon/FRA333-KINEMATICS/fra333_lab3-main/install/robot_interfaces/share/robot_interfaces/srv/SetGoal.srv
-- Up-to-date symlink: /home/ronnakon/FRA333-KINEMATICS/fra333_lab3-main/install/robot_interfaces/share/robot_interfaces/srv/SetGoal_Request.msg
-- Up-to-date symlink: /home/ronnakon/FRA333-KINEMATICS/fra333_lab3-main/install/robot_interfaces/share/robot_interfaces/srv/SetGoal_Response.msg
-- Up-to-date symlink: /home/ronnakon/FRA333-KINEMATICS/fra333_lab3-main/install/robot_interfaces/share/robot_interfaces/srv/SolveIK.srv
-- Up-to-date symlink: /home/ronnakon/FRA333-KINEMATICS/fra333_lab3-main/install/robot_interfaces/share/robot_interfaces/srv/SolveIK_Request.msg
-- Up-to-date symlink: /home/ronnakon/FRA333-KINEMATICS/fra333_lab3-main/install/robot_interfaces/share/robot_interfaces/srv/SolveIK_Response.msg
-- Up-to-date symlink: /home/ronnakon/FRA333-KINEMATICS/fra333_lab3-main/install/robot_interfaces/share/ament_index/resource_index/package_run_dependencies/robot_interfaces
-- Up-to-date symlink: /home/ronnakon/FRA333-KINEMATICS/fra333_lab3-main/install/robot_interfaces/share/ament_index/resource_index/parent_prefix_path/robot_interfaces
-- Up-to-date symlink: /home/ronnakon/FRA333-KINEMATICS/fra333_lab3-main/install/robot_interfaces/share/robot_interfaces/environment/ament_prefix_path.sh
-- Up-to-date symlink: /home/ronnakon/FRA333-KINEMATICS/fra333_lab3-main/install/robot_interfaces/share/robot_interfaces/environment/ament_prefix_path.dsv
-- Up-to-date symlink: /home/ronnakon/FRA333-KINEMATICS/fra333_lab3-main/install/robot_interfaces/share/robot_interfaces/environment/path.sh
-- Up-to-date symlink: /home/ronnakon/FRA333-KINEMATICS/fra333_lab3-main/install/robot_interfaces/share/robot_interfaces/environment/path.dsv
-- Up-to-date symlink: /home/ronnakon/FRA333-KINEMATICS/fra333_lab3-main/install/robot_interfaces/share/robot_interfaces/local_setup.bash
-- Up-to-date symlink: /home/ronnakon/FRA333-KINEMATICS/fra333_lab3-main/install/robot_interfaces/share/robot_interfaces/local_setup.sh
-- Up-to-date symlink: /home/ronnakon/FRA333-KINEMATICS/fra333_lab3-main/install/robot_interfaces/share/robot_interfaces/local_setup.zsh
-- Up-to-date symlink: /home/ronnakon/FRA333-KINEMATICS/fra333_lab3-main/install/robot_interfaces/share/robot_interfaces/local_setup.dsv
-- Symlinking: /home/ronnakon/FRA333-KINEMATICS/fra333_lab3-main/install/robot_interfaces/share/robot_interfaces/package.dsv
-- Up-to-date symlink: /home/ronnakon/FRA333-KINEMATICS/fra333_lab3-main/install/robot_interfaces/share/ament_index/resource_index/packages/robot_interfaces
-- Up-to-date symlink: /home/ronnakon/FRA333-KINEMATICS/fra333_lab3-main/install/robot_interfaces/share/robot_interfaces/cmake/rosidl_cmake-extras.cmake
-- Up-to-date symlink: /home/ronnakon/FRA333-KINEMATICS/fra333_lab3-main/install/robot_interfaces/share/robot_interfaces/cmake/ament_cmake_export_dependencies-extras.cmake
-- Up-to-date symlink: /home/ronnakon/FRA333-KINEMATICS/fra333_lab3-main/install/robot_interfaces/share/robot_interfaces/cmake/ament_cmake_export_libraries-extras.cmake
-- Up-to-date symlink: /home/ronnakon/FRA333-KINEMATICS/fra333_lab3-main/install/robot_interfaces/share/robot_interfaces/cmake/ament_cmake_export_targets-extras.cmake
-- Up-to-date symlink: /home/ronnakon/FRA333-KINEMATICS/fra333_lab3-main/install/robot_interfaces/share/robot_interfaces/cmake/ament_cmake_export_include_directories-extras.cmake
-- Up-to-date symlink: /home/ronnakon/FRA333-KINEMATICS/fra333_lab3-main/install/robot_interfaces/share/robot_interfaces/cmake/rosidl_cmake_export_typesupport_libraries-extras.cmake
-- Up-to-date symlink: /home/ronnakon/FRA333-KINEMATICS/fra333_lab3-main/install/robot_interfaces/share/robot_interfaces/cmake/rosidl_cmake_export_typesupport_targets-extras.cmake
-- Up-to-date symlink: /home/ronnakon/FRA333-KINEMATICS/fra333_lab3-main/install/robot_interfaces/share/robot_interfaces/cmake/robot_interfacesConfig.cmake
-- Up-to-date symlink: /home/ronnakon/FRA333-KINEMATICS/fra333_lab3-main/install/robot_interfaces/share/robot_interfaces/cmake/robot_interfacesConfig-version.cmake
-- Up-to-date symlink: /home/ronnakon/FRA333-KINEMATICS/fra333_lab3-main/install/robot_interfaces/share/robot_interfaces/package.xml
-- Up-to-date: /home/ronnakon/FRA333-KINEMATICS/fra333_lab3-main/install/robot_interfaces/lib/librobot_interfaces__rosidl_generator_c.so
-- Up-to-date: /home/ronnakon/FRA333-KINEMATICS/fra333_lab3-main/install/robot_interfaces/lib/librobot_interfaces__rosidl_typesupport_introspection_c.so
-- Up-to-date: /home/ronnakon/FRA333-KINEMATICS/fra333_lab3-main/install/robot_interfaces/lib/librobot_interfaces__rosidl_typesupport_c.so
-- Up-to-date: /home/ronnakon/FRA333-KINEMATICS/fra333_lab3-main/install/robot_interfaces/lib/librobot_interfaces__rosidl_typesupport_introspection_cpp.so
-- Up-to-date: /home/ronnakon/FRA333-KINEMATICS/fra333_lab3-main/install/robot_interfaces/lib/librobot_interfaces__rosidl_typesupport_cpp.so
-- Up-to-date: /home/ronnakon/FRA333-KINEMATICS/fra333_lab3-main/install/robot_interfaces/share/robot_interfaces/cmake/robot_interfaces__rosidl_generator_cExport.cmake
-- Up-to-date: /home/ronnakon/FRA333-KINEMATICS/fra333_lab3-main/install/robot_interfaces/share/robot_interfaces/cmake/robot_interfaces__rosidl_generator_cExport-noconfig.cmake
-- Up-to-date: /home/ronnakon/FRA333-KINEMATICS/fra333_lab3-main/install/robot_interfaces/share/robot_interfaces/cmake/robot_interfaces__rosidl_typesupport_introspection_cExport.cmake
-- Up-to-date: /home/ronnakon/FRA333-KINEMATICS/fra333_lab3-main/install/robot_interfaces/share/robot_interfaces/cmake/robot_interfaces__rosidl_typesupport_introspection_cExport-noconfig.cmake
-- Up-to-date: /home/ronnakon/FRA333-KINEMATICS/fra333_lab3-main/install/robot_interfaces/share/robot_interfaces/cmake/robot_interfaces__rosidl_typesupport_cExport.cmake
-- Up-to-date: /home/ronnakon/FRA333-KINEMATICS/fra333_lab3-main/install/robot_interfaces/share/robot_interfaces/cmake/robot_interfaces__rosidl_typesupport_cExport-noconfig.cmake
-- Up-to-date: /home/ronnakon/FRA333-KINEMATICS/fra333_lab3-main/install/robot_interfaces/share/robot_interfaces/cmake/robot_interfaces__rosidl_generator_cppExport.cmake
-- Up-to-date: /home/ronnakon/FRA333-KINEMATICS/fra333_lab3-main/install/robot_interfaces/share/robot_interfaces/cmake/robot_interfaces__rosidl_typesupport_introspection_cppExport.cmake
-- Up-to-date: /home/ronnakon/FRA333-KINEMATICS/fra333_lab3-main/install/robot_interfaces/share/robot_interfaces/cmake/robot_interfaces__rosidl_typesupport_introspection_cppExport-noconfig.cmake
-- Up-to-date: /home/ronnakon/FRA333-KINEMATICS/fra333_lab3-main/install/robot_interfaces/share/robot_interfaces/cmake/robot_interfaces__rosidl_typesupport_cppExport.cmake
-- Up-to-date: /home/ronnakon/FRA333-KINEMATICS/fra333_lab3-main/install/robot_interfaces/share/robot_interfaces/cmake/robot_interfaces__rosidl_typesupport_cppExport-noconfig.cmake
