[0.050s] Invoking command in '/home/ronnakon/FRA333-KINEMATICS/fra333_lab3-main/build/robot_interfaces': CMAKE_PREFIX_PATH=${CMAKE_PREFIX_PATH}:/opt/ros/foxy /usr/bin/cmake --build /home/ronnakon/FRA333-KINEMATICS/fra333_lab3-main/build/robot_interfaces -- -j4 -l4
[0.140s] [  2%] Built target robot_interfaces__cpp
[0.160s] [ 12%] Built target robot_interfaces__rosidl_generator_c
[0.193s] [ 23%] Built target robot_interfaces__rosidl_typesupport_introspection_cpp
[0.214s] [ 33%] Built target robot_interfaces__rosidl_typesupport_fastrtps_cpp
[0.218s] [ 43%] Built target robot_interfaces__rosidl_typesupport_cpp
[0.228s] [ 53%] Built target robot_interfaces__rosidl_typesupport_c
[0.246s] [ 64%] Built target robot_interfaces__rosidl_typesupport_introspection_c
[0.272s] [ 74%] Built target robot_interfaces__rosidl_typesupport_fastrtps_c
[0.306s] [ 74%] Built target robot_interfaces
[0.344s] [ 76%] Built target robot_interfaces__py
[0.401s] [ 84%] Built target robot_interfaces__python
[0.474s] [ 89%] Built target robot_interfaces__rosidl_typesupport_introspection_c__pyext
[0.489s] [ 94%] Built target robot_interfaces__rosidl_typesupport_c__pyext
[0.512s] [100%] Built target robot_interfaces__rosidl_typesupport_fastrtps_c__pyext
[0.537s] Invoked command in '/home/ronnakon/FRA333-KINEMATICS/fra333_lab3-main/build/robot_interfaces' returned '0': CMAKE_PREFIX_PATH=${CMAKE_PREFIX_PATH}:/opt/ros/foxy /usr/bin/cmake --build /home/ronnakon/FRA333-KINEMATICS/fra333_lab3-main/build/robot_interfaces -- -j4 -l4
[0.690s] Invoking command in '/home/ronnakon/FRA333-KINEMATICS/fra333_lab3-main/build/robot_interfaces': CMAKE_PREFIX_PATH=${CMAKE_PREFIX_PATH}:/opt/ros/foxy /usr/bin/cmake --install /home/ronnakon/FRA333-KINEMATICS/fra333_lab3-main/build/robot_interfaces
[0.707s] -- Install configuration: ""
[0.707s] -- Execute custom install script
[0.708s] -- Up-to-date symlink: /home/ronnakon/FRA333-KINEMATICS/fra333_lab3-main/install/robot_interfaces/share/ament_index/resource_index/rosidl_interfaces/robot_interfaces
[0.708s] -- Up-to-date symlink: /home/ronnakon/FRA333-KINEMATICS/fra333_lab3-main/install/robot_interfaces/include/robot_interfaces/msg/rosidl_generator_c__visibility_control.h
[0.709s] -- Up-to-date symlink: /home/ronnakon/FRA333-KINEMATICS/fra333_lab3-main/install/robot_interfaces/include/robot_interfaces/srv/detail/set_goal__functions.h
[0.709s] -- Up-to-date symlink: /home/ronnakon/FRA333-KINEMATICS/fra333_lab3-main/install/robot_interfaces/include/robot_interfaces/srv/detail/set_goal__struct.h
[0.709s] -- Up-to-date symlink: /home/ronnakon/FRA333-KINEMATICS/fra333_lab3-main/install/robot_interfaces/include/robot_interfaces/srv/detail/set_goal__type_support.h
[0.710s] -- Up-to-date symlink: /home/ronnakon/FRA333-KINEMATICS/fra333_lab3-main/install/robot_interfaces/include/robot_interfaces/srv/detail/solve_ik__functions.h
[0.710s] -- Up-to-date symlink: /home/ronnakon/FRA333-KINEMATICS/fra333_lab3-main/install/robot_interfaces/include/robot_interfaces/srv/detail/solve_ik__struct.h
[0.710s] -- Up-to-date symlink: /home/ronnakon/FRA333-KINEMATICS/fra333_lab3-main/install/robot_interfaces/include/robot_interfaces/srv/detail/solve_ik__type_support.h
[0.711s] -- Up-to-date symlink: /home/ronnakon/FRA333-KINEMATICS/fra333_lab3-main/install/robot_interfaces/include/robot_interfaces/srv/set_goal.h
[0.711s] -- Up-to-date symlink: /home/ronnakon/FRA333-KINEMATICS/fra333_lab3-main/install/robot_interfaces/include/robot_interfaces/srv/solve_ik.h
[0.711s] -- Up-to-date symlink: /home/ronnakon/FRA333-KINEMATICS/fra333_lab3-main/install/robot_interfaces/share/robot_interfaces/environment/library_path.sh
[0.712s] -- Up-to-date symlink: /home/ronnakon/FRA333-KINEMATICS/fra333_lab3-main/install/robot_interfaces/share/robot_interfaces/environment/library_path.dsv
[0.712s] -- Up-to-date symlink: /home/ronnakon/FRA333-KINEMATICS/fra333_lab3-main/install/robot_interfaces/include/robot_interfaces/msg/rosidl_typesupport_fastrtps_c__visibility_control.h
[0.712s] -- Up-to-date symlink: /home/ronnakon/FRA333-KINEMATICS/fra333_lab3-main/install/robot_interfaces/include/robot_interfaces/srv/detail/set_goal__rosidl_typesupport_fastrtps_c.h
[0.713s] -- Up-to-date symlink: /home/ronnakon/FRA333-KINEMATICS/fra333_lab3-main/install/robot_interfaces/include/robot_interfaces/srv/detail/solve_ik__rosidl_typesupport_fastrtps_c.h
[0.713s] -- Up-to-date symlink: /home/ronnakon/FRA333-KINEMATICS/fra333_lab3-main/install/robot_interfaces/lib/librobot_interfaces__rosidl_typesupport_fastrtps_c.so
[0.714s] -- Up-to-date symlink: /home/ronnakon/FRA333-KINEMATICS/fra333_lab3-main/install/robot_interfaces/include/robot_interfaces/msg/rosidl_typesupport_fastrtps_cpp__visibility_control.h
[0.714s] -- Up-to-date symlink: /home/ronnakon/FRA333-KINEMATICS/fra333_lab3-main/install/robot_interfaces/include/robot_interfaces/srv/detail/set_goal__rosidl_typesupport_fastrtps_cpp.hpp
[0.715s] -- Up-to-date symlink: /home/ronnakon/FRA333-KINEMATICS/fra333_lab3-main/install/robot_interfaces/include/robot_interfaces/srv/detail/solve_ik__rosidl_typesupport_fastrtps_cpp.hpp
[0.715s] -- Up-to-date symlink: /home/ronnakon/FRA333-KINEMATICS/fra333_lab3-main/install/robot_interfaces/lib/librobot_interfaces__rosidl_typesupport_fastrtps_cpp.so
[0.716s] -- Up-to-date symlink: /home/ronnakon/FRA333-KINEMATICS/fra333_lab3-main/install/robot_interfaces/include/robot_interfaces/msg/rosidl_typesupport_introspection_c__visibility_control.h
[0.716s] -- Up-to-date symlink: /home/ronnakon/FRA333-KINEMATICS/fra333_lab3-main/install/robot_interfaces/include/robot_interfaces/srv/detail/set_goal__rosidl_typesupport_introspection_c.h
[0.716s] -- Up-to-date symlink: /home/ronnakon/FRA333-KINEMATICS/fra333_lab3-main/install/robot_interfaces/include/robot_interfaces/srv/detail/solve_ik__rosidl_typesupport_introspection_c.h
[0.717s] -- Up-to-date symlink: /home/ronnakon/FRA333-KINEMATICS/fra333_lab3-main/install/robot_interfaces/include/robot_interfaces/srv/detail/set_goal__builder.hpp
[0.717s] -- Up-to-date symlink: /home/ronnakon/FRA333-KINEMATICS/fra333_lab3-main/install/robot_interfaces/include/robot_interfaces/srv/detail/set_goal__struct.hpp
[0.717s] -- Up-to-date symlink: /home/ronnakon/FRA333-KINEMATICS/fra333_lab3-main/install/robot_interfaces/include/robot_interfaces/srv/detail/set_goal__traits.hpp
[0.718s] -- Up-to-date symlink: /home/ronnakon/FRA333-KINEMATICS/fra333_lab3-main/install/robot_interfaces/include/robot_interfaces/srv/detail/solve_ik__builder.hpp
[0.718s] -- Up-to-date symlink: /home/ronnakon/FRA333-KINEMATICS/fra333_lab3-main/install/robot_interfaces/include/robot_interfaces/srv/detail/solve_ik__struct.hpp
[0.718s] -- Up-to-date symlink: /home/ronnakon/FRA333-KINEMATICS/fra333_lab3-main/install/robot_interfaces/include/robot_interfaces/srv/detail/solve_ik__traits.hpp
[0.718s] -- Up-to-date symlink: /home/ronnakon/FRA333-KINEMATICS/fra333_lab3-main/install/robot_interfaces/include/robot_interfaces/srv/set_goal.hpp
[0.718s] -- Up-to-date symlink: /home/ronnakon/FRA333-KINEMATICS/fra333_lab3-main/install/robot_interfaces/include/robot_interfaces/srv/solve_ik.hpp
[0.719s] -- Up-to-date symlink: /home/ronnakon/FRA333-KINEMATICS/fra333_lab3-main/install/robot_interfaces/include/robot_interfaces/srv/detail/set_goal__rosidl_typesupport_introspection_cpp.hpp
[0.719s] -- Up-to-date symlink: /home/ronnakon/FRA333-KINEMATICS/fra333_lab3-main/install/robot_interfaces/include/robot_interfaces/srv/detail/solve_ik__rosidl_typesupport_introspection_cpp.hpp
[0.719s] -- Up-to-date symlink: /home/ronnakon/FRA333-KINEMATICS/fra333_lab3-main/install/robot_interfaces/share/robot_interfaces/environment/pythonpath.sh
[0.720s] -- Up-to-date symlink: /home/ronnakon/FRA333-KINEMATICS/fra333_lab3-main/install/robot_interfaces/share/robot_interfaces/environment/pythonpath.dsv
[0.720s] -- Up-to-date symlink: /home/ronnakon/FRA333-KINEMATICS/fra333_lab3-main/install/robot_interfaces/lib/python3.8/site-packages/robot_interfaces/__init__.py
[0.720s] -- Up-to-date symlink: /home/ronnakon/FRA333-KINEMATICS/fra333_lab3-main/install/robot_interfaces/lib/python3.8/site-packages/robot_interfaces/srv/__init__.py
[0.721s] -- Up-to-date symlink: /home/ronnakon/FRA333-KINEMATICS/fra333_lab3-main/install/robot_interfaces/lib/python3.8/site-packages/robot_interfaces/srv/_set_goal.py
[0.721s] -- Up-to-date symlink: /home/ronnakon/FRA333-KINEMATICS/fra333_lab3-main/install/robot_interfaces/lib/python3.8/site-packages/robot_interfaces/srv/_solve_ik.py
[0.721s] -- Up-to-date symlink: /home/ronnakon/FRA333-KINEMATICS/fra333_lab3-main/install/robot_interfaces/lib/python3.8/site-packages/robot_interfaces/robot_interfaces_s__rosidl_typesupport_fastrtps_c.cpython-38-x86_64-linux-gnu.so
[0.722s] -- Up-to-date symlink: /home/ronnakon/FRA333-KINEMATICS/fra333_lab3-main/install/robot_interfaces/lib/python3.8/site-packages/robot_interfaces/robot_interfaces_s__rosidl_typesupport_introspection_c.cpython-38-x86_64-linux-gnu.so
[0.722s] -- Up-to-date symlink: /home/ronnakon/FRA333-KINEMATICS/fra333_lab3-main/install/robot_interfaces/lib/python3.8/site-packages/robot_interfaces/robot_interfaces_s__rosidl_typesupport_c.cpython-38-x86_64-linux-gnu.so
[0.723s] -- Up-to-date symlink: /home/ronnakon/FRA333-KINEMATICS/fra333_lab3-main/install/robot_interfaces/lib/librobot_interfaces__python.so
[0.723s] -- Up-to-date symlink: /home/ronnakon/FRA333-KINEMATICS/fra333_lab3-main/install/robot_interfaces/share/robot_interfaces/srv/SetGoal.idl
[0.724s] -- Up-to-date symlink: /home/ronnakon/FRA333-KINEMATICS/fra333_lab3-main/install/robot_interfaces/share/robot_interfaces/srv/SolveIK.idl
[0.724s] -- Up-to-date symlink: /home/ronnakon/FRA333-KINEMATICS/fra333_lab3-main/install/robot_interfaces/share/robot_interfaces/srv/SetGoal.srv
[0.724s] -- Up-to-date symlink: /home/ronnakon/FRA333-KINEMATICS/fra333_lab3-main/install/robot_interfaces/share/robot_interfaces/srv/SetGoal_Request.msg
[0.725s] -- Up-to-date symlink: /home/ronnakon/FRA333-KINEMATICS/fra333_lab3-main/install/robot_interfaces/share/robot_interfaces/srv/SetGoal_Response.msg
[0.725s] -- Up-to-date symlink: /home/ronnakon/FRA333-KINEMATICS/fra333_lab3-main/install/robot_interfaces/share/robot_interfaces/srv/SolveIK.srv
[0.726s] -- Up-to-date symlink: /home/ronnakon/FRA333-KINEMATICS/fra333_lab3-main/install/robot_interfaces/share/robot_interfaces/srv/SolveIK_Request.msg
[0.726s] -- Up-to-date symlink: /home/ronnakon/FRA333-KINEMATICS/fra333_lab3-main/install/robot_interfaces/share/robot_interfaces/srv/SolveIK_Response.msg
[0.726s] -- Up-to-date symlink: /home/ronnakon/FRA333-KINEMATICS/fra333_lab3-main/install/robot_interfaces/share/ament_index/resource_index/package_run_dependencies/robot_interfaces
[0.727s] -- Up-to-date symlink: /home/ronnakon/FRA333-KINEMATICS/fra333_lab3-main/install/robot_interfaces/share/ament_index/resource_index/parent_prefix_path/robot_interfaces
[0.727s] -- Up-to-date symlink: /home/ronnakon/FRA333-KINEMATICS/fra333_lab3-main/install/robot_interfaces/share/robot_interfaces/environment/ament_prefix_path.sh
[0.727s] -- Up-to-date symlink: /home/ronnakon/FRA333-KINEMATICS/fra333_lab3-main/install/robot_interfaces/share/robot_interfaces/environment/ament_prefix_path.dsv
[0.728s] -- Up-to-date symlink: /home/ronnakon/FRA333-KINEMATICS/fra333_lab3-main/install/robot_interfaces/share/robot_interfaces/environment/path.sh
[0.728s] -- Up-to-date symlink: /home/ronnakon/FRA333-KINEMATICS/fra333_lab3-main/install/robot_interfaces/share/robot_interfaces/environment/path.dsv
[0.728s] -- Up-to-date symlink: /home/ronnakon/FRA333-KINEMATICS/fra333_lab3-main/install/robot_interfaces/share/robot_interfaces/local_setup.bash
[0.729s] -- Up-to-date symlink: /home/ronnakon/FRA333-KINEMATICS/fra333_lab3-main/install/robot_interfaces/share/robot_interfaces/local_setup.sh
[0.729s] -- Up-to-date symlink: /home/ronnakon/FRA333-KINEMATICS/fra333_lab3-main/install/robot_interfaces/share/robot_interfaces/local_setup.zsh
[0.729s] -- Up-to-date symlink: /home/ronnakon/FRA333-KINEMATICS/fra333_lab3-main/install/robot_interfaces/share/robot_interfaces/local_setup.dsv
[0.730s] -- Symlinking: /home/ronnakon/FRA333-KINEMATICS/fra333_lab3-main/install/robot_interfaces/share/robot_interfaces/package.dsv
[0.751s] -- Up-to-date symlink: /home/ronnakon/FRA333-KINEMATICS/fra333_lab3-main/install/robot_interfaces/share/ament_index/resource_index/packages/robot_interfaces
[0.751s] -- Up-to-date symlink: /home/ronnakon/FRA333-KINEMATICS/fra333_lab3-main/install/robot_interfaces/share/robot_interfaces/cmake/rosidl_cmake-extras.cmake
[0.752s] -- Up-to-date symlink: /home/ronnakon/FRA333-KINEMATICS/fra333_lab3-main/install/robot_interfaces/share/robot_interfaces/cmake/ament_cmake_export_dependencies-extras.cmake
[0.753s] -- Up-to-date symlink: /home/ronnakon/FRA333-KINEMATICS/fra333_lab3-main/install/robot_interfaces/share/robot_interfaces/cmake/ament_cmake_export_libraries-extras.cmake
[0.753s] -- Up-to-date symlink: /home/ronnakon/FRA333-KINEMATICS/fra333_lab3-main/install/robot_interfaces/share/robot_interfaces/cmake/ament_cmake_export_targets-extras.cmake
[0.754s] -- Up-to-date symlink: /home/ronnakon/FRA333-KINEMATICS/fra333_lab3-main/install/robot_interfaces/share/robot_interfaces/cmake/ament_cmake_export_include_directories-extras.cmake
[0.755s] -- Up-to-date symlink: /home/ronnakon/FRA333-KINEMATICS/fra333_lab3-main/install/robot_interfaces/share/robot_interfaces/cmake/rosidl_cmake_export_typesupport_libraries-extras.cmake
[0.756s] -- Up-to-date symlink: /home/ronnakon/FRA333-KINEMATICS/fra333_lab3-main/install/robot_interfaces/share/robot_interfaces/cmake/rosidl_cmake_export_typesupport_targets-extras.cmake
[0.757s] -- Up-to-date symlink: /home/ronnakon/FRA333-KINEMATICS/fra333_lab3-main/install/robot_interfaces/share/robot_interfaces/cmake/robot_interfacesConfig.cmake
[0.757s] -- Up-to-date symlink: /home/ronnakon/FRA333-KINEMATICS/fra333_lab3-main/install/robot_interfaces/share/robot_interfaces/cmake/robot_interfacesConfig-version.cmake
[0.758s] -- Up-to-date symlink: /home/ronnakon/FRA333-KINEMATICS/fra333_lab3-main/install/robot_interfaces/share/robot_interfaces/package.xml
[0.759s] -- Up-to-date: /home/ronnakon/FRA333-KINEMATICS/fra333_lab3-main/install/robot_interfaces/lib/librobot_interfaces__rosidl_generator_c.so
[0.760s] -- Up-to-date: /home/ronnakon/FRA333-KINEMATICS/fra333_lab3-main/install/robot_interfaces/lib/librobot_interfaces__rosidl_typesupport_introspection_c.so
[0.761s] -- Up-to-date: /home/ronnakon/FRA333-KINEMATICS/fra333_lab3-main/install/robot_interfaces/lib/librobot_interfaces__rosidl_typesupport_c.so
[0.762s] -- Up-to-date: /home/ronnakon/FRA333-KINEMATICS/fra333_lab3-main/install/robot_interfaces/lib/librobot_interfaces__rosidl_typesupport_introspection_cpp.so
[0.762s] -- Up-to-date: /home/ronnakon/FRA333-KINEMATICS/fra333_lab3-main/install/robot_interfaces/lib/librobot_interfaces__rosidl_typesupport_cpp.so
[0.812s] -- Up-to-date: /home/ronnakon/FRA333-KINEMATICS/fra333_lab3-main/install/robot_interfaces/share/robot_interfaces/cmake/robot_interfaces__rosidl_generator_cExport.cmake
[0.812s] -- Up-to-date: /home/ronnakon/FRA333-KINEMATICS/fra333_lab3-main/install/robot_interfaces/share/robot_interfaces/cmake/robot_interfaces__rosidl_generator_cExport-noconfig.cmake
[0.813s] -- Up-to-date: /home/ronnakon/FRA333-KINEMATICS/fra333_lab3-main/install/robot_interfaces/share/robot_interfaces/cmake/robot_interfaces__rosidl_typesupport_introspection_cExport.cmake
[0.813s] -- Up-to-date: /home/ronnakon/FRA333-KINEMATICS/fra333_lab3-main/install/robot_interfaces/share/robot_interfaces/cmake/robot_interfaces__rosidl_typesupport_introspection_cExport-noconfig.cmake
[0.813s] -- Up-to-date: /home/ronnakon/FRA333-KINEMATICS/fra333_lab3-main/install/robot_interfaces/share/robot_interfaces/cmake/robot_interfaces__rosidl_typesupport_cExport.cmake
[0.814s] -- Up-to-date: /home/ronnakon/FRA333-KINEMATICS/fra333_lab3-main/install/robot_interfaces/share/robot_interfaces/cmake/robot_interfaces__rosidl_typesupport_cExport-noconfig.cmake
[0.814s] -- Up-to-date: /home/ronnakon/FRA333-KINEMATICS/fra333_lab3-main/install/robot_interfaces/share/robot_interfaces/cmake/robot_interfaces__rosidl_generator_cppExport.cmake
[0.814s] -- Up-to-date: /home/ronnakon/FRA333-KINEMATICS/fra333_lab3-main/install/robot_interfaces/share/robot_interfaces/cmake/robot_interfaces__rosidl_typesupport_introspection_cppExport.cmake
[0.814s] -- Up-to-date: /home/ronnakon/FRA333-KINEMATICS/fra333_lab3-main/install/robot_interfaces/share/robot_interfaces/cmake/robot_interfaces__rosidl_typesupport_introspection_cppExport-noconfig.cmake
[0.815s] -- Up-to-date: /home/ronnakon/FRA333-KINEMATICS/fra333_lab3-main/install/robot_interfaces/share/robot_interfaces/cmake/robot_interfaces__rosidl_typesupport_cppExport.cmake
[0.815s] -- Up-to-date: /home/ronnakon/FRA333-KINEMATICS/fra333_lab3-main/install/robot_interfaces/share/robot_interfaces/cmake/robot_interfaces__rosidl_typesupport_cppExport-noconfig.cmake
[0.820s] Invoked command in '/home/ronnakon/FRA333-KINEMATICS/fra333_lab3-main/build/robot_interfaces' returned '0': CMAKE_PREFIX_PATH=${CMAKE_PREFIX_PATH}:/opt/ros/foxy /usr/bin/cmake --install /home/ronnakon/FRA333-KINEMATICS/fra333_lab3-main/build/robot_interfaces
