-- The C compiler identification is GNU 9.4.0
-- The CXX compiler identification is GNU 9.4.0
-- Check for working C compiler: /usr/bin/cc
-- Check for working C compiler: /usr/bin/cc -- works
-- Detecting C compiler ABI info
-- Detecting C compiler ABI info - done
-- Detecting C compile features
-- Detecting C compile features - done
-- Check for working CXX compiler: /usr/bin/c++
-- Check for working CXX compiler: /usr/bin/c++ -- works
-- Detecting CXX compiler ABI info
-- Detecting CXX compiler ABI info - done
-- Detecting CXX compile features
-- Detecting CXX compile features - done
-- Found rosidl_default_generators: 1.0.1 (/opt/ros/foxy/share/rosidl_default_generators/cmake)
-- Found ament_cmake_core: 0.9.11 (/opt/ros/foxy/share/ament_cmake_core/cmake)
-- Found PythonInterp: /usr/bin/python3 (found suitable version "3.8.10", minimum required is "3") 
-- Using PYTHON_EXECUTABLE: /usr/bin/python3
-- Using all available rosidl_typesupport_c: rosidl_typesupport_fastrtps_c;rosidl_typesupport_introspection_c
-- Found rosidl_adapter: 1.3.0 (/opt/ros/foxy/share/rosidl_adapter/cmake)
-- Found OpenSSL: /usr/lib/x86_64-linux-gnu/libcrypto.so (found version "1.1.1f")  
-- Found FastRTPS: /opt/ros/foxy/include  
-- Using all available rosidl_typesupport_cpp: rosidl_typesupport_fastrtps_cpp;rosidl_typesupport_introspection_cpp
-- Found geometry_msgs: 2.0.5 (/opt/ros/foxy/share/geometry_msgs/cmake)
-- Found rclcpp: 2.4.2 (/opt/ros/foxy/share/rclcpp/cmake)
-- Found rmw_implementation_cmake: 1.0.3 (/opt/ros/foxy/share/rmw_implementation_cmake/cmake)
-- Using RMW implementation 'rmw_fastrtps_cpp' as default
-- Looking for pthread.h
-- Looking for pthread.h - found
-- Performing Test CMAKE_HAVE_LIBC_PTHREAD
-- Performing Test CMAKE_HAVE_LIBC_PTHREAD - Failed
-- Looking for pthread_create in pthreads
-- Looking for pthread_create in pthreads - not found
-- Looking for pthread_create in pthread
-- Looking for pthread_create in pthread - found
-- Found Threads: TRUE  
-- Found rclpy: 1.0.11 (/opt/ros/foxy/share/rclpy/cmake)
-- Configuring done
-- Generating done
-- Build files have been written to: /home/ronnakon/FRA333-KINEMATICS/fra333_lab3_23_1/ws/build/lab3_control_robot
-- Install configuration: ""
-- Installing: /home/ronnakon/FRA333-KINEMATICS/fra333_lab3_23_1/ws/install/lab3_control_robot/share/lab3_control_robot/environment/pythonpath.sh
-- Installing: /home/ronnakon/FRA333-KINEMATICS/fra333_lab3_23_1/ws/install/lab3_control_robot/share/lab3_control_robot/environment/pythonpath.dsv
-- Installing: /home/ronnakon/FRA333-KINEMATICS/fra333_lab3_23_1/ws/install/lab3_control_robot/lib/python3.8/site-packages/lab3_control_robot
-- Installing: /home/ronnakon/FRA333-KINEMATICS/fra333_lab3_23_1/ws/install/lab3_control_robot/lib/python3.8/site-packages/lab3_control_robot/__init__.py
-- Installing: /home/ronnakon/FRA333-KINEMATICS/fra333_lab3_23_1/ws/install/lab3_control_robot/lib/python3.8/site-packages/lab3_control_robot/cheat_tool.py
Listing '/home/ronnakon/FRA333-KINEMATICS/fra333_lab3_23_1/ws/install/lab3_control_robot/lib/python3.8/site-packages/lab3_control_robot'...
Compiling '/home/ronnakon/FRA333-KINEMATICS/fra333_lab3_23_1/ws/install/lab3_control_robot/lib/python3.8/site-packages/lab3_control_robot/__init__.py'...
Compiling '/home/ronnakon/FRA333-KINEMATICS/fra333_lab3_23_1/ws/install/lab3_control_robot/lib/python3.8/site-packages/lab3_control_robot/cheat_tool.py'...
-- Installing: /home/ronnakon/FRA333-KINEMATICS/fra333_lab3_23_1/ws/install/lab3_control_robot/lib/lab3_control_robot/trajectory_gen.py
-- Installing: /home/ronnakon/FRA333-KINEMATICS/fra333_lab3_23_1/ws/install/lab3_control_robot/share/lab3_control_robot/description
-- Installing: /home/ronnakon/FRA333-KINEMATICS/fra333_lab3_23_1/ws/install/lab3_control_robot/share/lab3_control_robot/description/example_gazebo.xacro
-- Installing: /home/ronnakon/FRA333-KINEMATICS/fra333_lab3_23_1/ws/install/lab3_control_robot/share/lab3_control_robot/description/example_include.xacro
-- Installing: /home/ronnakon/FRA333-KINEMATICS/fra333_lab3_23_1/ws/install/lab3_control_robot/share/lab3_control_robot/description/example_robot.urdf.xacro
-- Installing: /home/ronnakon/FRA333-KINEMATICS/fra333_lab3_23_1/ws/install/lab3_control_robot/share/lab3_control_robot/launch
-- Installing: /home/ronnakon/FRA333-KINEMATICS/fra333_lab3_23_1/ws/install/lab3_control_robot/share/lab3_control_robot/launch/dummy_gazebo.launch.py
-- Installing: /home/ronnakon/FRA333-KINEMATICS/fra333_lab3_23_1/ws/install/lab3_control_robot/share/lab3_control_robot/config
-- Installing: /home/ronnakon/FRA333-KINEMATICS/fra333_lab3_23_1/ws/install/lab3_control_robot/share/lab3_control_robot/config/myrobot_controllers.yaml
-- Installing: /home/ronnakon/FRA333-KINEMATICS/fra333_lab3_23_1/ws/install/lab3_control_robot/share/lab3_control_robot/scripts
-- Installing: /home/ronnakon/FRA333-KINEMATICS/fra333_lab3_23_1/ws/install/lab3_control_robot/share/lab3_control_robot/scripts/trajectory_gen.py
-- Installing: /home/ronnakon/FRA333-KINEMATICS/fra333_lab3_23_1/ws/install/lab3_control_robot/share/lab3_control_robot/scripts/data.json
-- Installing: /home/ronnakon/FRA333-KINEMATICS/fra333_lab3_23_1/ws/install/lab3_control_robot/share/lab3_control_robot/meshes
-- Installing: /home/ronnakon/FRA333-KINEMATICS/fra333_lab3_23_1/ws/install/lab3_control_robot/share/lab3_control_robot/meshes/link_3.stl
-- Installing: /home/ronnakon/FRA333-KINEMATICS/fra333_lab3_23_1/ws/install/lab3_control_robot/share/lab3_control_robot/meshes/link_1.stl
-- Installing: /home/ronnakon/FRA333-KINEMATICS/fra333_lab3_23_1/ws/install/lab3_control_robot/share/lab3_control_robot/meshes/link_0.stl
-- Installing: /home/ronnakon/FRA333-KINEMATICS/fra333_lab3_23_1/ws/install/lab3_control_robot/share/lab3_control_robot/meshes/link_2.stl
-- Installing: /home/ronnakon/FRA333-KINEMATICS/fra333_lab3_23_1/ws/install/lab3_control_robot/share/lab3_control_robot/lab3_control_robot
-- Installing: /home/ronnakon/FRA333-KINEMATICS/fra333_lab3_23_1/ws/install/lab3_control_robot/share/lab3_control_robot/lab3_control_robot/__init__.py
-- Installing: /home/ronnakon/FRA333-KINEMATICS/fra333_lab3_23_1/ws/install/lab3_control_robot/share/lab3_control_robot/lab3_control_robot/cheat_tool.py
-- Installing: /home/ronnakon/FRA333-KINEMATICS/fra333_lab3_23_1/ws/install/lab3_control_robot/share/ament_index/resource_index/package_run_dependencies/lab3_control_robot
-- Installing: /home/ronnakon/FRA333-KINEMATICS/fra333_lab3_23_1/ws/install/lab3_control_robot/share/ament_index/resource_index/parent_prefix_path/lab3_control_robot
-- Installing: /home/ronnakon/FRA333-KINEMATICS/fra333_lab3_23_1/ws/install/lab3_control_robot/share/lab3_control_robot/environment/ament_prefix_path.sh
-- Installing: /home/ronnakon/FRA333-KINEMATICS/fra333_lab3_23_1/ws/install/lab3_control_robot/share/lab3_control_robot/environment/ament_prefix_path.dsv
-- Installing: /home/ronnakon/FRA333-KINEMATICS/fra333_lab3_23_1/ws/install/lab3_control_robot/share/lab3_control_robot/environment/path.sh
-- Installing: /home/ronnakon/FRA333-KINEMATICS/fra333_lab3_23_1/ws/install/lab3_control_robot/share/lab3_control_robot/environment/path.dsv
-- Installing: /home/ronnakon/FRA333-KINEMATICS/fra333_lab3_23_1/ws/install/lab3_control_robot/share/lab3_control_robot/local_setup.bash
-- Installing: /home/ronnakon/FRA333-KINEMATICS/fra333_lab3_23_1/ws/install/lab3_control_robot/share/lab3_control_robot/local_setup.sh
-- Installing: /home/ronnakon/FRA333-KINEMATICS/fra333_lab3_23_1/ws/install/lab3_control_robot/share/lab3_control_robot/local_setup.zsh
-- Installing: /home/ronnakon/FRA333-KINEMATICS/fra333_lab3_23_1/ws/install/lab3_control_robot/share/lab3_control_robot/local_setup.dsv
-- Installing: /home/ronnakon/FRA333-KINEMATICS/fra333_lab3_23_1/ws/install/lab3_control_robot/share/lab3_control_robot/package.dsv
-- Installing: /home/ronnakon/FRA333-KINEMATICS/fra333_lab3_23_1/ws/install/lab3_control_robot/share/ament_index/resource_index/packages/lab3_control_robot
-- Installing: /home/ronnakon/FRA333-KINEMATICS/fra333_lab3_23_1/ws/install/lab3_control_robot/share/lab3_control_robot/cmake/lab3_control_robotConfig.cmake
-- Installing: /home/ronnakon/FRA333-KINEMATICS/fra333_lab3_23_1/ws/install/lab3_control_robot/share/lab3_control_robot/cmake/lab3_control_robotConfig-version.cmake
-- Installing: /home/ronnakon/FRA333-KINEMATICS/fra333_lab3_23_1/ws/install/lab3_control_robot/share/lab3_control_robot/package.xml
