[0.049s] Invoking command in '/home/ronnakon/FRA333-KINEMATICS/fra333_lab3_23_1/ws/build/lab3_control_robot': CMAKE_PREFIX_PATH=${CMAKE_PREFIX_PATH}:/opt/ros/foxy /usr/bin/cmake /home/ronnakon/FRA333-KINEMATICS/fra333_lab3_23_1/ws/src/lab3_control_robot -DCMAKE_INSTALL_PREFIX=/home/ronnakon/FRA333-KINEMATICS/fra333_lab3_23_1/ws/install/lab3_control_robot
[0.235s] -- The C compiler identification is GNU 9.4.0
[0.358s] -- The CXX compiler identification is GNU 9.4.0
[0.367s] -- Check for working C compiler: /usr/bin/cc
[0.477s] -- Check for working C compiler: /usr/bin/cc -- works
[0.479s] -- Detecting C compiler ABI info
[0.583s] -- Detecting C compiler ABI info - done
[0.596s] -- Detecting C compile features
[0.597s] -- Detecting C compile features - done
[0.601s] -- Check for working CXX compiler: /usr/bin/c++
[0.725s] -- Check for working CXX compiler: /usr/bin/c++ -- works
[0.725s] -- Detecting CXX compiler ABI info
[0.849s] -- Detecting CXX compiler ABI info - done
[0.865s] -- Detecting CXX compile features
[0.865s] -- Detecting CXX compile features - done
[0.869s] -- Found rosidl_default_generators: 1.0.1 (/opt/ros/foxy/share/rosidl_default_generators/cmake)
[0.871s] -- Found ament_cmake_core: 0.9.11 (/opt/ros/foxy/share/ament_cmake_core/cmake)
[0.906s] -- Found PythonInterp: /usr/bin/python3 (found suitable version "3.8.10", minimum required is "3") 
[0.906s] -- Using PYTHON_EXECUTABLE: /usr/bin/python3
[1.196s] -- Using all available rosidl_typesupport_c: rosidl_typesupport_fastrtps_c;rosidl_typesupport_introspection_c
[1.210s] -- Found rosidl_adapter: 1.3.0 (/opt/ros/foxy/share/rosidl_adapter/cmake)
[1.435s] -- Found OpenSSL: /usr/lib/x86_64-linux-gnu/libcrypto.so (found version "1.1.1f")  
[1.480s] -- Found FastRTPS: /opt/ros/foxy/include  
[1.615s] -- Using all available rosidl_typesupport_cpp: rosidl_typesupport_fastrtps_cpp;rosidl_typesupport_introspection_cpp
[1.662s] -- Found geometry_msgs: 2.0.5 (/opt/ros/foxy/share/geometry_msgs/cmake)
[1.807s] -- Found rclcpp: 2.4.2 (/opt/ros/foxy/share/rclcpp/cmake)
[1.888s] -- Found rmw_implementation_cmake: 1.0.3 (/opt/ros/foxy/share/rmw_implementation_cmake/cmake)
[1.892s] -- Using RMW implementation 'rmw_fastrtps_cpp' as default
[1.894s] -- Looking for pthread.h
[1.999s] -- Looking for pthread.h - found
[1.999s] -- Performing Test CMAKE_HAVE_LIBC_PTHREAD
[2.114s] -- Performing Test CMAKE_HAVE_LIBC_PTHREAD - Failed
[2.114s] -- Looking for pthread_create in pthreads
[2.210s] -- Looking for pthread_create in pthreads - not found
[2.210s] -- Looking for pthread_create in pthread
[2.320s] -- Looking for pthread_create in pthread - found
[2.320s] -- Found Threads: TRUE  
[2.543s] -- Found rclpy: 1.0.11 (/opt/ros/foxy/share/rclpy/cmake)
[2.692s] -- Configuring done
[2.696s] -- Generating done
[2.699s] -- Build files have been written to: /home/ronnakon/FRA333-KINEMATICS/fra333_lab3_23_1/ws/build/lab3_control_robot
[2.713s] Invoked command in '/home/ronnakon/FRA333-KINEMATICS/fra333_lab3_23_1/ws/build/lab3_control_robot' returned '0': CMAKE_PREFIX_PATH=${CMAKE_PREFIX_PATH}:/opt/ros/foxy /usr/bin/cmake /home/ronnakon/FRA333-KINEMATICS/fra333_lab3_23_1/ws/src/lab3_control_robot -DCMAKE_INSTALL_PREFIX=/home/ronnakon/FRA333-KINEMATICS/fra333_lab3_23_1/ws/install/lab3_control_robot
[2.718s] Invoking command in '/home/ronnakon/FRA333-KINEMATICS/fra333_lab3_23_1/ws/build/lab3_control_robot': CMAKE_PREFIX_PATH=${CMAKE_PREFIX_PATH}:/opt/ros/foxy /usr/bin/cmake --build /home/ronnakon/FRA333-KINEMATICS/fra333_lab3_23_1/ws/build/lab3_control_robot -- -j4 -l4
[2.800s] Invoked command in '/home/ronnakon/FRA333-KINEMATICS/fra333_lab3_23_1/ws/build/lab3_control_robot' returned '0': CMAKE_PREFIX_PATH=${CMAKE_PREFIX_PATH}:/opt/ros/foxy /usr/bin/cmake --build /home/ronnakon/FRA333-KINEMATICS/fra333_lab3_23_1/ws/build/lab3_control_robot -- -j4 -l4
[2.865s] Invoking command in '/home/ronnakon/FRA333-KINEMATICS/fra333_lab3_23_1/ws/build/lab3_control_robot': CMAKE_PREFIX_PATH=${CMAKE_PREFIX_PATH}:/opt/ros/foxy /usr/bin/cmake --install /home/ronnakon/FRA333-KINEMATICS/fra333_lab3_23_1/ws/build/lab3_control_robot
[2.879s] -- Install configuration: ""
[2.879s] -- Installing: /home/ronnakon/FRA333-KINEMATICS/fra333_lab3_23_1/ws/install/lab3_control_robot/share/lab3_control_robot/environment/pythonpath.sh
[2.879s] -- Installing: /home/ronnakon/FRA333-KINEMATICS/fra333_lab3_23_1/ws/install/lab3_control_robot/share/lab3_control_robot/environment/pythonpath.dsv
[2.880s] -- Installing: /home/ronnakon/FRA333-KINEMATICS/fra333_lab3_23_1/ws/install/lab3_control_robot/lib/python3.8/site-packages/lab3_control_robot
[2.880s] -- Installing: /home/ronnakon/FRA333-KINEMATICS/fra333_lab3_23_1/ws/install/lab3_control_robot/lib/python3.8/site-packages/lab3_control_robot/__init__.py
[2.880s] -- Installing: /home/ronnakon/FRA333-KINEMATICS/fra333_lab3_23_1/ws/install/lab3_control_robot/lib/python3.8/site-packages/lab3_control_robot/cheat_tool.py
[2.921s] Listing '/home/ronnakon/FRA333-KINEMATICS/fra333_lab3_23_1/ws/install/lab3_control_robot/lib/python3.8/site-packages/lab3_control_robot'...
[2.922s] Compiling '/home/ronnakon/FRA333-KINEMATICS/fra333_lab3_23_1/ws/install/lab3_control_robot/lib/python3.8/site-packages/lab3_control_robot/__init__.py'...
[2.922s] Compiling '/home/ronnakon/FRA333-KINEMATICS/fra333_lab3_23_1/ws/install/lab3_control_robot/lib/python3.8/site-packages/lab3_control_robot/cheat_tool.py'...
[2.929s] -- Installing: /home/ronnakon/FRA333-KINEMATICS/fra333_lab3_23_1/ws/install/lab3_control_robot/lib/lab3_control_robot/trajectory_gen.py
[2.930s] -- Installing: /home/ronnakon/FRA333-KINEMATICS/fra333_lab3_23_1/ws/install/lab3_control_robot/share/lab3_control_robot/description
[2.930s] -- Installing: /home/ronnakon/FRA333-KINEMATICS/fra333_lab3_23_1/ws/install/lab3_control_robot/share/lab3_control_robot/description/example_gazebo.xacro
[2.931s] -- Installing: /home/ronnakon/FRA333-KINEMATICS/fra333_lab3_23_1/ws/install/lab3_control_robot/share/lab3_control_robot/description/example_include.xacro
[2.931s] -- Installing: /home/ronnakon/FRA333-KINEMATICS/fra333_lab3_23_1/ws/install/lab3_control_robot/share/lab3_control_robot/description/example_robot.urdf.xacro
[2.931s] -- Installing: /home/ronnakon/FRA333-KINEMATICS/fra333_lab3_23_1/ws/install/lab3_control_robot/share/lab3_control_robot/launch
[2.932s] -- Installing: /home/ronnakon/FRA333-KINEMATICS/fra333_lab3_23_1/ws/install/lab3_control_robot/share/lab3_control_robot/launch/dummy_gazebo.launch.py
[2.932s] -- Installing: /home/ronnakon/FRA333-KINEMATICS/fra333_lab3_23_1/ws/install/lab3_control_robot/share/lab3_control_robot/config
[2.932s] -- Installing: /home/ronnakon/FRA333-KINEMATICS/fra333_lab3_23_1/ws/install/lab3_control_robot/share/lab3_control_robot/config/myrobot_controllers.yaml
[2.932s] -- Installing: /home/ronnakon/FRA333-KINEMATICS/fra333_lab3_23_1/ws/install/lab3_control_robot/share/lab3_control_robot/scripts
[2.932s] -- Installing: /home/ronnakon/FRA333-KINEMATICS/fra333_lab3_23_1/ws/install/lab3_control_robot/share/lab3_control_robot/scripts/trajectory_gen.py
[2.933s] -- Installing: /home/ronnakon/FRA333-KINEMATICS/fra333_lab3_23_1/ws/install/lab3_control_robot/share/lab3_control_robot/scripts/data.json
[2.933s] -- Installing: /home/ronnakon/FRA333-KINEMATICS/fra333_lab3_23_1/ws/install/lab3_control_robot/share/lab3_control_robot/meshes
[2.933s] -- Installing: /home/ronnakon/FRA333-KINEMATICS/fra333_lab3_23_1/ws/install/lab3_control_robot/share/lab3_control_robot/meshes/link_3.stl
[2.933s] -- Installing: /home/ronnakon/FRA333-KINEMATICS/fra333_lab3_23_1/ws/install/lab3_control_robot/share/lab3_control_robot/meshes/link_1.stl
[2.933s] -- Installing: /home/ronnakon/FRA333-KINEMATICS/fra333_lab3_23_1/ws/install/lab3_control_robot/share/lab3_control_robot/meshes/link_0.stl
[2.933s] -- Installing: /home/ronnakon/FRA333-KINEMATICS/fra333_lab3_23_1/ws/install/lab3_control_robot/share/lab3_control_robot/meshes/link_2.stl
[2.934s] -- Installing: /home/ronnakon/FRA333-KINEMATICS/fra333_lab3_23_1/ws/install/lab3_control_robot/share/lab3_control_robot/lab3_control_robot
[2.934s] -- Installing: /home/ronnakon/FRA333-KINEMATICS/fra333_lab3_23_1/ws/install/lab3_control_robot/share/lab3_control_robot/lab3_control_robot/__init__.py
[2.934s] -- Installing: /home/ronnakon/FRA333-KINEMATICS/fra333_lab3_23_1/ws/install/lab3_control_robot/share/lab3_control_robot/lab3_control_robot/cheat_tool.py
[2.934s] -- Installing: /home/ronnakon/FRA333-KINEMATICS/fra333_lab3_23_1/ws/install/lab3_control_robot/share/ament_index/resource_index/package_run_dependencies/lab3_control_robot
[2.934s] -- Installing: /home/ronnakon/FRA333-KINEMATICS/fra333_lab3_23_1/ws/install/lab3_control_robot/share/ament_index/resource_index/parent_prefix_path/lab3_control_robot
[2.934s] -- Installing: /home/ronnakon/FRA333-KINEMATICS/fra333_lab3_23_1/ws/install/lab3_control_robot/share/lab3_control_robot/environment/ament_prefix_path.sh
[2.935s] -- Installing: /home/ronnakon/FRA333-KINEMATICS/fra333_lab3_23_1/ws/install/lab3_control_robot/share/lab3_control_robot/environment/ament_prefix_path.dsv
[2.935s] -- Installing: /home/ronnakon/FRA333-KINEMATICS/fra333_lab3_23_1/ws/install/lab3_control_robot/share/lab3_control_robot/environment/path.sh
[2.935s] -- Installing: /home/ronnakon/FRA333-KINEMATICS/fra333_lab3_23_1/ws/install/lab3_control_robot/share/lab3_control_robot/environment/path.dsv
[2.935s] -- Installing: /home/ronnakon/FRA333-KINEMATICS/fra333_lab3_23_1/ws/install/lab3_control_robot/share/lab3_control_robot/local_setup.bash
[2.935s] -- Installing: /home/ronnakon/FRA333-KINEMATICS/fra333_lab3_23_1/ws/install/lab3_control_robot/share/lab3_control_robot/local_setup.sh
[2.936s] -- Installing: /home/ronnakon/FRA333-KINEMATICS/fra333_lab3_23_1/ws/install/lab3_control_robot/share/lab3_control_robot/local_setup.zsh
[2.936s] -- Installing: /home/ronnakon/FRA333-KINEMATICS/fra333_lab3_23_1/ws/install/lab3_control_robot/share/lab3_control_robot/local_setup.dsv
[2.936s] -- Installing: /home/ronnakon/FRA333-KINEMATICS/fra333_lab3_23_1/ws/install/lab3_control_robot/share/lab3_control_robot/package.dsv
[2.936s] -- Installing: /home/ronnakon/FRA333-KINEMATICS/fra333_lab3_23_1/ws/install/lab3_control_robot/share/ament_index/resource_index/packages/lab3_control_robot
[2.936s] -- Installing: /home/ronnakon/FRA333-KINEMATICS/fra333_lab3_23_1/ws/install/lab3_control_robot/share/lab3_control_robot/cmake/lab3_control_robotConfig.cmake
[2.936s] -- Installing: /home/ronnakon/FRA333-KINEMATICS/fra333_lab3_23_1/ws/install/lab3_control_robot/share/lab3_control_robot/cmake/lab3_control_robotConfig-version.cmake
[2.936s] -- Installing: /home/ronnakon/FRA333-KINEMATICS/fra333_lab3_23_1/ws/install/lab3_control_robot/share/lab3_control_robot/package.xml
[2.940s] Invoked command in '/home/ronnakon/FRA333-KINEMATICS/fra333_lab3_23_1/ws/build/lab3_control_robot' returned '0': CMAKE_PREFIX_PATH=${CMAKE_PREFIX_PATH}:/opt/ros/foxy /usr/bin/cmake --install /home/ronnakon/FRA333-KINEMATICS/fra333_lab3_23_1/ws/build/lab3_control_robot
