[0.024s] Invoking command in '/home/ronnakon/FRA333-KINEMATICS/fra333_lab2_23_1/build/romeona_description': CMAKE_PREFIX_PATH=${CMAKE_PREFIX_PATH}:/opt/ros/foxy /usr/bin/cmake /home/ronnakon/FRA333-KINEMATICS/fra333_lab2_23_1/src/romeona_description -DAMENT_CMAKE_SYMLINK_INSTALL=1 -DCMAKE_INSTALL_PREFIX=/home/ronnakon/FRA333-KINEMATICS/fra333_lab2_23_1/install/romeona_description
[0.138s] -- The C compiler identification is GNU 9.4.0
[0.220s] -- The CXX compiler identification is GNU 9.4.0
[0.227s] -- Check for working C compiler: /usr/bin/cc
[0.281s] -- Check for working C compiler: /usr/bin/cc -- works
[0.283s] -- Detecting C compiler ABI info
[0.339s] -- Detecting C compiler ABI info - done
[0.353s] -- Detecting C compile features
[0.353s] -- Detecting C compile features - done
[0.356s] -- Check for working CXX compiler: /usr/bin/c++
[0.416s] -- Check for working CXX compiler: /usr/bin/c++ -- works
[0.417s] -- Detecting CXX compiler ABI info
[0.487s] -- Detecting CXX compiler ABI info - done
[0.501s] -- Detecting CXX compile features
[0.501s] -- Detecting CXX compile features - done
[0.503s] -- Found ament_cmake: 0.9.9 (/opt/ros/foxy/share/ament_cmake/cmake)
[0.525s] -- Found PythonInterp: /usr/bin/python3 (found suitable version "3.8.10", minimum required is "3") 
[0.525s] -- Using PYTHON_EXECUTABLE: /usr/bin/python3
[0.651s] -- Override CMake install command with custom implementation using symlinks instead of copying resources
[0.675s] -- Found rclcpp: 2.4.1 (/opt/ros/foxy/share/rclcpp/cmake)
[0.719s] -- Using all available rosidl_typesupport_c: rosidl_typesupport_fastrtps_c;rosidl_typesupport_introspection_c
[0.727s] -- Found rosidl_adapter: 1.2.1 (/opt/ros/foxy/share/rosidl_adapter/cmake)
[0.801s] -- Found OpenSSL: /usr/lib/x86_64-linux-gnu/libcrypto.so (found version "1.1.1f")  
[0.836s] -- Found FastRTPS: /opt/ros/foxy/include  
[0.905s] -- Using all available rosidl_typesupport_cpp: rosidl_typesupport_fastrtps_cpp;rosidl_typesupport_introspection_cpp
[0.951s] -- Found rmw_implementation_cmake: 1.0.3 (/opt/ros/foxy/share/rmw_implementation_cmake/cmake)
[0.952s] -- Using RMW implementation 'rmw_fastrtps_cpp' as default
[0.953s] -- Looking for pthread.h
[1.022s] -- Looking for pthread.h - found
[1.023s] -- Performing Test CMAKE_HAVE_LIBC_PTHREAD
[1.088s] -- Performing Test CMAKE_HAVE_LIBC_PTHREAD - Failed
[1.088s] -- Looking for pthread_create in pthreads
[1.131s] -- Looking for pthread_create in pthreads - not found
[1.132s] -- Looking for pthread_create in pthread
[1.195s] -- Looking for pthread_create in pthread - found
[1.196s] -- Found Threads: TRUE  
[1.338s] -- Found rclpy: 1.0.8 (/opt/ros/foxy/share/rclpy/cmake)
[1.417s] -- Configuring done
[1.420s] -- Generating done
[1.421s] -- Build files have been written to: /home/ronnakon/FRA333-KINEMATICS/fra333_lab2_23_1/build/romeona_description
[1.429s] Invoked command in '/home/ronnakon/FRA333-KINEMATICS/fra333_lab2_23_1/build/romeona_description' returned '0': CMAKE_PREFIX_PATH=${CMAKE_PREFIX_PATH}:/opt/ros/foxy /usr/bin/cmake /home/ronnakon/FRA333-KINEMATICS/fra333_lab2_23_1/src/romeona_description -DAMENT_CMAKE_SYMLINK_INSTALL=1 -DCMAKE_INSTALL_PREFIX=/home/ronnakon/FRA333-KINEMATICS/fra333_lab2_23_1/install/romeona_description
[1.430s] Invoking command in '/home/ronnakon/FRA333-KINEMATICS/fra333_lab2_23_1/build/romeona_description': CMAKE_PREFIX_PATH=${CMAKE_PREFIX_PATH}:/opt/ros/foxy /usr/bin/cmake --build /home/ronnakon/FRA333-KINEMATICS/fra333_lab2_23_1/build/romeona_description -- -j12 -l12
[1.461s] Invoked command in '/home/ronnakon/FRA333-KINEMATICS/fra333_lab2_23_1/build/romeona_description' returned '0': CMAKE_PREFIX_PATH=${CMAKE_PREFIX_PATH}:/opt/ros/foxy /usr/bin/cmake --build /home/ronnakon/FRA333-KINEMATICS/fra333_lab2_23_1/build/romeona_description -- -j12 -l12
[1.483s] Invoking command in '/home/ronnakon/FRA333-KINEMATICS/fra333_lab2_23_1/build/romeona_description': CMAKE_PREFIX_PATH=${CMAKE_PREFIX_PATH}:/opt/ros/foxy /usr/bin/cmake --install /home/ronnakon/FRA333-KINEMATICS/fra333_lab2_23_1/build/romeona_description
[1.495s] -- Install configuration: ""
[1.496s] -- Execute custom install script
[1.496s] -- Symlinking: /home/ronnakon/FRA333-KINEMATICS/fra333_lab2_23_1/install/romeona_description/share/romeona_description/environment/pythonpath.sh
[1.502s] -- Symlinking: /home/ronnakon/FRA333-KINEMATICS/fra333_lab2_23_1/install/romeona_description/share/romeona_description/environment/pythonpath.dsv
[1.508s] -- Symlinking: /home/ronnakon/FRA333-KINEMATICS/fra333_lab2_23_1/install/romeona_description/lib/python3.8/site-packages/romeona_description/__init__.py
[1.514s] -- Symlinking: /home/ronnakon/FRA333-KINEMATICS/fra333_lab2_23_1/install/romeona_description/lib/python3.8/site-packages/romeona_description/romeona_module.py
[1.520s] -- Symlinking: /home/ronnakon/FRA333-KINEMATICS/fra333_lab2_23_1/install/romeona_description/lib/romeona_description/dummy_script.py
[1.527s] -- Symlinking: /home/ronnakon/FRA333-KINEMATICS/fra333_lab2_23_1/install/romeona_description/share/romeona_description/scripts/dummy_script.py
[1.537s] -- Symlinking: /home/ronnakon/FRA333-KINEMATICS/fra333_lab2_23_1/install/romeona_description/share/romeona_description/config/romeona.rviz
[1.544s] -- Symlinking: /home/ronnakon/FRA333-KINEMATICS/fra333_lab2_23_1/install/romeona_description/share/romeona_description/launch/.vscode/c_cpp_properties.json
[1.551s] -- Symlinking: /home/ronnakon/FRA333-KINEMATICS/fra333_lab2_23_1/install/romeona_description/share/romeona_description/launch/.vscode/settings.json
[1.557s] -- Symlinking: /home/ronnakon/FRA333-KINEMATICS/fra333_lab2_23_1/install/romeona_description/share/romeona_description/launch/display.launch.py
[1.563s] -- Symlinking: /home/ronnakon/FRA333-KINEMATICS/fra333_lab2_23_1/install/romeona_description/share/romeona_description/meshes/link_0.STL
[1.572s] -- Symlinking: /home/ronnakon/FRA333-KINEMATICS/fra333_lab2_23_1/install/romeona_description/share/romeona_description/meshes/link_1.STL
[1.580s] -- Symlinking: /home/ronnakon/FRA333-KINEMATICS/fra333_lab2_23_1/install/romeona_description/share/romeona_description/meshes/link_2.STL
[1.585s] -- Symlinking: /home/ronnakon/FRA333-KINEMATICS/fra333_lab2_23_1/install/romeona_description/share/romeona_description/meshes/link_3.STL
[1.596s] -- Symlinking: /home/ronnakon/FRA333-KINEMATICS/fra333_lab2_23_1/install/romeona_description/share/romeona_description/robot/romeona.xacro
[1.602s] -- Symlinking: /home/ronnakon/FRA333-KINEMATICS/fra333_lab2_23_1/install/romeona_description/share/ament_index/resource_index/package_run_dependencies/romeona_description
[1.608s] -- Symlinking: /home/ronnakon/FRA333-KINEMATICS/fra333_lab2_23_1/install/romeona_description/share/ament_index/resource_index/parent_prefix_path/romeona_description
[1.614s] -- Symlinking: /home/ronnakon/FRA333-KINEMATICS/fra333_lab2_23_1/install/romeona_description/share/romeona_description/environment/ament_prefix_path.sh
[1.619s] -- Symlinking: /home/ronnakon/FRA333-KINEMATICS/fra333_lab2_23_1/install/romeona_description/share/romeona_description/environment/ament_prefix_path.dsv
[1.628s] -- Symlinking: /home/ronnakon/FRA333-KINEMATICS/fra333_lab2_23_1/install/romeona_description/share/romeona_description/environment/path.sh
[1.635s] -- Symlinking: /home/ronnakon/FRA333-KINEMATICS/fra333_lab2_23_1/install/romeona_description/share/romeona_description/environment/path.dsv
[1.645s] -- Symlinking: /home/ronnakon/FRA333-KINEMATICS/fra333_lab2_23_1/install/romeona_description/share/romeona_description/local_setup.bash
[1.653s] -- Symlinking: /home/ronnakon/FRA333-KINEMATICS/fra333_lab2_23_1/install/romeona_description/share/romeona_description/local_setup.sh
[1.659s] -- Symlinking: /home/ronnakon/FRA333-KINEMATICS/fra333_lab2_23_1/install/romeona_description/share/romeona_description/local_setup.zsh
[1.669s] -- Symlinking: /home/ronnakon/FRA333-KINEMATICS/fra333_lab2_23_1/install/romeona_description/share/romeona_description/local_setup.dsv
[1.675s] -- Symlinking: /home/ronnakon/FRA333-KINEMATICS/fra333_lab2_23_1/install/romeona_description/share/romeona_description/package.dsv
[1.681s] -- Symlinking: /home/ronnakon/FRA333-KINEMATICS/fra333_lab2_23_1/install/romeona_description/share/ament_index/resource_index/packages/romeona_description
[1.687s] -- Symlinking: /home/ronnakon/FRA333-KINEMATICS/fra333_lab2_23_1/install/romeona_description/share/romeona_description/cmake/romeona_descriptionConfig.cmake
[1.693s] -- Symlinking: /home/ronnakon/FRA333-KINEMATICS/fra333_lab2_23_1/install/romeona_description/share/romeona_description/cmake/romeona_descriptionConfig-version.cmake
[1.703s] -- Symlinking: /home/ronnakon/FRA333-KINEMATICS/fra333_lab2_23_1/install/romeona_description/share/romeona_description/package.xml
[1.732s] Listing '/home/ronnakon/FRA333-KINEMATICS/fra333_lab2_23_1/install/romeona_description/lib/python3.8/site-packages/romeona_description'...
[1.732s] Compiling '/home/ronnakon/FRA333-KINEMATICS/fra333_lab2_23_1/install/romeona_description/lib/python3.8/site-packages/romeona_description/__init__.py'...
[1.732s] Compiling '/home/ronnakon/FRA333-KINEMATICS/fra333_lab2_23_1/install/romeona_description/lib/python3.8/site-packages/romeona_description/romeona_module.py'...
[1.740s] Invoked command in '/home/ronnakon/FRA333-KINEMATICS/fra333_lab2_23_1/build/romeona_description' returned '0': CMAKE_PREFIX_PATH=${CMAKE_PREFIX_PATH}:/opt/ros/foxy /usr/bin/cmake --install /home/ronnakon/FRA333-KINEMATICS/fra333_lab2_23_1/build/romeona_description
