[0.020s] Invoking command in '/home/ronnakon/FRA333-KINEMATICS/fra333_lab2_23_1/build/romeona_kinematics_interfaces': CMAKE_PREFIX_PATH=${CMAKE_PREFIX_PATH}:/opt/ros/foxy /usr/bin/cmake --build /home/ronnakon/FRA333-KINEMATICS/fra333_lab2_23_1/build/romeona_kinematics_interfaces -- -j12 -l12
[0.060s] [  2%] Built target romeona_kinematics_interfaces__cpp
[0.063s] [ 12%] Built target romeona_kinematics_interfaces__rosidl_generator_c
[0.081s] [ 33%] Built target romeona_kinematics_interfaces__rosidl_typesupport_cpp
[0.081s] [ 33%] Built target romeona_kinematics_interfaces__rosidl_typesupport_introspection_cpp
[0.084s] [ 43%] Built target romeona_kinematics_interfaces__rosidl_typesupport_introspection_c
[0.084s] [ 53%] Built target romeona_kinematics_interfaces__rosidl_typesupport_c
[0.086s] [ 64%] Built target romeona_kinematics_interfaces__rosidl_typesupport_fastrtps_cpp
[0.111s] [ 74%] Built target romeona_kinematics_interfaces__rosidl_typesupport_fastrtps_c
[0.131s] [ 74%] Built target romeona_kinematics_interfaces
[0.146s] [ 76%] Built target romeona_kinematics_interfaces__py
[0.168s] [ 84%] Built target romeona_kinematics_interfaces__python
[0.189s] [ 89%] Built target romeona_kinematics_interfaces__rosidl_typesupport_c__pyext
[0.193s] [ 94%] Built target romeona_kinematics_interfaces__rosidl_typesupport_introspection_c__pyext
[0.199s] [100%] Built target romeona_kinematics_interfaces__rosidl_typesupport_fastrtps_c__pyext
[0.212s] Invoked command in '/home/ronnakon/FRA333-KINEMATICS/fra333_lab2_23_1/build/romeona_kinematics_interfaces' returned '0': CMAKE_PREFIX_PATH=${CMAKE_PREFIX_PATH}:/opt/ros/foxy /usr/bin/cmake --build /home/ronnakon/FRA333-KINEMATICS/fra333_lab2_23_1/build/romeona_kinematics_interfaces -- -j12 -l12
[0.272s] Invoking command in '/home/ronnakon/FRA333-KINEMATICS/fra333_lab2_23_1/build/romeona_kinematics_interfaces': CMAKE_PREFIX_PATH=${CMAKE_PREFIX_PATH}:/opt/ros/foxy /usr/bin/cmake --install /home/ronnakon/FRA333-KINEMATICS/fra333_lab2_23_1/build/romeona_kinematics_interfaces
[0.283s] -- Install configuration: ""
[0.283s] -- Execute custom install script
[0.283s] -- Up-to-date symlink: /home/ronnakon/FRA333-KINEMATICS/fra333_lab2_23_1/install/romeona_kinematics_interfaces/share/ament_index/resource_index/rosidl_interfaces/romeona_kinematics_interfaces
[0.284s] -- Up-to-date symlink: /home/ronnakon/FRA333-KINEMATICS/fra333_lab2_23_1/install/romeona_kinematics_interfaces/include/romeona_kinematics_interfaces/msg/rosidl_generator_c__visibility_control.h
[0.284s] -- Up-to-date symlink: /home/ronnakon/FRA333-KINEMATICS/fra333_lab2_23_1/install/romeona_kinematics_interfaces/include/romeona_kinematics_interfaces/srv/detail/get_position__functions.h
[0.284s] -- Up-to-date symlink: /home/ronnakon/FRA333-KINEMATICS/fra333_lab2_23_1/install/romeona_kinematics_interfaces/include/romeona_kinematics_interfaces/srv/detail/get_position__struct.h
[0.284s] -- Up-to-date symlink: /home/ronnakon/FRA333-KINEMATICS/fra333_lab2_23_1/install/romeona_kinematics_interfaces/include/romeona_kinematics_interfaces/srv/detail/get_position__type_support.h
[0.284s] -- Up-to-date symlink: /home/ronnakon/FRA333-KINEMATICS/fra333_lab2_23_1/install/romeona_kinematics_interfaces/include/romeona_kinematics_interfaces/srv/detail/solve_ik__functions.h
[0.285s] -- Up-to-date symlink: /home/ronnakon/FRA333-KINEMATICS/fra333_lab2_23_1/install/romeona_kinematics_interfaces/include/romeona_kinematics_interfaces/srv/detail/solve_ik__struct.h
[0.285s] -- Up-to-date symlink: /home/ronnakon/FRA333-KINEMATICS/fra333_lab2_23_1/install/romeona_kinematics_interfaces/include/romeona_kinematics_interfaces/srv/detail/solve_ik__type_support.h
[0.285s] -- Up-to-date symlink: /home/ronnakon/FRA333-KINEMATICS/fra333_lab2_23_1/install/romeona_kinematics_interfaces/include/romeona_kinematics_interfaces/srv/get_position.h
[0.285s] -- Up-to-date symlink: /home/ronnakon/FRA333-KINEMATICS/fra333_lab2_23_1/install/romeona_kinematics_interfaces/include/romeona_kinematics_interfaces/srv/solve_ik.h
[0.285s] -- Up-to-date symlink: /home/ronnakon/FRA333-KINEMATICS/fra333_lab2_23_1/install/romeona_kinematics_interfaces/share/romeona_kinematics_interfaces/environment/library_path.sh
[0.285s] -- Up-to-date symlink: /home/ronnakon/FRA333-KINEMATICS/fra333_lab2_23_1/install/romeona_kinematics_interfaces/share/romeona_kinematics_interfaces/environment/library_path.dsv
[0.286s] -- Up-to-date symlink: /home/ronnakon/FRA333-KINEMATICS/fra333_lab2_23_1/install/romeona_kinematics_interfaces/include/romeona_kinematics_interfaces/msg/rosidl_typesupport_fastrtps_c__visibility_control.h
[0.286s] -- Up-to-date symlink: /home/ronnakon/FRA333-KINEMATICS/fra333_lab2_23_1/install/romeona_kinematics_interfaces/include/romeona_kinematics_interfaces/srv/detail/get_position__rosidl_typesupport_fastrtps_c.h
[0.286s] -- Up-to-date symlink: /home/ronnakon/FRA333-KINEMATICS/fra333_lab2_23_1/install/romeona_kinematics_interfaces/include/romeona_kinematics_interfaces/srv/detail/solve_ik__rosidl_typesupport_fastrtps_c.h
[0.286s] -- Up-to-date symlink: /home/ronnakon/FRA333-KINEMATICS/fra333_lab2_23_1/install/romeona_kinematics_interfaces/lib/libromeona_kinematics_interfaces__rosidl_typesupport_fastrtps_c.so
[0.287s] -- Up-to-date symlink: /home/ronnakon/FRA333-KINEMATICS/fra333_lab2_23_1/install/romeona_kinematics_interfaces/include/romeona_kinematics_interfaces/msg/rosidl_typesupport_fastrtps_cpp__visibility_control.h
[0.287s] -- Up-to-date symlink: /home/ronnakon/FRA333-KINEMATICS/fra333_lab2_23_1/install/romeona_kinematics_interfaces/include/romeona_kinematics_interfaces/srv/detail/get_position__rosidl_typesupport_fastrtps_cpp.hpp
[0.287s] -- Up-to-date symlink: /home/ronnakon/FRA333-KINEMATICS/fra333_lab2_23_1/install/romeona_kinematics_interfaces/include/romeona_kinematics_interfaces/srv/detail/solve_ik__rosidl_typesupport_fastrtps_cpp.hpp
[0.288s] -- Up-to-date symlink: /home/ronnakon/FRA333-KINEMATICS/fra333_lab2_23_1/install/romeona_kinematics_interfaces/lib/libromeona_kinematics_interfaces__rosidl_typesupport_fastrtps_cpp.so
[0.288s] -- Up-to-date symlink: /home/ronnakon/FRA333-KINEMATICS/fra333_lab2_23_1/install/romeona_kinematics_interfaces/include/romeona_kinematics_interfaces/msg/rosidl_typesupport_introspection_c__visibility_control.h
[0.288s] -- Up-to-date symlink: /home/ronnakon/FRA333-KINEMATICS/fra333_lab2_23_1/install/romeona_kinematics_interfaces/include/romeona_kinematics_interfaces/srv/detail/get_position__rosidl_typesupport_introspection_c.h
[0.288s] -- Up-to-date symlink: /home/ronnakon/FRA333-KINEMATICS/fra333_lab2_23_1/install/romeona_kinematics_interfaces/include/romeona_kinematics_interfaces/srv/detail/solve_ik__rosidl_typesupport_introspection_c.h
[0.289s] -- Up-to-date symlink: /home/ronnakon/FRA333-KINEMATICS/fra333_lab2_23_1/install/romeona_kinematics_interfaces/include/romeona_kinematics_interfaces/srv/detail/get_position__builder.hpp
[0.289s] -- Up-to-date symlink: /home/ronnakon/FRA333-KINEMATICS/fra333_lab2_23_1/install/romeona_kinematics_interfaces/include/romeona_kinematics_interfaces/srv/detail/get_position__struct.hpp
[0.289s] -- Up-to-date symlink: /home/ronnakon/FRA333-KINEMATICS/fra333_lab2_23_1/install/romeona_kinematics_interfaces/include/romeona_kinematics_interfaces/srv/detail/get_position__traits.hpp
[0.289s] -- Up-to-date symlink: /home/ronnakon/FRA333-KINEMATICS/fra333_lab2_23_1/install/romeona_kinematics_interfaces/include/romeona_kinematics_interfaces/srv/detail/solve_ik__builder.hpp
[0.289s] -- Up-to-date symlink: /home/ronnakon/FRA333-KINEMATICS/fra333_lab2_23_1/install/romeona_kinematics_interfaces/include/romeona_kinematics_interfaces/srv/detail/solve_ik__struct.hpp
[0.289s] -- Up-to-date symlink: /home/ronnakon/FRA333-KINEMATICS/fra333_lab2_23_1/install/romeona_kinematics_interfaces/include/romeona_kinematics_interfaces/srv/detail/solve_ik__traits.hpp
[0.290s] -- Up-to-date symlink: /home/ronnakon/FRA333-KINEMATICS/fra333_lab2_23_1/install/romeona_kinematics_interfaces/include/romeona_kinematics_interfaces/srv/get_position.hpp
[0.290s] -- Up-to-date symlink: /home/ronnakon/FRA333-KINEMATICS/fra333_lab2_23_1/install/romeona_kinematics_interfaces/include/romeona_kinematics_interfaces/srv/solve_ik.hpp
[0.290s] -- Up-to-date symlink: /home/ronnakon/FRA333-KINEMATICS/fra333_lab2_23_1/install/romeona_kinematics_interfaces/include/romeona_kinematics_interfaces/srv/detail/get_position__rosidl_typesupport_introspection_cpp.hpp
[0.290s] -- Up-to-date symlink: /home/ronnakon/FRA333-KINEMATICS/fra333_lab2_23_1/install/romeona_kinematics_interfaces/include/romeona_kinematics_interfaces/srv/detail/solve_ik__rosidl_typesupport_introspection_cpp.hpp
[0.290s] -- Up-to-date symlink: /home/ronnakon/FRA333-KINEMATICS/fra333_lab2_23_1/install/romeona_kinematics_interfaces/share/romeona_kinematics_interfaces/environment/pythonpath.sh
[0.291s] -- Up-to-date symlink: /home/ronnakon/FRA333-KINEMATICS/fra333_lab2_23_1/install/romeona_kinematics_interfaces/share/romeona_kinematics_interfaces/environment/pythonpath.dsv
[0.291s] -- Up-to-date symlink: /home/ronnakon/FRA333-KINEMATICS/fra333_lab2_23_1/install/romeona_kinematics_interfaces/lib/python3.8/site-packages/romeona_kinematics_interfaces/__init__.py
[0.291s] -- Up-to-date symlink: /home/ronnakon/FRA333-KINEMATICS/fra333_lab2_23_1/install/romeona_kinematics_interfaces/lib/python3.8/site-packages/romeona_kinematics_interfaces/srv/__init__.py
[0.291s] -- Up-to-date symlink: /home/ronnakon/FRA333-KINEMATICS/fra333_lab2_23_1/install/romeona_kinematics_interfaces/lib/python3.8/site-packages/romeona_kinematics_interfaces/srv/_get_position.py
[0.291s] -- Up-to-date symlink: /home/ronnakon/FRA333-KINEMATICS/fra333_lab2_23_1/install/romeona_kinematics_interfaces/lib/python3.8/site-packages/romeona_kinematics_interfaces/srv/_solve_ik.py
[0.292s] -- Up-to-date symlink: /home/ronnakon/FRA333-KINEMATICS/fra333_lab2_23_1/install/romeona_kinematics_interfaces/lib/python3.8/site-packages/romeona_kinematics_interfaces/romeona_kinematics_interfaces_s__rosidl_typesupport_fastrtps_c.cpython-38-x86_64-linux-gnu.so
[0.292s] -- Up-to-date symlink: /home/ronnakon/FRA333-KINEMATICS/fra333_lab2_23_1/install/romeona_kinematics_interfaces/lib/python3.8/site-packages/romeona_kinematics_interfaces/romeona_kinematics_interfaces_s__rosidl_typesupport_introspection_c.cpython-38-x86_64-linux-gnu.so
[0.292s] -- Up-to-date symlink: /home/ronnakon/FRA333-KINEMATICS/fra333_lab2_23_1/install/romeona_kinematics_interfaces/lib/python3.8/site-packages/romeona_kinematics_interfaces/romeona_kinematics_interfaces_s__rosidl_typesupport_c.cpython-38-x86_64-linux-gnu.so
[0.293s] -- Up-to-date symlink: /home/ronnakon/FRA333-KINEMATICS/fra333_lab2_23_1/install/romeona_kinematics_interfaces/lib/libromeona_kinematics_interfaces__python.so
[0.293s] -- Up-to-date symlink: /home/ronnakon/FRA333-KINEMATICS/fra333_lab2_23_1/install/romeona_kinematics_interfaces/share/romeona_kinematics_interfaces/srv/GetPosition.idl
[0.293s] -- Up-to-date symlink: /home/ronnakon/FRA333-KINEMATICS/fra333_lab2_23_1/install/romeona_kinematics_interfaces/share/romeona_kinematics_interfaces/srv/SolveIK.idl
[0.293s] -- Up-to-date symlink: /home/ronnakon/FRA333-KINEMATICS/fra333_lab2_23_1/install/romeona_kinematics_interfaces/share/romeona_kinematics_interfaces/srv/GetPosition.srv
[0.294s] -- Up-to-date symlink: /home/ronnakon/FRA333-KINEMATICS/fra333_lab2_23_1/install/romeona_kinematics_interfaces/share/romeona_kinematics_interfaces/srv/GetPosition_Request.msg
[0.294s] -- Up-to-date symlink: /home/ronnakon/FRA333-KINEMATICS/fra333_lab2_23_1/install/romeona_kinematics_interfaces/share/romeona_kinematics_interfaces/srv/GetPosition_Response.msg
[0.294s] -- Up-to-date symlink: /home/ronnakon/FRA333-KINEMATICS/fra333_lab2_23_1/install/romeona_kinematics_interfaces/share/romeona_kinematics_interfaces/srv/SolveIK.srv
[0.294s] -- Up-to-date symlink: /home/ronnakon/FRA333-KINEMATICS/fra333_lab2_23_1/install/romeona_kinematics_interfaces/share/romeona_kinematics_interfaces/srv/SolveIK_Request.msg
[0.295s] -- Up-to-date symlink: /home/ronnakon/FRA333-KINEMATICS/fra333_lab2_23_1/install/romeona_kinematics_interfaces/share/romeona_kinematics_interfaces/srv/SolveIK_Response.msg
[0.295s] -- Up-to-date symlink: /home/ronnakon/FRA333-KINEMATICS/fra333_lab2_23_1/install/romeona_kinematics_interfaces/share/ament_index/resource_index/package_run_dependencies/romeona_kinematics_interfaces
[0.295s] -- Up-to-date symlink: /home/ronnakon/FRA333-KINEMATICS/fra333_lab2_23_1/install/romeona_kinematics_interfaces/share/ament_index/resource_index/parent_prefix_path/romeona_kinematics_interfaces
[0.295s] -- Up-to-date symlink: /home/ronnakon/FRA333-KINEMATICS/fra333_lab2_23_1/install/romeona_kinematics_interfaces/share/romeona_kinematics_interfaces/environment/ament_prefix_path.sh
[0.296s] -- Up-to-date symlink: /home/ronnakon/FRA333-KINEMATICS/fra333_lab2_23_1/install/romeona_kinematics_interfaces/share/romeona_kinematics_interfaces/environment/ament_prefix_path.dsv
[0.296s] -- Up-to-date symlink: /home/ronnakon/FRA333-KINEMATICS/fra333_lab2_23_1/install/romeona_kinematics_interfaces/share/romeona_kinematics_interfaces/environment/path.sh
[0.296s] -- Up-to-date symlink: /home/ronnakon/FRA333-KINEMATICS/fra333_lab2_23_1/install/romeona_kinematics_interfaces/share/romeona_kinematics_interfaces/environment/path.dsv
[0.296s] -- Up-to-date symlink: /home/ronnakon/FRA333-KINEMATICS/fra333_lab2_23_1/install/romeona_kinematics_interfaces/share/romeona_kinematics_interfaces/local_setup.bash
[0.296s] -- Up-to-date symlink: /home/ronnakon/FRA333-KINEMATICS/fra333_lab2_23_1/install/romeona_kinematics_interfaces/share/romeona_kinematics_interfaces/local_setup.sh
[0.297s] -- Up-to-date symlink: /home/ronnakon/FRA333-KINEMATICS/fra333_lab2_23_1/install/romeona_kinematics_interfaces/share/romeona_kinematics_interfaces/local_setup.zsh
[0.297s] -- Up-to-date symlink: /home/ronnakon/FRA333-KINEMATICS/fra333_lab2_23_1/install/romeona_kinematics_interfaces/share/romeona_kinematics_interfaces/local_setup.dsv
[0.297s] -- Symlinking: /home/ronnakon/FRA333-KINEMATICS/fra333_lab2_23_1/install/romeona_kinematics_interfaces/share/romeona_kinematics_interfaces/package.dsv
[0.307s] -- Up-to-date symlink: /home/ronnakon/FRA333-KINEMATICS/fra333_lab2_23_1/install/romeona_kinematics_interfaces/share/ament_index/resource_index/packages/romeona_kinematics_interfaces
[0.308s] -- Up-to-date symlink: /home/ronnakon/FRA333-KINEMATICS/fra333_lab2_23_1/install/romeona_kinematics_interfaces/share/romeona_kinematics_interfaces/cmake/rosidl_cmake-extras.cmake
[0.308s] -- Up-to-date symlink: /home/ronnakon/FRA333-KINEMATICS/fra333_lab2_23_1/install/romeona_kinematics_interfaces/share/romeona_kinematics_interfaces/cmake/ament_cmake_export_dependencies-extras.cmake
[0.308s] -- Up-to-date symlink: /home/ronnakon/FRA333-KINEMATICS/fra333_lab2_23_1/install/romeona_kinematics_interfaces/share/romeona_kinematics_interfaces/cmake/ament_cmake_export_libraries-extras.cmake
[0.308s] -- Up-to-date symlink: /home/ronnakon/FRA333-KINEMATICS/fra333_lab2_23_1/install/romeona_kinematics_interfaces/share/romeona_kinematics_interfaces/cmake/ament_cmake_export_targets-extras.cmake
[0.308s] -- Up-to-date symlink: /home/ronnakon/FRA333-KINEMATICS/fra333_lab2_23_1/install/romeona_kinematics_interfaces/share/romeona_kinematics_interfaces/cmake/ament_cmake_export_include_directories-extras.cmake
[0.309s] -- Up-to-date symlink: /home/ronnakon/FRA333-KINEMATICS/fra333_lab2_23_1/install/romeona_kinematics_interfaces/share/romeona_kinematics_interfaces/cmake/rosidl_cmake_export_typesupport_libraries-extras.cmake
[0.309s] -- Up-to-date symlink: /home/ronnakon/FRA333-KINEMATICS/fra333_lab2_23_1/install/romeona_kinematics_interfaces/share/romeona_kinematics_interfaces/cmake/rosidl_cmake_export_typesupport_targets-extras.cmake
[0.309s] -- Up-to-date symlink: /home/ronnakon/FRA333-KINEMATICS/fra333_lab2_23_1/install/romeona_kinematics_interfaces/share/romeona_kinematics_interfaces/cmake/romeona_kinematics_interfacesConfig.cmake
[0.309s] -- Up-to-date symlink: /home/ronnakon/FRA333-KINEMATICS/fra333_lab2_23_1/install/romeona_kinematics_interfaces/share/romeona_kinematics_interfaces/cmake/romeona_kinematics_interfacesConfig-version.cmake
[0.309s] -- Up-to-date symlink: /home/ronnakon/FRA333-KINEMATICS/fra333_lab2_23_1/install/romeona_kinematics_interfaces/share/romeona_kinematics_interfaces/package.xml
[0.310s] -- Up-to-date: /home/ronnakon/FRA333-KINEMATICS/fra333_lab2_23_1/install/romeona_kinematics_interfaces/lib/libromeona_kinematics_interfaces__rosidl_generator_c.so
[0.310s] -- Up-to-date: /home/ronnakon/FRA333-KINEMATICS/fra333_lab2_23_1/install/romeona_kinematics_interfaces/lib/libromeona_kinematics_interfaces__rosidl_typesupport_introspection_c.so
[0.310s] -- Up-to-date: /home/ronnakon/FRA333-KINEMATICS/fra333_lab2_23_1/install/romeona_kinematics_interfaces/lib/libromeona_kinematics_interfaces__rosidl_typesupport_c.so
[0.310s] -- Up-to-date: /home/ronnakon/FRA333-KINEMATICS/fra333_lab2_23_1/install/romeona_kinematics_interfaces/lib/libromeona_kinematics_interfaces__rosidl_typesupport_introspection_cpp.so
[0.311s] -- Up-to-date: /home/ronnakon/FRA333-KINEMATICS/fra333_lab2_23_1/install/romeona_kinematics_interfaces/lib/libromeona_kinematics_interfaces__rosidl_typesupport_cpp.so
[0.341s] -- Up-to-date: /home/ronnakon/FRA333-KINEMATICS/fra333_lab2_23_1/install/romeona_kinematics_interfaces/share/romeona_kinematics_interfaces/cmake/romeona_kinematics_interfaces__rosidl_generator_cExport.cmake
[0.341s] -- Up-to-date: /home/ronnakon/FRA333-KINEMATICS/fra333_lab2_23_1/install/romeona_kinematics_interfaces/share/romeona_kinematics_interfaces/cmake/romeona_kinematics_interfaces__rosidl_generator_cExport-noconfig.cmake
[0.341s] -- Up-to-date: /home/ronnakon/FRA333-KINEMATICS/fra333_lab2_23_1/install/romeona_kinematics_interfaces/share/romeona_kinematics_interfaces/cmake/romeona_kinematics_interfaces__rosidl_typesupport_introspection_cExport.cmake
[0.341s] -- Up-to-date: /home/ronnakon/FRA333-KINEMATICS/fra333_lab2_23_1/install/romeona_kinematics_interfaces/share/romeona_kinematics_interfaces/cmake/romeona_kinematics_interfaces__rosidl_typesupport_introspection_cExport-noconfig.cmake
[0.341s] -- Up-to-date: /home/ronnakon/FRA333-KINEMATICS/fra333_lab2_23_1/install/romeona_kinematics_interfaces/share/romeona_kinematics_interfaces/cmake/romeona_kinematics_interfaces__rosidl_typesupport_cExport.cmake
[0.341s] -- Up-to-date: /home/ronnakon/FRA333-KINEMATICS/fra333_lab2_23_1/install/romeona_kinematics_interfaces/share/romeona_kinematics_interfaces/cmake/romeona_kinematics_interfaces__rosidl_typesupport_cExport-noconfig.cmake
[0.342s] -- Up-to-date: /home/ronnakon/FRA333-KINEMATICS/fra333_lab2_23_1/install/romeona_kinematics_interfaces/share/romeona_kinematics_interfaces/cmake/romeona_kinematics_interfaces__rosidl_generator_cppExport.cmake
[0.342s] -- Up-to-date: /home/ronnakon/FRA333-KINEMATICS/fra333_lab2_23_1/install/romeona_kinematics_interfaces/share/romeona_kinematics_interfaces/cmake/romeona_kinematics_interfaces__rosidl_typesupport_introspection_cppExport.cmake
[0.342s] -- Up-to-date: /home/ronnakon/FRA333-KINEMATICS/fra333_lab2_23_1/install/romeona_kinematics_interfaces/share/romeona_kinematics_interfaces/cmake/romeona_kinematics_interfaces__rosidl_typesupport_introspection_cppExport-noconfig.cmake
[0.342s] -- Up-to-date: /home/ronnakon/FRA333-KINEMATICS/fra333_lab2_23_1/install/romeona_kinematics_interfaces/share/romeona_kinematics_interfaces/cmake/romeona_kinematics_interfaces__rosidl_typesupport_cppExport.cmake
[0.342s] -- Up-to-date: /home/ronnakon/FRA333-KINEMATICS/fra333_lab2_23_1/install/romeona_kinematics_interfaces/share/romeona_kinematics_interfaces/cmake/romeona_kinematics_interfaces__rosidl_typesupport_cppExport-noconfig.cmake
[0.346s] Invoked command in '/home/ronnakon/FRA333-KINEMATICS/fra333_lab2_23_1/build/romeona_kinematics_interfaces' returned '0': CMAKE_PREFIX_PATH=${CMAKE_PREFIX_PATH}:/opt/ros/foxy /usr/bin/cmake --install /home/ronnakon/FRA333-KINEMATICS/fra333_lab2_23_1/build/romeona_kinematics_interfaces
