[0.011s] Invoking command in '/home/ronnakon/FRA333-KINEMATICS/fra333_lab1_23/fra333_ws/build/fra333_lab1_23': CMAKE_PREFIX_PATH=/opt/ros/foxy /usr/bin/cmake /home/ronnakon/FRA333-KINEMATICS/fra333_lab1_23/fra333_ws/src/fra333_lab1_23 -DCMAKE_INSTALL_PREFIX=/home/ronnakon/FRA333-KINEMATICS/fra333_lab1_23/fra333_ws/install/fra333_lab1_23
[0.063s] -- The C compiler identification is GNU 9.4.0
[0.116s] -- The CXX compiler identification is GNU 9.4.0
[0.123s] -- Check for working C compiler: /usr/bin/cc
[0.185s] -- Check for working C compiler: /usr/bin/cc -- works
[0.185s] -- Detecting C compiler ABI info
[0.242s] -- Detecting C compiler ABI info - done
[0.256s] -- Detecting C compile features
[0.257s] -- Detecting C compile features - done
[0.258s] -- Check for working CXX compiler: /usr/bin/c++
[0.337s] -- Check for working CXX compiler: /usr/bin/c++ -- works
[0.338s] -- Detecting CXX compiler ABI info
[0.409s] -- Detecting CXX compiler ABI info - done
[0.422s] -- Detecting CXX compile features
[0.422s] -- Detecting CXX compile features - done
[0.424s] -- Found ament_cmake: 0.9.9 (/opt/ros/foxy/share/ament_cmake/cmake)
[0.444s] -- Found PythonInterp: /usr/bin/python3 (found suitable version "3.8.10", minimum required is "3") 
[0.444s] -- Using PYTHON_EXECUTABLE: /usr/bin/python3
[0.584s] -- Found rclcpp: 2.4.1 (/opt/ros/foxy/share/rclcpp/cmake)
[0.617s] -- Using all available rosidl_typesupport_c: rosidl_typesupport_fastrtps_c;rosidl_typesupport_introspection_c
[0.622s] -- Found rosidl_adapter: 1.2.1 (/opt/ros/foxy/share/rosidl_adapter/cmake)
[0.699s] -- Found OpenSSL: /usr/lib/x86_64-linux-gnu/libcrypto.so (found version "1.1.1f")  
[0.726s] -- Found FastRTPS: /opt/ros/foxy/include  
[0.796s] -- Using all available rosidl_typesupport_cpp: rosidl_typesupport_fastrtps_cpp;rosidl_typesupport_introspection_cpp
[0.841s] -- Found rmw_implementation_cmake: 1.0.3 (/opt/ros/foxy/share/rmw_implementation_cmake/cmake)
[0.842s] -- Using RMW implementation 'rmw_fastrtps_cpp' as default
[0.842s] -- Looking for pthread.h
[0.907s] -- Looking for pthread.h - found
[0.907s] -- Performing Test CMAKE_HAVE_LIBC_PTHREAD
[0.968s] -- Performing Test CMAKE_HAVE_LIBC_PTHREAD - Failed
[0.969s] -- Looking for pthread_create in pthreads
[1.028s] -- Looking for pthread_create in pthreads - not found
[1.028s] -- Looking for pthread_create in pthread
[1.099s] -- Looking for pthread_create in pthread - found
[1.101s] -- Found Threads: TRUE  
[1.231s] -- Found rclpy: 1.0.8 (/opt/ros/foxy/share/rclpy/cmake)
[1.299s] -- Configuring done
[1.307s] -- Generating done
[1.308s] -- Build files have been written to: /home/ronnakon/FRA333-KINEMATICS/fra333_lab1_23/fra333_ws/build/fra333_lab1_23
[1.312s] Invoked command in '/home/ronnakon/FRA333-KINEMATICS/fra333_lab1_23/fra333_ws/build/fra333_lab1_23' returned '0': CMAKE_PREFIX_PATH=/opt/ros/foxy /usr/bin/cmake /home/ronnakon/FRA333-KINEMATICS/fra333_lab1_23/fra333_ws/src/fra333_lab1_23 -DCMAKE_INSTALL_PREFIX=/home/ronnakon/FRA333-KINEMATICS/fra333_lab1_23/fra333_ws/install/fra333_lab1_23
[1.316s] Invoking command in '/home/ronnakon/FRA333-KINEMATICS/fra333_lab1_23/fra333_ws/build/fra333_lab1_23': CMAKE_PREFIX_PATH=/opt/ros/foxy /usr/bin/cmake --build /home/ronnakon/FRA333-KINEMATICS/fra333_lab1_23/fra333_ws/build/fra333_lab1_23 -- -j12 -l12
[1.362s] [35m[1mScanning dependencies of target cpp_node_test[0m
[1.373s] [ 50%] [32mBuilding CXX object CMakeFiles/cpp_node_test.dir/src/cpp_node.cpp.o[0m
[1.545s] [100%] [32m[1mLinking CXX executable cpp_node_test[0m
[1.613s] [100%] Built target cpp_node_test
[1.623s] Invoked command in '/home/ronnakon/FRA333-KINEMATICS/fra333_lab1_23/fra333_ws/build/fra333_lab1_23' returned '0': CMAKE_PREFIX_PATH=/opt/ros/foxy /usr/bin/cmake --build /home/ronnakon/FRA333-KINEMATICS/fra333_lab1_23/fra333_ws/build/fra333_lab1_23 -- -j12 -l12
[1.659s] Invoking command in '/home/ronnakon/FRA333-KINEMATICS/fra333_lab1_23/fra333_ws/build/fra333_lab1_23': CMAKE_PREFIX_PATH=/opt/ros/foxy /usr/bin/cmake --install /home/ronnakon/FRA333-KINEMATICS/fra333_lab1_23/fra333_ws/build/fra333_lab1_23
[1.664s] -- Install configuration: ""
[1.664s] -- Installing: /home/ronnakon/FRA333-KINEMATICS/fra333_lab1_23/fra333_ws/install/fra333_lab1_23/share/fra333_lab1_23/environment/pythonpath.sh
[1.665s] -- Installing: /home/ronnakon/FRA333-KINEMATICS/fra333_lab1_23/fra333_ws/install/fra333_lab1_23/share/fra333_lab1_23/environment/pythonpath.dsv
[1.665s] -- Installing: /home/ronnakon/FRA333-KINEMATICS/fra333_lab1_23/fra333_ws/install/fra333_lab1_23/lib/python3.8/site-packages/fra333_lab1_23
[1.665s] -- Installing: /home/ronnakon/FRA333-KINEMATICS/fra333_lab1_23/fra333_ws/install/fra333_lab1_23/lib/python3.8/site-packages/fra333_lab1_23/dummy_module.py
[1.665s] -- Installing: /home/ronnakon/FRA333-KINEMATICS/fra333_lab1_23/fra333_ws/install/fra333_lab1_23/lib/python3.8/site-packages/fra333_lab1_23/__init__.py
[1.691s] Listing '/home/ronnakon/FRA333-KINEMATICS/fra333_lab1_23/fra333_ws/install/fra333_lab1_23/lib/python3.8/site-packages/fra333_lab1_23'...
[1.692s] Compiling '/home/ronnakon/FRA333-KINEMATICS/fra333_lab1_23/fra333_ws/install/fra333_lab1_23/lib/python3.8/site-packages/fra333_lab1_23/__init__.py'...
[1.692s] Compiling '/home/ronnakon/FRA333-KINEMATICS/fra333_lab1_23/fra333_ws/install/fra333_lab1_23/lib/python3.8/site-packages/fra333_lab1_23/dummy_module.py'...
[1.694s] -- Installing: /home/ronnakon/FRA333-KINEMATICS/fra333_lab1_23/fra333_ws/install/fra333_lab1_23/lib/fra333_lab1_23/dummy_script.py
[1.694s] -- Installing: /home/ronnakon/FRA333-KINEMATICS/fra333_lab1_23/fra333_ws/install/fra333_lab1_23/lib/fra333_lab1_23/cpp_node_test
[1.695s] -- Set runtime path of "/home/ronnakon/FRA333-KINEMATICS/fra333_lab1_23/fra333_ws/install/fra333_lab1_23/lib/fra333_lab1_23/cpp_node_test" to ""
[1.695s] -- Up-to-date: /home/ronnakon/FRA333-KINEMATICS/fra333_lab1_23/fra333_ws/install/fra333_lab1_23/share/fra333_lab1_23
[1.695s] -- Installing: /home/ronnakon/FRA333-KINEMATICS/fra333_lab1_23/fra333_ws/install/fra333_lab1_23/share/ament_index/resource_index/package_run_dependencies/fra333_lab1_23
[1.695s] -- Installing: /home/ronnakon/FRA333-KINEMATICS/fra333_lab1_23/fra333_ws/install/fra333_lab1_23/share/ament_index/resource_index/parent_prefix_path/fra333_lab1_23
[1.696s] -- Installing: /home/ronnakon/FRA333-KINEMATICS/fra333_lab1_23/fra333_ws/install/fra333_lab1_23/share/fra333_lab1_23/environment/ament_prefix_path.sh
[1.696s] -- Installing: /home/ronnakon/FRA333-KINEMATICS/fra333_lab1_23/fra333_ws/install/fra333_lab1_23/share/fra333_lab1_23/environment/ament_prefix_path.dsv
[1.696s] -- Installing: /home/ronnakon/FRA333-KINEMATICS/fra333_lab1_23/fra333_ws/install/fra333_lab1_23/share/fra333_lab1_23/environment/path.sh
[1.696s] -- Installing: /home/ronnakon/FRA333-KINEMATICS/fra333_lab1_23/fra333_ws/install/fra333_lab1_23/share/fra333_lab1_23/environment/path.dsv
[1.696s] -- Installing: /home/ronnakon/FRA333-KINEMATICS/fra333_lab1_23/fra333_ws/install/fra333_lab1_23/share/fra333_lab1_23/local_setup.bash
[1.697s] -- Installing: /home/ronnakon/FRA333-KINEMATICS/fra333_lab1_23/fra333_ws/install/fra333_lab1_23/share/fra333_lab1_23/local_setup.sh
[1.697s] -- Installing: /home/ronnakon/FRA333-KINEMATICS/fra333_lab1_23/fra333_ws/install/fra333_lab1_23/share/fra333_lab1_23/local_setup.zsh
[1.697s] -- Installing: /home/ronnakon/FRA333-KINEMATICS/fra333_lab1_23/fra333_ws/install/fra333_lab1_23/share/fra333_lab1_23/local_setup.dsv
[1.697s] -- Installing: /home/ronnakon/FRA333-KINEMATICS/fra333_lab1_23/fra333_ws/install/fra333_lab1_23/share/fra333_lab1_23/package.dsv
[1.697s] -- Installing: /home/ronnakon/FRA333-KINEMATICS/fra333_lab1_23/fra333_ws/install/fra333_lab1_23/share/ament_index/resource_index/packages/fra333_lab1_23
[1.697s] -- Installing: /home/ronnakon/FRA333-KINEMATICS/fra333_lab1_23/fra333_ws/install/fra333_lab1_23/share/fra333_lab1_23/cmake/fra333_lab1_23Config.cmake
[1.698s] -- Installing: /home/ronnakon/FRA333-KINEMATICS/fra333_lab1_23/fra333_ws/install/fra333_lab1_23/share/fra333_lab1_23/cmake/fra333_lab1_23Config-version.cmake
[1.698s] -- Installing: /home/ronnakon/FRA333-KINEMATICS/fra333_lab1_23/fra333_ws/install/fra333_lab1_23/share/fra333_lab1_23/package.xml
[1.700s] Invoked command in '/home/ronnakon/FRA333-KINEMATICS/fra333_lab1_23/fra333_ws/build/fra333_lab1_23' returned '0': CMAKE_PREFIX_PATH=/opt/ros/foxy /usr/bin/cmake --install /home/ronnakon/FRA333-KINEMATICS/fra333_lab1_23/fra333_ws/build/fra333_lab1_23
