[0.040s] Invoking command in '/home/ronnakon/FRA333-KINEMATICS/LAB3_ws/build/xicro_pkg': CMAKE_PREFIX_PATH=${CMAKE_PREFIX_PATH}:/opt/ros/foxy /usr/bin/cmake /home/ronnakon/FRA333-KINEMATICS/LAB3_ws/src/Xicro/xicro_pkg -DAMENT_CMAKE_SYMLINK_INSTALL=1 -DCMAKE_INSTALL_PREFIX=/home/ronnakon/FRA333-KINEMATICS/LAB3_ws/install/xicro_pkg
[0.099s] -- Found ament_cmake: 0.9.11 (/opt/ros/foxy/share/ament_cmake/cmake)
[0.133s] -- Using PYTHON_EXECUTABLE: /usr/bin/python3
[0.405s] -- Override CMake install command with custom implementation using symlinks instead of copying resources
[0.419s] -- Found rclcpp: 2.4.2 (/opt/ros/foxy/share/rclcpp/cmake)
[0.467s] -- Using all available rosidl_typesupport_c: rosidl_typesupport_fastrtps_c;rosidl_typesupport_introspection_c
[0.471s] -- Found rosidl_adapter: 1.3.0 (/opt/ros/foxy/share/rosidl_adapter/cmake)
[0.630s] -- Using all available rosidl_typesupport_cpp: rosidl_typesupport_fastrtps_cpp;rosidl_typesupport_introspection_cpp
[0.696s] -- Found rmw_implementation_cmake: 1.0.3 (/opt/ros/foxy/share/rmw_implementation_cmake/cmake)
[0.698s] -- Using RMW implementation 'rmw_fastrtps_cpp' as default
[0.906s] -- Found rclpy: 1.0.11 (/opt/ros/foxy/share/rclpy/cmake)
[1.012s] -- Configuring done
[1.020s] -- Generating done
[1.023s] -- Build files have been written to: /home/ronnakon/FRA333-KINEMATICS/LAB3_ws/build/xicro_pkg
[1.034s] Invoked command in '/home/ronnakon/FRA333-KINEMATICS/LAB3_ws/build/xicro_pkg' returned '0': CMAKE_PREFIX_PATH=${CMAKE_PREFIX_PATH}:/opt/ros/foxy /usr/bin/cmake /home/ronnakon/FRA333-KINEMATICS/LAB3_ws/src/Xicro/xicro_pkg -DAMENT_CMAKE_SYMLINK_INSTALL=1 -DCMAKE_INSTALL_PREFIX=/home/ronnakon/FRA333-KINEMATICS/LAB3_ws/install/xicro_pkg
[1.040s] Invoking command in '/home/ronnakon/FRA333-KINEMATICS/LAB3_ws/build/xicro_pkg': CMAKE_PREFIX_PATH=${CMAKE_PREFIX_PATH}:/opt/ros/foxy /usr/bin/cmake --build /home/ronnakon/FRA333-KINEMATICS/LAB3_ws/build/xicro_pkg -- -j4 -l4
[1.111s] Invoked command in '/home/ronnakon/FRA333-KINEMATICS/LAB3_ws/build/xicro_pkg' returned '0': CMAKE_PREFIX_PATH=${CMAKE_PREFIX_PATH}:/opt/ros/foxy /usr/bin/cmake --build /home/ronnakon/FRA333-KINEMATICS/LAB3_ws/build/xicro_pkg -- -j4 -l4
[1.166s] Invoking command in '/home/ronnakon/FRA333-KINEMATICS/LAB3_ws/build/xicro_pkg': CMAKE_PREFIX_PATH=${CMAKE_PREFIX_PATH}:/opt/ros/foxy /usr/bin/cmake --install /home/ronnakon/FRA333-KINEMATICS/LAB3_ws/build/xicro_pkg
[1.181s] -- Install configuration: ""
[1.181s] -- Execute custom install script
[1.182s] -- Up-to-date symlink: /home/ronnakon/FRA333-KINEMATICS/LAB3_ws/install/xicro_pkg/share/xicro_pkg/environment/pythonpath.sh
[1.183s] -- Up-to-date symlink: /home/ronnakon/FRA333-KINEMATICS/LAB3_ws/install/xicro_pkg/share/xicro_pkg/environment/pythonpath.dsv
[1.185s] -- Up-to-date symlink: /home/ronnakon/FRA333-KINEMATICS/LAB3_ws/install/xicro_pkg/lib/python3.8/site-packages/xicro_pkg/__init__.py
[1.186s] -- Up-to-date symlink: /home/ronnakon/FRA333-KINEMATICS/LAB3_ws/install/xicro_pkg/lib/xicro_pkg/gui_xicro.py
[1.186s] -- Up-to-date symlink: /home/ronnakon/FRA333-KINEMATICS/LAB3_ws/install/xicro_pkg/lib/xicro_pkg/generate_library.py
[1.187s] -- Up-to-date symlink: /home/ronnakon/FRA333-KINEMATICS/LAB3_ws/install/xicro_pkg/lib/xicro_pkg/generate_xicro_node.py
[1.187s] -- Up-to-date symlink: /home/ronnakon/FRA333-KINEMATICS/LAB3_ws/install/xicro_pkg/lib/xicro_pkg/fake_Imu_node.py
[1.188s] -- Up-to-date symlink: /home/ronnakon/FRA333-KINEMATICS/LAB3_ws/install/xicro_pkg/lib/xicro_pkg/xicro_node_read_imu_ID_3_arduino.py
[1.191s] -- Up-to-date symlink: /home/ronnakon/FRA333-KINEMATICS/LAB3_ws/install/xicro_pkg/share/xicro_pkg/config/.Xicro_node_preSetup.txt
[1.191s] -- Up-to-date symlink: /home/ronnakon/FRA333-KINEMATICS/LAB3_ws/install/xicro_pkg/share/xicro_pkg/config/.arduino_cpp_preSetup.txt
[1.191s] -- Up-to-date symlink: /home/ronnakon/FRA333-KINEMATICS/LAB3_ws/install/xicro_pkg/share/xicro_pkg/config/.arduino_h_preSetup.txt
[1.192s] -- Up-to-date symlink: /home/ronnakon/FRA333-KINEMATICS/LAB3_ws/install/xicro_pkg/share/xicro_pkg/config/.stm32_cpp_preSetup.txt
[1.192s] -- Up-to-date symlink: /home/ronnakon/FRA333-KINEMATICS/LAB3_ws/install/xicro_pkg/share/xicro_pkg/config/.stm32_h_preSetup.txt
[1.192s] -- Up-to-date symlink: /home/ronnakon/FRA333-KINEMATICS/LAB3_ws/install/xicro_pkg/share/xicro_pkg/config/setup_xicro.yaml
[1.193s] -- Up-to-date symlink: /home/ronnakon/FRA333-KINEMATICS/LAB3_ws/install/xicro_pkg/share/ament_index/resource_index/package_run_dependencies/xicro_pkg
[1.195s] -- Up-to-date symlink: /home/ronnakon/FRA333-KINEMATICS/LAB3_ws/install/xicro_pkg/share/ament_index/resource_index/parent_prefix_path/xicro_pkg
[1.196s] -- Up-to-date symlink: /home/ronnakon/FRA333-KINEMATICS/LAB3_ws/install/xicro_pkg/share/xicro_pkg/environment/ament_prefix_path.sh
[1.197s] -- Up-to-date symlink: /home/ronnakon/FRA333-KINEMATICS/LAB3_ws/install/xicro_pkg/share/xicro_pkg/environment/ament_prefix_path.dsv
[1.198s] -- Up-to-date symlink: /home/ronnakon/FRA333-KINEMATICS/LAB3_ws/install/xicro_pkg/share/xicro_pkg/environment/path.sh
[1.199s] -- Up-to-date symlink: /home/ronnakon/FRA333-KINEMATICS/LAB3_ws/install/xicro_pkg/share/xicro_pkg/environment/path.dsv
[1.200s] -- Up-to-date symlink: /home/ronnakon/FRA333-KINEMATICS/LAB3_ws/install/xicro_pkg/share/xicro_pkg/local_setup.bash
[1.200s] -- Up-to-date symlink: /home/ronnakon/FRA333-KINEMATICS/LAB3_ws/install/xicro_pkg/share/xicro_pkg/local_setup.sh
[1.201s] -- Up-to-date symlink: /home/ronnakon/FRA333-KINEMATICS/LAB3_ws/install/xicro_pkg/share/xicro_pkg/local_setup.zsh
[1.201s] -- Up-to-date symlink: /home/ronnakon/FRA333-KINEMATICS/LAB3_ws/install/xicro_pkg/share/xicro_pkg/local_setup.dsv
[1.201s] -- Symlinking: /home/ronnakon/FRA333-KINEMATICS/LAB3_ws/install/xicro_pkg/share/xicro_pkg/package.dsv
[1.218s] -- Up-to-date symlink: /home/ronnakon/FRA333-KINEMATICS/LAB3_ws/install/xicro_pkg/share/ament_index/resource_index/packages/xicro_pkg
[1.219s] -- Up-to-date symlink: /home/ronnakon/FRA333-KINEMATICS/LAB3_ws/install/xicro_pkg/share/xicro_pkg/cmake/xicro_pkgConfig.cmake
[1.219s] -- Up-to-date symlink: /home/ronnakon/FRA333-KINEMATICS/LAB3_ws/install/xicro_pkg/share/xicro_pkg/cmake/xicro_pkgConfig-version.cmake
[1.220s] -- Up-to-date symlink: /home/ronnakon/FRA333-KINEMATICS/LAB3_ws/install/xicro_pkg/share/xicro_pkg/package.xml
[1.263s] Listing '/home/ronnakon/FRA333-KINEMATICS/LAB3_ws/install/xicro_pkg/lib/python3.8/site-packages/xicro_pkg'...
[1.274s] Invoked command in '/home/ronnakon/FRA333-KINEMATICS/LAB3_ws/build/xicro_pkg' returned '0': CMAKE_PREFIX_PATH=${CMAKE_PREFIX_PATH}:/opt/ros/foxy /usr/bin/cmake --install /home/ronnakon/FRA333-KINEMATICS/LAB3_ws/build/xicro_pkg
