[0.048s] Invoking command in '/home/ronnakon/FRA333-KINEMATICS/fra333_lab4-main/build/romeona_description': CMAKE_PREFIX_PATH=/opt/ros/foxy /usr/bin/cmake --build /home/ronnakon/FRA333-KINEMATICS/fra333_lab4-main/build/romeona_description -- -j4 -l4
[0.112s] -- Found rosidl_default_generators: 1.0.1 (/opt/ros/foxy/share/rosidl_default_generators/cmake)
[0.113s] -- Found ament_cmake_core: 0.9.11 (/opt/ros/foxy/share/ament_cmake_core/cmake)
[0.146s] -- Using PYTHON_EXECUTABLE: /usr/bin/python3
[0.585s] -- Override CMake install command with custom implementation using symlinks instead of copying resources
[0.591s] -- Using all available rosidl_typesupport_c: rosidl_typesupport_fastrtps_c;rosidl_typesupport_introspection_c
[0.599s] -- Found rosidl_adapter: 1.3.0 (/opt/ros/foxy/share/rosidl_adapter/cmake)
[0.859s] -- Using all available rosidl_typesupport_cpp: rosidl_typesupport_fastrtps_cpp;rosidl_typesupport_introspection_cpp
[0.924s] -- Found geometry_msgs: 2.0.5 (/opt/ros/foxy/share/geometry_msgs/cmake)
[1.117s] -- Found sensor_msgs: 2.0.5 (/opt/ros/foxy/share/sensor_msgs/cmake)
[1.315s] -- Found rclcpp: 2.4.2 (/opt/ros/foxy/share/rclcpp/cmake)
[1.414s] -- Found rmw_implementation_cmake: 1.0.3 (/opt/ros/foxy/share/rmw_implementation_cmake/cmake)
[1.417s] -- Using RMW implementation 'rmw_fastrtps_cpp' as default
[1.643s] -- Found rclpy: 1.0.11 (/opt/ros/foxy/share/rclpy/cmake)
[1.744s] -- Configuring done
[1.750s] -- Generating done
[1.751s] -- Build files have been written to: /home/ronnakon/FRA333-KINEMATICS/fra333_lab4-main/build/romeona_description
[1.792s] Invoked command in '/home/ronnakon/FRA333-KINEMATICS/fra333_lab4-main/build/romeona_description' returned '0': CMAKE_PREFIX_PATH=/opt/ros/foxy /usr/bin/cmake --build /home/ronnakon/FRA333-KINEMATICS/fra333_lab4-main/build/romeona_description -- -j4 -l4
[1.828s] Invoking command in '/home/ronnakon/FRA333-KINEMATICS/fra333_lab4-main/build/romeona_description': CMAKE_PREFIX_PATH=/opt/ros/foxy /usr/bin/cmake --install /home/ronnakon/FRA333-KINEMATICS/fra333_lab4-main/build/romeona_description
[1.842s] -- Install configuration: ""
[1.843s] -- Execute custom install script
[1.844s] -- Up-to-date symlink: /home/ronnakon/FRA333-KINEMATICS/fra333_lab4-main/install/romeona_description/share/romeona_description/environment/pythonpath.sh
[1.845s] -- Up-to-date symlink: /home/ronnakon/FRA333-KINEMATICS/fra333_lab4-main/install/romeona_description/share/romeona_description/environment/pythonpath.dsv
[1.845s] -- Up-to-date symlink: /home/ronnakon/FRA333-KINEMATICS/fra333_lab4-main/install/romeona_description/lib/python3.8/site-packages/romeona_description/__init__.py
[1.846s] -- Up-to-date symlink: /home/ronnakon/FRA333-KINEMATICS/fra333_lab4-main/install/romeona_description/share/romeona_description/description/example_gazebo.xacro
[1.847s] -- Up-to-date symlink: /home/ronnakon/FRA333-KINEMATICS/fra333_lab4-main/install/romeona_description/share/romeona_description/description/example_include.xacro
[1.847s] -- Up-to-date symlink: /home/ronnakon/FRA333-KINEMATICS/fra333_lab4-main/install/romeona_description/share/romeona_description/description/example_robot.urdf.xacro
[1.848s] -- Up-to-date symlink: /home/ronnakon/FRA333-KINEMATICS/fra333_lab4-main/install/romeona_description/share/romeona_description/launch/dummy_gazebo.launch.py
[1.848s] -- Up-to-date symlink: /home/ronnakon/FRA333-KINEMATICS/fra333_lab4-main/install/romeona_description/share/romeona_description/config/description_rviz.rviz
[1.849s] -- Up-to-date symlink: /home/ronnakon/FRA333-KINEMATICS/fra333_lab4-main/install/romeona_description/share/romeona_description/config/myrobot_controllers.yaml
[1.849s] -- Symlinking: /home/ronnakon/FRA333-KINEMATICS/fra333_lab4-main/install/romeona_description/share/romeona_description/meshes/link_0.stl
[1.866s] -- Symlinking: /home/ronnakon/FRA333-KINEMATICS/fra333_lab4-main/install/romeona_description/share/romeona_description/meshes/link_1.stl
[1.883s] -- Symlinking: /home/ronnakon/FRA333-KINEMATICS/fra333_lab4-main/install/romeona_description/share/romeona_description/meshes/link_2.stl
[1.900s] -- Symlinking: /home/ronnakon/FRA333-KINEMATICS/fra333_lab4-main/install/romeona_description/share/romeona_description/meshes/link_3.stl
[1.920s] CMake Error at ament_cmake_symlink_install/ament_cmake_symlink_install.cmake:100 (message):
[1.920s]   ament_cmake_symlink_install_directory() can't find
[1.920s]   '/home/ronnakon/FRA333-KINEMATICS/fra333_lab4-main/lab4/romeona_description/romeona_control'
[1.920s] Call Stack (most recent call first):
[1.920s]   ament_cmake_symlink_install/ament_cmake_symlink_install.cmake:326 (ament_cmake_symlink_install_directory)
[1.920s]   cmake_install.cmake:41 (include)
[1.921s] 
[1.921s] 
[1.944s] Invoked command in '/home/ronnakon/FRA333-KINEMATICS/fra333_lab4-main/build/romeona_description' returned '1': CMAKE_PREFIX_PATH=/opt/ros/foxy /usr/bin/cmake --install /home/ronnakon/FRA333-KINEMATICS/fra333_lab4-main/build/romeona_description
