[0.015s] Invoking command in '/home/ronnakon/FRA333-KINEMATICS/fra333_lab1/lab1_ws/build/fra333_lab1_23': /usr/bin/cmake /home/ronnakon/FRA333-KINEMATICS/fra333_lab1/lab1_ws/src/fra333_lab1_23 -DAMENT_CMAKE_SYMLINK_INSTALL=1 -DCMAKE_INSTALL_PREFIX=/home/ronnakon/FRA333-KINEMATICS/fra333_lab1/lab1_ws/install/fra333_lab1_23
[0.036s] CMake Warning at CMakeLists.txt:19 (find_package):
[0.036s]   By not providing "Findgeometry_msgs.cmake" in CMAKE_MODULE_PATH this
[0.036s]   project has asked CMake to find a package configuration file provided by
[0.036s]   "geometry_msgs", but CMake did not find one.
[0.036s] 
[0.036s]   Could not find a package configuration file provided by "geometry_msgs"
[0.036s]   with any of the following names:
[0.037s] 
[0.037s]     geometry_msgsConfig.cmake
[0.038s]     geometry_msgs-config.cmake
[0.038s] 
[0.038s]   Add the installation prefix of "geometry_msgs" to CMAKE_PREFIX_PATH or set
[0.038s]   "geometry_msgs_DIR" to a directory containing one of the above files.  If
[0.038s]   "geometry_msgs" provides a separate development package or SDK, be sure it
[0.038s]   has been installed.
[0.038s] 
[0.038s] 
[0.044s] CMake Error at CMakeLists.txt:20 (find_package):
[0.044s]   By not providing "Findament_cmake.cmake" in CMAKE_MODULE_PATH this project
[0.044s]   has asked CMake to find a package configuration file provided by
[0.044s]   "ament_cmake", but CMake did not find one.
[0.044s] 
[0.044s]   Could not find a package configuration file provided by "ament_cmake" with
[0.044s]   any of the following names:
[0.045s] 
[0.045s]     ament_cmakeConfig.cmake
[0.045s]     ament_cmake-config.cmake
[0.045s] 
[0.045s]   Add the installation prefix of "ament_cmake" to CMAKE_PREFIX_PATH or set
[0.045s]   "ament_cmake_DIR" to a directory containing one of the above files.  If
[0.045s]   "ament_cmake" provides a separate development package or SDK, be sure it
[0.045s]   has been installed.
[0.045s] 
[0.045s] 
[0.045s] -- Configuring incomplete, errors occurred!
[0.045s] See also "/home/ronnakon/FRA333-KINEMATICS/fra333_lab1/lab1_ws/build/fra333_lab1_23/CMakeFiles/CMakeOutput.log".
[0.046s] Invoked command in '/home/ronnakon/FRA333-KINEMATICS/fra333_lab1/lab1_ws/build/fra333_lab1_23' returned '1': /usr/bin/cmake /home/ronnakon/FRA333-KINEMATICS/fra333_lab1/lab1_ws/src/fra333_lab1_23 -DAMENT_CMAKE_SYMLINK_INSTALL=1 -DCMAKE_INSTALL_PREFIX=/home/ronnakon/FRA333-KINEMATICS/fra333_lab1/lab1_ws/install/fra333_lab1_23
