[0.011s] Invoking command in '/home/ronnakon/FRA333-KINEMATICS/fra333_lab1/lab1_ws/build/lab1_interfaces': /usr/bin/cmake /home/ronnakon/FRA333-KINEMATICS/fra333_lab1/lab1_ws/src/lab1_interfaces -DAMENT_CMAKE_SYMLINK_INSTALL=1 -DCMAKE_INSTALL_PREFIX=/home/ronnakon/FRA333-KINEMATICS/fra333_lab1/lab1_ws/install/lab1_interfaces
[0.061s] -- The C compiler identification is GNU 9.4.0
[0.110s] -- The CXX compiler identification is GNU 9.4.0
[0.116s] -- Check for working C compiler: /usr/bin/cc
[0.183s] -- Check for working C compiler: /usr/bin/cc -- works
[0.184s] -- Detecting C compiler ABI info
[0.246s] -- Detecting C compiler ABI info - done
[0.255s] -- Detecting C compile features
[0.256s] -- Detecting C compile features - done
[0.258s] -- Check for working CXX compiler: /usr/bin/c++
[0.322s] -- Check for working CXX compiler: /usr/bin/c++ -- works
[0.324s] -- Detecting CXX compiler ABI info
[0.383s] -- Detecting CXX compiler ABI info - done
[0.393s] -- Detecting CXX compile features
[0.394s] -- Detecting CXX compile features - done
[0.402s] CMake Error at CMakeLists.txt:19 (find_package):
[0.402s]   By not providing "Findament_cmake.cmake" in CMAKE_MODULE_PATH this project
[0.402s]   has asked CMake to find a package configuration file provided by
[0.402s]   "ament_cmake", but CMake did not find one.
[0.402s] 
[0.402s]   Could not find a package configuration file provided by "ament_cmake" with
[0.402s]   any of the following names:
[0.402s] 
[0.402s]     ament_cmakeConfig.cmake
[0.402s]     ament_cmake-config.cmake
[0.402s] 
[0.402s]   Add the installation prefix of "ament_cmake" to CMAKE_PREFIX_PATH or set
[0.403s]   "ament_cmake_DIR" to a directory containing one of the above files.  If
[0.403s]   "ament_cmake" provides a separate development package or SDK, be sure it
[0.403s]   has been installed.
[0.403s] 
[0.403s] 
[0.403s] -- Configuring incomplete, errors occurred!
[0.403s] See also "/home/ronnakon/FRA333-KINEMATICS/fra333_lab1/lab1_ws/build/lab1_interfaces/CMakeFiles/CMakeOutput.log".
[0.406s] Invoked command in '/home/ronnakon/FRA333-KINEMATICS/fra333_lab1/lab1_ws/build/lab1_interfaces' returned '1': /usr/bin/cmake /home/ronnakon/FRA333-KINEMATICS/fra333_lab1/lab1_ws/src/lab1_interfaces -DAMENT_CMAKE_SYMLINK_INSTALL=1 -DCMAKE_INSTALL_PREFIX=/home/ronnakon/FRA333-KINEMATICS/fra333_lab1/lab1_ws/install/lab1_interfaces
