[0.015s] Invoking command in '/home/ronnakon/FRA333-KINEMATICS/fra333_lab1_23/fra333_ws/build/fra333_lab1_23': CMAKE_PREFIX_PATH=/opt/ros/foxy /usr/bin/cmake /home/ronnakon/FRA333-KINEMATICS/fra333_lab1_23/fra333_ws/src/fra333_lab1_23 -DAMENT_CMAKE_SYMLINK_INSTALL=1 -DCMAKE_INSTALL_PREFIX=/home/ronnakon/FRA333-KINEMATICS/fra333_lab1_23/fra333_ws/install/fra333_lab1_23
[0.090s] -- The C compiler identification is GNU 9.4.0
[0.153s] -- The CXX compiler identification is GNU 9.4.0
[0.158s] -- Check for working C compiler: /usr/bin/cc
[0.214s] -- Check for working C compiler: /usr/bin/cc -- works
[0.215s] -- Detecting C compiler ABI info
[0.280s] -- Detecting C compiler ABI info - done
[0.291s] -- Detecting C compile features
[0.291s] -- Detecting C compile features - done
[0.293s] -- Check for working CXX compiler: /usr/bin/c++
[0.361s] -- Check for working CXX compiler: /usr/bin/c++ -- works
[0.363s] -- Detecting CXX compiler ABI info
[0.440s] -- Detecting CXX compiler ABI info - done
[0.459s] -- Detecting CXX compile features
[0.460s] -- Detecting CXX compile features - done
[0.462s] -- Found ament_cmake: 0.9.9 (/opt/ros/foxy/share/ament_cmake/cmake)
[0.480s] -- Found PythonInterp: /usr/bin/python3 (found suitable version "3.8.10", minimum required is "3") 
[0.480s] -- Using PYTHON_EXECUTABLE: /usr/bin/python3
[0.629s] -- Override CMake install command with custom implementation using symlinks instead of copying resources
[0.651s] -- Found rclcpp: 2.4.1 (/opt/ros/foxy/share/rclcpp/cmake)
[0.686s] -- Using all available rosidl_typesupport_c: rosidl_typesupport_fastrtps_c;rosidl_typesupport_introspection_c
[0.692s] -- Found rosidl_adapter: 1.2.1 (/opt/ros/foxy/share/rosidl_adapter/cmake)
[0.764s] -- Found OpenSSL: /usr/lib/x86_64-linux-gnu/libcrypto.so (found version "1.1.1f")  
[0.791s] -- Found FastRTPS: /opt/ros/foxy/include  
[0.865s] -- Using all available rosidl_typesupport_cpp: rosidl_typesupport_fastrtps_cpp;rosidl_typesupport_introspection_cpp
[0.913s] -- Found rmw_implementation_cmake: 1.0.3 (/opt/ros/foxy/share/rmw_implementation_cmake/cmake)
[0.914s] -- Using RMW implementation 'rmw_fastrtps_cpp' as default
[0.915s] -- Looking for pthread.h
[0.980s] -- Looking for pthread.h - found
[0.981s] -- Performing Test CMAKE_HAVE_LIBC_PTHREAD
[1.048s] -- Performing Test CMAKE_HAVE_LIBC_PTHREAD - Failed
[1.048s] -- Looking for pthread_create in pthreads
[1.111s] -- Looking for pthread_create in pthreads - not found
[1.112s] -- Looking for pthread_create in pthread
[1.178s] -- Looking for pthread_create in pthread - found
[1.179s] -- Found Threads: TRUE  
[1.321s] -- Found rclpy: 1.0.8 (/opt/ros/foxy/share/rclpy/cmake)
[1.405s] -- Configuring done
[1.410s] -- Generating done
[1.411s] -- Build files have been written to: /home/ronnakon/FRA333-KINEMATICS/fra333_lab1_23/fra333_ws/build/fra333_lab1_23
[1.416s] Invoked command in '/home/ronnakon/FRA333-KINEMATICS/fra333_lab1_23/fra333_ws/build/fra333_lab1_23' returned '0': CMAKE_PREFIX_PATH=/opt/ros/foxy /usr/bin/cmake /home/ronnakon/FRA333-KINEMATICS/fra333_lab1_23/fra333_ws/src/fra333_lab1_23 -DAMENT_CMAKE_SYMLINK_INSTALL=1 -DCMAKE_INSTALL_PREFIX=/home/ronnakon/FRA333-KINEMATICS/fra333_lab1_23/fra333_ws/install/fra333_lab1_23
[1.418s] Invoking command in '/home/ronnakon/FRA333-KINEMATICS/fra333_lab1_23/fra333_ws/build/fra333_lab1_23': CMAKE_PREFIX_PATH=/opt/ros/foxy /usr/bin/cmake --build /home/ronnakon/FRA333-KINEMATICS/fra333_lab1_23/fra333_ws/build/fra333_lab1_23 -- -j12 -l12
[1.460s] [35m[1mScanning dependencies of target cpp_node_test[0m
[1.473s] [ 50%] [32mBuilding CXX object CMakeFiles/cpp_node_test.dir/src/cpp_node.cpp.o[0m
[1.697s] [100%] [32m[1mLinking CXX executable cpp_node_test[0m
[1.796s] [100%] Built target cpp_node_test
[1.808s] Invoked command in '/home/ronnakon/FRA333-KINEMATICS/fra333_lab1_23/fra333_ws/build/fra333_lab1_23' returned '0': CMAKE_PREFIX_PATH=/opt/ros/foxy /usr/bin/cmake --build /home/ronnakon/FRA333-KINEMATICS/fra333_lab1_23/fra333_ws/build/fra333_lab1_23 -- -j12 -l12
[1.843s] Invoking command in '/home/ronnakon/FRA333-KINEMATICS/fra333_lab1_23/fra333_ws/build/fra333_lab1_23': CMAKE_PREFIX_PATH=/opt/ros/foxy /usr/bin/cmake --install /home/ronnakon/FRA333-KINEMATICS/fra333_lab1_23/fra333_ws/build/fra333_lab1_23
[1.850s] -- Install configuration: ""
[1.850s] -- Execute custom install script
[1.850s] -- Symlinking: /home/ronnakon/FRA333-KINEMATICS/fra333_lab1_23/fra333_ws/install/fra333_lab1_23/share/fra333_lab1_23/environment/pythonpath.sh
[1.859s] -- Symlinking: /home/ronnakon/FRA333-KINEMATICS/fra333_lab1_23/fra333_ws/install/fra333_lab1_23/share/fra333_lab1_23/environment/pythonpath.dsv
[1.873s] -- Symlinking: /home/ronnakon/FRA333-KINEMATICS/fra333_lab1_23/fra333_ws/install/fra333_lab1_23/lib/python3.8/site-packages/fra333_lab1_23/__init__.py
[1.881s] -- Symlinking: /home/ronnakon/FRA333-KINEMATICS/fra333_lab1_23/fra333_ws/install/fra333_lab1_23/lib/python3.8/site-packages/fra333_lab1_23/dummy_module.py
[1.888s] -- Symlinking: /home/ronnakon/FRA333-KINEMATICS/fra333_lab1_23/fra333_ws/install/fra333_lab1_23/lib/fra333_lab1_23/dummy_script.py
[1.897s] -- Symlinking: /home/ronnakon/FRA333-KINEMATICS/fra333_lab1_23/fra333_ws/install/fra333_lab1_23/lib/fra333_lab1_23/noise_generator.py
[1.908s] -- Symlinking: /home/ronnakon/FRA333-KINEMATICS/fra333_lab1_23/fra333_ws/install/fra333_lab1_23/lib/fra333_lab1_23/velocity_mux.py
[1.918s] -- Symlinking: /home/ronnakon/FRA333-KINEMATICS/fra333_lab1_23/fra333_ws/install/fra333_lab1_23/lib/fra333_lab1_23/cpp_node_test
[1.927s] -- Symlinking: /home/ronnakon/FRA333-KINEMATICS/fra333_lab1_23/fra333_ws/install/fra333_lab1_23/share/fra333_lab1_23/launch/random_walk.launch.py
[1.935s] -- Symlinking: /home/ronnakon/FRA333-KINEMATICS/fra333_lab1_23/fra333_ws/install/fra333_lab1_23/share/ament_index/resource_index/package_run_dependencies/fra333_lab1_23
[1.943s] -- Symlinking: /home/ronnakon/FRA333-KINEMATICS/fra333_lab1_23/fra333_ws/install/fra333_lab1_23/share/ament_index/resource_index/parent_prefix_path/fra333_lab1_23
[1.954s] -- Symlinking: /home/ronnakon/FRA333-KINEMATICS/fra333_lab1_23/fra333_ws/install/fra333_lab1_23/share/fra333_lab1_23/environment/ament_prefix_path.sh
[1.963s] -- Symlinking: /home/ronnakon/FRA333-KINEMATICS/fra333_lab1_23/fra333_ws/install/fra333_lab1_23/share/fra333_lab1_23/environment/ament_prefix_path.dsv
[1.971s] -- Symlinking: /home/ronnakon/FRA333-KINEMATICS/fra333_lab1_23/fra333_ws/install/fra333_lab1_23/share/fra333_lab1_23/environment/path.sh
[1.979s] -- Symlinking: /home/ronnakon/FRA333-KINEMATICS/fra333_lab1_23/fra333_ws/install/fra333_lab1_23/share/fra333_lab1_23/environment/path.dsv
[1.987s] -- Symlinking: /home/ronnakon/FRA333-KINEMATICS/fra333_lab1_23/fra333_ws/install/fra333_lab1_23/share/fra333_lab1_23/local_setup.bash
[1.999s] -- Symlinking: /home/ronnakon/FRA333-KINEMATICS/fra333_lab1_23/fra333_ws/install/fra333_lab1_23/share/fra333_lab1_23/local_setup.sh
[2.009s] -- Symlinking: /home/ronnakon/FRA333-KINEMATICS/fra333_lab1_23/fra333_ws/install/fra333_lab1_23/share/fra333_lab1_23/local_setup.zsh
[2.016s] -- Symlinking: /home/ronnakon/FRA333-KINEMATICS/fra333_lab1_23/fra333_ws/install/fra333_lab1_23/share/fra333_lab1_23/local_setup.dsv
[2.023s] -- Symlinking: /home/ronnakon/FRA333-KINEMATICS/fra333_lab1_23/fra333_ws/install/fra333_lab1_23/share/fra333_lab1_23/package.dsv
[2.037s] -- Symlinking: /home/ronnakon/FRA333-KINEMATICS/fra333_lab1_23/fra333_ws/install/fra333_lab1_23/share/ament_index/resource_index/packages/fra333_lab1_23
[2.044s] -- Symlinking: /home/ronnakon/FRA333-KINEMATICS/fra333_lab1_23/fra333_ws/install/fra333_lab1_23/share/fra333_lab1_23/cmake/fra333_lab1_23Config.cmake
[2.055s] -- Symlinking: /home/ronnakon/FRA333-KINEMATICS/fra333_lab1_23/fra333_ws/install/fra333_lab1_23/share/fra333_lab1_23/cmake/fra333_lab1_23Config-version.cmake
[2.066s] -- Symlinking: /home/ronnakon/FRA333-KINEMATICS/fra333_lab1_23/fra333_ws/install/fra333_lab1_23/share/fra333_lab1_23/package.xml
[2.099s] Listing '/home/ronnakon/FRA333-KINEMATICS/fra333_lab1_23/fra333_ws/install/fra333_lab1_23/lib/python3.8/site-packages/fra333_lab1_23'...
[2.099s] Compiling '/home/ronnakon/FRA333-KINEMATICS/fra333_lab1_23/fra333_ws/install/fra333_lab1_23/lib/python3.8/site-packages/fra333_lab1_23/__init__.py'...
[2.100s] Compiling '/home/ronnakon/FRA333-KINEMATICS/fra333_lab1_23/fra333_ws/install/fra333_lab1_23/lib/python3.8/site-packages/fra333_lab1_23/dummy_module.py'...
[2.106s] Invoked command in '/home/ronnakon/FRA333-KINEMATICS/fra333_lab1_23/fra333_ws/build/fra333_lab1_23' returned '0': CMAKE_PREFIX_PATH=/opt/ros/foxy /usr/bin/cmake --install /home/ronnakon/FRA333-KINEMATICS/fra333_lab1_23/fra333_ws/build/fra333_lab1_23
